2026-03-18 14:53:15,843 - AEMSOlogs - INFO - Working on simulations...
2026-03-18 14:53:54,214 - AEMSOlogs - INFO - RCWA eval:[362.  64. 367. 165. 187. 448.] | diff. eff.:0.24622921242950122
2026-03-18 14:53:54,347 - AEMSOlogs - INFO - RCWA eval:[210. 324. 366. 183. 155.  56.] | diff. eff.:0.33248200607149786
2026-03-18 14:53:54,442 - AEMSOlogs - INFO - RCWA eval:[239. 137. 275. 285. 322. 122.] | diff. eff.:0.484279571267444
2026-03-18 14:53:54,445 - AEMSOlogs - INFO - RCWA eval:[309. 375. 312. 247. 245. 386.] | diff. eff.:0.008888322533492766
2026-03-18 14:53:54,450 - AEMSOlogs - INFO - RCWA eval:[350. 287. 265. 129. 282. 260.] | diff. eff.:0.31869686463392694
2026-03-18 14:53:54,562 - AEMSOlogs - INFO - RCWA eval:[ 72. 364. 264. 224. 208. 226.] | diff. eff.:0.03931302772166269
2026-03-18 14:53:54,602 - AEMSOlogs - INFO - RCWA eval:[275. 197. 224. 210. 249. 138.] | diff. eff.:0.016244668158475802
2026-03-18 14:53:54,618 - AEMSOlogs - INFO - RCWA eval:[234. 232. 267. 122. 266. 285.] | diff. eff.:0.019345690772472394
2026-03-18 14:54:31,863 - AEMSOlogs - INFO - RCWA eval:[267. 190. 206. 325. 227. 201.] | diff. eff.:0.18452453794780302
2026-03-18 14:54:32,143 - AEMSOlogs - INFO - RCWA eval:[341. 220. 292. 338. 230. 346.] | diff. eff.:0.16509507997330167
2026-03-18 14:54:32,273 - AEMSOlogs - INFO - RCWA eval:[139. 361. 157. 194. 405. 132.] | diff. eff.:0.04735265172288449
2026-03-18 14:54:32,461 - AEMSOlogs - INFO - RCWA eval:[150.  51. 351. 139. 161. 226.] | diff. eff.:0.14841065010232687
2026-03-18 14:54:32,487 - AEMSOlogs - INFO - RCWA eval:[255. 329. 323. 118. 146. 285.] | diff. eff.:0.5852502609830763
2026-03-18 14:54:32,635 - AEMSOlogs - INFO - RCWA eval:[349. 227. 240. 153. 232. 218.] | diff. eff.:0.011151883275222561
2026-03-18 14:54:32,686 - AEMSOlogs - INFO - Iteration 1: Best Y = -0.5852502609830763 at x = [0.54638887 0.71914651 0.70520824 0.22868983 0.29411398 0.61593687]
2026-03-18 14:54:32,694 - AEMSOlogs - INFO - Working on simulations...
2026-03-18 14:55:10,878 - AEMSOlogs - INFO - RCWA eval:[223. 258. 440. 218. 230. 289.] | diff. eff.:0.06984374198569333
2026-03-18 14:55:11,013 - AEMSOlogs - INFO - RCWA eval:[246. 345. 449. 159. 265. 177.] | diff. eff.:0.23289376928287062
2026-03-18 14:55:11,051 - AEMSOlogs - INFO - RCWA eval:[252. 252. 277. 248. 250. 222.] | diff. eff.:0.028421341936235155
2026-03-18 14:55:11,065 - AEMSOlogs - INFO - RCWA eval:[146. 129. 420. 207. 260.  96.] | diff. eff.:0.06647453569590095
2026-03-18 14:55:11,067 - AEMSOlogs - INFO - RCWA eval:[201. 449. 227. 286. 340.  30.] | diff. eff.:0.45602908886842874
2026-03-18 14:55:11,091 - AEMSOlogs - INFO - RCWA eval:[195. 418. 409. 101. 295. 147.] | diff. eff.:0.0017889651073329915
2026-03-18 14:55:11,191 - AEMSOlogs - INFO - RCWA eval:[289. 148. 409. 155. 158. 290.] | diff. eff.:0.3308489659447585
2026-03-18 14:55:11,292 - AEMSOlogs - INFO - RCWA eval:[401. 219. 273.  58. 298. 377.] | diff. eff.:0.22161373931800665
2026-03-18 14:55:48,453 - AEMSOlogs - INFO - RCWA eval:[147. 245. 213. 214. 279. 325.] | diff. eff.:0.3108141402667705
2026-03-18 14:55:48,532 - AEMSOlogs - INFO - RCWA eval:[322. 223. 227. 206. 223. 200.] | diff. eff.:0.1795180125274418
2026-03-18 14:55:48,689 - AEMSOlogs - INFO - RCWA eval:[334. 200. 188. 258. 109. 182.] | diff. eff.:0.1891147538019278
2026-03-18 14:55:48,945 - AEMSOlogs - INFO - RCWA eval:[150. 393. 256. 274. 277. 121.] | diff. eff.:0.20770109186662725
2026-03-18 14:55:48,964 - AEMSOlogs - INFO - RCWA eval:[252. 261. 348. 132.  32. 445.] | diff. eff.:0.384776449710081
2026-03-18 14:55:49,018 - AEMSOlogs - INFO - RCWA eval:[158. 209. 322. 189. 175. 148.] | diff. eff.:0.22438251098716616
2026-03-18 14:55:49,034 - AEMSOlogs - INFO - Iteration 2: Best Y = -0.5852502609830763 at x = [0.54638887 0.71914651 0.70520824 0.22868983 0.29411398 0.61593687]
2026-03-18 14:55:49,038 - AEMSOlogs - INFO - Working on simulations...
2026-03-18 14:56:27,146 - AEMSOlogs - INFO - RCWA eval:[ 82. 361. 314. 272. 297. 127.] | diff. eff.:0.09143187231424348
2026-03-18 14:56:27,260 - AEMSOlogs - INFO - RCWA eval:[243. 314. 379. 163. 182. 280.] | diff. eff.:0.5018966451977428
2026-03-18 14:56:27,289 - AEMSOlogs - INFO - RCWA eval:[167. 340. 393. 337. 138. 180.] | diff. eff.:0.17663878823439758
2026-03-18 14:56:27,297 - AEMSOlogs - INFO - RCWA eval:[310. 444. 382. 222. 204. 147.] | diff. eff.:0.34037709061308985
2026-03-18 14:56:27,368 - AEMSOlogs - INFO - RCWA eval:[290. 434. 340. 276. 342.  44.] | diff. eff.:0.018480705960378308
2026-03-18 14:56:27,419 - AEMSOlogs - INFO - RCWA eval:[267. 445. 333. 319. 155.  75.] | diff. eff.:0.34053951728662174
2026-03-18 14:56:27,534 - AEMSOlogs - INFO - RCWA eval:[295. 246. 370. 154. 243. 227.] | diff. eff.:0.47085275018038864
2026-03-18 14:56:27,639 - AEMSOlogs - INFO - RCWA eval:[ 92. 449. 197.  47.  78. 320.] | diff. eff.:0.029273979194683625
2026-03-18 14:57:04,691 - AEMSOlogs - INFO - RCWA eval:[278. 354. 294.  80. 122. 320.] | diff. eff.:0.27489087592321126
2026-03-18 14:57:04,864 - AEMSOlogs - INFO - RCWA eval:[218. 122. 364. 318. 168. 269.] | diff. eff.:0.12664696154477517
2026-03-18 14:57:05,044 - AEMSOlogs - INFO - RCWA eval:[260. 346. 313. 129. 147. 360.] | diff. eff.:0.0886297227552082
2026-03-18 14:57:05,196 - AEMSOlogs - INFO - RCWA eval:[267. 274. 444. 173. 192. 202.] | diff. eff.:0.13084867729279884
2026-03-18 14:57:05,339 - AEMSOlogs - INFO - RCWA eval:[128. 135. 431. 199. 196. 215.] | diff. eff.:0.017400058401330548
2026-03-18 14:57:05,432 - AEMSOlogs - INFO - RCWA eval:[220. 442. 437. 134. 299. 206.] | diff. eff.:0.06202757147586051
2026-03-18 14:57:05,449 - AEMSOlogs - INFO - Iteration 3: Best Y = -0.5852502609830763 at x = [0.54638887 0.71914651 0.70520824 0.22868983 0.29411398 0.61593687]
2026-03-18 14:57:05,454 - AEMSOlogs - INFO - Working on simulations...
2026-03-18 14:57:43,563 - AEMSOlogs - INFO - RCWA eval:[346. 422. 449. 258. 193. 186.] | diff. eff.:0.29463880120527774
2026-03-18 14:57:43,650 - AEMSOlogs - INFO - RCWA eval:[220. 444. 311. 178. 276. 118.] | diff. eff.:0.047490996647641795
2026-03-18 14:57:43,699 - AEMSOlogs - INFO - RCWA eval:[324. 449. 218. 349. 227. 189.] | diff. eff.:0.11045771926711216
2026-03-18 14:57:43,736 - AEMSOlogs - INFO - RCWA eval:[259. 280. 392. 232. 122. 417.] | diff. eff.:0.09876578023393102
2026-03-18 14:57:43,779 - AEMSOlogs - INFO - RCWA eval:[161. 334. 424. 255. 114. 142.] | diff. eff.:0.043316164880801034
2026-03-18 14:57:43,853 - AEMSOlogs - INFO - RCWA eval:[257. 350. 232. 219. 242. 261.] | diff. eff.:0.25964132229765374
2026-03-18 14:57:43,906 - AEMSOlogs - INFO - RCWA eval:[330. 376. 397.  73. 163. 300.] | diff. eff.:0.4733071560377604
2026-03-18 14:57:44,035 - AEMSOlogs - INFO - RCWA eval:[377. 295. 283. 128. 187. 187.] | diff. eff.:0.05773145696868974
2026-03-18 14:58:21,107 - AEMSOlogs - INFO - RCWA eval:[109. 427. 317. 324. 169. 122.] | diff. eff.:0.32394707108227005
2026-03-18 14:58:21,240 - AEMSOlogs - INFO - RCWA eval:[232. 434. 228. 160. 233. 251.] | diff. eff.:0.0321937761659032
2026-03-18 14:58:21,418 - AEMSOlogs - INFO - RCWA eval:[252. 426. 388. 305. 238. 112.] | diff. eff.:0.02660467220271468
2026-03-18 14:58:21,552 - AEMSOlogs - INFO - RCWA eval:[310. 345. 363. 237. 220. 297.] | diff. eff.:0.849240725127982
2026-03-18 14:58:21,656 - AEMSOlogs - INFO - RCWA eval:[123. 449. 307. 177. 288. 210.] | diff. eff.:0.03924696798908446
2026-03-18 14:58:21,780 - AEMSOlogs - INFO - RCWA eval:[210. 449. 442. 230.  67. 305.] | diff. eff.:0.16123188954520912
2026-03-18 14:58:21,797 - AEMSOlogs - INFO - Iteration 4: Best Y = -0.849240725127982 at x = [0.67514699 0.75599219 0.79810179 0.50467011 0.46464342 0.64370481]
2026-03-18 14:58:21,802 - AEMSOlogs - INFO - Working on simulations...
2026-03-18 14:59:00,028 - AEMSOlogs - INFO - RCWA eval:[270. 378. 284. 282. 188. 391.] | diff. eff.:0.10717514509827988
2026-03-18 14:59:00,100 - AEMSOlogs - INFO - RCWA eval:[263. 365. 286. 304. 217. 266.] | diff. eff.:0.014454790467378378
2026-03-18 14:59:00,127 - AEMSOlogs - INFO - RCWA eval:[252. 362. 282. 321. 237. 281.] | diff. eff.:0.022279977307753607
2026-03-18 14:59:00,136 - AEMSOlogs - INFO - RCWA eval:[179. 445. 331. 196.  98. 156.] | diff. eff.:0.20406691885651798
2026-03-18 14:59:00,168 - AEMSOlogs - INFO - RCWA eval:[240. 243. 346.  91. 118. 221.] | diff. eff.:0.4324541101003666
2026-03-18 14:59:00,205 - AEMSOlogs - INFO - RCWA eval:[322. 414. 449. 230. 229. 238.] | diff. eff.:0.4013383762464003
2026-03-18 14:59:00,241 - AEMSOlogs - INFO - RCWA eval:[305. 444. 360. 188. 267. 297.] | diff. eff.:0.4774967848434465
2026-03-18 14:59:00,365 - AEMSOlogs - INFO - RCWA eval:[356. 198. 296. 254. 316. 249.] | diff. eff.:0.335667776486923
2026-03-18 14:59:37,483 - AEMSOlogs - INFO - RCWA eval:[275. 441. 405. 257. 285. 224.] | diff. eff.:0.10338393235805397
2026-03-18 14:59:37,721 - AEMSOlogs - INFO - RCWA eval:[259. 319. 353. 169. 161. 287.] | diff. eff.:0.6413441622494318
2026-03-18 14:59:37,836 - AEMSOlogs - INFO - RCWA eval:[385. 420. 415. 204. 259. 253.] | diff. eff.:0.29621981790959373
2026-03-18 14:59:37,972 - AEMSOlogs - INFO - RCWA eval:[284. 416. 402. 363. 262. 183.] | diff. eff.:0.19806508173274148
2026-03-18 14:59:38,133 - AEMSOlogs - INFO - RCWA eval:[300. 279. 349. 222. 153. 358.] | diff. eff.:0.1098488251001866
2026-03-18 14:59:38,251 - AEMSOlogs - INFO - RCWA eval:[239. 361. 259. 292. 308. 207.] | diff. eff.:0.14564061136657425
2026-03-18 14:59:38,267 - AEMSOlogs - INFO - Iteration 5: Best Y = -0.849240725127982 at x = [0.67514699 0.75599219 0.79810179 0.50467011 0.46464342 0.64370481]
2026-03-18 14:59:38,272 - AEMSOlogs - INFO - Working on simulations...
2026-03-18 15:00:16,533 - AEMSOlogs - INFO - RCWA eval:[258. 347. 305. 181. 174. 158.] | diff. eff.:0.3623825742961524
2026-03-18 15:00:16,534 - AEMSOlogs - INFO - RCWA eval:[368. 323. 417. 210. 172. 196.] | diff. eff.:0.04514599935742224
2026-03-18 15:00:16,576 - AEMSOlogs - INFO - RCWA eval:[355. 276. 353. 138. 170. 320.] | diff. eff.:0.20931846795057352
2026-03-18 15:00:16,576 - AEMSOlogs - INFO - RCWA eval:[270. 333. 276. 193. 161. 257.] | diff. eff.:0.25207416857181125
2026-03-18 15:00:16,645 - AEMSOlogs - INFO - RCWA eval:[343. 368. 415. 170. 173. 279.] | diff. eff.:0.5079530450318651
2026-03-18 15:00:16,658 - AEMSOlogs - INFO - RCWA eval:[266. 385. 332. 159. 200. 253.] | diff. eff.:0.2584507448508658
2026-03-18 15:00:16,729 - AEMSOlogs - INFO - RCWA eval:[313. 349. 392. 233. 205. 339.] | diff. eff.:0.558142222992064
2026-03-18 15:00:16,737 - AEMSOlogs - INFO - RCWA eval:[253. 308. 393. 231. 194. 213.] | diff. eff.:0.2545682084998839
2026-03-18 15:00:54,099 - AEMSOlogs - INFO - RCWA eval:[336. 260. 362.  89. 278. 252.] | diff. eff.:0.5541572209608293
2026-03-18 15:00:54,314 - AEMSOlogs - INFO - RCWA eval:[258. 285. 258. 236. 183. 261.] | diff. eff.:0.08962189238232082
2026-03-18 15:00:54,323 - AEMSOlogs - INFO - RCWA eval:[317. 381. 362. 193. 189. 292.] | diff. eff.:0.6118265762742686
2026-03-18 15:00:54,448 - AEMSOlogs - INFO - RCWA eval:[252. 448. 281. 257. 275. 283.] | diff. eff.:0.03418749125865157
2026-03-18 15:00:54,562 - AEMSOlogs - INFO - RCWA eval:[275. 336. 404.  94. 201. 411.] | diff. eff.:0.34326910391031684
2026-03-18 15:00:54,617 - AEMSOlogs - INFO - RCWA eval:[310. 403. 403.  36. 113. 334.] | diff. eff.:0.08048675853295316
2026-03-18 15:00:54,633 - AEMSOlogs - INFO - Iteration 6: Best Y = -0.849240725127982 at x = [0.67514699 0.75599219 0.79810179 0.50467011 0.46464342 0.64370481]
2026-03-18 15:00:54,638 - AEMSOlogs - INFO - Working on simulations...
2026-03-18 15:01:32,782 - AEMSOlogs - INFO - RCWA eval:[300. 426. 343. 180. 168. 309.] | diff. eff.:0.2566860368990169
2026-03-18 15:01:32,826 - AEMSOlogs - INFO - RCWA eval:[276. 348. 385. 124. 226. 386.] | diff. eff.:0.2659642569658231
2026-03-18 15:01:32,850 - AEMSOlogs - INFO - RCWA eval:[256. 251. 332. 171. 221. 266.] | diff. eff.:0.3753414299319518
2026-03-18 15:01:32,899 - AEMSOlogs - INFO - RCWA eval:[160. 286. 346. 275. 146. 181.] | diff. eff.:0.24183171799424888
2026-03-18 15:01:32,922 - AEMSOlogs - INFO - RCWA eval:[290. 378. 378. 194. 176. 294.] | diff. eff.:0.38054197413202334
2026-03-18 15:01:33,052 - AEMSOlogs - INFO - RCWA eval:[353. 399. 381. 134. 277. 261.] | diff. eff.:0.555312618385178
2026-03-18 15:01:33,066 - AEMSOlogs - INFO - RCWA eval:[251. 371. 394. 209.  64. 345.] | diff. eff.:0.22034196276090565
2026-03-18 15:01:33,191 - AEMSOlogs - INFO - RCWA eval:[309. 229. 424. 243. 313. 286.] | diff. eff.:0.20898667770991092
2026-03-18 15:02:10,337 - AEMSOlogs - INFO - RCWA eval:[286. 242. 361. 186. 255. 245.] | diff. eff.:0.4452611238108626
2026-03-18 15:02:10,419 - AEMSOlogs - INFO - RCWA eval:[306. 352. 309. 148. 178. 252.] | diff. eff.:0.4903366966870514
2026-03-18 15:02:10,455 - AEMSOlogs - INFO - RCWA eval:[204. 444. 392.  95. 160. 237.] | diff. eff.:0.10103186983477733
2026-03-18 15:02:10,819 - AEMSOlogs - INFO - RCWA eval:[408. 317. 449. 120. 314. 342.] | diff. eff.:0.12520716953642558
2026-03-18 15:02:10,914 - AEMSOlogs - INFO - RCWA eval:[295. 432. 244. 236. 234. 304.] | diff. eff.:0.2560850594243169
2026-03-18 15:02:11,059 - AEMSOlogs - INFO - RCWA eval:[405. 339. 389. 174. 223. 198.] | diff. eff.:0.3384671459520812
2026-03-18 15:02:11,075 - AEMSOlogs - INFO - Iteration 7: Best Y = -0.849240725127982 at x = [0.67514699 0.75599219 0.79810179 0.50467011 0.46464342 0.64370481]
2026-03-18 15:02:11,079 - AEMSOlogs - INFO - Working on simulations...
2026-03-18 15:02:49,230 - AEMSOlogs - INFO - RCWA eval:[329. 338. 381.  90. 283. 313.] | diff. eff.:0.6110655405296942
2026-03-18 15:02:49,309 - AEMSOlogs - INFO - RCWA eval:[203. 183. 379. 115. 197. 255.] | diff. eff.:0.08576578351968375
2026-03-18 15:02:49,321 - AEMSOlogs - INFO - RCWA eval:[362. 449. 304. 156. 288. 185.] | diff. eff.:0.1425418063345739
2026-03-18 15:02:49,402 - AEMSOlogs - INFO - RCWA eval:[274. 405. 362. 206. 177. 253.] | diff. eff.:0.38143023328976083
2026-03-18 15:02:49,463 - AEMSOlogs - INFO - RCWA eval:[278. 292. 346. 111. 272. 285.] | diff. eff.:0.3776164884598049
2026-03-18 15:02:49,520 - AEMSOlogs - INFO - RCWA eval:[344. 321. 365. 115. 187. 300.] | diff. eff.:0.663967166929917
2026-03-18 15:02:49,547 - AEMSOlogs - INFO - RCWA eval:[341. 392. 346. 193. 277. 233.] | diff. eff.:0.3531157451649368
2026-03-18 15:02:49,608 - AEMSOlogs - INFO - RCWA eval:[251. 310. 371. 151. 222. 235.] | diff. eff.:0.44510216040403705
2026-03-18 15:03:26,990 - AEMSOlogs - INFO - RCWA eval:[273. 309. 327. 166. 318. 229.] | diff. eff.:0.1274534489887718
2026-03-18 15:03:27,053 - AEMSOlogs - INFO - RCWA eval:[277. 344. 380. 163. 180. 237.] | diff. eff.:0.6934393453328179
2026-03-18 15:03:27,140 - AEMSOlogs - INFO - RCWA eval:[297. 410. 276. 110. 263. 273.] | diff. eff.:0.13128504587809145
2026-03-18 15:03:27,281 - AEMSOlogs - INFO - RCWA eval:[292. 385. 430. 188. 276. 190.] | diff. eff.:0.2329692779411263
2026-03-18 15:03:27,311 - AEMSOlogs - INFO - RCWA eval:[284. 376. 386.  86. 251. 217.] | diff. eff.:0.2989484873036926
2026-03-18 15:03:27,529 - AEMSOlogs - INFO - RCWA eval:[293. 396. 312. 138. 224. 224.] | diff. eff.:0.1454355350909381
2026-03-18 15:03:27,544 - AEMSOlogs - INFO - Iteration 8: Best Y = -0.849240725127982 at x = [0.67514699 0.75599219 0.79810179 0.50467011 0.46464342 0.64370481]
2026-03-18 15:03:27,549 - AEMSOlogs - INFO - Working on simulations...
2026-03-18 15:04:05,822 - AEMSOlogs - INFO - RCWA eval:[336. 380. 374. 229. 259. 189.] | diff. eff.:0.3036454722775618
2026-03-18 15:04:05,823 - AEMSOlogs - INFO - RCWA eval:[271. 373. 429. 167. 250. 292.] | diff. eff.:0.4763248353650779
2026-03-18 15:04:05,824 - AEMSOlogs - INFO - RCWA eval:[303. 319. 313. 161. 188. 302.] | diff. eff.:0.34088443611477004
2026-03-18 15:04:05,925 - AEMSOlogs - INFO - RCWA eval:[301. 346. 327.  68. 220. 254.] | diff. eff.:0.6705885286772635
2026-03-18 15:04:05,950 - AEMSOlogs - INFO - RCWA eval:[310. 316. 333. 104. 202. 266.] | diff. eff.:0.7076667603534972
2026-03-18 15:04:06,026 - AEMSOlogs - INFO - RCWA eval:[337. 314. 380.  89. 253. 303.] | diff. eff.:0.6701808375491866
2026-03-18 15:04:06,046 - AEMSOlogs - INFO - RCWA eval:[330. 382. 448. 142. 271. 248.] | diff. eff.:0.6583684411762247
2026-03-18 15:04:06,123 - AEMSOlogs - INFO - RCWA eval:[306. 288. 324.  88. 236. 312.] | diff. eff.:0.21887842359626844
2026-03-18 15:04:43,378 - AEMSOlogs - INFO - RCWA eval:[278. 383. 380.  96. 201. 180.] | diff. eff.:0.22457650960292025
2026-03-18 15:04:43,428 - AEMSOlogs - INFO - RCWA eval:[336. 246. 367.  97. 209. 230.] | diff. eff.:0.437372041614163
2026-03-18 15:04:43,633 - AEMSOlogs - INFO - RCWA eval:[328. 366. 384. 191. 226. 258.] | diff. eff.:0.432311187558646
2026-03-18 15:04:43,796 - AEMSOlogs - INFO - RCWA eval:[280. 391. 401. 145. 178. 302.] | diff. eff.:0.4665791356875292
2026-03-18 15:04:43,853 - AEMSOlogs - INFO - RCWA eval:[366. 334. 330.  96. 203. 322.] | diff. eff.:0.05001395651862189
2026-03-18 15:04:43,909 - AEMSOlogs - INFO - RCWA eval:[340. 276. 409.  90. 242. 321.] | diff. eff.:0.23258713025532005
2026-03-18 15:04:43,934 - AEMSOlogs - INFO - Iteration 9: Best Y = -0.849240725127982 at x = [0.67514699 0.75599219 0.79810179 0.50467011 0.46464342 0.64370481]
2026-03-18 15:04:43,939 - AEMSOlogs - INFO - Working on simulations...
2026-03-18 15:05:22,128 - AEMSOlogs - INFO - RCWA eval:[300. 261. 330. 166. 224. 293.] | diff. eff.:0.16672196751906587
2026-03-18 15:05:22,130 - AEMSOlogs - INFO - RCWA eval:[335. 283. 408.  72. 246. 330.] | diff. eff.:0.19145182641468786
2026-03-18 15:05:22,184 - AEMSOlogs - INFO - RCWA eval:[337. 375. 381.  93. 175. 303.] | diff. eff.:0.5648857780558724
2026-03-18 15:05:22,258 - AEMSOlogs - INFO - RCWA eval:[312. 310. 387. 131. 151. 300.] | diff. eff.:0.5646829413435407
2026-03-18 15:05:22,348 - AEMSOlogs - INFO - RCWA eval:[335. 360. 383. 123. 250. 339.] | diff. eff.:0.593551956465246
2026-03-18 15:05:22,350 - AEMSOlogs - INFO - RCWA eval:[261. 235. 318.  62. 144. 226.] | diff. eff.:0.41264579750910124
2026-03-18 15:05:22,431 - AEMSOlogs - INFO - RCWA eval:[325. 356. 378.  72. 186. 356.] | diff. eff.:0.2699740467889366
2026-03-18 15:05:22,523 - AEMSOlogs - INFO - RCWA eval:[351. 287. 353.  35. 269. 257.] | diff. eff.:0.465017216285962
2026-03-18 15:05:59,767 - AEMSOlogs - INFO - RCWA eval:[318. 395. 328. 132. 187. 162.] | diff. eff.:0.2193546586619023
2026-03-18 15:05:59,778 - AEMSOlogs - INFO - RCWA eval:[301. 296. 302.  71. 228. 263.] | diff. eff.:0.3216938111816052
2026-03-18 15:05:59,919 - AEMSOlogs - INFO - RCWA eval:[327. 295. 373.  34. 275. 287.] | diff. eff.:0.6922863708748201
2026-03-18 15:06:00,041 - AEMSOlogs - INFO - RCWA eval:[363. 382. 435. 170. 245. 297.] | diff. eff.:0.4453805888244579
2026-03-18 15:06:00,271 - AEMSOlogs - INFO - RCWA eval:[343. 315. 375.  36. 182. 278.] | diff. eff.:0.7017895178932549
2026-03-18 15:06:00,318 - AEMSOlogs - INFO - RCWA eval:[391. 341. 334. 172. 148. 270.] | diff. eff.:0.43122724903329657
2026-03-18 15:06:00,333 - AEMSOlogs - INFO - Iteration 10: Best Y = -0.849240725127982 at x = [0.67514699 0.75599219 0.79810179 0.50467011 0.46464342 0.64370481]
2026-03-18 15:06:00,337 - AEMSOlogs - INFO - Working on simulations...
2026-03-18 15:06:38,495 - AEMSOlogs - INFO - RCWA eval:[333. 358. 430.  38. 120. 389.] | diff. eff.:0.17720046017608487
2026-03-18 15:06:38,543 - AEMSOlogs - INFO - RCWA eval:[312. 307. 372.  89. 202. 390.] | diff. eff.:0.3700811486289993
2026-03-18 15:06:38,564 - AEMSOlogs - INFO - RCWA eval:[450. 308. 372.  35. 281. 268.] | diff. eff.:0.37242853574416923
2026-03-18 15:06:38,564 - AEMSOlogs - INFO - RCWA eval:[412. 302. 435.  86. 291. 290.] | diff. eff.:0.11455702157770384
2026-03-18 15:06:38,707 - AEMSOlogs - INFO - RCWA eval:[381. 291. 356.  26. 291. 320.] | diff. eff.:0.04746630176481485
2026-03-18 15:06:38,719 - AEMSOlogs - INFO - RCWA eval:[429. 369. 393.  33. 200. 265.] | diff. eff.:0.2287589339875768
2026-03-18 15:06:38,776 - AEMSOlogs - INFO - RCWA eval:[368. 336. 448.  67. 192. 341.] | diff. eff.:0.258429402529597
2026-03-18 15:06:38,783 - AEMSOlogs - INFO - RCWA eval:[406. 373. 386.  21. 158. 247.] | diff. eff.:0.14314191042561192
2026-03-18 15:07:16,028 - AEMSOlogs - INFO - RCWA eval:[298. 316. 383.  71. 267. 275.] | diff. eff.:0.6382841601296423
2026-03-18 15:07:16,049 - AEMSOlogs - INFO - RCWA eval:[341. 310. 390.  38. 248. 356.] | diff. eff.:0.19006906718549904
2026-03-18 15:07:16,363 - AEMSOlogs - INFO - RCWA eval:[381. 320. 406.  64. 189. 310.] | diff. eff.:0.21136890780190284
2026-03-18 15:07:16,509 - AEMSOlogs - INFO - RCWA eval:[360. 327. 362.  69. 310. 245.] | diff. eff.:0.017618338409896895
2026-03-18 15:07:16,587 - AEMSOlogs - INFO - RCWA eval:[381. 339. 400.  90. 247. 287.] | diff. eff.:0.3700837272341653
2026-03-18 15:07:16,607 - AEMSOlogs - INFO - RCWA eval:[324. 288. 342. 127. 145. 322.] | diff. eff.:0.2643597020155591
2026-03-18 15:07:16,623 - AEMSOlogs - INFO - Iteration 11: Best Y = -0.849240725127982 at x = [0.67514699 0.75599219 0.79810179 0.50467011 0.46464342 0.64370481]
2026-03-18 15:07:16,628 - AEMSOlogs - INFO - Working on simulations...
2026-03-18 15:07:54,802 - AEMSOlogs - INFO - RCWA eval:[352. 365. 436.  99. 237. 310.] | diff. eff.:0.5531189444040324
2026-03-18 15:07:54,834 - AEMSOlogs - INFO - RCWA eval:[388. 391. 447. 118. 275. 305.] | diff. eff.:0.42081179122618667
2026-03-18 15:07:55,015 - AEMSOlogs - INFO - RCWA eval:[336. 267. 393.  47. 302. 259.] | diff. eff.:0.3407906783578738
2026-03-18 15:07:55,025 - AEMSOlogs - INFO - RCWA eval:[306. 300. 384.  24. 251. 275.] | diff. eff.:0.6557925857142395
2026-03-18 15:07:55,072 - AEMSOlogs - INFO - RCWA eval:[263. 275. 332.  70. 263. 262.] | diff. eff.:0.3253042412519359
2026-03-18 15:07:55,091 - AEMSOlogs - INFO - RCWA eval:[375. 253. 331.  44. 334. 295.] | diff. eff.:0.12140529223790097
2026-03-18 15:07:55,100 - AEMSOlogs - INFO - RCWA eval:[361. 325. 436. 148. 175. 315.] | diff. eff.:0.2744955291253578
2026-03-18 15:07:55,155 - AEMSOlogs - INFO - RCWA eval:[214. 320. 323.  54. 273. 351.] | diff. eff.:0.030905198624219653
2026-03-18 15:08:32,403 - AEMSOlogs - INFO - RCWA eval:[298. 332. 291.  78. 319. 293.] | diff. eff.:0.0112323376949626
2026-03-18 15:08:32,606 - AEMSOlogs - INFO - RCWA eval:[395. 359. 366.  37. 273. 334.] | diff. eff.:0.38718775221336266
2026-03-18 15:08:32,743 - AEMSOlogs - INFO - RCWA eval:[381. 308. 385.  28. 273. 283.] | diff. eff.:0.1460171370975439
2026-03-18 15:08:32,823 - AEMSOlogs - INFO - RCWA eval:[345. 280. 381.  41. 249. 305.] | diff. eff.:0.48597579735976837
2026-03-18 15:08:32,943 - AEMSOlogs - INFO - RCWA eval:[425. 368. 433.  37. 326. 300.] | diff. eff.:0.3393755247588214
2026-03-18 15:08:32,973 - AEMSOlogs - INFO - RCWA eval:[403. 294. 409.  88. 276. 259.] | diff. eff.:0.08277821099530153
2026-03-18 15:08:32,989 - AEMSOlogs - INFO - Iteration 12: Best Y = -0.849240725127982 at x = [0.67514699 0.75599219 0.79810179 0.50467011 0.46464342 0.64370481]
2026-03-18 15:08:32,994 - AEMSOlogs - INFO - Working on simulations...
2026-03-18 15:09:11,113 - AEMSOlogs - INFO - RCWA eval:[379. 362. 441.  46. 207. 331.] | diff. eff.:0.2912086697038213
2026-03-18 15:09:11,199 - AEMSOlogs - INFO - RCWA eval:[372. 301. 387. 132. 193. 291.] | diff. eff.:0.16063753080311213
2026-03-18 15:09:11,227 - AEMSOlogs - INFO - RCWA eval:[302. 320. 447.  22. 325. 323.] | diff. eff.:0.08004723544632684
2026-03-18 15:09:11,256 - AEMSOlogs - INFO - RCWA eval:[406. 375. 444.  46. 234. 361.] | diff. eff.:0.13940548524073443
2026-03-18 15:09:11,364 - AEMSOlogs - INFO - RCWA eval:[371. 307. 430.  48. 355. 328.] | diff. eff.:0.06543511832003863
2026-03-18 15:09:11,386 - AEMSOlogs - INFO - RCWA eval:[365. 351. 394.  31. 203. 293.] | diff. eff.:0.40967970106138324
2026-03-18 15:09:11,421 - AEMSOlogs - INFO - RCWA eval:[324. 332. 387.  83. 283. 246.] | diff. eff.:0.5753192554290983
2026-03-18 15:09:11,529 - AEMSOlogs - INFO - RCWA eval:[353. 350. 351.  27. 207. 242.] | diff. eff.:0.4204297904906119
2026-03-18 15:09:48,652 - AEMSOlogs - INFO - RCWA eval:[369. 364. 403.  73. 263. 281.] | diff. eff.:0.303771646303429
2026-03-18 15:09:48,885 - AEMSOlogs - INFO - RCWA eval:[325. 189. 342.  20. 289. 308.] | diff. eff.:0.2065868928023075
2026-03-18 15:09:49,202 - AEMSOlogs - INFO - RCWA eval:[383. 358. 384.  24. 228. 266.] | diff. eff.:0.3845322831296019
2026-03-18 15:09:49,208 - AEMSOlogs - INFO - RCWA eval:[277. 274. 307.  62. 331. 269.] | diff. eff.:0.08930701405863904
2026-03-18 15:09:49,320 - AEMSOlogs - INFO - RCWA eval:[302. 329. 359.  36. 308. 300.] | diff. eff.:0.43902731813108187
2026-03-18 15:09:49,325 - AEMSOlogs - INFO - RCWA eval:[312. 352. 449.  24. 224. 346.] | diff. eff.:0.3268747096279163
2026-03-18 15:09:49,342 - AEMSOlogs - INFO - Iteration 13: Best Y = -0.849240725127982 at x = [0.67514699 0.75599219 0.79810179 0.50467011 0.46464342 0.64370481]
2026-03-18 15:09:49,347 - AEMSOlogs - INFO - Working on simulations...
2026-03-18 15:10:27,395 - AEMSOlogs - INFO - RCWA eval:[305. 337. 416.  36. 253. 332.] | diff. eff.:0.39726137992098964
2026-03-18 15:10:27,522 - AEMSOlogs - INFO - RCWA eval:[322. 320. 355.  39. 260. 283.] | diff. eff.:0.7939753520633615
2026-03-18 15:10:27,533 - AEMSOlogs - INFO - RCWA eval:[345. 327. 411.  46. 332. 305.] | diff. eff.:0.48127646208120073
2026-03-18 15:10:27,566 - AEMSOlogs - INFO - RCWA eval:[270. 311. 351.  21. 244. 256.] | diff. eff.:0.7035081330424989
2026-03-18 15:10:27,567 - AEMSOlogs - INFO - RCWA eval:[371. 282. 391.  20. 250. 257.] | diff. eff.:0.11980304764457708
2026-03-18 15:10:27,719 - AEMSOlogs - INFO - RCWA eval:[374. 335. 305.  83. 228. 238.] | diff. eff.:0.11752348057538219
2026-03-18 15:10:27,730 - AEMSOlogs - INFO - RCWA eval:[345. 409. 386.  98. 286. 299.] | diff. eff.:0.26241711526819633
2026-03-18 15:10:27,865 - AEMSOlogs - INFO - RCWA eval:[191. 300. 343.  56. 206. 222.] | diff. eff.:0.5343391711473244
2026-03-18 15:11:04,806 - AEMSOlogs - INFO - RCWA eval:[391. 313. 409.  24. 220. 250.] | diff. eff.:0.2329990683256999
2026-03-18 15:11:05,054 - AEMSOlogs - INFO - RCWA eval:[340. 349. 345. 105. 281. 211.] | diff. eff.:0.44443574499881316
2026-03-18 15:11:05,113 - AEMSOlogs - INFO - RCWA eval:[332. 346. 438.  21. 276. 304.] | diff. eff.:0.6648168293098534
2026-03-18 15:11:05,508 - AEMSOlogs - INFO - RCWA eval:[323. 319. 305.  72. 289. 227.] | diff. eff.:0.13822911599136758
2026-03-18 15:11:05,526 - AEMSOlogs - INFO - RCWA eval:[363. 439. 397. 180. 186. 309.] | diff. eff.:0.20034949881874084
2026-03-18 15:11:05,602 - AEMSOlogs - INFO - RCWA eval:[353. 307. 281.  34. 280. 167.] | diff. eff.:0.21057773589119597
2026-03-18 15:11:05,618 - AEMSOlogs - INFO - Iteration 14: Best Y = -0.849240725127982 at x = [0.67514699 0.75599219 0.79810179 0.50467011 0.46464342 0.64370481]
2026-03-18 15:11:05,623 - AEMSOlogs - INFO - Working on simulations...
2026-03-18 15:11:43,782 - AEMSOlogs - INFO - RCWA eval:[319. 348. 335.  20. 240. 344.] | diff. eff.:0.2257197016743323
2026-03-18 15:11:43,797 - AEMSOlogs - INFO - RCWA eval:[331. 349. 425.  38. 260. 244.] | diff. eff.:0.6761994360899048
2026-03-18 15:11:43,897 - AEMSOlogs - INFO - RCWA eval:[326. 321. 377.  91. 322. 258.] | diff. eff.:0.14754154433552916
2026-03-18 15:11:43,929 - AEMSOlogs - INFO - RCWA eval:[200. 335. 380.  51. 185. 246.] | diff. eff.:0.34475809483601927
2026-03-18 15:11:43,942 - AEMSOlogs - INFO - RCWA eval:[284. 305. 388.  20. 268. 302.] | diff. eff.:0.3808553486781667
2026-03-18 15:11:44,017 - AEMSOlogs - INFO - RCWA eval:[360. 294. 438.  53. 289. 308.] | diff. eff.:0.11529212445034442
2026-03-18 15:11:44,051 - AEMSOlogs - INFO - RCWA eval:[316. 288. 349. 113. 339. 198.] | diff. eff.:0.15613875168369995
2026-03-18 15:11:44,195 - AEMSOlogs - INFO - RCWA eval:[295. 319. 279.  95. 282. 209.] | diff. eff.:0.1283213983548984
2026-03-18 15:12:21,220 - AEMSOlogs - INFO - RCWA eval:[235. 379. 371. 131. 236. 268.] | diff. eff.:0.340188265350243
2026-03-18 15:12:21,388 - AEMSOlogs - INFO - RCWA eval:[294. 405. 440.  23. 273. 310.] | diff. eff.:0.13294451273307056
2026-03-18 15:12:21,570 - AEMSOlogs - INFO - RCWA eval:[343. 312. 319.  38. 326. 293.] | diff. eff.:0.027626804448904547
2026-03-18 15:12:21,834 - AEMSOlogs - INFO - RCWA eval:[335. 341. 346.  25. 242. 273.] | diff. eff.:0.6480751766287365
2026-03-18 15:12:21,989 - AEMSOlogs - INFO - RCWA eval:[258. 310. 357.  20. 294. 306.] | diff. eff.:0.17286366018104432
2026-03-18 15:12:22,068 - AEMSOlogs - INFO - RCWA eval:[210. 361. 378.  20. 276. 208.] | diff. eff.:0.28886140162238194
2026-03-18 15:12:22,084 - AEMSOlogs - INFO - Iteration 15: Best Y = -0.849240725127982 at x = [0.67514699 0.75599219 0.79810179 0.50467011 0.46464342 0.64370481]
2026-03-18 15:12:22,089 - AEMSOlogs - INFO - Working on simulations...
2026-03-18 15:13:00,187 - AEMSOlogs - INFO - RCWA eval:[245. 320. 405.  20. 304. 204.] | diff. eff.:0.088226075345816
2026-03-18 15:13:00,269 - AEMSOlogs - INFO - RCWA eval:[244. 322. 447.  60. 328. 224.] | diff. eff.:0.019749360132851765
2026-03-18 15:13:00,302 - AEMSOlogs - INFO - RCWA eval:[365. 287. 342.  74. 268. 376.] | diff. eff.:0.003775279450275263
2026-03-18 15:13:00,321 - AEMSOlogs - INFO - RCWA eval:[212. 406. 341.  35. 269. 227.] | diff. eff.:0.1100284263265699
2026-03-18 15:13:00,435 - AEMSOlogs - INFO - RCWA eval:[352. 350. 385.  28. 244. 325.] | diff. eff.:0.43351440142853503
2026-03-18 15:13:00,509 - AEMSOlogs - INFO - RCWA eval:[338. 320. 415.  21. 327. 285.] | diff. eff.:0.41252923493339516
2026-03-18 15:13:00,566 - AEMSOlogs - INFO - RCWA eval:[357. 326. 427.  22. 256. 248.] | diff. eff.:0.23788539245843074
2026-03-18 15:13:00,585 - AEMSOlogs - INFO - RCWA eval:[180. 264. 365. 105. 194. 228.] | diff. eff.:0.25381928402989967
2026-03-18 15:13:37,713 - AEMSOlogs - INFO - RCWA eval:[334. 322. 412.  32. 279. 257.] | diff. eff.:0.534814060679992
2026-03-18 15:13:37,814 - AEMSOlogs - INFO - RCWA eval:[364. 372. 441.  21. 228. 373.] | diff. eff.:0.13567169930904596
2026-03-18 15:13:38,076 - AEMSOlogs - INFO - RCWA eval:[313. 399. 412.  33. 224. 275.] | diff. eff.:0.38438436536327536
2026-03-18 15:13:38,381 - AEMSOlogs - INFO - RCWA eval:[259. 321. 345.  21. 221. 218.] | diff. eff.:0.6323516754210214
2026-03-18 15:13:38,421 - AEMSOlogs - INFO - RCWA eval:[267. 358. 429.  59. 205. 281.] | diff. eff.:0.5222174484576483
2026-03-18 15:13:38,485 - AEMSOlogs - INFO - RCWA eval:[253. 247. 382.  25. 262. 319.] | diff. eff.:0.09160313639048266
2026-03-18 15:13:38,502 - AEMSOlogs - INFO - Iteration 16: Best Y = -0.849240725127982 at x = [0.67514699 0.75599219 0.79810179 0.50467011 0.46464342 0.64370481]
2026-03-18 15:13:38,507 - AEMSOlogs - INFO - Working on simulations...
2026-03-18 15:14:16,705 - AEMSOlogs - INFO - RCWA eval:[303. 289. 414.  20. 323. 314.] | diff. eff.:0.07408576506913372
2026-03-18 15:14:16,798 - AEMSOlogs - INFO - RCWA eval:[280. 270. 375. 110. 236. 236.] | diff. eff.:0.4193277383468698
2026-03-18 15:14:16,801 - AEMSOlogs - INFO - RCWA eval:[277. 338. 386.  29. 283. 246.] | diff. eff.:0.4275914809548831
2026-03-18 15:14:16,845 - AEMSOlogs - INFO - RCWA eval:[233. 296. 364.  25. 213. 180.] | diff. eff.:0.44936928500390677
2026-03-18 15:14:16,897 - AEMSOlogs - INFO - RCWA eval:[218. 326. 380.  20. 224. 286.] | diff. eff.:0.3879925663856468
2026-03-18 15:14:16,994 - AEMSOlogs - INFO - RCWA eval:[301. 403. 442.  31. 276. 308.] | diff. eff.:0.17655239289639948
2026-03-18 15:14:16,994 - AEMSOlogs - INFO - RCWA eval:[368. 383. 412.  36. 308. 256.] | diff. eff.:0.09090915718816073
2026-03-18 15:14:17,059 - AEMSOlogs - INFO - RCWA eval:[250. 277. 387.  25. 238. 316.] | diff. eff.:0.07712195409814897
2026-03-18 15:14:54,384 - AEMSOlogs - INFO - RCWA eval:[328. 361. 423.  37. 227. 239.] | diff. eff.:0.5450673740286389
2026-03-18 15:14:54,443 - AEMSOlogs - INFO - RCWA eval:[252. 345. 364. 127. 272. 220.] | diff. eff.:0.4893882209603925
2026-03-18 15:14:54,656 - AEMSOlogs - INFO - RCWA eval:[373. 315. 416.  25. 257. 314.] | diff. eff.:0.11875638274884999
2026-03-18 15:14:54,825 - AEMSOlogs - INFO - RCWA eval:[318. 229. 407.  56. 255. 335.] | diff. eff.:0.24447014516361515
2026-03-18 15:14:54,900 - AEMSOlogs - INFO - RCWA eval:[273. 285. 394.  63. 273. 318.] | diff. eff.:0.1282103259956864
2026-03-18 15:14:55,010 - AEMSOlogs - INFO - RCWA eval:[229. 353. 328.  46. 223. 218.] | diff. eff.:0.4261403122529783
2026-03-18 15:14:55,027 - AEMSOlogs - INFO - Iteration 17: Best Y = -0.849240725127982 at x = [0.67514699 0.75599219 0.79810179 0.50467011 0.46464342 0.64370481]
2026-03-18 15:14:55,031 - AEMSOlogs - INFO - Working on simulations...
2026-03-18 15:15:33,307 - AEMSOlogs - INFO - RCWA eval:[307. 322. 375.  80. 322. 267.] | diff. eff.:0.24720681616547796
2026-03-18 15:15:33,315 - AEMSOlogs - INFO - RCWA eval:[313. 307. 406.  50. 215. 241.] | diff. eff.:0.6346231203064245
2026-03-18 15:15:33,435 - AEMSOlogs - INFO - RCWA eval:[263. 367. 430.  20. 212. 169.] | diff. eff.:0.10515723535275502
2026-03-18 15:15:33,452 - AEMSOlogs - INFO - RCWA eval:[237. 288. 324.  46. 283. 209.] | diff. eff.:0.16545059118271616
2026-03-18 15:15:33,471 - AEMSOlogs - INFO - RCWA eval:[268. 313. 373.  69. 238. 235.] | diff. eff.:0.47992982829571373
2026-03-18 15:15:33,539 - AEMSOlogs - INFO - RCWA eval:[292. 380. 416.  95. 206. 211.] | diff. eff.:0.15336615670228712
2026-03-18 15:15:33,542 - AEMSOlogs - INFO - RCWA eval:[280. 377. 400.  52. 239. 255.] | diff. eff.:0.30517360473956195
2026-03-18 15:15:33,626 - AEMSOlogs - INFO - RCWA eval:[215. 294. 386.  20. 239. 248.] | diff. eff.:0.325856090823292
2026-03-18 15:16:10,748 - AEMSOlogs - INFO - RCWA eval:[269. 332. 438.  71. 247. 271.] | diff. eff.:0.5268597523419553
2026-03-18 15:16:10,982 - AEMSOlogs - INFO - RCWA eval:[284. 382. 382. 101. 260. 199.] | diff. eff.:0.2565647105268898
2026-03-18 15:16:11,179 - AEMSOlogs - INFO - RCWA eval:[299. 301. 366.  23. 233. 194.] | diff. eff.:0.6593538331364578
2026-03-18 15:16:11,378 - AEMSOlogs - INFO - RCWA eval:[310. 341. 371.  28. 227. 196.] | diff. eff.:0.7834806143910692
2026-03-18 15:16:11,480 - AEMSOlogs - INFO - RCWA eval:[279. 325. 387.  20. 270. 257.] | diff. eff.:0.4696163165903393
2026-03-18 15:16:11,559 - AEMSOlogs - INFO - RCWA eval:[258. 377. 349.  89. 215. 200.] | diff. eff.:0.300030173001229
2026-03-18 15:16:11,576 - AEMSOlogs - INFO - Iteration 18: Best Y = -0.849240725127982 at x = [0.67514699 0.75599219 0.79810179 0.50467011 0.46464342 0.64370481]
2026-03-18 15:16:11,581 - AEMSOlogs - INFO - Working on simulations...
2026-03-18 15:16:49,862 - AEMSOlogs - INFO - RCWA eval:[261. 335. 387.  48. 227. 149.] | diff. eff.:0.3378532218147104
2026-03-18 15:16:49,890 - AEMSOlogs - INFO - RCWA eval:[313. 313. 354. 106. 184. 151.] | diff. eff.:0.7215998137592505
2026-03-18 15:16:49,925 - AEMSOlogs - INFO - RCWA eval:[313. 323. 316.  43. 239. 157.] | diff. eff.:0.42412029381400873
2026-03-18 15:16:50,008 - AEMSOlogs - INFO - RCWA eval:[269. 267. 373.  20. 217. 210.] | diff. eff.:0.3733519010777295
2026-03-18 15:16:50,052 - AEMSOlogs - INFO - RCWA eval:[294. 266. 340.  20. 217. 154.] | diff. eff.:0.553592774542636
2026-03-18 15:16:50,113 - AEMSOlogs - INFO - RCWA eval:[208. 293. 374.  68. 202. 138.] | diff. eff.:0.3145961029772219
2026-03-18 15:16:50,138 - AEMSOlogs - INFO - RCWA eval:[269. 285. 368.  53. 188. 212.] | diff. eff.:0.5151961809745662
2026-03-18 15:16:50,211 - AEMSOlogs - INFO - RCWA eval:[254. 234. 344.  71. 217. 169.] | diff. eff.:0.38325803286012683
2026-03-18 15:17:27,390 - AEMSOlogs - INFO - RCWA eval:[319. 354. 433.  46. 203. 221.] | diff. eff.:0.5556842117069565
2026-03-18 15:17:27,494 - AEMSOlogs - INFO - RCWA eval:[258. 307. 392.  63. 234. 244.] | diff. eff.:0.3059887392569251
2026-03-18 15:17:27,768 - AEMSOlogs - INFO - RCWA eval:[310. 329. 392.  27. 210. 246.] | diff. eff.:0.8042914840317902
2026-03-18 15:17:28,003 - AEMSOlogs - INFO - RCWA eval:[299. 325. 340.  20. 265. 256.] | diff. eff.:0.6338581877533219
2026-03-18 15:17:28,037 - AEMSOlogs - INFO - RCWA eval:[300. 334. 391.  64. 212. 250.] | diff. eff.:0.7884330089800402
2026-03-18 15:17:28,128 - AEMSOlogs - INFO - RCWA eval:[294. 351. 366.  31. 241. 210.] | diff. eff.:0.7316735246054847
2026-03-18 15:17:28,145 - AEMSOlogs - INFO - Iteration 19: Best Y = -0.849240725127982 at x = [0.67514699 0.75599219 0.79810179 0.50467011 0.46464342 0.64370481]
2026-03-18 15:17:28,150 - AEMSOlogs - INFO - Working on simulations...
2026-03-18 15:18:06,359 - AEMSOlogs - INFO - RCWA eval:[350. 335. 404.  32. 253. 269.] | diff. eff.:0.5013044374258261
2026-03-18 15:18:06,489 - AEMSOlogs - INFO - RCWA eval:[308. 301. 400.  26. 259. 277.] | diff. eff.:0.5823861071638144
2026-03-18 15:18:06,549 - AEMSOlogs - INFO - RCWA eval:[324. 317. 349.  31. 201. 204.] | diff. eff.:0.7194963857641714
2026-03-18 15:18:06,552 - AEMSOlogs - INFO - RCWA eval:[203. 293. 365.  23. 181. 224.] | diff. eff.:0.4307951275390172
2026-03-18 15:18:06,552 - AEMSOlogs - INFO - RCWA eval:[337. 321. 377.  69. 238. 258.] | diff. eff.:0.7941968366818728
2026-03-18 15:18:06,674 - AEMSOlogs - INFO - RCWA eval:[296. 296. 374.  53. 266. 206.] | diff. eff.:0.5745813531580992
2026-03-18 15:18:06,718 - AEMSOlogs - INFO - RCWA eval:[222. 395. 351.  49. 239. 218.] | diff. eff.:0.22958037374185478
2026-03-18 15:18:06,725 - AEMSOlogs - INFO - RCWA eval:[281. 371. 375.  22. 197. 255.] | diff. eff.:0.4517973051885906
2026-03-18 15:18:44,282 - AEMSOlogs - INFO - RCWA eval:[316. 343. 357.  20. 191. 248.] | diff. eff.:0.826812003413386
2026-03-18 15:18:44,284 - AEMSOlogs - INFO - RCWA eval:[273. 314. 362.  36. 244. 256.] | diff. eff.:0.6526038819708875
2026-03-18 15:18:44,358 - AEMSOlogs - INFO - RCWA eval:[332. 310. 370.  65. 199. 255.] | diff. eff.:0.7914366631463639
2026-03-18 15:18:44,597 - AEMSOlogs - INFO - RCWA eval:[348. 338. 395.  63. 232. 220.] | diff. eff.:0.4537674272268611
2026-03-18 15:18:44,613 - AEMSOlogs - INFO - RCWA eval:[322. 324. 368.  39. 201. 273.] | diff. eff.:0.9047030506498064
2026-03-18 15:18:44,696 - AEMSOlogs - INFO - RCWA eval:[345. 317. 345. 113. 216. 274.] | diff. eff.:0.5794427540457913
2026-03-18 15:18:44,722 - AEMSOlogs - INFO - Iteration 20: Best Y = -0.9047030506498064 at x = [0.70219277 0.70744456 0.80905334 0.04510214 0.42053494 0.58951076]
2026-03-18 15:18:44,727 - AEMSOlogs - INFO - Working on simulations...
2026-03-18 15:19:22,895 - AEMSOlogs - INFO - RCWA eval:[349. 284. 390. 111. 230. 273.] | diff. eff.:0.13866925765561616
2026-03-18 15:19:22,921 - AEMSOlogs - INFO - RCWA eval:[290. 319. 393.  20. 152. 262.] | diff. eff.:0.667588047147689
2026-03-18 15:19:23,021 - AEMSOlogs - INFO - RCWA eval:[343. 338. 353.  36. 248. 273.] | diff. eff.:0.6850492834495348
2026-03-18 15:19:23,113 - AEMSOlogs - INFO - RCWA eval:[385. 344. 395.  35. 233. 292.] | diff. eff.:0.502088126730309
2026-03-18 15:19:23,136 - AEMSOlogs - INFO - RCWA eval:[351. 365. 367.  25. 185. 249.] | diff. eff.:0.4062864078157317
2026-03-18 15:19:23,255 - AEMSOlogs - INFO - RCWA eval:[331. 354. 402.  53. 159. 305.] | diff. eff.:0.6911908662686048
2026-03-18 15:19:23,317 - AEMSOlogs - INFO - RCWA eval:[366. 287. 368.  21. 160. 261.] | diff. eff.:0.17992387255108924
2026-03-18 15:19:23,371 - AEMSOlogs - INFO - RCWA eval:[287. 353. 361.  37. 166. 197.] | diff. eff.:0.6599269149589648
2026-03-18 15:20:00,466 - AEMSOlogs - INFO - RCWA eval:[335. 342. 368.  42. 182. 262.] | diff. eff.:0.8063936878598827
2026-03-18 15:20:00,748 - AEMSOlogs - INFO - RCWA eval:[286. 280. 307.  85. 217. 253.] | diff. eff.:0.38910751122620885
2026-03-18 15:20:00,841 - AEMSOlogs - INFO - RCWA eval:[309. 284. 348.  61. 176. 247.] | diff. eff.:0.5222477952289055
2026-03-18 15:20:01,165 - AEMSOlogs - INFO - RCWA eval:[330. 311. 345.  79. 148. 193.] | diff. eff.:0.6231875202853916
2026-03-18 15:20:01,171 - AEMSOlogs - INFO - RCWA eval:[302. 321. 344.  40. 196. 234.] | diff. eff.:0.8261191646034921
2026-03-18 15:20:01,244 - AEMSOlogs - INFO - RCWA eval:[310. 357. 382.  47. 200. 263.] | diff. eff.:0.7672931652416307
2026-03-18 15:20:01,260 - AEMSOlogs - INFO - Iteration 21: Best Y = -0.9047030506498064 at x = [0.70219277 0.70744456 0.80905334 0.04510214 0.42053494 0.58951076]
2026-03-18 15:20:01,265 - AEMSOlogs - INFO - Working on simulations...
2026-03-18 15:20:39,605 - AEMSOlogs - INFO - RCWA eval:[361. 309. 314.  80. 154. 275.] | diff. eff.:0.12806240154405288
2026-03-18 15:20:39,630 - AEMSOlogs - INFO - RCWA eval:[266. 344. 390.  79. 195. 292.] | diff. eff.:0.7272241063214397
2026-03-18 15:20:39,638 - AEMSOlogs - INFO - RCWA eval:[375. 350. 424.  22. 204. 358.] | diff. eff.:0.1883169114168352
2026-03-18 15:20:39,674 - AEMSOlogs - INFO - RCWA eval:[285. 336. 367.  29. 190. 262.] | diff. eff.:0.8210087951526975
2026-03-18 15:20:39,701 - AEMSOlogs - INFO - RCWA eval:[313. 337. 346. 156. 158. 244.] | diff. eff.:0.805393488794824
2026-03-18 15:20:39,796 - AEMSOlogs - INFO - RCWA eval:[363. 356. 406.  62. 259. 237.] | diff. eff.:0.3539450430957947
2026-03-18 15:20:39,800 - AEMSOlogs - INFO - RCWA eval:[342. 290. 351. 103. 204. 174.] | diff. eff.:0.5121561304345424
2026-03-18 15:20:39,822 - AEMSOlogs - INFO - RCWA eval:[306. 416. 423.  34. 204. 313.] | diff. eff.:0.1910663983725532
2026-03-18 15:21:17,303 - AEMSOlogs - INFO - RCWA eval:[334. 316. 350.  45. 122. 289.] | diff. eff.:0.6806027651945173
2026-03-18 15:21:17,346 - AEMSOlogs - INFO - RCWA eval:[354. 359. 387.  21. 159. 239.] | diff. eff.:0.35268017541193886
2026-03-18 15:21:17,495 - AEMSOlogs - INFO - RCWA eval:[344. 392. 353.  21. 162. 145.] | diff. eff.:0.266802331149243
2026-03-18 15:21:17,705 - AEMSOlogs - INFO - RCWA eval:[308. 363. 386.  30. 188. 330.] | diff. eff.:0.5168695651899234
2026-03-18 15:21:17,740 - AEMSOlogs - INFO - RCWA eval:[304. 377. 373.  27. 186. 261.] | diff. eff.:0.5179526371399881
2026-03-18 15:21:17,810 - AEMSOlogs - INFO - RCWA eval:[362. 365. 376.  20. 238. 282.] | diff. eff.:0.44398892011893815
2026-03-18 15:21:17,826 - AEMSOlogs - INFO - Iteration 22: Best Y = -0.9047030506498064 at x = [0.70219277 0.70744456 0.80905334 0.04510214 0.42053494 0.58951076]
2026-03-18 15:21:17,831 - AEMSOlogs - INFO - Working on simulations...
2026-03-18 15:21:56,066 - AEMSOlogs - INFO - RCWA eval:[277. 350. 365. 130. 109. 254.] | diff. eff.:0.768209951285761
2026-03-18 15:21:56,078 - AEMSOlogs - INFO - RCWA eval:[296. 354. 370. 185. 251. 213.] | diff. eff.:0.6570107752783083
2026-03-18 15:21:56,170 - AEMSOlogs - INFO - RCWA eval:[297. 359. 334.  31. 169. 226.] | diff. eff.:0.39900835586204103
2026-03-18 15:21:56,232 - AEMSOlogs - INFO - RCWA eval:[283. 294. 358. 113. 180. 250.] | diff. eff.:0.721898895347349
2026-03-18 15:21:56,310 - AEMSOlogs - INFO - RCWA eval:[240. 292. 312.  86. 197. 240.] | diff. eff.:0.45380024128510466
2026-03-18 15:21:56,332 - AEMSOlogs - INFO - RCWA eval:[254. 306. 339.  58. 187. 282.] | diff. eff.:0.6007592868715096
2026-03-18 15:21:56,403 - AEMSOlogs - INFO - RCWA eval:[316. 298. 346.  70. 239. 200.] | diff. eff.:0.6373751002263146
2026-03-18 15:21:56,419 - AEMSOlogs - INFO - RCWA eval:[374. 324. 379.  20. 230. 290.] | diff. eff.:0.2678816871180207
2026-03-18 15:22:33,547 - AEMSOlogs - INFO - RCWA eval:[319. 329. 392.  97. 189. 236.] | diff. eff.:0.6970680616686983
2026-03-18 15:22:33,690 - AEMSOlogs - INFO - RCWA eval:[323. 329. 371.  34. 144. 327.] | diff. eff.:0.4813293533646723
2026-03-18 15:22:34,059 - AEMSOlogs - INFO - RCWA eval:[290. 327. 393.  72. 201. 253.] | diff. eff.:0.6885354930456674
2026-03-18 15:22:34,143 - AEMSOlogs - INFO - RCWA eval:[315. 371. 399.  60. 214. 310.] | diff. eff.:0.507404559605319
2026-03-18 15:22:34,302 - AEMSOlogs - INFO - RCWA eval:[260. 301. 330. 107. 176. 285.] | diff. eff.:0.4787816091935291
2026-03-18 15:22:34,314 - AEMSOlogs - INFO - RCWA eval:[340. 329. 372.  35. 156. 290.] | diff. eff.:0.7526036011898948
2026-03-18 15:22:34,329 - AEMSOlogs - INFO - Iteration 23: Best Y = -0.9047030506498064 at x = [0.70219277 0.70744456 0.80905334 0.04510214 0.42053494 0.58951076]
2026-03-18 15:22:34,334 - AEMSOlogs - INFO - Working on simulations...
2026-03-18 15:23:12,511 - AEMSOlogs - INFO - RCWA eval:[296. 344. 384. 109. 192. 271.] | diff. eff.:0.8885802838719978
2026-03-18 15:23:12,563 - AEMSOlogs - INFO - RCWA eval:[339. 357. 396.  20. 164. 307.] | diff. eff.:0.6377444739133807
2026-03-18 15:23:12,593 - AEMSOlogs - INFO - RCWA eval:[287. 302. 381.  78. 201. 291.] | diff. eff.:0.5316440069162286
2026-03-18 15:23:12,704 - AEMSOlogs - INFO - RCWA eval:[296. 341. 341. 135. 141. 275.] | diff. eff.:0.8526794737568387
2026-03-18 15:23:12,729 - AEMSOlogs - INFO - RCWA eval:[293. 334. 393.  34. 114. 258.] | diff. eff.:0.7790473918433626
2026-03-18 15:23:12,809 - AEMSOlogs - INFO - RCWA eval:[275. 305. 358.  27. 134. 233.] | diff. eff.:0.7592192527584779
2026-03-18 15:23:12,846 - AEMSOlogs - INFO - RCWA eval:[197. 353. 404. 149. 176. 217.] | diff. eff.:0.2786522269325215
2026-03-18 15:23:12,854 - AEMSOlogs - INFO - RCWA eval:[243. 330. 405. 114. 149. 276.] | diff. eff.:0.5531582759797251
2026-03-18 15:23:50,048 - AEMSOlogs - INFO - RCWA eval:[344. 358. 369.  32. 237. 283.] | diff. eff.:0.7050524907024663
2026-03-18 15:23:50,293 - AEMSOlogs - INFO - RCWA eval:[329. 347. 412.  99. 187. 285.] | diff. eff.:0.5330902675169557
2026-03-18 15:23:50,435 - AEMSOlogs - INFO - RCWA eval:[310. 335. 344. 137.  79. 280.] | diff. eff.:0.8553594412916433
2026-03-18 15:23:50,726 - AEMSOlogs - INFO - RCWA eval:[314. 355. 343.  50. 163. 269.] | diff. eff.:0.5608659202161199
2026-03-18 15:23:50,748 - AEMSOlogs - INFO - RCWA eval:[297. 322. 356.  40. 165. 278.] | diff. eff.:0.8942280005454601
2026-03-18 15:23:50,884 - AEMSOlogs - INFO - RCWA eval:[260. 375. 396. 140. 199. 195.] | diff. eff.:0.09116840715139461
2026-03-18 15:23:50,901 - AEMSOlogs - INFO - Iteration 24: Best Y = -0.9047030506498064 at x = [0.70219277 0.70744456 0.80905334 0.04510214 0.42053494 0.58951076]
2026-03-18 15:23:50,906 - AEMSOlogs - INFO - Working on simulations...
2026-03-18 15:24:29,072 - AEMSOlogs - INFO - RCWA eval:[318. 368. 399. 136. 112. 260.] | diff. eff.:0.4390407734409727
2026-03-18 15:24:29,144 - AEMSOlogs - INFO - RCWA eval:[350. 334. 350.  71. 187. 339.] | diff. eff.:0.2013483825962346
2026-03-18 15:24:29,164 - AEMSOlogs - INFO - RCWA eval:[310. 348. 345.  29. 152. 264.] | diff. eff.:0.7346564224700113
2026-03-18 15:24:29,225 - AEMSOlogs - INFO - RCWA eval:[293. 331. 360.  86. 151. 246.] | diff. eff.:0.8780979172138986
2026-03-18 15:24:29,298 - AEMSOlogs - INFO - RCWA eval:[320. 361. 421.  21. 198. 315.] | diff. eff.:0.5824563419711166
2026-03-18 15:24:29,399 - AEMSOlogs - INFO - RCWA eval:[312. 327. 353.  23. 233. 249.] | diff. eff.:0.8593029989529024
2026-03-18 15:24:29,401 - AEMSOlogs - INFO - RCWA eval:[358. 353. 385.  84. 192. 290.] | diff. eff.:0.3536921002826311
2026-03-18 15:24:29,440 - AEMSOlogs - INFO - RCWA eval:[306. 367. 363.  24. 149. 306.] | diff. eff.:0.6128611948065572
2026-03-18 15:25:06,614 - AEMSOlogs - INFO - RCWA eval:[295. 315. 347.  68. 170. 261.] | diff. eff.:0.8636258419029479
2026-03-18 15:25:06,676 - AEMSOlogs - INFO - RCWA eval:[317. 381. 356.  83. 119. 284.] | diff. eff.:0.5145694723074411
2026-03-18 15:25:06,954 - AEMSOlogs - INFO - RCWA eval:[297. 335. 378.  63. 136. 266.] | diff. eff.:0.8708822702786743
2026-03-18 15:25:07,272 - AEMSOlogs - INFO - RCWA eval:[288. 331. 366.  88. 189. 194.] | diff. eff.:0.7273394194676301
2026-03-18 15:25:07,355 - AEMSOlogs - INFO - RCWA eval:[351. 325. 349.  38. 182. 197.] | diff. eff.:0.4436022526109922
2026-03-18 15:25:07,385 - AEMSOlogs - INFO - RCWA eval:[249. 325. 362.  49. 110. 331.] | diff. eff.:0.24607746988927476
2026-03-18 15:25:07,400 - AEMSOlogs - INFO - Iteration 25: Best Y = -0.9047030506498064 at x = [0.70219277 0.70744456 0.80905334 0.04510214 0.42053494 0.58951076]
2026-03-18 15:25:07,405 - AEMSOlogs - INFO - Working on simulations...
2026-03-18 15:25:45,510 - AEMSOlogs - INFO - RCWA eval:[308. 362. 407.  44. 223. 232.] | diff. eff.:0.5159639916094882
2026-03-18 15:25:45,789 - AEMSOlogs - INFO - RCWA eval:[241. 318. 333.  86. 160. 231.] | diff. eff.:0.5936823622082884
2026-03-18 15:25:45,794 - AEMSOlogs - INFO - RCWA eval:[303. 296. 378.  33. 199. 251.] | diff. eff.:0.6606936922457789
2026-03-18 15:25:45,853 - AEMSOlogs - INFO - RCWA eval:[332. 319. 375.  35. 146. 293.] | diff. eff.:0.7378187358436261
2026-03-18 15:25:45,876 - AEMSOlogs - INFO - RCWA eval:[311. 303. 351.  47. 158. 209.] | diff. eff.:0.7121141525419635
2026-03-18 15:25:45,917 - AEMSOlogs - INFO - RCWA eval:[317. 349. 354.  65.  83. 331.] | diff. eff.:0.5263007160389246
2026-03-18 15:25:45,962 - AEMSOlogs - INFO - RCWA eval:[313. 315. 358.  20. 127. 283.] | diff. eff.:0.8605645963400206
2026-03-18 15:25:46,029 - AEMSOlogs - INFO - RCWA eval:[310. 304. 368.  20. 201. 244.] | diff. eff.:0.7877828580836053
2026-03-18 15:26:22,924 - AEMSOlogs - INFO - RCWA eval:[295. 302. 337. 145. 197. 247.] | diff. eff.:0.693851231501794
2026-03-18 15:26:23,520 - AEMSOlogs - INFO - RCWA eval:[333. 333. 358. 115. 150. 299.] | diff. eff.:0.7446754634693662
2026-03-18 15:26:23,552 - AEMSOlogs - INFO - RCWA eval:[330. 319. 363.  93. 170. 239.] | diff. eff.:0.7819990522404177
2026-03-18 15:26:23,793 - AEMSOlogs - INFO - RCWA eval:[341. 350. 406. 125. 235. 283.] | diff. eff.:0.8312053539130279
2026-03-18 15:26:23,808 - AEMSOlogs - INFO - RCWA eval:[250. 324. 363.  38. 136. 205.] | diff. eff.:0.6170629606774092
2026-03-18 15:26:24,005 - AEMSOlogs - INFO - RCWA eval:[276. 350. 415.  20. 184. 249.] | diff. eff.:0.6260277511705301
2026-03-18 15:26:24,020 - AEMSOlogs - INFO - Iteration 26: Best Y = -0.9047030506498064 at x = [0.70219277 0.70744456 0.80905334 0.04510214 0.42053494 0.58951076]
2026-03-18 15:26:24,025 - AEMSOlogs - INFO - Working on simulations...
2026-03-18 15:27:02,392 - AEMSOlogs - INFO - RCWA eval:[314. 302. 346.  48. 149. 308.] | diff. eff.:0.5414552740693477
2026-03-18 15:27:02,408 - AEMSOlogs - INFO - RCWA eval:[337. 363. 407. 147. 182. 288.] | diff. eff.:0.5784613436247609
2026-03-18 15:27:02,472 - AEMSOlogs - INFO - RCWA eval:[377. 309. 382. 139. 139. 270.] | diff. eff.:0.15182718327361597
2026-03-18 15:27:02,473 - AEMSOlogs - INFO - RCWA eval:[332. 317. 406.  49. 109. 269.] | diff. eff.:0.6537368429733822
2026-03-18 15:27:02,478 - AEMSOlogs - INFO - RCWA eval:[352. 333. 352.  25. 145. 234.] | diff. eff.:0.4596083069758191
2026-03-18 15:27:02,531 - AEMSOlogs - INFO - RCWA eval:[328. 342. 357. 137. 241. 242.] | diff. eff.:0.7736908036648628
2026-03-18 15:27:02,562 - AEMSOlogs - INFO - RCWA eval:[322. 346. 381. 130. 114. 294.] | diff. eff.:0.8228971730306966
2026-03-18 15:27:02,581 - AEMSOlogs - INFO - RCWA eval:[316. 317. 393.  61. 164. 308.] | diff. eff.:0.5591623432527042
2026-03-18 15:27:40,246 - AEMSOlogs - INFO - RCWA eval:[313. 365. 388.  22. 192. 272.] | diff. eff.:0.6265613753598087
2026-03-18 15:27:40,261 - AEMSOlogs - INFO - RCWA eval:[389. 305. 374. 184. 174. 286.] | diff. eff.:0.20623495692576013
2026-03-18 15:27:40,283 - AEMSOlogs - INFO - RCWA eval:[364. 339. 380.  40. 173. 325.] | diff. eff.:0.1704555679145441
2026-03-18 15:27:40,548 - AEMSOlogs - INFO - RCWA eval:[356. 275. 383.  79. 165. 267.] | diff. eff.:0.2557590919093424
2026-03-18 15:27:40,574 - AEMSOlogs - INFO - RCWA eval:[310. 326. 361.  24. 116. 254.] | diff. eff.:0.9029238621821647
2026-03-18 15:27:40,607 - AEMSOlogs - INFO - RCWA eval:[265. 365. 377. 118. 174. 265.] | diff. eff.:0.48632104954218847
2026-03-18 15:27:40,626 - AEMSOlogs - INFO - Iteration 27: Best Y = -0.9047030506498064 at x = [0.70219277 0.70744456 0.80905334 0.04510214 0.42053494 0.58951076]
2026-03-18 15:27:40,631 - AEMSOlogs - INFO - Working on simulations...
2026-03-18 15:28:18,889 - AEMSOlogs - INFO - RCWA eval:[308. 331. 357.  22. 133. 271.] | diff. eff.:0.9298756841278899
2026-03-18 15:28:18,900 - AEMSOlogs - INFO - RCWA eval:[330. 328. 393. 101. 187. 275.] | diff. eff.:0.577045463846241
2026-03-18 15:28:18,905 - AEMSOlogs - INFO - RCWA eval:[312. 353. 364.  50. 182. 255.] | diff. eff.:0.7754139563575103
2026-03-18 15:28:18,991 - AEMSOlogs - INFO - RCWA eval:[306. 319. 351.  73. 146. 206.] | diff. eff.:0.8102920087853551
2026-03-18 15:28:19,059 - AEMSOlogs - INFO - RCWA eval:[294. 306. 378. 110. 183. 257.] | diff. eff.:0.6758369951032095
2026-03-18 15:28:19,225 - AEMSOlogs - INFO - RCWA eval:[301. 308. 369.  23. 106. 245.] | diff. eff.:0.7662280252488173
2026-03-18 15:28:19,227 - AEMSOlogs - INFO - RCWA eval:[321. 356. 373.  67. 160. 295.] | diff. eff.:0.7948415669300817
2026-03-18 15:28:19,251 - AEMSOlogs - INFO - RCWA eval:[323. 318. 330.  23. 185. 211.] | diff. eff.:0.5837357222928867
2026-03-18 15:28:56,411 - AEMSOlogs - INFO - RCWA eval:[310. 334. 336.  73. 101. 262.] | diff. eff.:0.809596982451231
2026-03-18 15:28:56,487 - AEMSOlogs - INFO - RCWA eval:[278. 316. 363.  39. 116. 232.] | diff. eff.:0.7595995676132165
2026-03-18 15:28:56,763 - AEMSOlogs - INFO - RCWA eval:[301. 310. 355.  65. 114. 273.] | diff. eff.:0.8653510237468599
2026-03-18 15:28:57,047 - AEMSOlogs - INFO - RCWA eval:[307. 333. 343.  38. 134. 276.] | diff. eff.:0.8394342354212214
2026-03-18 15:28:57,077 - AEMSOlogs - INFO - RCWA eval:[334. 383. 397.  28. 154. 283.] | diff. eff.:0.46697060181149674
2026-03-18 15:28:57,113 - AEMSOlogs - INFO - RCWA eval:[325. 332. 388.  98. 158. 250.] | diff. eff.:0.7310679342030225
2026-03-18 15:28:57,129 - AEMSOlogs - INFO - Iteration 28: Best Y = -0.9298756841278899 at x = [0.66960908 0.7221487  0.78437411 0.00389488 0.26257541 0.58293363]
2026-03-18 15:28:57,133 - AEMSOlogs - INFO - Working on simulations...
2026-03-18 15:29:35,282 - AEMSOlogs - INFO - RCWA eval:[325. 323. 338.  35. 141. 217.] | diff. eff.:0.6473449662888088
2026-03-18 15:29:35,372 - AEMSOlogs - INFO - RCWA eval:[296. 331. 324.  71. 128. 240.] | diff. eff.:0.7487520108702949
2026-03-18 15:29:35,418 - AEMSOlogs - INFO - RCWA eval:[307. 323. 323.  72. 131. 256.] | diff. eff.:0.7123579500586267
2026-03-18 15:29:35,548 - AEMSOlogs - INFO - RCWA eval:[284. 315. 348.  84. 131. 270.] | diff. eff.:0.8117105637127203
2026-03-18 15:29:35,585 - AEMSOlogs - INFO - RCWA eval:[275. 381. 381.  21. 129. 323.] | diff. eff.:0.2514211238725893
2026-03-18 15:29:35,645 - AEMSOlogs - INFO - RCWA eval:[322. 338. 392.  52. 148. 251.] | diff. eff.:0.7962755013759443
2026-03-18 15:29:35,699 - AEMSOlogs - INFO - RCWA eval:[266. 295. 362.  72. 201. 247.] | diff. eff.:0.6767593822597234
2026-03-18 15:29:35,730 - AEMSOlogs - INFO - RCWA eval:[311. 316. 352.  29. 109. 312.] | diff. eff.:0.6433833815266079
2026-03-18 15:30:12,854 - AEMSOlogs - INFO - RCWA eval:[249. 319. 349. 131. 102. 226.] | diff. eff.:0.6452755026539474
2026-03-18 15:30:12,895 - AEMSOlogs - INFO - RCWA eval:[331. 302. 326.  20. 160. 217.] | diff. eff.:0.5071961605107834
2026-03-18 15:30:13,319 - AEMSOlogs - INFO - RCWA eval:[287. 310. 348.  25. 115. 205.] | diff. eff.:0.7843959755883548
2026-03-18 15:30:13,569 - AEMSOlogs - INFO - RCWA eval:[320. 316. 371.  39. 141. 280.] | diff. eff.:0.8321200494504339
2026-03-18 15:30:13,628 - AEMSOlogs - INFO - RCWA eval:[309. 308. 362.  77. 152. 186.] | diff. eff.:0.7356657599437896
2026-03-18 15:30:13,671 - AEMSOlogs - INFO - RCWA eval:[316. 336. 320.  21. 140. 286.] | diff. eff.:0.6328910049866976
2026-03-18 15:30:13,686 - AEMSOlogs - INFO - Iteration 29: Best Y = -0.9298756841278899 at x = [0.66960908 0.7221487  0.78437411 0.00389488 0.26257541 0.58293363]
2026-03-18 15:30:13,690 - AEMSOlogs - INFO - Working on simulations...
2026-03-18 15:30:51,867 - AEMSOlogs - INFO - RCWA eval:[303. 318. 355.  74.  84. 284.] | diff. eff.:0.8722221178508991
2026-03-18 15:30:51,972 - AEMSOlogs - INFO - RCWA eval:[291. 287. 340.  22. 143. 223.] | diff. eff.:0.6931143878370535
2026-03-18 15:30:51,996 - AEMSOlogs - INFO - RCWA eval:[297. 329. 351.  90.  94. 279.] | diff. eff.:0.9034594884000472
2026-03-18 15:30:52,010 - AEMSOlogs - INFO - RCWA eval:[306. 294. 355.  20. 148. 263.] | diff. eff.:0.7285663104126617
2026-03-18 15:30:52,163 - AEMSOlogs - INFO - RCWA eval:[289. 305. 363.  49. 140. 202.] | diff. eff.:0.6690408645400121
2026-03-18 15:30:52,176 - AEMSOlogs - INFO - RCWA eval:[282. 342. 368.  50. 146. 242.] | diff. eff.:0.7799098014480167
2026-03-18 15:30:52,212 - AEMSOlogs - INFO - RCWA eval:[316. 338. 377.  23. 205. 239.] | diff. eff.:0.8497059554237039
2026-03-18 15:30:52,282 - AEMSOlogs - INFO - RCWA eval:[285. 323. 372.  32. 132. 267.] | diff. eff.:0.7266845713553093
2026-03-18 15:31:29,461 - AEMSOlogs - INFO - RCWA eval:[283. 324. 344. 102. 121. 277.] | diff. eff.:0.8143196071110343
2026-03-18 15:31:29,548 - AEMSOlogs - INFO - RCWA eval:[337. 316. 379.  20. 209. 253.] | diff. eff.:0.7640396781771812
2026-03-18 15:31:29,944 - AEMSOlogs - INFO - RCWA eval:[280. 289. 345. 164.  81. 252.] | diff. eff.:0.622459985423725
2026-03-18 15:31:30,068 - AEMSOlogs - INFO - RCWA eval:[303. 324. 369.  20. 110. 254.] | diff. eff.:0.8858158689017102
2026-03-18 15:31:30,097 - AEMSOlogs - INFO - RCWA eval:[329. 326. 386.  33. 146. 250.] | diff. eff.:0.7715048176800612
2026-03-18 15:31:30,152 - AEMSOlogs - INFO - RCWA eval:[326. 352. 379.  71. 124. 258.] | diff. eff.:0.7602623018243145
2026-03-18 15:31:30,174 - AEMSOlogs - INFO - Iteration 30: Best Y = -0.9298756841278899 at x = [0.66960908 0.7221487  0.78437411 0.00389488 0.26257541 0.58293363]
2026-03-18 15:31:30,178 - AEMSOlogs - INFO - Working on simulations...
2026-03-18 15:32:08,506 - AEMSOlogs - INFO - RCWA eval:[297. 333. 361.  80.  89. 298.] | diff. eff.:0.819554716207012
2026-03-18 15:32:08,519 - AEMSOlogs - INFO - RCWA eval:[319. 315. 377.  21. 121. 272.] | diff. eff.:0.810205078586505
2026-03-18 15:32:08,550 - AEMSOlogs - INFO - RCWA eval:[297. 325. 367. 133.  75. 268.] | diff. eff.:0.8807500435096773
2026-03-18 15:32:08,586 - AEMSOlogs - INFO - RCWA eval:[277. 341. 354.  88. 127. 274.] | diff. eff.:0.8333355661138531
2026-03-18 15:32:08,602 - AEMSOlogs - INFO - RCWA eval:[334. 306. 350.  23. 142. 272.] | diff. eff.:0.6978427493566994
2026-03-18 15:32:08,698 - AEMSOlogs - INFO - RCWA eval:[327. 317. 357.  20. 174. 238.] | diff. eff.:0.7995716172954735
2026-03-18 15:32:08,760 - AEMSOlogs - INFO - RCWA eval:[295. 334. 383.  34. 182. 241.] | diff. eff.:0.7835454378134306
2026-03-18 15:32:08,791 - AEMSOlogs - INFO - RCWA eval:[306. 322. 373.  24. 124. 265.] | diff. eff.:0.8757612922529671
2026-03-18 15:32:46,232 - AEMSOlogs - INFO - RCWA eval:[305. 323. 373.  34. 134. 262.] | diff. eff.:0.8759951922371408
2026-03-18 15:32:46,246 - AEMSOlogs - INFO - RCWA eval:[305. 339. 357. 109. 108. 246.] | diff. eff.:0.8782162099040796
2026-03-18 15:32:46,288 - AEMSOlogs - INFO - RCWA eval:[287. 324. 382.  52.  90. 294.] | diff. eff.:0.6276817496624565
2026-03-18 15:32:46,616 - AEMSOlogs - INFO - RCWA eval:[317. 340. 389.  30. 115. 274.] | diff. eff.:0.8759380201597381
2026-03-18 15:32:46,620 - AEMSOlogs - INFO - RCWA eval:[328. 334. 372.  88. 134. 281.] | diff. eff.:0.8580752922324412
2026-03-18 15:32:46,757 - AEMSOlogs - INFO - RCWA eval:[270. 327. 334. 165.  54. 306.] | diff. eff.:0.5026996323946156
2026-03-18 15:32:46,772 - AEMSOlogs - INFO - Iteration 31: Best Y = -0.9298756841278899 at x = [0.66960908 0.7221487  0.78437411 0.00389488 0.26257541 0.58293363]
2026-03-18 15:32:46,777 - AEMSOlogs - INFO - Working on simulations...
2026-03-18 15:33:24,803 - AEMSOlogs - INFO - RCWA eval:[304. 336. 389.  42.  87. 260.] | diff. eff.:0.85551390443313
2026-03-18 15:33:25,009 - AEMSOlogs - INFO - RCWA eval:[320. 341. 364.  55. 119. 256.] | diff. eff.:0.8500285948903296
2026-03-18 15:33:25,045 - AEMSOlogs - INFO - RCWA eval:[280. 334. 371. 102. 120. 232.] | diff. eff.:0.7283471551928578
2026-03-18 15:33:25,072 - AEMSOlogs - INFO - RCWA eval:[314. 341. 369.  95. 107. 264.] | diff. eff.:0.9007559967453616
2026-03-18 15:33:25,133 - AEMSOlogs - INFO - RCWA eval:[284. 319. 355. 173.  40. 265.] | diff. eff.:0.8473603931792608
2026-03-18 15:33:25,137 - AEMSOlogs - INFO - RCWA eval:[291. 340. 351. 156.  74. 284.] | diff. eff.:0.879423314635493
2026-03-18 15:33:25,158 - AEMSOlogs - INFO - RCWA eval:[289. 340. 368.  95.  84. 273.] | diff. eff.:0.8967596745114028
2026-03-18 15:33:25,243 - AEMSOlogs - INFO - RCWA eval:[320. 331. 390.  28. 106. 255.] | diff. eff.:0.8146747175794785
2026-03-18 15:34:02,391 - AEMSOlogs - INFO - RCWA eval:[280. 328. 348.  60.  82. 284.] | diff. eff.:0.7333105145288055
2026-03-18 15:34:02,849 - AEMSOlogs - INFO - RCWA eval:[276. 337. 360. 115. 103. 266.] | diff. eff.:0.8328613785913217
2026-03-18 15:34:02,957 - AEMSOlogs - INFO - RCWA eval:[286. 335. 378.  68.  88. 264.] | diff. eff.:0.7970181048093974
2026-03-18 15:34:02,997 - AEMSOlogs - INFO - RCWA eval:[305. 334. 362.  42. 123. 280.] | diff. eff.:0.9360867455696706
2026-03-18 15:34:03,059 - AEMSOlogs - INFO - RCWA eval:[317. 328. 334.  45. 158. 251.] | diff. eff.:0.7182723869037386
2026-03-18 15:34:03,178 - AEMSOlogs - INFO - RCWA eval:[280. 322. 366. 104. 121. 252.] | diff. eff.:0.7562547904323321
2026-03-18 15:34:03,195 - AEMSOlogs - INFO - Iteration 32: Best Y = -0.9360867455696706 at x = [0.66208784 0.7306183  0.79551408 0.05113588 0.2385228  0.60567705]
2026-03-18 15:34:03,200 - AEMSOlogs - INFO - Working on simulations...
2026-03-18 15:34:41,262 - AEMSOlogs - INFO - RCWA eval:[305. 338. 371.  20. 144. 274.] | diff. eff.:0.9369236946991971
2026-03-18 15:34:41,516 - AEMSOlogs - INFO - RCWA eval:[319. 330. 358.  82.  87. 277.] | diff. eff.:0.8879640654273612
2026-03-18 15:34:41,554 - AEMSOlogs - INFO - RCWA eval:[305. 332. 370.  20. 120. 274.] | diff. eff.:0.9220777969260514
2026-03-18 15:34:41,558 - AEMSOlogs - INFO - RCWA eval:[309. 351. 371.  23. 159. 274.] | diff. eff.:0.8798507336363568
2026-03-18 15:34:41,592 - AEMSOlogs - INFO - RCWA eval:[282. 350. 368.  94. 112. 252.] | diff. eff.:0.7905351836611003
2026-03-18 15:34:41,641 - AEMSOlogs - INFO - RCWA eval:[289. 332. 376.  22.  84. 286.] | diff. eff.:0.7705909953339936
2026-03-18 15:34:41,735 - AEMSOlogs - INFO - RCWA eval:[290. 327. 351. 137.  58. 276.] | diff. eff.:0.8910577737357989
2026-03-18 15:34:41,816 - AEMSOlogs - INFO - RCWA eval:[295. 333. 370.  34. 104. 270.] | diff. eff.:0.8892046127201683
2026-03-18 15:35:19,014 - AEMSOlogs - INFO - RCWA eval:[304. 328. 370.  55. 146. 260.] | diff. eff.:0.8976309040074941
2026-03-18 15:35:19,222 - AEMSOlogs - INFO - RCWA eval:[327. 330. 381.  22. 131. 278.] | diff. eff.:0.8391803580027464
2026-03-18 15:35:19,273 - AEMSOlogs - INFO - RCWA eval:[321. 343. 385.  42. 106. 273.] | diff. eff.:0.8684627437149306
2026-03-18 15:35:19,308 - AEMSOlogs - INFO - RCWA eval:[309. 335. 348.  33. 106. 262.] | diff. eff.:0.8682895114756418
2026-03-18 15:35:19,641 - AEMSOlogs - INFO - RCWA eval:[292. 320. 350.  43.  91. 272.] | diff. eff.:0.8657382353047675
2026-03-18 15:35:19,661 - AEMSOlogs - INFO - RCWA eval:[306. 336. 362.  79. 131. 258.] | diff. eff.:0.9186717455025232
2026-03-18 15:35:19,677 - AEMSOlogs - INFO - Iteration 33: Best Y = -0.9369236946991971 at x = [0.66286064 0.74065501 0.8168958  0.0010476  0.2883923  0.5907253 ]
2026-03-18 15:35:19,681 - AEMSOlogs - INFO - Working on simulations...
2026-03-18 15:35:57,705 - AEMSOlogs - INFO - RCWA eval:[301. 339. 360. 102. 124. 278.] | diff. eff.:0.9392650253812677
2026-03-18 15:35:57,877 - AEMSOlogs - INFO - RCWA eval:[313. 339. 353.  25. 104. 274.] | diff. eff.:0.8743179118080076
2026-03-18 15:35:57,893 - AEMSOlogs - INFO - RCWA eval:[299. 334. 345.  74. 102. 261.] | diff. eff.:0.8904543961823949
2026-03-18 15:35:57,954 - AEMSOlogs - INFO - RCWA eval:[310. 320. 365.  20. 158. 255.] | diff. eff.:0.8924418190180654
2026-03-18 15:35:58,025 - AEMSOlogs - INFO - RCWA eval:[298. 328. 375.  24. 158. 258.] | diff. eff.:0.855627951303931
2026-03-18 15:35:58,038 - AEMSOlogs - INFO - RCWA eval:[293. 340. 376.  53. 106. 263.] | diff. eff.:0.8729676082669662
2026-03-18 15:35:58,167 - AEMSOlogs - INFO - RCWA eval:[293. 345. 390.  63.  71. 292.] | diff. eff.:0.8151635317072181
2026-03-18 15:35:58,210 - AEMSOlogs - INFO - RCWA eval:[299. 350. 366.  68. 119. 270.] | diff. eff.:0.8753643848282316
2026-03-18 15:36:35,481 - AEMSOlogs - INFO - RCWA eval:[318. 351. 362. 162. 108. 275.] | diff. eff.:0.8020169069160219
2026-03-18 15:36:35,505 - AEMSOlogs - INFO - RCWA eval:[281. 330. 356. 157.  87. 277.] | diff. eff.:0.8527442924162377
2026-03-18 15:36:35,555 - AEMSOlogs - INFO - RCWA eval:[306. 322. 361.  20. 156. 274.] | diff. eff.:0.9204026442490004
2026-03-18 15:36:35,776 - AEMSOlogs - INFO - RCWA eval:[295. 341. 357.  68. 100. 246.] | diff. eff.:0.8815000876087048
2026-03-18 15:36:35,961 - AEMSOlogs - INFO - RCWA eval:[313. 335. 358.  22. 110. 270.] | diff. eff.:0.9134842159420014
2026-03-18 15:36:36,122 - AEMSOlogs - INFO - RCWA eval:[301. 350. 367.  98.  69. 268.] | diff. eff.:0.8605610715602403
2026-03-18 15:36:36,141 - AEMSOlogs - INFO - Iteration 34: Best Y = -0.9392650253812677 at x = [0.65309423 0.74077496 0.79020592 0.19184446 0.24169505 0.6001954 ]
2026-03-18 15:36:36,146 - AEMSOlogs - INFO - Working on simulations...
2026-03-18 15:37:14,300 - AEMSOlogs - INFO - RCWA eval:[295. 345. 371.  26. 126. 264.] | diff. eff.:0.9000055336470497
2026-03-18 15:37:14,318 - AEMSOlogs - INFO - RCWA eval:[291. 327. 362.  72. 110. 258.] | diff. eff.:0.8759158541697085
2026-03-18 15:37:14,431 - AEMSOlogs - INFO - RCWA eval:[294. 322. 349.  93.  94. 271.] | diff. eff.:0.8937190430519274
2026-03-18 15:37:14,502 - AEMSOlogs - INFO - RCWA eval:[310. 328. 365. 100.  98. 273.] | diff. eff.:0.9170386749709899
2026-03-18 15:37:14,502 - AEMSOlogs - INFO - RCWA eval:[309. 339. 354.  76. 112. 273.] | diff. eff.:0.9032931455006632
2026-03-18 15:37:14,650 - AEMSOlogs - INFO - RCWA eval:[308. 350. 363. 126.  89. 300.] | diff. eff.:0.815467021373702
2026-03-18 15:37:14,653 - AEMSOlogs - INFO - RCWA eval:[304. 335. 353.  76. 134. 271.] | diff. eff.:0.9210271246215026
2026-03-18 15:37:14,733 - AEMSOlogs - INFO - RCWA eval:[305. 330. 352.  68. 114. 266.] | diff. eff.:0.9159902889224965
2026-03-18 15:37:51,857 - AEMSOlogs - INFO - RCWA eval:[307. 324. 363.  76. 130. 280.] | diff. eff.:0.9102039404266903
2026-03-18 15:37:52,156 - AEMSOlogs - INFO - RCWA eval:[301. 328. 351.  46. 122. 290.] | diff. eff.:0.8503849893557056
2026-03-18 15:37:52,241 - AEMSOlogs - INFO - RCWA eval:[303. 328. 350.  44. 131. 262.] | diff. eff.:0.90525686470376
2026-03-18 15:37:52,497 - AEMSOlogs - INFO - RCWA eval:[303. 336. 361.  32. 120. 262.] | diff. eff.:0.9291642886626836
2026-03-18 15:37:52,564 - AEMSOlogs - INFO - RCWA eval:[288. 336. 353.  59. 141. 269.] | diff. eff.:0.8856062029325721
2026-03-18 15:37:52,695 - AEMSOlogs - INFO - RCWA eval:[306. 332. 370.  23. 169. 276.] | diff. eff.:0.9316875299988172
2026-03-18 15:37:52,711 - AEMSOlogs - INFO - Iteration 35: Best Y = -0.9392650253812677 at x = [0.65309423 0.74077496 0.79020592 0.19184446 0.24169505 0.6001954 ]
2026-03-18 15:37:52,716 - AEMSOlogs - INFO - Working on simulations...
2026-03-18 15:38:31,003 - AEMSOlogs - INFO - RCWA eval:[294. 338. 362.  86. 132. 274.] | diff. eff.:0.9277094914733064
2026-03-18 15:38:31,025 - AEMSOlogs - INFO - RCWA eval:[303. 336. 356.  55. 110. 273.] | diff. eff.:0.9315149414554009
2026-03-18 15:38:31,076 - AEMSOlogs - INFO - RCWA eval:[300. 335. 365.  31. 173. 272.] | diff. eff.:0.9382431053048417
2026-03-18 15:38:31,102 - AEMSOlogs - INFO - RCWA eval:[298. 332. 365.  50. 137. 263.] | diff. eff.:0.9137430851972212
2026-03-18 15:38:31,112 - AEMSOlogs - INFO - RCWA eval:[306. 341. 365.  33. 151. 272.] | diff. eff.:0.9421964511612266
2026-03-18 15:38:31,200 - AEMSOlogs - INFO - RCWA eval:[299. 343. 382.  23. 152. 261.] | diff. eff.:0.8779261043122515
2026-03-18 15:38:31,229 - AEMSOlogs - INFO - RCWA eval:[310. 333. 351.  42. 155. 267.] | diff. eff.:0.8897372527313847
2026-03-18 15:38:31,295 - AEMSOlogs - INFO - RCWA eval:[302. 338. 363.  78. 100. 254.] | diff. eff.:0.9078524922897845
2026-03-18 15:39:08,675 - AEMSOlogs - INFO - RCWA eval:[306. 342. 369.  56. 132. 277.] | diff. eff.:0.9392457403117068
2026-03-18 15:39:08,780 - AEMSOlogs - INFO - RCWA eval:[311. 332. 362. 107. 106. 266.] | diff. eff.:0.9198372175331601
2026-03-18 15:39:08,833 - AEMSOlogs - INFO - RCWA eval:[304. 335. 350.  44. 119. 270.] | diff. eff.:0.9010396484958961
2026-03-18 15:39:09,134 - AEMSOlogs - INFO - RCWA eval:[301. 326. 369.  48. 131. 278.] | diff. eff.:0.8897848598760366
2026-03-18 15:39:09,156 - AEMSOlogs - INFO - RCWA eval:[303. 342. 375.  33. 131. 275.] | diff. eff.:0.9271518566736563
2026-03-18 15:39:09,287 - AEMSOlogs - INFO - RCWA eval:[313. 338. 352.  25. 133. 259.] | diff. eff.:0.8545426816636991
2026-03-18 15:39:09,304 - AEMSOlogs - INFO - Iteration 36: Best Y = -0.9421964511612266 at x = [0.66530017 0.74625421 0.80237026 0.03034774 0.30377737 0.58655155]
2026-03-18 15:39:09,308 - AEMSOlogs - INFO - Working on simulations...
2026-03-18 15:39:47,528 - AEMSOlogs - INFO - RCWA eval:[301. 338. 362.  98. 117. 260.] | diff. eff.:0.9230090696079823
2026-03-18 15:39:47,574 - AEMSOlogs - INFO - RCWA eval:[309. 346. 379.  31. 135. 275.] | diff. eff.:0.9108217444954374
2026-03-18 15:39:47,648 - AEMSOlogs - INFO - RCWA eval:[301. 331. 362.  46. 150. 261.] | diff. eff.:0.9254966270930995
2026-03-18 15:39:47,664 - AEMSOlogs - INFO - RCWA eval:[311. 342. 376.  20. 176. 286.] | diff. eff.:0.9312406717377599
2026-03-18 15:39:47,697 - AEMSOlogs - INFO - RCWA eval:[307. 348. 368.  82. 136. 277.] | diff. eff.:0.9098268983966071
2026-03-18 15:39:47,796 - AEMSOlogs - INFO - RCWA eval:[305. 332. 361.  32. 166. 266.] | diff. eff.:0.9393170445657617
2026-03-18 15:39:47,891 - AEMSOlogs - INFO - RCWA eval:[315. 333. 353.  23. 139. 265.] | diff. eff.:0.8775353454621888
2026-03-18 15:39:47,909 - AEMSOlogs - INFO - RCWA eval:[309. 336. 361.  34. 132. 277.] | diff. eff.:0.9372767380860928
2026-03-18 15:40:25,143 - AEMSOlogs - INFO - RCWA eval:[301. 331. 370.  82. 147. 284.] | diff. eff.:0.8967780824813241
2026-03-18 15:40:25,307 - AEMSOlogs - INFO - RCWA eval:[299. 353. 364.  49. 152. 272.] | diff. eff.:0.8330551866106719
2026-03-18 15:40:25,405 - AEMSOlogs - INFO - RCWA eval:[300. 330. 357.  51. 135. 269.] | diff. eff.:0.9316410696956984
2026-03-18 15:40:25,667 - AEMSOlogs - INFO - RCWA eval:[305. 340. 376.  22. 155. 272.] | diff. eff.:0.9272466579196778
2026-03-18 15:40:25,784 - AEMSOlogs - INFO - RCWA eval:[299. 336. 361.  95. 117. 258.] | diff. eff.:0.9193125241831906
2026-03-18 15:40:25,850 - AEMSOlogs - INFO - RCWA eval:[306. 334. 371.  21. 134. 278.] | diff. eff.:0.9262773197857818
2026-03-18 15:40:25,866 - AEMSOlogs - INFO - Iteration 37: Best Y = -0.9421964511612266 at x = [0.66530017 0.74625421 0.80237026 0.03034774 0.30377737 0.58655155]
2026-03-18 15:40:25,870 - AEMSOlogs - INFO - Working on simulations...
2026-03-18 15:41:04,169 - AEMSOlogs - INFO - RCWA eval:[297. 331. 358.  67. 136. 267.] | diff. eff.:0.9264889424218322
2026-03-18 15:41:04,230 - AEMSOlogs - INFO - RCWA eval:[305. 332. 352.  20. 169. 276.] | diff. eff.:0.905715567616356
2026-03-18 15:41:04,296 - AEMSOlogs - INFO - RCWA eval:[306. 333. 360.  24. 141. 286.] | diff. eff.:0.9189095522722459
2026-03-18 15:41:04,345 - AEMSOlogs - INFO - RCWA eval:[305. 338. 357.  60. 127. 265.] | diff. eff.:0.923466687381672
2026-03-18 15:41:04,354 - AEMSOlogs - INFO - RCWA eval:[307. 327. 353.  98. 135. 281.] | diff. eff.:0.9009914414563694
2026-03-18 15:41:04,431 - AEMSOlogs - INFO - RCWA eval:[302. 343. 368.  32. 168. 283.] | diff. eff.:0.9407690050389534
2026-03-18 15:41:04,491 - AEMSOlogs - INFO - RCWA eval:[310. 337. 370.  20. 159. 279.] | diff. eff.:0.9412935677530695
2026-03-18 15:41:04,557 - AEMSOlogs - INFO - RCWA eval:[311. 345. 374.  20. 158. 275.] | diff. eff.:0.9265030269295093
2026-03-18 15:41:41,831 - AEMSOlogs - INFO - RCWA eval:[306. 335. 362.  61. 151. 271.] | diff. eff.:0.9438396001541365
2026-03-18 15:41:42,136 - AEMSOlogs - INFO - RCWA eval:[312. 342. 370.  21. 161. 277.] | diff. eff.:0.9387014792558882
2026-03-18 15:41:42,290 - AEMSOlogs - INFO - RCWA eval:[304. 346. 370.  24. 164. 271.] | diff. eff.:0.9280010563179691
2026-03-18 15:41:42,512 - AEMSOlogs - INFO - RCWA eval:[307. 331. 364.  55. 150. 273.] | diff. eff.:0.9391663767271637
2026-03-18 15:41:42,517 - AEMSOlogs - INFO - RCWA eval:[306. 333. 363.  25. 171. 281.] | diff. eff.:0.9410551935569137
2026-03-18 15:41:43,226 - AEMSOlogs - INFO - RCWA eval:[309. 329. 365.  31. 128. 269.] | diff. eff.:0.9277432263667199
2026-03-18 15:41:43,245 - AEMSOlogs - INFO - Iteration 38: Best Y = -0.9438396001541365 at x = [0.66616276 0.73177432 0.79590573 0.0957755  0.30431833 0.5834159 ]
2026-03-18 15:41:43,251 - AEMSOlogs - INFO - Working on simulations...
2026-03-18 15:42:22,157 - AEMSOlogs - INFO - RCWA eval:[301. 330. 355.  91. 130. 280.] | diff. eff.:0.91880222083105
2026-03-18 15:42:22,261 - AEMSOlogs - INFO - RCWA eval:[303. 340. 353.  93. 158. 285.] | diff. eff.:0.8884219850614279
2026-03-18 15:42:22,366 - AEMSOlogs - INFO - RCWA eval:[309. 337. 356.  30. 159. 275.] | diff. eff.:0.9192977787723402
2026-03-18 15:42:22,437 - AEMSOlogs - INFO - RCWA eval:[304. 325. 370.  24. 157. 264.] | diff. eff.:0.8983830457967157
2026-03-18 15:42:22,439 - AEMSOlogs - INFO - RCWA eval:[308. 340. 369.  50. 166. 287.] | diff. eff.:0.9342243783018094
2026-03-18 15:42:22,486 - AEMSOlogs - INFO - RCWA eval:[310. 335. 360.  35. 149. 263.] | diff. eff.:0.9235572785284757
2026-03-18 15:42:22,594 - AEMSOlogs - INFO - RCWA eval:[312. 339. 370.  45. 153. 280.] | diff. eff.:0.9382762780826756
2026-03-18 15:42:22,594 - AEMSOlogs - INFO - RCWA eval:[308. 333. 362.  83. 160. 279.] | diff. eff.:0.9413646209285771
2026-03-18 15:43:00,239 - AEMSOlogs - INFO - RCWA eval:[304. 339. 367.  34. 157. 277.] | diff. eff.:0.9470741877529334
2026-03-18 15:43:00,491 - AEMSOlogs - INFO - RCWA eval:[309. 328. 363.  24. 171. 275.] | diff. eff.:0.9372787677955899
2026-03-18 15:43:00,680 - AEMSOlogs - INFO - RCWA eval:[310. 340. 370.  28. 174. 283.] | diff. eff.:0.94448202481182
2026-03-18 15:43:00,806 - AEMSOlogs - INFO - RCWA eval:[308. 337. 359.  37. 142. 284.] | diff. eff.:0.9226341574474507
2026-03-18 15:43:00,857 - AEMSOlogs - INFO - RCWA eval:[302. 336. 351.  95. 115. 281.] | diff. eff.:0.9020875802632593
2026-03-18 15:43:00,942 - AEMSOlogs - INFO - RCWA eval:[309. 344. 366.  74. 154. 287.] | diff. eff.:0.9239521368828988
2026-03-18 15:43:00,959 - AEMSOlogs - INFO - Iteration 39: Best Y = -0.9470741877529334 at x = [0.66076524 0.74099432 0.80708769 0.03304789 0.31865272 0.5978111 ]
2026-03-18 15:43:00,963 - AEMSOlogs - INFO - Working on simulations...
2026-03-18 15:43:39,277 - AEMSOlogs - INFO - RCWA eval:[310. 331. 368.  45. 140. 274.] | diff. eff.:0.9291775549610565
2026-03-18 15:43:39,379 - AEMSOlogs - INFO - RCWA eval:[312. 338. 373.  35. 155. 280.] | diff. eff.:0.9332752261503495
2026-03-18 15:43:39,442 - AEMSOlogs - INFO - RCWA eval:[305. 332. 363.  28. 181. 277.] | diff. eff.:0.9445753031191705
2026-03-18 15:43:39,507 - AEMSOlogs - INFO - RCWA eval:[310. 332. 368.  28. 183. 276.] | diff. eff.:0.942216178481837
2026-03-18 15:43:39,624 - AEMSOlogs - INFO - RCWA eval:[307. 340. 370.  31. 163. 289.] | diff. eff.:0.9243964885844262
2026-03-18 15:43:39,698 - AEMSOlogs - INFO - RCWA eval:[308. 345. 365.  32. 155. 286.] | diff. eff.:0.9202873770897949
2026-03-18 15:43:39,744 - AEMSOlogs - INFO - RCWA eval:[306. 332. 352.  25. 162. 265.] | diff. eff.:0.9070756339799415
2026-03-18 15:43:39,747 - AEMSOlogs - INFO - RCWA eval:[309. 340. 369.  28. 161. 280.] | diff. eff.:0.9452232862674328
2026-03-18 15:44:17,095 - AEMSOlogs - INFO - RCWA eval:[312. 334. 365.  51. 196. 281.] | diff. eff.:0.9465102146123375
2026-03-18 15:44:17,139 - AEMSOlogs - INFO - RCWA eval:[305. 335. 355.  60. 148. 277.] | diff. eff.:0.9245853090248545
2026-03-18 15:44:17,651 - AEMSOlogs - INFO - RCWA eval:[301. 341. 354.  55. 147. 263.] | diff. eff.:0.9058334186054114
2026-03-18 15:44:17,821 - AEMSOlogs - INFO - RCWA eval:[311. 334. 373.  20. 170. 282.] | diff. eff.:0.9271714221844057
2026-03-18 15:44:17,854 - AEMSOlogs - INFO - RCWA eval:[310. 350. 379.  29. 169. 284.] | diff. eff.:0.8996597443240582
2026-03-18 15:44:17,876 - AEMSOlogs - INFO - RCWA eval:[305. 337. 370.  52. 160. 279.] | diff. eff.:0.9399867439572203
2026-03-18 15:44:17,896 - AEMSOlogs - INFO - Iteration 40: Best Y = -0.9470741877529334 at x = [0.66076524 0.74099432 0.80708769 0.03304789 0.31865272 0.5978111 ]
2026-03-18 15:44:17,901 - AEMSOlogs - INFO - Working on simulations...
2026-03-18 15:44:56,146 - AEMSOlogs - INFO - RCWA eval:[308. 334. 370.  56. 162. 278.] | diff. eff.:0.9360639956280127
2026-03-18 15:44:56,192 - AEMSOlogs - INFO - RCWA eval:[306. 341. 368.  68. 157. 277.] | diff. eff.:0.946810666430969
2026-03-18 15:44:56,224 - AEMSOlogs - INFO - RCWA eval:[320. 335. 373.  46. 172. 281.] | diff. eff.:0.9158408262891777
2026-03-18 15:44:56,238 - AEMSOlogs - INFO - RCWA eval:[310. 338. 373.  64. 178. 284.] | diff. eff.:0.9365718324049807
2026-03-18 15:44:56,297 - AEMSOlogs - INFO - RCWA eval:[312. 335. 370.  32. 172. 276.] | diff. eff.:0.9405955691014108
2026-03-18 15:44:56,402 - AEMSOlogs - INFO - RCWA eval:[315. 329. 364.  33. 184. 284.] | diff. eff.:0.9228158583474387
2026-03-18 15:44:56,471 - AEMSOlogs - INFO - RCWA eval:[311. 347. 376.  22. 200. 291.] | diff. eff.:0.9206714582055309
2026-03-18 15:44:56,487 - AEMSOlogs - INFO - RCWA eval:[309. 342. 365.  71. 173. 292.] | diff. eff.:0.9122373890693739
2026-03-18 15:45:33,721 - AEMSOlogs - INFO - RCWA eval:[307. 330. 368.  21. 185. 277.] | diff. eff.:0.9348878091425523
2026-03-18 15:45:33,862 - AEMSOlogs - INFO - RCWA eval:[308. 328. 364.  58. 168. 273.] | diff. eff.:0.9356125414815643
2026-03-18 15:45:34,179 - AEMSOlogs - INFO - RCWA eval:[305. 339. 364.  25. 189. 282.] | diff. eff.:0.9482281159427776
2026-03-18 15:45:34,207 - AEMSOlogs - INFO - RCWA eval:[309. 329. 361.  22. 155. 262.] | diff. eff.:0.9271646634690096
2026-03-18 15:45:34,406 - AEMSOlogs - INFO - RCWA eval:[316. 340. 371.  66. 149. 289.] | diff. eff.:0.9103839025557939
2026-03-18 15:45:34,460 - AEMSOlogs - INFO - RCWA eval:[309. 328. 365.  56. 188. 277.] | diff. eff.:0.9364316804045888
2026-03-18 15:45:34,482 - AEMSOlogs - INFO - Iteration 41: Best Y = -0.9482281159427776 at x = [0.66208185 0.74208143 0.79900203 0.01191536 0.39343623 0.60923929]
2026-03-18 15:45:34,487 - AEMSOlogs - INFO - Working on simulations...
2026-03-18 15:46:12,457 - AEMSOlogs - INFO - RCWA eval:[314. 344. 376.  39. 165. 283.] | diff. eff.:0.9259270546672084
2026-03-18 15:46:12,513 - AEMSOlogs - INFO - RCWA eval:[308. 336. 357.  43. 180. 269.] | diff. eff.:0.9290700774740072
2026-03-18 15:46:12,707 - AEMSOlogs - INFO - RCWA eval:[314. 332. 362.  60. 170. 276.] | diff. eff.:0.934519080924506
2026-03-18 15:46:12,750 - AEMSOlogs - INFO - RCWA eval:[311. 342. 372.  21. 187. 270.] | diff. eff.:0.9389061831500523
2026-03-18 15:46:12,752 - AEMSOlogs - INFO - RCWA eval:[299. 334. 362.  42. 154. 268.] | diff. eff.:0.9338660569563929
2026-03-18 15:46:12,908 - AEMSOlogs - INFO - RCWA eval:[308. 338. 356.  64. 212. 280.] | diff. eff.:0.9136633203825301
2026-03-18 15:46:12,926 - AEMSOlogs - INFO - RCWA eval:[309. 336. 364.  29. 222. 283.] | diff. eff.:0.9446792324259823
2026-03-18 15:46:13,009 - AEMSOlogs - INFO - RCWA eval:[305. 341. 366.  40. 149. 280.] | diff. eff.:0.9440870559991159
2026-03-18 15:46:50,045 - AEMSOlogs - INFO - RCWA eval:[314. 337. 372.  20. 212. 281.] | diff. eff.:0.9495841376806358
2026-03-18 15:46:50,111 - AEMSOlogs - INFO - RCWA eval:[316. 341. 380.  46. 163. 288.] | diff. eff.:0.9036015024340867
2026-03-18 15:46:50,179 - AEMSOlogs - INFO - RCWA eval:[308. 330. 360.  29. 179. 274.] | diff. eff.:0.9408176907822653
2026-03-18 15:46:50,647 - AEMSOlogs - INFO - RCWA eval:[309. 345. 379.  79. 143. 286.] | diff. eff.:0.9124110632138823
2026-03-18 15:46:50,728 - AEMSOlogs - INFO - RCWA eval:[305. 340. 363.  84. 173. 283.] | diff. eff.:0.9427757768198278
2026-03-18 15:46:50,839 - AEMSOlogs - INFO - RCWA eval:[314. 338. 370.  23. 188. 289.] | diff. eff.:0.9282032469715965
2026-03-18 15:46:50,854 - AEMSOlogs - INFO - Iteration 42: Best Y = -0.9495841376806358 at x = [0.68457561 0.73702845 0.81745936 0.0009744  0.44552044 0.60603933]
2026-03-18 15:46:50,859 - AEMSOlogs - INFO - Working on simulations...
2026-03-18 15:47:28,694 - AEMSOlogs - INFO - RCWA eval:[315. 327. 364.  27. 180. 279.] | diff. eff.:0.9256144571676621
2026-03-18 15:47:29,157 - AEMSOlogs - INFO - RCWA eval:[315. 341. 372.  25. 231. 293.] | diff. eff.:0.9281952733817275
2026-03-18 15:47:29,217 - AEMSOlogs - INFO - RCWA eval:[309. 339. 364.  42. 206. 279.] | diff. eff.:0.9528562755885908
2026-03-18 15:47:29,232 - AEMSOlogs - INFO - RCWA eval:[319. 334. 374.  23. 213. 283.] | diff. eff.:0.9304629765934886
2026-03-18 15:47:29,233 - AEMSOlogs - INFO - RCWA eval:[306. 345. 367.  43. 199. 291.] | diff. eff.:0.9220959566143926
2026-03-18 15:47:29,341 - AEMSOlogs - INFO - RCWA eval:[312. 339. 363.  20. 216. 281.] | diff. eff.:0.944772026045023
2026-03-18 15:47:29,347 - AEMSOlogs - INFO - RCWA eval:[313. 339. 372.  28. 186. 283.] | diff. eff.:0.9430282505155666
2026-03-18 15:47:29,394 - AEMSOlogs - INFO - RCWA eval:[310. 340. 364.  22. 231. 281.] | diff. eff.:0.9457789303480351
2026-03-18 15:48:06,217 - AEMSOlogs - INFO - RCWA eval:[314. 340. 370.  37. 194. 284.] | diff. eff.:0.9453857520265143
2026-03-18 15:48:06,923 - AEMSOlogs - INFO - RCWA eval:[305. 344. 365.  43. 204. 286.] | diff. eff.:0.9374733948366024
2026-03-18 15:48:06,973 - AEMSOlogs - INFO - RCWA eval:[311. 347. 371.  20. 196. 273.] | diff. eff.:0.9288781393834021
2026-03-18 15:48:07,213 - AEMSOlogs - INFO - RCWA eval:[311. 339. 368.  57. 179. 272.] | diff. eff.:0.9455561951769456
2026-03-18 15:48:07,257 - AEMSOlogs - INFO - RCWA eval:[309. 337. 367.  49. 170. 267.] | diff. eff.:0.9389893210953881
2026-03-18 15:48:07,271 - AEMSOlogs - INFO - RCWA eval:[308. 332. 363.  21. 206. 283.] | diff. eff.:0.9382767781939311
2026-03-18 15:48:07,288 - AEMSOlogs - INFO - Iteration 43: Best Y = -0.9528562755885908 at x = [0.67146284 0.74130829 0.80001781 0.0515118  0.43180304 0.60319105]
2026-03-18 15:48:07,293 - AEMSOlogs - INFO - Working on simulations...
2026-03-18 15:48:45,551 - AEMSOlogs - INFO - RCWA eval:[315. 341. 372.  21. 232. 283.] | diff. eff.:0.9549802102993338
2026-03-18 15:48:45,628 - AEMSOlogs - INFO - RCWA eval:[311. 336. 366.  24. 232. 278.] | diff. eff.:0.949944233029109
2026-03-18 15:48:45,646 - AEMSOlogs - INFO - RCWA eval:[309. 341. 367.  58. 152. 270.] | diff. eff.:0.9362987196544148
2026-03-18 15:48:45,648 - AEMSOlogs - INFO - RCWA eval:[309. 344. 368.  62. 210. 283.] | diff. eff.:0.9511156135456685
2026-03-18 15:48:45,776 - AEMSOlogs - INFO - RCWA eval:[316. 340. 373.  42. 222. 281.] | diff. eff.:0.9526954376710827
2026-03-18 15:48:45,811 - AEMSOlogs - INFO - RCWA eval:[309. 343. 363.  30. 203. 274.] | diff. eff.:0.9401305449010445
2026-03-18 15:48:45,871 - AEMSOlogs - INFO - RCWA eval:[310. 339. 364.  45. 201. 278.] | diff. eff.:0.952061847158283
2026-03-18 15:48:45,873 - AEMSOlogs - INFO - RCWA eval:[304. 344. 365.  34. 216. 279.] | diff. eff.:0.9472069117415407
2026-03-18 15:49:23,125 - AEMSOlogs - INFO - RCWA eval:[312. 343. 374.  30. 223. 285.] | diff. eff.:0.9528031736624538
2026-03-18 15:49:23,271 - AEMSOlogs - INFO - RCWA eval:[311. 339. 367.  21. 205. 278.] | diff. eff.:0.9558218307873622
2026-03-18 15:49:23,636 - AEMSOlogs - INFO - RCWA eval:[314. 341. 370.  49. 218. 276.] | diff. eff.:0.9545392941927949
2026-03-18 15:49:23,704 - AEMSOlogs - INFO - RCWA eval:[313. 344. 374.  31. 193. 271.] | diff. eff.:0.9332919465489745
2026-03-18 15:49:23,796 - AEMSOlogs - INFO - RCWA eval:[315. 340. 365.  38. 190. 275.] | diff. eff.:0.939267537528892
2026-03-18 15:49:23,814 - AEMSOlogs - INFO - RCWA eval:[312. 343. 357.  31. 194. 271.] | diff. eff.:0.8929629163600658
2026-03-18 15:49:23,830 - AEMSOlogs - INFO - Iteration 44: Best Y = -0.9558218307873622 at x = [0.67693409 0.74226363 0.80601952 0.00263165 0.43100365 0.60017616]
2026-03-18 15:49:23,834 - AEMSOlogs - INFO - Working on simulations...
2026-03-18 15:50:02,149 - AEMSOlogs - INFO - RCWA eval:[320. 329. 366.  21. 267. 278.] | diff. eff.:0.8812646488109828
2026-03-18 15:50:02,221 - AEMSOlogs - INFO - RCWA eval:[313. 337. 364.  76. 230. 278.] | diff. eff.:0.9482882326958879
2026-03-18 15:50:02,252 - AEMSOlogs - INFO - RCWA eval:[312. 338. 364.  37. 205. 281.] | diff. eff.:0.9485629060915851
2026-03-18 15:50:02,260 - AEMSOlogs - INFO - RCWA eval:[305. 335. 364.  20. 215. 272.] | diff. eff.:0.947504052728814
2026-03-18 15:50:02,286 - AEMSOlogs - INFO - RCWA eval:[311. 343. 367.  37. 198. 281.] | diff. eff.:0.9484021467905426
2026-03-18 15:50:02,355 - AEMSOlogs - INFO - RCWA eval:[323. 338. 374.  21. 267. 269.] | diff. eff.:0.8978060542006698
2026-03-18 15:50:02,405 - AEMSOlogs - INFO - RCWA eval:[315. 343. 373.  24. 252. 273.] | diff. eff.:0.9399523699885739
2026-03-18 15:50:02,413 - AEMSOlogs - INFO - RCWA eval:[311. 335. 367.  23. 205. 268.] | diff. eff.:0.94561266633114
2026-03-18 15:50:39,706 - AEMSOlogs - INFO - RCWA eval:[310. 336. 366.  28. 193. 279.] | diff. eff.:0.9521948333573016
2026-03-18 15:50:39,871 - AEMSOlogs - INFO - RCWA eval:[326. 346. 383.  29. 239. 287.] | diff. eff.:0.9176470511885296
2026-03-18 15:50:40,030 - AEMSOlogs - INFO - RCWA eval:[310. 336. 367.  23. 218. 280.] | diff. eff.:0.9533356716577969
2026-03-18 15:50:40,327 - AEMSOlogs - INFO - RCWA eval:[313. 343. 374.  30. 211. 281.] | diff. eff.:0.9521293157112914
2026-03-18 15:50:40,353 - AEMSOlogs - INFO - RCWA eval:[308. 346. 364.  24. 220. 277.] | diff. eff.:0.9329410353346601
2026-03-18 15:50:40,365 - AEMSOlogs - INFO - RCWA eval:[314. 338. 369.  21. 206. 283.] | diff. eff.:0.9497209282408637
2026-03-18 15:50:40,380 - AEMSOlogs - INFO - Iteration 45: Best Y = -0.9558218307873622 at x = [0.67693409 0.74226363 0.80601952 0.00263165 0.43100365 0.60017616]
2026-03-18 15:50:40,385 - AEMSOlogs - INFO - Working on simulations...
2026-03-18 15:51:18,727 - AEMSOlogs - INFO - RCWA eval:[310. 344. 367.  22. 204. 286.] | diff. eff.:0.9412194333285983
2026-03-18 15:51:18,732 - AEMSOlogs - INFO - RCWA eval:[310. 338. 369.  22. 204. 280.] | diff. eff.:0.955036653366836
2026-03-18 15:51:18,746 - AEMSOlogs - INFO - RCWA eval:[318. 342. 373.  38. 242. 283.] | diff. eff.:0.952111146567953
2026-03-18 15:51:18,827 - AEMSOlogs - INFO - RCWA eval:[314. 339. 373.  27. 268. 293.] | diff. eff.:0.8832765911296252
2026-03-18 15:51:18,834 - AEMSOlogs - INFO - RCWA eval:[301. 342. 357.  37. 178. 281.] | diff. eff.:0.9152966570002794
2026-03-18 15:51:18,934 - AEMSOlogs - INFO - RCWA eval:[314. 336. 370.  66. 195. 282.] | diff. eff.:0.9444924318937964
2026-03-18 15:51:18,965 - AEMSOlogs - INFO - RCWA eval:[309. 336. 365.  21. 230. 279.] | diff. eff.:0.9480267847712811
2026-03-18 15:51:18,975 - AEMSOlogs - INFO - RCWA eval:[309. 336. 367.  25. 200. 281.] | diff. eff.:0.951571487803176
2026-03-18 15:51:56,403 - AEMSOlogs - INFO - RCWA eval:[311. 340. 366.  45. 188. 279.] | diff. eff.:0.9505674913636794
2026-03-18 15:51:56,452 - AEMSOlogs - INFO - RCWA eval:[315. 342. 369.  32. 223. 284.] | diff. eff.:0.9510287822606218
2026-03-18 15:51:56,591 - AEMSOlogs - INFO - RCWA eval:[312. 342. 373.  32. 219. 277.] | diff. eff.:0.9555261296082587
2026-03-18 15:51:56,847 - AEMSOlogs - INFO - RCWA eval:[311. 336. 369.  20. 217. 285.] | diff. eff.:0.9458406441838317
2026-03-18 15:51:56,885 - AEMSOlogs - INFO - RCWA eval:[316. 343. 376.  33. 223. 279.] | diff. eff.:0.9498508115113634
2026-03-18 15:51:56,954 - AEMSOlogs - INFO - RCWA eval:[312. 340. 372.  23. 205. 278.] | diff. eff.:0.9536920651211482
2026-03-18 15:51:56,969 - AEMSOlogs - INFO - Iteration 46: Best Y = -0.9558218307873622 at x = [0.67693409 0.74226363 0.80601952 0.00263165 0.43100365 0.60017616]
2026-03-18 15:51:56,974 - AEMSOlogs - INFO - Working on simulations...
2026-03-18 15:52:35,158 - AEMSOlogs - INFO - RCWA eval:[319. 350. 380.  26. 276. 286.] | diff. eff.:0.8958041186943437
2026-03-18 15:52:35,282 - AEMSOlogs - INFO - RCWA eval:[314. 343. 370.  20. 248. 281.] | diff. eff.:0.9489152831910933
2026-03-18 15:52:35,366 - AEMSOlogs - INFO - RCWA eval:[313. 338. 368.  25. 210. 277.] | diff. eff.:0.9547587418178235
2026-03-18 15:52:35,386 - AEMSOlogs - INFO - RCWA eval:[316. 343. 372.  22. 228. 281.] | diff. eff.:0.9538751260901385
2026-03-18 15:52:35,434 - AEMSOlogs - INFO - RCWA eval:[310. 342. 376.  42. 178. 277.] | diff. eff.:0.9391474686281731
2026-03-18 15:52:35,498 - AEMSOlogs - INFO - RCWA eval:[313. 341. 378.  20. 229. 284.] | diff. eff.:0.9471311904529073
2026-03-18 15:52:35,559 - AEMSOlogs - INFO - RCWA eval:[304. 336. 368.  27. 163. 273.] | diff. eff.:0.9422458788074957
2026-03-18 15:52:35,577 - AEMSOlogs - INFO - RCWA eval:[312. 336. 373.  22. 225. 279.] | diff. eff.:0.9477701847669039
2026-03-18 15:53:12,738 - AEMSOlogs - INFO - RCWA eval:[314. 346. 374.  26. 206. 279.] | diff. eff.:0.9410704935620917
2026-03-18 15:53:13,049 - AEMSOlogs - INFO - RCWA eval:[308. 339. 365.  26. 224. 284.] | diff. eff.:0.9466272787886507
2026-03-18 15:53:13,187 - AEMSOlogs - INFO - RCWA eval:[313. 340. 375.  24. 222. 284.] | diff. eff.:0.949931854552167
2026-03-18 15:53:13,374 - AEMSOlogs - INFO - RCWA eval:[309. 343. 365.  44. 200. 281.] | diff. eff.:0.9468405263687472
2026-03-18 15:53:13,418 - AEMSOlogs - INFO - RCWA eval:[314. 342. 370.  39. 227. 283.] | diff. eff.:0.955129216207204
2026-03-18 15:53:13,521 - AEMSOlogs - INFO - RCWA eval:[315. 343. 375.  42. 234. 280.] | diff. eff.:0.9545228415427089
2026-03-18 15:53:13,541 - AEMSOlogs - INFO - Iteration 47: Best Y = -0.9558218307873622 at x = [0.67693409 0.74226363 0.80601952 0.00263165 0.43100365 0.60017616]
2026-03-18 15:53:13,546 - AEMSOlogs - INFO - Working on simulations...
2026-03-18 15:53:51,794 - AEMSOlogs - INFO - RCWA eval:[315. 343. 369.  28. 224. 285.] | diff. eff.:0.9483884678132841
2026-03-18 15:53:51,843 - AEMSOlogs - INFO - RCWA eval:[314. 340. 374.  20. 230. 285.] | diff. eff.:0.9505606922423538
2026-03-18 15:53:51,856 - AEMSOlogs - INFO - RCWA eval:[321. 348. 374.  37. 258. 281.] | diff. eff.:0.9354716729805059
2026-03-18 15:53:51,919 - AEMSOlogs - INFO - RCWA eval:[316. 346. 374.  41. 218. 281.] | diff. eff.:0.9439633937839436
2026-03-18 15:53:52,013 - AEMSOlogs - INFO - RCWA eval:[320. 344. 377.  57. 277. 282.] | diff. eff.:0.8730667986121513
2026-03-18 15:53:52,015 - AEMSOlogs - INFO - RCWA eval:[320. 345. 377.  20. 242. 278.] | diff. eff.:0.9443593749672663
2026-03-18 15:53:52,082 - AEMSOlogs - INFO - RCWA eval:[314. 343. 372.  25. 219. 277.] | diff. eff.:0.9531970834061121
2026-03-18 15:53:52,123 - AEMSOlogs - INFO - RCWA eval:[315. 348. 374.  21. 228. 284.] | diff. eff.:0.9404393227557853
2026-03-18 15:54:29,328 - AEMSOlogs - INFO - RCWA eval:[313. 347. 371.  40. 239. 286.] | diff. eff.:0.9436599429956005
2026-03-18 15:54:29,457 - AEMSOlogs - INFO - RCWA eval:[316. 341. 370.  22. 214. 284.] | diff. eff.:0.9487272917718187
2026-03-18 15:54:29,867 - AEMSOlogs - INFO - RCWA eval:[311. 341. 375.  42. 212. 278.] | diff. eff.:0.9516920427368976
2026-03-18 15:54:29,894 - AEMSOlogs - INFO - RCWA eval:[317. 336. 371.  34. 240. 277.] | diff. eff.:0.9467650165636269
2026-03-18 15:54:30,015 - AEMSOlogs - INFO - RCWA eval:[309. 340. 367.  49. 203. 278.] | diff. eff.:0.9567899108275357
2026-03-18 15:54:30,072 - AEMSOlogs - INFO - RCWA eval:[310. 342. 367.  39. 200. 280.] | diff. eff.:0.9529191126501979
2026-03-18 15:54:30,088 - AEMSOlogs - INFO - Iteration 48: Best Y = -0.9567899108275357 at x = [0.67199569 0.74497371 0.80709647 0.06678361 0.42669933 0.60049619]
2026-03-18 15:54:30,092 - AEMSOlogs - INFO - Working on simulations...
2026-03-18 15:55:08,379 - AEMSOlogs - INFO - RCWA eval:[308. 344. 369.  33. 232. 279.] | diff. eff.:0.953756904289603
2026-03-18 15:55:08,451 - AEMSOlogs - INFO - RCWA eval:[310. 343. 372.  57. 216. 279.] | diff. eff.:0.9569505236836572
2026-03-18 15:55:08,473 - AEMSOlogs - INFO - RCWA eval:[311. 348. 377.  21. 214. 286.] | diff. eff.:0.9353026498653789
2026-03-18 15:55:08,525 - AEMSOlogs - INFO - RCWA eval:[310. 339. 368.  20. 204. 275.] | diff. eff.:0.9557337388365725
2026-03-18 15:55:08,635 - AEMSOlogs - INFO - RCWA eval:[317. 344. 374.  40. 232. 286.] | diff. eff.:0.9489949927665852
2026-03-18 15:55:08,638 - AEMSOlogs - INFO - RCWA eval:[313. 345. 374.  36. 205. 282.] | diff. eff.:0.945980369703702
2026-03-18 15:55:08,650 - AEMSOlogs - INFO - RCWA eval:[308. 345. 375.  46. 201. 280.] | diff. eff.:0.9474688887041596
2026-03-18 15:55:08,653 - AEMSOlogs - INFO - RCWA eval:[315. 341. 374.  43. 228. 281.] | diff. eff.:0.9545058883105616
2026-03-18 15:55:46,097 - AEMSOlogs - INFO - RCWA eval:[311. 344. 369.  36. 218. 278.] | diff. eff.:0.9535423215147121
2026-03-18 15:55:46,248 - AEMSOlogs - INFO - RCWA eval:[313. 342. 369.  63. 210. 280.] | diff. eff.:0.9543345075108933
2026-03-18 15:55:46,437 - AEMSOlogs - INFO - RCWA eval:[307. 340. 365.  28. 181. 283.] | diff. eff.:0.9467708073255372
2026-03-18 15:55:46,560 - AEMSOlogs - INFO - RCWA eval:[313. 342. 373.  40. 216. 281.] | diff. eff.:0.9550703436617949
2026-03-18 15:55:46,602 - AEMSOlogs - INFO - RCWA eval:[313. 339. 369.  56. 196. 280.] | diff. eff.:0.9516034241761646
2026-03-18 15:55:46,609 - AEMSOlogs - INFO - RCWA eval:[309. 342. 370.  34. 206. 275.] | diff. eff.:0.9548740476376184
2026-03-18 15:55:46,625 - AEMSOlogs - INFO - Iteration 49: Best Y = -0.9569505236836572 at x = [0.67469581 0.75118562 0.81932426 0.08681291 0.45573946 0.60244104]
2026-03-18 15:55:46,629 - AEMSOlogs - INFO - Working on simulations...
2026-03-18 15:56:24,930 - AEMSOlogs - INFO - RCWA eval:[312. 338. 368.  22. 202. 277.] | diff. eff.:0.95434373127619
2026-03-18 15:56:24,975 - AEMSOlogs - INFO - RCWA eval:[309. 338. 372.  26. 206. 273.] | diff. eff.:0.9490720771850132
2026-03-18 15:56:25,008 - AEMSOlogs - INFO - RCWA eval:[312. 343. 378.  35. 221. 281.] | diff. eff.:0.9497012512919383
2026-03-18 15:56:25,051 - AEMSOlogs - INFO - RCWA eval:[310. 343. 371.  56. 214. 279.] | diff. eff.:0.9570126542792304
2026-03-18 15:56:25,131 - AEMSOlogs - INFO - RCWA eval:[314. 336. 371.  40. 232. 276.] | diff. eff.:0.9497577422784822
2026-03-18 15:56:25,153 - AEMSOlogs - INFO - RCWA eval:[309. 340. 372.  29. 192. 274.] | diff. eff.:0.9490913371643609
2026-03-18 15:56:25,170 - AEMSOlogs - INFO - RCWA eval:[311. 347. 374.  58. 220. 280.] | diff. eff.:0.947216071022608
2026-03-18 15:56:25,191 - AEMSOlogs - INFO - RCWA eval:[309. 340. 373.  40. 224. 280.] | diff. eff.:0.9543354381896505
2026-03-18 15:57:02,492 - AEMSOlogs - INFO - RCWA eval:[311. 341. 366.  64. 204. 278.] | diff. eff.:0.9533719969557836
2026-03-18 15:57:02,738 - AEMSOlogs - INFO - RCWA eval:[310. 341. 368.  37. 219. 279.] | diff. eff.:0.9579477767556532
2026-03-18 15:57:03,021 - AEMSOlogs - INFO - RCWA eval:[309. 339. 372.  38. 202. 271.] | diff. eff.:0.9467622926662704
2026-03-18 15:57:03,102 - AEMSOlogs - INFO - RCWA eval:[309. 339. 369.  45. 196. 272.] | diff. eff.:0.9511900210288972
2026-03-18 15:57:03,139 - AEMSOlogs - INFO - RCWA eval:[308. 342. 369.  58. 188. 277.] | diff. eff.:0.9526672127939451
2026-03-18 15:57:03,156 - AEMSOlogs - INFO - RCWA eval:[311. 344. 367.  49. 202. 280.] | diff. eff.:0.9470236240214357
2026-03-18 15:57:03,173 - AEMSOlogs - INFO - Iteration 50: Best Y = -0.9579477767556532 at x = [0.67446952 0.74726075 0.80926722 0.04021622 0.46275808 0.60193284]
2026-03-18 15:57:03,177 - AEMSOlogs - INFO - Working on simulations...
2026-03-18 15:57:41,449 - AEMSOlogs - INFO - RCWA eval:[311. 340. 366.  28. 228. 282.] | diff. eff.:0.9518472452607099
2026-03-18 15:57:41,476 - AEMSOlogs - INFO - RCWA eval:[309. 342. 369.  49. 199. 278.] | diff. eff.:0.9552272741110286
2026-03-18 15:57:41,498 - AEMSOlogs - INFO - RCWA eval:[311. 338. 369.  51. 208. 277.] | diff. eff.:0.9558668586685037
2026-03-18 15:57:41,618 - AEMSOlogs - INFO - RCWA eval:[311. 340. 371.  50. 205. 275.] | diff. eff.:0.9535590327978404
2026-03-18 15:57:41,671 - AEMSOlogs - INFO - RCWA eval:[309. 341. 367.  40. 206. 277.] | diff. eff.:0.9563818800717423
2026-03-18 15:57:41,689 - AEMSOlogs - INFO - RCWA eval:[312. 340. 369.  27. 223. 282.] | diff. eff.:0.9564456220260588
2026-03-18 15:57:41,731 - AEMSOlogs - INFO - RCWA eval:[311. 340. 369.  49. 211. 279.] | diff. eff.:0.9575983410874814
2026-03-18 15:57:41,745 - AEMSOlogs - INFO - RCWA eval:[316. 341. 371.  33. 224. 279.] | diff. eff.:0.9543188046417357
2026-03-18 15:58:19,057 - AEMSOlogs - INFO - RCWA eval:[309. 346. 374.  43. 221. 277.] | diff. eff.:0.9497315015170756
2026-03-18 15:58:19,335 - AEMSOlogs - INFO - RCWA eval:[313. 340. 370.  26. 208. 276.] | diff. eff.:0.9539533904173071
2026-03-18 15:58:19,485 - AEMSOlogs - INFO - RCWA eval:[309. 341. 367.  20. 224. 278.] | diff. eff.:0.956341716558379
2026-03-18 15:58:19,591 - AEMSOlogs - INFO - RCWA eval:[312. 338. 366.  36. 227. 277.] | diff. eff.:0.9537584235861204
2026-03-18 15:58:19,721 - AEMSOlogs - INFO - RCWA eval:[310. 342. 367.  60. 212. 279.] | diff. eff.:0.9556696599742514
2026-03-18 15:58:19,766 - AEMSOlogs - INFO - RCWA eval:[310. 341. 369.  36. 222. 281.] | diff. eff.:0.9578631333951355
2026-03-18 15:58:19,780 - AEMSOlogs - INFO - Iteration 51: Best Y = -0.9579477767556532 at x = [0.67446952 0.74726075 0.80926722 0.04021622 0.46275808 0.60193284]




Job ID: 3973015
Cluster: cluster_dei
User/Group: vergerioed/dottor
State: COMPLETED (exit code 0)
Nodes: 1
Cores per node: 8
CPU Utilized: 08:39:02
CPU Efficiency: 99.58% of 08:41:12 core-walltime
Job Wall-clock time: 01:05:09
Memory Utilized: 7.85 GB
Memory Efficiency: 65.43% of 12.00 GB (12.00 GB/node)
