2026-03-20 23:33:29,118 - AEMSOlogs - INFO - Working on simulations...
2026-03-20 23:33:52,471 - AEMSOlogs - INFO - RCWA eval:[257. 229. 173. 249. 272. 327.] | diff. eff.:0.11686145987682947
2026-03-20 23:34:15,659 - AEMSOlogs - INFO - RCWA eval:[267. 373. 180. 125. 186. 229.] | diff. eff.:0.19645175578319804
2026-03-20 23:34:38,757 - AEMSOlogs - INFO - RCWA eval:[ 41. 163. 212. 323.  20.  49.] | diff. eff.:0.38808238170031434
2026-03-20 23:35:01,993 - AEMSOlogs - INFO - RCWA eval:[160. 227. 138. 222. 265. 143.] | diff. eff.:0.04563124655373858
2026-03-20 23:35:25,041 - AEMSOlogs - INFO - RCWA eval:[243. 384. 329. 309. 336. 271.] | diff. eff.:0.10703652752727497
2026-03-20 23:35:48,131 - AEMSOlogs - INFO - RCWA eval:[324. 268. 276. 298. 120. 143.] | diff. eff.:0.10764549949115333
2026-03-20 23:36:11,370 - AEMSOlogs - INFO - RCWA eval:[286. 187. 171.  87. 145. 192.] | diff. eff.:0.13633835345058945
2026-03-20 23:36:34,616 - AEMSOlogs - INFO - RCWA eval:[319. 180. 177. 180. 260. 271.] | diff. eff.:0.5161633051186475
2026-03-20 23:36:57,718 - AEMSOlogs - INFO - RCWA eval:[286. 265. 320. 185. 342. 214.] | diff. eff.:0.17012692401505466
2026-03-20 23:37:20,911 - AEMSOlogs - INFO - RCWA eval:[201. 238. 155. 199. 278. 152.] | diff. eff.:0.030915160690123365
2026-03-20 23:37:44,066 - AEMSOlogs - INFO - RCWA eval:[321. 297. 176.  94. 239. 215.] | diff. eff.:0.306388610207987
2026-03-20 23:38:07,149 - AEMSOlogs - INFO - RCWA eval:[395. 380. 139. 126. 285. 228.] | diff. eff.:0.24430269270994356
2026-03-20 23:38:30,353 - AEMSOlogs - INFO - RCWA eval:[ 96. 245. 262. 202. 253. 279.] | diff. eff.:0.020368394825666512
2026-03-20 23:38:53,469 - AEMSOlogs - INFO - RCWA eval:[215. 335. 121. 296. 288. 225.] | diff. eff.:0.047066380007694045
2026-03-20 23:38:53,515 - AEMSOlogs - INFO - Iteration 1: Best Y = -0.5161633051186475 at x = [0.694513   0.37108757 0.36570869 0.37146923 0.55915848 0.58484323]
2026-03-20 23:38:53,516 - AEMSOlogs - INFO - Working on simulations...
2026-03-20 23:39:16,756 - AEMSOlogs - INFO - RCWA eval:[418. 267. 114.  86. 309.  98.] | diff. eff.:0.03968092920227543
2026-03-20 23:39:39,957 - AEMSOlogs - INFO - RCWA eval:[165. 180. 154. 192. 183.  46.] | diff. eff.:0.0037712824901624045
2026-03-20 23:40:03,026 - AEMSOlogs - INFO - RCWA eval:[356. 270. 189. 109. 150. 319.] | diff. eff.:0.17128644448165942
2026-03-20 23:40:26,202 - AEMSOlogs - INFO - RCWA eval:[221. 253. 211. 243. 257. 203.] | diff. eff.:0.005392459336915498
2026-03-20 23:40:49,302 - AEMSOlogs - INFO - RCWA eval:[237. 285. 217. 274. 310. 189.] | diff. eff.:0.15557337569167595
2026-03-20 23:41:12,431 - AEMSOlogs - INFO - RCWA eval:[262. 200. 178. 288.  21.  64.] | diff. eff.:0.08915489838681864
2026-03-20 23:41:35,577 - AEMSOlogs - INFO - RCWA eval:[143. 290. 239. 108. 212. 318.] | diff. eff.:0.032166315569477744
2026-03-20 23:41:58,668 - AEMSOlogs - INFO - RCWA eval:[304. 279. 209. 223. 294. 435.] | diff. eff.:0.051781264123684625
2026-03-20 23:42:21,836 - AEMSOlogs - INFO - RCWA eval:[345. 173. 117. 217. 120. 251.] | diff. eff.:0.16387009951024342
2026-03-20 23:42:44,972 - AEMSOlogs - INFO - RCWA eval:[310. 247. 128. 287. 121. 207.] | diff. eff.:0.05012127967400038
2026-03-20 23:43:08,152 - AEMSOlogs - INFO - RCWA eval:[360. 277. 206.  88. 251. 194.] | diff. eff.:0.1762237741075981
2026-03-20 23:43:31,330 - AEMSOlogs - INFO - RCWA eval:[180. 371. 184. 280. 111. 122.] | diff. eff.:0.05354787557842856
2026-03-20 23:43:54,474 - AEMSOlogs - INFO - RCWA eval:[306. 206.  80. 110. 229. 121.] | diff. eff.:0.2974529680145489
2026-03-20 23:44:17,674 - AEMSOlogs - INFO - RCWA eval:[ 24. 205. 233. 422. 221. 193.] | diff. eff.:0.009020600552502442
2026-03-20 23:44:17,690 - AEMSOlogs - INFO - Iteration 2: Best Y = -0.5161633051186475 at x = [0.694513   0.37108757 0.36570869 0.37146923 0.55915848 0.58484323]
2026-03-20 23:44:17,691 - AEMSOlogs - INFO - Working on simulations...
2026-03-20 23:44:40,878 - AEMSOlogs - INFO - RCWA eval:[250. 272. 141. 193. 195. 273.] | diff. eff.:0.1112653832583998
2026-03-20 23:45:04,005 - AEMSOlogs - INFO - RCWA eval:[396. 116.  25. 179. 139. 274.] | diff. eff.:0.10729115700161776
2026-03-20 23:45:27,126 - AEMSOlogs - INFO - RCWA eval:[289. 303. 166. 238.  63. 117.] | diff. eff.:0.1352106064791832
2026-03-20 23:45:50,202 - AEMSOlogs - INFO - RCWA eval:[282. 131. 166. 105.  65. 382.] | diff. eff.:0.03064469427112593
2026-03-20 23:46:13,307 - AEMSOlogs - INFO - RCWA eval:[396. 228.  29.  21. 213. 204.] | diff. eff.:0.00138862033141447
2026-03-20 23:46:36,467 - AEMSOlogs - INFO - RCWA eval:[386. 311.  21. 222. 260. 130.] | diff. eff.:0.06642669200349494
2026-03-20 23:46:59,613 - AEMSOlogs - INFO - RCWA eval:[330. 216. 177.  87. 153. 154.] | diff. eff.:0.14569017697844694
2026-03-20 23:47:22,907 - AEMSOlogs - INFO - RCWA eval:[314. 131. 147. 110. 190. 170.] | diff. eff.:0.26184671104780144
2026-03-20 23:47:45,950 - AEMSOlogs - INFO - RCWA eval:[449. 182.  20. 110. 292. 329.] | diff. eff.:0.29781983851671934
2026-03-20 23:48:09,118 - AEMSOlogs - INFO - RCWA eval:[449.  70. 182. 110. 300. 107.] | diff. eff.:0.2525960383432305
2026-03-20 23:48:32,184 - AEMSOlogs - INFO - RCWA eval:[380. 290. 148. 104. 354. 216.] | diff. eff.:0.11304562730295112
2026-03-20 23:48:55,242 - AEMSOlogs - INFO - RCWA eval:[304. 363. 206. 244. 228. 217.] | diff. eff.:0.2919840019712522
2026-03-20 23:49:18,362 - AEMSOlogs - INFO - RCWA eval:[348. 213. 148. 123. 250. 159.] | diff. eff.:0.15490165722093283
2026-03-20 23:49:41,479 - AEMSOlogs - INFO - RCWA eval:[432. 268.  28. 112. 208. 181.] | diff. eff.:0.0866623859365815
2026-03-20 23:49:41,493 - AEMSOlogs - INFO - Iteration 3: Best Y = -0.5161633051186475 at x = [0.694513   0.37108757 0.36570869 0.37146923 0.55915848 0.58484323]
2026-03-20 23:49:41,494 - AEMSOlogs - INFO - Working on simulations...
2026-03-20 23:50:04,638 - AEMSOlogs - INFO - RCWA eval:[430. 293. 204.  54. 300. 132.] | diff. eff.:0.03068160558426753
2026-03-20 23:50:27,729 - AEMSOlogs - INFO - RCWA eval:[335. 289. 112. 135. 179. 325.] | diff. eff.:0.19209184819419275
2026-03-20 23:50:50,944 - AEMSOlogs - INFO - RCWA eval:[372. 124. 224. 141. 173. 109.] | diff. eff.:0.06936392869329167
2026-03-20 23:51:14,035 - AEMSOlogs - INFO - RCWA eval:[425. 131. 234.  41. 322. 292.] | diff. eff.:0.36711855711949154
2026-03-20 23:51:37,189 - AEMSOlogs - INFO - RCWA eval:[314. 116. 199. 105.  69. 107.] | diff. eff.:0.15487873926120024
2026-03-20 23:52:00,385 - AEMSOlogs - INFO - RCWA eval:[333. 129. 146. 123. 246. 244.] | diff. eff.:0.43339291474016384
2026-03-20 23:52:23,413 - AEMSOlogs - INFO - RCWA eval:[355. 286.  52. 144. 141. 179.] | diff. eff.:0.09311881725176048
2026-03-20 23:52:46,474 - AEMSOlogs - INFO - RCWA eval:[424. 158.  42. 129. 158. 230.] | diff. eff.:0.01170638224782782
2026-03-20 23:53:09,574 - AEMSOlogs - INFO - RCWA eval:[435. 268.  33. 202. 173. 297.] | diff. eff.:0.05743696227816375
2026-03-20 23:53:32,643 - AEMSOlogs - INFO - RCWA eval:[374. 342. 245. 252. 231. 265.] | diff. eff.:0.17676029555358153
2026-03-20 23:53:55,719 - AEMSOlogs - INFO - RCWA eval:[390. 284. 135. 268. 281. 287.] | diff. eff.:0.1322460985803138
2026-03-20 23:54:18,747 - AEMSOlogs - INFO - RCWA eval:[450. 173. 146. 193. 415. 323.] | diff. eff.:0.13132657105028914
2026-03-20 23:54:41,923 - AEMSOlogs - INFO - RCWA eval:[275. 307. 166. 103. 210. 291.] | diff. eff.:0.4951595525042831
2026-03-20 23:55:05,026 - AEMSOlogs - INFO - RCWA eval:[271. 119. 131. 226. 198. 247.] | diff. eff.:0.11677710775043777
2026-03-20 23:55:05,044 - AEMSOlogs - INFO - Iteration 4: Best Y = -0.5161633051186475 at x = [0.694513   0.37108757 0.36570869 0.37146923 0.55915848 0.58484323]
2026-03-20 23:55:05,045 - AEMSOlogs - INFO - Working on simulations...
2026-03-20 23:55:28,153 - AEMSOlogs - INFO - RCWA eval:[193. 283.  61.  20. 257. 434.] | diff. eff.:0.0925450152456428
2026-03-20 23:55:51,269 - AEMSOlogs - INFO - RCWA eval:[284. 236. 211. 179. 257. 202.] | diff. eff.:0.07740285063127846
2026-03-20 23:56:14,406 - AEMSOlogs - INFO - RCWA eval:[275. 306. 119. 271.  74. 266.] | diff. eff.:0.15363782511222307
2026-03-20 23:56:37,609 - AEMSOlogs - INFO - RCWA eval:[301. 365. 146. 177. 202. 260.] | diff. eff.:0.49655281642859533
2026-03-20 23:57:00,804 - AEMSOlogs - INFO - RCWA eval:[147. 241. 158.  87. 173. 153.] | diff. eff.:0.028471467812362827
2026-03-20 23:57:23,878 - AEMSOlogs - INFO - RCWA eval:[450.  56. 121.  53. 337. 321.] | diff. eff.:0.21689850510162675
2026-03-20 23:57:46,916 - AEMSOlogs - INFO - RCWA eval:[378. 422. 203. 326. 179. 244.] | diff. eff.:0.05034445689890363
2026-03-20 23:58:10,057 - AEMSOlogs - INFO - RCWA eval:[304.  56. 123. 217. 177. 204.] | diff. eff.:0.26834778269731757
2026-03-20 23:58:33,314 - AEMSOlogs - INFO - RCWA eval:[316. 264. 181.  66. 306. 277.] | diff. eff.:0.094382984540147
2026-03-20 23:58:56,498 - AEMSOlogs - INFO - RCWA eval:[359. 348. 153.  47. 117. 306.] | diff. eff.:0.22847099744998228
2026-03-20 23:59:19,707 - AEMSOlogs - INFO - RCWA eval:[212. 110.  20.  41. 230. 268.] | diff. eff.:0.1272819860979899
2026-03-20 23:59:42,783 - AEMSOlogs - INFO - RCWA eval:[276. 383. 155. 150. 316. 289.] | diff. eff.:0.2164292174957307
2026-03-21 00:00:05,865 - AEMSOlogs - INFO - RCWA eval:[322. 185. 128. 101. 227. 284.] | diff. eff.:0.41719045435400753
2026-03-21 00:00:28,960 - AEMSOlogs - INFO - RCWA eval:[378. 263. 280.  57. 308. 326.] | diff. eff.:0.42352458238256674
2026-03-21 00:00:28,978 - AEMSOlogs - INFO - Iteration 5: Best Y = -0.5161633051186475 at x = [0.694513   0.37108757 0.36570869 0.37146923 0.55915848 0.58484323]
2026-03-21 00:00:28,979 - AEMSOlogs - INFO - Working on simulations...
2026-03-21 00:00:52,086 - AEMSOlogs - INFO - RCWA eval:[405.  35.  84.  94. 225. 216.] | diff. eff.:0.06905200346948731
2026-03-21 00:01:15,172 - AEMSOlogs - INFO - RCWA eval:[415. 424.  83.  84. 214. 282.] | diff. eff.:0.17643898361629026
2026-03-21 00:01:38,317 - AEMSOlogs - INFO - RCWA eval:[360. 344. 122. 139. 168. 321.] | diff. eff.:0.2692463917621175
2026-03-21 00:02:01,505 - AEMSOlogs - INFO - RCWA eval:[291. 306. 201. 173. 160. 178.] | diff. eff.:0.33479728368706546
2026-03-21 00:02:24,663 - AEMSOlogs - INFO - RCWA eval:[389. 258. 127. 238. 184. 255.] | diff. eff.:0.013150804044698993
2026-03-21 00:02:47,723 - AEMSOlogs - INFO - RCWA eval:[317. 167. 144.  22. 221. 287.] | diff. eff.:0.4098732386501874
2026-03-21 00:03:10,922 - AEMSOlogs - INFO - RCWA eval:[305. 273. 176.  76. 199. 279.] | diff. eff.:0.19939187012316487
2026-03-21 00:03:34,091 - AEMSOlogs - INFO - RCWA eval:[331.  69. 165. 171. 382. 281.] | diff. eff.:0.21954808648180577
2026-03-21 00:03:57,192 - AEMSOlogs - INFO - RCWA eval:[282. 251. 184. 153. 298. 271.] | diff. eff.:0.09711950814369717
2026-03-21 00:04:20,411 - AEMSOlogs - INFO - RCWA eval:[340. 243. 123. 177. 181. 249.] | diff. eff.:0.037125821342810325
2026-03-21 00:04:43,591 - AEMSOlogs - INFO - RCWA eval:[274. 215. 157.  60. 217. 380.] | diff. eff.:0.041656013529350895
2026-03-21 00:05:06,681 - AEMSOlogs - INFO - RCWA eval:[404. 161. 172.  36. 316. 249.] | diff. eff.:0.19765150432787298
2026-03-21 00:05:29,829 - AEMSOlogs - INFO - RCWA eval:[245. 362. 160. 147.  21. 178.] | diff. eff.:0.1387114662011178
2026-03-21 00:05:52,976 - AEMSOlogs - INFO - RCWA eval:[370. 156. 156. 144. 246. 230.] | diff. eff.:0.18746085513333044
2026-03-21 00:05:52,993 - AEMSOlogs - INFO - Iteration 6: Best Y = -0.5161633051186475 at x = [0.694513   0.37108757 0.36570869 0.37146923 0.55915848 0.58484323]
2026-03-21 00:05:52,994 - AEMSOlogs - INFO - Working on simulations...
2026-03-21 00:06:16,155 - AEMSOlogs - INFO - RCWA eval:[255. 276. 226.  49. 109. 226.] | diff. eff.:0.16996611233364695
2026-03-21 00:06:39,275 - AEMSOlogs - INFO - RCWA eval:[348. 215. 265. 170. 209. 288.] | diff. eff.:0.16561774967218035
2026-03-21 00:07:02,499 - AEMSOlogs - INFO - RCWA eval:[249. 222. 105.  95. 191. 234.] | diff. eff.:0.03462526061157992
2026-03-21 00:07:25,591 - AEMSOlogs - INFO - RCWA eval:[447. 153. 190. 133. 287. 331.] | diff. eff.:0.35670275037977844
2026-03-21 00:07:48,624 - AEMSOlogs - INFO - RCWA eval:[380. 163. 109.  35. 233. 263.] | diff. eff.:0.12160838116939547
2026-03-21 00:08:11,830 - AEMSOlogs - INFO - RCWA eval:[222. 323. 258. 234. 203. 147.] | diff. eff.:0.032179920696682816
2026-03-21 00:08:35,029 - AEMSOlogs - INFO - RCWA eval:[261. 188. 181. 124. 181. 264.] | diff. eff.:0.09123875023429119
2026-03-21 00:08:58,143 - AEMSOlogs - INFO - RCWA eval:[363. 250.  90. 138. 311. 228.] | diff. eff.:0.2675790324004182
2026-03-21 00:09:21,294 - AEMSOlogs - INFO - RCWA eval:[275. 300. 233. 152. 236. 249.] | diff. eff.:0.27146476777885054
2026-03-21 00:09:44,356 - AEMSOlogs - INFO - RCWA eval:[258. 218. 142. 115. 242. 333.] | diff. eff.:0.008341011720909638
2026-03-21 00:10:07,512 - AEMSOlogs - INFO - RCWA eval:[270. 108. 163.  70. 204. 223.] | diff. eff.:0.13349557222385922
2026-03-21 00:10:30,718 - AEMSOlogs - INFO - RCWA eval:[264. 217. 185. 108. 218. 295.] | diff. eff.:0.1052663520055155
2026-03-21 00:10:53,864 - AEMSOlogs - INFO - RCWA eval:[283. 280. 199.  26. 156. 233.] | diff. eff.:0.26594282582990536
2026-03-21 00:11:17,013 - AEMSOlogs - INFO - RCWA eval:[224. 271. 180. 183. 110. 162.] | diff. eff.:0.09169668382599003
2026-03-21 00:11:17,027 - AEMSOlogs - INFO - Iteration 7: Best Y = -0.5161633051186475 at x = [0.694513   0.37108757 0.36570869 0.37146923 0.55915848 0.58484323]
2026-03-21 00:11:17,028 - AEMSOlogs - INFO - Working on simulations...
2026-03-21 00:11:40,222 - AEMSOlogs - INFO - RCWA eval:[320. 236. 212. 122. 202. 277.] | diff. eff.:0.13784803524246358
2026-03-21 00:12:03,338 - AEMSOlogs - INFO - RCWA eval:[318. 127. 170. 177. 199. 257.] | diff. eff.:0.38496373096395303
2026-03-21 00:12:26,581 - AEMSOlogs - INFO - RCWA eval:[316. 295. 214. 106. 136. 289.] | diff. eff.:0.32977947696024695
2026-03-21 00:12:49,665 - AEMSOlogs - INFO - RCWA eval:[367. 134.  91. 143. 349. 397.] | diff. eff.:0.21849517603371704
2026-03-21 00:13:12,686 - AEMSOlogs - INFO - RCWA eval:[406. 240. 248. 196. 316. 277.] | diff. eff.:0.3319327501161319
2026-03-21 00:13:35,794 - AEMSOlogs - INFO - RCWA eval:[308. 168. 110.  89. 217. 277.] | diff. eff.:0.10141731787048247
2026-03-21 00:13:59,021 - AEMSOlogs - INFO - RCWA eval:[382. 145. 236.  86. 337. 307.] | diff. eff.:0.49191102628203975
2026-03-21 00:14:22,160 - AEMSOlogs - INFO - RCWA eval:[406. 183. 103. 196. 229. 230.] | diff. eff.:0.05458481325999157
2026-03-21 00:14:45,268 - AEMSOlogs - INFO - RCWA eval:[344. 259. 200. 143. 215. 258.] | diff. eff.:0.16732027436626162
2026-03-21 00:15:08,342 - AEMSOlogs - INFO - RCWA eval:[386. 218. 201. 173. 359. 283.] | diff. eff.:0.15011074365043092
2026-03-21 00:15:31,473 - AEMSOlogs - INFO - RCWA eval:[444. 213. 155.  71. 250. 281.] | diff. eff.:0.08459961706842377
2026-03-21 00:15:54,518 - AEMSOlogs - INFO - RCWA eval:[321. 270. 317. 231. 196. 248.] | diff. eff.:0.14236218179072285
2026-03-21 00:16:17,622 - AEMSOlogs - INFO - RCWA eval:[416. 172. 121. 100. 251. 247.] | diff. eff.:0.08515037462761646
2026-03-21 00:16:40,801 - AEMSOlogs - INFO - RCWA eval:[337. 168. 223. 194. 237. 271.] | diff. eff.:0.26767052250877
2026-03-21 00:16:40,815 - AEMSOlogs - INFO - Iteration 8: Best Y = -0.5161633051186475 at x = [0.694513   0.37108757 0.36570869 0.37146923 0.55915848 0.58484323]
2026-03-21 00:16:40,817 - AEMSOlogs - INFO - Working on simulations...
2026-03-21 00:17:03,893 - AEMSOlogs - INFO - RCWA eval:[368.  91. 311. 188. 313. 334.] | diff. eff.:0.22984209431219768
2026-03-21 00:17:27,013 - AEMSOlogs - INFO - RCWA eval:[289. 113. 225. 167. 279. 224.] | diff. eff.:0.1372894359757391
2026-03-21 00:17:50,075 - AEMSOlogs - INFO - RCWA eval:[355. 137. 216. 247. 291. 339.] | diff. eff.:0.8613117774676367
2026-03-21 00:18:13,141 - AEMSOlogs - INFO - RCWA eval:[347.  76. 196. 171. 267. 319.] | diff. eff.:0.6263036955656988
2026-03-21 00:18:36,216 - AEMSOlogs - INFO - RCWA eval:[427.  68. 321. 153. 306. 337.] | diff. eff.:0.20563769450691247
2026-03-21 00:18:59,400 - AEMSOlogs - INFO - RCWA eval:[305. 177. 257. 157. 185. 241.] | diff. eff.:0.08935481946701389
2026-03-21 00:19:22,576 - AEMSOlogs - INFO - RCWA eval:[317. 160. 261. 157. 289. 281.] | diff. eff.:0.30108154311978996
2026-03-21 00:19:45,766 - AEMSOlogs - INFO - RCWA eval:[373. 189. 213. 171. 216. 365.] | diff. eff.:0.18587487238149245
2026-03-21 00:20:08,940 - AEMSOlogs - INFO - RCWA eval:[450. 219. 226. 100. 248. 339.] | diff. eff.:0.11950038799523574
2026-03-21 00:20:32,074 - AEMSOlogs - INFO - RCWA eval:[323. 238. 238. 115. 175. 259.] | diff. eff.:0.06193373721854947
2026-03-21 00:20:55,285 - AEMSOlogs - INFO - RCWA eval:[386. 124. 311. 203. 312. 330.] | diff. eff.:0.1901691164080327
2026-03-21 00:21:18,417 - AEMSOlogs - INFO - RCWA eval:[393. 150. 181. 119. 267. 237.] | diff. eff.:0.15683286264534854
2026-03-21 00:21:41,679 - AEMSOlogs - INFO - RCWA eval:[393.  55. 141. 214. 389. 352.] | diff. eff.:0.2623842903856943
2026-03-21 00:22:04,865 - AEMSOlogs - INFO - RCWA eval:[439.  83. 215. 131. 389. 294.] | diff. eff.:0.03728600855454856
2026-03-21 00:22:04,879 - AEMSOlogs - INFO - Iteration 9: Best Y = -0.8613117774676367 at x = [0.77984746 0.27150486 0.45632916 0.52876473 0.6311736  0.74286168]
2026-03-21 00:22:04,880 - AEMSOlogs - INFO - Working on simulations...
2026-03-21 00:22:28,244 - AEMSOlogs - INFO - RCWA eval:[392. 184. 286. 148. 303. 186.] | diff. eff.:0.3051270506853584
2026-03-21 00:22:51,416 - AEMSOlogs - INFO - RCWA eval:[347. 145. 175. 231. 325. 266.] | diff. eff.:0.36004590704303835
2026-03-21 00:23:14,524 - AEMSOlogs - INFO - RCWA eval:[407. 132. 141. 168. 272. 309.] | diff. eff.:0.36714071095204687
2026-03-21 00:23:37,666 - AEMSOlogs - INFO - RCWA eval:[350. 110. 214. 114. 279. 292.] | diff. eff.:0.5706663686735104
2026-03-21 00:24:00,786 - AEMSOlogs - INFO - RCWA eval:[406. 185. 176. 131. 356. 386.] | diff. eff.:0.25024119539858763
2026-03-21 00:24:23,917 - AEMSOlogs - INFO - RCWA eval:[319.  40. 135. 211. 337. 301.] | diff. eff.:0.42968955599771874
2026-03-21 00:24:47,005 - AEMSOlogs - INFO - RCWA eval:[394. 316. 199. 228. 193. 345.] | diff. eff.:0.025310461532670536
2026-03-21 00:25:10,126 - AEMSOlogs - INFO - RCWA eval:[414. 173. 186. 180. 384. 417.] | diff. eff.:0.026705727010505997
2026-03-21 00:25:33,171 - AEMSOlogs - INFO - RCWA eval:[411. 137. 191. 164. 345. 305.] | diff. eff.:0.10775769893858164
2026-03-21 00:25:56,244 - AEMSOlogs - INFO - RCWA eval:[392.  39. 204. 168. 318. 327.] | diff. eff.:0.6756918321168709
2026-03-21 00:26:19,460 - AEMSOlogs - INFO - RCWA eval:[251. 116. 185. 210. 258. 140.] | diff. eff.:0.01701364882007706
2026-03-21 00:26:42,538 - AEMSOlogs - INFO - RCWA eval:[329. 309. 248. 189. 215. 326.] | diff. eff.:0.24412969414023314
2026-03-21 00:27:05,722 - AEMSOlogs - INFO - RCWA eval:[400.  44. 281. 304. 220. 258.] | diff. eff.:0.08461684202528946
2026-03-21 00:27:28,828 - AEMSOlogs - INFO - RCWA eval:[414. 148. 143.  86. 302. 334.] | diff. eff.:0.45177835659220905
2026-03-21 00:27:28,849 - AEMSOlogs - INFO - Iteration 10: Best Y = -0.8613117774676367 at x = [0.77984746 0.27150486 0.45632916 0.52876473 0.6311736  0.74286168]
2026-03-21 00:27:28,850 - AEMSOlogs - INFO - Working on simulations...
2026-03-21 00:27:51,900 - AEMSOlogs - INFO - RCWA eval:[418. 234. 230. 177. 347. 338.] | diff. eff.:0.4196414091196536
2026-03-21 00:28:15,046 - AEMSOlogs - INFO - RCWA eval:[324. 124. 149. 215. 312. 248.] | diff. eff.:0.38172852970418064
2026-03-21 00:28:38,181 - AEMSOlogs - INFO - RCWA eval:[408. 185. 306. 165. 349. 390.] | diff. eff.:0.5909278932032319
2026-03-21 00:29:01,222 - AEMSOlogs - INFO - RCWA eval:[422. 124. 390. 271. 367. 267.] | diff. eff.:0.024981342462673358
2026-03-21 00:29:24,588 - AEMSOlogs - INFO - RCWA eval:[320. 195. 195.  80. 198. 202.] | diff. eff.:0.22285824669074894
2026-03-21 00:29:47,635 - AEMSOlogs - INFO - RCWA eval:[392. 123. 269. 128. 306. 378.] | diff. eff.:0.3243879172316226
2026-03-21 00:30:10,683 - AEMSOlogs - INFO - RCWA eval:[432. 106. 129. 235. 330. 354.] | diff. eff.:0.45908668147847626
2026-03-21 00:30:33,780 - AEMSOlogs - INFO - RCWA eval:[334. 165.  26. 101. 374. 329.] | diff. eff.:0.13261685441280724
2026-03-21 00:30:56,890 - AEMSOlogs - INFO - RCWA eval:[319. 318. 207.  34. 165. 228.] | diff. eff.:0.2333879487291512
2026-03-21 00:31:20,018 - AEMSOlogs - INFO - RCWA eval:[330. 100.  81. 138. 275. 223.] | diff. eff.:0.4517630572703708
2026-03-21 00:31:43,094 - AEMSOlogs - INFO - RCWA eval:[427. 160. 295.  60. 279. 329.] | diff. eff.:0.2243807540121683
2026-03-21 00:32:06,240 - AEMSOlogs - INFO - RCWA eval:[362. 101. 247. 184. 242. 242.] | diff. eff.:0.21054624925505047
2026-03-21 00:32:29,312 - AEMSOlogs - INFO - RCWA eval:[443.  93. 198. 233. 316. 359.] | diff. eff.:0.37777652650556476
2026-03-21 00:32:52,476 - AEMSOlogs - INFO - RCWA eval:[345.  74.  64. 177. 259. 320.] | diff. eff.:0.628574885355119
2026-03-21 00:32:52,512 - AEMSOlogs - INFO - Iteration 11: Best Y = -0.8613117774676367 at x = [0.77984746 0.27150486 0.45632916 0.52876473 0.6311736  0.74286168]
2026-03-21 00:32:52,514 - AEMSOlogs - INFO - Working on simulations...
2026-03-21 00:33:15,648 - AEMSOlogs - INFO - RCWA eval:[351. 189. 136. 220. 323. 291.] | diff. eff.:0.5354086244287857
2026-03-21 00:33:38,728 - AEMSOlogs - INFO - RCWA eval:[381.  22. 180. 111. 255. 373.] | diff. eff.:0.14337430550445496
2026-03-21 00:34:01,974 - AEMSOlogs - INFO - RCWA eval:[412. 164. 153. 155. 257. 263.] | diff. eff.:0.13247236964622747
2026-03-21 00:34:25,049 - AEMSOlogs - INFO - RCWA eval:[371.  60. 248. 276. 356. 289.] | diff. eff.:0.4528000629133821
2026-03-21 00:34:48,142 - AEMSOlogs - INFO - RCWA eval:[413. 158.  96. 232. 289. 348.] | diff. eff.:0.579981852975769
2026-03-21 00:35:11,220 - AEMSOlogs - INFO - RCWA eval:[426.  34. 171. 209. 351. 271.] | diff. eff.:0.23456994218781346
2026-03-21 00:35:34,338 - AEMSOlogs - INFO - RCWA eval:[371. 179. 165. 273. 351. 294.] | diff. eff.:0.2896308996587328
2026-03-21 00:35:57,427 - AEMSOlogs - INFO - RCWA eval:[374. 205. 114. 155. 327. 282.] | diff. eff.:0.39672547567000843
2026-03-21 00:36:20,652 - AEMSOlogs - INFO - RCWA eval:[446.  62. 219.  82. 355. 313.] | diff. eff.:0.10166549530374394
2026-03-21 00:36:43,773 - AEMSOlogs - INFO - RCWA eval:[375. 164. 180. 223. 275. 352.] | diff. eff.:0.5774212526148893
2026-03-21 00:37:06,854 - AEMSOlogs - INFO - RCWA eval:[393.  88. 121. 139. 313. 312.] | diff. eff.:0.5653011690766812
2026-03-21 00:37:29,871 - AEMSOlogs - INFO - RCWA eval:[449.  26. 220. 262. 411. 360.] | diff. eff.:0.2521838714444355
2026-03-21 00:37:53,043 - AEMSOlogs - INFO - RCWA eval:[335.  42.  59. 217. 255. 223.] | diff. eff.:0.38264325433338
2026-03-21 00:38:16,159 - AEMSOlogs - INFO - RCWA eval:[311. 184. 182. 215. 242. 264.] | diff. eff.:0.3877825801692608
2026-03-21 00:38:16,174 - AEMSOlogs - INFO - Iteration 12: Best Y = -0.8613117774676367 at x = [0.77984746 0.27150486 0.45632916 0.52876473 0.6311736  0.74286168]
2026-03-21 00:38:16,175 - AEMSOlogs - INFO - Working on simulations...
2026-03-21 00:38:39,371 - AEMSOlogs - INFO - RCWA eval:[376. 129. 141. 264. 319. 353.] | diff. eff.:0.8122147422807275
2026-03-21 00:39:02,482 - AEMSOlogs - INFO - RCWA eval:[438. 131. 123.  77. 338. 293.] | diff. eff.:0.2050677182449447
2026-03-21 00:39:25,577 - AEMSOlogs - INFO - RCWA eval:[424. 215.  84. 191. 335. 289.] | diff. eff.:0.11558717777181084
2026-03-21 00:39:48,666 - AEMSOlogs - INFO - RCWA eval:[419. 133.  57. 352. 317. 281.] | diff. eff.:0.032065087299408816
2026-03-21 00:40:11,797 - AEMSOlogs - INFO - RCWA eval:[377. 221. 146. 211. 285. 357.] | diff. eff.:0.44462647994746557
2026-03-21 00:40:34,887 - AEMSOlogs - INFO - RCWA eval:[368. 175. 108. 195. 318. 304.] | diff. eff.:0.6378733658552349
2026-03-21 00:40:57,944 - AEMSOlogs - INFO - RCWA eval:[450.  99.  94. 128. 267. 305.] | diff. eff.:0.2619771455121223
2026-03-21 00:41:21,026 - AEMSOlogs - INFO - RCWA eval:[340. 133. 143. 324. 273. 352.] | diff. eff.:0.2987891166218808
2026-03-21 00:41:44,070 - AEMSOlogs - INFO - RCWA eval:[448. 156.  83. 150. 309. 319.] | diff. eff.:0.3775308526355239
2026-03-21 00:42:07,125 - AEMSOlogs - INFO - RCWA eval:[390. 134. 117. 266. 293. 351.] | diff. eff.:0.794544153210164
2026-03-21 00:42:30,176 - AEMSOlogs - INFO - RCWA eval:[429. 152. 165. 242. 339. 369.] | diff. eff.:0.313600346753539
2026-03-21 00:42:53,275 - AEMSOlogs - INFO - RCWA eval:[313.  88.  72. 160. 291. 286.] | diff. eff.:0.6663930709874571
2026-03-21 00:43:16,467 - AEMSOlogs - INFO - RCWA eval:[335.  29. 209. 137. 277. 327.] | diff. eff.:0.6073202077870924
2026-03-21 00:43:39,570 - AEMSOlogs - INFO - RCWA eval:[352. 106. 143. 156. 250. 323.] | diff. eff.:0.5204859326427899
2026-03-21 00:43:39,585 - AEMSOlogs - INFO - Iteration 13: Best Y = -0.8613117774676367 at x = [0.77984746 0.27150486 0.45632916 0.52876473 0.6311736  0.74286168]
2026-03-21 00:43:39,586 - AEMSOlogs - INFO - Working on simulations...
2026-03-21 00:44:02,634 - AEMSOlogs - INFO - RCWA eval:[387.  26. 182. 256. 290. 351.] | diff. eff.:0.7949483132778419
2026-03-21 00:44:25,652 - AEMSOlogs - INFO - RCWA eval:[365. 201. 241. 265. 300. 391.] | diff. eff.:0.5659689088418102
2026-03-21 00:44:48,742 - AEMSOlogs - INFO - RCWA eval:[426.  92. 160. 287. 367. 407.] | diff. eff.:0.06186243274110998
2026-03-21 00:45:11,847 - AEMSOlogs - INFO - RCWA eval:[376.  20. 110. 156. 247. 313.] | diff. eff.:0.4539930081225657
2026-03-21 00:45:35,017 - AEMSOlogs - INFO - RCWA eval:[316.  36.  22. 199. 275. 305.] | diff. eff.:0.6744252713263406
2026-03-21 00:45:58,273 - AEMSOlogs - INFO - RCWA eval:[341. 107.  58. 134. 287. 304.] | diff. eff.:0.6210325125432945
2026-03-21 00:46:21,518 - AEMSOlogs - INFO - RCWA eval:[400.  33.  95. 195. 299. 329.] | diff. eff.:0.6772377494184116
2026-03-21 00:46:44,759 - AEMSOlogs - INFO - RCWA eval:[364. 104. 163. 128. 263. 267.] | diff. eff.:0.37065289687743513
2026-03-21 00:47:07,852 - AEMSOlogs - INFO - RCWA eval:[396. 119. 190. 245. 337. 344.] | diff. eff.:0.4095307003337264
2026-03-21 00:47:30,957 - AEMSOlogs - INFO - RCWA eval:[335. 130. 109. 233. 290. 354.] | diff. eff.:0.5852236053539022
2026-03-21 00:47:54,080 - AEMSOlogs - INFO - RCWA eval:[378. 144. 144. 258. 318. 326.] | diff. eff.:0.7708014584048738
2026-03-21 00:48:17,184 - AEMSOlogs - INFO - RCWA eval:[367. 168. 107. 312. 277. 308.] | diff. eff.:0.435465120414178
2026-03-21 00:48:40,192 - AEMSOlogs - INFO - RCWA eval:[420. 175. 209. 218. 335. 338.] | diff. eff.:0.5338058658048449
2026-03-21 00:49:03,513 - AEMSOlogs - INFO - RCWA eval:[362.  37. 162. 168. 318. 367.] | diff. eff.:0.3408169774375622
2026-03-21 00:49:03,529 - AEMSOlogs - INFO - Iteration 14: Best Y = -0.8613117774676367 at x = [0.77984746 0.27150486 0.45632916 0.52876473 0.6311736  0.74286168]
2026-03-21 00:49:03,530 - AEMSOlogs - INFO - Working on simulations...
2026-03-21 00:49:26,814 - AEMSOlogs - INFO - RCWA eval:[390.  76.  97. 237. 343. 339.] | diff. eff.:0.5907543578317713
2026-03-21 00:49:49,948 - AEMSOlogs - INFO - RCWA eval:[362. 102.  91. 118. 255. 297.] | diff. eff.:0.4123440612786707
2026-03-21 00:50:13,031 - AEMSOlogs - INFO - RCWA eval:[375.  31.  92. 197. 277. 367.] | diff. eff.:0.2763298115520809
2026-03-21 00:50:36,118 - AEMSOlogs - INFO - RCWA eval:[403.  42.  69. 195. 366. 338.] | diff. eff.:0.13867326621935488
2026-03-21 00:50:59,237 - AEMSOlogs - INFO - RCWA eval:[444. 116.  54. 185. 299. 319.] | diff. eff.:0.47633148252422103
2026-03-21 00:51:22,429 - AEMSOlogs - INFO - RCWA eval:[381.  60. 107. 212. 333. 345.] | diff. eff.:0.636442181363599
2026-03-21 00:51:45,592 - AEMSOlogs - INFO - RCWA eval:[331. 141. 153. 185. 220. 326.] | diff. eff.:0.47809806333264304
2026-03-21 00:52:08,648 - AEMSOlogs - INFO - RCWA eval:[429.  24.  78. 255. 264. 344.] | diff. eff.:0.48108029872432523
2026-03-21 00:52:31,732 - AEMSOlogs - INFO - RCWA eval:[403. 107. 125. 179. 343. 379.] | diff. eff.:0.2422727864041187
2026-03-21 00:52:54,795 - AEMSOlogs - INFO - RCWA eval:[342. 176. 171. 253. 263. 312.] | diff. eff.:0.6599066878732911
2026-03-21 00:53:17,864 - AEMSOlogs - INFO - RCWA eval:[359. 214.  99. 153. 266. 302.] | diff. eff.:0.5232982947547085
2026-03-21 00:53:40,992 - AEMSOlogs - INFO - RCWA eval:[329.  66. 140. 247. 271. 281.] | diff. eff.:0.6282671464750061
2026-03-21 00:54:04,133 - AEMSOlogs - INFO - RCWA eval:[388.  20.  74. 185. 299. 337.] | diff. eff.:0.6920934077036961
2026-03-21 00:54:27,230 - AEMSOlogs - INFO - RCWA eval:[360. 136. 159. 168. 284. 319.] | diff. eff.:0.6912093463308406
2026-03-21 00:54:27,245 - AEMSOlogs - INFO - Iteration 15: Best Y = -0.8613117774676367 at x = [0.77984746 0.27150486 0.45632916 0.52876473 0.6311736  0.74286168]
2026-03-21 00:54:27,246 - AEMSOlogs - INFO - Working on simulations...
2026-03-21 00:54:50,345 - AEMSOlogs - INFO - RCWA eval:[380.  55. 124. 254. 272. 351.] | diff. eff.:0.718179936871584
2026-03-21 00:55:13,485 - AEMSOlogs - INFO - RCWA eval:[370. 125. 138. 240. 307. 295.] | diff. eff.:0.7063342091363226
2026-03-21 00:55:36,564 - AEMSOlogs - INFO - RCWA eval:[339.  20. 118. 227. 270. 334.] | diff. eff.:0.719352607145977
2026-03-21 00:55:59,725 - AEMSOlogs - INFO - RCWA eval:[335.  97. 119. 177. 277. 341.] | diff. eff.:0.6830083870026006
2026-03-21 00:56:22,782 - AEMSOlogs - INFO - RCWA eval:[421.  46. 110. 112. 287. 310.] | diff. eff.:0.36435440753411813
2026-03-21 00:56:45,821 - AEMSOlogs - INFO - RCWA eval:[397. 127. 183. 159. 264. 328.] | diff. eff.:0.4236380180863637
2026-03-21 00:57:08,971 - AEMSOlogs - INFO - RCWA eval:[371. 109. 160. 198. 286. 338.] | diff. eff.:0.7023440077250167
2026-03-21 00:57:32,082 - AEMSOlogs - INFO - RCWA eval:[369.  90. 128. 190. 264. 347.] | diff. eff.:0.5800097440222222
2026-03-21 00:57:55,152 - AEMSOlogs - INFO - RCWA eval:[385.  64.  98. 245. 272. 331.] | diff. eff.:0.5776211634332243
2026-03-21 00:58:18,304 - AEMSOlogs - INFO - RCWA eval:[378.  61. 125. 124. 332. 281.] | diff. eff.:0.2401992457161631
2026-03-21 00:58:41,389 - AEMSOlogs - INFO - RCWA eval:[356.  20.  82. 187. 269. 319.] | diff. eff.:0.6705006990320492
2026-03-21 00:59:04,458 - AEMSOlogs - INFO - RCWA eval:[417.  58. 165. 236. 309. 366.] | diff. eff.:0.38588126459780236
2026-03-21 00:59:27,559 - AEMSOlogs - INFO - RCWA eval:[410. 165. 116. 207. 288. 355.] | diff. eff.:0.4364711085748513
2026-03-21 00:59:50,665 - AEMSOlogs - INFO - RCWA eval:[385.  31.  39. 184. 285. 319.] | diff. eff.:0.5595683310091785
2026-03-21 00:59:50,680 - AEMSOlogs - INFO - Iteration 16: Best Y = -0.8613117774676367 at x = [0.77984746 0.27150486 0.45632916 0.52876473 0.6311736  0.74286168]
2026-03-21 00:59:50,681 - AEMSOlogs - INFO - Working on simulations...
2026-03-21 01:00:13,742 - AEMSOlogs - INFO - RCWA eval:[372.  20. 150. 223. 292. 370.] | diff. eff.:0.39541792428315076
2026-03-21 01:00:37,030 - AEMSOlogs - INFO - RCWA eval:[340.  72. 122. 242. 216. 328.] | diff. eff.:0.5913804965524349
2026-03-21 01:01:00,355 - AEMSOlogs - INFO - RCWA eval:[361.  77. 158. 224. 300. 341.] | diff. eff.:0.832792670906527
2026-03-21 01:01:23,502 - AEMSOlogs - INFO - RCWA eval:[331. 111. 130. 185. 270. 319.] | diff. eff.:0.678379419176617
2026-03-21 01:01:46,622 - AEMSOlogs - INFO - RCWA eval:[392. 128. 124. 231. 264. 374.] | diff. eff.:0.20345991805384123
2026-03-21 01:02:09,727 - AEMSOlogs - INFO - RCWA eval:[361.  88. 119. 245. 322. 316.] | diff. eff.:0.8167117256524126
2026-03-21 01:02:32,777 - AEMSOlogs - INFO - RCWA eval:[409.  28. 145. 257. 316. 365.] | diff. eff.:0.49043203200312735
2026-03-21 01:02:55,949 - AEMSOlogs - INFO - RCWA eval:[336.  29. 104. 230. 311. 303.] | diff. eff.:0.6226020268742638
2026-03-21 01:03:19,044 - AEMSOlogs - INFO - RCWA eval:[339. 151. 119. 200. 240. 303.] | diff. eff.:0.5456945738572864
2026-03-21 01:03:42,171 - AEMSOlogs - INFO - RCWA eval:[360. 160. 183. 214. 286. 293.] | diff. eff.:0.6699607987386809
2026-03-21 01:04:05,237 - AEMSOlogs - INFO - RCWA eval:[397. 103. 100. 205. 258. 364.] | diff. eff.:0.20815709220835452
2026-03-21 01:04:28,303 - AEMSOlogs - INFO - RCWA eval:[363.  22.  56. 193. 244. 415.] | diff. eff.:0.23553796581021016
2026-03-21 01:04:51,365 - AEMSOlogs - INFO - RCWA eval:[358.  25. 108. 236. 279. 398.] | diff. eff.:0.4084747833207332
2026-03-21 01:05:14,471 - AEMSOlogs - INFO - RCWA eval:[352.  54. 118. 165. 295. 350.] | diff. eff.:0.6466251640521277
2026-03-21 01:05:14,487 - AEMSOlogs - INFO - Iteration 17: Best Y = -0.8613117774676367 at x = [0.77984746 0.27150486 0.45632916 0.52876473 0.6311736  0.74286168]
2026-03-21 01:05:14,488 - AEMSOlogs - INFO - Working on simulations...
2026-03-21 01:05:37,603 - AEMSOlogs - INFO - RCWA eval:[393. 132. 176. 262. 370. 355.] | diff. eff.:0.395497983355879
2026-03-21 01:06:00,735 - AEMSOlogs - INFO - RCWA eval:[352.  52.  52. 177. 266. 348.] | diff. eff.:0.6084712063723062
2026-03-21 01:06:23,859 - AEMSOlogs - INFO - RCWA eval:[393. 111. 204. 216. 355. 330.] | diff. eff.:0.15776043760621739
2026-03-21 01:06:46,915 - AEMSOlogs - INFO - RCWA eval:[314.  50. 139. 225. 281. 316.] | diff. eff.:0.6777308293030603
2026-03-21 01:07:10,077 - AEMSOlogs - INFO - RCWA eval:[323.  60. 176. 262. 338. 288.] | diff. eff.:0.3612242229237797
2026-03-21 01:07:33,184 - AEMSOlogs - INFO - RCWA eval:[330.  85. 114. 162. 280. 302.] | diff. eff.:0.6579650108688285
2026-03-21 01:07:56,238 - AEMSOlogs - INFO - RCWA eval:[336. 109. 163. 237. 271. 353.] | diff. eff.:0.606016027070764
2026-03-21 01:08:19,358 - AEMSOlogs - INFO - RCWA eval:[361.  84. 177. 214. 287. 326.] | diff. eff.:0.7781950390878842
2026-03-21 01:08:42,488 - AEMSOlogs - INFO - RCWA eval:[349. 162. 121. 199. 300. 302.] | diff. eff.:0.7286225562775684
2026-03-21 01:09:05,565 - AEMSOlogs - INFO - RCWA eval:[358.  76. 189. 212. 292. 326.] | diff. eff.:0.8172139410944673
2026-03-21 01:09:28,689 - AEMSOlogs - INFO - RCWA eval:[313. 129. 110. 179. 293. 291.] | diff. eff.:0.44371891613784975
2026-03-21 01:09:51,864 - AEMSOlogs - INFO - RCWA eval:[334.  90. 120. 228. 254. 320.] | diff. eff.:0.6644950870248052
2026-03-21 01:10:15,018 - AEMSOlogs - INFO - RCWA eval:[384.  21. 122. 235. 324. 340.] | diff. eff.:0.7594100350745564
2026-03-21 01:10:38,087 - AEMSOlogs - INFO - RCWA eval:[365. 104.  89. 254. 287. 348.] | diff. eff.:0.8349249843797819
2026-03-21 01:10:38,103 - AEMSOlogs - INFO - Iteration 18: Best Y = -0.8613117774676367 at x = [0.77984746 0.27150486 0.45632916 0.52876473 0.6311736  0.74286168]
2026-03-21 01:10:38,104 - AEMSOlogs - INFO - Working on simulations...
2026-03-21 01:11:01,194 - AEMSOlogs - INFO - RCWA eval:[345.  40. 130. 210. 295. 325.] | diff. eff.:0.8272807563057287
2026-03-21 01:11:24,376 - AEMSOlogs - INFO - RCWA eval:[372. 120. 114. 213. 258. 319.] | diff. eff.:0.511602844679164
2026-03-21 01:11:47,522 - AEMSOlogs - INFO - RCWA eval:[360. 108. 162. 223. 302. 350.] | diff. eff.:0.735006267969192
2026-03-21 01:12:10,654 - AEMSOlogs - INFO - RCWA eval:[379.  72. 127. 268. 305. 338.] | diff. eff.:0.9021511112924936
2026-03-21 01:12:33,724 - AEMSOlogs - INFO - RCWA eval:[372.  89. 125. 206. 288. 306.] | diff. eff.:0.6813707211680314
2026-03-21 01:12:56,778 - AEMSOlogs - INFO - RCWA eval:[348. 116. 182. 258. 280. 344.] | diff. eff.:0.8242994674850274
2026-03-21 01:13:19,881 - AEMSOlogs - INFO - RCWA eval:[337.  57.  81. 231. 282. 341.] | diff. eff.:0.8088255954755885
2026-03-21 01:13:43,004 - AEMSOlogs - INFO - RCWA eval:[361.  37. 187. 216. 325. 362.] | diff. eff.:0.45340118216225994
2026-03-21 01:14:06,125 - AEMSOlogs - INFO - RCWA eval:[378.  89.  66. 230. 321. 332.] | diff. eff.:0.7682782835504671
2026-03-21 01:14:29,211 - AEMSOlogs - INFO - RCWA eval:[346.  61. 150. 246. 342. 337.] | diff. eff.:0.5575869145299559
2026-03-21 01:14:52,368 - AEMSOlogs - INFO - RCWA eval:[373. 126. 150. 209. 290. 326.] | diff. eff.:0.6953179101159072
2026-03-21 01:15:15,433 - AEMSOlogs - INFO - RCWA eval:[367.  77. 146. 250. 339. 343.] | diff. eff.:0.7119005231331355
2026-03-21 01:15:38,613 - AEMSOlogs - INFO - RCWA eval:[369.  76. 132. 246. 330. 357.] | diff. eff.:0.6194350778167002
2026-03-21 01:16:01,756 - AEMSOlogs - INFO - RCWA eval:[361.  81. 152. 184. 319. 294.] | diff. eff.:0.6106181057902228
2026-03-21 01:16:01,773 - AEMSOlogs - INFO - Iteration 19: Best Y = -0.9021511112924936 at x = [0.83508405 0.12137058 0.24946075 0.57627911 0.66295688 0.73978069]
2026-03-21 01:16:01,774 - AEMSOlogs - INFO - Working on simulations...
2026-03-21 01:16:24,864 - AEMSOlogs - INFO - RCWA eval:[353.  35. 114. 237. 283. 323.] | diff. eff.:0.8442260919949967
2026-03-21 01:16:48,056 - AEMSOlogs - INFO - RCWA eval:[378. 132. 113. 233. 329. 353.] | diff. eff.:0.6638654656544225
2026-03-21 01:17:11,278 - AEMSOlogs - INFO - RCWA eval:[356. 129. 141. 207. 300. 323.] | diff. eff.:0.8138368419893861
2026-03-21 01:17:34,383 - AEMSOlogs - INFO - RCWA eval:[333. 124. 157. 244. 264. 335.] | diff. eff.:0.7130565349666249
2026-03-21 01:17:57,553 - AEMSOlogs - INFO - RCWA eval:[374.  71. 149. 258. 291. 347.] | diff. eff.:0.8613437931014846
2026-03-21 01:18:20,548 - AEMSOlogs - INFO - RCWA eval:[363.  70. 129. 215. 295. 320.] | diff. eff.:0.8151587236309785
2026-03-21 01:18:43,676 - AEMSOlogs - INFO - RCWA eval:[359. 108. 155. 215. 284. 342.] | diff. eff.:0.7803828211615857
2026-03-21 01:19:06,786 - AEMSOlogs - INFO - RCWA eval:[358.  72. 116. 216. 304. 309.] | diff. eff.:0.7895454168531364
2026-03-21 01:19:29,894 - AEMSOlogs - INFO - RCWA eval:[356.  79. 131. 219. 309. 324.] | diff. eff.:0.8278154046897843
2026-03-21 01:19:52,981 - AEMSOlogs - INFO - RCWA eval:[329.  51. 107. 253. 282. 321.] | diff. eff.:0.7971281586320232
2026-03-21 01:20:16,073 - AEMSOlogs - INFO - RCWA eval:[341.  23. 130. 273. 287. 334.] | diff. eff.:0.7959283486692659
2026-03-21 01:20:39,192 - AEMSOlogs - INFO - RCWA eval:[363.  86. 128. 270. 297. 345.] | diff. eff.:0.9210056660754503
2026-03-21 01:21:02,346 - AEMSOlogs - INFO - RCWA eval:[356. 124. 129. 218. 302. 334.] | diff. eff.:0.8291839742567665
2026-03-21 01:21:25,623 - AEMSOlogs - INFO - RCWA eval:[394.  23.  83. 184. 317. 361.] | diff. eff.:0.3626628179326427
2026-03-21 01:21:25,638 - AEMSOlogs - INFO - Iteration 20: Best Y = -0.9210056660754503 at x = [0.79735753 0.15404768 0.25178279 0.5824711  0.64392196 0.75630014]
2026-03-21 01:21:25,639 - AEMSOlogs - INFO - Working on simulations...
2026-03-21 01:21:48,917 - AEMSOlogs - INFO - RCWA eval:[353.  63. 136. 241. 290. 341.] | diff. eff.:0.8574394683588703
2026-03-21 01:22:12,178 - AEMSOlogs - INFO - RCWA eval:[373.  97. 142. 239. 306. 320.] | diff. eff.:0.8107798675417547
2026-03-21 01:22:35,391 - AEMSOlogs - INFO - RCWA eval:[367.  89. 172. 237. 298. 338.] | diff. eff.:0.8555959523813894
2026-03-21 01:22:58,415 - AEMSOlogs - INFO - RCWA eval:[390.  83. 118. 266. 307. 330.] | diff. eff.:0.8286043756886089
2026-03-21 01:23:21,492 - AEMSOlogs - INFO - RCWA eval:[391.  31. 139. 249. 317. 345.] | diff. eff.:0.8009223642758708
2026-03-21 01:23:44,589 - AEMSOlogs - INFO - RCWA eval:[372.  60. 123. 252. 312. 339.] | diff. eff.:0.876033298075
2026-03-21 01:24:07,691 - AEMSOlogs - INFO - RCWA eval:[358. 112. 151. 242. 287. 343.] | diff. eff.:0.8501688618256183
2026-03-21 01:24:30,810 - AEMSOlogs - INFO - RCWA eval:[362.  67. 155. 249. 292. 343.] | diff. eff.:0.8787164905758774
2026-03-21 01:24:54,027 - AEMSOlogs - INFO - RCWA eval:[363.  80. 135. 278. 288. 334.] | diff. eff.:0.8766849613327714
2026-03-21 01:25:17,142 - AEMSOlogs - INFO - RCWA eval:[363.  56. 140. 230. 304. 348.] | diff. eff.:0.7810091617383519
2026-03-21 01:25:40,157 - AEMSOlogs - INFO - RCWA eval:[366.  61. 122. 231. 292. 328.] | diff. eff.:0.8238661902808736
2026-03-21 01:26:03,191 - AEMSOlogs - INFO - RCWA eval:[342.  72. 110. 249. 286. 341.] | diff. eff.:0.832113281658121
2026-03-21 01:26:26,371 - AEMSOlogs - INFO - RCWA eval:[370.  72. 155. 251. 288. 340.] | diff. eff.:0.840043655954712
2026-03-21 01:26:49,453 - AEMSOlogs - INFO - RCWA eval:[356.  52. 121. 245. 295. 355.] | diff. eff.:0.6663184630718489
2026-03-21 01:26:49,468 - AEMSOlogs - INFO - Iteration 21: Best Y = -0.9210056660754503 at x = [0.79735753 0.15404768 0.25178279 0.5824711  0.64392196 0.75630014]
2026-03-21 01:26:49,469 - AEMSOlogs - INFO - Working on simulations...
2026-03-21 01:27:12,641 - AEMSOlogs - INFO - RCWA eval:[357. 126. 177. 219. 293. 327.] | diff. eff.:0.8264300038592108
2026-03-21 01:27:35,723 - AEMSOlogs - INFO - RCWA eval:[367.  84. 128. 250. 292. 333.] | diff. eff.:0.8571943160747212
2026-03-21 01:27:58,875 - AEMSOlogs - INFO - RCWA eval:[371.  75. 127. 262. 286. 351.] | diff. eff.:0.823175427301417
2026-03-21 01:28:21,959 - AEMSOlogs - INFO - RCWA eval:[338.  48. 132. 217. 281. 322.] | diff. eff.:0.7897191897529258
2026-03-21 01:28:45,047 - AEMSOlogs - INFO - RCWA eval:[391.  94. 155. 241. 303. 345.] | diff. eff.:0.7904886718374359
2026-03-21 01:29:08,189 - AEMSOlogs - INFO - RCWA eval:[369.  66. 194. 234. 300. 349.] | diff. eff.:0.8079514502299575
2026-03-21 01:29:31,309 - AEMSOlogs - INFO - RCWA eval:[352.  29. 159. 250. 298. 330.] | diff. eff.:0.8961493538622688
2026-03-21 01:29:54,409 - AEMSOlogs - INFO - RCWA eval:[375.  84. 109. 250. 320. 346.] | diff. eff.:0.808575092695819
2026-03-21 01:30:17,503 - AEMSOlogs - INFO - RCWA eval:[382.  64. 120. 252. 288. 356.] | diff. eff.:0.6662255989985827
2026-03-21 01:30:40,622 - AEMSOlogs - INFO - RCWA eval:[360.  60. 172. 256. 301. 342.] | diff. eff.:0.9103549623849311
2026-03-21 01:31:03,689 - AEMSOlogs - INFO - RCWA eval:[352.  90. 110. 267. 285. 337.] | diff. eff.:0.8827794104777087
2026-03-21 01:31:26,783 - AEMSOlogs - INFO - RCWA eval:[376.  54. 133. 220. 289. 342.] | diff. eff.:0.7466342945332878
2026-03-21 01:31:49,881 - AEMSOlogs - INFO - RCWA eval:[358.  63. 179. 261. 301. 338.] | diff. eff.:0.9269773494402263
2026-03-21 01:32:13,021 - AEMSOlogs - INFO - RCWA eval:[356.  85. 151. 249. 272. 349.] | diff. eff.:0.775109156716091
2026-03-21 01:32:13,035 - AEMSOlogs - INFO - Iteration 22: Best Y = -0.9269773494402263 at x = [0.78684583 0.09960527 0.36982953 0.56030943 0.65413723 0.73875657]
2026-03-21 01:32:13,036 - AEMSOlogs - INFO - Working on simulations...
2026-03-21 01:32:36,141 - AEMSOlogs - INFO - RCWA eval:[362.  37. 168. 261. 305. 328.] | diff. eff.:0.9279475627922559
2026-03-21 01:32:59,254 - AEMSOlogs - INFO - RCWA eval:[363.  62. 115. 242. 298. 341.] | diff. eff.:0.8698223339299128
2026-03-21 01:33:22,342 - AEMSOlogs - INFO - RCWA eval:[352.  68. 177. 254. 289. 340.] | diff. eff.:0.8764112620224003
2026-03-21 01:33:45,470 - AEMSOlogs - INFO - RCWA eval:[345.  64. 152. 245. 297. 329.] | diff. eff.:0.8665159710339932
2026-03-21 01:34:08,674 - AEMSOlogs - INFO - RCWA eval:[358. 129. 160. 232. 312. 331.] | diff. eff.:0.8416625219071306
2026-03-21 01:34:31,938 - AEMSOlogs - INFO - RCWA eval:[363.  45. 180. 249. 281. 342.] | diff. eff.:0.8093884064587836
2026-03-21 01:34:55,034 - AEMSOlogs - INFO - RCWA eval:[363.  71. 130. 234. 301. 339.] | diff. eff.:0.8549330465899199
2026-03-21 01:35:18,154 - AEMSOlogs - INFO - RCWA eval:[356. 107. 169. 256. 308. 336.] | diff. eff.:0.905903126628523
2026-03-21 01:35:41,207 - AEMSOlogs - INFO - RCWA eval:[355.  74. 181. 258. 317. 329.] | diff. eff.:0.8788577982547889
2026-03-21 01:36:04,290 - AEMSOlogs - INFO - RCWA eval:[367.  20. 159. 293. 315. 340.] | diff. eff.:0.8975901571981425
2026-03-21 01:36:27,398 - AEMSOlogs - INFO - RCWA eval:[349.  53. 149. 228. 300. 325.] | diff. eff.:0.8575838943345067
2026-03-21 01:36:50,658 - AEMSOlogs - INFO - RCWA eval:[363.  86. 121. 242. 298. 341.] | diff. eff.:0.869343046791971
2026-03-21 01:37:13,965 - AEMSOlogs - INFO - RCWA eval:[343.  29. 185. 238. 293. 336.] | diff. eff.:0.8137503115970701
2026-03-21 01:37:37,138 - AEMSOlogs - INFO - RCWA eval:[348.  97. 170. 210. 288. 325.] | diff. eff.:0.8104374418247623
2026-03-21 01:37:37,153 - AEMSOlogs - INFO - Iteration 23: Best Y = -0.9279475627922559 at x = [0.79489969 0.03949426 0.34416837 0.5606388  0.66296055 0.71633876]
2026-03-21 01:37:37,154 - AEMSOlogs - INFO - Working on simulations...
2026-03-21 01:38:00,264 - AEMSOlogs - INFO - RCWA eval:[354.  71. 178. 276. 291. 337.] | diff. eff.:0.8967140485250691
2026-03-21 01:38:23,410 - AEMSOlogs - INFO - RCWA eval:[361.  80. 168. 236. 306. 321.] | diff. eff.:0.8693564384430851
2026-03-21 01:38:46,393 - AEMSOlogs - INFO - RCWA eval:[337.  57. 206. 261. 312. 332.] | diff. eff.:0.754405619313716
2026-03-21 01:39:09,512 - AEMSOlogs - INFO - RCWA eval:[372.  90. 155. 264. 305. 340.] | diff. eff.:0.9198674471240985
2026-03-21 01:39:32,607 - AEMSOlogs - INFO - RCWA eval:[364.  94. 126. 237. 319. 327.] | diff. eff.:0.8254272761625395
2026-03-21 01:39:55,632 - AEMSOlogs - INFO - RCWA eval:[362.  56. 152. 281. 303. 332.] | diff. eff.:0.9331294466300624
2026-03-21 01:40:18,725 - AEMSOlogs - INFO - RCWA eval:[354.  36. 185. 277. 306. 323.] | diff. eff.:0.9050388234832243
2026-03-21 01:40:41,763 - AEMSOlogs - INFO - RCWA eval:[344.  86. 215. 273. 304. 322.] | diff. eff.:0.8220243083767939
2026-03-21 01:41:04,832 - AEMSOlogs - INFO - RCWA eval:[367.  44. 167. 249. 331. 337.] | diff. eff.:0.8017331484779262
2026-03-21 01:41:27,894 - AEMSOlogs - INFO - RCWA eval:[364.  90. 166. 278. 330. 340.] | diff. eff.:0.8519397931672384
2026-03-21 01:41:51,009 - AEMSOlogs - INFO - RCWA eval:[363.  70. 139. 229. 326. 320.] | diff. eff.:0.7804595829269035
2026-03-21 01:42:14,175 - AEMSOlogs - INFO - RCWA eval:[362.  43. 136. 271. 296. 331.] | diff. eff.:0.9172736305106679
2026-03-21 01:42:37,315 - AEMSOlogs - INFO - RCWA eval:[344.  27. 220. 261. 316. 327.] | diff. eff.:0.7857766663233079
2026-03-21 01:43:00,516 - AEMSOlogs - INFO - RCWA eval:[357.  32. 151. 275. 303. 332.] | diff. eff.:0.9345847973485718
2026-03-21 01:43:00,533 - AEMSOlogs - INFO - Iteration 24: Best Y = -0.9345847973485718 at x = [0.78383096 0.02839236 0.30507018 0.59367826 0.65915163 0.72482131]
2026-03-21 01:43:00,534 - AEMSOlogs - INFO - Working on simulations...
2026-03-21 01:43:23,831 - AEMSOlogs - INFO - RCWA eval:[356. 116. 166. 231. 300. 320.] | diff. eff.:0.8587441026787291
2026-03-21 01:43:47,096 - AEMSOlogs - INFO - RCWA eval:[350.  46. 170. 274. 302. 327.] | diff. eff.:0.8971948940204771
2026-03-21 01:44:10,320 - AEMSOlogs - INFO - RCWA eval:[352.  57. 157. 263. 286. 327.] | diff. eff.:0.8547464130890685
2026-03-21 01:44:33,417 - AEMSOlogs - INFO - RCWA eval:[361.  77. 170. 273. 306. 331.] | diff. eff.:0.9423674963183845
2026-03-21 01:44:56,527 - AEMSOlogs - INFO - RCWA eval:[368.  86. 131. 248. 319. 333.] | diff. eff.:0.8522999215361253
2026-03-21 01:45:19,671 - AEMSOlogs - INFO - RCWA eval:[360.  36. 169. 266. 307. 335.] | diff. eff.:0.9374607268626796
2026-03-21 01:45:42,873 - AEMSOlogs - INFO - RCWA eval:[366.  46. 148. 263. 313. 324.] | diff. eff.:0.9053259647896121
2026-03-21 01:46:05,971 - AEMSOlogs - INFO - RCWA eval:[362.  20. 150. 265. 304. 328.] | diff. eff.:0.931070255505917
2026-03-21 01:46:29,030 - AEMSOlogs - INFO - RCWA eval:[351.  60. 163. 280. 274. 338.] | diff. eff.:0.7485542349932613
2026-03-21 01:46:52,123 - AEMSOlogs - INFO - RCWA eval:[364. 100. 167. 275. 300. 344.] | diff. eff.:0.9391884351004414
2026-03-21 01:47:15,291 - AEMSOlogs - INFO - RCWA eval:[367.  48. 165. 280. 300. 329.] | diff. eff.:0.9084312075269804
2026-03-21 01:47:38,429 - AEMSOlogs - INFO - RCWA eval:[361.  65. 156. 260. 319. 329.] | diff. eff.:0.8904792489858719
2026-03-21 01:48:01,564 - AEMSOlogs - INFO - RCWA eval:[356.  22. 169. 274. 313. 327.] | diff. eff.:0.9131908610673671
2026-03-21 01:48:24,639 - AEMSOlogs - INFO - RCWA eval:[367.  34. 222. 283. 310. 329.] | diff. eff.:0.9293641650468034
2026-03-21 01:48:24,654 - AEMSOlogs - INFO - Iteration 25: Best Y = -0.9423674963183845 at x = [0.7924159  0.13341021 0.34827751 0.58806897 0.66608938 0.72247042]
2026-03-21 01:48:24,655 - AEMSOlogs - INFO - Working on simulations...
2026-03-21 01:48:47,727 - AEMSOlogs - INFO - RCWA eval:[357.  80. 148. 262. 294. 334.] | diff. eff.:0.9168287273715785
2026-03-21 01:49:10,755 - AEMSOlogs - INFO - RCWA eval:[357.  94. 153. 228. 306. 331.] | diff. eff.:0.8544886586593129
2026-03-21 01:49:33,856 - AEMSOlogs - INFO - RCWA eval:[374.  99. 128. 259. 303. 349.] | diff. eff.:0.8575367097478749
2026-03-21 01:49:56,919 - AEMSOlogs - INFO - RCWA eval:[346.  20. 159. 276. 301. 338.] | diff. eff.:0.8554040027040467
2026-03-21 01:50:20,089 - AEMSOlogs - INFO - RCWA eval:[359.  62. 172. 260. 290. 336.] | diff. eff.:0.8937860157569455
2026-03-21 01:50:43,219 - AEMSOlogs - INFO - RCWA eval:[359.  63. 188. 280. 312. 322.] | diff. eff.:0.9094363294542664
2026-03-21 01:51:06,291 - AEMSOlogs - INFO - RCWA eval:[351.  69. 184. 278. 298. 341.] | diff. eff.:0.885196193966293
2026-03-21 01:51:29,448 - AEMSOlogs - INFO - RCWA eval:[370.  32. 185. 274. 310. 340.] | diff. eff.:0.9491686896622438
2026-03-21 01:51:52,663 - AEMSOlogs - INFO - RCWA eval:[357.  48. 200. 269. 304. 324.] | diff. eff.:0.9225577572059592
2026-03-21 01:52:15,720 - AEMSOlogs - INFO - RCWA eval:[345.  61. 151. 237. 289. 317.] | diff. eff.:0.8454163210996841
2026-03-21 01:52:38,822 - AEMSOlogs - INFO - RCWA eval:[355.  44. 204. 249. 302. 320.] | diff. eff.:0.8945477546024344
2026-03-21 01:53:01,858 - AEMSOlogs - INFO - RCWA eval:[374.  84. 190. 276. 321. 324.] | diff. eff.:0.8799310096462386
2026-03-21 01:53:24,948 - AEMSOlogs - INFO - RCWA eval:[354.  21. 150. 269. 298. 334.] | diff. eff.:0.9203198705883312
2026-03-21 01:53:48,114 - AEMSOlogs - INFO - RCWA eval:[366.  68. 121. 286. 307. 348.] | diff. eff.:0.8971470749964541
2026-03-21 01:53:48,133 - AEMSOlogs - INFO - Iteration 26: Best Y = -0.9491686896622438 at x = [0.81355544 0.02884173 0.38427504 0.59164042 0.67373633 0.74335359]
2026-03-21 01:53:48,134 - AEMSOlogs - INFO - Working on simulations...
2026-03-21 01:54:11,269 - AEMSOlogs - INFO - RCWA eval:[343.  77. 169. 263. 308. 336.] | diff. eff.:0.837204940077848
2026-03-21 01:54:34,373 - AEMSOlogs - INFO - RCWA eval:[359.  84. 192. 270. 314. 323.] | diff. eff.:0.9151056566829532
2026-03-21 01:54:57,469 - AEMSOlogs - INFO - RCWA eval:[370.  42. 176. 290. 308. 344.] | diff. eff.:0.9248397242502717
2026-03-21 01:55:20,619 - AEMSOlogs - INFO - RCWA eval:[377.  33. 198. 288. 315. 324.] | diff. eff.:0.8568749341270862
2026-03-21 01:55:43,750 - AEMSOlogs - INFO - RCWA eval:[341.  92. 209. 271. 296. 340.] | diff. eff.:0.818619189816137
2026-03-21 01:56:06,873 - AEMSOlogs - INFO - RCWA eval:[356.  66. 148. 285. 317. 346.] | diff. eff.:0.8271564408493807
2026-03-21 01:56:30,149 - AEMSOlogs - INFO - RCWA eval:[371.  36. 154. 274. 310. 333.] | diff. eff.:0.929960642242135
2026-03-21 01:56:53,253 - AEMSOlogs - INFO - RCWA eval:[365.  38. 189. 262. 301. 330.] | diff. eff.:0.9209319422237024
2026-03-21 01:57:16,305 - AEMSOlogs - INFO - RCWA eval:[368.  66. 184. 279. 312. 336.] | diff. eff.:0.9477024173285992
2026-03-21 01:57:39,416 - AEMSOlogs - INFO - RCWA eval:[360.  49. 167. 279. 299. 335.] | diff. eff.:0.9337493519365033
2026-03-21 01:58:02,548 - AEMSOlogs - INFO - RCWA eval:[355.  38. 161. 253. 291. 334.] | diff. eff.:0.8837385578603392
2026-03-21 01:58:25,781 - AEMSOlogs - INFO - RCWA eval:[379.  43. 197. 288. 307. 352.] | diff. eff.:0.8922738851619046
2026-03-21 01:58:48,911 - AEMSOlogs - INFO - RCWA eval:[377.  40. 197. 288. 317. 337.] | diff. eff.:0.9170428661846344
2026-03-21 01:59:12,100 - AEMSOlogs - INFO - RCWA eval:[346.  32. 180. 270. 307. 324.] | diff. eff.:0.85875014617733
2026-03-21 01:59:12,117 - AEMSOlogs - INFO - Iteration 27: Best Y = -0.9491686896622438 at x = [0.81355544 0.02884173 0.38427504 0.59164042 0.67373633 0.74335359]
2026-03-21 01:59:12,118 - AEMSOlogs - INFO - Working on simulations...
2026-03-21 01:59:35,283 - AEMSOlogs - INFO - RCWA eval:[366. 115. 174. 275. 308. 342.] | diff. eff.:0.9472439042484916
2026-03-21 01:59:58,433 - AEMSOlogs - INFO - RCWA eval:[360.  57. 154. 288. 303. 334.] | diff. eff.:0.9118100710656273
2026-03-21 02:00:21,495 - AEMSOlogs - INFO - RCWA eval:[370.  63. 220. 271. 312. 341.] | diff. eff.:0.9507620718859806
2026-03-21 02:00:44,655 - AEMSOlogs - INFO - RCWA eval:[368.  57. 171. 287. 310. 329.] | diff. eff.:0.9089274754369154
2026-03-21 02:01:07,739 - AEMSOlogs - INFO - RCWA eval:[372.  35. 173. 282. 314. 339.] | diff. eff.:0.9377857313903278
2026-03-21 02:01:30,846 - AEMSOlogs - INFO - RCWA eval:[361.  28. 173. 268. 306. 328.] | diff. eff.:0.9373502429704804
2026-03-21 02:01:53,965 - AEMSOlogs - INFO - RCWA eval:[362.  26. 210. 286. 313. 343.] | diff. eff.:0.9196347086790582
2026-03-21 02:02:17,171 - AEMSOlogs - INFO - RCWA eval:[372.  37. 157. 285. 310. 338.] | diff. eff.:0.9296354181758869
2026-03-21 02:02:40,333 - AEMSOlogs - INFO - RCWA eval:[356.  36. 176. 276. 307. 333.] | diff. eff.:0.9281998285147744
2026-03-21 02:03:03,467 - AEMSOlogs - INFO - RCWA eval:[371.  68. 215. 288. 312. 340.] | diff. eff.:0.9450852849846169
2026-03-21 02:03:26,631 - AEMSOlogs - INFO - RCWA eval:[367.  60. 194. 275. 314. 339.] | diff. eff.:0.9475872268532632
2026-03-21 02:03:49,816 - AEMSOlogs - INFO - RCWA eval:[367.  38. 179. 283. 304. 339.] | diff. eff.:0.9454273967720732
2026-03-21 02:04:12,924 - AEMSOlogs - INFO - RCWA eval:[368.  30. 190. 273. 303. 331.] | diff. eff.:0.9309160474890408
2026-03-21 02:04:36,119 - AEMSOlogs - INFO - RCWA eval:[383.  44. 167. 298. 316. 337.] | diff. eff.:0.8317805361239764
2026-03-21 02:04:36,135 - AEMSOlogs - INFO - Iteration 28: Best Y = -0.9507620718859806 at x = [0.81308364 0.10094319 0.4649067  0.58307773 0.6794888  0.74727581]
2026-03-21 02:04:36,136 - AEMSOlogs - INFO - Working on simulations...
2026-03-21 02:04:59,258 - AEMSOlogs - INFO - RCWA eval:[365.  61. 177. 264. 308. 339.] | diff. eff.:0.9353394678470781
2026-03-21 02:05:22,322 - AEMSOlogs - INFO - RCWA eval:[371.  89. 197. 268. 314. 347.] | diff. eff.:0.9153102245672823
2026-03-21 02:05:45,518 - AEMSOlogs - INFO - RCWA eval:[373.  40. 179. 271. 302. 342.] | diff. eff.:0.935942832025892
2026-03-21 02:06:08,643 - AEMSOlogs - INFO - RCWA eval:[363.  53. 200. 273. 314. 337.] | diff. eff.:0.9422554123922487
2026-03-21 02:06:31,721 - AEMSOlogs - INFO - RCWA eval:[355.  22. 169. 268. 296. 322.] | diff. eff.:0.9025555867303567
2026-03-21 02:06:54,855 - AEMSOlogs - INFO - RCWA eval:[358.  45. 177. 277. 302. 329.] | diff. eff.:0.9301963625581549
2026-03-21 02:07:17,955 - AEMSOlogs - INFO - RCWA eval:[367.  59. 186. 257. 303. 347.] | diff. eff.:0.8931024721434745
2026-03-21 02:07:41,145 - AEMSOlogs - INFO - RCWA eval:[366.  27. 218. 289. 318. 338.] | diff. eff.:0.9278565851057387
2026-03-21 02:08:04,315 - AEMSOlogs - INFO - RCWA eval:[370.  64. 189. 281. 308. 339.] | diff. eff.:0.9510091258356838
2026-03-21 02:08:27,403 - AEMSOlogs - INFO - RCWA eval:[368.  89. 197. 291. 312. 347.] | diff. eff.:0.9150802990821537
2026-03-21 02:08:50,488 - AEMSOlogs - INFO - RCWA eval:[366.  32. 186. 289. 310. 333.] | diff. eff.:0.9209009961535579
2026-03-21 02:09:13,615 - AEMSOlogs - INFO - RCWA eval:[364.  29. 186. 264. 305. 338.] | diff. eff.:0.9398041093941146
2026-03-21 02:09:36,753 - AEMSOlogs - INFO - RCWA eval:[370.  76. 157. 275. 304. 336.] | diff. eff.:0.9357171846524027
2026-03-21 02:09:59,874 - AEMSOlogs - INFO - RCWA eval:[363.  40. 146. 259. 307. 326.] | diff. eff.:0.9171343557859019
2026-03-21 02:09:59,890 - AEMSOlogs - INFO - Iteration 29: Best Y = -0.9510091258356838 at x = [0.8143021  0.10294072 0.39255108 0.60762683 0.66943359 0.74263651]
2026-03-21 02:09:59,891 - AEMSOlogs - INFO - Working on simulations...
2026-03-21 02:10:22,999 - AEMSOlogs - INFO - RCWA eval:[361.  45. 161. 265. 304. 336.] | diff. eff.:0.9381007705172628
2026-03-21 02:10:46,123 - AEMSOlogs - INFO - RCWA eval:[358.  70. 189. 255. 313. 334.] | diff. eff.:0.9007440100767786
2026-03-21 02:11:09,207 - AEMSOlogs - INFO - RCWA eval:[366.  39. 166. 280. 309. 337.] | diff. eff.:0.9468451431496728
2026-03-21 02:11:32,293 - AEMSOlogs - INFO - RCWA eval:[365.  48. 230. 260. 306. 339.] | diff. eff.:0.9274747278036906
2026-03-21 02:11:55,398 - AEMSOlogs - INFO - RCWA eval:[373.  69. 193. 282. 309. 340.] | diff. eff.:0.9476555270269011
2026-03-21 02:12:18,454 - AEMSOlogs - INFO - RCWA eval:[361.  73. 216. 287. 311. 338.] | diff. eff.:0.9256195983903195
2026-03-21 02:12:41,560 - AEMSOlogs - INFO - RCWA eval:[373.  58. 191. 287. 310. 344.] | diff. eff.:0.9390314226372247
2026-03-21 02:13:04,679 - AEMSOlogs - INFO - RCWA eval:[365.  69. 192. 281. 311. 339.] | diff. eff.:0.9498778269945438
2026-03-21 02:13:27,740 - AEMSOlogs - INFO - RCWA eval:[360. 102. 219. 275. 306. 339.] | diff. eff.:0.9403300637764759
2026-03-21 02:13:50,823 - AEMSOlogs - INFO - RCWA eval:[367. 103. 167. 263. 303. 338.] | diff. eff.:0.9283742734591788
2026-03-21 02:14:13,984 - AEMSOlogs - INFO - RCWA eval:[371.  20. 223. 290. 324. 334.] | diff. eff.:0.9100807039150007
2026-03-21 02:14:37,098 - AEMSOlogs - INFO - RCWA eval:[363.  36. 208. 282. 306. 330.] | diff. eff.:0.9331272115023281
2026-03-21 02:15:00,188 - AEMSOlogs - INFO - RCWA eval:[379.  48. 199. 299. 313. 345.] | diff. eff.:0.873629879733797
2026-03-21 02:15:23,312 - AEMSOlogs - INFO - RCWA eval:[371.  64. 171. 268. 300. 340.] | diff. eff.:0.9281012376721202
2026-03-21 02:15:23,333 - AEMSOlogs - INFO - Iteration 30: Best Y = -0.9510091258356838 at x = [0.8143021  0.10294072 0.39255108 0.60762683 0.66943359 0.74263651]
2026-03-21 02:15:23,334 - AEMSOlogs - INFO - Working on simulations...
2026-03-21 02:15:46,570 - AEMSOlogs - INFO - RCWA eval:[366.  51. 184. 297. 300. 347.] | diff. eff.:0.8693763633203315
2026-03-21 02:16:09,781 - AEMSOlogs - INFO - RCWA eval:[368.  92. 154. 296. 304. 343.] | diff. eff.:0.8864864460981849
2026-03-21 02:16:32,853 - AEMSOlogs - INFO - RCWA eval:[355.  94. 196. 268. 297. 331.] | diff. eff.:0.9163145022026833
2026-03-21 02:16:55,966 - AEMSOlogs - INFO - RCWA eval:[365.  92. 165. 273. 302. 343.] | diff. eff.:0.9426983866332633
2026-03-21 02:17:19,070 - AEMSOlogs - INFO - RCWA eval:[366.  42. 204. 280. 309. 339.] | diff. eff.:0.9554270770038601
2026-03-21 02:17:42,146 - AEMSOlogs - INFO - RCWA eval:[368.  74. 223. 287. 320. 343.] | diff. eff.:0.9333265779734403
2026-03-21 02:18:05,245 - AEMSOlogs - INFO - RCWA eval:[369. 116. 190. 273. 299. 345.] | diff. eff.:0.9375685370548912
2026-03-21 02:18:28,295 - AEMSOlogs - INFO - RCWA eval:[369.  45. 170. 285. 306. 333.] | diff. eff.:0.9236041994857568
2026-03-21 02:18:51,377 - AEMSOlogs - INFO - RCWA eval:[372.  68. 211. 295. 312. 345.] | diff. eff.:0.9139107457910436
2026-03-21 02:19:14,532 - AEMSOlogs - INFO - RCWA eval:[359.  71. 191. 271. 294. 337.] | diff. eff.:0.9225382647169676
2026-03-21 02:19:37,655 - AEMSOlogs - INFO - RCWA eval:[370.  36. 196. 269. 311. 338.] | diff. eff.:0.944151304685585
2026-03-21 02:20:00,768 - AEMSOlogs - INFO - RCWA eval:[367.  37. 190. 276. 312. 333.] | diff. eff.:0.9461900696514867
2026-03-21 02:20:23,869 - AEMSOlogs - INFO - RCWA eval:[364.  79. 189. 288. 311. 340.] | diff. eff.:0.9314434658797955
2026-03-21 02:20:46,955 - AEMSOlogs - INFO - RCWA eval:[369.  61. 199. 273. 312. 333.] | diff. eff.:0.9436049365835546
2026-03-21 02:20:46,976 - AEMSOlogs - INFO - Iteration 31: Best Y = -0.9554270770038601 at x = [0.80573999 0.0508951  0.42798525 0.60353801 0.67163865 0.74132164]
2026-03-21 02:20:46,977 - AEMSOlogs - INFO - Working on simulations...
2026-03-21 02:21:10,123 - AEMSOlogs - INFO - RCWA eval:[368.  77. 221. 273. 306. 338.] | diff. eff.:0.950227309039945
2026-03-21 02:21:33,240 - AEMSOlogs - INFO - RCWA eval:[365.  44. 186. 275. 306. 339.] | diff. eff.:0.9534449162525435
2026-03-21 02:21:56,395 - AEMSOlogs - INFO - RCWA eval:[369.  27. 193. 281. 304. 336.] | diff. eff.:0.9424478648189178
2026-03-21 02:22:19,591 - AEMSOlogs - INFO - RCWA eval:[368.  49. 161. 282. 296. 337.] | diff. eff.:0.9138640745424506
2026-03-21 02:22:42,714 - AEMSOlogs - INFO - RCWA eval:[370.  47. 205. 274. 311. 335.] | diff. eff.:0.9482853330791796
2026-03-21 02:23:05,814 - AEMSOlogs - INFO - RCWA eval:[367.  27. 180. 277. 309. 335.] | diff. eff.:0.9490282183753947
2026-03-21 02:23:28,816 - AEMSOlogs - INFO - RCWA eval:[362.  45. 196. 270. 306. 335.] | diff. eff.:0.9477629199331977
2026-03-21 02:23:51,891 - AEMSOlogs - INFO - RCWA eval:[365.  34. 161. 286. 308. 342.] | diff. eff.:0.9319548343120153
2026-03-21 02:24:15,016 - AEMSOlogs - INFO - RCWA eval:[368.  76. 204. 275. 302. 335.] | diff. eff.:0.9380993527542155
2026-03-21 02:24:38,018 - AEMSOlogs - INFO - RCWA eval:[365.  74. 202. 276. 311. 334.] | diff. eff.:0.9508762011682781
2026-03-21 02:25:01,131 - AEMSOlogs - INFO - RCWA eval:[369.  60. 195. 270. 310. 335.] | diff. eff.:0.9439205472839282
2026-03-21 02:25:24,277 - AEMSOlogs - INFO - RCWA eval:[367.  37. 197. 276. 301. 334.] | diff. eff.:0.9360512174250679
2026-03-21 02:25:47,392 - AEMSOlogs - INFO - RCWA eval:[365.  32. 182. 273. 307. 332.] | diff. eff.:0.9456694524223219
2026-03-21 02:26:10,492 - AEMSOlogs - INFO - RCWA eval:[364.  53. 191. 284. 314. 339.] | diff. eff.:0.9374144350900897
2026-03-21 02:26:10,508 - AEMSOlogs - INFO - Iteration 32: Best Y = -0.9554270770038601 at x = [0.80573999 0.0508951  0.42798525 0.60353801 0.67163865 0.74132164]
2026-03-21 02:26:10,509 - AEMSOlogs - INFO - Working on simulations...
2026-03-21 02:26:33,820 - AEMSOlogs - INFO - RCWA eval:[367.  63. 209. 277. 308. 338.] | diff. eff.:0.9565958279608513
2026-03-21 02:26:56,897 - AEMSOlogs - INFO - RCWA eval:[365.  79. 208. 281. 313. 334.] | diff. eff.:0.9476628081379348
2026-03-21 02:27:19,990 - AEMSOlogs - INFO - RCWA eval:[367.  52. 204. 275. 306. 339.] | diff. eff.:0.9555605010105621
2026-03-21 02:27:43,059 - AEMSOlogs - INFO - RCWA eval:[364.  36. 198. 286. 313. 338.] | diff. eff.:0.9366465740768536
2026-03-21 02:28:06,157 - AEMSOlogs - INFO - RCWA eval:[365.  63. 217. 281. 314. 342.] | diff. eff.:0.9452254267942033
2026-03-21 02:28:29,281 - AEMSOlogs - INFO - RCWA eval:[368.  56. 208. 281. 308. 339.] | diff. eff.:0.9558993936576182
2026-03-21 02:28:52,470 - AEMSOlogs - INFO - RCWA eval:[365.  46. 201. 275. 304. 333.] | diff. eff.:0.9447686606313852
2026-03-21 02:29:15,641 - AEMSOlogs - INFO - RCWA eval:[368.  37. 193. 278. 309. 331.] | diff. eff.:0.9402521995218027
2026-03-21 02:29:38,888 - AEMSOlogs - INFO - RCWA eval:[368.  51. 187. 290. 315. 343.] | diff. eff.:0.9212141583844298
2026-03-21 02:30:02,033 - AEMSOlogs - INFO - RCWA eval:[363.  58. 199. 267. 309. 332.] | diff. eff.:0.9424304207416921
2026-03-21 02:30:25,195 - AEMSOlogs - INFO - RCWA eval:[375.  62. 207. 292. 315. 341.] | diff. eff.:0.922186138367202
2026-03-21 02:30:48,315 - AEMSOlogs - INFO - RCWA eval:[367.  44. 193. 281. 311. 335.] | diff. eff.:0.9484107062531679
2026-03-21 02:31:11,535 - AEMSOlogs - INFO - RCWA eval:[373.  70. 204. 279. 307. 341.] | diff. eff.:0.9519475305089071
2026-03-21 02:31:34,639 - AEMSOlogs - INFO - RCWA eval:[369.  68. 200. 282. 308. 342.] | diff. eff.:0.9544741274263119
2026-03-21 02:31:34,656 - AEMSOlogs - INFO - Iteration 33: Best Y = -0.9565958279608513 at x = [0.80759248 0.09899205 0.43984035 0.59850087 0.67050711 0.7402159 ]
2026-03-21 02:31:34,657 - AEMSOlogs - INFO - Working on simulations...
2026-03-21 02:31:57,726 - AEMSOlogs - INFO - RCWA eval:[364.  56. 187. 267. 305. 329.] | diff. eff.:0.9348693024003663
2026-03-21 02:32:20,813 - AEMSOlogs - INFO - RCWA eval:[369.  63. 217. 287. 313. 339.] | diff. eff.:0.9469208872959873
2026-03-21 02:32:43,902 - AEMSOlogs - INFO - RCWA eval:[365.  70. 225. 280. 310. 340.] | diff. eff.:0.9528636549196706
2026-03-21 02:33:06,979 - AEMSOlogs - INFO - RCWA eval:[369.  62. 226. 277. 304. 341.] | diff. eff.:0.9513303546579165
2026-03-21 02:33:30,073 - AEMSOlogs - INFO - RCWA eval:[370.  65. 197. 279. 311. 337.] | diff. eff.:0.9510936551543822
2026-03-21 02:33:53,236 - AEMSOlogs - INFO - RCWA eval:[365.  63. 183. 281. 303. 336.] | diff. eff.:0.9441462054231679
2026-03-21 02:34:16,355 - AEMSOlogs - INFO - RCWA eval:[372.  41. 192. 282. 309. 337.] | diff. eff.:0.9441002198568076
2026-03-21 02:34:39,483 - AEMSOlogs - INFO - RCWA eval:[372.  23. 201. 283. 312. 337.] | diff. eff.:0.9456076755355868
2026-03-21 02:35:02,599 - AEMSOlogs - INFO - RCWA eval:[366.  43. 216. 281. 316. 333.] | diff. eff.:0.9435785772308044
2026-03-21 02:35:25,742 - AEMSOlogs - INFO - RCWA eval:[368.  58. 182. 287. 304. 341.] | diff. eff.:0.9374586958261083
2026-03-21 02:35:49,023 - AEMSOlogs - INFO - RCWA eval:[364.  43. 211. 277. 309. 340.] | diff. eff.:0.9526379034998033
2026-03-21 02:36:12,193 - AEMSOlogs - INFO - RCWA eval:[370.  57. 208. 288. 309. 340.] | diff. eff.:0.9431172660408499
2026-03-21 02:36:35,377 - AEMSOlogs - INFO - RCWA eval:[370.  65. 200. 280. 303. 340.] | diff. eff.:0.9492936972146386
2026-03-21 02:36:58,538 - AEMSOlogs - INFO - RCWA eval:[365.  83. 187. 274. 307. 338.] | diff. eff.:0.9527699648229484
2026-03-21 02:36:58,553 - AEMSOlogs - INFO - Iteration 34: Best Y = -0.9565958279608513 at x = [0.80759248 0.09899205 0.43984035 0.59850087 0.67050711 0.7402159 ]
2026-03-21 02:36:58,554 - AEMSOlogs - INFO - Working on simulations...
2026-03-21 02:37:21,731 - AEMSOlogs - INFO - RCWA eval:[366.  78. 220. 280. 306. 343.] | diff. eff.:0.9524883958262185
2026-03-21 02:37:44,952 - AEMSOlogs - INFO - RCWA eval:[370.  32. 216. 276. 312. 339.] | diff. eff.:0.9561632791247093
2026-03-21 02:38:08,112 - AEMSOlogs - INFO - RCWA eval:[364.  54. 204. 273. 308. 337.] | diff. eff.:0.952932379391969
2026-03-21 02:38:31,247 - AEMSOlogs - INFO - RCWA eval:[365.  69. 218. 285. 308. 340.] | diff. eff.:0.9467081914023474
2026-03-21 02:38:54,426 - AEMSOlogs - INFO - RCWA eval:[370.  41. 218. 273. 308. 341.] | diff. eff.:0.9543679192421909
2026-03-21 02:39:17,651 - AEMSOlogs - INFO - RCWA eval:[367.  57. 225. 271. 306. 339.] | diff. eff.:0.949046056551221
2026-03-21 02:39:40,756 - AEMSOlogs - INFO - RCWA eval:[368.  65. 188. 279. 310. 340.] | diff. eff.:0.9531254507932441
2026-03-21 02:40:03,964 - AEMSOlogs - INFO - RCWA eval:[362.  59. 197. 283. 309. 333.] | diff. eff.:0.9390485320694989
2026-03-21 02:40:27,062 - AEMSOlogs - INFO - RCWA eval:[363.  76. 216. 276. 304. 340.] | diff. eff.:0.9489529091611705
2026-03-21 02:40:50,185 - AEMSOlogs - INFO - RCWA eval:[368.  46. 195. 278. 303. 340.] | diff. eff.:0.9521400796513433
2026-03-21 02:41:13,258 - AEMSOlogs - INFO - RCWA eval:[369.  87. 216. 272. 311. 341.] | diff. eff.:0.9528253831985264
2026-03-21 02:41:36,286 - AEMSOlogs - INFO - RCWA eval:[364.  74. 217. 284. 314. 339.] | diff. eff.:0.9429057218783385
2026-03-21 02:41:59,390 - AEMSOlogs - INFO - RCWA eval:[369.  49. 199. 283. 309. 345.] | diff. eff.:0.9463102363076034
2026-03-21 02:42:22,429 - AEMSOlogs - INFO - RCWA eval:[366.  92. 227. 280. 313. 339.] | diff. eff.:0.9543881364357235
2026-03-21 02:42:22,444 - AEMSOlogs - INFO - Iteration 35: Best Y = -0.9565958279608513 at x = [0.80759248 0.09899205 0.43984035 0.59850087 0.67050711 0.7402159 ]
2026-03-21 02:42:22,445 - AEMSOlogs - INFO - Working on simulations...
2026-03-21 02:42:45,506 - AEMSOlogs - INFO - RCWA eval:[370.  46. 223. 273. 314. 340.] | diff. eff.:0.9523777818051181
2026-03-21 02:43:08,587 - AEMSOlogs - INFO - RCWA eval:[369.  73. 222. 283. 308. 346.] | diff. eff.:0.948705060631234
2026-03-21 02:43:31,706 - AEMSOlogs - INFO - RCWA eval:[368.  63. 200. 270. 307. 342.] | diff. eff.:0.9482943914077653
2026-03-21 02:43:54,819 - AEMSOlogs - INFO - RCWA eval:[367.  59. 194. 277. 304. 343.] | diff. eff.:0.9521243524072313
2026-03-21 02:44:17,932 - AEMSOlogs - INFO - RCWA eval:[369.  54. 204. 278. 312. 335.] | diff. eff.:0.9504553313527077
2026-03-21 02:44:41,125 - AEMSOlogs - INFO - RCWA eval:[368.  64. 197. 277. 308. 341.] | diff. eff.:0.9558390145282616
2026-03-21 02:45:04,319 - AEMSOlogs - INFO - RCWA eval:[369.  58. 208. 274. 309. 340.] | diff. eff.:0.9555100288657169
2026-03-21 02:45:27,567 - AEMSOlogs - INFO - RCWA eval:[365.  62. 216. 276. 310. 338.] | diff. eff.:0.9548991697335977
2026-03-21 02:45:50,672 - AEMSOlogs - INFO - RCWA eval:[366.  53. 203. 275. 310. 338.] | diff. eff.:0.955040855565179
2026-03-21 02:46:13,777 - AEMSOlogs - INFO - RCWA eval:[370.  22. 199. 272. 313. 338.] | diff. eff.:0.9473571897691333
2026-03-21 02:46:36,855 - AEMSOlogs - INFO - RCWA eval:[371.  63. 210. 275. 310. 341.] | diff. eff.:0.9550080337742719
2026-03-21 02:46:59,922 - AEMSOlogs - INFO - RCWA eval:[366.  31. 219. 272. 312. 334.] | diff. eff.:0.9491657708602783
2026-03-21 02:47:22,989 - AEMSOlogs - INFO - RCWA eval:[363.  70. 211. 268. 307. 342.] | diff. eff.:0.940145837638811
2026-03-21 02:47:46,071 - AEMSOlogs - INFO - RCWA eval:[369.  66. 202. 265. 309. 337.] | diff. eff.:0.938837261971153
2026-03-21 02:47:46,088 - AEMSOlogs - INFO - Iteration 36: Best Y = -0.9565958279608513 at x = [0.80759248 0.09899205 0.43984035 0.59850087 0.67050711 0.7402159 ]
2026-03-21 02:47:46,089 - AEMSOlogs - INFO - Working on simulations...
2026-03-21 02:48:09,196 - AEMSOlogs - INFO - RCWA eval:[366.  61. 197. 272. 309. 338.] | diff. eff.:0.9523681436678659
2026-03-21 02:48:32,353 - AEMSOlogs - INFO - RCWA eval:[367.  69. 227. 273. 312. 341.] | diff. eff.:0.9522078062066478
2026-03-21 02:48:55,383 - AEMSOlogs - INFO - RCWA eval:[375.  74. 219. 277. 314. 343.] | diff. eff.:0.9498452699789748
2026-03-21 02:49:18,922 - AEMSOlogs - INFO - RCWA eval:[374.  62. 198. 275. 305. 342.] | diff. eff.:0.9460173422973082
2026-03-21 02:49:42,095 - AEMSOlogs - INFO - RCWA eval:[371.  61. 181. 280. 307. 343.] | diff. eff.:0.9488104049459241
2026-03-21 02:50:05,244 - AEMSOlogs - INFO - RCWA eval:[370.  70. 215. 273. 307. 340.] | diff. eff.:0.9528614102780235
2026-03-21 02:50:28,440 - AEMSOlogs - INFO - RCWA eval:[367.  43. 196. 275. 311. 337.] | diff. eff.:0.9529473634532041
2026-03-21 02:50:51,676 - AEMSOlogs - INFO - RCWA eval:[368.  42. 213. 278. 311. 337.] | diff. eff.:0.9558606771388799
2026-03-21 02:51:14,850 - AEMSOlogs - INFO - RCWA eval:[364.  67. 201. 273. 306. 341.] | diff. eff.:0.9509578040916884
2026-03-21 02:51:38,036 - AEMSOlogs - INFO - RCWA eval:[369.  68. 220. 267. 307. 338.] | diff. eff.:0.9425798360490774
2026-03-21 02:52:01,192 - AEMSOlogs - INFO - RCWA eval:[370.  51. 219. 279. 316. 341.] | diff. eff.:0.9531718384581194
2026-03-21 02:52:24,355 - AEMSOlogs - INFO - RCWA eval:[364.  70. 211. 271. 308. 340.] | diff. eff.:0.9497835546504685
2026-03-21 02:52:47,526 - AEMSOlogs - INFO - RCWA eval:[367.  60. 195. 276. 309. 340.] | diff. eff.:0.954968339692176
2026-03-21 02:53:10,645 - AEMSOlogs - INFO - RCWA eval:[369.  71. 197. 284. 310. 341.] | diff. eff.:0.9510943894845263
2026-03-21 02:53:10,659 - AEMSOlogs - INFO - Iteration 37: Best Y = -0.9565958279608513 at x = [0.80759248 0.09899205 0.43984035 0.59850087 0.67050711 0.7402159 ]
2026-03-21 02:53:10,660 - AEMSOlogs - INFO - Working on simulations...
2026-03-21 02:53:33,839 - AEMSOlogs - INFO - RCWA eval:[368.  77. 222. 280. 311. 341.] | diff. eff.:0.9581033809763972
2026-03-21 02:53:57,078 - AEMSOlogs - INFO - RCWA eval:[369.  45. 199. 277. 312. 340.] | diff. eff.:0.9536641385502187
2026-03-21 02:54:20,334 - AEMSOlogs - INFO - RCWA eval:[369.  30. 225. 274. 314. 338.] | diff. eff.:0.9531330221720886
2026-03-21 02:54:43,591 - AEMSOlogs - INFO - RCWA eval:[369.  50. 207. 274. 310. 336.] | diff. eff.:0.9518396063170194
2026-03-21 02:55:06,817 - AEMSOlogs - INFO - RCWA eval:[365.  80. 218. 277. 308. 340.] | diff. eff.:0.9550500635747513
2026-03-21 02:55:29,957 - AEMSOlogs - INFO - RCWA eval:[369.  24. 210. 279. 310. 336.] | diff. eff.:0.95314780980667
2026-03-21 02:55:53,123 - AEMSOlogs - INFO - RCWA eval:[367.  43. 206. 271. 312. 338.] | diff. eff.:0.9500896115385027
2026-03-21 02:56:16,238 - AEMSOlogs - INFO - RCWA eval:[372.  33. 206. 275. 314. 335.] | diff. eff.:0.9440992472736642
2026-03-21 02:56:39,330 - AEMSOlogs - INFO - RCWA eval:[371.  51. 204. 276. 311. 339.] | diff. eff.:0.9535272207058959
2026-03-21 02:57:02,528 - AEMSOlogs - INFO - RCWA eval:[368.  23. 213. 279. 314. 336.] | diff. eff.:0.9523081387875201
2026-03-21 02:57:25,665 - AEMSOlogs - INFO - RCWA eval:[369.  71. 203. 277. 312. 341.] | diff. eff.:0.9543197789374358
2026-03-21 02:57:48,911 - AEMSOlogs - INFO - RCWA eval:[367.  62. 225. 278. 311. 340.] | diff. eff.:0.9568244847948078
2026-03-21 02:58:12,133 - AEMSOlogs - INFO - RCWA eval:[367.  43. 204. 278. 310. 337.] | diff. eff.:0.9554248762851052
2026-03-21 02:58:35,268 - AEMSOlogs - INFO - RCWA eval:[367.  50. 200. 279. 305. 339.] | diff. eff.:0.9544861652765043
2026-03-21 02:58:35,284 - AEMSOlogs - INFO - Iteration 38: Best Y = -0.9581033809763972 at x = [0.80881553 0.131537   0.46889536 0.60511828 0.67678494 0.74735714]
2026-03-21 02:58:35,285 - AEMSOlogs - INFO - Working on simulations...
2026-03-21 02:58:58,485 - AEMSOlogs - INFO - RCWA eval:[369.  47. 225. 279. 311. 339.] | diff. eff.:0.9574792623115004
2026-03-21 02:59:21,652 - AEMSOlogs - INFO - RCWA eval:[370.  77. 225. 275. 311. 342.] | diff. eff.:0.956334195752089
2026-03-21 02:59:44,811 - AEMSOlogs - INFO - RCWA eval:[362.  73. 224. 278. 309. 337.] | diff. eff.:0.9454588235838693
2026-03-21 03:00:07,989 - AEMSOlogs - INFO - RCWA eval:[371.  68. 230. 282. 313. 341.] | diff. eff.:0.9574651250233679
2026-03-21 03:00:31,243 - AEMSOlogs - INFO - RCWA eval:[365.  56. 218. 282. 308. 338.] | diff. eff.:0.951182392809933
2026-03-21 03:00:54,463 - AEMSOlogs - INFO - RCWA eval:[365.  71. 202. 281. 313. 338.] | diff. eff.:0.9494896705642984
2026-03-21 03:01:17,741 - AEMSOlogs - INFO - RCWA eval:[366.  66. 221. 276. 306. 339.] | diff. eff.:0.9539133467656609
2026-03-21 03:01:40,941 - AEMSOlogs - INFO - RCWA eval:[369.  70. 225. 279. 312. 340.] | diff. eff.:0.9582875811896331
2026-03-21 03:02:04,110 - AEMSOlogs - INFO - RCWA eval:[367.  83. 214. 275. 309. 339.] | diff. eff.:0.9566245644352603
2026-03-21 03:02:27,417 - AEMSOlogs - INFO - RCWA eval:[368.  36. 199. 275. 312. 340.] | diff. eff.:0.9523076935435313
2026-03-21 03:02:50,594 - AEMSOlogs - INFO - RCWA eval:[368.  64. 235. 280. 313. 339.] | diff. eff.:0.9546758827767478
2026-03-21 03:03:13,762 - AEMSOlogs - INFO - RCWA eval:[370.  64. 227. 276. 313. 340.] | diff. eff.:0.9564891920380689
2026-03-21 03:03:37,017 - AEMSOlogs - INFO - RCWA eval:[369.  68. 218. 280. 308. 342.] | diff. eff.:0.9581031076857279
2026-03-21 03:04:00,359 - AEMSOlogs - INFO - RCWA eval:[366.  69. 226. 274. 309. 337.] | diff. eff.:0.9522658611913324
2026-03-21 03:04:00,374 - AEMSOlogs - INFO - Iteration 39: Best Y = -0.9582875811896331 at x = [0.81163136 0.11690514 0.47776705 0.6033325  0.67830429 0.74354666]
2026-03-21 03:04:00,375 - AEMSOlogs - INFO - Working on simulations...
2026-03-21 03:04:23,616 - AEMSOlogs - INFO - RCWA eval:[365.  75. 207. 277. 308. 338.] | diff. eff.:0.9556035216396745
2026-03-21 03:04:46,769 - AEMSOlogs - INFO - RCWA eval:[367.  71. 231. 279. 308. 341.] | diff. eff.:0.9543809197163959
2026-03-21 03:05:09,957 - AEMSOlogs - INFO - RCWA eval:[367.  73. 231. 284. 312. 340.] | diff. eff.:0.9518477527516644
2026-03-21 03:05:33,201 - AEMSOlogs - INFO - RCWA eval:[363.  76. 203. 276. 309. 339.] | diff. eff.:0.951221858177084
2026-03-21 03:05:56,500 - AEMSOlogs - INFO - RCWA eval:[366.  54. 210. 281. 311. 340.] | diff. eff.:0.954056329162604
2026-03-21 03:06:19,628 - AEMSOlogs - INFO - RCWA eval:[371.  63. 225. 276. 310. 341.] | diff. eff.:0.956819888325919
2026-03-21 03:06:42,912 - AEMSOlogs - INFO - RCWA eval:[365.  80. 222. 282. 311. 341.] | diff. eff.:0.9508148288512339
2026-03-21 03:07:06,249 - AEMSOlogs - INFO - RCWA eval:[364.  60. 200. 274. 308. 336.] | diff. eff.:0.9528938375564461
2026-03-21 03:07:29,517 - AEMSOlogs - INFO - RCWA eval:[366.  50. 207. 273. 310. 336.] | diff. eff.:0.9531063811705694
2026-03-21 03:07:52,716 - AEMSOlogs - INFO - RCWA eval:[367.  75. 215. 279. 309. 340.] | diff. eff.:0.9578217581113504
2026-03-21 03:08:15,969 - AEMSOlogs - INFO - RCWA eval:[369.  47. 251. 285. 316. 342.] | diff. eff.:0.9428826339178599
2026-03-21 03:08:39,207 - AEMSOlogs - INFO - RCWA eval:[364.  33. 192. 275. 310. 332.] | diff. eff.:0.94749719475608
2026-03-21 03:09:02,394 - AEMSOlogs - INFO - RCWA eval:[370.  59. 220. 280. 312. 341.] | diff. eff.:0.9582443416508508
2026-03-21 03:09:25,684 - AEMSOlogs - INFO - RCWA eval:[372.  41. 220. 277. 311. 340.] | diff. eff.:0.9562578018520014
2026-03-21 03:09:25,699 - AEMSOlogs - INFO - Iteration 40: Best Y = -0.9582875811896331 at x = [0.81163136 0.11690514 0.47776705 0.6033325  0.67830429 0.74354666]
2026-03-21 03:09:25,700 - AEMSOlogs - INFO - Working on simulations...
2026-03-21 03:09:49,012 - AEMSOlogs - INFO - RCWA eval:[366.  76. 211. 280. 309. 338.] | diff. eff.:0.9556571339072422
2026-03-21 03:10:12,333 - AEMSOlogs - INFO - RCWA eval:[369.  86. 233. 277. 308. 341.] | diff. eff.:0.954547581647507
2026-03-21 03:10:35,625 - AEMSOlogs - INFO - RCWA eval:[369.  78. 229. 279. 311. 341.] | diff. eff.:0.9583289262102117
2026-03-21 03:10:58,811 - AEMSOlogs - INFO - RCWA eval:[372.  62. 217. 275. 308. 341.] | diff. eff.:0.9540533246938311
2026-03-21 03:11:22,070 - AEMSOlogs - INFO - RCWA eval:[366.  85. 220. 282. 311. 340.] | diff. eff.:0.9543334246173967
2026-03-21 03:11:45,416 - AEMSOlogs - INFO - RCWA eval:[369.  63. 226. 279. 312. 342.] | diff. eff.:0.9577148009073243
2026-03-21 03:12:08,682 - AEMSOlogs - INFO - RCWA eval:[368.  58. 215. 279. 310. 338.] | diff. eff.:0.9569778959770292
2026-03-21 03:12:31,928 - AEMSOlogs - INFO - RCWA eval:[367.  57. 215. 279. 308. 339.] | diff. eff.:0.9570562586248519
2026-03-21 03:12:55,263 - AEMSOlogs - INFO - RCWA eval:[368.  72. 222. 275. 309. 340.] | diff. eff.:0.9566994285683441
2026-03-21 03:13:18,570 - AEMSOlogs - INFO - RCWA eval:[370.  70. 210. 278. 309. 342.] | diff. eff.:0.9575195577274156
2026-03-21 03:13:41,822 - AEMSOlogs - INFO - RCWA eval:[367.  58. 201. 278. 307. 338.] | diff. eff.:0.9556165484948856
2026-03-21 03:14:05,116 - AEMSOlogs - INFO - RCWA eval:[371.  76. 217. 273. 311. 341.] | diff. eff.:0.9531459902902393
2026-03-21 03:14:28,323 - AEMSOlogs - INFO - RCWA eval:[370.  67. 213. 278. 313. 340.] | diff. eff.:0.9561972843010291
2026-03-21 03:14:51,564 - AEMSOlogs - INFO - RCWA eval:[367.  71. 215. 274. 309. 339.] | diff. eff.:0.9559668203490158
2026-03-21 03:14:51,579 - AEMSOlogs - INFO - Iteration 41: Best Y = -0.9583289262102117 at x = [0.81149865 0.13416233 0.48563503 0.60153742 0.67613591 0.74579537]
2026-03-21 03:14:51,580 - AEMSOlogs - INFO - Working on simulations...
2026-03-21 03:15:14,872 - AEMSOlogs - INFO - RCWA eval:[370.  73. 226. 277. 310. 341.] | diff. eff.:0.9579153510841071
2026-03-21 03:15:38,099 - AEMSOlogs - INFO - RCWA eval:[368.  78. 215. 277. 308. 341.] | diff. eff.:0.957997933675401
2026-03-21 03:16:01,394 - AEMSOlogs - INFO - RCWA eval:[369.  60. 217. 279. 310. 340.] | diff. eff.:0.9585197364121038
2026-03-21 03:16:24,740 - AEMSOlogs - INFO - RCWA eval:[369.  74. 228. 276. 311. 341.] | diff. eff.:0.9571700850041723
2026-03-21 03:16:48,158 - AEMSOlogs - INFO - RCWA eval:[366.  70. 210. 276. 308. 339.] | diff. eff.:0.9566469063974937
2026-03-21 03:17:11,444 - AEMSOlogs - INFO - RCWA eval:[369.  57. 224. 278. 312. 339.] | diff. eff.:0.9575485111858549
2026-03-21 03:17:34,857 - AEMSOlogs - INFO - RCWA eval:[367.  66. 226. 279. 310. 342.] | diff. eff.:0.9558175718287628
2026-03-21 03:17:58,177 - AEMSOlogs - INFO - RCWA eval:[370.  82. 222. 279. 310. 342.] | diff. eff.:0.9589313111629849
2026-03-21 03:18:21,468 - AEMSOlogs - INFO - RCWA eval:[372.  65. 230. 278. 315. 340.] | diff. eff.:0.9551982152625549
2026-03-21 03:18:44,783 - AEMSOlogs - INFO - RCWA eval:[367.  64. 206. 274. 309. 340.] | diff. eff.:0.9554500112658134
2026-03-21 03:19:08,102 - AEMSOlogs - INFO - RCWA eval:[367.  85. 219. 282. 309. 339.] | diff. eff.:0.9553339728053635
2026-03-21 03:19:31,312 - AEMSOlogs - INFO - RCWA eval:[371.  76. 220. 279. 311. 343.] | diff. eff.:0.9578169420004324
2026-03-21 03:19:54,623 - AEMSOlogs - INFO - RCWA eval:[371.  55. 226. 279. 312. 342.] | diff. eff.:0.9583088877124241
2026-03-21 03:20:17,940 - AEMSOlogs - INFO - RCWA eval:[367.  85. 209. 280. 305. 342.] | diff. eff.:0.9550985446374636
2026-03-21 03:20:17,955 - AEMSOlogs - INFO - Iteration 42: Best Y = -0.9589313111629849 at x = [0.81498735 0.1451117  0.46977402 0.60117747 0.67328409 0.74997751]
2026-03-21 03:20:17,956 - AEMSOlogs - INFO - Working on simulations...
2026-03-21 03:20:41,185 - AEMSOlogs - INFO - RCWA eval:[367.  73. 214. 278. 308. 341.] | diff. eff.:0.9575988921537867
2026-03-21 03:21:04,465 - AEMSOlogs - INFO - RCWA eval:[370.  69. 228. 277. 313. 339.] | diff. eff.:0.9564169494188347
2026-03-21 03:21:27,817 - AEMSOlogs - INFO - RCWA eval:[369.  75. 229. 279. 310. 342.] | diff. eff.:0.958008099165017
2026-03-21 03:21:51,082 - AEMSOlogs - INFO - RCWA eval:[370.  60. 216. 279. 309. 342.] | diff. eff.:0.9584020719222041
2026-03-21 03:22:14,343 - AEMSOlogs - INFO - RCWA eval:[372.  72. 217. 279. 312. 341.] | diff. eff.:0.956658866968885
2026-03-21 03:22:37,625 - AEMSOlogs - INFO - RCWA eval:[370.  65. 216. 277. 309. 342.] | diff. eff.:0.9578320124667448
2026-03-21 03:23:00,952 - AEMSOlogs - INFO - RCWA eval:[371.  68. 206. 277. 311. 340.] | diff. eff.:0.954919283542442
2026-03-21 03:23:24,275 - AEMSOlogs - INFO - RCWA eval:[373.  79. 219. 282. 309. 345.] | diff. eff.:0.9542633933036365
2026-03-21 03:23:47,522 - AEMSOlogs - INFO - RCWA eval:[367.  81. 220. 273. 308. 341.] | diff. eff.:0.954325290689146
2026-03-21 03:24:10,840 - AEMSOlogs - INFO - RCWA eval:[371.  61. 226. 280. 312. 341.] | diff. eff.:0.9583697734472298
2026-03-21 03:24:34,115 - AEMSOlogs - INFO - RCWA eval:[370.  48. 218. 280. 311. 340.] | diff. eff.:0.9580482477212118
2026-03-21 03:24:57,498 - AEMSOlogs - INFO - RCWA eval:[371.  51. 215. 279. 309. 341.] | diff. eff.:0.9577893955719005
2026-03-21 03:25:20,821 - AEMSOlogs - INFO - RCWA eval:[369.  69. 225. 277. 310. 342.] | diff. eff.:0.9577953338560569
2026-03-21 03:25:44,237 - AEMSOlogs - INFO - RCWA eval:[369.  60. 219. 279. 310. 341.] | diff. eff.:0.9587595682832183
2026-03-21 03:25:44,253 - AEMSOlogs - INFO - Iteration 43: Best Y = -0.9589313111629849 at x = [0.81498735 0.1451117  0.46977402 0.60117747 0.67328409 0.74997751]
2026-03-21 03:25:44,254 - AEMSOlogs - INFO - Working on simulations...
2026-03-21 03:26:07,530 - AEMSOlogs - INFO - RCWA eval:[369.  51. 200. 279. 309. 340.] | diff. eff.:0.9563196500045353
2026-03-21 03:26:30,856 - AEMSOlogs - INFO - RCWA eval:[368.  67. 225. 280. 311. 340.] | diff. eff.:0.9577405350299378
2026-03-21 03:26:54,121 - AEMSOlogs - INFO - RCWA eval:[368.  63. 223. 279. 311. 339.] | diff. eff.:0.9576376954865572
2026-03-21 03:27:17,378 - AEMSOlogs - INFO - RCWA eval:[372.  60. 224. 278. 312. 342.] | diff. eff.:0.9574733614228246
2026-03-21 03:27:40,663 - AEMSOlogs - INFO - RCWA eval:[370.  41. 210. 278. 310. 341.] | diff. eff.:0.9575843153769366
2026-03-21 03:28:03,918 - AEMSOlogs - INFO - RCWA eval:[369.  63. 215. 280. 310. 340.] | diff. eff.:0.9581983652324149
2026-03-21 03:28:27,271 - AEMSOlogs - INFO - RCWA eval:[369.  84. 225. 280. 312. 340.] | diff. eff.:0.9583935403175049
2026-03-21 03:28:50,634 - AEMSOlogs - INFO - RCWA eval:[368.  59. 214. 279. 308. 339.] | diff. eff.:0.957262591188551
2026-03-21 03:29:13,965 - AEMSOlogs - INFO - RCWA eval:[371.  77. 235. 279. 312. 343.] | diff. eff.:0.9574045208118394
2026-03-21 03:29:37,313 - AEMSOlogs - INFO - RCWA eval:[369.  69. 225. 278. 309. 341.] | diff. eff.:0.9581610691603408
2026-03-21 03:30:00,578 - AEMSOlogs - INFO - RCWA eval:[371.  83. 231. 279. 311. 341.] | diff. eff.:0.9576766075047111
2026-03-21 03:30:23,946 - AEMSOlogs - INFO - RCWA eval:[371.  55. 217. 277. 312. 341.] | diff. eff.:0.9568653140779526
2026-03-21 03:30:47,319 - AEMSOlogs - INFO - RCWA eval:[371.  57. 221. 279. 311. 342.] | diff. eff.:0.9583935901161352
2026-03-21 03:31:10,724 - AEMSOlogs - INFO - RCWA eval:[369.  63. 214. 278. 310. 341.] | diff. eff.:0.9583615523303284
2026-03-21 03:31:10,739 - AEMSOlogs - INFO - Iteration 44: Best Y = -0.9589313111629849 at x = [0.81498735 0.1451117  0.46977402 0.60117747 0.67328409 0.74997751]
2026-03-21 03:31:10,740 - AEMSOlogs - INFO - Working on simulations...
2026-03-21 03:31:34,019 - AEMSOlogs - INFO - RCWA eval:[369.  60. 213. 278. 311. 340.] | diff. eff.:0.9579011412243265
2026-03-21 03:31:57,314 - AEMSOlogs - INFO - RCWA eval:[367.  64. 216. 280. 312. 340.] | diff. eff.:0.9561659054674329
2026-03-21 03:32:20,635 - AEMSOlogs - INFO - RCWA eval:[370.  58. 214. 278. 311. 340.] | diff. eff.:0.9577256545657937
2026-03-21 03:32:43,874 - AEMSOlogs - INFO - RCWA eval:[369.  51. 217. 278. 311. 339.] | diff. eff.:0.9577928519524989
2026-03-21 03:33:07,075 - AEMSOlogs - INFO - RCWA eval:[371.  65. 226. 280. 312. 341.] | diff. eff.:0.9583908181889687
2026-03-21 03:33:30,388 - AEMSOlogs - INFO - RCWA eval:[369.  52. 221. 280. 313. 340.] | diff. eff.:0.9572975275720116
2026-03-21 03:33:53,697 - AEMSOlogs - INFO - RCWA eval:[371.  65. 220. 279. 311. 342.] | diff. eff.:0.9583449374502407
2026-03-21 03:34:17,104 - AEMSOlogs - INFO - RCWA eval:[368.  70. 221. 279. 308. 341.] | diff. eff.:0.9578991721354214
2026-03-21 03:34:40,393 - AEMSOlogs - INFO - RCWA eval:[369.  65. 224. 280. 311. 341.] | diff. eff.:0.9585541231998944
2026-03-21 03:35:03,710 - AEMSOlogs - INFO - RCWA eval:[370.  63. 222. 279. 310. 343.] | diff. eff.:0.9580040202097766
2026-03-21 03:35:26,958 - AEMSOlogs - INFO - RCWA eval:[370.  80. 234. 281. 313. 342.] | diff. eff.:0.9577258928931172
2026-03-21 03:35:50,226 - AEMSOlogs - INFO - RCWA eval:[370.  70. 222. 279. 311. 342.] | diff. eff.:0.9586912441283306
2026-03-21 03:36:13,519 - AEMSOlogs - INFO - RCWA eval:[369.  71. 217. 279. 310. 341.] | diff. eff.:0.9587750023981916
2026-03-21 03:36:36,938 - AEMSOlogs - INFO - RCWA eval:[371.  48. 218. 278. 310. 340.] | diff. eff.:0.9574530858081716
2026-03-21 03:36:36,958 - AEMSOlogs - INFO - Iteration 45: Best Y = -0.9589313111629849 at x = [0.81498735 0.1451117  0.46977402 0.60117747 0.67328409 0.74997751]
2026-03-21 03:36:36,958 - AEMSOlogs - INFO - Working on simulations...
2026-03-21 03:37:00,288 - AEMSOlogs - INFO - RCWA eval:[370.  64. 219. 278. 310. 342.] | diff. eff.:0.9584268557396556
2026-03-21 03:37:23,574 - AEMSOlogs - INFO - RCWA eval:[369.  73. 219. 279. 310. 343.] | diff. eff.:0.9574496401973991
2026-03-21 03:37:46,887 - AEMSOlogs - INFO - RCWA eval:[369.  70. 222. 277. 311. 341.] | diff. eff.:0.9581966218764395
2026-03-21 03:38:10,202 - AEMSOlogs - INFO - RCWA eval:[370.  78. 225. 278. 311. 342.] | diff. eff.:0.9585588306102126
2026-03-21 03:38:33,470 - AEMSOlogs - INFO - RCWA eval:[370.  67. 223. 280. 312. 341.] | diff. eff.:0.9585634497567794
2026-03-21 03:38:56,838 - AEMSOlogs - INFO - RCWA eval:[369.  59. 220. 279. 310. 341.] | diff. eff.:0.9587629371493757
2026-03-21 03:39:20,172 - AEMSOlogs - INFO - RCWA eval:[371.  72. 222. 280. 311. 343.] | diff. eff.:0.9581335513895386
2026-03-21 03:39:43,505 - AEMSOlogs - INFO - RCWA eval:[370.  78. 227. 280. 311. 342.] | diff. eff.:0.9588467060334656
2026-03-21 03:40:06,799 - AEMSOlogs - INFO - RCWA eval:[369.  66. 218. 279. 309. 341.] | diff. eff.:0.958717389213162
2026-03-21 03:40:30,023 - AEMSOlogs - INFO - RCWA eval:[369.  72. 217. 280. 309. 341.] | diff. eff.:0.9585569628129359
2026-03-21 03:40:53,290 - AEMSOlogs - INFO - RCWA eval:[369.  74. 229. 280. 311. 342.] | diff. eff.:0.9580681287369968
2026-03-21 03:41:16,671 - AEMSOlogs - INFO - RCWA eval:[372.  66. 226. 279. 312. 342.] | diff. eff.:0.9579575659924878
2026-03-21 03:41:39,991 - AEMSOlogs - INFO - RCWA eval:[369.  70. 225. 279. 311. 341.] | diff. eff.:0.9586686260957049
2026-03-21 03:42:03,361 - AEMSOlogs - INFO - RCWA eval:[371.  69. 227. 280. 311. 343.] | diff. eff.:0.9583399647974995
2026-03-21 03:42:03,377 - AEMSOlogs - INFO - Iteration 46: Best Y = -0.9589313111629849 at x = [0.81498735 0.1451117  0.46977402 0.60117747 0.67328409 0.74997751]
2026-03-21 03:42:03,378 - AEMSOlogs - INFO - Working on simulations...
2026-03-21 03:42:26,748 - AEMSOlogs - INFO - RCWA eval:[369.  79. 230. 281. 310. 342.] | diff. eff.:0.95759670164982
2026-03-21 03:42:50,038 - AEMSOlogs - INFO - RCWA eval:[369.  63. 223. 280. 311. 340.] | diff. eff.:0.9583250182529589
2026-03-21 03:43:13,334 - AEMSOlogs - INFO - RCWA eval:[368.  71. 221. 280. 310. 340.] | diff. eff.:0.9581048040297834
2026-03-21 03:43:36,727 - AEMSOlogs - INFO - RCWA eval:[369.  71. 223. 279. 311. 341.] | diff. eff.:0.9587635657702143
2026-03-21 03:44:00,012 - AEMSOlogs - INFO - RCWA eval:[369.  70. 227. 281. 312. 342.] | diff. eff.:0.9576346235380783
2026-03-21 03:44:23,350 - AEMSOlogs - INFO - RCWA eval:[368.  63. 217. 278. 308. 341.] | diff. eff.:0.9581508469927875
2026-03-21 03:44:46,675 - AEMSOlogs - INFO - RCWA eval:[369.  79. 229. 280. 312. 341.] | diff. eff.:0.9582818500186975
2026-03-21 03:45:09,952 - AEMSOlogs - INFO - RCWA eval:[370.  65. 224. 279. 309. 343.] | diff. eff.:0.9580002115433514
2026-03-21 03:45:33,274 - AEMSOlogs - INFO - RCWA eval:[370.  77. 227. 280. 311. 343.] | diff. eff.:0.9582522306858715
2026-03-21 03:45:56,561 - AEMSOlogs - INFO - RCWA eval:[368.  76. 223. 279. 310. 342.] | diff. eff.:0.9578171465916049
2026-03-21 03:46:19,892 - AEMSOlogs - INFO - RCWA eval:[370.  70. 228. 281. 312. 342.] | diff. eff.:0.958302705650436
2026-03-21 03:46:43,248 - AEMSOlogs - INFO - RCWA eval:[369.  76. 222. 278. 310. 341.] | diff. eff.:0.9587577825590574
2026-03-21 03:47:06,576 - AEMSOlogs - INFO - RCWA eval:[369.  56. 224. 281. 313. 340.] | diff. eff.:0.9571342772771253
2026-03-21 03:47:29,979 - AEMSOlogs - INFO - RCWA eval:[369.  72. 215. 279. 309. 341.] | diff. eff.:0.9586457307049778
2026-03-21 03:47:29,994 - AEMSOlogs - INFO - Iteration 47: Best Y = -0.9589313111629849 at x = [0.81498735 0.1451117  0.46977402 0.60117747 0.67328409 0.74997751]
2026-03-21 03:47:29,995 - AEMSOlogs - INFO - Working on simulations...
2026-03-21 03:47:53,237 - AEMSOlogs - INFO - RCWA eval:[368.  69. 218. 279. 310. 340.] | diff. eff.:0.958414724441446
2026-03-21 03:48:16,509 - AEMSOlogs - INFO - RCWA eval:[368.  79. 226. 278. 310. 340.] | diff. eff.:0.9578002329137985
2026-03-21 03:48:39,861 - AEMSOlogs - INFO - RCWA eval:[368.  78. 220. 278. 309. 341.] | diff. eff.:0.9583915447584971
2026-03-21 03:49:03,214 - AEMSOlogs - INFO - RCWA eval:[367.  68. 220. 278. 310. 340.] | diff. eff.:0.957641378145846
2026-03-21 03:49:26,524 - AEMSOlogs - INFO - RCWA eval:[369.  69. 229. 280. 312. 341.] | diff. eff.:0.9580508684977653
2026-03-21 03:49:49,732 - AEMSOlogs - INFO - RCWA eval:[368.  80. 225. 279. 311. 341.] | diff. eff.:0.9581636121733675
2026-03-21 03:50:13,107 - AEMSOlogs - INFO - RCWA eval:[368.  81. 229. 278. 310. 340.] | diff. eff.:0.9571345306785722
2026-03-21 03:50:36,515 - AEMSOlogs - INFO - RCWA eval:[369.  83. 227. 278. 310. 341.] | diff. eff.:0.95832484755846
2026-03-21 03:50:59,778 - AEMSOlogs - INFO - RCWA eval:[369.  64. 221. 279. 311. 340.] | diff. eff.:0.9585432605504937
2026-03-21 03:51:23,065 - AEMSOlogs - INFO - RCWA eval:[370.  70. 215. 279. 310. 342.] | diff. eff.:0.95828756507723
2026-03-21 03:51:46,327 - AEMSOlogs - INFO - RCWA eval:[370.  75. 221. 280. 310. 342.] | diff. eff.:0.9588428689573982
2026-03-21 03:52:09,639 - AEMSOlogs - INFO - RCWA eval:[368.  78. 222. 277. 310. 340.] | diff. eff.:0.9580471385084162
2026-03-21 03:52:32,918 - AEMSOlogs - INFO - RCWA eval:[368.  74. 227. 280. 311. 339.] | diff. eff.:0.9569724718878809
2026-03-21 03:52:56,267 - AEMSOlogs - INFO - RCWA eval:[369.  71. 227. 279. 310. 342.] | diff. eff.:0.958247657185386
2026-03-21 03:52:56,284 - AEMSOlogs - INFO - Iteration 48: Best Y = -0.9589313111629849 at x = [0.81498735 0.1451117  0.46977402 0.60117747 0.67328409 0.74997751]
2026-03-21 03:52:56,285 - AEMSOlogs - INFO - Working on simulations...
2026-03-21 03:53:19,607 - AEMSOlogs - INFO - RCWA eval:[370.  68. 222. 280. 311. 342.] | diff. eff.:0.9586803229464558
2026-03-21 03:53:42,886 - AEMSOlogs - INFO - RCWA eval:[370.  67. 221. 280. 311. 341.] | diff. eff.:0.9587426104178648
2026-03-21 03:54:06,086 - AEMSOlogs - INFO - RCWA eval:[370.  63. 222. 280. 310. 341.] | diff. eff.:0.9587073791511664
2026-03-21 03:54:29,315 - AEMSOlogs - INFO - RCWA eval:[368.  75. 221. 278. 310. 341.] | diff. eff.:0.9583589148638901
2026-03-21 03:54:52,592 - AEMSOlogs - INFO - RCWA eval:[368.  72. 214. 279. 310. 340.] | diff. eff.:0.9582926624893536
2026-03-21 03:55:15,952 - AEMSOlogs - INFO - RCWA eval:[369.  75. 220. 280. 310. 341.] | diff. eff.:0.9587945521363002
2026-03-21 03:55:39,291 - AEMSOlogs - INFO - RCWA eval:[370.  72. 223. 279. 311. 341.] | diff. eff.:0.9588658632656427
2026-03-21 03:56:02,687 - AEMSOlogs - INFO - RCWA eval:[368.  73. 220. 277. 310. 340.] | diff. eff.:0.9581502370683913
2026-03-21 03:56:26,263 - AEMSOlogs - INFO - RCWA eval:[370.  68. 220. 280. 311. 341.] | diff. eff.:0.9586954430611289
2026-03-21 03:56:49,527 - AEMSOlogs - INFO - RCWA eval:[370.  71. 220. 279. 309. 343.] | diff. eff.:0.9580660535995634
2026-03-21 03:57:12,866 - AEMSOlogs - INFO - RCWA eval:[369.  67. 217. 278. 309. 341.] | diff. eff.:0.9586340236188285
2026-03-21 03:57:36,156 - AEMSOlogs - INFO - RCWA eval:[370.  57. 214. 278. 309. 342.] | diff. eff.:0.9580281350711614
2026-03-21 03:57:59,499 - AEMSOlogs - INFO - RCWA eval:[369.  67. 213. 278. 310. 341.] | diff. eff.:0.9582745659297891
2026-03-21 03:58:22,860 - AEMSOlogs - INFO - RCWA eval:[368.  76. 223. 279. 310. 341.] | diff. eff.:0.9583416451280493
2026-03-21 03:58:22,877 - AEMSOlogs - INFO - Iteration 49: Best Y = -0.9589313111629849 at x = [0.81498735 0.1451117  0.46977402 0.60117747 0.67328409 0.74997751]
2026-03-21 03:58:22,878 - AEMSOlogs - INFO - Working on simulations...
2026-03-21 03:58:46,230 - AEMSOlogs - INFO - RCWA eval:[369.  69. 220. 279. 310. 341.] | diff. eff.:0.958861139350889
2026-03-21 03:59:09,528 - AEMSOlogs - INFO - RCWA eval:[369.  76. 219. 279. 310. 341.] | diff. eff.:0.9589069629672031
2026-03-21 03:59:32,884 - AEMSOlogs - INFO - RCWA eval:[370.  60. 225. 280. 312. 341.] | diff. eff.:0.9585146748451272
2026-03-21 03:59:56,133 - AEMSOlogs - INFO - RCWA eval:[370.  73. 217. 280. 311. 341.] | diff. eff.:0.9584554454181259
2026-03-21 04:00:19,472 - AEMSOlogs - INFO - RCWA eval:[370.  66. 223. 280. 311. 341.] | diff. eff.:0.958783950353694
2026-03-21 04:00:42,807 - AEMSOlogs - INFO - RCWA eval:[369.  63. 221. 281. 311. 341.] | diff. eff.:0.9581549566582968
2026-03-21 04:01:06,188 - AEMSOlogs - INFO - RCWA eval:[369.  75. 221. 279. 311. 341.] | diff. eff.:0.958806070140172
2026-03-21 04:01:29,527 - AEMSOlogs - INFO - RCWA eval:[370.  70. 217. 280. 310. 342.] | diff. eff.:0.9584920380260081
2026-03-21 04:01:52,745 - AEMSOlogs - INFO - RCWA eval:[370.  74. 225. 280. 312. 341.] | diff. eff.:0.9587014577205047
2026-03-21 04:02:16,123 - AEMSOlogs - INFO - RCWA eval:[369.  75. 222. 278. 310. 341.] | diff. eff.:0.9587508861013583
2026-03-21 04:02:39,416 - AEMSOlogs - INFO - RCWA eval:[370.  74. 226. 279. 312. 342.] | diff. eff.:0.9585166957841874
2026-03-21 04:03:02,757 - AEMSOlogs - INFO - RCWA eval:[369.  76. 219. 280. 311. 341.] | diff. eff.:0.9586377541961582
2026-03-21 04:03:25,989 - AEMSOlogs - INFO - RCWA eval:[369.  77. 223. 279. 311. 342.] | diff. eff.:0.9584773511494123
2026-03-21 04:03:49,352 - AEMSOlogs - INFO - RCWA eval:[370.  70. 222. 280. 311. 341.] | diff. eff.:0.9588053402004999
2026-03-21 04:03:49,368 - AEMSOlogs - INFO - Iteration 50: Best Y = -0.9589313111629849 at x = [0.81498735 0.1451117  0.46977402 0.60117747 0.67328409 0.74997751]
2026-03-21 04:03:49,369 - AEMSOlogs - INFO - Working on simulations...
2026-03-21 04:04:12,722 - AEMSOlogs - INFO - RCWA eval:[368.  73. 218. 279. 310. 340.] | diff. eff.:0.9584499399452704
2026-03-21 04:04:36,028 - AEMSOlogs - INFO - RCWA eval:[369.  70. 228. 281. 312. 341.] | diff. eff.:0.9578889919489586
2026-03-21 04:04:59,541 - AEMSOlogs - INFO - RCWA eval:[369.  69. 223. 279. 311. 341.] | diff. eff.:0.9587354147327815
2026-03-21 04:05:22,859 - AEMSOlogs - INFO - RCWA eval:[368.  73. 217. 279. 310. 340.] | diff. eff.:0.9584381980339918
2026-03-21 04:05:46,223 - AEMSOlogs - INFO - RCWA eval:[370.  78. 220. 280. 310. 341.] | diff. eff.:0.9587647838255962
2026-03-21 04:06:09,698 - AEMSOlogs - INFO - RCWA eval:[369.  66. 220. 280. 311. 340.] | diff. eff.:0.9583859999056527
2026-03-21 04:06:33,221 - AEMSOlogs - INFO - RCWA eval:[369.  74. 220. 279. 310. 341.] | diff. eff.:0.9589073162275047
2026-03-21 04:06:56,702 - AEMSOlogs - INFO - RCWA eval:[369.  69. 221. 279. 310. 341.] | diff. eff.:0.9588570927959001
2026-03-21 04:07:20,061 - AEMSOlogs - INFO - RCWA eval:[370.  69. 227. 280. 312. 341.] | diff. eff.:0.9585913258849452
2026-03-21 04:07:43,458 - AEMSOlogs - INFO - RCWA eval:[368.  60. 218. 279. 310. 340.] | diff. eff.:0.9583293473646317
2026-03-21 04:08:06,873 - AEMSOlogs - INFO - RCWA eval:[369.  71. 222. 279. 310. 341.] | diff. eff.:0.9588520849206378
2026-03-21 04:08:30,175 - AEMSOlogs - INFO - RCWA eval:[368.  73. 217. 278. 310. 340.] | diff. eff.:0.9584329073439647
2026-03-21 04:08:53,409 - AEMSOlogs - INFO - RCWA eval:[369.  77. 222. 280. 311. 341.] | diff. eff.:0.9587754877220425
2026-03-21 04:09:16,761 - AEMSOlogs - INFO - RCWA eval:[370.  70. 222. 280. 311. 341.] | diff. eff.:0.9588053402004999
2026-03-21 04:09:16,777 - AEMSOlogs - INFO - Iteration 51: Best Y = -0.9589313111629849 at x = [0.81498735 0.1451117  0.46977402 0.60117747 0.67328409 0.74997751]
2026-03-21 04:09:16,777 - AEMSOlogs - INFO - 
=========
 Best obj. function= -0.9589313111629849, geometry= [[370.  82. 222. 279. 310. 342.]] 
 =========
2026-03-21 04:09:16,777 - AEMSOlogs - INFO - Finished!


Job ID: 3994861
Cluster: cluster_dei
User/Group: vergerioed/dottor
State: COMPLETED (exit code 0)
Cores: 1
CPU Utilized: 04:34:03
CPU Efficiency: 99.35% of 04:35:50 core-walltime
Job Wall-clock time: 04:35:50
Memory Utilized: 1.01 GB
Memory Efficiency: 50.38% of 2.00 GB (2.00 GB/node)
