2026-03-21 20:59:44,143 - AEMSOlogs - INFO - Working on simulations...
2026-03-21 20:59:53,041 - AEMSOlogs - INFO - RCWA eval:[ 40. 229. 176. 156. 400. 247.] | diff. eff.:0.0029791796078270484
2026-03-21 21:00:01,910 - AEMSOlogs - INFO - RCWA eval:[230. 148. 150. 172. 130. 265.] | diff. eff.:0.07243380675176878
2026-03-21 21:00:10,763 - AEMSOlogs - INFO - RCWA eval:[193. 207. 246. 306. 337. 274.] | diff. eff.:0.3237415057865514
2026-03-21 21:00:19,747 - AEMSOlogs - INFO - RCWA eval:[289. 254. 186. 294. 317. 206.] | diff. eff.:0.08544018517725009
2026-03-21 21:00:28,647 - AEMSOlogs - INFO - RCWA eval:[166. 301. 159. 405. 299. 128.] | diff. eff.:0.038711103115319716
2026-03-21 21:00:37,545 - AEMSOlogs - INFO - RCWA eval:[228. 242. 267. 244. 237. 293.] | diff. eff.:0.02514237233832064
2026-03-21 21:00:46,363 - AEMSOlogs - INFO - RCWA eval:[160. 344. 256. 344. 253. 288.] | diff. eff.:0.07407722089909909
2026-03-21 21:00:55,223 - AEMSOlogs - INFO - RCWA eval:[168. 172. 162. 243. 349. 244.] | diff. eff.:0.09016269770409753
2026-03-21 21:01:04,047 - AEMSOlogs - INFO - RCWA eval:[178. 270. 279. 314. 227.  84.] | diff. eff.:0.4132565069135126
2026-03-21 21:01:12,934 - AEMSOlogs - INFO - RCWA eval:[255. 173. 205. 139. 238. 241.] | diff. eff.:0.05063801303568187
2026-03-21 21:01:21,784 - AEMSOlogs - INFO - RCWA eval:[247.  95. 190. 124. 420. 129.] | diff. eff.:0.044009952691572325
2026-03-21 21:01:30,640 - AEMSOlogs - INFO - RCWA eval:[204. 298. 245. 296. 393. 448.] | diff. eff.:0.24567945358493956
2026-03-21 21:01:39,429 - AEMSOlogs - INFO - RCWA eval:[113. 247.  93. 271. 358. 219.] | diff. eff.:0.2529823207729056
2026-03-21 21:01:48,317 - AEMSOlogs - INFO - RCWA eval:[197. 284. 326. 274. 241. 276.] | diff. eff.:0.058751267707536275
2026-03-21 21:01:48,364 - AEMSOlogs - INFO - Iteration 1: Best Y = -0.4132565069135126 at x = [0.36650945 0.58109523 0.6011998  0.68356796 0.48186315 0.14780106]
2026-03-21 21:01:48,365 - AEMSOlogs - INFO - Working on simulations...
2026-03-21 21:01:57,262 - AEMSOlogs - INFO - RCWA eval:[216. 438. 191. 121. 261. 284.] | diff. eff.:0.15312844964792655
2026-03-21 21:02:06,220 - AEMSOlogs - INFO - RCWA eval:[220. 251. 386. 206. 224. 270.] | diff. eff.:0.13001082320655297
2026-03-21 21:02:15,188 - AEMSOlogs - INFO - RCWA eval:[200. 152. 188. 309. 282. 345.] | diff. eff.:0.46223908493756755
2026-03-21 21:02:24,033 - AEMSOlogs - INFO - RCWA eval:[ 60. 135. 169. 374. 143. 268.] | diff. eff.:0.056494542163671925
2026-03-21 21:02:32,904 - AEMSOlogs - INFO - RCWA eval:[291. 239. 242. 285. 333. 351.] | diff. eff.:0.39132362503494866
2026-03-21 21:02:41,850 - AEMSOlogs - INFO - RCWA eval:[124. 241. 146. 302. 401. 246.] | diff. eff.:0.10009121620412471
2026-03-21 21:02:50,699 - AEMSOlogs - INFO - RCWA eval:[198. 320. 257. 297. 335. 283.] | diff. eff.:0.007334955978668334
2026-03-21 21:02:59,572 - AEMSOlogs - INFO - RCWA eval:[247. 241. 244. 319. 312. 376.] | diff. eff.:0.3692252631690262
2026-03-21 21:03:08,470 - AEMSOlogs - INFO - RCWA eval:[171. 232. 210. 255. 317. 180.] | diff. eff.:0.3631682815670868
2026-03-21 21:03:17,337 - AEMSOlogs - INFO - RCWA eval:[133. 280.  76. 313. 353. 257.] | diff. eff.:0.3160478671606539
2026-03-21 21:03:26,240 - AEMSOlogs - INFO - RCWA eval:[ 70. 307. 293. 271. 448. 314.] | diff. eff.:0.030493704122932824
2026-03-21 21:03:35,168 - AEMSOlogs - INFO - RCWA eval:[156. 360. 150. 308. 305. 278.] | diff. eff.:0.10082956418159097
2026-03-21 21:03:44,066 - AEMSOlogs - INFO - RCWA eval:[217. 242. 291. 340. 365. 145.] | diff. eff.:0.8434319564700087
2026-03-21 21:03:52,967 - AEMSOlogs - INFO - RCWA eval:[290. 250. 319. 178. 266. 119.] | diff. eff.:0.30865899569504573
2026-03-21 21:03:52,983 - AEMSOlogs - INFO - Iteration 2: Best Y = -0.8434319564700087 at x = [0.45767564 0.51529021 0.63016726 0.74325817 0.80306028 0.29118961]
2026-03-21 21:03:52,984 - AEMSOlogs - INFO - Working on simulations...
2026-03-21 21:04:01,874 - AEMSOlogs - INFO - RCWA eval:[264. 200. 287. 227. 430. 304.] | diff. eff.:0.012770384199131223
2026-03-21 21:04:10,788 - AEMSOlogs - INFO - RCWA eval:[193. 218. 353. 319. 223. 145.] | diff. eff.:0.23565498601744797
2026-03-21 21:04:19,705 - AEMSOlogs - INFO - RCWA eval:[265. 263. 170. 331. 357. 154.] | diff. eff.:0.3297428614130572
2026-03-21 21:04:28,674 - AEMSOlogs - INFO - RCWA eval:[318. 197. 356. 244. 249. 226.] | diff. eff.:0.3128453021638637
2026-03-21 21:04:37,518 - AEMSOlogs - INFO - RCWA eval:[235. 253. 149. 385. 255. 274.] | diff. eff.:0.06136740339504178
2026-03-21 21:04:46,420 - AEMSOlogs - INFO - RCWA eval:[183. 126. 241. 449. 376. 233.] | diff. eff.:0.04884238680045614
2026-03-21 21:04:55,292 - AEMSOlogs - INFO - RCWA eval:[448. 204. 297. 238. 225. 272.] | diff. eff.:0.019876060477862154
2026-03-21 21:05:04,170 - AEMSOlogs - INFO - RCWA eval:[130. 175. 193. 258. 298. 449.] | diff. eff.:0.19160244197097526
2026-03-21 21:05:13,055 - AEMSOlogs - INFO - RCWA eval:[ 93. 270. 328. 189. 343. 198.] | diff. eff.:0.17426478078854
2026-03-21 21:05:21,932 - AEMSOlogs - INFO - RCWA eval:[228. 283. 186. 447. 422. 342.] | diff. eff.:0.09413378722388888
2026-03-21 21:05:30,819 - AEMSOlogs - INFO - RCWA eval:[165.  65. 254. 291. 337. 319.] | diff. eff.:0.7437965025185815
2026-03-21 21:05:39,694 - AEMSOlogs - INFO - RCWA eval:[276. 289. 171. 291. 309. 134.] | diff. eff.:0.07888914186361148
2026-03-21 21:05:48,537 - AEMSOlogs - INFO - RCWA eval:[289. 373. 102. 358. 248. 291.] | diff. eff.:0.32690958288510497
2026-03-21 21:05:57,417 - AEMSOlogs - INFO - RCWA eval:[109. 199. 160. 283. 166. 208.] | diff. eff.:0.08857680753117979
2026-03-21 21:05:57,438 - AEMSOlogs - INFO - Iteration 3: Best Y = -0.8434319564700087 at x = [0.45767564 0.51529021 0.63016726 0.74325817 0.80306028 0.29118961]
2026-03-21 21:05:57,439 - AEMSOlogs - INFO - Working on simulations...
2026-03-21 21:06:06,371 - AEMSOlogs - INFO - RCWA eval:[286. 160. 220. 333. 381. 198.] | diff. eff.:0.1735748010653954
2026-03-21 21:06:15,313 - AEMSOlogs - INFO - RCWA eval:[134. 214. 183. 272. 215. 114.] | diff. eff.:0.10644532793280763
2026-03-21 21:06:24,147 - AEMSOlogs - INFO - RCWA eval:[337.  87. 216. 336. 339. 221.] | diff. eff.:0.09842704888751024
2026-03-21 21:06:33,004 - AEMSOlogs - INFO - RCWA eval:[246. 212.  88. 315. 206. 278.] | diff. eff.:0.009107598879019345
2026-03-21 21:06:41,901 - AEMSOlogs - INFO - RCWA eval:[253. 211. 288. 247. 322. 106.] | diff. eff.:0.3691525063674851
2026-03-21 21:06:50,815 - AEMSOlogs - INFO - RCWA eval:[276. 185. 103. 309. 414. 359.] | diff. eff.:0.1732487271591274
2026-03-21 21:06:59,666 - AEMSOlogs - INFO - RCWA eval:[151. 218. 309. 256. 243. 221.] | diff. eff.:0.06500049844511882
2026-03-21 21:07:08,540 - AEMSOlogs - INFO - RCWA eval:[283. 276.  76. 281. 313. 272.] | diff. eff.:0.01848123227420603
2026-03-21 21:07:17,424 - AEMSOlogs - INFO - RCWA eval:[271. 229. 168. 270. 295. 330.] | diff. eff.:0.29952053236452353
2026-03-21 21:07:26,355 - AEMSOlogs - INFO - RCWA eval:[198. 186. 273. 248. 303. 354.] | diff. eff.:0.5533090597135334
2026-03-21 21:07:35,230 - AEMSOlogs - INFO - RCWA eval:[256. 145. 217. 423. 263. 342.] | diff. eff.:0.06503422101009776
2026-03-21 21:07:44,125 - AEMSOlogs - INFO - RCWA eval:[265. 243. 196. 146. 230. 183.] | diff. eff.:0.058211021298217105
2026-03-21 21:07:53,052 - AEMSOlogs - INFO - RCWA eval:[210. 192. 282. 368. 336. 315.] | diff. eff.:0.05452368877936054
2026-03-21 21:08:01,961 - AEMSOlogs - INFO - RCWA eval:[170. 263. 248. 202. 223. 223.] | diff. eff.:0.01916625949386486
2026-03-21 21:08:01,981 - AEMSOlogs - INFO - Iteration 4: Best Y = -0.8434319564700087 at x = [0.45767564 0.51529021 0.63016726 0.74325817 0.80306028 0.29118961]
2026-03-21 21:08:01,982 - AEMSOlogs - INFO - Working on simulations...
2026-03-21 21:08:10,887 - AEMSOlogs - INFO - RCWA eval:[319. 236. 221. 244. 247. 324.] | diff. eff.:0.37481792808724373
2026-03-21 21:08:19,822 - AEMSOlogs - INFO - RCWA eval:[218. 263. 120. 290. 261. 262.] | diff. eff.:0.026249536803269406
2026-03-21 21:08:29,035 - AEMSOlogs - INFO - RCWA eval:[168. 196. 237. 249. 324. 215.] | diff. eff.:0.3289936651091584
2026-03-21 21:08:37,964 - AEMSOlogs - INFO - RCWA eval:[245. 258. 220. 307. 308. 175.] | diff. eff.:0.2424825277274242
2026-03-21 21:08:46,951 - AEMSOlogs - INFO - RCWA eval:[155. 148. 223. 364. 279. 257.] | diff. eff.:0.0022604856987043305
2026-03-21 21:08:55,863 - AEMSOlogs - INFO - RCWA eval:[240. 137. 189. 359. 430. 168.] | diff. eff.:0.1282740615925654
2026-03-21 21:09:04,725 - AEMSOlogs - INFO - RCWA eval:[239. 186. 212. 224. 376. 237.] | diff. eff.:0.02837945523322803
2026-03-21 21:09:13,642 - AEMSOlogs - INFO - RCWA eval:[243. 195. 244. 324. 281. 416.] | diff. eff.:0.13284288466730929
2026-03-21 21:09:22,518 - AEMSOlogs - INFO - RCWA eval:[261. 156. 326. 304. 263. 372.] | diff. eff.:0.2931682272779526
2026-03-21 21:09:31,399 - AEMSOlogs - INFO - RCWA eval:[232. 239. 284. 268. 297. 240.] | diff. eff.:0.15080573027801383
2026-03-21 21:09:40,329 - AEMSOlogs - INFO - RCWA eval:[336. 204. 270. 189. 368. 310.] | diff. eff.:0.10551008610009738
2026-03-21 21:09:49,213 - AEMSOlogs - INFO - RCWA eval:[241. 195. 199. 306. 324. 335.] | diff. eff.:0.5819735491925003
2026-03-21 21:09:58,120 - AEMSOlogs - INFO - RCWA eval:[200. 176. 277. 193. 282. 248.] | diff. eff.:0.0640918175201992
2026-03-21 21:10:06,952 - AEMSOlogs - INFO - RCWA eval:[183.  25. 209. 230. 302. 313.] | diff. eff.:0.38480249631725355
2026-03-21 21:10:06,967 - AEMSOlogs - INFO - Iteration 5: Best Y = -0.8434319564700087 at x = [0.45767564 0.51529021 0.63016726 0.74325817 0.80306028 0.29118961]
2026-03-21 21:10:06,968 - AEMSOlogs - INFO - Working on simulations...
2026-03-21 21:10:15,841 - AEMSOlogs - INFO - RCWA eval:[247. 184. 132. 337. 299. 225.] | diff. eff.:0.0628052425575619
2026-03-21 21:10:24,723 - AEMSOlogs - INFO - RCWA eval:[212. 149. 213. 306. 308. 251.] | diff. eff.:0.18386906490990162
2026-03-21 21:10:33,681 - AEMSOlogs - INFO - RCWA eval:[212. 194. 217. 224. 300. 372.] | diff. eff.:0.261773755628502
2026-03-21 21:10:42,437 - AEMSOlogs - INFO - RCWA eval:[305.  37. 220. 301. 319. 448.] | diff. eff.:0.10075697663059008
2026-03-21 21:10:51,384 - AEMSOlogs - INFO - RCWA eval:[184. 199. 186. 322. 355. 318.] | diff. eff.:0.33527240873868513
2026-03-21 21:11:00,303 - AEMSOlogs - INFO - RCWA eval:[243. 154. 284. 283. 337. 250.] | diff. eff.:0.2986792895575658
2026-03-21 21:11:09,176 - AEMSOlogs - INFO - RCWA eval:[305.  66. 241. 337. 324. 385.] | diff. eff.:0.047294356600841546
2026-03-21 21:11:18,201 - AEMSOlogs - INFO - RCWA eval:[188. 158. 182. 253. 340. 323.] | diff. eff.:0.4908549424885726
2026-03-21 21:11:27,085 - AEMSOlogs - INFO - RCWA eval:[224. 145. 204. 369. 322. 303.] | diff. eff.:0.05100180301489497
2026-03-21 21:11:35,952 - AEMSOlogs - INFO - RCWA eval:[279. 179. 203. 251. 259. 443.] | diff. eff.:0.04362585027187217
2026-03-21 21:11:44,902 - AEMSOlogs - INFO - RCWA eval:[209.  73. 200. 342. 323. 254.] | diff. eff.:0.1503375315346074
2026-03-21 21:11:53,741 - AEMSOlogs - INFO - RCWA eval:[234. 127. 287. 256. 224. 375.] | diff. eff.:0.23693863915860341
2026-03-21 21:12:02,587 - AEMSOlogs - INFO - RCWA eval:[285. 277. 229. 271. 307. 286.] | diff. eff.:0.043926785350614714
2026-03-21 21:12:11,467 - AEMSOlogs - INFO - RCWA eval:[245.  28. 188. 351. 329. 267.] | diff. eff.:0.051686740974555515
2026-03-21 21:12:11,485 - AEMSOlogs - INFO - Iteration 6: Best Y = -0.8434319564700087 at x = [0.45767564 0.51529021 0.63016726 0.74325817 0.80306028 0.29118961]
2026-03-21 21:12:11,486 - AEMSOlogs - INFO - Working on simulations...
2026-03-21 21:12:20,413 - AEMSOlogs - INFO - RCWA eval:[204. 293. 183. 227. 338. 295.] | diff. eff.:0.016195567178738057
2026-03-21 21:12:29,293 - AEMSOlogs - INFO - RCWA eval:[256. 168. 151. 245. 333. 290.] | diff. eff.:0.17775971944348606
2026-03-21 21:12:38,296 - AEMSOlogs - INFO - RCWA eval:[110. 105. 171. 247. 352. 385.] | diff. eff.:0.35845982894817885
2026-03-21 21:12:47,143 - AEMSOlogs - INFO - RCWA eval:[217. 217. 275. 263. 322. 346.] | diff. eff.:0.5977060846009671
2026-03-21 21:12:55,948 - AEMSOlogs - INFO - RCWA eval:[208. 159. 225. 279. 336. 271.] | diff. eff.:0.22353065357617058
2026-03-21 21:13:04,817 - AEMSOlogs - INFO - RCWA eval:[180. 117. 158. 186. 392. 449.] | diff. eff.:0.01859143398748129
2026-03-21 21:13:13,551 - AEMSOlogs - INFO - RCWA eval:[197.  86. 215. 226. 299. 433.] | diff. eff.:0.1615137024709653
2026-03-21 21:13:22,433 - AEMSOlogs - INFO - RCWA eval:[218. 146. 176. 258. 353. 298.] | diff. eff.:0.216563558848507
2026-03-21 21:13:31,291 - AEMSOlogs - INFO - RCWA eval:[207. 330. 179. 272. 328. 319.] | diff. eff.:0.24894694188653474
2026-03-21 21:13:40,204 - AEMSOlogs - INFO - RCWA eval:[229. 207. 182. 334. 335. 256.] | diff. eff.:0.20890770023354024
2026-03-21 21:13:49,180 - AEMSOlogs - INFO - RCWA eval:[178. 161. 157. 265. 388. 381.] | diff. eff.:0.10086806153609627
2026-03-21 21:13:58,032 - AEMSOlogs - INFO - RCWA eval:[168.  92. 265. 310. 264. 363.] | diff. eff.:0.5850665351335821
2026-03-21 21:14:06,903 - AEMSOlogs - INFO - RCWA eval:[191. 208. 178. 291. 421. 302.] | diff. eff.:0.11845259700695852
2026-03-21 21:14:15,749 - AEMSOlogs - INFO - RCWA eval:[175. 192. 269. 264. 337. 285.] | diff. eff.:0.31405810992429783
2026-03-21 21:14:15,768 - AEMSOlogs - INFO - Iteration 7: Best Y = -0.8434319564700087 at x = [0.45767564 0.51529021 0.63016726 0.74325817 0.80306028 0.29118961]
2026-03-21 21:14:15,769 - AEMSOlogs - INFO - Working on simulations...
2026-03-21 21:14:24,634 - AEMSOlogs - INFO - RCWA eval:[209. 209. 243. 275. 298. 352.] | diff. eff.:0.6142006330903533
2026-03-21 21:14:33,458 - AEMSOlogs - INFO - RCWA eval:[225. 200. 289. 257. 413. 321.] | diff. eff.:0.1153237219086188
2026-03-21 21:14:42,299 - AEMSOlogs - INFO - RCWA eval:[262. 343. 310. 365. 331. 276.] | diff. eff.:0.12764472622565387
2026-03-21 21:14:51,124 - AEMSOlogs - INFO - RCWA eval:[ 21. 156. 283. 269. 383. 397.] | diff. eff.:0.3115447984532501
2026-03-21 21:14:59,936 - AEMSOlogs - INFO - RCWA eval:[178. 211. 238. 295. 284. 342.] | diff. eff.:0.5248645683372921
2026-03-21 21:15:08,818 - AEMSOlogs - INFO - RCWA eval:[221. 119. 203. 322. 297. 449.] | diff. eff.:0.11233153010903164
2026-03-21 21:15:17,683 - AEMSOlogs - INFO - RCWA eval:[204. 111. 211. 254. 327. 381.] | diff. eff.:0.4525780477062521
2026-03-21 21:15:26,548 - AEMSOlogs - INFO - RCWA eval:[189. 138. 308. 299. 338. 318.] | diff. eff.:0.39684751222079145
2026-03-21 21:15:35,476 - AEMSOlogs - INFO - RCWA eval:[173. 225. 296. 310. 367. 399.] | diff. eff.:0.6108472567828976
2026-03-21 21:15:44,427 - AEMSOlogs - INFO - RCWA eval:[ 95. 162. 220. 234. 259. 345.] | diff. eff.:0.445915070011076
2026-03-21 21:15:53,292 - AEMSOlogs - INFO - RCWA eval:[122.  85. 211. 208. 268. 447.] | diff. eff.:0.027205309701625702
2026-03-21 21:16:02,138 - AEMSOlogs - INFO - RCWA eval:[191. 177. 258. 312. 326. 225.] | diff. eff.:0.42844346892203344
2026-03-21 21:16:11,052 - AEMSOlogs - INFO - RCWA eval:[253. 135. 218. 323. 246. 399.] | diff. eff.:0.2751080770826898
2026-03-21 21:16:19,934 - AEMSOlogs - INFO - RCWA eval:[190. 189. 264. 252. 338. 312.] | diff. eff.:0.5223343289112422
2026-03-21 21:16:19,950 - AEMSOlogs - INFO - Iteration 8: Best Y = -0.8434319564700087 at x = [0.45767564 0.51529021 0.63016726 0.74325817 0.80306028 0.29118961]
2026-03-21 21:16:19,951 - AEMSOlogs - INFO - Working on simulations...
2026-03-21 21:16:28,624 - AEMSOlogs - INFO - RCWA eval:[236. 215. 336. 319. 352. 324.] | diff. eff.:0.41930622700835135
2026-03-21 21:16:37,486 - AEMSOlogs - INFO - RCWA eval:[236. 225. 276. 319. 278. 291.] | diff. eff.:0.0850459667112273
2026-03-21 21:16:46,410 - AEMSOlogs - INFO - RCWA eval:[160. 206. 264. 233. 329. 380.] | diff. eff.:0.5707747622207335
2026-03-21 21:16:55,257 - AEMSOlogs - INFO - RCWA eval:[159. 140. 219. 226. 279. 368.] | diff. eff.:0.30136248827477263
2026-03-21 21:17:04,123 - AEMSOlogs - INFO - RCWA eval:[104. 193. 244. 264. 335. 340.] | diff. eff.:0.6980779165591005
2026-03-21 21:17:13,004 - AEMSOlogs - INFO - RCWA eval:[136. 199. 229. 293. 335. 434.] | diff. eff.:0.614869604259089
2026-03-21 21:17:21,841 - AEMSOlogs - INFO - RCWA eval:[215. 233. 273. 340. 309. 381.] | diff. eff.:0.5177148133381917
2026-03-21 21:17:30,658 - AEMSOlogs - INFO - RCWA eval:[202. 177. 304. 244. 381. 337.] | diff. eff.:0.14753332431662547
2026-03-21 21:17:39,529 - AEMSOlogs - INFO - RCWA eval:[167. 242. 258. 323. 304. 335.] | diff. eff.:0.5301102496937181
2026-03-21 21:17:48,386 - AEMSOlogs - INFO - RCWA eval:[110. 193. 250. 322. 284. 350.] | diff. eff.:0.6032353325926302
2026-03-21 21:17:57,358 - AEMSOlogs - INFO - RCWA eval:[273. 194. 203. 269. 311. 272.] | diff. eff.:0.04541741827539738
2026-03-21 21:18:06,222 - AEMSOlogs - INFO - RCWA eval:[233. 235. 228. 315. 358. 333.] | diff. eff.:0.3927871820999498
2026-03-21 21:18:15,109 - AEMSOlogs - INFO - RCWA eval:[194. 203. 250. 316. 381. 431.] | diff. eff.:0.3835737726012339
2026-03-21 21:18:23,978 - AEMSOlogs - INFO - RCWA eval:[291. 257. 207. 265. 251. 338.] | diff. eff.:0.22690456219308405
2026-03-21 21:18:23,995 - AEMSOlogs - INFO - Iteration 9: Best Y = -0.8434319564700087 at x = [0.45767564 0.51529021 0.63016726 0.74325817 0.80306028 0.29118961]
2026-03-21 21:18:23,996 - AEMSOlogs - INFO - Working on simulations...
2026-03-21 21:18:32,871 - AEMSOlogs - INFO - RCWA eval:[110. 225. 223. 303. 332. 294.] | diff. eff.:0.34783537351752153
2026-03-21 21:18:41,971 - AEMSOlogs - INFO - RCWA eval:[136. 294. 239. 276. 336. 278.] | diff. eff.:0.03856312024875996
2026-03-21 21:18:50,882 - AEMSOlogs - INFO - RCWA eval:[180. 205. 276. 266. 383. 357.] | diff. eff.:0.43974203276435425
2026-03-21 21:18:59,721 - AEMSOlogs - INFO - RCWA eval:[114. 115. 194. 241. 307. 447.] | diff. eff.:0.1983173837294072
2026-03-21 21:19:08,620 - AEMSOlogs - INFO - RCWA eval:[ 22.  69. 187. 207. 340. 417.] | diff. eff.:0.22210645140642626
2026-03-21 21:19:17,520 - AEMSOlogs - INFO - RCWA eval:[132. 225. 224. 271. 384. 323.] | diff. eff.:0.1655665571566186
2026-03-21 21:19:26,477 - AEMSOlogs - INFO - RCWA eval:[166. 156. 283. 271. 359. 388.] | diff. eff.:0.6407413311633835
2026-03-21 21:19:35,296 - AEMSOlogs - INFO - RCWA eval:[123. 203. 230. 295. 283. 401.] | diff. eff.:0.4250297193901292
2026-03-21 21:19:44,121 - AEMSOlogs - INFO - RCWA eval:[ 88. 296. 243. 318. 329. 350.] | diff. eff.:0.44914968560234586
2026-03-21 21:19:52,994 - AEMSOlogs - INFO - RCWA eval:[217. 273. 251. 301. 347. 430.] | diff. eff.:0.7034879680794287
2026-03-21 21:20:01,930 - AEMSOlogs - INFO - RCWA eval:[156. 169. 295. 297. 356. 368.] | diff. eff.:0.7918577339552847
2026-03-21 21:20:10,786 - AEMSOlogs - INFO - RCWA eval:[110. 215. 323. 305. 320. 388.] | diff. eff.:0.33336283256032917
2026-03-21 21:20:19,732 - AEMSOlogs - INFO - RCWA eval:[177. 184. 299. 225. 262. 391.] | diff. eff.:0.1640201118430351
2026-03-21 21:20:28,663 - AEMSOlogs - INFO - RCWA eval:[ 75. 264. 200. 325. 338. 417.] | diff. eff.:0.5866401361735205
2026-03-21 21:20:28,680 - AEMSOlogs - INFO - Iteration 10: Best Y = -0.8434319564700087 at x = [0.45767564 0.51529021 0.63016726 0.74325817 0.80306028 0.29118961]
2026-03-21 21:20:28,681 - AEMSOlogs - INFO - Working on simulations...
2026-03-21 21:20:37,544 - AEMSOlogs - INFO - RCWA eval:[232. 223. 305. 242. 329. 361.] | diff. eff.:0.46671998445585483
2026-03-21 21:20:46,364 - AEMSOlogs - INFO - RCWA eval:[201. 106. 270. 322. 381. 319.] | diff. eff.:0.1352388658775918
2026-03-21 21:20:55,269 - AEMSOlogs - INFO - RCWA eval:[118. 264. 352. 287. 307. 426.] | diff. eff.:0.18212669075477264
2026-03-21 21:21:04,164 - AEMSOlogs - INFO - RCWA eval:[257. 212. 207. 316. 306. 408.] | diff. eff.:0.19686946294753127
2026-03-21 21:21:12,988 - AEMSOlogs - INFO - RCWA eval:[122. 254. 295. 261. 328. 249.] | diff. eff.:0.1571124626813428
2026-03-21 21:21:21,863 - AEMSOlogs - INFO - RCWA eval:[ 67. 285. 328. 313. 350. 323.] | diff. eff.:0.20338734026435454
2026-03-21 21:21:30,729 - AEMSOlogs - INFO - RCWA eval:[273. 232. 346. 286. 413. 329.] | diff. eff.:0.12958686551307644
2026-03-21 21:21:39,577 - AEMSOlogs - INFO - RCWA eval:[206. 270. 233. 246. 319. 395.] | diff. eff.:0.2719212507732383
2026-03-21 21:21:48,471 - AEMSOlogs - INFO - RCWA eval:[185. 180. 291. 348. 421. 318.] | diff. eff.:0.05663950068853118
2026-03-21 21:21:57,374 - AEMSOlogs - INFO - RCWA eval:[206. 212. 283. 255. 364. 331.] | diff. eff.:0.17065637405055537
2026-03-21 21:22:06,244 - AEMSOlogs - INFO - RCWA eval:[ 35. 188. 375. 357. 357. 308.] | diff. eff.:0.02970296391409957
2026-03-21 21:22:15,200 - AEMSOlogs - INFO - RCWA eval:[180. 195. 166. 257. 339. 343.] | diff. eff.:0.5179674437633253
2026-03-21 21:22:23,968 - AEMSOlogs - INFO - RCWA eval:[ 26. 208. 220. 303. 318. 413.] | diff. eff.:0.6333983417442605
2026-03-21 21:22:32,829 - AEMSOlogs - INFO - RCWA eval:[132. 165. 200. 329. 418. 338.] | diff. eff.:0.2752333412863115
2026-03-21 21:22:32,846 - AEMSOlogs - INFO - Iteration 11: Best Y = -0.8434319564700087 at x = [0.45767564 0.51529021 0.63016726 0.74325817 0.80306028 0.29118961]
2026-03-21 21:22:32,848 - AEMSOlogs - INFO - Working on simulations...
2026-03-21 21:22:41,786 - AEMSOlogs - INFO - RCWA eval:[147. 188. 192. 302. 352. 374.] | diff. eff.:0.6559939209795683
2026-03-21 21:22:50,699 - AEMSOlogs - INFO - RCWA eval:[122. 185. 221. 285. 370. 379.] | diff. eff.:0.36185623534587547
2026-03-21 21:22:59,568 - AEMSOlogs - INFO - RCWA eval:[153. 228. 219. 274. 355. 420.] | diff. eff.:0.4134263021751609
2026-03-21 21:23:08,419 - AEMSOlogs - INFO - RCWA eval:[ 79. 223. 206. 346. 431. 443.] | diff. eff.:0.06603965323879613
2026-03-21 21:23:17,414 - AEMSOlogs - INFO - RCWA eval:[189. 219. 129. 219. 321. 322.] | diff. eff.:0.3101804390249059
2026-03-21 21:23:26,242 - AEMSOlogs - INFO - RCWA eval:[ 95. 225. 288. 246. 331. 411.] | diff. eff.:0.5490592813942184
2026-03-21 21:23:35,090 - AEMSOlogs - INFO - RCWA eval:[276. 163. 331. 285. 347. 382.] | diff. eff.:0.20640402525756857
2026-03-21 21:23:44,016 - AEMSOlogs - INFO - RCWA eval:[166. 257. 259. 307. 357. 396.] | diff. eff.:0.6835327717180847
2026-03-21 21:23:52,861 - AEMSOlogs - INFO - RCWA eval:[ 79. 245. 248. 275. 333. 354.] | diff. eff.:0.7018186388345621
2026-03-21 21:24:01,711 - AEMSOlogs - INFO - RCWA eval:[111. 200. 195. 308. 265. 297.] | diff. eff.:0.2012917837102921
2026-03-21 21:24:10,617 - AEMSOlogs - INFO - RCWA eval:[ 25. 248. 237. 285. 327. 331.] | diff. eff.:0.5894474499769927
2026-03-21 21:24:19,562 - AEMSOlogs - INFO - RCWA eval:[196. 177. 193. 266. 382. 365.] | diff. eff.:0.2523487501251659
2026-03-21 21:24:28,407 - AEMSOlogs - INFO - RCWA eval:[184. 152. 266. 331. 324. 366.] | diff. eff.:0.7065630900321443
2026-03-21 21:24:37,340 - AEMSOlogs - INFO - RCWA eval:[128. 264. 296. 223. 315. 399.] | diff. eff.:0.3352653653926137
2026-03-21 21:24:37,358 - AEMSOlogs - INFO - Iteration 12: Best Y = -0.8434319564700087 at x = [0.45767564 0.51529021 0.63016726 0.74325817 0.80306028 0.29118961]
2026-03-21 21:24:37,359 - AEMSOlogs - INFO - Working on simulations...
2026-03-21 21:24:46,369 - AEMSOlogs - INFO - RCWA eval:[ 32. 216. 211. 353. 392. 388.] | diff. eff.:0.2624269063253664
2026-03-21 21:24:55,230 - AEMSOlogs - INFO - RCWA eval:[210. 183. 309. 292. 287. 333.] | diff. eff.:0.21743380300992327
2026-03-21 21:25:04,071 - AEMSOlogs - INFO - RCWA eval:[140. 220. 191. 356. 409. 434.] | diff. eff.:0.24901112007107096
2026-03-21 21:25:13,155 - AEMSOlogs - INFO - RCWA eval:[160. 174. 259. 296. 386. 405.] | diff. eff.:0.3942838338778544
2026-03-21 21:25:22,030 - AEMSOlogs - INFO - RCWA eval:[157. 197. 239. 274. 308. 307.] | diff. eff.:0.47536353611166104
2026-03-21 21:25:31,028 - AEMSOlogs - INFO - RCWA eval:[162. 168. 251. 307. 336. 401.] | diff. eff.:0.7605454806042066
2026-03-21 21:25:39,857 - AEMSOlogs - INFO - RCWA eval:[ 85. 171. 267. 318. 298. 366.] | diff. eff.:0.7711294481096601
2026-03-21 21:25:48,807 - AEMSOlogs - INFO - RCWA eval:[147. 159. 250. 296. 333. 371.] | diff. eff.:0.841353168495398
2026-03-21 21:25:57,754 - AEMSOlogs - INFO - RCWA eval:[149. 213. 187. 303. 303. 389.] | diff. eff.:0.5185900621449501
2026-03-21 21:26:06,653 - AEMSOlogs - INFO - RCWA eval:[ 46. 193. 243. 250. 313. 266.] | diff. eff.:0.22984383918403292
2026-03-21 21:26:15,674 - AEMSOlogs - INFO - RCWA eval:[115. 181. 236. 256. 322. 327.] | diff. eff.:0.6208075623709758
2026-03-21 21:26:24,493 - AEMSOlogs - INFO - RCWA eval:[158. 247. 205. 285. 380. 332.] | diff. eff.:0.2025482518484314
2026-03-21 21:26:33,434 - AEMSOlogs - INFO - RCWA eval:[ 96. 189. 341. 307. 317. 355.] | diff. eff.:0.3470394836399339
2026-03-21 21:26:42,187 - AEMSOlogs - INFO - RCWA eval:[113. 177. 305. 305. 388. 396.] | diff. eff.:0.2503390814191773
2026-03-21 21:26:42,206 - AEMSOlogs - INFO - Iteration 13: Best Y = -0.8434319564700087 at x = [0.45767564 0.51529021 0.63016726 0.74325817 0.80306028 0.29118961]
2026-03-21 21:26:42,207 - AEMSOlogs - INFO - Working on simulations...
2026-03-21 21:26:51,065 - AEMSOlogs - INFO - RCWA eval:[105. 220. 254. 319. 371. 365.] | diff. eff.:0.6107740617886692
2026-03-21 21:26:59,969 - AEMSOlogs - INFO - RCWA eval:[102. 171. 260. 302. 351. 307.] | diff. eff.:0.5282156622833567
2026-03-21 21:27:08,852 - AEMSOlogs - INFO - RCWA eval:[208. 162. 293. 304. 305. 415.] | diff. eff.:0.3380513544699189
2026-03-21 21:27:17,767 - AEMSOlogs - INFO - RCWA eval:[ 85. 108. 254. 267. 290. 357.] | diff. eff.:0.6845678873211053
2026-03-21 21:27:26,684 - AEMSOlogs - INFO - RCWA eval:[160. 133. 257. 261. 297. 412.] | diff. eff.:0.3340858485284042
2026-03-21 21:27:35,549 - AEMSOlogs - INFO - RCWA eval:[124. 272. 235. 341. 342. 396.] | diff. eff.:0.569526019654827
2026-03-21 21:27:44,433 - AEMSOlogs - INFO - RCWA eval:[175. 234. 242. 336. 321. 309.] | diff. eff.:0.2338761731542678
2026-03-21 21:27:53,293 - AEMSOlogs - INFO - RCWA eval:[ 97. 147. 251. 319. 316. 340.] | diff. eff.:0.7373078751028354
2026-03-21 21:28:02,120 - AEMSOlogs - INFO - RCWA eval:[100. 129. 200. 366. 319. 390.] | diff. eff.:0.07150203344999977
2026-03-21 21:28:10,981 - AEMSOlogs - INFO - RCWA eval:[103. 191. 226. 319. 322. 284.] | diff. eff.:0.2594020641670485
2026-03-21 21:28:19,845 - AEMSOlogs - INFO - RCWA eval:[146. 194. 251. 253. 296. 398.] | diff. eff.:0.33232679319164293
2026-03-21 21:28:28,660 - AEMSOlogs - INFO - RCWA eval:[149. 171. 273. 337. 336. 357.] | diff. eff.:0.744718070577825
2026-03-21 21:28:37,614 - AEMSOlogs - INFO - RCWA eval:[147. 139. 227. 281. 328. 381.] | diff. eff.:0.6486860632319184
2026-03-21 21:28:46,533 - AEMSOlogs - INFO - RCWA eval:[107. 241. 258. 298. 281. 348.] | diff. eff.:0.5477688136109823
2026-03-21 21:28:46,555 - AEMSOlogs - INFO - Iteration 14: Best Y = -0.8434319564700087 at x = [0.45767564 0.51529021 0.63016726 0.74325817 0.80306028 0.29118961]
2026-03-21 21:28:46,556 - AEMSOlogs - INFO - Working on simulations...
2026-03-21 21:28:55,389 - AEMSOlogs - INFO - RCWA eval:[ 91. 184. 292. 362. 307. 394.] | diff. eff.:0.13970444076058902
2026-03-21 21:29:04,323 - AEMSOlogs - INFO - RCWA eval:[127. 173. 276. 301. 320. 333.] | diff. eff.:0.7486560480275798
2026-03-21 21:29:13,243 - AEMSOlogs - INFO - RCWA eval:[ 83.  56. 314. 316. 298. 281.] | diff. eff.:0.10103267202937885
2026-03-21 21:29:22,142 - AEMSOlogs - INFO - RCWA eval:[ 59. 111. 276. 288. 324. 376.] | diff. eff.:0.7487779511935868
2026-03-21 21:29:31,028 - AEMSOlogs - INFO - RCWA eval:[ 51. 142. 252. 307. 286. 349.] | diff. eff.:0.5417999586026964
2026-03-21 21:29:39,957 - AEMSOlogs - INFO - RCWA eval:[125. 159. 287. 326. 346. 376.] | diff. eff.:0.8309518358809069
2026-03-21 21:29:48,797 - AEMSOlogs - INFO - RCWA eval:[ 86. 124. 249. 289. 316. 289.] | diff. eff.:0.4164832310003271
2026-03-21 21:29:57,784 - AEMSOlogs - INFO - RCWA eval:[ 92. 227. 255. 278. 323. 346.] | diff. eff.:0.7410650245893362
2026-03-21 21:30:06,630 - AEMSOlogs - INFO - RCWA eval:[119. 190. 261. 307. 340. 374.] | diff. eff.:0.9097278500015111
2026-03-21 21:30:15,477 - AEMSOlogs - INFO - RCWA eval:[205. 159. 324. 299. 344. 398.] | diff. eff.:0.5996745878507671
2026-03-21 21:30:24,279 - AEMSOlogs - INFO - RCWA eval:[164. 168. 281. 327. 305. 317.] | diff. eff.:0.36837908987084966
2026-03-21 21:30:33,193 - AEMSOlogs - INFO - RCWA eval:[149. 174. 242. 327. 348. 336.] | diff. eff.:0.5689237984336838
2026-03-21 21:30:42,053 - AEMSOlogs - INFO - RCWA eval:[ 80. 222. 247. 309. 314. 408.] | diff. eff.:0.6240372231337884
2026-03-21 21:30:51,042 - AEMSOlogs - INFO - RCWA eval:[ 22. 198. 272. 309. 306. 376.] | diff. eff.:0.7720139510882924
2026-03-21 21:30:51,061 - AEMSOlogs - INFO - Iteration 15: Best Y = -0.9097278500015111 at x = [0.22941171 0.39494333 0.56093529 0.66801858 0.74383997 0.82441288]
2026-03-21 21:30:51,062 - AEMSOlogs - INFO - Working on simulations...
2026-03-21 21:30:59,917 - AEMSOlogs - INFO - RCWA eval:[111. 156. 293. 323. 350. 409.] | diff. eff.:0.6119252677991897
2026-03-21 21:31:08,893 - AEMSOlogs - INFO - RCWA eval:[ 95. 153. 261. 298. 317. 401.] | diff. eff.:0.6595874958759775
2026-03-21 21:31:17,790 - AEMSOlogs - INFO - RCWA eval:[ 53. 222. 209. 279. 328. 376.] | diff. eff.:0.5872340159731636
2026-03-21 21:31:26,648 - AEMSOlogs - INFO - RCWA eval:[ 83. 176. 327. 293. 300. 343.] | diff. eff.:0.343518521373607
2026-03-21 21:31:35,502 - AEMSOlogs - INFO - RCWA eval:[101. 193. 312. 301. 343. 331.] | diff. eff.:0.4132229728066088
2026-03-21 21:31:44,422 - AEMSOlogs - INFO - RCWA eval:[145. 204. 257. 330. 294. 354.] | diff. eff.:0.6485766851498771
2026-03-21 21:31:53,372 - AEMSOlogs - INFO - RCWA eval:[154. 151. 267. 278. 327. 313.] | diff. eff.:0.6203331417950138
2026-03-21 21:32:02,232 - AEMSOlogs - INFO - RCWA eval:[108. 255. 283. 263. 337. 303.] | diff. eff.:0.30447859791152226
2026-03-21 21:32:11,163 - AEMSOlogs - INFO - RCWA eval:[111. 232. 230. 294. 353. 417.] | diff. eff.:0.617106488455452
2026-03-21 21:32:20,017 - AEMSOlogs - INFO - RCWA eval:[ 69. 219. 312. 318. 341. 351.] | diff. eff.:0.6220659408270278
2026-03-21 21:32:29,037 - AEMSOlogs - INFO - RCWA eval:[121. 200. 217. 252. 307. 359.] | diff. eff.:0.5353616380479592
2026-03-21 21:32:37,885 - AEMSOlogs - INFO - RCWA eval:[ 84. 174. 279. 295. 358. 329.] | diff. eff.:0.4683692073049909
2026-03-21 21:32:46,755 - AEMSOlogs - INFO - RCWA eval:[111. 134. 300. 300. 341. 324.] | diff. eff.:0.5746544516853275
2026-03-21 21:32:55,637 - AEMSOlogs - INFO - RCWA eval:[ 93. 178. 291. 310. 326. 375.] | diff. eff.:0.8505230612000961
2026-03-21 21:32:55,654 - AEMSOlogs - INFO - Iteration 16: Best Y = -0.9097278500015111 at x = [0.22941171 0.39494333 0.56093529 0.66801858 0.74383997 0.82441288]
2026-03-21 21:32:55,655 - AEMSOlogs - INFO - Working on simulations...
2026-03-21 21:33:04,458 - AEMSOlogs - INFO - RCWA eval:[ 91. 239. 274. 338. 332. 379.] | diff. eff.:0.7518630929119661
2026-03-21 21:33:13,365 - AEMSOlogs - INFO - RCWA eval:[ 53. 177. 309. 320. 355. 386.] | diff. eff.:0.7356058261185809
2026-03-21 21:33:22,240 - AEMSOlogs - INFO - RCWA eval:[117. 157. 232. 292. 321. 377.] | diff. eff.:0.7063320439594944
2026-03-21 21:33:31,191 - AEMSOlogs - INFO - RCWA eval:[ 71. 218. 265. 315. 341. 375.] | diff. eff.:0.927113669198297
2026-03-21 21:33:40,272 - AEMSOlogs - INFO - RCWA eval:[139. 222. 312. 317. 314. 388.] | diff. eff.:0.454646707233469
2026-03-21 21:33:49,153 - AEMSOlogs - INFO - RCWA eval:[149. 198. 302. 321. 339. 372.] | diff. eff.:0.7851944349702731
2026-03-21 21:33:58,057 - AEMSOlogs - INFO - RCWA eval:[101. 136. 290. 322. 336. 388.] | diff. eff.:0.7952728541976418
2026-03-21 21:34:06,926 - AEMSOlogs - INFO - RCWA eval:[ 71. 176. 278. 313. 292. 355.] | diff. eff.:0.7173714209219011
2026-03-21 21:34:15,886 - AEMSOlogs - INFO - RCWA eval:[138. 170. 277. 292. 310. 356.] | diff. eff.:0.821851551067412
2026-03-21 21:34:24,765 - AEMSOlogs - INFO - RCWA eval:[ 65. 202. 286. 311. 309. 390.] | diff. eff.:0.6787510677090668
2026-03-21 21:34:33,716 - AEMSOlogs - INFO - RCWA eval:[ 77. 239. 293. 303. 317. 422.] | diff. eff.:0.5468361325633441
2026-03-21 21:34:42,566 - AEMSOlogs - INFO - RCWA eval:[141. 178. 318. 319. 332. 393.] | diff. eff.:0.6071194645626363
2026-03-21 21:34:51,434 - AEMSOlogs - INFO - RCWA eval:[ 51. 155. 304. 312. 332. 400.] | diff. eff.:0.6937122551221789
2026-03-21 21:35:00,320 - AEMSOlogs - INFO - RCWA eval:[ 99. 212. 280. 289. 291. 399.] | diff. eff.:0.44775945494878594
2026-03-21 21:35:00,340 - AEMSOlogs - INFO - Iteration 17: Best Y = -0.927113669198297 at x = [0.11777502 0.45946428 0.56876338 0.68713225 0.74759253 0.82666033]
2026-03-21 21:35:00,341 - AEMSOlogs - INFO - Working on simulations...
2026-03-21 21:35:09,299 - AEMSOlogs - INFO - RCWA eval:[135. 146. 277. 315. 342. 390.] | diff. eff.:0.7962760684575866
2026-03-21 21:35:18,133 - AEMSOlogs - INFO - RCWA eval:[155. 237. 304. 315. 329. 363.] | diff. eff.:0.8221364335776346
2026-03-21 21:35:27,058 - AEMSOlogs - INFO - RCWA eval:[122. 182. 233. 316. 332. 386.] | diff. eff.:0.7033203932629868
2026-03-21 21:35:35,961 - AEMSOlogs - INFO - RCWA eval:[135. 174. 289. 329. 327. 368.] | diff. eff.:0.840088395188948
2026-03-21 21:35:44,764 - AEMSOlogs - INFO - RCWA eval:[163. 217. 249. 330. 345. 366.] | diff. eff.:0.7748844592439896
2026-03-21 21:35:53,270 - AEMSOlogs - INFO - RCWA eval:[104. 190. 264. 299. 343. 351.] | diff. eff.:0.8878381312265101
2026-03-21 21:36:01,686 - AEMSOlogs - INFO - RCWA eval:[188. 131. 284. 280. 311. 356.] | diff. eff.:0.7327236077961665
2026-03-21 21:36:10,055 - AEMSOlogs - INFO - RCWA eval:[112. 229. 254. 319. 324. 362.] | diff. eff.:0.8907467099020135
2026-03-21 21:36:18,499 - AEMSOlogs - INFO - RCWA eval:[123. 211. 289. 306. 340. 380.] | diff. eff.:0.8958597833405321
2026-03-21 21:36:26,891 - AEMSOlogs - INFO - RCWA eval:[ 64. 202. 266. 326. 323. 348.] | diff. eff.:0.778036450697769
2026-03-21 21:36:35,326 - AEMSOlogs - INFO - RCWA eval:[118. 246. 314. 319. 349. 392.] | diff. eff.:0.7660493190878841
2026-03-21 21:36:43,836 - AEMSOlogs - INFO - RCWA eval:[144. 201. 271. 334. 317. 387.] | diff. eff.:0.3656951829057536
2026-03-21 21:36:52,258 - AEMSOlogs - INFO - RCWA eval:[119. 216. 280. 303. 357. 346.] | diff. eff.:0.575519776410721
2026-03-21 21:37:01,170 - AEMSOlogs - INFO - RCWA eval:[152. 211. 268. 313. 343. 387.] | diff. eff.:0.7821161376124138
2026-03-21 21:37:01,189 - AEMSOlogs - INFO - Iteration 18: Best Y = -0.927113669198297 at x = [0.11777502 0.45946428 0.56876338 0.68713225 0.74759253 0.82666033]
2026-03-21 21:37:01,190 - AEMSOlogs - INFO - Working on simulations...
2026-03-21 21:37:09,975 - AEMSOlogs - INFO - RCWA eval:[ 95. 231. 288. 331. 338. 340.] | diff. eff.:0.6168359583874576
2026-03-21 21:37:18,927 - AEMSOlogs - INFO - RCWA eval:[ 98. 191. 262. 314. 333. 381.] | diff. eff.:0.8583285244004449
2026-03-21 21:37:28,295 - AEMSOlogs - INFO - RCWA eval:[158. 193. 243. 314. 333. 354.] | diff. eff.:0.8452029673304815
2026-03-21 21:37:37,098 - AEMSOlogs - INFO - RCWA eval:[ 91. 207. 290. 303. 335. 386.] | diff. eff.:0.8402110897858112
2026-03-21 21:37:45,970 - AEMSOlogs - INFO - RCWA eval:[125. 194. 269. 311. 326. 368.] | diff. eff.:0.9141081398014869
2026-03-21 21:37:54,794 - AEMSOlogs - INFO - RCWA eval:[125. 224. 261. 325. 351. 361.] | diff. eff.:0.7902067518418175
2026-03-21 21:38:03,688 - AEMSOlogs - INFO - RCWA eval:[122. 212. 270. 306. 332. 378.] | diff. eff.:0.8694296940642388
2026-03-21 21:38:12,549 - AEMSOlogs - INFO - RCWA eval:[107. 178. 272. 329. 344. 369.] | diff. eff.:0.8538261135046897
2026-03-21 21:38:21,430 - AEMSOlogs - INFO - RCWA eval:[140. 179. 267. 322. 319. 365.] | diff. eff.:0.8602521965907176
2026-03-21 21:38:30,473 - AEMSOlogs - INFO - RCWA eval:[176. 208. 279. 315. 352. 389.] | diff. eff.:0.812254683205331
2026-03-21 21:38:39,384 - AEMSOlogs - INFO - RCWA eval:[149. 152. 284. 313. 308. 340.] | diff. eff.:0.6879317387899022
2026-03-21 21:38:48,275 - AEMSOlogs - INFO - RCWA eval:[139. 179. 310. 312. 329. 344.] | diff. eff.:0.5978804324989918
2026-03-21 21:38:57,461 - AEMSOlogs - INFO - RCWA eval:[104. 240. 289. 321. 357. 375.] | diff. eff.:0.8709027372903866
2026-03-21 21:39:06,633 - AEMSOlogs - INFO - RCWA eval:[119. 233. 251. 303. 351. 382.] | diff. eff.:0.8392581936740592
2026-03-21 21:39:06,650 - AEMSOlogs - INFO - Iteration 19: Best Y = -0.927113669198297 at x = [0.11777502 0.45946428 0.56876338 0.68713225 0.74759253 0.82666033]
2026-03-21 21:39:06,651 - AEMSOlogs - INFO - Working on simulations...
2026-03-21 21:39:15,562 - AEMSOlogs - INFO - RCWA eval:[137. 159. 267. 294. 327. 363.] | diff. eff.:0.8907386350217531
2026-03-21 21:39:24,473 - AEMSOlogs - INFO - RCWA eval:[128. 200. 286. 314. 319. 366.] | diff. eff.:0.8872181145504634
2026-03-21 21:39:33,680 - AEMSOlogs - INFO - RCWA eval:[ 82. 201. 272. 318. 331. 378.] | diff. eff.:0.8937392891218751
2026-03-21 21:39:42,597 - AEMSOlogs - INFO - RCWA eval:[ 52. 209. 260. 310. 318. 375.] | diff. eff.:0.8546989306847668
2026-03-21 21:39:51,447 - AEMSOlogs - INFO - RCWA eval:[147. 224. 256. 328. 343. 383.] | diff. eff.:0.6040321265690265
2026-03-21 21:40:00,285 - AEMSOlogs - INFO - RCWA eval:[143. 216. 254. 303. 340. 374.] | diff. eff.:0.8825234666004245
2026-03-21 21:40:09,134 - AEMSOlogs - INFO - RCWA eval:[ 76. 224. 294. 332. 343. 388.] | diff. eff.:0.7865229847352091
2026-03-21 21:40:17,980 - AEMSOlogs - INFO - RCWA eval:[107. 179. 287. 328. 351. 367.] | diff. eff.:0.8221295349473332
2026-03-21 21:40:26,839 - AEMSOlogs - INFO - RCWA eval:[ 84. 196. 281. 321. 340. 380.] | diff. eff.:0.9016878386041481
2026-03-21 21:40:35,788 - AEMSOlogs - INFO - RCWA eval:[119. 180. 282. 305. 324. 366.] | diff. eff.:0.902075123664566
2026-03-21 21:40:44,664 - AEMSOlogs - INFO - RCWA eval:[141. 194. 238. 308. 320. 368.] | diff. eff.:0.8263191823789572
2026-03-21 21:40:53,660 - AEMSOlogs - INFO - RCWA eval:[140. 168. 263. 321. 325. 352.] | diff. eff.:0.8279738095177716
2026-03-21 21:41:02,473 - AEMSOlogs - INFO - RCWA eval:[126. 230. 308. 310. 343. 380.] | diff. eff.:0.672719303999781
2026-03-21 21:41:11,321 - AEMSOlogs - INFO - RCWA eval:[108. 181. 265. 302. 324. 381.] | diff. eff.:0.8005404040080527
2026-03-21 21:41:11,338 - AEMSOlogs - INFO - Iteration 20: Best Y = -0.927113669198297 at x = [0.11777502 0.45946428 0.56876338 0.68713225 0.74759253 0.82666033]
2026-03-21 21:41:11,339 - AEMSOlogs - INFO - Working on simulations...
2026-03-21 21:41:20,209 - AEMSOlogs - INFO - RCWA eval:[118. 179. 270. 302. 333. 381.] | diff. eff.:0.8556071056340651
2026-03-21 21:41:29,006 - AEMSOlogs - INFO - RCWA eval:[103. 181. 251. 297. 335. 354.] | diff. eff.:0.9020368462701331
2026-03-21 21:41:37,964 - AEMSOlogs - INFO - RCWA eval:[105. 193. 294. 315. 338. 378.] | diff. eff.:0.8797929360884442
2026-03-21 21:41:46,817 - AEMSOlogs - INFO - RCWA eval:[134. 200. 280. 302. 326. 371.] | diff. eff.:0.8772279233888891
2026-03-21 21:41:55,650 - AEMSOlogs - INFO - RCWA eval:[ 87. 205. 287. 316. 337. 371.] | diff. eff.:0.9374125571697893
2026-03-21 21:42:04,502 - AEMSOlogs - INFO - RCWA eval:[114. 209. 267. 297. 324. 365.] | diff. eff.:0.8784840149955927
2026-03-21 21:42:13,356 - AEMSOlogs - INFO - RCWA eval:[ 83. 165. 266. 291. 318. 350.] | diff. eff.:0.8679650958521508
2026-03-21 21:42:22,243 - AEMSOlogs - INFO - RCWA eval:[122. 218. 270. 292. 329. 357.] | diff. eff.:0.8777478767466498
2026-03-21 21:42:31,078 - AEMSOlogs - INFO - RCWA eval:[126. 167. 273. 303. 329. 361.] | diff. eff.:0.9319838325336067
2026-03-21 21:42:39,953 - AEMSOlogs - INFO - RCWA eval:[118. 201. 280. 310. 343. 370.] | diff. eff.:0.9548334365822138
2026-03-21 21:42:48,787 - AEMSOlogs - INFO - RCWA eval:[ 97. 196. 272. 302. 321. 351.] | diff. eff.:0.8871952489928003
2026-03-21 21:42:57,626 - AEMSOlogs - INFO - RCWA eval:[113. 183. 276. 313. 326. 358.] | diff. eff.:0.9165212672610366
2026-03-21 21:43:06,492 - AEMSOlogs - INFO - RCWA eval:[130. 185. 276. 303. 319. 360.] | diff. eff.:0.8964528891804193
2026-03-21 21:43:15,347 - AEMSOlogs - INFO - RCWA eval:[ 90. 229. 297. 321. 340. 378.] | diff. eff.:0.8817899845467592
2026-03-21 21:43:15,364 - AEMSOlogs - INFO - Iteration 21: Best Y = -0.9548334365822138 at x = [0.2282242  0.42114714 0.60575986 0.67385053 0.75030558 0.81478914]
2026-03-21 21:43:15,365 - AEMSOlogs - INFO - Working on simulations...
2026-03-21 21:43:24,154 - AEMSOlogs - INFO - RCWA eval:[123. 190. 285. 317. 332. 355.] | diff. eff.:0.8820821455945725
2026-03-21 21:43:33,012 - AEMSOlogs - INFO - RCWA eval:[109. 190. 252. 303. 315. 358.] | diff. eff.:0.8809877906241372
2026-03-21 21:43:41,894 - AEMSOlogs - INFO - RCWA eval:[ 75. 211. 271. 313. 349. 373.] | diff. eff.:0.916970081402833
2026-03-21 21:43:50,776 - AEMSOlogs - INFO - RCWA eval:[139. 198. 293. 317. 335. 370.] | diff. eff.:0.9107956484767621
2026-03-21 21:43:59,541 - AEMSOlogs - INFO - RCWA eval:[ 92. 165. 279. 306. 342. 375.] | diff. eff.:0.9370900973662105
2026-03-21 21:44:08,372 - AEMSOlogs - INFO - RCWA eval:[ 93. 179. 287. 304. 326. 358.] | diff. eff.:0.8953117902008254
2026-03-21 21:44:17,377 - AEMSOlogs - INFO - RCWA eval:[141. 212. 280. 306. 323. 366.] | diff. eff.:0.9000896039526635
2026-03-21 21:44:26,413 - AEMSOlogs - INFO - RCWA eval:[162. 189. 274. 305. 335. 368.] | diff. eff.:0.9336335760433326
2026-03-21 21:44:35,234 - AEMSOlogs - INFO - RCWA eval:[107. 194. 283. 317. 354. 381.] | diff. eff.:0.856384280500944
2026-03-21 21:44:44,089 - AEMSOlogs - INFO - RCWA eval:[115. 226. 262. 319. 338. 349.] | diff. eff.:0.8161574096915514
2026-03-21 21:44:52,803 - AEMSOlogs - INFO - RCWA eval:[115. 169. 296. 295. 335. 378.] | diff. eff.:0.8066105141299212
2026-03-21 21:45:01,790 - AEMSOlogs - INFO - RCWA eval:[ 81. 207. 285. 311. 331. 366.] | diff. eff.:0.9346161473750483
2026-03-21 21:45:10,785 - AEMSOlogs - INFO - RCWA eval:[101. 189. 284. 317. 339. 355.] | diff. eff.:0.8751624382225198
2026-03-21 21:45:19,616 - AEMSOlogs - INFO - RCWA eval:[ 99. 170. 284. 310. 336. 365.] | diff. eff.:0.9403131239792277
2026-03-21 21:45:19,636 - AEMSOlogs - INFO - Iteration 22: Best Y = -0.9548334365822138 at x = [0.2282242  0.42114714 0.60575986 0.67385053 0.75030558 0.81478914]
2026-03-21 21:45:19,637 - AEMSOlogs - INFO - Working on simulations...
2026-03-21 21:45:28,528 - AEMSOlogs - INFO - RCWA eval:[109. 182. 289. 312. 344. 377.] | diff. eff.:0.9188597992161266
2026-03-21 21:45:37,156 - AEMSOlogs - INFO - RCWA eval:[ 39. 177. 278. 309. 339. 372.] | diff. eff.:0.946090746469451
2026-03-21 21:45:46,077 - AEMSOlogs - INFO - RCWA eval:[148. 162. 275. 308. 347. 342.] | diff. eff.:0.7848848226864119
2026-03-21 21:45:54,947 - AEMSOlogs - INFO - RCWA eval:[ 94. 195. 281. 307. 341. 357.] | diff. eff.:0.918319633293934
2026-03-21 21:46:03,795 - AEMSOlogs - INFO - RCWA eval:[ 68. 151. 279. 312. 352. 375.] | diff. eff.:0.870568067000827
2026-03-21 21:46:12,680 - AEMSOlogs - INFO - RCWA eval:[ 87. 205. 290. 312. 338. 380.] | diff. eff.:0.9024243685083254
2026-03-21 21:46:21,618 - AEMSOlogs - INFO - RCWA eval:[121. 169. 284. 306. 332. 370.] | diff. eff.:0.917622627554158
2026-03-21 21:46:30,493 - AEMSOlogs - INFO - RCWA eval:[116. 217. 257. 306. 347. 368.] | diff. eff.:0.9014102647092749
2026-03-21 21:46:39,293 - AEMSOlogs - INFO - RCWA eval:[101. 183. 295. 324. 336. 381.] | diff. eff.:0.8095511726476643
2026-03-21 21:46:48,243 - AEMSOlogs - INFO - RCWA eval:[ 93. 155. 282. 316. 317. 367.] | diff. eff.:0.8648090786073429
2026-03-21 21:46:57,119 - AEMSOlogs - INFO - RCWA eval:[ 72. 141. 282. 305. 328. 347.] | diff. eff.:0.861749109686428
2026-03-21 21:47:05,933 - AEMSOlogs - INFO - RCWA eval:[ 82. 180. 280. 318. 343. 377.] | diff. eff.:0.9198618728497875
2026-03-21 21:47:14,801 - AEMSOlogs - INFO - RCWA eval:[123. 193. 278. 315. 342. 367.] | diff. eff.:0.942940180330215
2026-03-21 21:47:23,708 - AEMSOlogs - INFO - RCWA eval:[ 47. 189. 286. 327. 351. 391.] | diff. eff.:0.8309766521870262
2026-03-21 21:47:23,726 - AEMSOlogs - INFO - Iteration 23: Best Y = -0.9548334365822138 at x = [0.2282242  0.42114714 0.60575986 0.67385053 0.75030558 0.81478914]
2026-03-21 21:47:23,727 - AEMSOlogs - INFO - Working on simulations...
2026-03-21 21:47:32,582 - AEMSOlogs - INFO - RCWA eval:[ 53. 162. 261. 307. 331. 379.] | diff. eff.:0.877001364665143
2026-03-21 21:47:41,395 - AEMSOlogs - INFO - RCWA eval:[ 67. 169. 288. 296. 332. 368.] | diff. eff.:0.874435831018746
2026-03-21 21:47:50,502 - AEMSOlogs - INFO - RCWA eval:[ 98. 155. 277. 313. 337. 363.] | diff. eff.:0.9358869868446202
2026-03-21 21:47:59,592 - AEMSOlogs - INFO - RCWA eval:[117. 173. 294. 305. 328. 363.] | diff. eff.:0.8694701493221317
2026-03-21 21:48:08,609 - AEMSOlogs - INFO - RCWA eval:[ 44. 223. 277. 309. 332. 364.] | diff. eff.:0.944466035718974
2026-03-21 21:48:17,745 - AEMSOlogs - INFO - RCWA eval:[ 41. 201. 286. 323. 331. 372.] | diff. eff.:0.9042624301696779
2026-03-21 21:48:26,568 - AEMSOlogs - INFO - RCWA eval:[ 98. 198. 270. 310. 351. 370.] | diff. eff.:0.8892391764874654
2026-03-21 21:48:35,424 - AEMSOlogs - INFO - RCWA eval:[136. 149. 268. 302. 352. 359.] | diff. eff.:0.8005307709633761
2026-03-21 21:48:44,309 - AEMSOlogs - INFO - RCWA eval:[ 63. 206. 271. 304. 338. 372.] | diff. eff.:0.9384785674183284
2026-03-21 21:48:53,152 - AEMSOlogs - INFO - RCWA eval:[ 95. 190. 270. 312. 337. 366.] | diff. eff.:0.9441228022720481
2026-03-21 21:49:01,818 - AEMSOlogs - INFO - RCWA eval:[104. 171. 279. 294. 347. 365.] | diff. eff.:0.9177787549797853
2026-03-21 21:49:10,686 - AEMSOlogs - INFO - RCWA eval:[ 62. 190. 288. 315. 350. 372.] | diff. eff.:0.9009452713714042
2026-03-21 21:49:19,551 - AEMSOlogs - INFO - RCWA eval:[ 98. 179. 285. 313. 330. 374.] | diff. eff.:0.9004202219694004
2026-03-21 21:49:28,419 - AEMSOlogs - INFO - RCWA eval:[ 81. 167. 298. 301. 331. 362.] | diff. eff.:0.8353744609421506
2026-03-21 21:49:28,437 - AEMSOlogs - INFO - Iteration 24: Best Y = -0.9548334365822138 at x = [0.2282242  0.42114714 0.60575986 0.67385053 0.75030558 0.81478914]
2026-03-21 21:49:28,438 - AEMSOlogs - INFO - Working on simulations...
2026-03-21 21:49:37,257 - AEMSOlogs - INFO - RCWA eval:[ 60. 206. 296. 314. 337. 369.] | diff. eff.:0.8983724267545564
2026-03-21 21:49:46,089 - AEMSOlogs - INFO - RCWA eval:[ 57. 234. 281. 310. 335. 368.] | diff. eff.:0.9455273194536489
2026-03-21 21:49:54,970 - AEMSOlogs - INFO - RCWA eval:[ 45. 191. 275. 308. 323. 361.] | diff. eff.:0.9257484232562662
2026-03-21 21:50:03,853 - AEMSOlogs - INFO - RCWA eval:[122. 190. 308. 309. 340. 363.] | diff. eff.:0.7805903115987822
2026-03-21 21:50:12,786 - AEMSOlogs - INFO - RCWA eval:[ 96. 201. 274. 325. 346. 365.] | diff. eff.:0.8756770463802265
2026-03-21 21:50:21,678 - AEMSOlogs - INFO - RCWA eval:[ 84. 193. 278. 301. 328. 362.] | diff. eff.:0.9236666456536586
2026-03-21 21:50:30,487 - AEMSOlogs - INFO - RCWA eval:[ 73. 179. 277. 304. 338. 353.] | diff. eff.:0.9095811317611427
2026-03-21 21:50:39,223 - AEMSOlogs - INFO - RCWA eval:[ 61. 218. 294. 318. 329. 347.] | diff. eff.:0.739135864270821
2026-03-21 21:50:48,106 - AEMSOlogs - INFO - RCWA eval:[ 58. 152. 272. 312. 350. 367.] | diff. eff.:0.8716529907637166
2026-03-21 21:50:57,024 - AEMSOlogs - INFO - RCWA eval:[ 49. 207. 273. 310. 334. 369.] | diff. eff.:0.9474370687601468
2026-03-21 21:51:05,969 - AEMSOlogs - INFO - RCWA eval:[ 47. 189. 248. 292. 343. 373.] | diff. eff.:0.8504390162073026
2026-03-21 21:51:14,802 - AEMSOlogs - INFO - RCWA eval:[ 61. 168. 276. 306. 347. 361.] | diff. eff.:0.9047802807469046
2026-03-21 21:51:23,619 - AEMSOlogs - INFO - RCWA eval:[ 83. 187. 268. 315. 349. 371.] | diff. eff.:0.8911826693654576
2026-03-21 21:51:32,424 - AEMSOlogs - INFO - RCWA eval:[ 56. 161. 263. 310. 334. 376.] | diff. eff.:0.9016912562752173
2026-03-21 21:51:32,444 - AEMSOlogs - INFO - Iteration 25: Best Y = -0.9548334365822138 at x = [0.2282242  0.42114714 0.60575986 0.67385053 0.75030558 0.81478914]
2026-03-21 21:51:32,446 - AEMSOlogs - INFO - Working on simulations...
2026-03-21 21:51:41,300 - AEMSOlogs - INFO - RCWA eval:[ 90. 185. 268. 293. 335. 358.] | diff. eff.:0.9163931679959799
2026-03-21 21:51:50,332 - AEMSOlogs - INFO - RCWA eval:[ 26. 221. 285. 309. 337. 382.] | diff. eff.:0.9163487618930378
2026-03-21 21:51:59,356 - AEMSOlogs - INFO - RCWA eval:[ 51. 199. 280. 307. 349. 372.] | diff. eff.:0.928597124562543
2026-03-21 21:52:08,525 - AEMSOlogs - INFO - RCWA eval:[ 95. 175. 292. 317. 328. 375.] | diff. eff.:0.8567068036482696
2026-03-21 21:52:17,373 - AEMSOlogs - INFO - RCWA eval:[ 58. 213. 276. 299. 329. 369.] | diff. eff.:0.898046762802392
2026-03-21 21:52:26,219 - AEMSOlogs - INFO - RCWA eval:[ 77. 215. 274. 309. 337. 361.] | diff. eff.:0.9451772276591608
2026-03-21 21:52:35,086 - AEMSOlogs - INFO - RCWA eval:[ 72. 209. 283. 308. 328. 358.] | diff. eff.:0.9151480164994126
2026-03-21 21:52:43,999 - AEMSOlogs - INFO - RCWA eval:[ 21. 225. 282. 308. 341. 370.] | diff. eff.:0.9559712717283088
2026-03-21 21:52:52,903 - AEMSOlogs - INFO - RCWA eval:[ 34. 186. 264. 300. 317. 361.] | diff. eff.:0.8971225675990241
2026-03-21 21:53:01,789 - AEMSOlogs - INFO - RCWA eval:[ 22. 222. 276. 310. 331. 362.] | diff. eff.:0.9406149373737165
2026-03-21 21:53:10,637 - AEMSOlogs - INFO - RCWA eval:[ 48. 163. 272. 282. 344. 366.] | diff. eff.:0.8609631304102535
2026-03-21 21:53:19,518 - AEMSOlogs - INFO - RCWA eval:[ 21. 199. 292. 322. 336. 380.] | diff. eff.:0.8819694745501597
2026-03-21 21:53:28,365 - AEMSOlogs - INFO - RCWA eval:[ 65. 178. 279. 307. 330. 373.] | diff. eff.:0.9126668685198884
2026-03-21 21:53:37,193 - AEMSOlogs - INFO - RCWA eval:[ 41. 220. 276. 306. 333. 370.] | diff. eff.:0.9369680131379927
2026-03-21 21:53:37,207 - AEMSOlogs - INFO - Iteration 26: Best Y = -0.9559712717283088 at x = [0.00166412 0.47680387 0.60816555 0.66871968 0.74571251 0.81293022]
2026-03-21 21:53:37,209 - AEMSOlogs - INFO - Working on simulations...
2026-03-21 21:53:46,030 - AEMSOlogs - INFO - RCWA eval:[ 35. 177. 271. 299. 334. 384.] | diff. eff.:0.8608494847376597
2026-03-21 21:53:55,022 - AEMSOlogs - INFO - RCWA eval:[ 20. 223. 274. 305. 356. 373.] | diff. eff.:0.8351716855504733
2026-03-21 21:54:03,871 - AEMSOlogs - INFO - RCWA eval:[ 73. 163. 271. 303. 332. 360.] | diff. eff.:0.9411398513098344
2026-03-21 21:54:12,758 - AEMSOlogs - INFO - RCWA eval:[ 28. 221. 276. 319. 337. 359.] | diff. eff.:0.9083139474148089
2026-03-21 21:54:21,657 - AEMSOlogs - INFO - RCWA eval:[ 99. 150. 268. 299. 332. 360.] | diff. eff.:0.9325474776987555
2026-03-21 21:54:30,642 - AEMSOlogs - INFO - RCWA eval:[ 24. 222. 275. 298. 343. 361.] | diff. eff.:0.9270415781870781
2026-03-21 21:54:39,519 - AEMSOlogs - INFO - RCWA eval:[ 26. 280. 287. 314. 320. 368.] | diff. eff.:0.7442401180963795
2026-03-21 21:54:48,424 - AEMSOlogs - INFO - RCWA eval:[123. 195. 264. 305. 349. 363.] | diff. eff.:0.8795172123088929
2026-03-21 21:54:57,249 - AEMSOlogs - INFO - RCWA eval:[ 33. 220. 285. 303. 332. 366.] | diff. eff.:0.9195585340179708
2026-03-21 21:55:06,053 - AEMSOlogs - INFO - RCWA eval:[ 55. 241. 281. 313. 334. 378.] | diff. eff.:0.9188341301704525
2026-03-21 21:55:14,910 - AEMSOlogs - INFO - RCWA eval:[ 20. 198. 263. 300. 335. 371.] | diff. eff.:0.911282881379912
2026-03-21 21:55:23,805 - AEMSOlogs - INFO - RCWA eval:[ 36. 205. 285. 311. 334. 365.] | diff. eff.:0.9404166076935159
2026-03-21 21:55:32,668 - AEMSOlogs - INFO - RCWA eval:[ 39. 219. 287. 323. 326. 375.] | diff. eff.:0.8814876792035149
2026-03-21 21:55:41,495 - AEMSOlogs - INFO - RCWA eval:[ 20. 243. 282. 314. 355. 366.] | diff. eff.:0.8447788976484989
2026-03-21 21:55:41,509 - AEMSOlogs - INFO - Iteration 27: Best Y = -0.9559712717283088 at x = [0.00166412 0.47680387 0.60816555 0.66871968 0.74571251 0.81293022]
2026-03-21 21:55:41,511 - AEMSOlogs - INFO - Working on simulations...
2026-03-21 21:55:50,392 - AEMSOlogs - INFO - RCWA eval:[ 36. 205. 276. 304. 303. 346.] | diff. eff.:0.7549478456627422
2026-03-21 21:55:59,240 - AEMSOlogs - INFO - RCWA eval:[ 63. 184. 275. 306. 326. 358.] | diff. eff.:0.9293249022233065
2026-03-21 21:56:08,092 - AEMSOlogs - INFO - RCWA eval:[ 85. 208. 272. 291. 317. 363.] | diff. eff.:0.8283115006071947
2026-03-21 21:56:17,023 - AEMSOlogs - INFO - RCWA eval:[ 23. 233. 287. 318. 343. 367.] | diff. eff.:0.9350396398953628
2026-03-21 21:56:25,875 - AEMSOlogs - INFO - RCWA eval:[101. 200. 288. 307. 338. 365.] | diff. eff.:0.9367505540675097
2026-03-21 21:56:34,691 - AEMSOlogs - INFO - RCWA eval:[ 74. 208. 277. 308. 343. 365.] | diff. eff.:0.9504833480983013
2026-03-21 21:56:43,524 - AEMSOlogs - INFO - RCWA eval:[ 54. 194. 260. 302. 341. 375.] | diff. eff.:0.9077993703510597
2026-03-21 21:56:52,274 - AEMSOlogs - INFO - RCWA eval:[ 50. 180. 269. 304. 328. 363.] | diff. eff.:0.9344681793484929
2026-03-21 21:57:01,109 - AEMSOlogs - INFO - RCWA eval:[103. 163. 289. 308. 332. 366.] | diff. eff.:0.9129916624402652
2026-03-21 21:57:09,967 - AEMSOlogs - INFO - RCWA eval:[ 81. 173. 267. 295. 319. 349.] | diff. eff.:0.8775941998040272
2026-03-21 21:57:18,845 - AEMSOlogs - INFO - RCWA eval:[ 80. 189. 284. 305. 349. 378.] | diff. eff.:0.9203587135896071
2026-03-21 21:57:27,692 - AEMSOlogs - INFO - RCWA eval:[ 24. 182. 264. 299. 317. 341.] | diff. eff.:0.8241669726405201
2026-03-21 21:57:36,498 - AEMSOlogs - INFO - RCWA eval:[ 32. 192. 274. 297. 332. 355.] | diff. eff.:0.913328306245339
2026-03-21 21:57:45,336 - AEMSOlogs - INFO - RCWA eval:[ 81. 206. 269. 299. 343. 367.] | diff. eff.:0.9384306330904744
2026-03-21 21:57:45,352 - AEMSOlogs - INFO - Iteration 28: Best Y = -0.9559712717283088 at x = [0.00166412 0.47680387 0.60816555 0.66871968 0.74571251 0.81293022]
2026-03-21 21:57:45,353 - AEMSOlogs - INFO - Working on simulations...
2026-03-21 21:57:54,224 - AEMSOlogs - INFO - RCWA eval:[ 40. 203. 269. 303. 349. 358.] | diff. eff.:0.866752515671024
2026-03-21 21:58:03,149 - AEMSOlogs - INFO - RCWA eval:[ 39. 216. 280. 306. 351. 375.] | diff. eff.:0.9176362009502572
2026-03-21 21:58:11,982 - AEMSOlogs - INFO - RCWA eval:[ 75. 203. 291. 306. 354. 357.] | diff. eff.:0.7597160985060856
2026-03-21 21:58:20,764 - AEMSOlogs - INFO - RCWA eval:[ 46. 210. 273. 307. 318. 366.] | diff. eff.:0.8970230198580599
2026-03-21 21:58:29,606 - AEMSOlogs - INFO - RCWA eval:[ 74. 200. 271. 289. 328. 361.] | diff. eff.:0.8650081331450988
2026-03-21 21:58:38,503 - AEMSOlogs - INFO - RCWA eval:[ 31. 270. 290. 306. 362. 368.] | diff. eff.:0.7479192821842389
2026-03-21 21:58:47,487 - AEMSOlogs - INFO - RCWA eval:[ 67. 202. 276. 312. 327. 368.] | diff. eff.:0.9305081922230699
2026-03-21 21:58:56,392 - AEMSOlogs - INFO - RCWA eval:[ 66. 197. 281. 297. 336. 363.] | diff. eff.:0.926038939848207
2026-03-21 21:59:05,279 - AEMSOlogs - INFO - RCWA eval:[ 90. 242. 267. 297. 330. 372.] | diff. eff.:0.8380844436253077
2026-03-21 21:59:14,146 - AEMSOlogs - INFO - RCWA eval:[128. 208. 270. 302. 341. 364.] | diff. eff.:0.9442461188343741
2026-03-21 21:59:22,967 - AEMSOlogs - INFO - RCWA eval:[ 89. 162. 281. 314. 344. 360.] | diff. eff.:0.899295844196893
2026-03-21 21:59:31,833 - AEMSOlogs - INFO - RCWA eval:[ 38. 215. 277. 309. 340. 368.] | diff. eff.:0.9580723779419141
2026-03-21 21:59:40,766 - AEMSOlogs - INFO - RCWA eval:[ 75. 223. 288. 317. 337. 365.] | diff. eff.:0.9327113750219309
2026-03-21 21:59:49,647 - AEMSOlogs - INFO - RCWA eval:[ 82. 195. 274. 302. 337. 371.] | diff. eff.:0.9352012030241171
2026-03-21 21:59:49,662 - AEMSOlogs - INFO - Iteration 29: Best Y = -0.9580723779419141 at x = [0.04217162 0.45413973 0.59749899 0.6728589  0.74314356 0.80814893]
2026-03-21 21:59:49,663 - AEMSOlogs - INFO - Working on simulations...
2026-03-21 21:59:58,426 - AEMSOlogs - INFO - RCWA eval:[ 88. 187. 278. 305. 340. 365.] | diff. eff.:0.953305014443142
2026-03-21 22:00:07,282 - AEMSOlogs - INFO - RCWA eval:[ 80. 198. 273. 300. 331. 363.] | diff. eff.:0.9304828639605428
2026-03-21 22:00:16,300 - AEMSOlogs - INFO - RCWA eval:[ 56. 229. 278. 306. 344. 367.] | diff. eff.:0.9505440652370228
2026-03-21 22:00:25,113 - AEMSOlogs - INFO - RCWA eval:[114. 229. 278. 312. 333. 368.] | diff. eff.:0.9456735442010746
2026-03-21 22:00:33,996 - AEMSOlogs - INFO - RCWA eval:[ 93. 217. 267. 307. 346. 363.] | diff. eff.:0.9196796101605049
2026-03-21 22:00:42,782 - AEMSOlogs - INFO - RCWA eval:[ 85. 183. 272. 303. 330. 357.] | diff. eff.:0.9336506809028768
2026-03-21 22:00:51,601 - AEMSOlogs - INFO - RCWA eval:[ 96. 218. 278. 308. 344. 362.] | diff. eff.:0.9360010469276232
2026-03-21 22:01:00,499 - AEMSOlogs - INFO - RCWA eval:[100. 212. 268. 304. 333. 363.] | diff. eff.:0.9378969316453827
2026-03-21 22:01:09,479 - AEMSOlogs - INFO - RCWA eval:[ 46. 219. 267. 301. 338. 364.] | diff. eff.:0.9364006735325038
2026-03-21 22:01:18,357 - AEMSOlogs - INFO - RCWA eval:[ 85. 199. 275. 309. 336. 366.] | diff. eff.:0.9532088047275267
2026-03-21 22:01:27,182 - AEMSOlogs - INFO - RCWA eval:[123. 216. 285. 315. 334. 367.] | diff. eff.:0.9440040577173306
2026-03-21 22:01:36,065 - AEMSOlogs - INFO - RCWA eval:[ 89. 221. 276. 302. 338. 365.] | diff. eff.:0.9441888405174462
2026-03-21 22:01:44,932 - AEMSOlogs - INFO - RCWA eval:[ 21. 180. 276. 306. 343. 376.] | diff. eff.:0.9396683366509551
2026-03-21 22:01:53,889 - AEMSOlogs - INFO - RCWA eval:[ 90. 186. 277. 306. 333. 372.] | diff. eff.:0.9265144950742582
2026-03-21 22:01:53,906 - AEMSOlogs - INFO - Iteration 30: Best Y = -0.9580723779419141 at x = [0.04217162 0.45413973 0.59749899 0.6728589  0.74314356 0.80814893]
2026-03-21 22:01:53,907 - AEMSOlogs - INFO - Working on simulations...
2026-03-21 22:02:02,816 - AEMSOlogs - INFO - RCWA eval:[ 71. 205. 288. 311. 335. 360.] | diff. eff.:0.9173804827715984
2026-03-21 22:02:11,681 - AEMSOlogs - INFO - RCWA eval:[114. 197. 282. 309. 343. 367.] | diff. eff.:0.9516176785738762
2026-03-21 22:02:20,510 - AEMSOlogs - INFO - RCWA eval:[ 89. 209. 274. 305. 337. 365.] | diff. eff.:0.9515308540039279
2026-03-21 22:02:29,325 - AEMSOlogs - INFO - RCWA eval:[ 93. 176. 275. 302. 336. 367.] | diff. eff.:0.9418626849657522
2026-03-21 22:02:38,264 - AEMSOlogs - INFO - RCWA eval:[ 48. 195. 279. 312. 338. 374.] | diff. eff.:0.9444412319718933
2026-03-21 22:02:47,145 - AEMSOlogs - INFO - RCWA eval:[ 58. 208. 280. 305. 334. 360.] | diff. eff.:0.9377353524221667
2026-03-21 22:02:55,955 - AEMSOlogs - INFO - RCWA eval:[ 93. 206. 283. 302. 336. 363.] | diff. eff.:0.9364892856785533
2026-03-21 22:03:04,800 - AEMSOlogs - INFO - RCWA eval:[134. 209. 275. 316. 332. 356.] | diff. eff.:0.9043892122444436
2026-03-21 22:03:13,822 - AEMSOlogs - INFO - RCWA eval:[ 88. 214. 270. 303. 335. 370.] | diff. eff.:0.9284733205084758
2026-03-21 22:03:22,774 - AEMSOlogs - INFO - RCWA eval:[ 81. 213. 283. 310. 344. 365.] | diff. eff.:0.9434360772512318
2026-03-21 22:03:31,611 - AEMSOlogs - INFO - RCWA eval:[123. 226. 278. 305. 340. 371.] | diff. eff.:0.9467130261370666
2026-03-21 22:03:40,521 - AEMSOlogs - INFO - RCWA eval:[115. 200. 282. 306. 338. 367.] | diff. eff.:0.9511977356036267
2026-03-21 22:03:49,395 - AEMSOlogs - INFO - RCWA eval:[ 92. 208. 281. 314. 336. 363.] | diff. eff.:0.9438621369584103
2026-03-21 22:03:58,282 - AEMSOlogs - INFO - RCWA eval:[ 88. 200. 280. 307. 341. 371.] | diff. eff.:0.9540581637934246
2026-03-21 22:03:58,298 - AEMSOlogs - INFO - Iteration 31: Best Y = -0.9580723779419141 at x = [0.04217162 0.45413973 0.59749899 0.6728589  0.74314356 0.80814893]
2026-03-21 22:03:58,299 - AEMSOlogs - INFO - Working on simulations...
2026-03-21 22:04:07,088 - AEMSOlogs - INFO - RCWA eval:[115. 207. 273. 312. 335. 364.] | diff. eff.:0.947805182936987
2026-03-21 22:04:15,958 - AEMSOlogs - INFO - RCWA eval:[103. 200. 279. 312. 343. 376.] | diff. eff.:0.941387220632841
2026-03-21 22:04:24,813 - AEMSOlogs - INFO - RCWA eval:[123. 188. 288. 307. 341. 370.] | diff. eff.:0.9403990385325045
2026-03-21 22:04:33,669 - AEMSOlogs - INFO - RCWA eval:[ 66. 198. 280. 311. 341. 371.] | diff. eff.:0.95347989660456
2026-03-21 22:04:42,595 - AEMSOlogs - INFO - RCWA eval:[ 58. 212. 279. 309. 337. 372.] | diff. eff.:0.9494578882604239
2026-03-21 22:04:51,550 - AEMSOlogs - INFO - RCWA eval:[122. 205. 285. 305. 341. 371.] | diff. eff.:0.9472891580323194
2026-03-21 22:05:00,143 - AEMSOlogs - INFO - RCWA eval:[ 96. 208. 278. 308. 343. 367.] | diff. eff.:0.9550072890702908
2026-03-21 22:05:08,920 - AEMSOlogs - INFO - RCWA eval:[105. 243. 281. 314. 341. 371.] | diff. eff.:0.9546754871407094
2026-03-21 22:05:17,742 - AEMSOlogs - INFO - RCWA eval:[ 86. 216. 280. 313. 340. 367.] | diff. eff.:0.9556544435479525
2026-03-21 22:05:26,610 - AEMSOlogs - INFO - RCWA eval:[117. 200. 286. 311. 340. 373.] | diff. eff.:0.9416347698606261
2026-03-21 22:05:35,520 - AEMSOlogs - INFO - RCWA eval:[111. 199. 271. 306. 338. 359.] | diff. eff.:0.9404540478919525
2026-03-21 22:05:44,427 - AEMSOlogs - INFO - RCWA eval:[120. 210. 281. 308. 347. 372.] | diff. eff.:0.9479540317937519
2026-03-21 22:05:53,328 - AEMSOlogs - INFO - RCWA eval:[123. 201. 280. 307. 344. 368.] | diff. eff.:0.9534364547017616
2026-03-21 22:06:02,185 - AEMSOlogs - INFO - RCWA eval:[119. 185. 281. 303. 334. 371.] | diff. eff.:0.922355397231377
2026-03-21 22:06:02,202 - AEMSOlogs - INFO - Iteration 32: Best Y = -0.9580723779419141 at x = [0.04217162 0.45413973 0.59749899 0.6728589  0.74314356 0.80814893]
2026-03-21 22:06:02,203 - AEMSOlogs - INFO - Working on simulations...
2026-03-21 22:06:11,023 - AEMSOlogs - INFO - RCWA eval:[128. 198. 279. 312. 339. 365.] | diff. eff.:0.9511005469881962
2026-03-21 22:06:19,843 - AEMSOlogs - INFO - RCWA eval:[123. 213. 273. 307. 338. 368.] | diff. eff.:0.9500802923922828
2026-03-21 22:06:28,661 - AEMSOlogs - INFO - RCWA eval:[ 67. 223. 281. 314. 333. 372.] | diff. eff.:0.9400180034636562
2026-03-21 22:06:37,555 - AEMSOlogs - INFO - RCWA eval:[ 92. 211. 286. 316. 341. 374.] | diff. eff.:0.9414573547130115
2026-03-21 22:06:46,430 - AEMSOlogs - INFO - RCWA eval:[121. 199. 285. 310. 345. 369.] | diff. eff.:0.9461989886863691
2026-03-21 22:06:55,250 - AEMSOlogs - INFO - RCWA eval:[128. 199. 271. 307. 337. 369.] | diff. eff.:0.9421689222262329
2026-03-21 22:07:04,082 - AEMSOlogs - INFO - RCWA eval:[ 70. 225. 281. 309. 333. 363.] | diff. eff.:0.9404200687183291
2026-03-21 22:07:13,067 - AEMSOlogs - INFO - RCWA eval:[ 89. 209. 273. 301. 342. 363.] | diff. eff.:0.9444575983975373
2026-03-21 22:07:22,005 - AEMSOlogs - INFO - RCWA eval:[ 53. 241. 285. 310. 347. 373.] | diff. eff.:0.9471878615641531
2026-03-21 22:07:30,882 - AEMSOlogs - INFO - RCWA eval:[ 98. 196. 275. 305. 339. 366.] | diff. eff.:0.9538378863563431
2026-03-21 22:07:39,602 - AEMSOlogs - INFO - RCWA eval:[ 86. 204. 286. 315. 340. 374.] | diff. eff.:0.9394303115908597
2026-03-21 22:07:48,426 - AEMSOlogs - INFO - RCWA eval:[ 96. 208. 278. 306. 342. 368.] | diff. eff.:0.9567260905682275
2026-03-21 22:07:57,277 - AEMSOlogs - INFO - RCWA eval:[103. 190. 286. 311. 344. 366.] | diff. eff.:0.936121265438496
2026-03-21 22:08:06,246 - AEMSOlogs - INFO - RCWA eval:[ 68. 194. 282. 309. 344. 366.] | diff. eff.:0.9444630391663964
2026-03-21 22:08:06,260 - AEMSOlogs - INFO - Iteration 33: Best Y = -0.9580723779419141 at x = [0.04217162 0.45413973 0.59749899 0.6728589  0.74314356 0.80814893]
2026-03-21 22:08:06,261 - AEMSOlogs - INFO - Working on simulations...
2026-03-21 22:08:15,156 - AEMSOlogs - INFO - RCWA eval:[115. 187. 277. 306. 346. 374.] | diff. eff.:0.9403481071275857
2026-03-21 22:08:24,005 - AEMSOlogs - INFO - RCWA eval:[ 70. 203. 277. 306. 336. 369.] | diff. eff.:0.9486572569505808
2026-03-21 22:08:32,882 - AEMSOlogs - INFO - RCWA eval:[105. 212. 277. 304. 339. 366.] | diff. eff.:0.9525341802788533
2026-03-21 22:08:41,699 - AEMSOlogs - INFO - RCWA eval:[ 82. 205. 278. 306. 345. 368.] | diff. eff.:0.9502245180483585
2026-03-21 22:08:50,538 - AEMSOlogs - INFO - RCWA eval:[100. 207. 275. 310. 341. 365.] | diff. eff.:0.9524961284235716
2026-03-21 22:08:59,455 - AEMSOlogs - INFO - RCWA eval:[118. 214. 281. 310. 342. 371.] | diff. eff.:0.9572540495331966
2026-03-21 22:09:08,320 - AEMSOlogs - INFO - RCWA eval:[109. 196. 273. 306. 339. 365.] | diff. eff.:0.9525980342230377
2026-03-21 22:09:17,212 - AEMSOlogs - INFO - RCWA eval:[121. 207. 281. 306. 342. 367.] | diff. eff.:0.9554717522889005
2026-03-21 22:09:26,081 - AEMSOlogs - INFO - RCWA eval:[ 72. 211. 276. 307. 341. 364.] | diff. eff.:0.9524887871954706
2026-03-21 22:09:35,002 - AEMSOlogs - INFO - RCWA eval:[110. 194. 278. 303. 344. 369.] | diff. eff.:0.9503562977438657
2026-03-21 22:09:43,883 - AEMSOlogs - INFO - RCWA eval:[124. 188. 281. 304. 337. 367.] | diff. eff.:0.9461774575851828
2026-03-21 22:09:52,797 - AEMSOlogs - INFO - RCWA eval:[ 91. 225. 277. 311. 342. 370.] | diff. eff.:0.9581172124642199
2026-03-21 22:10:01,675 - AEMSOlogs - INFO - RCWA eval:[133. 205. 275. 304. 345. 372.] | diff. eff.:0.9463166300607473
2026-03-21 22:10:10,574 - AEMSOlogs - INFO - RCWA eval:[ 75. 184. 271. 302. 339. 364.] | diff. eff.:0.9476780535165619
2026-03-21 22:10:10,589 - AEMSOlogs - INFO - Iteration 34: Best Y = -0.9581172124642199 at x = [0.16612155 0.47668947 0.59770316 0.67666513 0.7478921  0.81405875]
2026-03-21 22:10:10,590 - AEMSOlogs - INFO - Working on simulations...
2026-03-21 22:10:19,462 - AEMSOlogs - INFO - RCWA eval:[107. 208. 276. 311. 339. 367.] | diff. eff.:0.9558323325295114
2026-03-21 22:10:28,356 - AEMSOlogs - INFO - RCWA eval:[ 93. 230. 277. 311. 336. 366.] | diff. eff.:0.9516843301513435
2026-03-21 22:10:37,344 - AEMSOlogs - INFO - RCWA eval:[126. 206. 275. 307. 341. 363.] | diff. eff.:0.9498625841933928
2026-03-21 22:10:46,237 - AEMSOlogs - INFO - RCWA eval:[104. 226. 277. 312. 342. 372.] | diff. eff.:0.9559570680861087
2026-03-21 22:10:55,103 - AEMSOlogs - INFO - RCWA eval:[137. 223. 280. 309. 339. 368.] | diff. eff.:0.9557372442658149
2026-03-21 22:11:04,051 - AEMSOlogs - INFO - RCWA eval:[ 58. 222. 281. 310. 344. 369.] | diff. eff.:0.9552033918347177
2026-03-21 22:11:12,988 - AEMSOlogs - INFO - RCWA eval:[117. 223. 277. 309. 342. 365.] | diff. eff.:0.9529355687195017
2026-03-21 22:11:21,970 - AEMSOlogs - INFO - RCWA eval:[106. 210. 281. 313. 342. 372.] | diff. eff.:0.9534347578627664
2026-03-21 22:11:30,931 - AEMSOlogs - INFO - RCWA eval:[ 97. 226. 278. 310. 338. 369.] | diff. eff.:0.9552294515867675
2026-03-21 22:11:39,754 - AEMSOlogs - INFO - RCWA eval:[141. 200. 273. 308. 341. 364.] | diff. eff.:0.9488981681726953
2026-03-21 22:11:48,623 - AEMSOlogs - INFO - RCWA eval:[126. 219. 280. 308. 348. 373.] | diff. eff.:0.9460246094356235
2026-03-21 22:11:57,502 - AEMSOlogs - INFO - RCWA eval:[104. 217. 276. 309. 336. 370.] | diff. eff.:0.9479705504226386
2026-03-21 22:12:06,473 - AEMSOlogs - INFO - RCWA eval:[ 98. 212. 278. 308. 340. 371.] | diff. eff.:0.9548294020699333
2026-03-21 22:12:15,427 - AEMSOlogs - INFO - RCWA eval:[ 82. 213. 278. 309. 337. 366.] | diff. eff.:0.9555152576777695
2026-03-21 22:12:15,444 - AEMSOlogs - INFO - Iteration 35: Best Y = -0.9581172124642199 at x = [0.16612155 0.47668947 0.59770316 0.67666513 0.7478921  0.81405875]
2026-03-21 22:12:15,445 - AEMSOlogs - INFO - Working on simulations...
2026-03-21 22:12:24,297 - AEMSOlogs - INFO - RCWA eval:[131. 207. 277. 314. 335. 368.] | diff. eff.:0.9469304817306665
2026-03-21 22:12:33,149 - AEMSOlogs - INFO - RCWA eval:[105. 229. 275. 311. 340. 369.] | diff. eff.:0.9557043888212716
2026-03-21 22:12:42,093 - AEMSOlogs - INFO - RCWA eval:[101. 217. 274. 307. 341. 366.] | diff. eff.:0.9544287904604773
2026-03-21 22:12:50,946 - AEMSOlogs - INFO - RCWA eval:[ 77. 237. 276. 312. 338. 368.] | diff. eff.:0.9521712636578156
2026-03-21 22:12:59,784 - AEMSOlogs - INFO - RCWA eval:[ 98. 207. 281. 308. 343. 369.] | diff. eff.:0.9562370522413759
2026-03-21 22:13:08,650 - AEMSOlogs - INFO - RCWA eval:[114. 216. 275. 313. 339. 367.] | diff. eff.:0.9542529382981735
2026-03-21 22:13:17,441 - AEMSOlogs - INFO - RCWA eval:[117. 218. 281. 313. 346. 371.] | diff. eff.:0.9509571739154813
2026-03-21 22:13:26,315 - AEMSOlogs - INFO - RCWA eval:[ 92. 225. 278. 312. 339. 372.] | diff. eff.:0.9538212391224403
2026-03-21 22:13:35,177 - AEMSOlogs - INFO - RCWA eval:[ 97. 200. 279. 314. 341. 368.] | diff. eff.:0.950661200794412
2026-03-21 22:13:43,963 - AEMSOlogs - INFO - RCWA eval:[ 94. 208. 277. 305. 341. 367.] | diff. eff.:0.9558061102181287
2026-03-21 22:13:52,849 - AEMSOlogs - INFO - RCWA eval:[106. 219. 280. 311. 345. 369.] | diff. eff.:0.9536037081889586
2026-03-21 22:14:01,752 - AEMSOlogs - INFO - RCWA eval:[ 73. 202. 273. 307. 339. 368.] | diff. eff.:0.953597915775006
2026-03-21 22:14:10,624 - AEMSOlogs - INFO - RCWA eval:[ 89. 189. 272. 304. 339. 367.] | diff. eff.:0.949394386646225
2026-03-21 22:14:19,556 - AEMSOlogs - INFO - RCWA eval:[ 92. 234. 277. 312. 338. 369.] | diff. eff.:0.9540377504543138
2026-03-21 22:14:19,574 - AEMSOlogs - INFO - Iteration 36: Best Y = -0.9581172124642199 at x = [0.16612155 0.47668947 0.59770316 0.67666513 0.7478921  0.81405875]
2026-03-21 22:14:19,575 - AEMSOlogs - INFO - Working on simulations...
2026-03-21 22:14:28,453 - AEMSOlogs - INFO - RCWA eval:[ 95. 216. 276. 308. 342. 365.] | diff. eff.:0.9530714009996193
2026-03-21 22:14:37,270 - AEMSOlogs - INFO - RCWA eval:[105. 213. 279. 311. 341. 367.] | diff. eff.:0.9570746327267685
2026-03-21 22:14:46,155 - AEMSOlogs - INFO - RCWA eval:[ 88. 224. 281. 307. 342. 371.] | diff. eff.:0.9561371048201387
2026-03-21 22:14:55,042 - AEMSOlogs - INFO - RCWA eval:[ 93. 220. 276. 306. 340. 370.] | diff. eff.:0.9530114784522843
2026-03-21 22:15:03,913 - AEMSOlogs - INFO - RCWA eval:[ 93. 213. 279. 308. 342. 370.] | diff. eff.:0.957959014344287
2026-03-21 22:15:12,845 - AEMSOlogs - INFO - RCWA eval:[ 98. 219. 281. 309. 343. 372.] | diff. eff.:0.9571605448228843
2026-03-21 22:15:21,754 - AEMSOlogs - INFO - RCWA eval:[ 66. 213. 279. 306. 342. 370.] | diff. eff.:0.9567080950369599
2026-03-21 22:15:30,738 - AEMSOlogs - INFO - RCWA eval:[ 85. 222. 283. 308. 346. 374.] | diff. eff.:0.9513339905545602
2026-03-21 22:15:39,703 - AEMSOlogs - INFO - RCWA eval:[109. 217. 274. 307. 337. 365.] | diff. eff.:0.9516980685007437
2026-03-21 22:15:48,554 - AEMSOlogs - INFO - RCWA eval:[127. 216. 275. 310. 342. 368.] | diff. eff.:0.9559846493239149
2026-03-21 22:15:57,434 - AEMSOlogs - INFO - RCWA eval:[ 97. 212. 276. 306. 342. 368.] | diff. eff.:0.9561188104722905
2026-03-21 22:16:06,172 - AEMSOlogs - INFO - RCWA eval:[103. 212. 277. 305. 344. 367.] | diff. eff.:0.952397587279758
2026-03-21 22:16:14,769 - AEMSOlogs - INFO - RCWA eval:[ 94. 218. 279. 306. 341. 368.] | diff. eff.:0.9565642419187659
2026-03-21 22:16:23,666 - AEMSOlogs - INFO - RCWA eval:[ 91. 213. 279. 306. 340. 369.] | diff. eff.:0.9556955380377608
2026-03-21 22:16:23,684 - AEMSOlogs - INFO - Iteration 37: Best Y = -0.9581172124642199 at x = [0.16612155 0.47668947 0.59770316 0.67666513 0.7478921  0.81405875]
2026-03-21 22:16:23,685 - AEMSOlogs - INFO - Working on simulations...
2026-03-21 22:16:32,921 - AEMSOlogs - INFO - RCWA eval:[113. 220. 283. 315. 344. 372.] | diff. eff.:0.9520115763382995
2026-03-21 22:16:41,854 - AEMSOlogs - INFO - RCWA eval:[111. 208. 280. 307. 340. 367.] | diff. eff.:0.9566254156982643
2026-03-21 22:16:51,245 - AEMSOlogs - INFO - RCWA eval:[ 92. 220. 280. 308. 345. 372.] | diff. eff.:0.9551793357773072
2026-03-21 22:17:00,540 - AEMSOlogs - INFO - RCWA eval:[106. 224. 279. 310. 341. 371.] | diff. eff.:0.9575147889954698
2026-03-21 22:17:09,547 - AEMSOlogs - INFO - RCWA eval:[ 71. 207. 280. 305. 341. 369.] | diff. eff.:0.9552146984282079
2026-03-21 22:17:18,441 - AEMSOlogs - INFO - RCWA eval:[ 82. 217. 278. 307. 341. 370.] | diff. eff.:0.957000604482124
2026-03-21 22:17:27,368 - AEMSOlogs - INFO - RCWA eval:[ 87. 217. 282. 312. 341. 371.] | diff. eff.:0.956884802024694
2026-03-21 22:17:36,245 - AEMSOlogs - INFO - RCWA eval:[120. 217. 281. 314. 343. 372.] | diff. eff.:0.9533313222268116
2026-03-21 22:17:45,115 - AEMSOlogs - INFO - RCWA eval:[ 99. 214. 277. 306. 344. 372.] | diff. eff.:0.9534073073927744
2026-03-21 22:17:54,324 - AEMSOlogs - INFO - RCWA eval:[ 80. 224. 281. 309. 342. 367.] | diff. eff.:0.9557749959059854
2026-03-21 22:18:03,470 - AEMSOlogs - INFO - RCWA eval:[105. 213. 284. 309. 344. 370.] | diff. eff.:0.9541711332738284
2026-03-21 22:18:12,294 - AEMSOlogs - INFO - RCWA eval:[ 85. 222. 280. 311. 341. 372.] | diff. eff.:0.9572377761010509
2026-03-21 22:18:21,244 - AEMSOlogs - INFO - RCWA eval:[ 94. 213. 279. 307. 343. 369.] | diff. eff.:0.9571566748040283
2026-03-21 22:18:30,109 - AEMSOlogs - INFO - RCWA eval:[ 77. 227. 282. 313. 343. 372.] | diff. eff.:0.9572812213288313
2026-03-21 22:18:30,125 - AEMSOlogs - INFO - Iteration 38: Best Y = -0.9581172124642199 at x = [0.16612155 0.47668947 0.59770316 0.67666513 0.7478921  0.81405875]
2026-03-21 22:18:30,126 - AEMSOlogs - INFO - Working on simulations...
2026-03-21 22:18:39,121 - AEMSOlogs - INFO - RCWA eval:[ 96. 212. 280. 311. 339. 369.] | diff. eff.:0.9570583804731727
2026-03-21 22:18:48,250 - AEMSOlogs - INFO - RCWA eval:[ 96. 227. 280. 308. 340. 372.] | diff. eff.:0.952329123834914
2026-03-21 22:18:57,131 - AEMSOlogs - INFO - RCWA eval:[ 82. 213. 282. 309. 341. 370.] | diff. eff.:0.9569983997563961
2026-03-21 22:19:06,089 - AEMSOlogs - INFO - RCWA eval:[ 88. 210. 278. 309. 342. 368.] | diff. eff.:0.9573982916152617
2026-03-21 22:19:15,008 - AEMSOlogs - INFO - RCWA eval:[ 93. 205. 280. 307. 342. 372.] | diff. eff.:0.9541120912680882
2026-03-21 22:19:23,818 - AEMSOlogs - INFO - RCWA eval:[ 78. 236. 279. 310. 342. 375.] | diff. eff.:0.9508894546710507
2026-03-21 22:19:32,822 - AEMSOlogs - INFO - RCWA eval:[110. 217. 276. 310. 340. 368.] | diff. eff.:0.9574302033671551
2026-03-21 22:19:41,724 - AEMSOlogs - INFO - RCWA eval:[ 76. 222. 279. 309. 343. 371.] | diff. eff.:0.9580866914599893
2026-03-21 22:19:50,711 - AEMSOlogs - INFO - RCWA eval:[ 86. 226. 282. 312. 343. 375.] | diff. eff.:0.9535277341719327
2026-03-21 22:19:59,603 - AEMSOlogs - INFO - RCWA eval:[ 98. 209. 279. 307. 340. 369.] | diff. eff.:0.9565741399603932
2026-03-21 22:20:08,476 - AEMSOlogs - INFO - RCWA eval:[ 92. 233. 282. 311. 341. 370.] | diff. eff.:0.9571925815096302
2026-03-21 22:20:17,704 - AEMSOlogs - INFO - RCWA eval:[ 94. 235. 278. 309. 341. 372.] | diff. eff.:0.9526889381718934
2026-03-21 22:20:26,958 - AEMSOlogs - INFO - RCWA eval:[101. 225. 284. 311. 343. 371.] | diff. eff.:0.9568444756708625
2026-03-21 22:20:35,861 - AEMSOlogs - INFO - RCWA eval:[108. 207. 280. 307. 342. 368.] | diff. eff.:0.9570266777689197
2026-03-21 22:20:35,876 - AEMSOlogs - INFO - Iteration 39: Best Y = -0.9581172124642199 at x = [0.16612155 0.47668947 0.59770316 0.67666513 0.7478921  0.81405875]
2026-03-21 22:20:35,877 - AEMSOlogs - INFO - Working on simulations...
2026-03-21 22:20:44,821 - AEMSOlogs - INFO - RCWA eval:[ 96. 229. 280. 310. 345. 372.] | diff. eff.:0.956354940756196
2026-03-21 22:20:54,222 - AEMSOlogs - INFO - RCWA eval:[ 77. 221. 276. 311. 339. 369.] | diff. eff.:0.9570214334260899
2026-03-21 22:21:03,109 - AEMSOlogs - INFO - RCWA eval:[ 88. 223. 277. 308. 342. 369.] | diff. eff.:0.9575925997766008
2026-03-21 22:21:12,006 - AEMSOlogs - INFO - RCWA eval:[ 85. 227. 279. 312. 340. 371.] | diff. eff.:0.9574186443446497
2026-03-21 22:21:20,531 - AEMSOlogs - INFO - RCWA eval:[ 92. 231. 278. 312. 342. 370.] | diff. eff.:0.958162454855786
2026-03-21 22:21:28,915 - AEMSOlogs - INFO - RCWA eval:[ 69. 225. 281. 310. 342. 370.] | diff. eff.:0.9584767268374769
2026-03-21 22:21:37,330 - AEMSOlogs - INFO - RCWA eval:[ 70. 217. 280. 309. 342. 369.] | diff. eff.:0.9583372698938732
2026-03-21 22:21:45,726 - AEMSOlogs - INFO - RCWA eval:[102. 232. 280. 311. 343. 370.] | diff. eff.:0.9584691651489698
2026-03-21 22:21:54,131 - AEMSOlogs - INFO - RCWA eval:[ 78. 215. 278. 309. 342. 368.] | diff. eff.:0.957785327948979
2026-03-21 22:22:02,552 - AEMSOlogs - INFO - RCWA eval:[ 86. 230. 277. 313. 340. 370.] | diff. eff.:0.9569399692782142
2026-03-21 22:22:10,928 - AEMSOlogs - INFO - RCWA eval:[ 93. 216. 280. 310. 343. 369.] | diff. eff.:0.9575822075021359
2026-03-21 22:22:19,290 - AEMSOlogs - INFO - RCWA eval:[ 82. 235. 278. 313. 342. 373.] | diff. eff.:0.9554737247229276
2026-03-21 22:22:27,678 - AEMSOlogs - INFO - RCWA eval:[ 81. 229. 282. 312. 344. 370.] | diff. eff.:0.9563004817555224
2026-03-21 22:22:36,078 - AEMSOlogs - INFO - RCWA eval:[ 92. 222. 277. 312. 342. 370.] | diff. eff.:0.9576270515370847
2026-03-21 22:22:36,092 - AEMSOlogs - INFO - Iteration 40: Best Y = -0.9584767268374769 at x = [0.11501663 0.47667481 0.60665768 0.6746517  0.74792406 0.81334733]
2026-03-21 22:22:36,093 - AEMSOlogs - INFO - Working on simulations...
2026-03-21 22:22:44,508 - AEMSOlogs - INFO - RCWA eval:[ 70. 218. 279. 308. 340. 368.] | diff. eff.:0.9578498175828677
2026-03-21 22:22:52,886 - AEMSOlogs - INFO - RCWA eval:[ 84. 216. 279. 307. 343. 369.] | diff. eff.:0.9572237148743804
2026-03-21 22:23:01,318 - AEMSOlogs - INFO - RCWA eval:[ 63. 235. 283. 313. 342. 373.] | diff. eff.:0.9559438636241339
2026-03-21 22:23:09,750 - AEMSOlogs - INFO - RCWA eval:[ 68. 228. 281. 312. 342. 371.] | diff. eff.:0.9584159156887444
2026-03-21 22:23:18,127 - AEMSOlogs - INFO - RCWA eval:[ 87. 235. 279. 315. 342. 370.] | diff. eff.:0.9565203065967687
2026-03-21 22:23:26,549 - AEMSOlogs - INFO - RCWA eval:[ 83. 212. 278. 307. 341. 369.] | diff. eff.:0.9575969257041966
2026-03-21 22:23:34,958 - AEMSOlogs - INFO - RCWA eval:[ 82. 232. 278. 312. 341. 370.] | diff. eff.:0.9577887153103389
2026-03-21 22:23:43,387 - AEMSOlogs - INFO - RCWA eval:[106. 214. 275. 309. 339. 367.] | diff. eff.:0.9562074803918457
2026-03-21 22:23:51,785 - AEMSOlogs - INFO - RCWA eval:[ 90. 222. 281. 312. 342. 369.] | diff. eff.:0.9580570572098496
2026-03-21 22:24:00,214 - AEMSOlogs - INFO - RCWA eval:[ 97. 213. 279. 308. 342. 369.] | diff. eff.:0.9582286984546198
2026-03-21 22:24:08,647 - AEMSOlogs - INFO - RCWA eval:[ 95. 230. 278. 310. 342. 370.] | diff. eff.:0.9580366217523021
2026-03-21 22:24:17,014 - AEMSOlogs - INFO - RCWA eval:[ 76. 231. 282. 312. 343. 372.] | diff. eff.:0.957733333663072
2026-03-21 22:24:25,473 - AEMSOlogs - INFO - RCWA eval:[ 67. 219. 278. 311. 340. 368.] | diff. eff.:0.9581762970837217
2026-03-21 22:24:33,900 - AEMSOlogs - INFO - RCWA eval:[ 75. 223. 280. 312. 342. 369.] | diff. eff.:0.9579569987630948
2026-03-21 22:24:33,915 - AEMSOlogs - INFO - Iteration 41: Best Y = -0.9584767268374769 at x = [0.11501663 0.47667481 0.60665768 0.6746517  0.74792406 0.81334733]
2026-03-21 22:24:33,916 - AEMSOlogs - INFO - Working on simulations...
2026-03-21 22:24:42,597 - AEMSOlogs - INFO - RCWA eval:[ 79. 223. 280. 313. 342. 368.] | diff. eff.:0.9560881095248573
2026-03-21 22:24:51,445 - AEMSOlogs - INFO - RCWA eval:[ 88. 219. 276. 309. 341. 370.] | diff. eff.:0.957189802298605
2026-03-21 22:25:00,291 - AEMSOlogs - INFO - RCWA eval:[ 90. 213. 279. 308. 341. 369.] | diff. eff.:0.9582411432324409
2026-03-21 22:25:09,418 - AEMSOlogs - INFO - RCWA eval:[ 94. 216. 278. 310. 340. 368.] | diff. eff.:0.9584553660732653
2026-03-21 22:25:18,282 - AEMSOlogs - INFO - RCWA eval:[ 80. 246. 283. 315. 342. 372.] | diff. eff.:0.953079798094275
2026-03-21 22:25:27,218 - AEMSOlogs - INFO - RCWA eval:[ 83. 217. 278. 310. 341. 370.] | diff. eff.:0.9584503671031279
2026-03-21 22:25:36,330 - AEMSOlogs - INFO - RCWA eval:[ 73. 222. 281. 313. 342. 369.] | diff. eff.:0.956801003818237
2026-03-21 22:25:45,260 - AEMSOlogs - INFO - RCWA eval:[ 96. 221. 278. 311. 341. 369.] | diff. eff.:0.9587937896502474
2026-03-21 22:25:54,171 - AEMSOlogs - INFO - RCWA eval:[ 82. 213. 279. 308. 343. 371.] | diff. eff.:0.9570636197775038
2026-03-21 22:26:03,005 - AEMSOlogs - INFO - RCWA eval:[ 81. 227. 281. 315. 343. 372.] | diff. eff.:0.9558012362555949
2026-03-21 22:26:11,884 - AEMSOlogs - INFO - RCWA eval:[ 84. 224. 277. 310. 340. 367.] | diff. eff.:0.9572027716443429
2026-03-21 22:26:20,804 - AEMSOlogs - INFO - RCWA eval:[ 88. 232. 281. 310. 343. 372.] | diff. eff.:0.957428732763648
2026-03-21 22:26:29,699 - AEMSOlogs - INFO - RCWA eval:[ 70. 214. 278. 311. 342. 370.] | diff. eff.:0.9574761747942542
2026-03-21 22:26:38,812 - AEMSOlogs - INFO - RCWA eval:[ 72. 225. 279. 310. 344. 370.] | diff. eff.:0.9567882269074814
2026-03-21 22:26:38,828 - AEMSOlogs - INFO - Iteration 42: Best Y = -0.9587937896502474 at x = [0.17766261 0.46822651 0.59984911 0.67559303 0.74724388 0.81193118]
2026-03-21 22:26:38,829 - AEMSOlogs - INFO - Working on simulations...
2026-03-21 22:26:47,649 - AEMSOlogs - INFO - RCWA eval:[100. 218. 278. 310. 341. 369.] | diff. eff.:0.958780047801509
2026-03-21 22:26:56,513 - AEMSOlogs - INFO - RCWA eval:[ 97. 222. 278. 310. 340. 368.] | diff. eff.:0.9583773593172146
2026-03-21 22:27:05,390 - AEMSOlogs - INFO - RCWA eval:[ 93. 219. 278. 312. 339. 369.] | diff. eff.:0.9575308352289587
2026-03-21 22:27:14,104 - AEMSOlogs - INFO - RCWA eval:[ 94. 217. 279. 309. 342. 369.] | diff. eff.:0.9587106580254877
2026-03-21 22:27:22,986 - AEMSOlogs - INFO - RCWA eval:[ 89. 219. 280. 311. 342. 370.] | diff. eff.:0.9587145864773556
2026-03-21 22:27:31,892 - AEMSOlogs - INFO - RCWA eval:[ 89. 205. 277. 308. 340. 367.] | diff. eff.:0.9571836662572802
2026-03-21 22:27:40,907 - AEMSOlogs - INFO - RCWA eval:[ 94. 212. 277. 312. 340. 369.] | diff. eff.:0.9567168151650101
2026-03-21 22:27:49,801 - AEMSOlogs - INFO - RCWA eval:[ 72. 221. 279. 311. 342. 369.] | diff. eff.:0.958308448896277
2026-03-21 22:27:58,682 - AEMSOlogs - INFO - RCWA eval:[124. 202. 277. 309. 340. 369.] | diff. eff.:0.955210904266369
2026-03-21 22:28:07,581 - AEMSOlogs - INFO - RCWA eval:[ 82. 211. 280. 309. 342. 369.] | diff. eff.:0.9578793537893817
2026-03-21 22:28:16,528 - AEMSOlogs - INFO - RCWA eval:[ 88. 217. 280. 310. 341. 369.] | diff. eff.:0.9588006035321052
2026-03-21 22:28:25,446 - AEMSOlogs - INFO - RCWA eval:[ 72. 215. 278. 307. 343. 369.] | diff. eff.:0.9569386961317877
2026-03-21 22:28:34,419 - AEMSOlogs - INFO - RCWA eval:[ 99. 216. 279. 311. 342. 370.] | diff. eff.:0.9583034566123173
2026-03-21 22:28:43,361 - AEMSOlogs - INFO - RCWA eval:[ 75. 219. 278. 309. 342. 369.] | diff. eff.:0.958436082887942
2026-03-21 22:28:43,375 - AEMSOlogs - INFO - Iteration 43: Best Y = -0.9588006035321052 at x = [0.1574511  0.45870903 0.60410831 0.67472645 0.74688752 0.81271758]
2026-03-21 22:28:43,376 - AEMSOlogs - INFO - Working on simulations...
2026-03-21 22:28:52,261 - AEMSOlogs - INFO - RCWA eval:[ 94. 224. 281. 311. 342. 372.] | diff. eff.:0.957761530110414
2026-03-21 22:29:01,146 - AEMSOlogs - INFO - RCWA eval:[ 95. 218. 278. 308. 341. 369.] | diff. eff.:0.9581864046458831
2026-03-21 22:29:10,023 - AEMSOlogs - INFO - RCWA eval:[ 91. 215. 278. 310. 341. 368.] | diff. eff.:0.9583726810567067
2026-03-21 22:29:19,012 - AEMSOlogs - INFO - RCWA eval:[ 81. 214. 278. 309. 341. 369.] | diff. eff.:0.9585118009019532
2026-03-21 22:29:27,877 - AEMSOlogs - INFO - RCWA eval:[ 85. 220. 279. 309. 341. 368.] | diff. eff.:0.9585047151296069
2026-03-21 22:29:36,753 - AEMSOlogs - INFO - RCWA eval:[ 91. 216. 277. 309. 340. 368.] | diff. eff.:0.9581030534663956
2026-03-21 22:29:45,657 - AEMSOlogs - INFO - RCWA eval:[102. 224. 281. 312. 342. 371.] | diff. eff.:0.9585105529707048
2026-03-21 22:29:54,523 - AEMSOlogs - INFO - RCWA eval:[106. 217. 279. 311. 341. 369.] | diff. eff.:0.95875858334157
2026-03-21 22:30:03,429 - AEMSOlogs - INFO - RCWA eval:[101. 220. 278. 310. 340. 369.] | diff. eff.:0.958342278899586
2026-03-21 22:30:12,458 - AEMSOlogs - INFO - RCWA eval:[ 84. 218. 279. 310. 341. 369.] | diff. eff.:0.9589283530365352
2026-03-21 22:30:21,389 - AEMSOlogs - INFO - RCWA eval:[ 77. 222. 279. 312. 340. 369.] | diff. eff.:0.9584040785700464
2026-03-21 22:30:30,273 - AEMSOlogs - INFO - RCWA eval:[ 86. 220. 279. 310. 340. 368.] | diff. eff.:0.9585192071285115
2026-03-21 22:30:39,184 - AEMSOlogs - INFO - RCWA eval:[103. 221. 279. 311. 341. 370.] | diff. eff.:0.9587705711394869
2026-03-21 22:30:48,080 - AEMSOlogs - INFO - RCWA eval:[ 90. 220. 278. 309. 341. 368.] | diff. eff.:0.9584750466057007
2026-03-21 22:30:48,095 - AEMSOlogs - INFO - Iteration 44: Best Y = -0.9589283530365352 at x = [0.14901383 0.46006524 0.60341916 0.67410464 0.74709774 0.81211001]
2026-03-21 22:30:48,096 - AEMSOlogs - INFO - Working on simulations...
2026-03-21 22:30:57,009 - AEMSOlogs - INFO - RCWA eval:[108. 222. 278. 311. 341. 369.] | diff. eff.:0.9588130931494234
2026-03-21 22:31:06,214 - AEMSOlogs - INFO - RCWA eval:[ 84. 221. 278. 310. 341. 370.] | diff. eff.:0.9586084823354926
2026-03-21 22:31:15,279 - AEMSOlogs - INFO - RCWA eval:[116. 216. 278. 309. 340. 368.] | diff. eff.:0.958055881708746
2026-03-21 22:31:24,238 - AEMSOlogs - INFO - RCWA eval:[ 95. 214. 279. 309. 340. 368.] | diff. eff.:0.9583298691776364
2026-03-21 22:31:33,154 - AEMSOlogs - INFO - RCWA eval:[109. 214. 278. 310. 341. 368.] | diff. eff.:0.9583515229106432
2026-03-21 22:31:42,520 - AEMSOlogs - INFO - RCWA eval:[100. 212. 278. 309. 341. 368.] | diff. eff.:0.9582949471952169
2026-03-21 22:31:51,385 - AEMSOlogs - INFO - RCWA eval:[ 89. 216. 279. 309. 342. 369.] | diff. eff.:0.9586007970716278
2026-03-21 22:32:00,349 - AEMSOlogs - INFO - RCWA eval:[ 98. 227. 278. 310. 341. 368.] | diff. eff.:0.9580420209932812
2026-03-21 22:32:09,176 - AEMSOlogs - INFO - RCWA eval:[ 98. 228. 281. 311. 342. 370.] | diff. eff.:0.9589471288182903
2026-03-21 22:32:18,140 - AEMSOlogs - INFO - RCWA eval:[ 95. 220. 278. 310. 340. 368.] | diff. eff.:0.9584822170948991
2026-03-21 22:32:27,287 - AEMSOlogs - INFO - RCWA eval:[ 91. 215. 279. 309. 341. 368.] | diff. eff.:0.9585444148071467
2026-03-21 22:32:36,085 - AEMSOlogs - INFO - RCWA eval:[ 94. 219. 279. 310. 342. 369.] | diff. eff.:0.9588354019654922
2026-03-21 22:32:44,950 - AEMSOlogs - INFO - RCWA eval:[101. 222. 280. 311. 341. 369.] | diff. eff.:0.9590889501061947
2026-03-21 22:32:53,829 - AEMSOlogs - INFO - RCWA eval:[ 95. 221. 278. 312. 341. 370.] | diff. eff.:0.958261065083447
2026-03-21 22:32:53,844 - AEMSOlogs - INFO - Iteration 45: Best Y = -0.9590889501061947 at x = [0.18939417 0.4691225  0.60427921 0.67570743 0.74567064 0.81234134]
2026-03-21 22:32:53,845 - AEMSOlogs - INFO - Working on simulations...
2026-03-21 22:33:02,720 - AEMSOlogs - INFO - RCWA eval:[ 99. 225. 281. 312. 341. 370.] | diff. eff.:0.9587508762155087
2026-03-21 22:33:11,574 - AEMSOlogs - INFO - RCWA eval:[ 99. 225. 279. 308. 341. 369.] | diff. eff.:0.9575804482718145
2026-03-21 22:33:20,513 - AEMSOlogs - INFO - RCWA eval:[100. 222. 280. 311. 341. 370.] | diff. eff.:0.9589152167772926
2026-03-21 22:33:29,405 - AEMSOlogs - INFO - RCWA eval:[104. 224. 279. 311. 341. 369.] | diff. eff.:0.9590881523270179
2026-03-21 22:33:38,348 - AEMSOlogs - INFO - RCWA eval:[ 99. 227. 278. 311. 341. 370.] | diff. eff.:0.9584053481098923
2026-03-21 22:33:47,183 - AEMSOlogs - INFO - RCWA eval:[110. 225. 281. 309. 343. 371.] | diff. eff.:0.9581865638979554
2026-03-21 22:33:56,288 - AEMSOlogs - INFO - RCWA eval:[ 94. 224. 279. 311. 341. 370.] | diff. eff.:0.9589036482194737
2026-03-21 22:34:05,136 - AEMSOlogs - INFO - RCWA eval:[ 98. 221. 279. 312. 341. 369.] | diff. eff.:0.9586900939390718
2026-03-21 22:34:14,194 - AEMSOlogs - INFO - RCWA eval:[104. 222. 279. 311. 340. 370.] | diff. eff.:0.9580158888390536
2026-03-21 22:34:23,075 - AEMSOlogs - INFO - RCWA eval:[108. 220. 278. 309. 342. 369.] | diff. eff.:0.9586479231569741
2026-03-21 22:34:31,792 - AEMSOlogs - INFO - RCWA eval:[106. 221. 279. 310. 340. 368.] | diff. eff.:0.9585245015517085
2026-03-21 22:34:40,624 - AEMSOlogs - INFO - RCWA eval:[ 89. 226. 279. 309. 341. 368.] | diff. eff.:0.9578571160606112
2026-03-21 22:34:49,279 - AEMSOlogs - INFO - RCWA eval:[ 94. 223. 281. 310. 342. 370.] | diff. eff.:0.9588643171939821
2026-03-21 22:34:58,162 - AEMSOlogs - INFO - RCWA eval:[ 88. 224. 281. 310. 341. 369.] | diff. eff.:0.9584930625128593
2026-03-21 22:34:58,178 - AEMSOlogs - INFO - Iteration 46: Best Y = -0.9590889501061947 at x = [0.18939417 0.4691225  0.60427921 0.67570743 0.74567064 0.81234134]
2026-03-21 22:34:58,179 - AEMSOlogs - INFO - Working on simulations...
2026-03-21 22:35:07,105 - AEMSOlogs - INFO - RCWA eval:[102. 222. 280. 311. 341. 370.] | diff. eff.:0.9589044479195122
2026-03-21 22:35:15,974 - AEMSOlogs - INFO - RCWA eval:[115. 224. 281. 310. 342. 370.] | diff. eff.:0.9589970462653773
2026-03-21 22:35:25,195 - AEMSOlogs - INFO - RCWA eval:[108. 229. 279. 311. 342. 369.] | diff. eff.:0.9588019097284204
2026-03-21 22:35:34,016 - AEMSOlogs - INFO - RCWA eval:[103. 226. 281. 311. 342. 369.] | diff. eff.:0.9588351250248853
2026-03-21 22:35:42,942 - AEMSOlogs - INFO - RCWA eval:[107. 222. 280. 310. 342. 369.] | diff. eff.:0.9591222486140286
2026-03-21 22:35:51,785 - AEMSOlogs - INFO - RCWA eval:[100. 225. 281. 311. 342. 370.] | diff. eff.:0.9590639075507726
2026-03-21 22:36:00,563 - AEMSOlogs - INFO - RCWA eval:[ 96. 224. 281. 311. 342. 370.] | diff. eff.:0.9589907465958429
2026-03-21 22:36:09,390 - AEMSOlogs - INFO - RCWA eval:[ 91. 220. 280. 310. 342. 370.] | diff. eff.:0.9589527097023504
2026-03-21 22:36:18,211 - AEMSOlogs - INFO - RCWA eval:[102. 222. 278. 310. 343. 369.] | diff. eff.:0.9579991594115
2026-03-21 22:36:27,126 - AEMSOlogs - INFO - RCWA eval:[101. 219. 276. 310. 341. 368.] | diff. eff.:0.9576672406578943
2026-03-21 22:36:36,020 - AEMSOlogs - INFO - RCWA eval:[ 83. 223. 281. 311. 341. 370.] | diff. eff.:0.9586610322494648
2026-03-21 22:36:44,911 - AEMSOlogs - INFO - RCWA eval:[102. 224. 281. 312. 342. 369.] | diff. eff.:0.9585458493426366
2026-03-21 22:36:53,889 - AEMSOlogs - INFO - RCWA eval:[100. 219. 279. 311. 341. 369.] | diff. eff.:0.9589348759651811
2026-03-21 22:37:02,791 - AEMSOlogs - INFO - RCWA eval:[ 99. 223. 279. 312. 341. 369.] | diff. eff.:0.9588196972625836
2026-03-21 22:37:02,808 - AEMSOlogs - INFO - Iteration 47: Best Y = -0.9591222486140286 at x = [0.2012479  0.47088397 0.60446923 0.67398007 0.74832554 0.81271899]
2026-03-21 22:37:02,809 - AEMSOlogs - INFO - Working on simulations...
2026-03-21 22:37:11,754 - AEMSOlogs - INFO - RCWA eval:[104. 222. 280. 310. 341. 369.] | diff. eff.:0.95903157076076
2026-03-21 22:37:20,850 - AEMSOlogs - INFO - RCWA eval:[109. 216. 278. 309. 341. 368.] | diff. eff.:0.9585207646448467
2026-03-21 22:37:29,730 - AEMSOlogs - INFO - RCWA eval:[106. 215. 280. 309. 341. 369.] | diff. eff.:0.958578047592325
2026-03-21 22:37:38,582 - AEMSOlogs - INFO - RCWA eval:[113. 229. 282. 310. 342. 371.] | diff. eff.:0.9576957423826437
2026-03-21 22:37:47,481 - AEMSOlogs - INFO - RCWA eval:[ 90. 226. 280. 311. 341. 370.] | diff. eff.:0.9588823509459798
2026-03-21 22:37:56,348 - AEMSOlogs - INFO - RCWA eval:[120. 223. 282. 310. 343. 370.] | diff. eff.:0.9586589735882658
2026-03-21 22:38:05,220 - AEMSOlogs - INFO - RCWA eval:[106. 219. 281. 311. 341. 370.] | diff. eff.:0.9584951969530897
2026-03-21 22:38:14,286 - AEMSOlogs - INFO - RCWA eval:[ 86. 226. 281. 310. 343. 370.] | diff. eff.:0.9583411885102643
2026-03-21 22:38:23,226 - AEMSOlogs - INFO - RCWA eval:[ 97. 223. 280. 311. 341. 369.] | diff. eff.:0.9590596924128493
2026-03-21 22:38:32,079 - AEMSOlogs - INFO - RCWA eval:[ 95. 231. 280. 312. 342. 370.] | diff. eff.:0.9587666278756339
2026-03-21 22:38:40,844 - AEMSOlogs - INFO - RCWA eval:[109. 224. 280. 311. 342. 369.] | diff. eff.:0.9591587021684864
2026-03-21 22:38:49,832 - AEMSOlogs - INFO - RCWA eval:[ 92. 219. 279. 311. 341. 368.] | diff. eff.:0.9584401487972884
2026-03-21 22:38:58,810 - AEMSOlogs - INFO - RCWA eval:[ 95. 224. 282. 311. 342. 370.] | diff. eff.:0.9585354932103828
2026-03-21 22:39:07,787 - AEMSOlogs - INFO - RCWA eval:[123. 226. 282. 311. 343. 370.] | diff. eff.:0.9589330055668543
2026-03-21 22:39:07,802 - AEMSOlogs - INFO - Iteration 48: Best Y = -0.9591587021684864 at x = [0.20586377 0.47338234 0.60408476 0.67713908 0.74907189 0.81159171]
2026-03-21 22:39:07,803 - AEMSOlogs - INFO - Working on simulations...
2026-03-21 22:39:16,833 - AEMSOlogs - INFO - RCWA eval:[102. 226. 279. 311. 342. 369.] | diff. eff.:0.958934819600838
2026-03-21 22:39:25,701 - AEMSOlogs - INFO - RCWA eval:[126. 225. 281. 311. 342. 369.] | diff. eff.:0.9592697703660467
2026-03-21 22:39:34,563 - AEMSOlogs - INFO - RCWA eval:[104. 215. 280. 311. 342. 368.] | diff. eff.:0.9575443357319428
2026-03-21 22:39:43,556 - AEMSOlogs - INFO - RCWA eval:[103. 224. 278. 310. 341. 369.] | diff. eff.:0.9587178352715835
2026-03-21 22:39:52,529 - AEMSOlogs - INFO - RCWA eval:[108. 223. 279. 312. 340. 368.] | diff. eff.:0.958356019015903
2026-03-21 22:40:01,486 - AEMSOlogs - INFO - RCWA eval:[ 87. 219. 278. 309. 341. 368.] | diff. eff.:0.9584953808758042
2026-03-21 22:40:10,424 - AEMSOlogs - INFO - RCWA eval:[106. 222. 280. 310. 341. 369.] | diff. eff.:0.9590366311278862
2026-03-21 22:40:19,381 - AEMSOlogs - INFO - RCWA eval:[109. 229. 279. 312. 342. 368.] | diff. eff.:0.9578089661958462
2026-03-21 22:40:28,436 - AEMSOlogs - INFO - RCWA eval:[111. 225. 279. 312. 341. 369.] | diff. eff.:0.9589372338135282
2026-03-21 22:40:37,393 - AEMSOlogs - INFO - RCWA eval:[ 86. 222. 280. 311. 341. 370.] | diff. eff.:0.9589129312150141
2026-03-21 22:40:46,214 - AEMSOlogs - INFO - RCWA eval:[116. 226. 280. 312. 341. 369.] | diff. eff.:0.9590599152489273
2026-03-21 22:40:55,103 - AEMSOlogs - INFO - RCWA eval:[104. 225. 279. 311. 341. 369.] | diff. eff.:0.9590530354097734
2026-03-21 22:41:04,044 - AEMSOlogs - INFO - RCWA eval:[111. 228. 279. 310. 342. 369.] | diff. eff.:0.95875415557231
2026-03-21 22:41:12,844 - AEMSOlogs - INFO - RCWA eval:[ 98. 212. 278. 309. 340. 369.] | diff. eff.:0.9578339456261201
2026-03-21 22:41:12,859 - AEMSOlogs - INFO - Iteration 49: Best Y = -0.9592697703660467 at x = [0.24634709 0.47632482 0.60643513 0.67699909 0.74828158 0.81126211]
2026-03-21 22:41:12,861 - AEMSOlogs - INFO - Working on simulations...
2026-03-21 22:41:21,650 - AEMSOlogs - INFO - RCWA eval:[120. 217. 279. 310. 342. 369.] | diff. eff.:0.9588618119903155
2026-03-21 22:41:30,286 - AEMSOlogs - INFO - RCWA eval:[116. 229. 280. 312. 342. 369.] | diff. eff.:0.9590234732237661
2026-03-21 22:41:39,035 - AEMSOlogs - INFO - RCWA eval:[106. 229. 280. 313. 342. 370.] | diff. eff.:0.9587786155402502
2026-03-21 22:41:47,873 - AEMSOlogs - INFO - RCWA eval:[121. 232. 281. 312. 343. 369.] | diff. eff.:0.9584592163347909
2026-03-21 22:41:56,934 - AEMSOlogs - INFO - RCWA eval:[127. 224. 281. 311. 343. 370.] | diff. eff.:0.9591251927543234
2026-03-21 22:42:05,904 - AEMSOlogs - INFO - RCWA eval:[133. 222. 279. 310. 340. 368.] | diff. eff.:0.957994760748213
2026-03-21 22:42:14,802 - AEMSOlogs - INFO - RCWA eval:[124. 229. 282. 310. 342. 370.] | diff. eff.:0.9583219337816963
2026-03-21 22:42:23,730 - AEMSOlogs - INFO - RCWA eval:[128. 222. 280. 311. 341. 368.] | diff. eff.:0.9588421863154903
2026-03-21 22:42:32,553 - AEMSOlogs - INFO - RCWA eval:[142. 225. 280. 311. 341. 368.] | diff. eff.:0.9586129806356045
2026-03-21 22:42:41,367 - AEMSOlogs - INFO - RCWA eval:[104. 224. 280. 311. 342. 370.] | diff. eff.:0.9592171027807215
2026-03-21 22:42:50,391 - AEMSOlogs - INFO - RCWA eval:[116. 223. 278. 310. 342. 368.] | diff. eff.:0.9583706802812987
2026-03-21 22:42:59,329 - AEMSOlogs - INFO - RCWA eval:[117. 229. 280. 311. 340. 369.] | diff. eff.:0.9579405128644269
2026-03-21 22:43:08,245 - AEMSOlogs - INFO - RCWA eval:[107. 222. 280. 310. 342. 368.] | diff. eff.:0.9584543610263775
2026-03-21 22:43:17,169 - AEMSOlogs - INFO - RCWA eval:[ 99. 223. 281. 310. 342. 370.] | diff. eff.:0.9589166331486529
2026-03-21 22:43:17,185 - AEMSOlogs - INFO - Iteration 50: Best Y = -0.9592697703660467 at x = [0.24634709 0.47632482 0.60643513 0.67699909 0.74828158 0.81126211]
2026-03-21 22:43:17,186 - AEMSOlogs - INFO - Working on simulations...
2026-03-21 22:43:26,033 - AEMSOlogs - INFO - RCWA eval:[101. 220. 280. 310. 343. 371.] | diff. eff.:0.9583543903350001
2026-03-21 22:43:34,972 - AEMSOlogs - INFO - RCWA eval:[102. 224. 279. 311. 342. 369.] | diff. eff.:0.9589699636296432
2026-03-21 22:43:44,037 - AEMSOlogs - INFO - RCWA eval:[ 91. 222. 281. 310. 343. 370.] | diff. eff.:0.9583952515330638
2026-03-21 22:43:52,913 - AEMSOlogs - INFO - RCWA eval:[103. 222. 281. 310. 342. 370.] | diff. eff.:0.9589324127686067
2026-03-21 22:44:01,755 - AEMSOlogs - INFO - RCWA eval:[113. 224. 280. 311. 341. 369.] | diff. eff.:0.9591592069331102
2026-03-21 22:44:10,689 - AEMSOlogs - INFO - RCWA eval:[107. 223. 279. 311. 342. 368.] | diff. eff.:0.9583048010478137
2026-03-21 22:44:19,521 - AEMSOlogs - INFO - RCWA eval:[129. 225. 279. 312. 342. 370.] | diff. eff.:0.958610897212811
2026-03-21 22:44:28,620 - AEMSOlogs - INFO - RCWA eval:[131. 232. 280. 311. 341. 369.] | diff. eff.:0.9581333479848755
2026-03-21 22:44:37,499 - AEMSOlogs - INFO - RCWA eval:[122. 226. 282. 311. 344. 371.] | diff. eff.:0.9581851343221474
2026-03-21 22:44:46,470 - AEMSOlogs - INFO - RCWA eval:[106. 228. 279. 312. 342. 369.] | diff. eff.:0.9587248191715075
2026-03-21 22:44:55,413 - AEMSOlogs - INFO - RCWA eval:[113. 225. 280. 312. 343. 371.] | diff. eff.:0.9584547750406532
2026-03-21 22:45:04,354 - AEMSOlogs - INFO - RCWA eval:[130. 225. 281. 311. 342. 370.] | diff. eff.:0.9590711055982293
2026-03-21 22:45:13,273 - AEMSOlogs - INFO - RCWA eval:[112. 222. 280. 310. 342. 371.] | diff. eff.:0.9583272017330333
2026-03-21 22:45:22,148 - AEMSOlogs - INFO - RCWA eval:[122. 220. 280. 311. 343. 371.] | diff. eff.:0.9580840378086083
2026-03-21 22:45:22,164 - AEMSOlogs - INFO - Iteration 51: Best Y = -0.9592697703660467 at x = [0.24634709 0.47632482 0.60643513 0.67699909 0.74828158 0.81126211]
2026-03-21 22:45:22,165 - AEMSOlogs - INFO - 
=========
 Best obj. function= -0.9592697703660467, geometry= [[126. 225. 281. 311. 342. 369.]] 
 =========
2026-03-21 22:45:22,165 - AEMSOlogs - INFO - Finished!



Job ID: 4000627
Cluster: cluster_dei
User/Group: vergerioed/dottor
State: COMPLETED (exit code 0)
Nodes: 1
Cores per node: 4
CPU Utilized: 06:56:13
CPU Efficiency: 98.46% of 07:02:44 core-walltime
Job Wall-clock time: 01:45:41
Memory Utilized: 1.01 GB
Memory Efficiency: 50.48% of 2.00 GB (2.00 GB/node)
