2026-03-18 16:51:20,264 - AEMSOlogs - INFO - Working on simulations...
2026-03-18 16:52:08,093 - AEMSOlogs - INFO - RCWA eval:[256. 301. 400.  79. 266. 306.] | diff. eff.:0.21585710888919815
2026-03-18 16:52:08,094 - AEMSOlogs - INFO - RCWA eval:[406. 316. 227. 294. 293. 224.] | diff. eff.:0.012710402981848846
2026-03-18 16:52:08,179 - AEMSOlogs - INFO - RCWA eval:[154. 227. 193. 221. 388. 267.] | diff. eff.:0.0014198921540517792
2026-03-18 16:52:08,252 - AEMSOlogs - INFO - RCWA eval:[290. 309. 261. 304. 221. 233.] | diff. eff.:0.07461046412569321
2026-03-18 16:52:08,294 - AEMSOlogs - INFO - RCWA eval:[263. 380. 160. 263.  88. 214.] | diff. eff.:0.05200549977294348
2026-03-18 16:52:08,335 - AEMSOlogs - INFO - RCWA eval:[225. 223. 173. 268. 325. 162.] | diff. eff.:0.2765461184385006
2026-03-18 16:52:08,338 - AEMSOlogs - INFO - RCWA eval:[128. 255. 221. 292. 295. 164.] | diff. eff.:0.2983223488223124
2026-03-18 16:52:08,385 - AEMSOlogs - INFO - RCWA eval:[343. 175. 147.  73. 270. 230.] | diff. eff.:0.29437160213864627
2026-03-18 16:52:09,144 - AEMSOlogs - INFO - RCWA eval:[173. 119. 373. 350. 131. 155.] | diff. eff.:0.12734994674243924
2026-03-18 16:52:09,194 - AEMSOlogs - INFO - RCWA eval:[317. 122. 193. 151. 281. 314.] | diff. eff.:0.5759009250294729
2026-03-18 16:52:09,277 - AEMSOlogs - INFO - RCWA eval:[101. 305. 283. 327. 225. 182.] | diff. eff.:0.2696651477902636
2026-03-18 16:52:09,294 - AEMSOlogs - INFO - RCWA eval:[219. 246. 191. 264. 233. 156.] | diff. eff.:0.028724601877278124
2026-03-18 16:52:09,350 - AEMSOlogs - INFO - RCWA eval:[ 57. 176. 202. 167. 217. 206.] | diff. eff.:0.007459447914193879
2026-03-18 16:52:09,451 - AEMSOlogs - INFO - RCWA eval:[188. 231. 162.  91. 259. 169.] | diff. eff.:0.004313678116767006
2026-03-18 16:52:09,499 - AEMSOlogs - INFO - Iteration 1: Best Y = -0.5759009250294729 at x = [0.69067964 0.2364465  0.40195339 0.30555466 0.60707422 0.68440235]
2026-03-18 16:52:09,507 - AEMSOlogs - INFO - Working on simulations...
2026-03-18 16:52:57,134 - AEMSOlogs - INFO - RCWA eval:[241. 101. 183. 139. 214. 305.] | diff. eff.:0.18951262078748665
2026-03-18 16:52:57,197 - AEMSOlogs - INFO - RCWA eval:[209. 195. 346. 281. 392. 221.] | diff. eff.:0.0376967865825499
2026-03-18 16:52:57,202 - AEMSOlogs - INFO - RCWA eval:[262. 243. 243. 313. 297. 300.] | diff. eff.:0.12599186418992825
2026-03-18 16:52:57,318 - AEMSOlogs - INFO - RCWA eval:[233. 196. 236. 130. 338. 281.] | diff. eff.:0.006713507830926663
2026-03-18 16:52:57,324 - AEMSOlogs - INFO - RCWA eval:[237. 355. 146. 153. 257. 135.] | diff. eff.:0.1998690954794735
2026-03-18 16:52:57,341 - AEMSOlogs - INFO - RCWA eval:[107. 202. 229. 228. 201. 298.] | diff. eff.:0.15308688157490632
2026-03-18 16:52:57,402 - AEMSOlogs - INFO - RCWA eval:[232. 141. 184. 249. 291. 296.] | diff. eff.:0.27800453649899876
2026-03-18 16:52:57,512 - AEMSOlogs - INFO - RCWA eval:[242. 155. 215. 166. 343. 262.] | diff. eff.:0.0015212951785190216
2026-03-18 16:52:58,176 - AEMSOlogs - INFO - RCWA eval:[197. 167. 152. 205. 275. 171.] | diff. eff.:0.06976448812314401
2026-03-18 16:52:58,225 - AEMSOlogs - INFO - RCWA eval:[328. 178. 224.  37. 397. 267.] | diff. eff.:0.036178546846144535
2026-03-18 16:52:58,323 - AEMSOlogs - INFO - RCWA eval:[299. 185. 162. 223. 173. 166.] | diff. eff.:0.1373974230898875
2026-03-18 16:52:58,344 - AEMSOlogs - INFO - RCWA eval:[349. 265. 122. 149. 193. 248.] | diff. eff.:0.22244011764508825
2026-03-18 16:52:58,345 - AEMSOlogs - INFO - RCWA eval:[195. 203. 210. 257. 205. 225.] | diff. eff.:0.0152135744680339
2026-03-18 16:52:58,448 - AEMSOlogs - INFO - RCWA eval:[259. 235. 241. 177. 256. 150.] | diff. eff.:0.006019464171495267
2026-03-18 16:52:58,467 - AEMSOlogs - INFO - Iteration 2: Best Y = -0.5759009250294729 at x = [0.69067964 0.2364465  0.40195339 0.30555466 0.60707422 0.68440235]
2026-03-18 16:52:58,471 - AEMSOlogs - INFO - Working on simulations...
2026-03-18 16:53:46,182 - AEMSOlogs - INFO - RCWA eval:[170. 297. 248. 176. 266. 230.] | diff. eff.:0.03800696310146564
2026-03-18 16:53:46,274 - AEMSOlogs - INFO - RCWA eval:[167. 131.  21. 259. 243. 284.] | diff. eff.:0.18902125513417978
2026-03-18 16:53:46,321 - AEMSOlogs - INFO - RCWA eval:[247. 173. 287. 218. 185. 167.] | diff. eff.:0.11108956200493246
2026-03-18 16:53:46,321 - AEMSOlogs - INFO - RCWA eval:[243. 339.  80. 242. 296. 221.] | diff. eff.:0.1569246817139062
2026-03-18 16:53:46,449 - AEMSOlogs - INFO - RCWA eval:[168. 149. 317. 127. 250. 180.] | diff. eff.:0.07417151563118039
2026-03-18 16:53:46,500 - AEMSOlogs - INFO - RCWA eval:[258.  68. 186. 100. 254. 260.] | diff. eff.:0.12477630673964561
2026-03-18 16:53:46,505 - AEMSOlogs - INFO - RCWA eval:[245.  75. 304. 243. 265. 174.] | diff. eff.:0.04541632719425429
2026-03-18 16:53:46,547 - AEMSOlogs - INFO - RCWA eval:[209. 273.  77.  96. 217. 274.] | diff. eff.:0.2021936780458175
2026-03-18 16:53:47,082 - AEMSOlogs - INFO - RCWA eval:[333. 251. 282. 242. 298. 200.] | diff. eff.:0.14183737396101148
2026-03-18 16:53:47,304 - AEMSOlogs - INFO - RCWA eval:[276. 291. 159. 230. 273. 287.] | diff. eff.:0.15343838946710886
2026-03-18 16:53:47,378 - AEMSOlogs - INFO - RCWA eval:[165. 127. 119. 281. 329. 161.] | diff. eff.:0.3096502996111284
2026-03-18 16:53:47,397 - AEMSOlogs - INFO - RCWA eval:[278. 142. 158. 305. 234. 188.] | diff. eff.:0.016944011700414874
2026-03-18 16:53:47,435 - AEMSOlogs - INFO - RCWA eval:[267. 245. 176. 255. 309. 106.] | diff. eff.:0.0617252687115249
2026-03-18 16:53:47,485 - AEMSOlogs - INFO - RCWA eval:[199. 326. 199. 133. 131. 322.] | diff. eff.:0.3184358397348308
2026-03-18 16:53:47,507 - AEMSOlogs - INFO - Iteration 3: Best Y = -0.5759009250294729 at x = [0.69067964 0.2364465  0.40195339 0.30555466 0.60707422 0.68440235]
2026-03-18 16:53:47,513 - AEMSOlogs - INFO - Working on simulations...
2026-03-18 16:54:34,982 - AEMSOlogs - INFO - RCWA eval:[114. 234. 130. 266. 342. 280.] | diff. eff.:0.17319548929725118
2026-03-18 16:54:35,160 - AEMSOlogs - INFO - RCWA eval:[229. 246.  37. 111. 244. 369.] | diff. eff.:0.05519157982574966
2026-03-18 16:54:35,264 - AEMSOlogs - INFO - RCWA eval:[188. 258.  88. 212. 174. 271.] | diff. eff.:0.03494559695669884
2026-03-18 16:54:35,267 - AEMSOlogs - INFO - RCWA eval:[165. 430.  88. 161. 192. 243.] | diff. eff.:0.09836912079221787
2026-03-18 16:54:35,270 - AEMSOlogs - INFO - RCWA eval:[256. 395.  29. 112. 259. 205.] | diff. eff.:0.18197003153907207
2026-03-18 16:54:35,288 - AEMSOlogs - INFO - RCWA eval:[221. 165. 147. 147. 276. 213.] | diff. eff.:0.04714729637085547
2026-03-18 16:54:35,298 - AEMSOlogs - INFO - RCWA eval:[205. 242. 188. 220. 186. 339.] | diff. eff.:0.119231379029878
2026-03-18 16:54:35,322 - AEMSOlogs - INFO - RCWA eval:[264. 256.  95. 127. 246. 320.] | diff. eff.:0.005352500011029824
2026-03-18 16:54:36,252 - AEMSOlogs - INFO - RCWA eval:[177. 421.  32. 300. 176. 263.] | diff. eff.:0.05919681577756361
2026-03-18 16:54:36,335 - AEMSOlogs - INFO - RCWA eval:[170. 193.  78. 139. 209. 257.] | diff. eff.:0.04214959175025027
2026-03-18 16:54:36,369 - AEMSOlogs - INFO - RCWA eval:[141. 172.  33. 223. 296. 227.] | diff. eff.:0.1433235540776068
2026-03-18 16:54:36,424 - AEMSOlogs - INFO - RCWA eval:[167. 351. 189. 240. 154. 355.] | diff. eff.:0.02074580638446537
2026-03-18 16:54:36,542 - AEMSOlogs - INFO - RCWA eval:[282. 301. 160. 180. 212. 237.] | diff. eff.:0.3358152997261973
2026-03-18 16:54:36,635 - AEMSOlogs - INFO - RCWA eval:[253. 256. 249. 186. 216. 277.] | diff. eff.:0.034189817521006284
2026-03-18 16:54:36,659 - AEMSOlogs - INFO - Iteration 4: Best Y = -0.5759009250294729 at x = [0.69067964 0.2364465  0.40195339 0.30555466 0.60707422 0.68440235]
2026-03-18 16:54:36,664 - AEMSOlogs - INFO - Working on simulations...
2026-03-18 16:55:21,105 - AEMSOlogs - INFO - RCWA eval:[279. 330.  51. 162. 180. 334.] | diff. eff.:0.31311152587067775
2026-03-18 16:55:21,214 - AEMSOlogs - INFO - RCWA eval:[233. 302.  36. 226. 245. 262.] | diff. eff.:0.184324843523413
2026-03-18 16:55:21,220 - AEMSOlogs - INFO - RCWA eval:[271. 316.  61. 165. 421. 207.] | diff. eff.:0.3867143824202985
2026-03-18 16:55:21,255 - AEMSOlogs - INFO - RCWA eval:[266. 411. 151. 190. 171. 213.] | diff. eff.:0.0748113436038592
2026-03-18 16:55:21,295 - AEMSOlogs - INFO - RCWA eval:[124. 312. 226. 179. 274. 234.] | diff. eff.:0.08645650664533662
2026-03-18 16:55:21,318 - AEMSOlogs - INFO - RCWA eval:[170. 261. 170. 304. 294. 309.] | diff. eff.:0.24985053630315265
2026-03-18 16:55:22,533 - AEMSOlogs - INFO - RCWA eval:[212. 374.  79. 126. 188. 280.] | diff. eff.:0.3209939915321662
2026-03-18 16:55:22,603 - AEMSOlogs - INFO - RCWA eval:[201. 214.  98. 330. 343. 220.] | diff. eff.:0.28965149605818025
2026-03-18 16:55:22,611 - AEMSOlogs - INFO - RCWA eval:[315. 399. 125. 225. 432. 245.] | diff. eff.:0.2910173538707056
2026-03-18 16:55:22,781 - AEMSOlogs - INFO - RCWA eval:[234. 330. 117.  53. 193. 255.] | diff. eff.:0.41131826185862175
2026-03-18 16:55:22,799 - AEMSOlogs - INFO - RCWA eval:[171. 358.  60. 150. 220. 271.] | diff. eff.:0.41272387648036585
2026-03-18 16:55:22,802 - AEMSOlogs - INFO - RCWA eval:[119. 338.  50. 278. 321. 150.] | diff. eff.:0.05484158235261233
2026-03-18 16:55:22,825 - AEMSOlogs - INFO - RCWA eval:[387. 216.  67. 218. 314. 209.] | diff. eff.:0.32443024475175625
2026-03-18 16:55:22,966 - AEMSOlogs - INFO - RCWA eval:[225.  80.  66. 215. 233. 248.] | diff. eff.:0.07030948783213606
2026-03-18 16:55:22,987 - AEMSOlogs - INFO - Iteration 5: Best Y = -0.5759009250294729 at x = [0.69067964 0.2364465  0.40195339 0.30555466 0.60707422 0.68440235]
2026-03-18 16:55:22,992 - AEMSOlogs - INFO - Working on simulations...
2026-03-18 16:56:08,866 - AEMSOlogs - INFO - RCWA eval:[319. 410.  21.  21. 300. 168.] | diff. eff.:0.4527079425484425
2026-03-18 16:56:08,886 - AEMSOlogs - INFO - RCWA eval:[295. 292.  30. 203. 249. 231.] | diff. eff.:0.27748404552719075
2026-03-18 16:56:08,888 - AEMSOlogs - INFO - RCWA eval:[172. 324.  54.  25. 196. 247.] | diff. eff.:0.5250114536398837
2026-03-18 16:56:08,899 - AEMSOlogs - INFO - RCWA eval:[220. 188. 133. 176. 223. 240.] | diff. eff.:0.036584833911814316
2026-03-18 16:56:08,969 - AEMSOlogs - INFO - RCWA eval:[261. 447.  23. 129. 246. 134.] | diff. eff.:0.06584134154976047
2026-03-18 16:56:09,002 - AEMSOlogs - INFO - RCWA eval:[212. 306.  23.  24. 138. 239.] | diff. eff.:0.4833454120670076
2026-03-18 16:56:09,241 - AEMSOlogs - INFO - RCWA eval:[381. 439.  47.  97. 311. 228.] | diff. eff.:0.21701645026333827
2026-03-18 16:56:09,299 - AEMSOlogs - INFO - RCWA eval:[257. 328.  85. 112. 339. 323.] | diff. eff.:0.039851910725933797
2026-03-18 16:56:09,543 - AEMSOlogs - INFO - RCWA eval:[183. 243. 149. 143. 291. 339.] | diff. eff.:0.1678344263840875
2026-03-18 16:56:09,566 - AEMSOlogs - INFO - RCWA eval:[273. 361.  84.  99. 255. 286.] | diff. eff.:0.6207095710985903
2026-03-18 16:56:09,641 - AEMSOlogs - INFO - RCWA eval:[265. 330. 193.  61. 193. 211.] | diff. eff.:0.25402502345914696
2026-03-18 16:56:09,645 - AEMSOlogs - INFO - RCWA eval:[204. 371.  23. 275. 423. 276.] | diff. eff.:0.16278137197179154
2026-03-18 16:56:09,695 - AEMSOlogs - INFO - RCWA eval:[309. 286.  22.  72. 261. 242.] | diff. eff.:0.22657217201712487
2026-03-18 16:56:09,762 - AEMSOlogs - INFO - RCWA eval:[225. 261.  33. 125. 217. 250.] | diff. eff.:0.031025914425648775
2026-03-18 16:56:09,781 - AEMSOlogs - INFO - Iteration 6: Best Y = -0.6207095710985903 at x = [0.5876473  0.79256711 0.14865444 0.18259541 0.54606181 0.61821631]
2026-03-18 16:56:09,787 - AEMSOlogs - INFO - Working on simulations...
2026-03-18 16:56:57,494 - AEMSOlogs - INFO - RCWA eval:[236. 431.  24. 132. 251. 272.] | diff. eff.:0.19872194053967845
2026-03-18 16:56:57,577 - AEMSOlogs - INFO - RCWA eval:[328. 198. 129.  79. 337. 177.] | diff. eff.:0.25877967015237624
2026-03-18 16:56:57,578 - AEMSOlogs - INFO - RCWA eval:[ 91. 358.  66.  35. 129. 234.] | diff. eff.:0.2535217272935953
2026-03-18 16:56:57,609 - AEMSOlogs - INFO - RCWA eval:[335. 405.  23. 123.  25. 233.] | diff. eff.:0.19840593992249395
2026-03-18 16:56:57,614 - AEMSOlogs - INFO - RCWA eval:[328. 384. 102.  39. 180. 188.] | diff. eff.:0.34575957822503584
2026-03-18 16:56:57,682 - AEMSOlogs - INFO - RCWA eval:[165. 221.  26. 158. 220. 166.] | diff. eff.:0.0009014999965557425
2026-03-18 16:56:57,725 - AEMSOlogs - INFO - RCWA eval:[220. 398.  69. 150. 265. 229.] | diff. eff.:0.1309532808342785
2026-03-18 16:56:57,878 - AEMSOlogs - INFO - RCWA eval:[230. 295.  44. 132. 358. 296.] | diff. eff.:0.03737460571006774
2026-03-18 16:56:58,291 - AEMSOlogs - INFO - RCWA eval:[257. 329.  41.  32. 329. 229.] | diff. eff.:0.1657611507445182
2026-03-18 16:56:58,551 - AEMSOlogs - INFO - RCWA eval:[157. 448.  78.  27. 153. 300.] | diff. eff.:0.16256630940756003
2026-03-18 16:56:58,639 - AEMSOlogs - INFO - RCWA eval:[280. 310.  31. 266. 413. 193.] | diff. eff.:0.1414058939335912
2026-03-18 16:56:58,641 - AEMSOlogs - INFO - RCWA eval:[ 85. 422.  29.  77. 246. 258.] | diff. eff.:0.19507033279985786
2026-03-18 16:56:58,658 - AEMSOlogs - INFO - RCWA eval:[301. 205. 210.  45. 242. 272.] | diff. eff.:0.27797476228437235
2026-03-18 16:56:58,869 - AEMSOlogs - INFO - RCWA eval:[191. 194.  98.  64. 111. 267.] | diff. eff.:0.060584338460672044
2026-03-18 16:56:58,886 - AEMSOlogs - INFO - Iteration 7: Best Y = -0.6207095710985903 at x = [0.5876473  0.79256711 0.14865444 0.18259541 0.54606181 0.61821631]
2026-03-18 16:56:58,892 - AEMSOlogs - INFO - Working on simulations...
2026-03-18 16:57:46,575 - AEMSOlogs - INFO - RCWA eval:[289. 238. 103.  42. 207. 288.] | diff. eff.:0.1526489194137934
2026-03-18 16:57:46,592 - AEMSOlogs - INFO - RCWA eval:[293. 226.  57. 181. 287. 242.] | diff. eff.:0.20022788656143317
2026-03-18 16:57:46,645 - AEMSOlogs - INFO - RCWA eval:[387. 427. 152.  26. 104. 247.] | diff. eff.:0.026600744200468082
2026-03-18 16:57:46,732 - AEMSOlogs - INFO - RCWA eval:[340. 205. 124.  75. 142. 171.] | diff. eff.:0.10271943509071353
2026-03-18 16:57:46,765 - AEMSOlogs - INFO - RCWA eval:[272. 249.  20.  76. 165. 136.] | diff. eff.:0.1403030457686748
2026-03-18 16:57:46,780 - AEMSOlogs - INFO - RCWA eval:[343. 234. 236.  33. 165. 197.] | diff. eff.:0.051506364997095676
2026-03-18 16:57:46,848 - AEMSOlogs - INFO - RCWA eval:[298. 279.  87.  55. 178.  90.] | diff. eff.:0.1941987167992141
2026-03-18 16:57:46,860 - AEMSOlogs - INFO - RCWA eval:[306. 418.  31.  23. 268. 185.] | diff. eff.:0.40085546752086154
2026-03-18 16:57:47,551 - AEMSOlogs - INFO - RCWA eval:[329. 413.  28.  56. 275. 174.] | diff. eff.:0.571518218133656
2026-03-18 16:57:47,594 - AEMSOlogs - INFO - RCWA eval:[321. 201. 194. 108. 202. 298.] | diff. eff.:0.2753642501964906
2026-03-18 16:57:47,764 - AEMSOlogs - INFO - RCWA eval:[261. 263.  35.  26. 242. 245.] | diff. eff.:0.10806745920120238
2026-03-18 16:57:47,811 - AEMSOlogs - INFO - RCWA eval:[254. 201. 163. 150. 331. 115.] | diff. eff.:0.08285990068662447
2026-03-18 16:57:47,814 - AEMSOlogs - INFO - RCWA eval:[357. 294. 226. 106. 245. 112.] | diff. eff.:0.2987516540564433
2026-03-18 16:57:47,893 - AEMSOlogs - INFO - RCWA eval:[291. 288.  23.  44. 113. 152.] | diff. eff.:0.3239136311853001
2026-03-18 16:57:47,912 - AEMSOlogs - INFO - Iteration 8: Best Y = -0.6207095710985903 at x = [0.5876473  0.79256711 0.14865444 0.18259541 0.54606181 0.61821631]
2026-03-18 16:57:47,918 - AEMSOlogs - INFO - Working on simulations...
2026-03-18 16:58:35,564 - AEMSOlogs - INFO - RCWA eval:[347. 367.  29. 114. 251. 174.] | diff. eff.:0.47755741288956643
2026-03-18 16:58:35,649 - AEMSOlogs - INFO - RCWA eval:[278. 440.  52. 139. 235.  90.] | diff. eff.:0.108451514789226
2026-03-18 16:58:35,668 - AEMSOlogs - INFO - RCWA eval:[226. 264. 167. 102. 293. 105.] | diff. eff.:0.005939201826620232
2026-03-18 16:58:35,678 - AEMSOlogs - INFO - RCWA eval:[389. 286. 113.  70. 346. 202.] | diff. eff.:0.07255882487932687
2026-03-18 16:58:35,681 - AEMSOlogs - INFO - RCWA eval:[106. 417.  94.  58.  29. 291.] | diff. eff.:0.2280120673758153
2026-03-18 16:58:35,756 - AEMSOlogs - INFO - RCWA eval:[406. 254. 149.  23. 182. 219.] | diff. eff.:0.031306838535767115
2026-03-18 16:58:35,759 - AEMSOlogs - INFO - RCWA eval:[444. 323. 116.  68. 334.  77.] | diff. eff.:0.009321896210374287
2026-03-18 16:58:35,786 - AEMSOlogs - INFO - RCWA eval:[202. 421.  56. 211. 232. 218.] | diff. eff.:0.048394523758196355
2026-03-18 16:58:36,614 - AEMSOlogs - INFO - RCWA eval:[220. 378.  75.  33. 212. 168.] | diff. eff.:0.1141176395015105
2026-03-18 16:58:36,677 - AEMSOlogs - INFO - RCWA eval:[353. 396.  22.  56. 294. 123.] | diff. eff.:0.4703772330355484
2026-03-18 16:58:36,684 - AEMSOlogs - INFO - RCWA eval:[310. 383.  70.  21. 254. 182.] | diff. eff.:0.47149773891764934
2026-03-18 16:58:36,729 - AEMSOlogs - INFO - RCWA eval:[415. 301.  77. 124. 183. 296.] | diff. eff.:0.1669958020517164
2026-03-18 16:58:36,736 - AEMSOlogs - INFO - RCWA eval:[359. 271.  69.  68. 168. 205.] | diff. eff.:0.08890889497201407
2026-03-18 16:58:36,782 - AEMSOlogs - INFO - RCWA eval:[414. 377. 120.  98. 263.  72.] | diff. eff.:0.15709860405533058
2026-03-18 16:58:36,801 - AEMSOlogs - INFO - Iteration 9: Best Y = -0.6207095710985903 at x = [0.5876473  0.79256711 0.14865444 0.18259541 0.54606181 0.61821631]
2026-03-18 16:58:36,805 - AEMSOlogs - INFO - Working on simulations...
2026-03-18 16:59:24,492 - AEMSOlogs - INFO - RCWA eval:[298. 238.  30. 184. 271. 217.] | diff. eff.:0.20587996242172643
2026-03-18 16:59:24,621 - AEMSOlogs - INFO - RCWA eval:[287. 266.  66.  31. 210. 280.] | diff. eff.:0.16250921823201916
2026-03-18 16:59:24,672 - AEMSOlogs - INFO - RCWA eval:[375. 304.  21.  22. 207. 254.] | diff. eff.:0.08970741225061726
2026-03-18 16:59:24,685 - AEMSOlogs - INFO - RCWA eval:[346. 377.  34.  30. 252. 163.] | diff. eff.:0.5054688899258158
2026-03-18 16:59:24,693 - AEMSOlogs - INFO - RCWA eval:[249. 330.  21.  70. 226. 203.] | diff. eff.:0.3654249765461403
2026-03-18 16:59:24,751 - AEMSOlogs - INFO - RCWA eval:[385. 296.  38.  41. 230. 114.] | diff. eff.:0.0799922748363059
2026-03-18 16:59:24,782 - AEMSOlogs - INFO - RCWA eval:[291. 404.  20.  79. 168. 195.] | diff. eff.:0.20990299340869872
2026-03-18 16:59:24,834 - AEMSOlogs - INFO - RCWA eval:[341. 281. 127.  70. 292. 150.] | diff. eff.:0.04020715380217362
2026-03-18 16:59:25,573 - AEMSOlogs - INFO - RCWA eval:[442. 327.  45.  24. 217. 112.] | diff. eff.:0.3100311732478008
2026-03-18 16:59:25,587 - AEMSOlogs - INFO - RCWA eval:[226. 271.  23.  44. 217. 199.] | diff. eff.:0.10899457739720442
2026-03-18 16:59:25,595 - AEMSOlogs - INFO - RCWA eval:[328. 360.  64. 116. 226. 166.] | diff. eff.:0.5361794280357345
2026-03-18 16:59:25,596 - AEMSOlogs - INFO - RCWA eval:[338. 392.  20. 200.  83. 222.] | diff. eff.:0.17242251165598754
2026-03-18 16:59:25,677 - AEMSOlogs - INFO - RCWA eval:[385. 375.  21. 164. 140. 200.] | diff. eff.:0.09496086319606041
2026-03-18 16:59:25,832 - AEMSOlogs - INFO - RCWA eval:[363. 441.  46. 106. 225. 176.] | diff. eff.:0.07201210157792955
2026-03-18 16:59:25,851 - AEMSOlogs - INFO - Iteration 10: Best Y = -0.6207095710985903 at x = [0.5876473  0.79256711 0.14865444 0.18259541 0.54606181 0.61821631]
2026-03-18 16:59:25,856 - AEMSOlogs - INFO - Working on simulations...
2026-03-18 17:00:13,483 - AEMSOlogs - INFO - RCWA eval:[382. 415. 149.  38. 316. 169.] | diff. eff.:0.18885914869207063
2026-03-18 17:00:13,601 - AEMSOlogs - INFO - RCWA eval:[449. 390. 206. 132. 295. 137.] | diff. eff.:0.4174693941534381
2026-03-18 17:00:13,637 - AEMSOlogs - INFO - RCWA eval:[290. 421.  21.  92. 216. 222.] | diff. eff.:0.24680633128595586
2026-03-18 17:00:13,684 - AEMSOlogs - INFO - RCWA eval:[387. 446. 133.  65. 257. 245.] | diff. eff.:0.07308123337226995
2026-03-18 17:00:13,688 - AEMSOlogs - INFO - RCWA eval:[402. 294.  79.  25. 232. 197.] | diff. eff.:0.1288271392827606
2026-03-18 17:00:13,709 - AEMSOlogs - INFO - RCWA eval:[434. 344.  20.  90. 171. 150.] | diff. eff.:0.18835555009311988
2026-03-18 17:00:13,743 - AEMSOlogs - INFO - RCWA eval:[237. 266.  73.  22. 110. 259.] | diff. eff.:0.13460878075369245
2026-03-18 17:00:13,784 - AEMSOlogs - INFO - RCWA eval:[428. 278. 105. 123. 255. 100.] | diff. eff.:0.0620790939362572
2026-03-18 17:00:14,496 - AEMSOlogs - INFO - RCWA eval:[214. 444.  73. 143. 136. 188.] | diff. eff.:0.029389161639940216
2026-03-18 17:00:14,642 - AEMSOlogs - INFO - RCWA eval:[437. 269. 137.  24. 281. 168.] | diff. eff.:0.04184518059666123
2026-03-18 17:00:14,662 - AEMSOlogs - INFO - RCWA eval:[389. 241.  25.  65. 283. 171.] | diff. eff.:0.07302178765325476
2026-03-18 17:00:14,718 - AEMSOlogs - INFO - RCWA eval:[427. 336.  82.  24. 212. 103.] | diff. eff.:0.28099558114888024
2026-03-18 17:00:14,755 - AEMSOlogs - INFO - RCWA eval:[248. 309. 139. 247. 269.  98.] | diff. eff.:0.06164834758023245
2026-03-18 17:00:14,784 - AEMSOlogs - INFO - RCWA eval:[199. 423.  32. 179.  99. 152.] | diff. eff.:0.00951703588520186
2026-03-18 17:00:14,805 - AEMSOlogs - INFO - Iteration 11: Best Y = -0.6207095710985903 at x = [0.5876473  0.79256711 0.14865444 0.18259541 0.54606181 0.61821631]
2026-03-18 17:00:14,810 - AEMSOlogs - INFO - Working on simulations...
2026-03-18 17:01:02,194 - AEMSOlogs - INFO - RCWA eval:[432. 447. 245. 242. 237. 158.] | diff. eff.:0.05691649231829027
2026-03-18 17:01:02,198 - AEMSOlogs - INFO - RCWA eval:[432. 447. 294. 325. 278.  57.] | diff. eff.:0.31696985684935175
2026-03-18 17:01:02,223 - AEMSOlogs - INFO - RCWA eval:[436. 368. 202.  44. 252. 229.] | diff. eff.:0.22183233091031007
2026-03-18 17:01:02,280 - AEMSOlogs - INFO - RCWA eval:[303. 238.  36. 109. 178. 398.] | diff. eff.:0.11407722571901835
2026-03-18 17:01:02,285 - AEMSOlogs - INFO - RCWA eval:[376. 299.  40.  53. 288. 229.] | diff. eff.:0.018289154580068048
2026-03-18 17:01:02,300 - AEMSOlogs - INFO - RCWA eval:[394. 440. 116. 100. 274.  93.] | diff. eff.:0.069739019855646
2026-03-18 17:01:02,314 - AEMSOlogs - INFO - RCWA eval:[420. 382.  97. 157. 250.  88.] | diff. eff.:0.0969043223446112
2026-03-18 17:01:02,325 - AEMSOlogs - INFO - RCWA eval:[438. 346.  95.  21. 315.  60.] | diff. eff.:0.13034931546261463
2026-03-18 17:01:02,370 - AEMSOlogs - INFO - RCWA eval:[399. 237.  23.  43. 257. 152.] | diff. eff.:0.005512114887301216
2026-03-18 17:01:02,375 - AEMSOlogs - INFO - RCWA eval:[442. 447. 200. 134. 119. 183.] | diff. eff.:0.004396340894188619
2026-03-18 17:01:02,378 - AEMSOlogs - INFO - RCWA eval:[384. 333.  37.  22. 268. 193.] | diff. eff.:0.30502770249791206
2026-03-18 17:01:02,496 - AEMSOlogs - INFO - RCWA eval:[361. 439.  94.  20. 375.  71.] | diff. eff.:0.07366962862457256
2026-03-18 17:01:02,510 - AEMSOlogs - INFO - RCWA eval:[423. 345. 141.  26. 347. 188.] | diff. eff.:0.032030416353472216
2026-03-18 17:01:02,566 - AEMSOlogs - INFO - RCWA eval:[282. 381. 173.  22. 221.  72.] | diff. eff.:0.11092999442792416
2026-03-18 17:01:02,584 - AEMSOlogs - INFO - Iteration 12: Best Y = -0.6207095710985903 at x = [0.5876473  0.79256711 0.14865444 0.18259541 0.54606181 0.61821631]
2026-03-18 17:01:02,590 - AEMSOlogs - INFO - Working on simulations...
2026-03-18 17:01:46,072 - AEMSOlogs - INFO - RCWA eval:[448. 368. 345. 217. 335.  26.] | diff. eff.:0.13536433312248788
2026-03-18 17:01:46,082 - AEMSOlogs - INFO - RCWA eval:[448. 402. 333. 101. 293.  27.] | diff. eff.:0.06334860280358554
2026-03-18 17:01:46,135 - AEMSOlogs - INFO - RCWA eval:[363. 308.  76. 161. 237.  96.] | diff. eff.:0.21310940891247537
2026-03-18 17:01:46,324 - AEMSOlogs - INFO - RCWA eval:[338. 318.  24.  77. 191. 206.] | diff. eff.:0.48552248474009196
2026-03-18 17:01:46,326 - AEMSOlogs - INFO - RCWA eval:[355. 342.  90. 140. 222. 165.] | diff. eff.:0.38188570444935094
2026-03-18 17:01:46,442 - AEMSOlogs - INFO - RCWA eval:[450. 405. 174.  72. 318.  46.] | diff. eff.:0.16396532753026113
2026-03-18 17:01:46,459 - AEMSOlogs - INFO - RCWA eval:[447. 299.  31.  81. 284. 164.] | diff. eff.:0.10148478972569963
2026-03-18 17:01:46,522 - AEMSOlogs - INFO - RCWA eval:[323. 446. 449. 331. 313. 106.] | diff. eff.:0.25455287570194723
2026-03-18 17:01:46,664 - AEMSOlogs - INFO - RCWA eval:[275. 361.  53.  65. 234. 176.] | diff. eff.:0.34404959255045925
2026-03-18 17:01:46,680 - AEMSOlogs - INFO - RCWA eval:[237. 384.  39.  97. 186. 237.] | diff. eff.:0.17318960296162395
2026-03-18 17:01:46,705 - AEMSOlogs - INFO - RCWA eval:[352. 332.  24.  94. 226. 288.] | diff. eff.:0.6844290816138421
2026-03-18 17:01:46,730 - AEMSOlogs - INFO - RCWA eval:[225. 354. 107.  27. 148. 210.] | diff. eff.:0.18222009099986705
2026-03-18 17:01:46,754 - AEMSOlogs - INFO - RCWA eval:[395. 307.  98.  81. 224. 152.] | diff. eff.:0.20176032800416746
2026-03-18 17:01:46,776 - AEMSOlogs - INFO - RCWA eval:[409. 277.  20.  63. 197. 212.] | diff. eff.:0.09058903080279734
2026-03-18 17:01:46,793 - AEMSOlogs - INFO - Iteration 13: Best Y = -0.6844290816138421 at x = [0.77279159 0.72469584 0.00902769 0.17155541 0.47989687 0.62244159]
2026-03-18 17:01:46,797 - AEMSOlogs - INFO - Working on simulations...
2026-03-18 17:02:33,432 - AEMSOlogs - INFO - RCWA eval:[347. 285. 187.  68. 156. 314.] | diff. eff.:0.22330306388181123
2026-03-18 17:02:33,455 - AEMSOlogs - INFO - RCWA eval:[304. 252.  89. 142. 178. 380.] | diff. eff.:0.05440156470031117
2026-03-18 17:02:33,493 - AEMSOlogs - INFO - RCWA eval:[205. 289.  35. 136. 172. 441.] | diff. eff.:0.1813317105984643
2026-03-18 17:02:33,499 - AEMSOlogs - INFO - RCWA eval:[326. 371.  25.  58. 222. 188.] | diff. eff.:0.502721200204901
2026-03-18 17:02:33,556 - AEMSOlogs - INFO - RCWA eval:[419. 360. 126. 208. 208. 144.] | diff. eff.:0.12956861544329148
2026-03-18 17:02:33,572 - AEMSOlogs - INFO - RCWA eval:[298. 424. 152. 195. 248. 206.] | diff. eff.:0.18924870561255636
2026-03-18 17:02:33,645 - AEMSOlogs - INFO - RCWA eval:[361. 297.  44.  47. 118. 312.] | diff. eff.:0.1917730276505112
2026-03-18 17:02:33,688 - AEMSOlogs - INFO - RCWA eval:[353. 366. 105. 206. 187. 240.] | diff. eff.:0.4751412656389651
2026-03-18 17:02:34,359 - AEMSOlogs - INFO - RCWA eval:[188. 320.  34. 150. 230. 357.] | diff. eff.:0.04482993357990976
2026-03-18 17:02:34,392 - AEMSOlogs - INFO - RCWA eval:[271. 301. 102.  50. 213. 289.] | diff. eff.:0.5588955637515762
2026-03-18 17:02:34,437 - AEMSOlogs - INFO - RCWA eval:[447. 446. 285. 379. 278.  32.] | diff. eff.:0.03455576241110353
2026-03-18 17:02:34,551 - AEMSOlogs - INFO - RCWA eval:[390. 382.  55. 177. 178. 234.] | diff. eff.:0.11296386474313955
2026-03-18 17:02:34,564 - AEMSOlogs - INFO - RCWA eval:[348. 360. 156. 100. 245. 219.] | diff. eff.:0.5805229794033973
2026-03-18 17:02:34,577 - AEMSOlogs - INFO - RCWA eval:[291. 268.  83.  21. 151. 272.] | diff. eff.:0.19549458399899267
2026-03-18 17:02:34,603 - AEMSOlogs - INFO - Iteration 14: Best Y = -0.6844290816138421 at x = [0.77279159 0.72469584 0.00902769 0.17155541 0.47989687 0.62244159]
2026-03-18 17:02:34,608 - AEMSOlogs - INFO - Working on simulations...
2026-03-18 17:03:21,804 - AEMSOlogs - INFO - RCWA eval:[379. 271. 100.  73. 185. 232.] | diff. eff.:0.026981183729531358
2026-03-18 17:03:22,209 - AEMSOlogs - INFO - RCWA eval:[302. 317.  79. 139. 225. 243.] | diff. eff.:0.5771782962492991
2026-03-18 17:03:22,318 - AEMSOlogs - INFO - RCWA eval:[256. 282.  50.  22. 248. 391.] | diff. eff.:0.14449383126881565
2026-03-18 17:03:22,347 - AEMSOlogs - INFO - RCWA eval:[356. 333.  92.  93. 263. 204.] | diff. eff.:0.5104867626775426
2026-03-18 17:03:22,434 - AEMSOlogs - INFO - RCWA eval:[190. 318.  50.  28. 137. 335.] | diff. eff.:0.13623474120708115
2026-03-18 17:03:22,438 - AEMSOlogs - INFO - RCWA eval:[164. 360.  20.  32. 183. 368.] | diff. eff.:0.05501793383538302
2026-03-18 17:03:22,441 - AEMSOlogs - INFO - RCWA eval:[312. 253.  34.  21. 173. 382.] | diff. eff.:0.11328098357686237
2026-03-18 17:03:22,452 - AEMSOlogs - INFO - RCWA eval:[258. 259.  66.  26. 243. 231.] | diff. eff.:0.09030153148252586
2026-03-18 17:03:23,206 - AEMSOlogs - INFO - RCWA eval:[357. 277.  21.  92. 282. 330.] | diff. eff.:0.3307239252833026
2026-03-18 17:03:23,386 - AEMSOlogs - INFO - RCWA eval:[358. 388.  34.  20. 198. 229.] | diff. eff.:0.2505778071727718
2026-03-18 17:03:23,387 - AEMSOlogs - INFO - RCWA eval:[332. 375.  20. 133. 176. 326.] | diff. eff.:0.6600816388884507
2026-03-18 17:03:23,392 - AEMSOlogs - INFO - RCWA eval:[326. 259.  63.  40. 163. 217.] | diff. eff.:0.037626929954795114
2026-03-18 17:03:23,398 - AEMSOlogs - INFO - RCWA eval:[297. 349.  23.  97. 143. 291.] | diff. eff.:0.6615095514338507
2026-03-18 17:03:23,529 - AEMSOlogs - INFO - RCWA eval:[192. 346.  27.  20. 202. 319.] | diff. eff.:0.3542970388825454
2026-03-18 17:03:23,547 - AEMSOlogs - INFO - Iteration 15: Best Y = -0.6844290816138421 at x = [0.77279159 0.72469584 0.00902769 0.17155541 0.47989687 0.62244159]
2026-03-18 17:03:23,551 - AEMSOlogs - INFO - Working on simulations...
2026-03-18 17:04:11,042 - AEMSOlogs - INFO - RCWA eval:[294. 349.  28. 144. 207. 313.] | diff. eff.:0.4773837481362817
2026-03-18 17:04:11,223 - AEMSOlogs - INFO - RCWA eval:[149. 353.  21. 187. 210. 327.] | diff. eff.:0.372063453905566
2026-03-18 17:04:11,266 - AEMSOlogs - INFO - RCWA eval:[305. 392.  26.  97. 153. 256.] | diff. eff.:0.38420263174555314
2026-03-18 17:04:11,277 - AEMSOlogs - INFO - RCWA eval:[251. 307. 122.  96. 150. 427.] | diff. eff.:0.22222589530929468
2026-03-18 17:04:11,334 - AEMSOlogs - INFO - RCWA eval:[106. 357.  39. 233. 142. 369.] | diff. eff.:0.11451465461370146
2026-03-18 17:04:11,335 - AEMSOlogs - INFO - RCWA eval:[286. 367. 108.  29. 221. 260.] | diff. eff.:0.44335866382169703
2026-03-18 17:04:11,350 - AEMSOlogs - INFO - RCWA eval:[271. 378.  23.  86. 163. 240.] | diff. eff.:0.26999141252156666
2026-03-18 17:04:11,399 - AEMSOlogs - INFO - RCWA eval:[191. 229. 167.  27. 185. 346.] | diff. eff.:0.008585165009080097
2026-03-18 17:04:12,287 - AEMSOlogs - INFO - RCWA eval:[252. 387.  33. 203. 158. 352.] | diff. eff.:0.32045783703018954
2026-03-18 17:04:12,317 - AEMSOlogs - INFO - RCWA eval:[154. 300.  60.  91. 132. 391.] | diff. eff.:0.2059633695021651
2026-03-18 17:04:12,330 - AEMSOlogs - INFO - RCWA eval:[263. 308.  20. 143. 179. 324.] | diff. eff.:0.0837076027671242
2026-03-18 17:04:12,358 - AEMSOlogs - INFO - RCWA eval:[136. 219. 200.  62. 143. 358.] | diff. eff.:0.08671531308210258
2026-03-18 17:04:12,403 - AEMSOlogs - INFO - RCWA eval:[300. 432.  20. 155. 113. 226.] | diff. eff.:0.20989088743739193
2026-03-18 17:04:12,503 - AEMSOlogs - INFO - RCWA eval:[129. 295. 142. 112. 115. 334.] | diff. eff.:0.03403128679079255
2026-03-18 17:04:12,520 - AEMSOlogs - INFO - Iteration 16: Best Y = -0.6844290816138421 at x = [0.77279159 0.72469584 0.00902769 0.17155541 0.47989687 0.62244159]
2026-03-18 17:04:12,525 - AEMSOlogs - INFO - Working on simulations...
2026-03-18 17:05:00,031 - AEMSOlogs - INFO - RCWA eval:[362. 312.  26.  21. 216. 251.] | diff. eff.:0.22214206833402678
2026-03-18 17:05:00,159 - AEMSOlogs - INFO - RCWA eval:[230. 402. 110.  69. 239. 153.] | diff. eff.:0.07774004918003388
2026-03-18 17:05:00,182 - AEMSOlogs - INFO - RCWA eval:[183. 449.  22.  89. 209. 226.] | diff. eff.:0.037956640882885924
2026-03-18 17:05:00,255 - AEMSOlogs - INFO - RCWA eval:[264. 279.  90.  92. 179. 198.] | diff. eff.:0.3778956709121877
2026-03-18 17:05:00,272 - AEMSOlogs - INFO - RCWA eval:[188. 378.  51. 116. 212. 260.] | diff. eff.:0.22448610227024368
2026-03-18 17:05:00,302 - AEMSOlogs - INFO - RCWA eval:[314. 411.  20. 154. 274. 212.] | diff. eff.:0.5190932231941704
2026-03-18 17:05:00,333 - AEMSOlogs - INFO - RCWA eval:[268. 375.  57.  62. 237. 237.] | diff. eff.:0.32579169076451026
2026-03-18 17:05:00,333 - AEMSOlogs - INFO - RCWA eval:[177. 420. 296.  87.  87. 385.] | diff. eff.:0.16237775960168094
2026-03-18 17:05:00,778 - AEMSOlogs - INFO - RCWA eval:[265. 247. 156.  91. 292. 426.] | diff. eff.:0.015028903818322493
2026-03-18 17:05:00,889 - AEMSOlogs - INFO - RCWA eval:[235. 336.  39.  57. 177. 384.] | diff. eff.:0.0845758476318044
2026-03-18 17:05:00,948 - AEMSOlogs - INFO - RCWA eval:[284. 322. 146. 120. 181. 263.] | diff. eff.:0.5918826602984143
2026-03-18 17:05:01,057 - AEMSOlogs - INFO - RCWA eval:[102. 416.  59. 219. 109. 450.] | diff. eff.:0.012574727755441408
2026-03-18 17:05:01,106 - AEMSOlogs - INFO - RCWA eval:[329. 440.  91. 162. 112. 254.] | diff. eff.:0.21884345404461797
2026-03-18 17:05:01,123 - AEMSOlogs - INFO - RCWA eval:[247. 447.  44. 138. 149. 337.] | diff. eff.:0.05971950671533935
2026-03-18 17:05:01,140 - AEMSOlogs - INFO - Iteration 17: Best Y = -0.6844290816138421 at x = [0.77279159 0.72469584 0.00902769 0.17155541 0.47989687 0.62244159]
2026-03-18 17:05:01,144 - AEMSOlogs - INFO - Working on simulations...
2026-03-18 17:05:48,755 - AEMSOlogs - INFO - RCWA eval:[286. 389. 126. 129. 258. 177.] | diff. eff.:0.2012366762687949
2026-03-18 17:05:48,761 - AEMSOlogs - INFO - RCWA eval:[222. 375.  61. 159. 137. 275.] | diff. eff.:0.2717907585861556
2026-03-18 17:05:48,785 - AEMSOlogs - INFO - RCWA eval:[199. 314.  77.  20. 241. 241.] | diff. eff.:0.515595891089339
2026-03-18 17:05:48,817 - AEMSOlogs - INFO - RCWA eval:[319. 329. 121. 118. 200. 227.] | diff. eff.:0.54423564695045
2026-03-18 17:05:48,840 - AEMSOlogs - INFO - RCWA eval:[272. 312.  40. 120. 199. 122.] | diff. eff.:0.4408032473507298
2026-03-18 17:05:48,852 - AEMSOlogs - INFO - RCWA eval:[257. 297. 168.  92. 237. 274.] | diff. eff.:0.3055969670195045
2026-03-18 17:05:48,874 - AEMSOlogs - INFO - RCWA eval:[272. 348.  22.  62. 205. 188.] | diff. eff.:0.41518117674142796
2026-03-18 17:05:48,993 - AEMSOlogs - INFO - RCWA eval:[411. 348. 169. 258. 192.  75.] | diff. eff.:0.05736568375868412
2026-03-18 17:05:49,700 - AEMSOlogs - INFO - RCWA eval:[287. 317.  84. 145. 245. 136.] | diff. eff.:0.45814772958243705
2026-03-18 17:05:49,744 - AEMSOlogs - INFO - RCWA eval:[351. 368.  89. 187. 190. 180.] | diff. eff.:0.3278358703714745
2026-03-18 17:05:49,804 - AEMSOlogs - INFO - RCWA eval:[317. 374. 146.  51. 359. 149.] | diff. eff.:0.04036566375347973
2026-03-18 17:05:49,806 - AEMSOlogs - INFO - RCWA eval:[347. 325.  48. 128. 138. 255.] | diff. eff.:0.44237104708451386
2026-03-18 17:05:49,813 - AEMSOlogs - INFO - RCWA eval:[234. 339. 109.  51. 267. 259.] | diff. eff.:0.45923372564613857
2026-03-18 17:05:49,842 - AEMSOlogs - INFO - RCWA eval:[203. 401.  21. 167. 135. 241.] | diff. eff.:0.08420352961963389
2026-03-18 17:05:49,861 - AEMSOlogs - INFO - Iteration 18: Best Y = -0.6844290816138421 at x = [0.77279159 0.72469584 0.00902769 0.17155541 0.47989687 0.62244159]
2026-03-18 17:05:49,867 - AEMSOlogs - INFO - Working on simulations...
2026-03-18 17:06:37,350 - AEMSOlogs - INFO - RCWA eval:[338. 378. 114. 173. 175. 245.] | diff. eff.:0.44634289919490877
2026-03-18 17:06:37,520 - AEMSOlogs - INFO - RCWA eval:[194. 339.  27.  38. 279. 174.] | diff. eff.:0.2170755527736296
2026-03-18 17:06:37,608 - AEMSOlogs - INFO - RCWA eval:[233. 329.  64.  21. 199. 197.] | diff. eff.:0.42072454613961796
2026-03-18 17:06:37,610 - AEMSOlogs - INFO - RCWA eval:[287. 322. 135.  22. 253. 186.] | diff. eff.:0.5027322411481676
2026-03-18 17:06:37,622 - AEMSOlogs - INFO - RCWA eval:[355. 322.  93. 163. 199. 150.] | diff. eff.:0.3549346640668404
2026-03-18 17:06:37,641 - AEMSOlogs - INFO - RCWA eval:[296. 270.  86.  97. 265. 210.] | diff. eff.:0.271601230848436
2026-03-18 17:06:37,677 - AEMSOlogs - INFO - RCWA eval:[395. 305. 151. 220. 244. 142.] | diff. eff.:0.033244169493502
2026-03-18 17:06:37,712 - AEMSOlogs - INFO - RCWA eval:[235. 358.  37. 186. 256. 267.] | diff. eff.:0.4550368683166572
2026-03-18 17:06:38,600 - AEMSOlogs - INFO - RCWA eval:[260. 350.  98.  55. 254. 139.] | diff. eff.:0.35635537645430365
2026-03-18 17:06:38,626 - AEMSOlogs - INFO - RCWA eval:[255. 315. 202. 258. 227. 172.] | diff. eff.:0.11146604476791282
2026-03-18 17:06:38,731 - AEMSOlogs - INFO - RCWA eval:[266. 307.  22. 161. 158. 273.] | diff. eff.:0.44479280766995133
2026-03-18 17:06:38,765 - AEMSOlogs - INFO - RCWA eval:[165. 287.  60.  23. 235. 253.] | diff. eff.:0.1476479699360595
2026-03-18 17:06:38,782 - AEMSOlogs - INFO - RCWA eval:[338. 297.  88.  21. 193. 124.] | diff. eff.:0.17212327647244197
2026-03-18 17:06:38,852 - AEMSOlogs - INFO - RCWA eval:[223. 322.  27. 124. 202. 206.] | diff. eff.:0.3000355985614446
2026-03-18 17:06:38,870 - AEMSOlogs - INFO - Iteration 19: Best Y = -0.6844290816138421 at x = [0.77279159 0.72469584 0.00902769 0.17155541 0.47989687 0.62244159]
2026-03-18 17:06:38,874 - AEMSOlogs - INFO - Working on simulations...
2026-03-18 17:07:24,681 - AEMSOlogs - INFO - RCWA eval:[199. 330.  74. 120. 182. 202.] | diff. eff.:0.2682554158382781
2026-03-18 17:07:24,709 - AEMSOlogs - INFO - RCWA eval:[250. 350.  79. 147. 226. 299.] | diff. eff.:0.6005989558318056
2026-03-18 17:07:24,798 - AEMSOlogs - INFO - RCWA eval:[318. 344. 149.  25. 297.  82.] | diff. eff.:0.41709763216815815
2026-03-18 17:07:24,915 - AEMSOlogs - INFO - RCWA eval:[325. 350.  88. 238. 207. 218.] | diff. eff.:0.4231877590560048
2026-03-18 17:07:24,945 - AEMSOlogs - INFO - RCWA eval:[267. 378.  84. 121. 260. 173.] | diff. eff.:0.23781836200995993
2026-03-18 17:07:24,990 - AEMSOlogs - INFO - RCWA eval:[283. 342.  20.  26. 186. 263.] | diff. eff.:0.5822686871855837
2026-03-18 17:07:25,398 - AEMSOlogs - INFO - RCWA eval:[196. 318.  33.  49. 197. 304.] | diff. eff.:0.5309428530203237
2026-03-18 17:07:25,500 - AEMSOlogs - INFO - RCWA eval:[319. 293.  86.  44. 244. 235.] | diff. eff.:0.36874083820118514
2026-03-18 17:07:25,519 - AEMSOlogs - INFO - RCWA eval:[339. 314.  84. 142. 269. 203.] | diff. eff.:0.415125714237969
2026-03-18 17:07:25,561 - AEMSOlogs - INFO - RCWA eval:[291. 327.  22.  20. 240. 202.] | diff. eff.:0.5782045920571447
2026-03-18 17:07:25,568 - AEMSOlogs - INFO - RCWA eval:[297. 345. 142.  68. 202. 186.] | diff. eff.:0.38013889709759735
2026-03-18 17:07:25,597 - AEMSOlogs - INFO - RCWA eval:[311. 363.  32. 107. 194. 207.] | diff. eff.:0.4757360375589523
2026-03-18 17:07:25,650 - AEMSOlogs - INFO - RCWA eval:[237. 380.  41.  46. 216. 204.] | diff. eff.:0.16007739659247455
2026-03-18 17:07:25,696 - AEMSOlogs - INFO - RCWA eval:[248. 308.  24.  75. 196. 263.] | diff. eff.:0.5961987729348109
2026-03-18 17:07:25,708 - AEMSOlogs - INFO - Iteration 20: Best Y = -0.6844290816138421 at x = [0.77279159 0.72469584 0.00902769 0.17155541 0.47989687 0.62244159]
2026-03-18 17:07:25,713 - AEMSOlogs - INFO - Working on simulations...
2026-03-18 17:08:09,228 - AEMSOlogs - INFO - RCWA eval:[282. 339.  95.  89. 247. 243.] | diff. eff.:0.6042033098003258
2026-03-18 17:08:09,261 - AEMSOlogs - INFO - RCWA eval:[257. 359.  21.  88. 207. 313.] | diff. eff.:0.43608652063500347
2026-03-18 17:08:09,378 - AEMSOlogs - INFO - RCWA eval:[290. 299.  30.  44. 239. 167.] | diff. eff.:0.4933563552917589
2026-03-18 17:08:09,455 - AEMSOlogs - INFO - RCWA eval:[180. 330.  21.  67. 212. 280.] | diff. eff.:0.5078460377203494
2026-03-18 17:08:09,493 - AEMSOlogs - INFO - RCWA eval:[295. 320.  48. 128. 169. 231.] | diff. eff.:0.5285598424852586
2026-03-18 17:08:09,548 - AEMSOlogs - INFO - RCWA eval:[199. 310.  28.  37. 208. 254.] | diff. eff.:0.5255349747917033
2026-03-18 17:08:09,962 - AEMSOlogs - INFO - RCWA eval:[254. 381. 184. 128. 249. 265.] | diff. eff.:0.27769605141321974
2026-03-18 17:08:09,967 - AEMSOlogs - INFO - RCWA eval:[272. 326.  65. 115. 203. 248.] | diff. eff.:0.5277780122625307
2026-03-18 17:08:09,977 - AEMSOlogs - INFO - RCWA eval:[265. 334. 103.  84. 266. 266.] | diff. eff.:0.5817819530831384
2026-03-18 17:08:09,977 - AEMSOlogs - INFO - RCWA eval:[323. 358.  89.  38. 266. 268.] | diff. eff.:0.7088084825139459
2026-03-18 17:08:10,068 - AEMSOlogs - INFO - RCWA eval:[244. 291.  23.  23. 191. 249.] | diff. eff.:0.32342220631359553
2026-03-18 17:08:10,081 - AEMSOlogs - INFO - RCWA eval:[251. 335.  27.  52. 216. 355.] | diff. eff.:0.20403051849211015
2026-03-18 17:08:10,089 - AEMSOlogs - INFO - RCWA eval:[217. 299. 118.  21. 191. 279.] | diff. eff.:0.3694565859639677
2026-03-18 17:08:10,093 - AEMSOlogs - INFO - RCWA eval:[278. 358.  22.  94. 200. 215.] | diff. eff.:0.41071119058475974
2026-03-18 17:08:10,111 - AEMSOlogs - INFO - Iteration 21: Best Y = -0.7088084825139459 at x = [0.7045802  0.78617992 0.15977279 0.04121782 0.57257649 0.57663856]
2026-03-18 17:08:10,115 - AEMSOlogs - INFO - Working on simulations...
2026-03-18 17:08:53,619 - AEMSOlogs - INFO - RCWA eval:[307. 334.  73. 113. 209. 248.] | diff. eff.:0.6620416432583868
2026-03-18 17:08:53,748 - AEMSOlogs - INFO - RCWA eval:[335. 353.  56. 174. 229. 207.] | diff. eff.:0.4758450328320638
2026-03-18 17:08:53,758 - AEMSOlogs - INFO - RCWA eval:[286. 303. 122.  40. 278. 226.] | diff. eff.:0.3978550588019209
2026-03-18 17:08:53,802 - AEMSOlogs - INFO - RCWA eval:[316. 334.  74.  21. 289. 231.] | diff. eff.:0.5328494222945958
2026-03-18 17:08:53,856 - AEMSOlogs - INFO - RCWA eval:[348. 326.  80.  58. 301. 215.] | diff. eff.:0.2824863285072969
2026-03-18 17:08:53,877 - AEMSOlogs - INFO - RCWA eval:[353. 371.  94. 161. 271. 226.] | diff. eff.:0.6618910162476482
2026-03-18 17:08:54,309 - AEMSOlogs - INFO - RCWA eval:[274. 300.  82.  22. 252. 255.] | diff. eff.:0.5217095109305262
2026-03-18 17:08:54,406 - AEMSOlogs - INFO - RCWA eval:[354. 334.  87.  92. 243. 251.] | diff. eff.:0.570853558659859
2026-03-18 17:08:54,440 - AEMSOlogs - INFO - RCWA eval:[295. 388. 203. 106. 364. 266.] | diff. eff.:0.03767241872684112
2026-03-18 17:08:54,461 - AEMSOlogs - INFO - RCWA eval:[363. 309.  52. 111. 227. 234.] | diff. eff.:0.2199165616337947
2026-03-18 17:08:54,478 - AEMSOlogs - INFO - RCWA eval:[181. 281.  27.  43. 224. 266.] | diff. eff.:0.10499665328611642
2026-03-18 17:08:54,516 - AEMSOlogs - INFO - RCWA eval:[317. 340. 112.  32. 265. 232.] | diff. eff.:0.7281121489432121
2026-03-18 17:08:54,594 - AEMSOlogs - INFO - RCWA eval:[295. 351.  23.  59. 226. 257.] | diff. eff.:0.6687923581243763
2026-03-18 17:08:54,629 - AEMSOlogs - INFO - RCWA eval:[281. 353.  63. 105. 264. 270.] | diff. eff.:0.6854429660983353
2026-03-18 17:08:54,646 - AEMSOlogs - INFO - Iteration 22: Best Y = -0.7281121489432121 at x = [0.69041392 0.74510153 0.21408753 0.02710254 0.56934688 0.49378318]
2026-03-18 17:08:54,652 - AEMSOlogs - INFO - Working on simulations...
2026-03-18 17:09:38,098 - AEMSOlogs - INFO - RCWA eval:[284. 343.  36. 116. 243. 285.] | diff. eff.:0.710772931411811
2026-03-18 17:09:38,154 - AEMSOlogs - INFO - RCWA eval:[318. 334.  99.  63. 208. 233.] | diff. eff.:0.5882955060624272
2026-03-18 17:09:38,167 - AEMSOlogs - INFO - RCWA eval:[291. 359.  84. 173. 240. 246.] | diff. eff.:0.6033444804207689
2026-03-18 17:09:38,282 - AEMSOlogs - INFO - RCWA eval:[233. 328.  20.  89. 214. 352.] | diff. eff.:0.18222318436300747
2026-03-18 17:09:38,335 - AEMSOlogs - INFO - RCWA eval:[311. 330.  53.  20. 223. 283.] | diff. eff.:0.7660140662047343
2026-03-18 17:09:38,358 - AEMSOlogs - INFO - RCWA eval:[238. 331.  21.  29. 300. 299.] | diff. eff.:0.4501631438224669
2026-03-18 17:09:38,806 - AEMSOlogs - INFO - RCWA eval:[243. 361.  57.  98. 289. 301.] | diff. eff.:0.5542405850463397
2026-03-18 17:09:38,864 - AEMSOlogs - INFO - RCWA eval:[317. 346.  67.  82. 243. 272.] | diff. eff.:0.8297392927416403
2026-03-18 17:09:38,963 - AEMSOlogs - INFO - RCWA eval:[318. 343. 111.  92. 233. 239.] | diff. eff.:0.6644259466246183
2026-03-18 17:09:38,964 - AEMSOlogs - INFO - RCWA eval:[302. 330.  85.  79. 221. 306.] | diff. eff.:0.5758770260317096
2026-03-18 17:09:38,975 - AEMSOlogs - INFO - RCWA eval:[334. 316.  80.  44. 258. 255.] | diff. eff.:0.6923598325859771
2026-03-18 17:09:38,994 - AEMSOlogs - INFO - RCWA eval:[242. 351.  48.  39. 200. 318.] | diff. eff.:0.31726030195406546
2026-03-18 17:09:39,054 - AEMSOlogs - INFO - RCWA eval:[363. 374.  89.  37. 316. 206.] | diff. eff.:0.3617657396767115
2026-03-18 17:09:39,071 - AEMSOlogs - INFO - RCWA eval:[251. 339.  87.  47. 274. 287.] | diff. eff.:0.580201496684343
2026-03-18 17:09:39,090 - AEMSOlogs - INFO - Iteration 23: Best Y = -0.8297392927416403 at x = [0.69137832 0.75712227 0.11008975 0.14382618 0.51893058 0.58585065]
2026-03-18 17:09:39,094 - AEMSOlogs - INFO - Working on simulations...
2026-03-18 17:10:22,605 - AEMSOlogs - INFO - RCWA eval:[295. 363.  71. 100. 219. 285.] | diff. eff.:0.6179339988506816
2026-03-18 17:10:22,664 - AEMSOlogs - INFO - RCWA eval:[336. 339.  69. 103. 271. 256.] | diff. eff.:0.5874820937651458
2026-03-18 17:10:22,689 - AEMSOlogs - INFO - RCWA eval:[312. 358. 156.  99. 246. 278.] | diff. eff.:0.7760056294535028
2026-03-18 17:10:22,734 - AEMSOlogs - INFO - RCWA eval:[290. 341. 148.  96. 255. 235.] | diff. eff.:0.5115881160675628
2026-03-18 17:10:22,739 - AEMSOlogs - INFO - RCWA eval:[293. 335.  20.  23. 247. 258.] | diff. eff.:0.6750395929190083
2026-03-18 17:10:22,865 - AEMSOlogs - INFO - RCWA eval:[271. 325.  33.  30. 191. 273.] | diff. eff.:0.6280014951338406
2026-03-18 17:10:23,329 - AEMSOlogs - INFO - RCWA eval:[403. 315. 189.  39. 290. 200.] | diff. eff.:0.09243038996295642
2026-03-18 17:10:23,377 - AEMSOlogs - INFO - RCWA eval:[365. 367.  98. 114. 231. 237.] | diff. eff.:0.3141314128771026
2026-03-18 17:10:23,456 - AEMSOlogs - INFO - RCWA eval:[286. 342.  20.  63. 224. 273.] | diff. eff.:0.6786797771218078
2026-03-18 17:10:23,459 - AEMSOlogs - INFO - RCWA eval:[352. 380.  90. 167. 184. 247.] | diff. eff.:0.43914704880641503
2026-03-18 17:10:23,477 - AEMSOlogs - INFO - RCWA eval:[307. 342.  96.  46. 189. 294.] | diff. eff.:0.6687019715821261
2026-03-18 17:10:23,541 - AEMSOlogs - INFO - RCWA eval:[299. 347.  89.  58. 273. 249.] | diff. eff.:0.7437020560828033
2026-03-18 17:10:23,560 - AEMSOlogs - INFO - RCWA eval:[308. 336.  74.  67. 274. 222.] | diff. eff.:0.6756926637199232
2026-03-18 17:10:23,596 - AEMSOlogs - INFO - RCWA eval:[384. 338. 173.  62. 244. 232.] | diff. eff.:0.29762887052244197
2026-03-18 17:10:23,613 - AEMSOlogs - INFO - Iteration 24: Best Y = -0.8297392927416403 at x = [0.69137832 0.75712227 0.11008975 0.14382618 0.51893058 0.58585065]
2026-03-18 17:10:23,617 - AEMSOlogs - INFO - Working on simulations...
2026-03-18 17:11:07,116 - AEMSOlogs - INFO - RCWA eval:[316. 361.  93. 109. 228. 317.] | diff. eff.:0.7994207395113667
2026-03-18 17:11:07,252 - AEMSOlogs - INFO - RCWA eval:[296. 351. 129. 116. 283. 209.] | diff. eff.:0.4506186637443494
2026-03-18 17:11:07,283 - AEMSOlogs - INFO - RCWA eval:[288. 367. 120. 126. 250. 261.] | diff. eff.:0.4777268413525594
2026-03-18 17:11:07,296 - AEMSOlogs - INFO - RCWA eval:[308. 374.  34.  88. 241. 267.] | diff. eff.:0.6353883248616368
2026-03-18 17:11:07,304 - AEMSOlogs - INFO - RCWA eval:[260. 329.  57.  64. 247. 266.] | diff. eff.:0.5181308227055917
2026-03-18 17:11:07,373 - AEMSOlogs - INFO - RCWA eval:[278. 326.  59.  41. 235. 283.] | diff. eff.:0.6449280177976721
2026-03-18 17:11:07,518 - AEMSOlogs - INFO - RCWA eval:[324. 369. 103. 111. 247. 277.] | diff. eff.:0.7135990993263951
2026-03-18 17:11:07,716 - AEMSOlogs - INFO - RCWA eval:[331. 358. 101.  54. 276. 258.] | diff. eff.:0.6079490109779747
2026-03-18 17:11:07,724 - AEMSOlogs - INFO - RCWA eval:[287. 339. 148.  82. 296. 239.] | diff. eff.:0.28460854834218097
2026-03-18 17:11:07,784 - AEMSOlogs - INFO - RCWA eval:[292. 320.  28.  31. 252. 225.] | diff. eff.:0.6196401594984705
2026-03-18 17:11:07,788 - AEMSOlogs - INFO - RCWA eval:[329. 352.  21.  95. 221. 255.] | diff. eff.:0.7339320581004507
2026-03-18 17:11:07,796 - AEMSOlogs - INFO - RCWA eval:[264. 342. 138.  98. 234. 269.] | diff. eff.:0.5192752967062662
2026-03-18 17:11:07,865 - AEMSOlogs - INFO - RCWA eval:[285. 321.  46.  30. 199. 305.] | diff. eff.:0.5119725241960061
2026-03-18 17:11:07,908 - AEMSOlogs - INFO - RCWA eval:[313. 354. 113. 133. 284. 275.] | diff. eff.:0.706021886485358
2026-03-18 17:11:07,927 - AEMSOlogs - INFO - Iteration 25: Best Y = -0.8297392927416403 at x = [0.69137832 0.75712227 0.11008975 0.14382618 0.51893058 0.58585065]
2026-03-18 17:11:07,931 - AEMSOlogs - INFO - Working on simulations...
2026-03-18 17:11:51,456 - AEMSOlogs - INFO - RCWA eval:[286. 355.  51.  79. 226. 268.] | diff. eff.:0.6410830308130694
2026-03-18 17:11:51,476 - AEMSOlogs - INFO - RCWA eval:[283. 360. 129. 119. 244. 300.] | diff. eff.:0.6925744008819928
2026-03-18 17:11:51,566 - AEMSOlogs - INFO - RCWA eval:[334. 380. 148. 140. 301. 256.] | diff. eff.:0.6313137467560435
2026-03-18 17:11:51,571 - AEMSOlogs - INFO - RCWA eval:[340. 356.  90. 139. 227. 282.] | diff. eff.:0.8013621620247424
2026-03-18 17:11:51,573 - AEMSOlogs - INFO - RCWA eval:[255. 399.  95. 195. 255. 305.] | diff. eff.:0.4471630180290253
2026-03-18 17:11:51,625 - AEMSOlogs - INFO - RCWA eval:[375. 372.  34. 168. 268. 272.] | diff. eff.:0.44092079219722513
2026-03-18 17:11:51,947 - AEMSOlogs - INFO - RCWA eval:[281. 378.  94.  88. 247. 318.] | diff. eff.:0.5103928404584253
2026-03-18 17:11:51,967 - AEMSOlogs - INFO - RCWA eval:[362. 372.  79. 129. 239. 302.] | diff. eff.:0.5361444121685309
2026-03-18 17:11:51,987 - AEMSOlogs - INFO - RCWA eval:[317. 334.  67.  62. 268. 284.] | diff. eff.:0.7821659633760093
2026-03-18 17:11:52,073 - AEMSOlogs - INFO - RCWA eval:[316. 365.  97.  72. 243. 302.] | diff. eff.:0.8549840527810112
2026-03-18 17:11:52,083 - AEMSOlogs - INFO - RCWA eval:[334. 345.  38. 102. 261. 284.] | diff. eff.:0.8043674427243791
2026-03-18 17:11:52,095 - AEMSOlogs - INFO - RCWA eval:[271. 355.  48.  82. 210. 331.] | diff. eff.:0.24401351026621293
2026-03-18 17:11:52,141 - AEMSOlogs - INFO - RCWA eval:[326. 372.  45. 143. 203. 306.] | diff. eff.:0.7733353291750633
2026-03-18 17:11:52,152 - AEMSOlogs - INFO - RCWA eval:[331. 370.  95.  66. 223. 283.] | diff. eff.:0.7719535844381181
2026-03-18 17:11:52,170 - AEMSOlogs - INFO - Iteration 26: Best Y = -0.8549840527810112 at x = [0.68732089 0.80163385 0.18001489 0.12122294 0.51875604 0.65481537]
2026-03-18 17:11:52,173 - AEMSOlogs - INFO - Working on simulations...
2026-03-18 17:12:35,631 - AEMSOlogs - INFO - RCWA eval:[307. 356.  82. 110. 257. 289.] | diff. eff.:0.8215855213248451
2026-03-18 17:12:35,692 - AEMSOlogs - INFO - RCWA eval:[318. 349.  30.  75. 250. 276.] | diff. eff.:0.860794573837342
2026-03-18 17:12:35,711 - AEMSOlogs - INFO - RCWA eval:[312. 354.  29. 111. 214. 275.] | diff. eff.:0.761165716339364
2026-03-18 17:12:35,778 - AEMSOlogs - INFO - RCWA eval:[329. 356.  44.  96. 261. 297.] | diff. eff.:0.9212210704510566
2026-03-18 17:12:35,839 - AEMSOlogs - INFO - RCWA eval:[333. 359.  70. 149. 223. 282.] | diff. eff.:0.7719538775928685
2026-03-18 17:12:35,876 - AEMSOlogs - INFO - RCWA eval:[353. 360.  75. 116. 255. 302.] | diff. eff.:0.7522975039866963
2026-03-18 17:12:36,043 - AEMSOlogs - INFO - RCWA eval:[334. 387. 137. 151. 269. 321.] | diff. eff.:0.6430450703696365
2026-03-18 17:12:36,159 - AEMSOlogs - INFO - RCWA eval:[343. 367.  59. 120. 240. 287.] | diff. eff.:0.8186724800739001
2026-03-18 17:12:36,236 - AEMSOlogs - INFO - RCWA eval:[328. 371. 121.  94. 259. 311.] | diff. eff.:0.8764416234544107
2026-03-18 17:12:36,286 - AEMSOlogs - INFO - RCWA eval:[345. 359.  72. 129. 247. 279.] | diff. eff.:0.8136310978659488
2026-03-18 17:12:36,289 - AEMSOlogs - INFO - RCWA eval:[336. 349.  87.  77. 231. 342.] | diff. eff.:0.5545835696655002
2026-03-18 17:12:36,291 - AEMSOlogs - INFO - RCWA eval:[353. 361.  36.  69. 251. 303.] | diff. eff.:0.7378461394689244
2026-03-18 17:12:36,320 - AEMSOlogs - INFO - RCWA eval:[320. 351. 127.  65. 272. 292.] | diff. eff.:0.8870224669579799
2026-03-18 17:12:36,472 - AEMSOlogs - INFO - RCWA eval:[330. 357. 101.  29. 260. 276.] | diff. eff.:0.8010082379096617
2026-03-18 17:12:36,487 - AEMSOlogs - INFO - Iteration 27: Best Y = -0.9212210704510566 at x = [0.71783347 0.7810819  0.05568239 0.17574504 0.56162247 0.64487556]
2026-03-18 17:12:36,491 - AEMSOlogs - INFO - Working on simulations...
2026-03-18 17:13:19,631 - AEMSOlogs - INFO - RCWA eval:[334. 336. 105. 120. 263. 293.] | diff. eff.:0.8517176633897373
2026-03-18 17:13:19,771 - AEMSOlogs - INFO - RCWA eval:[317. 365.  30. 138. 244. 323.] | diff. eff.:0.8218764703908047
2026-03-18 17:13:19,865 - AEMSOlogs - INFO - RCWA eval:[349. 379.  91.  74. 279. 273.] | diff. eff.:0.7839844138976663
2026-03-18 17:13:19,967 - AEMSOlogs - INFO - RCWA eval:[298. 355. 103. 102. 262. 277.] | diff. eff.:0.6554149967297819
2026-03-18 17:13:20,025 - AEMSOlogs - INFO - RCWA eval:[325. 372. 141. 119. 280. 308.] | diff. eff.:0.870236042580981
2026-03-18 17:13:20,084 - AEMSOlogs - INFO - RCWA eval:[341. 381.  93.  87. 254. 276.] | diff. eff.:0.7323121904105503
2026-03-18 17:13:20,165 - AEMSOlogs - INFO - RCWA eval:[297. 334.  20.  81. 285. 316.] | diff. eff.:0.572356005458968
2026-03-18 17:13:20,398 - AEMSOlogs - INFO - RCWA eval:[303. 339.  98. 108. 282. 291.] | diff. eff.:0.686499738606731
2026-03-18 17:13:20,463 - AEMSOlogs - INFO - RCWA eval:[338. 375.  97.  84. 250. 308.] | diff. eff.:0.8675011476280099
2026-03-18 17:13:20,501 - AEMSOlogs - INFO - RCWA eval:[326. 367.  22. 102. 214. 304.] | diff. eff.:0.8130719969666945
2026-03-18 17:13:20,525 - AEMSOlogs - INFO - RCWA eval:[346. 354.  88.  24. 300. 296.] | diff. eff.:0.7743006517966189
2026-03-18 17:13:20,566 - AEMSOlogs - INFO - RCWA eval:[325. 360.  87. 114. 249. 275.] | diff. eff.:0.7489905852283454
2026-03-18 17:13:20,646 - AEMSOlogs - INFO - RCWA eval:[296. 346. 100.  78. 251. 280.] | diff. eff.:0.7045657390184509
2026-03-18 17:13:20,728 - AEMSOlogs - INFO - RCWA eval:[283. 358.  37.  81. 267. 263.] | diff. eff.:0.6510544198363615
2026-03-18 17:13:20,745 - AEMSOlogs - INFO - Iteration 28: Best Y = -0.9212210704510566 at x = [0.71783347 0.7810819  0.05568239 0.17574504 0.56162247 0.64487556]
2026-03-18 17:13:20,748 - AEMSOlogs - INFO - Working on simulations...
2026-03-18 17:14:04,158 - AEMSOlogs - INFO - RCWA eval:[316. 381. 157. 126. 293. 314.] | diff. eff.:0.6882911664633287
2026-03-18 17:14:04,163 - AEMSOlogs - INFO - RCWA eval:[306. 368. 118. 159. 255. 335.] | diff. eff.:0.705533609113532
2026-03-18 17:14:04,234 - AEMSOlogs - INFO - RCWA eval:[327. 355. 100.  93. 292. 295.] | diff. eff.:0.8413138756599614
2026-03-18 17:14:04,308 - AEMSOlogs - INFO - RCWA eval:[326. 353.  85. 103. 254. 299.] | diff. eff.:0.9119235237261957
2026-03-18 17:14:04,321 - AEMSOlogs - INFO - RCWA eval:[326. 385. 108. 152. 251. 314.] | diff. eff.:0.7739960273227526
2026-03-18 17:14:04,348 - AEMSOlogs - INFO - RCWA eval:[341. 365.  63. 149. 265. 297.] | diff. eff.:0.925944506899464
2026-03-18 17:14:04,356 - AEMSOlogs - INFO - RCWA eval:[338. 362.  81. 104. 271. 319.] | diff. eff.:0.8938998279097798
2026-03-18 17:14:04,398 - AEMSOlogs - INFO - RCWA eval:[343. 392.  86. 155. 238. 367.] | diff. eff.:0.27502304695171675
2026-03-18 17:14:04,567 - AEMSOlogs - INFO - RCWA eval:[324. 392. 135. 120. 275. 332.] | diff. eff.:0.44667006687170835
2026-03-18 17:14:04,735 - AEMSOlogs - INFO - RCWA eval:[336. 379. 108. 158. 259. 287.] | diff. eff.:0.8051120542252689
2026-03-18 17:14:04,753 - AEMSOlogs - INFO - RCWA eval:[294. 356.  66.  82. 251. 332.] | diff. eff.:0.6743276479713116
2026-03-18 17:14:04,779 - AEMSOlogs - INFO - RCWA eval:[345. 359.  89.  67. 282. 286.] | diff. eff.:0.8719364575753518
2026-03-18 17:14:04,819 - AEMSOlogs - INFO - RCWA eval:[317. 370. 119. 150. 224. 340.] | diff. eff.:0.6150787211502075
2026-03-18 17:14:04,898 - AEMSOlogs - INFO - RCWA eval:[343. 393. 111. 168. 241. 324.] | diff. eff.:0.6593494967386715
2026-03-18 17:14:04,915 - AEMSOlogs - INFO - Iteration 29: Best Y = -0.925944506899464 at x = [0.7458939  0.80169873 0.10066519 0.30022426 0.57066369 0.64446508]
2026-03-18 17:14:04,918 - AEMSOlogs - INFO - Working on simulations...
2026-03-18 17:14:48,403 - AEMSOlogs - INFO - RCWA eval:[322. 371.  30. 201. 209. 309.] | diff. eff.:0.7997257802379069
2026-03-18 17:14:48,463 - AEMSOlogs - INFO - RCWA eval:[333. 345.  26. 125. 240. 324.] | diff. eff.:0.7186371054320587
2026-03-18 17:14:48,478 - AEMSOlogs - INFO - RCWA eval:[373. 363.  67.  69. 283. 313.] | diff. eff.:0.5512422691000821
2026-03-18 17:14:48,556 - AEMSOlogs - INFO - RCWA eval:[319. 340.  59.  92. 281. 281.] | diff. eff.:0.6825627243165489
2026-03-18 17:14:48,568 - AEMSOlogs - INFO - RCWA eval:[363. 369. 106. 193. 271. 286.] | diff. eff.:0.625898524670921
2026-03-18 17:14:48,604 - AEMSOlogs - INFO - RCWA eval:[352. 367.  49.  86. 277. 284.] | diff. eff.:0.8242735744531036
2026-03-18 17:14:48,859 - AEMSOlogs - INFO - RCWA eval:[321. 353.  98. 147. 270. 303.] | diff. eff.:0.9073186922752531
2026-03-18 17:14:48,924 - AEMSOlogs - INFO - RCWA eval:[323. 350.  72.  87. 253. 322.] | diff. eff.:0.8110027859774197
2026-03-18 17:14:48,929 - AEMSOlogs - INFO - RCWA eval:[339. 369. 133.  78. 294. 283.] | diff. eff.:0.808953386186383
2026-03-18 17:14:48,955 - AEMSOlogs - INFO - RCWA eval:[340. 342.  55. 133. 249. 286.] | diff. eff.:0.8194757652945497
2026-03-18 17:14:49,056 - AEMSOlogs - INFO - RCWA eval:[349. 374. 161. 141. 287. 277.] | diff. eff.:0.8389560184075056
2026-03-18 17:14:49,067 - AEMSOlogs - INFO - RCWA eval:[336. 362.  95.  34. 281. 308.] | diff. eff.:0.926492427012289
2026-03-18 17:14:49,073 - AEMSOlogs - INFO - RCWA eval:[334. 351.  88. 144. 261. 292.] | diff. eff.:0.9032032166429835
2026-03-18 17:14:49,085 - AEMSOlogs - INFO - RCWA eval:[349. 347. 106.  36. 290. 325.] | diff. eff.:0.6704215971013373
2026-03-18 17:14:49,106 - AEMSOlogs - INFO - Iteration 30: Best Y = -0.926492427012289 at x = [0.73498952 0.79571028 0.17385724 0.03351239 0.60718025 0.67039241]
2026-03-18 17:14:49,111 - AEMSOlogs - INFO - Working on simulations...
2026-03-18 17:15:32,520 - AEMSOlogs - INFO - RCWA eval:[322. 348.  94. 118. 274. 306.] | diff. eff.:0.8810566672476662
2026-03-18 17:15:32,558 - AEMSOlogs - INFO - RCWA eval:[334. 349. 114.  84. 277. 315.] | diff. eff.:0.8619847639816018
2026-03-18 17:15:32,722 - AEMSOlogs - INFO - RCWA eval:[361. 358. 189. 101. 280. 293.] | diff. eff.:0.5817818256002979
2026-03-18 17:15:32,752 - AEMSOlogs - INFO - RCWA eval:[313. 364.  73.  83. 293. 296.] | diff. eff.:0.7449577675834469
2026-03-18 17:15:32,788 - AEMSOlogs - INFO - RCWA eval:[334. 363. 105. 169. 237. 333.] | diff. eff.:0.7414723681104306
2026-03-18 17:15:32,955 - AEMSOlogs - INFO - RCWA eval:[355. 370. 173.  76. 292. 252.] | diff. eff.:0.6667896688044599
2026-03-18 17:15:33,059 - AEMSOlogs - INFO - RCWA eval:[327. 353.  57.  80. 261. 316.] | diff. eff.:0.8755392237073709
2026-03-18 17:15:33,101 - AEMSOlogs - INFO - RCWA eval:[338. 381. 150. 117. 302. 312.] | diff. eff.:0.7783696932820341
2026-03-18 17:15:33,134 - AEMSOlogs - INFO - RCWA eval:[306. 334.  74.  89. 261. 311.] | diff. eff.:0.7381622352200226
2026-03-18 17:15:33,161 - AEMSOlogs - INFO - RCWA eval:[346. 348.  83.  74. 273. 305.] | diff. eff.:0.8343071300666437
2026-03-18 17:15:33,200 - AEMSOlogs - INFO - RCWA eval:[338. 360. 111.  33. 306. 271.] | diff. eff.:0.6119831666490096
2026-03-18 17:15:33,208 - AEMSOlogs - INFO - RCWA eval:[314. 351.  65.  87. 278. 298.] | diff. eff.:0.8623371369767161
2026-03-18 17:15:33,210 - AEMSOlogs - INFO - RCWA eval:[325. 350.  78. 119. 272. 305.] | diff. eff.:0.9023486727630855
2026-03-18 17:15:33,353 - AEMSOlogs - INFO - RCWA eval:[356. 373. 143.  65. 267. 269.] | diff. eff.:0.6407697952549251
2026-03-18 17:15:33,370 - AEMSOlogs - INFO - Iteration 31: Best Y = -0.926492427012289 at x = [0.73498952 0.79571028 0.17385724 0.03351239 0.60718025 0.67039241]
2026-03-18 17:15:33,374 - AEMSOlogs - INFO - Working on simulations...
2026-03-18 17:16:16,850 - AEMSOlogs - INFO - RCWA eval:[314. 334.  59. 116. 262. 324.] | diff. eff.:0.6822946682348933
2026-03-18 17:16:16,873 - AEMSOlogs - INFO - RCWA eval:[343. 361.  99. 122. 276. 311.] | diff. eff.:0.9146030005208874
2026-03-18 17:16:16,972 - AEMSOlogs - INFO - RCWA eval:[324. 355.  98.  99. 251. 278.] | diff. eff.:0.8112424385870691
2026-03-18 17:16:16,976 - AEMSOlogs - INFO - RCWA eval:[348. 350.  56.  84. 267. 308.] | diff. eff.:0.7918106330017968
2026-03-18 17:16:16,999 - AEMSOlogs - INFO - RCWA eval:[324. 341. 106. 139. 269. 301.] | diff. eff.:0.8552570951707582
2026-03-18 17:16:17,056 - AEMSOlogs - INFO - RCWA eval:[306. 346.  96.  97. 265. 295.] | diff. eff.:0.8279497789992264
2026-03-18 17:16:17,297 - AEMSOlogs - INFO - RCWA eval:[335. 365.  95. 125. 279. 317.] | diff. eff.:0.9174719700966043
2026-03-18 17:16:17,361 - AEMSOlogs - INFO - RCWA eval:[316. 349.  84.  95. 277. 310.] | diff. eff.:0.8523089034730716
2026-03-18 17:16:17,422 - AEMSOlogs - INFO - RCWA eval:[314. 327.  84.  97. 256. 305.] | diff. eff.:0.7549014853995349
2026-03-18 17:16:17,443 - AEMSOlogs - INFO - RCWA eval:[307. 347.  40.  41. 269. 299.] | diff. eff.:0.835634118278496
2026-03-18 17:16:17,472 - AEMSOlogs - INFO - RCWA eval:[321. 348.  68.  95. 299. 311.] | diff. eff.:0.7450252020289974
2026-03-18 17:16:17,472 - AEMSOlogs - INFO - RCWA eval:[342. 345.  70. 104. 290. 323.] | diff. eff.:0.705615120236522
2026-03-18 17:16:17,498 - AEMSOlogs - INFO - RCWA eval:[340. 346.  53. 129. 252. 302.] | diff. eff.:0.8482511132058504
2026-03-18 17:16:17,617 - AEMSOlogs - INFO - RCWA eval:[322. 338.  79. 113. 272. 262.] | diff. eff.:0.6380910554202793
2026-03-18 17:16:17,634 - AEMSOlogs - INFO - Iteration 32: Best Y = -0.926492427012289 at x = [0.73498952 0.79571028 0.17385724 0.03351239 0.60718025 0.67039241]
2026-03-18 17:16:17,638 - AEMSOlogs - INFO - Working on simulations...
2026-03-18 17:17:00,857 - AEMSOlogs - INFO - RCWA eval:[325. 345. 110. 118. 269. 286.] | diff. eff.:0.8588164096370955
2026-03-18 17:17:01,127 - AEMSOlogs - INFO - RCWA eval:[351. 362. 147. 144. 276. 287.] | diff. eff.:0.8285732615285019
2026-03-18 17:17:01,165 - AEMSOlogs - INFO - RCWA eval:[333. 347.  67. 104. 274. 326.] | diff. eff.:0.7661074631041138
2026-03-18 17:17:01,178 - AEMSOlogs - INFO - RCWA eval:[344. 362. 117.  92. 285. 318.] | diff. eff.:0.8796670503664061
2026-03-18 17:17:01,197 - AEMSOlogs - INFO - RCWA eval:[330. 370. 147. 146. 284. 328.] | diff. eff.:0.822613194801977
2026-03-18 17:17:01,213 - AEMSOlogs - INFO - RCWA eval:[338. 362.  58. 136. 267. 294.] | diff. eff.:0.9208290471395028
2026-03-18 17:17:01,561 - AEMSOlogs - INFO - RCWA eval:[368. 377. 151. 140. 295. 314.] | diff. eff.:0.6624101400729924
2026-03-18 17:17:01,602 - AEMSOlogs - INFO - RCWA eval:[337. 355.  90. 156. 288. 292.] | diff. eff.:0.8681304301604434
2026-03-18 17:17:01,602 - AEMSOlogs - INFO - RCWA eval:[330. 348. 136. 116. 288. 315.] | diff. eff.:0.8261711447423766
2026-03-18 17:17:01,682 - AEMSOlogs - INFO - RCWA eval:[329. 344.  53. 103. 282. 305.] | diff. eff.:0.8450379727206726
2026-03-18 17:17:01,740 - AEMSOlogs - INFO - RCWA eval:[334. 355.  99. 119. 260. 303.] | diff. eff.:0.9209929648868281
2026-03-18 17:17:01,748 - AEMSOlogs - INFO - RCWA eval:[344. 357. 118. 128. 264. 288.] | diff. eff.:0.8951306441004173
2026-03-18 17:17:01,754 - AEMSOlogs - INFO - RCWA eval:[347. 348.  71. 158. 283. 313.] | diff. eff.:0.7593338178324779
2026-03-18 17:17:01,773 - AEMSOlogs - INFO - RCWA eval:[341. 342. 115.  85. 300. 304.] | diff. eff.:0.7238607736693039
2026-03-18 17:17:01,800 - AEMSOlogs - INFO - Iteration 33: Best Y = -0.926492427012289 at x = [0.73498952 0.79571028 0.17385724 0.03351239 0.60718025 0.67039241]
2026-03-18 17:17:01,803 - AEMSOlogs - INFO - Working on simulations...
2026-03-18 17:17:45,272 - AEMSOlogs - INFO - RCWA eval:[337. 357.  91. 146. 263. 307.] | diff. eff.:0.9206010966072008
2026-03-18 17:17:45,304 - AEMSOlogs - INFO - RCWA eval:[347. 359.  65. 123. 271. 257.] | diff. eff.:0.6389302388743086
2026-03-18 17:17:45,320 - AEMSOlogs - INFO - RCWA eval:[334. 354. 131. 102. 275. 284.] | diff. eff.:0.8803323153080646
2026-03-18 17:17:45,360 - AEMSOlogs - INFO - RCWA eval:[334. 341.  87.  97. 295. 291.] | diff. eff.:0.7415581602237193
2026-03-18 17:17:45,400 - AEMSOlogs - INFO - RCWA eval:[341. 369. 106. 145. 257. 301.] | diff. eff.:0.903642508676898
2026-03-18 17:17:45,524 - AEMSOlogs - INFO - RCWA eval:[347. 353.  97. 135. 264. 295.] | diff. eff.:0.8647639411135436
2026-03-18 17:17:45,569 - AEMSOlogs - INFO - RCWA eval:[336. 361. 128. 144. 295. 284.] | diff. eff.:0.7991528172201998
2026-03-18 17:17:45,778 - AEMSOlogs - INFO - RCWA eval:[328. 355. 124. 160. 286. 311.] | diff. eff.:0.8895352038563689
2026-03-18 17:17:45,781 - AEMSOlogs - INFO - RCWA eval:[341. 342.  85. 126. 255. 289.] | diff. eff.:0.852152835300746
2026-03-18 17:17:45,890 - AEMSOlogs - INFO - RCWA eval:[322. 356. 121. 132. 252. 289.] | diff. eff.:0.8692557405874424
2026-03-18 17:17:45,898 - AEMSOlogs - INFO - RCWA eval:[313. 352.  92. 106. 260. 304.] | diff. eff.:0.8810842345866785
2026-03-18 17:17:45,916 - AEMSOlogs - INFO - RCWA eval:[335. 348.  77. 120. 250. 305.] | diff. eff.:0.8702600745705854
2026-03-18 17:17:45,943 - AEMSOlogs - INFO - RCWA eval:[350. 372. 109. 124. 272. 273.] | diff. eff.:0.8088391628912158
2026-03-18 17:17:45,946 - AEMSOlogs - INFO - RCWA eval:[362. 369.  88. 106. 272. 287.] | diff. eff.:0.6188098183940258
2026-03-18 17:17:45,962 - AEMSOlogs - INFO - Iteration 34: Best Y = -0.926492427012289 at x = [0.73498952 0.79571028 0.17385724 0.03351239 0.60718025 0.67039241]
2026-03-18 17:17:45,966 - AEMSOlogs - INFO - Working on simulations...
2026-03-18 17:18:29,449 - AEMSOlogs - INFO - RCWA eval:[342. 360.  93. 162. 239. 287.] | diff. eff.:0.8443207965601889
2026-03-18 17:18:29,473 - AEMSOlogs - INFO - RCWA eval:[330. 351. 164. 166. 271. 304.] | diff. eff.:0.9048628192379603
2026-03-18 17:18:29,489 - AEMSOlogs - INFO - RCWA eval:[334. 354.  84. 120. 271. 297.] | diff. eff.:0.9268347535637157
2026-03-18 17:18:29,533 - AEMSOlogs - INFO - RCWA eval:[346. 363. 118. 164. 262. 322.] | diff. eff.:0.8365627517924421
2026-03-18 17:18:29,567 - AEMSOlogs - INFO - RCWA eval:[328. 364. 101. 134. 272. 309.] | diff. eff.:0.9256451538451931
2026-03-18 17:18:29,612 - AEMSOlogs - INFO - RCWA eval:[335. 366.  78. 135. 275. 318.] | diff. eff.:0.9167852889894628
2026-03-18 17:18:29,830 - AEMSOlogs - INFO - RCWA eval:[332. 357.  96. 159. 286. 318.] | diff. eff.:0.8834091271380718
2026-03-18 17:18:29,939 - AEMSOlogs - INFO - RCWA eval:[330. 340.  77. 121. 243. 315.] | diff. eff.:0.7675489915865664
2026-03-18 17:18:29,983 - AEMSOlogs - INFO - RCWA eval:[343. 372. 110. 123. 272. 322.] | diff. eff.:0.8802526767832487
2026-03-18 17:18:30,010 - AEMSOlogs - INFO - RCWA eval:[346. 356.  96. 173. 256. 324.] | diff. eff.:0.7667403781580304
2026-03-18 17:18:30,048 - AEMSOlogs - INFO - RCWA eval:[358. 370.  96. 152. 268. 310.] | diff. eff.:0.7365032712562282
2026-03-18 17:18:30,059 - AEMSOlogs - INFO - RCWA eval:[345. 361. 108. 139. 254. 322.] | diff. eff.:0.8017735731333286
2026-03-18 17:18:30,070 - AEMSOlogs - INFO - RCWA eval:[322. 357. 106. 144. 270. 303.] | diff. eff.:0.9161488864150483
2026-03-18 17:18:30,093 - AEMSOlogs - INFO - RCWA eval:[338. 359.  54. 111. 260. 306.] | diff. eff.:0.9159753623993706
2026-03-18 17:18:30,110 - AEMSOlogs - INFO - Iteration 35: Best Y = -0.9268347535637157 at x = [0.72947351 0.77672443 0.1497109  0.23194323 0.58458189 0.64454382]
2026-03-18 17:18:30,113 - AEMSOlogs - INFO - Working on simulations...
2026-03-18 17:19:13,555 - AEMSOlogs - INFO - RCWA eval:[325. 361.  86. 136. 270. 306.] | diff. eff.:0.9248100909567851
2026-03-18 17:19:13,577 - AEMSOlogs - INFO - RCWA eval:[327. 355. 107. 140. 253. 307.] | diff. eff.:0.9001124114788507
2026-03-18 17:19:13,670 - AEMSOlogs - INFO - RCWA eval:[327. 354. 105. 130. 263. 315.] | diff. eff.:0.8821473850186451
2026-03-18 17:19:13,674 - AEMSOlogs - INFO - RCWA eval:[335. 360. 107. 151. 277. 280.] | diff. eff.:0.8455165646357141
2026-03-18 17:19:13,682 - AEMSOlogs - INFO - RCWA eval:[318. 351.  77. 146. 241. 290.] | diff. eff.:0.863752866454603
2026-03-18 17:19:13,726 - AEMSOlogs - INFO - RCWA eval:[335. 356.  82.  90. 270. 295.] | diff. eff.:0.9274854689446415
2026-03-18 17:19:14,094 - AEMSOlogs - INFO - RCWA eval:[341. 372.  76. 129. 270. 309.] | diff. eff.:0.9262948295250432
2026-03-18 17:19:14,171 - AEMSOlogs - INFO - RCWA eval:[333. 365.  99. 126. 278. 327.] | diff. eff.:0.8657761458090456
2026-03-18 17:19:14,175 - AEMSOlogs - INFO - RCWA eval:[336. 354.  88.  76. 269. 283.] | diff. eff.:0.8674987755037102
2026-03-18 17:19:14,181 - AEMSOlogs - INFO - RCWA eval:[337. 361.  96. 173. 257. 310.] | diff. eff.:0.9137129939026468
2026-03-18 17:19:14,205 - AEMSOlogs - INFO - RCWA eval:[332. 358.  74. 131. 259. 304.] | diff. eff.:0.9236449027791847
2026-03-18 17:19:14,210 - AEMSOlogs - INFO - RCWA eval:[330. 362.  95. 147. 263. 318.] | diff. eff.:0.8966303411529839
2026-03-18 17:19:14,210 - AEMSOlogs - INFO - RCWA eval:[336. 360.  99. 115. 263. 295.] | diff. eff.:0.92249407866813
2026-03-18 17:19:14,324 - AEMSOlogs - INFO - RCWA eval:[326. 362.  67. 146. 254. 294.] | diff. eff.:0.8826013904989308
2026-03-18 17:19:14,340 - AEMSOlogs - INFO - Iteration 36: Best Y = -0.9274854689446415 at x = [0.73276346 0.78057597 0.14488872 0.16255731 0.58215572 0.63969131]
2026-03-18 17:19:14,345 - AEMSOlogs - INFO - Working on simulations...
2026-03-18 17:19:57,806 - AEMSOlogs - INFO - RCWA eval:[335. 355.  88.  91. 268. 302.] | diff. eff.:0.931651061345944
2026-03-18 17:19:57,881 - AEMSOlogs - INFO - RCWA eval:[329. 364.  77. 137. 277. 321.] | diff. eff.:0.8984259414943897
2026-03-18 17:19:57,913 - AEMSOlogs - INFO - RCWA eval:[334. 361. 106. 123. 257. 293.] | diff. eff.:0.901735038100206
2026-03-18 17:19:57,993 - AEMSOlogs - INFO - RCWA eval:[335. 363.  57.  64. 268. 286.] | diff. eff.:0.85133710220938
2026-03-18 17:19:58,003 - AEMSOlogs - INFO - RCWA eval:[334. 354. 102. 133. 254. 283.] | diff. eff.:0.8603608140975111
2026-03-18 17:19:58,054 - AEMSOlogs - INFO - RCWA eval:[347. 368. 120.  94. 271. 297.] | diff. eff.:0.9032016077978475
2026-03-18 17:19:58,225 - AEMSOlogs - INFO - RCWA eval:[334. 363. 105. 154. 259. 298.] | diff. eff.:0.9148772739448
2026-03-18 17:19:58,358 - AEMSOlogs - INFO - RCWA eval:[335. 363.  81. 110. 281. 312.] | diff. eff.:0.926460122659605
2026-03-18 17:19:58,391 - AEMSOlogs - INFO - RCWA eval:[328. 357.  77. 117. 270. 305.] | diff. eff.:0.9301525517082783
2026-03-18 17:19:58,395 - AEMSOlogs - INFO - RCWA eval:[348. 361. 102.  97. 288. 298.] | diff. eff.:0.8717163865249071
2026-03-18 17:19:58,414 - AEMSOlogs - INFO - RCWA eval:[338. 362. 108. 120. 264. 286.] | diff. eff.:0.8883738761030858
2026-03-18 17:19:58,544 - AEMSOlogs - INFO - RCWA eval:[342. 364.  94. 129. 277. 287.] | diff. eff.:0.9028633865092895
2026-03-18 17:19:58,557 - AEMSOlogs - INFO - RCWA eval:[335. 364.  61. 123. 265. 320.] | diff. eff.:0.8905680574449457
2026-03-18 17:19:58,728 - AEMSOlogs - INFO - RCWA eval:[342. 359.  80. 147. 280. 303.] | diff. eff.:0.927811641362895
2026-03-18 17:19:58,745 - AEMSOlogs - INFO - Iteration 37: Best Y = -0.931651061345944 at x = [0.73239721 0.7781571  0.15751117 0.16512859 0.57559307 0.65489603]
2026-03-18 17:19:58,749 - AEMSOlogs - INFO - Working on simulations...
2026-03-18 17:20:42,195 - AEMSOlogs - INFO - RCWA eval:[330. 356.  81. 102. 274. 296.] | diff. eff.:0.9216615758205778
2026-03-18 17:20:42,216 - AEMSOlogs - INFO - RCWA eval:[331. 352.  76. 128. 264. 302.] | diff. eff.:0.9189084102167608
2026-03-18 17:20:42,264 - AEMSOlogs - INFO - RCWA eval:[331. 353.  92. 116. 273. 296.] | diff. eff.:0.9200138198329842
2026-03-18 17:20:42,336 - AEMSOlogs - INFO - RCWA eval:[341. 360.  91. 146. 266. 305.] | diff. eff.:0.9272241354847152
2026-03-18 17:20:42,344 - AEMSOlogs - INFO - RCWA eval:[353. 367.  88. 138. 284. 293.] | diff. eff.:0.8394174065335596
2026-03-18 17:20:42,355 - AEMSOlogs - INFO - RCWA eval:[334. 362.  89. 134. 283. 305.] | diff. eff.:0.932088368623092
2026-03-18 17:20:42,692 - AEMSOlogs - INFO - RCWA eval:[340. 364. 101. 137. 278. 306.] | diff. eff.:0.9437838261533117
2026-03-18 17:20:42,706 - AEMSOlogs - INFO - RCWA eval:[330. 357.  84. 112. 281. 307.] | diff. eff.:0.9202632727546446
2026-03-18 17:20:42,819 - AEMSOlogs - INFO - RCWA eval:[330. 355.  86.  89. 274. 295.] | diff. eff.:0.9188271909103422
2026-03-18 17:20:42,858 - AEMSOlogs - INFO - RCWA eval:[338. 356.  75. 108. 268. 301.] | diff. eff.:0.9297999254074852
2026-03-18 17:20:42,868 - AEMSOlogs - INFO - RCWA eval:[337. 345.  75. 113. 261. 285.] | diff. eff.:0.8563359407757369
2026-03-18 17:20:42,877 - AEMSOlogs - INFO - RCWA eval:[338. 358.  96.  85. 264. 297.] | diff. eff.:0.9290921542811772
2026-03-18 17:20:42,924 - AEMSOlogs - INFO - RCWA eval:[331. 360. 126. 126. 269. 304.] | diff. eff.:0.9328506071479615
2026-03-18 17:20:42,932 - AEMSOlogs - INFO - RCWA eval:[343. 363.  61. 121. 261. 290.] | diff. eff.:0.8949488436567595
2026-03-18 17:20:42,949 - AEMSOlogs - INFO - Iteration 38: Best Y = -0.9437838261533117 at x = [0.74491201 0.80070547 0.18912256 0.27248268 0.59902516 0.66439876]
2026-03-18 17:20:42,953 - AEMSOlogs - INFO - Working on simulations...
2026-03-18 17:21:26,247 - AEMSOlogs - INFO - RCWA eval:[340. 360.  80. 103. 271. 298.] | diff. eff.:0.9348152281972231
2026-03-18 17:21:26,507 - AEMSOlogs - INFO - RCWA eval:[334. 366. 128. 145. 262. 305.] | diff. eff.:0.9185818570089022
2026-03-18 17:21:26,539 - AEMSOlogs - INFO - RCWA eval:[329. 361. 109. 129. 268. 308.] | diff. eff.:0.9272873175121054
2026-03-18 17:21:26,577 - AEMSOlogs - INFO - RCWA eval:[336. 370.  97. 146. 271. 300.] | diff. eff.:0.9222199800168916
2026-03-18 17:21:26,606 - AEMSOlogs - INFO - RCWA eval:[335. 358.  74. 113. 267. 303.] | diff. eff.:0.9349175424698107
2026-03-18 17:21:26,624 - AEMSOlogs - INFO - RCWA eval:[340. 359. 117. 134. 280. 306.] | diff. eff.:0.9318732288807676
2026-03-18 17:21:26,894 - AEMSOlogs - INFO - RCWA eval:[334. 360. 104. 153. 282. 303.] | diff. eff.:0.9337250658264726
2026-03-18 17:21:27,036 - AEMSOlogs - INFO - RCWA eval:[335. 359.  72. 114. 259. 306.] | diff. eff.:0.9193594625224064
2026-03-18 17:21:27,046 - AEMSOlogs - INFO - RCWA eval:[329. 359. 100. 119. 274. 304.] | diff. eff.:0.9323690349456188
2026-03-18 17:21:27,048 - AEMSOlogs - INFO - RCWA eval:[337. 361. 104. 137. 270. 309.] | diff. eff.:0.9342369667589862
2026-03-18 17:21:27,054 - AEMSOlogs - INFO - RCWA eval:[332. 362. 124. 140. 274. 310.] | diff. eff.:0.9334082188721534
2026-03-18 17:21:27,059 - AEMSOlogs - INFO - RCWA eval:[337. 359. 112. 128. 270. 304.] | diff. eff.:0.9383686089361261
2026-03-18 17:21:27,059 - AEMSOlogs - INFO - RCWA eval:[345. 359.  85. 110. 269. 305.] | diff. eff.:0.9012286811054554
2026-03-18 17:21:27,170 - AEMSOlogs - INFO - RCWA eval:[339. 357.  95.  85. 267. 308.] | diff. eff.:0.9164956036654134
2026-03-18 17:21:27,189 - AEMSOlogs - INFO - Iteration 39: Best Y = -0.9437838261533117 at x = [0.74491201 0.80070547 0.18912256 0.27248268 0.59902516 0.66439876]
2026-03-18 17:21:27,194 - AEMSOlogs - INFO - Working on simulations...
2026-03-18 17:22:10,574 - AEMSOlogs - INFO - RCWA eval:[336. 358. 109. 151. 275. 304.] | diff. eff.:0.9398985828556875
2026-03-18 17:22:10,693 - AEMSOlogs - INFO - RCWA eval:[332. 357.  90. 129. 273. 308.] | diff. eff.:0.9301639726985673
2026-03-18 17:22:10,740 - AEMSOlogs - INFO - RCWA eval:[335. 356. 107. 125. 271. 315.] | diff. eff.:0.8985046961552011
2026-03-18 17:22:10,743 - AEMSOlogs - INFO - RCWA eval:[337. 367. 113. 131. 276. 307.] | diff. eff.:0.9404679024761345
2026-03-18 17:22:10,825 - AEMSOlogs - INFO - RCWA eval:[343. 359. 116. 111. 272. 308.] | diff. eff.:0.9131880201709349
2026-03-18 17:22:10,879 - AEMSOlogs - INFO - RCWA eval:[335. 361.  85. 124. 274. 310.] | diff. eff.:0.9345918691387811
2026-03-18 17:22:11,052 - AEMSOlogs - INFO - RCWA eval:[347. 363.  84. 102. 274. 299.] | diff. eff.:0.9069477657698239
2026-03-18 17:22:11,138 - AEMSOlogs - INFO - RCWA eval:[331. 358.  87. 129. 255. 304.] | diff. eff.:0.9152963245455255
2026-03-18 17:22:11,190 - AEMSOlogs - INFO - RCWA eval:[339. 360. 113. 145. 269. 304.] | diff. eff.:0.9380052810113151
2026-03-18 17:22:11,204 - AEMSOlogs - INFO - RCWA eval:[330. 358.  95. 114. 269. 303.] | diff. eff.:0.9335097046827843
2026-03-18 17:22:11,205 - AEMSOlogs - INFO - RCWA eval:[339. 359. 104. 115. 279. 309.] | diff. eff.:0.9266646852789607
2026-03-18 17:22:11,243 - AEMSOlogs - INFO - RCWA eval:[333. 366. 103. 126. 269. 303.] | diff. eff.:0.9285728770707883
2026-03-18 17:22:11,281 - AEMSOlogs - INFO - RCWA eval:[339. 362. 112. 134. 273. 307.] | diff. eff.:0.9399657360301868
2026-03-18 17:22:11,305 - AEMSOlogs - INFO - RCWA eval:[341. 362. 103. 116. 280. 307.] | diff. eff.:0.9336426019438806
2026-03-18 17:22:11,323 - AEMSOlogs - INFO - Iteration 40: Best Y = -0.9437838261533117 at x = [0.74491201 0.80070547 0.18912256 0.27248268 0.59902516 0.66439876]
2026-03-18 17:22:11,327 - AEMSOlogs - INFO - Working on simulations...
2026-03-18 17:22:54,793 - AEMSOlogs - INFO - RCWA eval:[336. 364. 108. 136. 266. 308.] | diff. eff.:0.9312525114967887
2026-03-18 17:22:54,801 - AEMSOlogs - INFO - RCWA eval:[336. 360.  98. 121. 276. 300.] | diff. eff.:0.9395373176129689
2026-03-18 17:22:54,908 - AEMSOlogs - INFO - RCWA eval:[342. 364. 101. 111. 276. 301.] | diff. eff.:0.938421391278036
2026-03-18 17:22:54,909 - AEMSOlogs - INFO - RCWA eval:[341. 365. 116. 139. 259. 300.] | diff. eff.:0.9144681011697322
2026-03-18 17:22:54,924 - AEMSOlogs - INFO - RCWA eval:[340. 365.  99. 125. 289. 314.] | diff. eff.:0.9082448290488178
2026-03-18 17:22:54,949 - AEMSOlogs - INFO - RCWA eval:[335. 364. 106. 130. 282. 303.] | diff. eff.:0.9340104842732786
2026-03-18 17:22:55,184 - AEMSOlogs - INFO - RCWA eval:[336. 362. 103. 153. 275. 316.] | diff. eff.:0.9227588202502541
2026-03-18 17:22:55,267 - AEMSOlogs - INFO - RCWA eval:[338. 369. 107. 148. 272. 311.] | diff. eff.:0.9343654531216984
2026-03-18 17:22:55,350 - AEMSOlogs - INFO - RCWA eval:[334. 356. 106. 111. 264. 307.] | diff. eff.:0.9211316343983512
2026-03-18 17:22:55,366 - AEMSOlogs - INFO - RCWA eval:[336. 366. 115. 133. 255. 304.] | diff. eff.:0.9046691922561705
2026-03-18 17:22:55,403 - AEMSOlogs - INFO - RCWA eval:[338. 364. 114. 114. 274. 306.] | diff. eff.:0.9411268210259834
2026-03-18 17:22:55,420 - AEMSOlogs - INFO - RCWA eval:[332. 359. 104. 136. 277. 306.] | diff. eff.:0.9360497786603765
2026-03-18 17:22:55,426 - AEMSOlogs - INFO - RCWA eval:[332. 360. 110. 114. 277. 307.] | diff. eff.:0.9339970231639358
2026-03-18 17:22:55,442 - AEMSOlogs - INFO - RCWA eval:[338. 362.  88. 130. 265. 299.] | diff. eff.:0.9320957734727571
2026-03-18 17:22:55,459 - AEMSOlogs - INFO - Iteration 41: Best Y = -0.9437838261533117 at x = [0.74491201 0.80070547 0.18912256 0.27248268 0.59902516 0.66439876]
2026-03-18 17:22:55,464 - AEMSOlogs - INFO - Working on simulations...
2026-03-18 17:23:38,842 - AEMSOlogs - INFO - RCWA eval:[331. 363. 101. 134. 271. 308.] | diff. eff.:0.9337121532236065
2026-03-18 17:23:38,907 - AEMSOlogs - INFO - RCWA eval:[332. 361. 102. 113. 274. 305.] | diff. eff.:0.9370141282017013
2026-03-18 17:23:38,942 - AEMSOlogs - INFO - RCWA eval:[342. 360. 101. 113. 278. 298.] | diff. eff.:0.9311253202528641
2026-03-18 17:23:39,049 - AEMSOlogs - INFO - RCWA eval:[338. 364. 103. 120. 273. 307.] | diff. eff.:0.9402167521087972
2026-03-18 17:23:39,098 - AEMSOlogs - INFO - RCWA eval:[340. 366. 124. 106. 278. 302.] | diff. eff.:0.9406318642932339
2026-03-18 17:23:39,138 - AEMSOlogs - INFO - RCWA eval:[344. 367. 107. 140. 278. 305.] | diff. eff.:0.9382186142022758
2026-03-18 17:23:39,335 - AEMSOlogs - INFO - RCWA eval:[339. 365. 103. 135. 280. 310.] | diff. eff.:0.9388900709789896
2026-03-18 17:23:39,380 - AEMSOlogs - INFO - RCWA eval:[331. 357.  94. 114. 259. 305.] | diff. eff.:0.9199440635345304
2026-03-18 17:23:39,385 - AEMSOlogs - INFO - RCWA eval:[332. 362. 111. 103. 281. 306.] | diff. eff.:0.9285106651283135
2026-03-18 17:23:39,417 - AEMSOlogs - INFO - RCWA eval:[337. 362. 100. 132. 272. 304.] | diff. eff.:0.9430435631571444
2026-03-18 17:23:39,511 - AEMSOlogs - INFO - RCWA eval:[335. 364. 134. 124. 270. 304.] | diff. eff.:0.9356852269784045
2026-03-18 17:23:39,514 - AEMSOlogs - INFO - RCWA eval:[339. 362.  99. 101. 276. 306.] | diff. eff.:0.9387862621059141
2026-03-18 17:23:39,583 - AEMSOlogs - INFO - RCWA eval:[338. 358. 117. 126. 271. 307.] | diff. eff.:0.9309526789374487
2026-03-18 17:23:39,706 - AEMSOlogs - INFO - RCWA eval:[331. 362.  86.  97. 266. 307.] | diff. eff.:0.9278599432033365
2026-03-18 17:23:39,724 - AEMSOlogs - INFO - Iteration 42: Best Y = -0.9437838261533117 at x = [0.74491201 0.80070547 0.18912256 0.27248268 0.59902516 0.66439876]
2026-03-18 17:23:39,728 - AEMSOlogs - INFO - Working on simulations...
2026-03-18 17:24:23,159 - AEMSOlogs - INFO - RCWA eval:[335. 364.  94. 106. 272. 304.] | diff. eff.:0.9381403482532402
2026-03-18 17:24:23,215 - AEMSOlogs - INFO - RCWA eval:[332. 361. 121. 118. 274. 304.] | diff. eff.:0.9365969996999004
2026-03-18 17:24:23,319 - AEMSOlogs - INFO - RCWA eval:[340. 361.  98. 131. 273. 302.] | diff. eff.:0.9410537354566897
2026-03-18 17:24:23,336 - AEMSOlogs - INFO - RCWA eval:[344. 360.  88. 123. 273. 300.] | diff. eff.:0.9241805555343974
2026-03-18 17:24:23,398 - AEMSOlogs - INFO - RCWA eval:[336. 359.  98. 135. 270. 303.] | diff. eff.:0.939950835883108
2026-03-18 17:24:23,427 - AEMSOlogs - INFO - RCWA eval:[337. 363. 114. 136. 278. 305.] | diff. eff.:0.9441696696819707
2026-03-18 17:24:23,519 - AEMSOlogs - INFO - RCWA eval:[336. 358. 101. 120. 273. 306.] | diff. eff.:0.9357529989802815
2026-03-18 17:24:23,627 - AEMSOlogs - INFO - RCWA eval:[338. 362. 126. 116. 278. 301.] | diff. eff.:0.9416047350758696
2026-03-18 17:24:23,738 - AEMSOlogs - INFO - RCWA eval:[339. 365.  98. 123. 277. 299.] | diff. eff.:0.9385753231055297
2026-03-18 17:24:23,772 - AEMSOlogs - INFO - RCWA eval:[344. 361.  96. 127. 275. 305.] | diff. eff.:0.9237070544756171
2026-03-18 17:24:23,798 - AEMSOlogs - INFO - RCWA eval:[343. 367. 115. 136. 278. 308.] | diff. eff.:0.9380865809019066
2026-03-18 17:24:23,811 - AEMSOlogs - INFO - RCWA eval:[338. 364. 100. 115. 273. 304.] | diff. eff.:0.9417705474889166
2026-03-18 17:24:23,834 - AEMSOlogs - INFO - RCWA eval:[340. 367. 126. 128. 281. 306.] | diff. eff.:0.9414518993611996
2026-03-18 17:24:23,836 - AEMSOlogs - INFO - RCWA eval:[338. 360. 105. 112. 277. 301.] | diff. eff.:0.9400246044506843
2026-03-18 17:24:23,854 - AEMSOlogs - INFO - Iteration 43: Best Y = -0.9441696696819707 at x = [0.73623431 0.7975678  0.21865444 0.26936374 0.6010754  0.6634253 ]
2026-03-18 17:24:23,859 - AEMSOlogs - INFO - Working on simulations...
2026-03-18 17:25:07,239 - AEMSOlogs - INFO - RCWA eval:[337. 363. 107. 119. 277. 306.] | diff. eff.:0.9419075068123788
2026-03-18 17:25:07,408 - AEMSOlogs - INFO - RCWA eval:[338. 363. 116. 138. 279. 309.] | diff. eff.:0.940432595140699
2026-03-18 17:25:07,445 - AEMSOlogs - INFO - RCWA eval:[334. 359. 108. 122. 274. 302.] | diff. eff.:0.9396121916213424
2026-03-18 17:25:07,465 - AEMSOlogs - INFO - RCWA eval:[339. 368. 125. 126. 280. 303.] | diff. eff.:0.9393656904968225
2026-03-18 17:25:07,500 - AEMSOlogs - INFO - RCWA eval:[338. 365. 107. 109. 278. 300.] | diff. eff.:0.9375402488174946
2026-03-18 17:25:07,525 - AEMSOlogs - INFO - RCWA eval:[337. 360. 116. 122. 276. 306.] | diff. eff.:0.9396880751987959
2026-03-18 17:25:07,728 - AEMSOlogs - INFO - RCWA eval:[340. 366. 109. 145. 274. 306.] | diff. eff.:0.9445438792796866
2026-03-18 17:25:07,837 - AEMSOlogs - INFO - RCWA eval:[340. 361. 117. 122. 277. 299.] | diff. eff.:0.9396263222138467
2026-03-18 17:25:07,883 - AEMSOlogs - INFO - RCWA eval:[340. 361. 105. 113. 274. 301.] | diff. eff.:0.9402124380624897
2026-03-18 17:25:07,914 - AEMSOlogs - INFO - RCWA eval:[340. 366. 116. 141. 281. 310.] | diff. eff.:0.9397895231860676
2026-03-18 17:25:07,939 - AEMSOlogs - INFO - RCWA eval:[334. 362. 116. 127. 275. 304.] | diff. eff.:0.9406250103230696
2026-03-18 17:25:07,950 - AEMSOlogs - INFO - RCWA eval:[336. 359. 106. 122. 280. 300.] | diff. eff.:0.9339835075803403
2026-03-18 17:25:07,977 - AEMSOlogs - INFO - RCWA eval:[342. 365. 124. 124. 281. 305.] | diff. eff.:0.9391364227046052
2026-03-18 17:25:08,044 - AEMSOlogs - INFO - RCWA eval:[332. 361. 117. 125. 282. 306.] | diff. eff.:0.9292918772767869
2026-03-18 17:25:08,060 - AEMSOlogs - INFO - Iteration 44: Best Y = -0.9445438792796866 at x = [0.74499806 0.80355593 0.20596972 0.29080632 0.59052149 0.6647877 ]
2026-03-18 17:25:08,064 - AEMSOlogs - INFO - Working on simulations...
2026-03-18 17:25:51,547 - AEMSOlogs - INFO - RCWA eval:[338. 363. 115. 127. 275. 302.] | diff. eff.:0.9438396768326756
2026-03-18 17:25:51,574 - AEMSOlogs - INFO - RCWA eval:[337. 364. 111. 150. 277. 309.] | diff. eff.:0.9440250810270788
2026-03-18 17:25:51,583 - AEMSOlogs - INFO - RCWA eval:[343. 367. 113. 156. 277. 306.] | diff. eff.:0.944187238466268
2026-03-18 17:25:51,591 - AEMSOlogs - INFO - RCWA eval:[338. 365. 102. 133. 274. 305.] | diff. eff.:0.9437608943887609
2026-03-18 17:25:51,643 - AEMSOlogs - INFO - RCWA eval:[338. 363. 113. 146. 278. 308.] | diff. eff.:0.9436934696567687
2026-03-18 17:25:51,683 - AEMSOlogs - INFO - RCWA eval:[337. 361. 112. 130. 275. 308.] | diff. eff.:0.9390452783453929
2026-03-18 17:25:51,894 - AEMSOlogs - INFO - RCWA eval:[334. 361. 101. 119. 276. 304.] | diff. eff.:0.9400666298655398
2026-03-18 17:25:51,988 - AEMSOlogs - INFO - RCWA eval:[338. 363. 112. 140. 276. 304.] | diff. eff.:0.9457579979559625
2026-03-18 17:25:52,031 - AEMSOlogs - INFO - RCWA eval:[338. 361. 101. 136. 272. 303.] | diff. eff.:0.9429174263581604
2026-03-18 17:25:52,077 - AEMSOlogs - INFO - RCWA eval:[338. 362. 114. 131. 273. 305.] | diff. eff.:0.942783808712966
2026-03-18 17:25:52,110 - AEMSOlogs - INFO - RCWA eval:[335. 363.  90. 144. 273. 305.] | diff. eff.:0.9438701416689771
2026-03-18 17:25:52,154 - AEMSOlogs - INFO - RCWA eval:[341. 367. 121. 141. 276. 309.] | diff. eff.:0.9409237442892231
2026-03-18 17:25:52,242 - AEMSOlogs - INFO - RCWA eval:[340. 367.  96. 129. 281. 305.] | diff. eff.:0.9404485246344861
2026-03-18 17:25:52,302 - AEMSOlogs - INFO - RCWA eval:[341. 362. 127. 130. 277. 306.] | diff. eff.:0.9390739896186264
2026-03-18 17:25:52,319 - AEMSOlogs - INFO - Iteration 45: Best Y = -0.9457579979559625 at x = [0.73946276 0.79846614 0.21395631 0.28010019 0.59490734 0.66113655]
2026-03-18 17:25:52,322 - AEMSOlogs - INFO - Working on simulations...
2026-03-18 17:26:35,771 - AEMSOlogs - INFO - RCWA eval:[339. 363. 123. 144. 279. 301.] | diff. eff.:0.9439082168312645
2026-03-18 17:26:35,798 - AEMSOlogs - INFO - RCWA eval:[339. 365. 120. 131. 282. 307.] | diff. eff.:0.9401850980832748
2026-03-18 17:26:35,907 - AEMSOlogs - INFO - RCWA eval:[339. 367. 108. 168. 277. 307.] | diff. eff.:0.9498911786963906
2026-03-18 17:26:35,927 - AEMSOlogs - INFO - RCWA eval:[340. 366. 132. 164. 284. 305.] | diff. eff.:0.9444504033749436
2026-03-18 17:26:35,939 - AEMSOlogs - INFO - RCWA eval:[342. 365. 122. 156. 280. 302.] | diff. eff.:0.9449647418436228
2026-03-18 17:26:36,102 - AEMSOlogs - INFO - RCWA eval:[341. 366. 133. 156. 280. 303.] | diff. eff.:0.9471072724622682
2026-03-18 17:26:36,195 - AEMSOlogs - INFO - RCWA eval:[339. 366.  99. 149. 268. 304.] | diff. eff.:0.9383412824716291
2026-03-18 17:26:36,228 - AEMSOlogs - INFO - RCWA eval:[339. 364. 114. 146. 276. 303.] | diff. eff.:0.9466272955887161
2026-03-18 17:26:36,271 - AEMSOlogs - INFO - RCWA eval:[337. 362. 117. 134. 278. 305.] | diff. eff.:0.9434103038830421
2026-03-18 17:26:36,358 - AEMSOlogs - INFO - RCWA eval:[341. 364. 121. 146. 277. 304.] | diff. eff.:0.9454762468838013
2026-03-18 17:26:36,369 - AEMSOlogs - INFO - RCWA eval:[338. 362. 105. 141. 278. 300.] | diff. eff.:0.9419827738245832
2026-03-18 17:26:36,386 - AEMSOlogs - INFO - RCWA eval:[337. 361. 113. 132. 272. 302.] | diff. eff.:0.9426553936132533
2026-03-18 17:26:36,390 - AEMSOlogs - INFO - RCWA eval:[334. 358. 117. 132. 281. 302.] | diff. eff.:0.9307279816327826
2026-03-18 17:26:36,433 - AEMSOlogs - INFO - RCWA eval:[338. 365.  81. 155. 272. 309.] | diff. eff.:0.9430111268967747
2026-03-18 17:26:36,448 - AEMSOlogs - INFO - Iteration 46: Best Y = -0.9498911786963906 at x = [0.74180197 0.80584114 0.20469646 0.34486657 0.59855146 0.66716409]
2026-03-18 17:26:36,451 - AEMSOlogs - INFO - Working on simulations...
2026-03-18 17:27:19,896 - AEMSOlogs - INFO - RCWA eval:[337. 365. 104. 121. 275. 301.] | diff. eff.:0.939573666995805
2026-03-18 17:27:19,982 - AEMSOlogs - INFO - RCWA eval:[340. 365. 113. 162. 280. 304.] | diff. eff.:0.9481793343865195
2026-03-18 17:27:20,026 - AEMSOlogs - INFO - RCWA eval:[344. 359. 119. 150. 272. 293.] | diff. eff.:0.9182222006471783
2026-03-18 17:27:20,033 - AEMSOlogs - INFO - RCWA eval:[340. 362. 117. 184. 277. 306.] | diff. eff.:0.948277624697128
2026-03-18 17:27:20,034 - AEMSOlogs - INFO - RCWA eval:[336. 363. 102. 126. 270. 300.] | diff. eff.:0.9374679215838406
2026-03-18 17:27:20,072 - AEMSOlogs - INFO - RCWA eval:[342. 366. 120. 149. 274. 303.] | diff. eff.:0.9435803110745798
2026-03-18 17:27:20,234 - AEMSOlogs - INFO - RCWA eval:[339. 367. 118. 159. 283. 309.] | diff. eff.:0.9433820018854431
2026-03-18 17:27:20,394 - AEMSOlogs - INFO - RCWA eval:[338. 363.  96. 149. 274. 302.] | diff. eff.:0.945786823142188
2026-03-18 17:27:20,437 - AEMSOlogs - INFO - RCWA eval:[342. 365. 100. 146. 273. 298.] | diff. eff.:0.93848186086902
2026-03-18 17:27:20,442 - AEMSOlogs - INFO - RCWA eval:[343. 368. 142. 151. 277. 301.] | diff. eff.:0.9423484254574923
2026-03-18 17:27:20,497 - AEMSOlogs - INFO - RCWA eval:[342. 365. 121. 141. 271. 304.] | diff. eff.:0.9384010514417908
2026-03-18 17:27:20,662 - AEMSOlogs - INFO - RCWA eval:[344. 371. 139. 149. 280. 308.] | diff. eff.:0.939400275253311
2026-03-18 17:27:20,703 - AEMSOlogs - INFO - RCWA eval:[336. 359. 122. 164. 281. 307.] | diff. eff.:0.9357957820557994
2026-03-18 17:27:20,780 - AEMSOlogs - INFO - RCWA eval:[342. 364. 133. 164. 279. 300.] | diff. eff.:0.9442269491349881
2026-03-18 17:27:20,803 - AEMSOlogs - INFO - Iteration 47: Best Y = -0.9498911786963906 at x = [0.74180197 0.80584114 0.20469646 0.34486657 0.59855146 0.66716409]
2026-03-18 17:27:20,808 - AEMSOlogs - INFO - Working on simulations...
2026-03-18 17:28:04,221 - AEMSOlogs - INFO - RCWA eval:[342. 367. 106. 139. 276. 311.] | diff. eff.:0.9347106011465048
2026-03-18 17:28:04,264 - AEMSOlogs - INFO - RCWA eval:[344. 371. 134. 169. 278. 307.] | diff. eff.:0.9446028767349738
2026-03-18 17:28:04,314 - AEMSOlogs - INFO - RCWA eval:[344. 364. 101. 198. 278. 305.] | diff. eff.:0.9451367402546694
2026-03-18 17:28:04,362 - AEMSOlogs - INFO - RCWA eval:[334. 359. 111. 155. 272. 304.] | diff. eff.:0.9411751598640857
2026-03-18 17:28:04,366 - AEMSOlogs - INFO - RCWA eval:[334. 363. 101. 155. 270. 306.] | diff. eff.:0.9413950302825413
2026-03-18 17:28:04,401 - AEMSOlogs - INFO - RCWA eval:[336. 363. 119. 123. 274. 304.] | diff. eff.:0.9421538002141815
2026-03-18 17:28:04,743 - AEMSOlogs - INFO - RCWA eval:[339. 361. 105. 162. 280. 306.] | diff. eff.:0.9422808377209851
2026-03-18 17:28:04,799 - AEMSOlogs - INFO - RCWA eval:[342. 365. 129. 171. 281. 294.] | diff. eff.:0.9319240874667746
2026-03-18 17:28:04,875 - AEMSOlogs - INFO - RCWA eval:[345. 369. 142. 171. 282. 302.] | diff. eff.:0.9419381539590403
2026-03-18 17:28:04,876 - AEMSOlogs - INFO - RCWA eval:[333. 359. 112. 158. 278. 308.] | diff. eff.:0.9362141935078735
2026-03-18 17:28:04,897 - AEMSOlogs - INFO - RCWA eval:[345. 373. 134. 170. 273. 306.] | diff. eff.:0.9343984810225466
2026-03-18 17:28:04,967 - AEMSOlogs - INFO - RCWA eval:[340. 364. 118. 152. 275. 304.] | diff. eff.:0.9469418834004616
2026-03-18 17:28:04,998 - AEMSOlogs - INFO - RCWA eval:[344. 368. 125. 157. 278. 300.] | diff. eff.:0.9406121987153724
2026-03-18 17:28:05,048 - AEMSOlogs - INFO - RCWA eval:[340. 364. 126. 169. 280. 302.] | diff. eff.:0.9473923305197296
2026-03-18 17:28:05,066 - AEMSOlogs - INFO - Iteration 48: Best Y = -0.9498911786963906 at x = [0.74180197 0.80584114 0.20469646 0.34486657 0.59855146 0.66716409]
2026-03-18 17:28:05,070 - AEMSOlogs - INFO - Working on simulations...
2026-03-18 17:28:48,497 - AEMSOlogs - INFO - RCWA eval:[340. 364. 132. 152. 285. 299.] | diff. eff.:0.9326743060560636
2026-03-18 17:28:48,553 - AEMSOlogs - INFO - RCWA eval:[339. 365. 112. 168. 279. 306.] | diff. eff.:0.950098194242735
2026-03-18 17:28:48,585 - AEMSOlogs - INFO - RCWA eval:[346. 366. 134. 175. 277. 303.] | diff. eff.:0.9349627632724226
2026-03-18 17:28:48,627 - AEMSOlogs - INFO - RCWA eval:[342. 365. 106. 168. 279. 302.] | diff. eff.:0.9470819939438222
2026-03-18 17:28:48,644 - AEMSOlogs - INFO - RCWA eval:[345. 369. 101. 188. 278. 307.] | diff. eff.:0.9470187034782145
2026-03-18 17:28:48,653 - AEMSOlogs - INFO - RCWA eval:[334. 363. 105. 175. 276. 305.] | diff. eff.:0.9463411634056572
2026-03-18 17:28:49,013 - AEMSOlogs - INFO - RCWA eval:[335. 359.  86. 156. 276. 305.] | diff. eff.:0.9415370920599224
2026-03-18 17:28:49,042 - AEMSOlogs - INFO - RCWA eval:[341. 366. 101. 152. 276. 307.] | diff. eff.:0.9454837904388578
2026-03-18 17:28:49,119 - AEMSOlogs - INFO - RCWA eval:[343. 367. 119. 152. 284. 306.] | diff. eff.:0.9395318401213927
2026-03-18 17:28:49,130 - AEMSOlogs - INFO - RCWA eval:[333. 362. 131. 135. 282. 308.] | diff. eff.:0.9318960054578703
2026-03-18 17:28:49,150 - AEMSOlogs - INFO - RCWA eval:[340. 369. 129. 204. 284. 311.] | diff. eff.:0.9531491617328129
2026-03-18 17:28:49,165 - AEMSOlogs - INFO - RCWA eval:[340. 361. 116. 143. 278. 299.] | diff. eff.:0.940291113216967
2026-03-18 17:28:49,253 - AEMSOlogs - INFO - RCWA eval:[337. 363. 130. 166. 280. 302.] | diff. eff.:0.9441174857137749
2026-03-18 17:28:49,290 - AEMSOlogs - INFO - RCWA eval:[344. 367. 114. 169. 274. 305.] | diff. eff.:0.9422723344282186
2026-03-18 17:28:49,307 - AEMSOlogs - INFO - Iteration 49: Best Y = -0.9531491617328129 at x = [0.74416896 0.8122963  0.25262689 0.42689516 0.61408735 0.67770369]
2026-03-18 17:28:49,312 - AEMSOlogs - INFO - Working on simulations...
2026-03-18 17:29:32,673 - AEMSOlogs - INFO - RCWA eval:[337. 369. 122. 206. 285. 309.] | diff. eff.:0.9464779140685599
2026-03-18 17:29:32,725 - AEMSOlogs - INFO - RCWA eval:[338. 363. 134. 191. 285. 308.] | diff. eff.:0.9418699864718807
2026-03-18 17:29:32,818 - AEMSOlogs - INFO - RCWA eval:[340. 367. 126. 193. 283. 310.] | diff. eff.:0.9519466408040392
2026-03-18 17:29:32,887 - AEMSOlogs - INFO - RCWA eval:[340. 363.  73. 170. 277. 303.] | diff. eff.:0.9483703326374824
2026-03-18 17:29:32,920 - AEMSOlogs - INFO - RCWA eval:[337. 362. 100. 201. 278. 305.] | diff. eff.:0.9489827570168377
2026-03-18 17:29:32,952 - AEMSOlogs - INFO - RCWA eval:[337. 367. 128. 128. 276. 305.] | diff. eff.:0.9399176224091085
2026-03-18 17:29:33,133 - AEMSOlogs - INFO - RCWA eval:[343. 370. 117. 213. 288. 309.] | diff. eff.:0.9478799658120552
2026-03-18 17:29:33,148 - AEMSOlogs - INFO - RCWA eval:[344. 367. 109. 186. 277. 309.] | diff. eff.:0.946176194221188
2026-03-18 17:29:33,243 - AEMSOlogs - INFO - RCWA eval:[343. 369. 107. 227. 282. 304.] | diff. eff.:0.9512225960558449
2026-03-18 17:29:33,262 - AEMSOlogs - INFO - RCWA eval:[338. 361. 109. 177. 280. 306.] | diff. eff.:0.9446584496038174
2026-03-18 17:29:33,379 - AEMSOlogs - INFO - RCWA eval:[338. 368. 113. 161. 272. 307.] | diff. eff.:0.9423532392604783
2026-03-18 17:29:33,382 - AEMSOlogs - INFO - RCWA eval:[340. 370. 147. 188. 288. 304.] | diff. eff.:0.9363603854729414
2026-03-18 17:29:33,413 - AEMSOlogs - INFO - RCWA eval:[341. 366. 107. 213. 281. 303.] | diff. eff.:0.9507323240959317
2026-03-18 17:29:33,491 - AEMSOlogs - INFO - RCWA eval:[341. 360. 108. 151. 276. 303.] | diff. eff.:0.9393065880222718
2026-03-18 17:29:33,511 - AEMSOlogs - INFO - Iteration 50: Best Y = -0.9531491617328129 at x = [0.74416896 0.8122963  0.25262689 0.42689516 0.61408735 0.67770369]
2026-03-18 17:29:33,514 - AEMSOlogs - INFO - Working on simulations...
2026-03-18 17:30:16,946 - AEMSOlogs - INFO - RCWA eval:[343. 374.  95. 256. 286. 306.] | diff. eff.:0.9217772629296401
2026-03-18 17:30:17,014 - AEMSOlogs - INFO - RCWA eval:[345. 368. 119. 229. 281. 298.] | diff. eff.:0.9351496328291241
2026-03-18 17:30:17,033 - AEMSOlogs - INFO - RCWA eval:[341. 365. 105. 216. 284. 306.] | diff. eff.:0.9483458635147298
2026-03-18 17:30:17,057 - AEMSOlogs - INFO - RCWA eval:[339. 362. 118. 148. 274. 303.] | diff. eff.:0.9454585547078163
2026-03-18 17:30:17,100 - AEMSOlogs - INFO - RCWA eval:[339. 369. 108. 196. 280. 308.] | diff. eff.:0.953821933445035
2026-03-18 17:30:17,141 - AEMSOlogs - INFO - RCWA eval:[336. 361.  96. 138. 275. 296.] | diff. eff.:0.9325289230102616
2026-03-18 17:30:17,248 - AEMSOlogs - INFO - RCWA eval:[338. 368.  95. 251. 287. 305.] | diff. eff.:0.9115712597001701
2026-03-18 17:30:17,446 - AEMSOlogs - INFO - RCWA eval:[340. 367. 109. 215. 280. 305.] | diff. eff.:0.9541974758549081
2026-03-18 17:30:17,469 - AEMSOlogs - INFO - RCWA eval:[335. 363.  84. 198. 277. 306.] | diff. eff.:0.9501363835389289
2026-03-18 17:30:17,563 - AEMSOlogs - INFO - RCWA eval:[339. 364. 106. 181. 278. 314.] | diff. eff.:0.9405104405732394
2026-03-18 17:30:17,571 - AEMSOlogs - INFO - RCWA eval:[336. 364.  99. 191. 280. 305.] | diff. eff.:0.9487036292539438
2026-03-18 17:30:17,580 - AEMSOlogs - INFO - RCWA eval:[335. 360. 119. 173. 278. 302.] | diff. eff.:0.9412021470837063
2026-03-18 17:30:17,581 - AEMSOlogs - INFO - RCWA eval:[341. 368.  85. 192. 282. 305.] | diff. eff.:0.9520845117539966
2026-03-18 17:30:17,593 - AEMSOlogs - INFO - RCWA eval:[337. 361. 100. 168. 273. 303.] | diff. eff.:0.9464908059640088
2026-03-18 17:30:17,604 - AEMSOlogs - INFO - Iteration 51: Best Y = -0.9541974758549081 at x = [0.74517123 0.80699085 0.20801253 0.45360801 0.60366698 0.66376855]




Job ID: 3973159
Cluster: cluster_dei
User/Group: vergerioed/dottor
State: COMPLETED (exit code 0)
Nodes: 1
Cores per node: 14
CPU Utilized: 09:03:21
CPU Efficiency: 99.39% of 09:06:42 core-walltime
Job Wall-clock time: 00:39:03
Memory Utilized: 13.62 GB
Memory Efficiency: 85.13% of 16.00 GB (16.00 GB/node)