2026-03-21 16:12:21,836 - AEMSOlogs - INFO - Working on simulations...
2026-03-21 16:12:35,395 - AEMSOlogs - INFO - RCWA eval:[280. 294. 261. 200. 450. 281.] | diff. eff.:0.11857465874949952
2026-03-21 16:12:48,947 - AEMSOlogs - INFO - RCWA eval:[343. 136. 353. 231. 251. 157.] | diff. eff.:0.026739527301267885
2026-03-21 16:13:02,467 - AEMSOlogs - INFO - RCWA eval:[263. 213. 326. 253. 153. 280.] | diff. eff.:0.27714937924866706
2026-03-21 16:13:15,826 - AEMSOlogs - INFO - RCWA eval:[139. 209.  21. 164. 239. 273.] | diff. eff.:0.09636399624429545
2026-03-21 16:13:29,086 - AEMSOlogs - INFO - RCWA eval:[210. 339. 197. 274. 263. 271.] | diff. eff.:0.21825113909632862
2026-03-21 16:13:42,334 - AEMSOlogs - INFO - RCWA eval:[257. 236. 273. 140. 170. 246.] | diff. eff.:0.07933790154732315
2026-03-21 16:13:55,623 - AEMSOlogs - INFO - RCWA eval:[216. 269. 122. 329.  22.  70.] | diff. eff.:0.5472727454244267
2026-03-21 16:14:08,915 - AEMSOlogs - INFO - RCWA eval:[236. 137. 152. 449. 283. 314.] | diff. eff.:0.418511445873951
2026-03-21 16:14:22,174 - AEMSOlogs - INFO - RCWA eval:[151. 383. 315. 345. 234. 179.] | diff. eff.:0.20194600133083165
2026-03-21 16:14:35,509 - AEMSOlogs - INFO - RCWA eval:[297. 345. 106. 119. 304. 261.] | diff. eff.:0.2628648495968668
2026-03-21 16:14:48,796 - AEMSOlogs - INFO - RCWA eval:[298. 139. 278. 263. 305. 244.] | diff. eff.:0.08297725623711498
2026-03-21 16:15:02,058 - AEMSOlogs - INFO - RCWA eval:[310. 223. 170. 332. 228. 161.] | diff. eff.:0.1187722378804458
2026-03-21 16:15:15,365 - AEMSOlogs - INFO - RCWA eval:[397.  75. 142. 419. 157. 115.] | diff. eff.:0.013512634940766762
2026-03-21 16:15:28,625 - AEMSOlogs - INFO - RCWA eval:[ 76. 420. 369. 299. 178. 246.] | diff. eff.:0.012799304686235772
2026-03-21 16:15:28,773 - AEMSOlogs - INFO - Iteration 1: Best Y = -0.5472727454244267 at x = [0.45536079 0.57868262 0.23797932 0.71862209 0.00418854 0.11639621]
2026-03-21 16:15:28,774 - AEMSOlogs - INFO - Working on simulations...
2026-03-21 16:15:42,018 - AEMSOlogs - INFO - RCWA eval:[234. 371.  61. 241. 170. 291.] | diff. eff.:0.39539681511490876
2026-03-21 16:15:55,355 - AEMSOlogs - INFO - RCWA eval:[108. 295.  70. 341. 171. 184.] | diff. eff.:0.46901027156341485
2026-03-21 16:16:08,615 - AEMSOlogs - INFO - RCWA eval:[342. 145.  48. 284.  21. 165.] | diff. eff.:0.2797156128014619
2026-03-21 16:16:21,924 - AEMSOlogs - INFO - RCWA eval:[ 95. 220. 144. 332. 110. 117.] | diff. eff.:0.35991365640688416
2026-03-21 16:16:35,272 - AEMSOlogs - INFO - RCWA eval:[277. 305. 273. 226. 178. 209.] | diff. eff.:0.14973765766020644
2026-03-21 16:16:48,612 - AEMSOlogs - INFO - RCWA eval:[229. 311. 179. 126.  49. 231.] | diff. eff.:0.34995391488504485
2026-03-21 16:17:01,923 - AEMSOlogs - INFO - RCWA eval:[284. 239. 196. 411. 165. 344.] | diff. eff.:0.01778630769827961
2026-03-21 16:17:15,203 - AEMSOlogs - INFO - RCWA eval:[141. 179.  21. 354. 210. 213.] | diff. eff.:0.0755288371166175
2026-03-21 16:17:28,459 - AEMSOlogs - INFO - RCWA eval:[248. 369. 310. 437. 132. 107.] | diff. eff.:0.08918566286252587
2026-03-21 16:17:41,744 - AEMSOlogs - INFO - RCWA eval:[314. 293. 126. 259. 168. 154.] | diff. eff.:0.040869318188414
2026-03-21 16:17:54,973 - AEMSOlogs - INFO - RCWA eval:[232. 342. 204. 334. 284. 188.] | diff. eff.:0.0011891675040933195
2026-03-21 16:18:08,286 - AEMSOlogs - INFO - RCWA eval:[239. 285. 189. 153.  94. 156.] | diff. eff.:0.17438130661803117
2026-03-21 16:18:21,566 - AEMSOlogs - INFO - RCWA eval:[205. 325. 156. 283. 186. 359.] | diff. eff.:0.023532679955795298
2026-03-21 16:18:34,785 - AEMSOlogs - INFO - RCWA eval:[423. 297. 118. 248. 118. 105.] | diff. eff.:0.01672926503463653
2026-03-21 16:18:34,798 - AEMSOlogs - INFO - Iteration 2: Best Y = -0.5472727454244267 at x = [0.45536079 0.57868262 0.23797932 0.71862209 0.00418854 0.11639621]
2026-03-21 16:18:34,800 - AEMSOlogs - INFO - Working on simulations...
2026-03-21 16:18:48,134 - AEMSOlogs - INFO - RCWA eval:[ 54. 352. 114. 174. 270. 346.] | diff. eff.:0.3135794108067784
2026-03-21 16:19:01,372 - AEMSOlogs - INFO - RCWA eval:[318. 417.  27. 446. 109. 267.] | diff. eff.:0.37272379390077665
2026-03-21 16:19:14,692 - AEMSOlogs - INFO - RCWA eval:[102. 176. 121. 209.  99. 175.] | diff. eff.:0.002667014093825401
2026-03-21 16:19:27,984 - AEMSOlogs - INFO - RCWA eval:[244. 332. 287. 270. 176. 169.] | diff. eff.:0.14366184783013028
2026-03-21 16:19:41,254 - AEMSOlogs - INFO - RCWA eval:[ 85. 311. 130. 289. 145. 368.] | diff. eff.:0.03386898786807743
2026-03-21 16:19:54,552 - AEMSOlogs - INFO - RCWA eval:[295. 386.  85. 199.  21. 220.] | diff. eff.:0.251229576491689
2026-03-21 16:20:07,800 - AEMSOlogs - INFO - RCWA eval:[ 47. 328.  72. 444.  67. 171.] | diff. eff.:0.12743343143540592
2026-03-21 16:20:21,064 - AEMSOlogs - INFO - RCWA eval:[195. 446.  20. 157.  61. 213.] | diff. eff.:0.015266460382782924
2026-03-21 16:20:34,380 - AEMSOlogs - INFO - RCWA eval:[ 41. 150. 113. 233. 242.  65.] | diff. eff.:0.07470500176112974
2026-03-21 16:20:47,641 - AEMSOlogs - INFO - RCWA eval:[172. 151.  45. 449. 204. 371.] | diff. eff.:0.13310155523698683
2026-03-21 16:21:00,944 - AEMSOlogs - INFO - RCWA eval:[199. 346.  27. 247.  34. 199.] | diff. eff.:0.021020739765959015
2026-03-21 16:21:14,210 - AEMSOlogs - INFO - RCWA eval:[187. 392. 223. 114. 174. 134.] | diff. eff.:0.002459392701177293
2026-03-21 16:21:27,444 - AEMSOlogs - INFO - RCWA eval:[241. 278.  36.  58. 114. 318.] | diff. eff.:0.0077809286057506635
2026-03-21 16:21:40,730 - AEMSOlogs - INFO - RCWA eval:[100.  69.  47. 367.  35. 293.] | diff. eff.:0.1264037194078582
2026-03-21 16:21:40,744 - AEMSOlogs - INFO - Iteration 3: Best Y = -0.5472727454244267 at x = [0.45536079 0.57868262 0.23797932 0.71862209 0.00418854 0.11639621]
2026-03-21 16:21:40,745 - AEMSOlogs - INFO - Working on simulations...
2026-03-21 16:21:54,012 - AEMSOlogs - INFO - RCWA eval:[256. 191. 193. 178. 364. 423.] | diff. eff.:0.05921371948907344
2026-03-21 16:22:07,270 - AEMSOlogs - INFO - RCWA eval:[ 91. 317.  67. 448. 121. 217.] | diff. eff.:0.31490074139757684
2026-03-21 16:22:20,564 - AEMSOlogs - INFO - RCWA eval:[231. 427.  64. 427.  45. 175.] | diff. eff.:0.09316176968048381
2026-03-21 16:22:33,812 - AEMSOlogs - INFO - RCWA eval:[243. 379. 112. 231. 147. 409.] | diff. eff.:0.09335193267225264
2026-03-21 16:22:47,116 - AEMSOlogs - INFO - RCWA eval:[ 20. 271. 164. 126. 188. 372.] | diff. eff.:0.0682995117941033
2026-03-21 16:23:00,421 - AEMSOlogs - INFO - RCWA eval:[215. 347.  55. 286. 128. 231.] | diff. eff.:0.043164958701562256
2026-03-21 16:23:13,683 - AEMSOlogs - INFO - RCWA eval:[304. 375. 116. 265. 255. 338.] | diff. eff.:0.6367266204418635
2026-03-21 16:23:26,937 - AEMSOlogs - INFO - RCWA eval:[292. 427. 410. 306. 266. 414.] | diff. eff.:0.024684943409447282
2026-03-21 16:23:40,255 - AEMSOlogs - INFO - RCWA eval:[244. 322. 185. 353. 247. 278.] | diff. eff.:0.23912673024988282
2026-03-21 16:23:53,581 - AEMSOlogs - INFO - RCWA eval:[289. 384.  42. 285. 124. 258.] | diff. eff.:0.1967497881708508
2026-03-21 16:24:06,862 - AEMSOlogs - INFO - RCWA eval:[277. 422. 158. 280. 435. 396.] | diff. eff.:0.005423738871351587
2026-03-21 16:24:20,143 - AEMSOlogs - INFO - RCWA eval:[218. 313.  22. 417.  85. 370.] | diff. eff.:0.0903778712193643
2026-03-21 16:24:33,455 - AEMSOlogs - INFO - RCWA eval:[278. 369.  80. 446. 143. 225.] | diff. eff.:0.30565581486636195
2026-03-21 16:24:46,680 - AEMSOlogs - INFO - RCWA eval:[356. 423.  56. 272. 129. 271.] | diff. eff.:0.2983219733561053
2026-03-21 16:24:46,695 - AEMSOlogs - INFO - Iteration 4: Best Y = -0.6367266204418635 at x = [0.66076841 0.82492099 0.22428313 0.56887141 0.54677044 0.73957796]
2026-03-21 16:24:46,696 - AEMSOlogs - INFO - Working on simulations...
2026-03-21 16:24:59,951 - AEMSOlogs - INFO - RCWA eval:[301. 282.  56. 303. 351. 411.] | diff. eff.:0.24457712614417765
2026-03-21 16:25:13,246 - AEMSOlogs - INFO - RCWA eval:[214. 421.  54. 250. 136. 187.] | diff. eff.:0.005193787465542172
2026-03-21 16:25:26,527 - AEMSOlogs - INFO - RCWA eval:[295. 429.  64. 413. 213.  72.] | diff. eff.:0.19468640594132922
2026-03-21 16:25:39,899 - AEMSOlogs - INFO - RCWA eval:[236. 357.  21. 273. 147. 394.] | diff. eff.:0.05613070554536505
2026-03-21 16:25:53,208 - AEMSOlogs - INFO - RCWA eval:[360. 191.  20. 366.  88. 155.] | diff. eff.:0.04272012401983798
2026-03-21 16:26:06,420 - AEMSOlogs - INFO - RCWA eval:[411. 354. 194. 445. 120. 302.] | diff. eff.:0.4252548527543318
2026-03-21 16:26:19,669 - AEMSOlogs - INFO - RCWA eval:[249. 363. 115. 237. 218. 278.] | diff. eff.:0.30595141247094126
2026-03-21 16:26:32,911 - AEMSOlogs - INFO - RCWA eval:[378. 408.  70. 358. 280. 360.] | diff. eff.:0.1063560205224366
2026-03-21 16:26:46,151 - AEMSOlogs - INFO - RCWA eval:[198. 291.  39. 322.  32. 244.] | diff. eff.:0.22714649053512098
2026-03-21 16:26:59,387 - AEMSOlogs - INFO - RCWA eval:[276. 449.  41. 435. 288. 227.] | diff. eff.:0.09978586333958957
2026-03-21 16:27:12,667 - AEMSOlogs - INFO - RCWA eval:[353. 257.  77. 241. 210. 139.] | diff. eff.:0.03873934846020762
2026-03-21 16:27:25,994 - AEMSOlogs - INFO - RCWA eval:[291. 362. 247. 323. 172. 235.] | diff. eff.:0.05651059056271787
2026-03-21 16:27:39,297 - AEMSOlogs - INFO - RCWA eval:[206. 238. 309. 263. 150. 256.] | diff. eff.:0.15595651117573076
2026-03-21 16:27:52,553 - AEMSOlogs - INFO - RCWA eval:[246. 149. 118. 317. 322. 193.] | diff. eff.:0.1768676819857575
2026-03-21 16:27:52,567 - AEMSOlogs - INFO - Iteration 5: Best Y = -0.6367266204418635 at x = [0.66076841 0.82492099 0.22428313 0.56887141 0.54677044 0.73957796]
2026-03-21 16:27:52,568 - AEMSOlogs - INFO - Working on simulations...
2026-03-21 16:28:05,826 - AEMSOlogs - INFO - RCWA eval:[213. 446.  52. 274. 339. 397.] | diff. eff.:0.17574889000578228
2026-03-21 16:28:19,083 - AEMSOlogs - INFO - RCWA eval:[330. 157. 152. 337. 200. 254.] | diff. eff.:0.017714804682135203
2026-03-21 16:28:32,328 - AEMSOlogs - INFO - RCWA eval:[290. 292.  91. 436. 181. 418.] | diff. eff.:0.2771441333780768
2026-03-21 16:28:45,638 - AEMSOlogs - INFO - RCWA eval:[373. 346.  41. 428. 153. 250.] | diff. eff.:0.19133274831691308
2026-03-21 16:28:58,970 - AEMSOlogs - INFO - RCWA eval:[247. 234. 127. 372. 125. 362.] | diff. eff.:0.09682597037280638
2026-03-21 16:29:12,250 - AEMSOlogs - INFO - RCWA eval:[194. 271. 135. 226. 334. 308.] | diff. eff.:0.10264639730449378
2026-03-21 16:29:25,545 - AEMSOlogs - INFO - RCWA eval:[130. 225. 161. 355. 364. 383.] | diff. eff.:0.24950404664443332
2026-03-21 16:29:38,822 - AEMSOlogs - INFO - RCWA eval:[210. 214. 129. 282. 130. 299.] | diff. eff.:0.15619859210041956
2026-03-21 16:29:52,086 - AEMSOlogs - INFO - RCWA eval:[213. 402.  32. 277. 157. 201.] | diff. eff.:0.017901767430403878
2026-03-21 16:30:05,323 - AEMSOlogs - INFO - RCWA eval:[403. 411.  30. 312.  21. 222.] | diff. eff.:0.06130359210278483
2026-03-21 16:30:18,577 - AEMSOlogs - INFO - RCWA eval:[383. 416. 154. 330. 103. 149.] | diff. eff.:0.19668283249183233
2026-03-21 16:30:31,842 - AEMSOlogs - INFO - RCWA eval:[184. 339. 103. 209.  72. 367.] | diff. eff.:0.09590198247769086
2026-03-21 16:30:45,069 - AEMSOlogs - INFO - RCWA eval:[212. 340. 329. 432. 231. 310.] | diff. eff.:0.23699282993779225
2026-03-21 16:30:58,321 - AEMSOlogs - INFO - RCWA eval:[334. 372.  88. 445. 183. 307.] | diff. eff.:0.7992590998834517
2026-03-21 16:30:58,336 - AEMSOlogs - INFO - Iteration 6: Best Y = -0.7992590998834517 at x = [0.73090071 0.81976079 0.15910313 0.98902518 0.37885082 0.66852771]
2026-03-21 16:30:58,337 - AEMSOlogs - INFO - Working on simulations...
2026-03-21 16:31:11,545 - AEMSOlogs - INFO - RCWA eval:[415. 279.  78. 450. 332. 386.] | diff. eff.:0.2757978665165786
2026-03-21 16:31:24,796 - AEMSOlogs - INFO - RCWA eval:[192. 411.  20. 365. 238. 441.] | diff. eff.:0.06202427362570268
2026-03-21 16:31:38,031 - AEMSOlogs - INFO - RCWA eval:[411. 279.  20. 449.  94. 306.] | diff. eff.:0.016065251481384882
2026-03-21 16:31:51,322 - AEMSOlogs - INFO - RCWA eval:[105. 407.  62. 258. 132. 302.] | diff. eff.:0.2911609317299998
2026-03-21 16:32:04,596 - AEMSOlogs - INFO - RCWA eval:[280. 251. 151. 450. 141. 337.] | diff. eff.:0.054823932350062034
2026-03-21 16:32:17,873 - AEMSOlogs - INFO - RCWA eval:[450. 446. 139. 288. 156. 302.] | diff. eff.:0.37388712957623144
2026-03-21 16:32:31,109 - AEMSOlogs - INFO - RCWA eval:[308. 405.  23. 442. 182. 344.] | diff. eff.:0.48957398533414753
2026-03-21 16:32:44,390 - AEMSOlogs - INFO - RCWA eval:[226. 392.  27. 414. 211. 450.] | diff. eff.:0.10457154580883492
2026-03-21 16:32:57,653 - AEMSOlogs - INFO - RCWA eval:[147. 299.  89. 368. 232. 260.] | diff. eff.:0.19205462974415363
2026-03-21 16:33:10,920 - AEMSOlogs - INFO - RCWA eval:[413. 435.  53. 447. 216. 392.] | diff. eff.:0.04231399578375641
2026-03-21 16:33:24,134 - AEMSOlogs - INFO - RCWA eval:[325. 386.  78. 364. 192. 401.] | diff. eff.:0.18616892965286957
2026-03-21 16:33:37,399 - AEMSOlogs - INFO - RCWA eval:[407. 289.  33. 319. 215. 364.] | diff. eff.:0.4437204850515856
2026-03-21 16:33:50,653 - AEMSOlogs - INFO - RCWA eval:[195. 331.  82. 443. 163. 367.] | diff. eff.:0.038247253318901886
2026-03-21 16:34:03,907 - AEMSOlogs - INFO - RCWA eval:[324. 296.  42. 414. 206. 396.] | diff. eff.:0.30813515996207325
2026-03-21 16:34:03,922 - AEMSOlogs - INFO - Iteration 7: Best Y = -0.7992590998834517 at x = [0.73090071 0.81976079 0.15910313 0.98902518 0.37885082 0.66852771]
2026-03-21 16:34:03,923 - AEMSOlogs - INFO - Working on simulations...
2026-03-21 16:34:17,235 - AEMSOlogs - INFO - RCWA eval:[422. 410.  42. 384.  45. 413.] | diff. eff.:0.014359336350210068
2026-03-21 16:34:30,446 - AEMSOlogs - INFO - RCWA eval:[403. 449. 151. 374. 316. 370.] | diff. eff.:0.06349492617396178
2026-03-21 16:34:43,693 - AEMSOlogs - INFO - RCWA eval:[395. 311. 198. 325. 146. 381.] | diff. eff.:0.4261880807829577
2026-03-21 16:34:56,952 - AEMSOlogs - INFO - RCWA eval:[346. 235. 140. 405. 239. 443.] | diff. eff.:0.09446797392727684
2026-03-21 16:35:10,188 - AEMSOlogs - INFO - RCWA eval:[381. 344. 113. 371.  81. 253.] | diff. eff.:0.2717821009217771
2026-03-21 16:35:23,375 - AEMSOlogs - INFO - RCWA eval:[328. 423.  35. 447.  50. 250.] | diff. eff.:0.27392596647144346
2026-03-21 16:35:36,578 - AEMSOlogs - INFO - RCWA eval:[425. 304. 164. 334. 135. 366.] | diff. eff.:0.3739582029556627
2026-03-21 16:35:49,814 - AEMSOlogs - INFO - RCWA eval:[329. 304.  92. 438.  27. 203.] | diff. eff.:0.17266140883979983
2026-03-21 16:36:03,057 - AEMSOlogs - INFO - RCWA eval:[449. 282.  83. 324. 260. 343.] | diff. eff.:0.2321528106012867
2026-03-21 16:36:16,244 - AEMSOlogs - INFO - RCWA eval:[337. 214. 309. 422. 224. 311.] | diff. eff.:0.10756705237584076
2026-03-21 16:36:29,558 - AEMSOlogs - INFO - RCWA eval:[225. 256. 168. 277.  53. 401.] | diff. eff.:0.12330608883524188
2026-03-21 16:36:42,824 - AEMSOlogs - INFO - RCWA eval:[ 89. 218.  55. 449. 367. 238.] | diff. eff.:0.03227995175491073
2026-03-21 16:36:56,112 - AEMSOlogs - INFO - RCWA eval:[264. 324.  36. 358.  31. 424.] | diff. eff.:0.5543008362889056
2026-03-21 16:37:09,403 - AEMSOlogs - INFO - RCWA eval:[450. 368.  72. 449. 168. 329.] | diff. eff.:0.3584581681189404
2026-03-21 16:37:09,422 - AEMSOlogs - INFO - Iteration 8: Best Y = -0.7992590998834517 at x = [0.73090071 0.81976079 0.15910313 0.98902518 0.37885082 0.66852771]
2026-03-21 16:37:09,424 - AEMSOlogs - INFO - Working on simulations...
2026-03-21 16:37:22,656 - AEMSOlogs - INFO - RCWA eval:[406. 349. 111. 360. 276. 301.] | diff. eff.:0.1122620449984004
2026-03-21 16:37:35,878 - AEMSOlogs - INFO - RCWA eval:[370. 449.  27. 325.  21. 443.] | diff. eff.:0.1616395250206934
2026-03-21 16:37:49,089 - AEMSOlogs - INFO - RCWA eval:[345. 449. 183. 297.  90. 368.] | diff. eff.:0.3021163904035709
2026-03-21 16:38:02,349 - AEMSOlogs - INFO - RCWA eval:[137. 290. 111. 347. 205. 341.] | diff. eff.:0.05281626567024532
2026-03-21 16:38:15,606 - AEMSOlogs - INFO - RCWA eval:[308. 377. 156. 329.  38. 364.] | diff. eff.:0.10495267395192602
2026-03-21 16:38:28,892 - AEMSOlogs - INFO - RCWA eval:[270. 326.  38. 403. 155. 214.] | diff. eff.:0.5274687065273245
2026-03-21 16:38:42,096 - AEMSOlogs - INFO - RCWA eval:[345. 420. 107. 280.  32. 281.] | diff. eff.:0.3916008983121283
2026-03-21 16:38:55,345 - AEMSOlogs - INFO - RCWA eval:[350. 287.  46. 379. 138. 386.] | diff. eff.:0.0008884093163743749
2026-03-21 16:39:08,607 - AEMSOlogs - INFO - RCWA eval:[206. 319.  89. 231. 197. 343.] | diff. eff.:0.01988968159515095
2026-03-21 16:39:21,915 - AEMSOlogs - INFO - RCWA eval:[196. 218. 145. 266. 100. 449.] | diff. eff.:0.02056063995378486
2026-03-21 16:39:35,162 - AEMSOlogs - INFO - RCWA eval:[305. 407. 151. 349. 264. 326.] | diff. eff.:0.14259509934676026
2026-03-21 16:39:48,413 - AEMSOlogs - INFO - RCWA eval:[238. 237. 189. 337.  49.  93.] | diff. eff.:0.2842671907053145
2026-03-21 16:40:01,655 - AEMSOlogs - INFO - RCWA eval:[161. 385.  46. 438.  20. 390.] | diff. eff.:0.0181315316642433
2026-03-21 16:40:14,892 - AEMSOlogs - INFO - RCWA eval:[437. 397. 165. 342.  24. 415.] | diff. eff.:0.021302443805994765
2026-03-21 16:40:14,905 - AEMSOlogs - INFO - Iteration 9: Best Y = -0.7992590998834517 at x = [0.73090071 0.81976079 0.15910313 0.98902518 0.37885082 0.66852771]
2026-03-21 16:40:14,907 - AEMSOlogs - INFO - Working on simulations...
2026-03-21 16:40:28,156 - AEMSOlogs - INFO - RCWA eval:[294. 372. 213. 224.  93. 256.] | diff. eff.:0.24233380504296284
2026-03-21 16:40:41,444 - AEMSOlogs - INFO - RCWA eval:[299. 264.  37. 445. 193. 410.] | diff. eff.:0.0234840302022873
2026-03-21 16:40:54,789 - AEMSOlogs - INFO - RCWA eval:[277. 338.  44. 411. 170. 277.] | diff. eff.:0.6817328174479752
2026-03-21 16:41:08,054 - AEMSOlogs - INFO - RCWA eval:[330. 387.  33. 449. 112. 244.] | diff. eff.:0.39722919272188356
2026-03-21 16:41:21,262 - AEMSOlogs - INFO - RCWA eval:[410. 427. 299. 384. 182. 258.] | diff. eff.:0.13030174367857533
2026-03-21 16:41:34,499 - AEMSOlogs - INFO - RCWA eval:[293. 449.  26. 193.  25. 322.] | diff. eff.:0.24354379580010965
2026-03-21 16:41:47,735 - AEMSOlogs - INFO - RCWA eval:[416. 291. 227. 389.  69. 292.] | diff. eff.:0.05858883827442557
2026-03-21 16:42:00,960 - AEMSOlogs - INFO - RCWA eval:[432. 412. 145. 439.  20. 361.] | diff. eff.:0.051375116241416434
2026-03-21 16:42:14,272 - AEMSOlogs - INFO - RCWA eval:[193. 440.  23. 390.  30.  55.] | diff. eff.:0.05346234622004956
2026-03-21 16:42:27,556 - AEMSOlogs - INFO - RCWA eval:[267. 443. 167. 303. 121.  20.] | diff. eff.:0.12755267180253266
2026-03-21 16:42:40,770 - AEMSOlogs - INFO - RCWA eval:[243. 427. 168. 341.  42. 163.] | diff. eff.:0.20120798950880217
2026-03-21 16:42:54,058 - AEMSOlogs - INFO - RCWA eval:[251. 328.  55. 395. 450. 303.] | diff. eff.:0.6088668666044121
2026-03-21 16:43:07,356 - AEMSOlogs - INFO - RCWA eval:[309. 344.  82. 319.  80. 351.] | diff. eff.:0.04113455073247624
2026-03-21 16:43:20,589 - AEMSOlogs - INFO - RCWA eval:[348. 445. 249. 441. 212. 243.] | diff. eff.:0.15431749885019688
2026-03-21 16:43:20,604 - AEMSOlogs - INFO - Iteration 10: Best Y = -0.7992590998834517 at x = [0.73090071 0.81976079 0.15910313 0.98902518 0.37885082 0.66852771]
2026-03-21 16:43:20,606 - AEMSOlogs - INFO - Working on simulations...
2026-03-21 16:43:33,801 - AEMSOlogs - INFO - RCWA eval:[355. 417.  29. 346. 449. 250.] | diff. eff.:0.06689732472696841
2026-03-21 16:43:47,049 - AEMSOlogs - INFO - RCWA eval:[305. 430.  21. 383. 241. 268.] | diff. eff.:0.4165327948200911
2026-03-21 16:44:00,339 - AEMSOlogs - INFO - RCWA eval:[174. 381. 124. 371. 160. 201.] | diff. eff.:0.08487030126675424
2026-03-21 16:44:13,595 - AEMSOlogs - INFO - RCWA eval:[218. 323.  36. 336. 153. 322.] | diff. eff.:0.030202257810128617
2026-03-21 16:44:26,924 - AEMSOlogs - INFO - RCWA eval:[351. 368. 148. 405. 147. 374.] | diff. eff.:0.02599632370975377
2026-03-21 16:44:40,189 - AEMSOlogs - INFO - RCWA eval:[152. 437. 104. 208. 444. 187.] | diff. eff.:0.10130104772937717
2026-03-21 16:44:53,398 - AEMSOlogs - INFO - RCWA eval:[210. 387.  44. 441.  63. 315.] | diff. eff.:0.3198205930398742
2026-03-21 16:45:06,619 - AEMSOlogs - INFO - RCWA eval:[403. 392.  65. 435. 377. 430.] | diff. eff.:0.01678966557521508
2026-03-21 16:45:19,966 - AEMSOlogs - INFO - RCWA eval:[164. 249.  21. 225. 441. 263.] | diff. eff.:0.012576737074799288
2026-03-21 16:45:33,200 - AEMSOlogs - INFO - RCWA eval:[416. 319. 192. 445. 199. 221.] | diff. eff.:0.20296569805961562
2026-03-21 16:45:46,422 - AEMSOlogs - INFO - RCWA eval:[301. 256.  47. 366. 289. 450.] | diff. eff.:0.15408560954910178
2026-03-21 16:45:59,690 - AEMSOlogs - INFO - RCWA eval:[347. 366.  23. 369. 423. 285.] | diff. eff.:0.31450655382700965
2026-03-21 16:46:12,981 - AEMSOlogs - INFO - RCWA eval:[344. 352. 146. 433.  66. 181.] | diff. eff.:0.2195933395150067
2026-03-21 16:46:26,246 - AEMSOlogs - INFO - RCWA eval:[184. 374.  22. 366. 122.  86.] | diff. eff.:0.06444832820609406
2026-03-21 16:46:26,260 - AEMSOlogs - INFO - Iteration 11: Best Y = -0.7992590998834517 at x = [0.73090071 0.81976079 0.15910313 0.98902518 0.37885082 0.66852771]
2026-03-21 16:46:26,262 - AEMSOlogs - INFO - Working on simulations...
2026-03-21 16:46:39,537 - AEMSOlogs - INFO - RCWA eval:[400. 340. 145. 351.  99. 101.] | diff. eff.:0.21808914151096032
2026-03-21 16:46:52,750 - AEMSOlogs - INFO - RCWA eval:[268. 419. 179. 363.  35. 340.] | diff. eff.:0.0637252869158239
2026-03-21 16:47:05,990 - AEMSOlogs - INFO - RCWA eval:[281. 325. 241. 322. 102. 241.] | diff. eff.:0.13146046966973962
2026-03-21 16:47:19,234 - AEMSOlogs - INFO - RCWA eval:[377. 422. 123. 407. 126. 273.] | diff. eff.:0.05035519346572938
2026-03-21 16:47:32,520 - AEMSOlogs - INFO - RCWA eval:[226. 382.  22. 302. 202. 253.] | diff. eff.:0.1361257328488076
2026-03-21 16:47:45,791 - AEMSOlogs - INFO - RCWA eval:[269. 435.  53. 344. 216. 249.] | diff. eff.:0.024419463880535435
2026-03-21 16:47:59,086 - AEMSOlogs - INFO - RCWA eval:[389. 426.  22. 450. 225. 331.] | diff. eff.:0.41323941830040845
2026-03-21 16:48:12,363 - AEMSOlogs - INFO - RCWA eval:[330. 377.  75. 373. 199.  93.] | diff. eff.:0.36368915045377814
2026-03-21 16:48:25,643 - AEMSOlogs - INFO - RCWA eval:[280. 261.  86. 287. 254. 213.] | diff. eff.:0.0008574719684539568
2026-03-21 16:48:38,859 - AEMSOlogs - INFO - RCWA eval:[276. 422.  37. 335. 188. 222.] | diff. eff.:0.0027989567827052756
2026-03-21 16:48:52,125 - AEMSOlogs - INFO - RCWA eval:[196. 382.  72. 339.  20. 176.] | diff. eff.:0.062142837003231574
2026-03-21 16:49:05,375 - AEMSOlogs - INFO - RCWA eval:[310. 390.  37. 449. 209. 289.] | diff. eff.:0.567677060696479
2026-03-21 16:49:18,633 - AEMSOlogs - INFO - RCWA eval:[379. 420.  64. 444. 338. 354.] | diff. eff.:0.41855292050180065
2026-03-21 16:49:31,972 - AEMSOlogs - INFO - RCWA eval:[246. 433.  47. 450. 132. 270.] | diff. eff.:0.17134271547503932
2026-03-21 16:49:31,987 - AEMSOlogs - INFO - Iteration 12: Best Y = -0.7992590998834517 at x = [0.73090071 0.81976079 0.15910313 0.98902518 0.37885082 0.66852771]
2026-03-21 16:49:31,988 - AEMSOlogs - INFO - Working on simulations...
2026-03-21 16:49:45,228 - AEMSOlogs - INFO - RCWA eval:[340. 431.  41. 441. 264. 311.] | diff. eff.:0.7294423463957225
2026-03-21 16:49:58,500 - AEMSOlogs - INFO - RCWA eval:[280. 386.  41. 434. 279. 265.] | diff. eff.:0.34177582595959105
2026-03-21 16:50:11,741 - AEMSOlogs - INFO - RCWA eval:[286. 423.  32. 379. 168. 244.] | diff. eff.:0.29297703384402013
2026-03-21 16:50:24,972 - AEMSOlogs - INFO - RCWA eval:[340. 314.  23. 433. 180. 194.] | diff. eff.:0.28456861901276526
2026-03-21 16:50:38,208 - AEMSOlogs - INFO - RCWA eval:[320. 409. 128. 419. 281. 340.] | diff. eff.:0.549428862913077
2026-03-21 16:50:51,471 - AEMSOlogs - INFO - RCWA eval:[276. 356.  21. 318. 254. 197.] | diff. eff.:0.15985974812547796
2026-03-21 16:51:04,715 - AEMSOlogs - INFO - RCWA eval:[325. 410.  73. 336. 235. 260.] | diff. eff.:0.11048522012406187
2026-03-21 16:51:17,899 - AEMSOlogs - INFO - RCWA eval:[338. 419.  23. 426. 394. 309.] | diff. eff.:0.48564820466533765
2026-03-21 16:51:31,154 - AEMSOlogs - INFO - RCWA eval:[357. 319.  27. 320. 104. 312.] | diff. eff.:0.04489380528065437
2026-03-21 16:51:44,360 - AEMSOlogs - INFO - RCWA eval:[250. 339.  21. 450. 330. 294.] | diff. eff.:0.21452218643776613
2026-03-21 16:51:57,607 - AEMSOlogs - INFO - RCWA eval:[369. 334.  21. 398. 274. 221.] | diff. eff.:0.06177155424727298
2026-03-21 16:52:10,845 - AEMSOlogs - INFO - RCWA eval:[305. 348. 187. 448.  20. 344.] | diff. eff.:0.3592687360871186
2026-03-21 16:52:24,088 - AEMSOlogs - INFO - RCWA eval:[367. 356.  25. 321. 292. 197.] | diff. eff.:0.09979664454656484
2026-03-21 16:52:37,340 - AEMSOlogs - INFO - RCWA eval:[394. 377.  86. 379. 162. 289.] | diff. eff.:0.2510225315453871
2026-03-21 16:52:37,354 - AEMSOlogs - INFO - Iteration 13: Best Y = -0.7992590998834517 at x = [0.73090071 0.81976079 0.15910313 0.98902518 0.37885082 0.66852771]
2026-03-21 16:52:37,356 - AEMSOlogs - INFO - Working on simulations...
2026-03-21 16:52:50,584 - AEMSOlogs - INFO - RCWA eval:[228. 395.  73. 410. 176. 206.] | diff. eff.:0.10017490960503002
2026-03-21 16:53:03,786 - AEMSOlogs - INFO - RCWA eval:[367. 448.  90. 381. 404. 326.] | diff. eff.:0.17549936475142205
2026-03-21 16:53:17,061 - AEMSOlogs - INFO - RCWA eval:[303. 386.  50. 386. 288. 312.] | diff. eff.:0.3515758063875238
2026-03-21 16:53:30,302 - AEMSOlogs - INFO - RCWA eval:[274. 445.  39. 448. 194. 332.] | diff. eff.:0.14176321505423128
2026-03-21 16:53:43,545 - AEMSOlogs - INFO - RCWA eval:[425. 409.  79. 372. 250. 300.] | diff. eff.:0.14119767378472223
2026-03-21 16:53:56,751 - AEMSOlogs - INFO - RCWA eval:[308. 403. 115. 387. 151. 246.] | diff. eff.:0.40270991263100897
2026-03-21 16:54:09,991 - AEMSOlogs - INFO - RCWA eval:[374. 426.  73. 445. 228. 280.] | diff. eff.:0.14510206824869343
2026-03-21 16:54:23,269 - AEMSOlogs - INFO - RCWA eval:[282. 369.  44. 429. 215. 325.] | diff. eff.:0.46744063394381696
2026-03-21 16:54:36,544 - AEMSOlogs - INFO - RCWA eval:[412. 390. 165. 417. 163. 365.] | diff. eff.:0.03523806311859454
2026-03-21 16:54:49,792 - AEMSOlogs - INFO - RCWA eval:[317. 413.  30. 285. 335. 211.] | diff. eff.:0.07377582839654505
2026-03-21 16:55:03,046 - AEMSOlogs - INFO - RCWA eval:[238. 439.  37. 357. 444. 345.] | diff. eff.:0.023883649099598007
2026-03-21 16:55:16,253 - AEMSOlogs - INFO - RCWA eval:[341. 416.  76. 449. 318. 378.] | diff. eff.:0.3281971733020142
2026-03-21 16:55:29,499 - AEMSOlogs - INFO - RCWA eval:[446. 449. 189. 388. 222. 261.] | diff. eff.:0.054354216213691006
2026-03-21 16:55:42,735 - AEMSOlogs - INFO - RCWA eval:[309. 433.  57. 320. 354. 348.] | diff. eff.:0.171964165959725
2026-03-21 16:55:42,750 - AEMSOlogs - INFO - Iteration 14: Best Y = -0.7992590998834517 at x = [0.73090071 0.81976079 0.15910313 0.98902518 0.37885082 0.66852771]
2026-03-21 16:55:42,752 - AEMSOlogs - INFO - Working on simulations...
2026-03-21 16:55:55,981 - AEMSOlogs - INFO - RCWA eval:[270. 413.  47. 449. 341. 281.] | diff. eff.:0.12679060182272156
2026-03-21 16:56:09,205 - AEMSOlogs - INFO - RCWA eval:[317. 399.  25. 448. 266. 377.] | diff. eff.:0.3333655579584993
2026-03-21 16:56:22,455 - AEMSOlogs - INFO - RCWA eval:[337. 354.  68. 450. 227. 281.] | diff. eff.:0.5322127991694027
2026-03-21 16:56:35,679 - AEMSOlogs - INFO - RCWA eval:[260. 378. 128. 450. 240. 326.] | diff. eff.:0.5589108050497131
2026-03-21 16:56:48,907 - AEMSOlogs - INFO - RCWA eval:[294. 348.  88. 443. 264. 249.] | diff. eff.:0.596382078347809
2026-03-21 16:57:02,107 - AEMSOlogs - INFO - RCWA eval:[416. 387.  36. 408. 323. 241.] | diff. eff.:0.12310820588373221
2026-03-21 16:57:15,356 - AEMSOlogs - INFO - RCWA eval:[279. 437. 177. 347. 246. 241.] | diff. eff.:0.11372575321589516
2026-03-21 16:57:28,620 - AEMSOlogs - INFO - RCWA eval:[280. 430.  23. 386. 311. 302.] | diff. eff.:0.0708381504809998
2026-03-21 16:57:41,859 - AEMSOlogs - INFO - RCWA eval:[302. 392.  50. 444. 235. 209.] | diff. eff.:0.3704047725651269
2026-03-21 16:57:55,113 - AEMSOlogs - INFO - RCWA eval:[334. 449. 116. 445. 308. 283.] | diff. eff.:0.1814416790618679
2026-03-21 16:58:08,381 - AEMSOlogs - INFO - RCWA eval:[366. 406.  21. 385. 339. 307.] | diff. eff.:0.06266362076445643
2026-03-21 16:58:21,608 - AEMSOlogs - INFO - RCWA eval:[302. 449.  85. 355. 345. 357.] | diff. eff.:0.1598631558572013
2026-03-21 16:58:34,846 - AEMSOlogs - INFO - RCWA eval:[226. 366.  58. 407. 231. 263.] | diff. eff.:0.3759556340941511
2026-03-21 16:58:48,093 - AEMSOlogs - INFO - RCWA eval:[280. 413.  93. 362. 226. 324.] | diff. eff.:0.025260071542852345
2026-03-21 16:58:48,107 - AEMSOlogs - INFO - Iteration 15: Best Y = -0.7992590998834517 at x = [0.73090071 0.81976079 0.15910313 0.98902518 0.37885082 0.66852771]
2026-03-21 16:58:48,109 - AEMSOlogs - INFO - Working on simulations...
2026-03-21 16:59:01,394 - AEMSOlogs - INFO - RCWA eval:[218. 305.  51. 384. 207. 284.] | diff. eff.:0.2994178257771027
2026-03-21 16:59:14,632 - AEMSOlogs - INFO - RCWA eval:[318. 417.  71. 444. 373. 231.] | diff. eff.:0.10078527300132326
2026-03-21 16:59:27,896 - AEMSOlogs - INFO - RCWA eval:[257. 341.  86. 300. 157. 228.] | diff. eff.:0.09775469848779851
2026-03-21 16:59:41,131 - AEMSOlogs - INFO - RCWA eval:[293. 400. 169. 418. 415. 338.] | diff. eff.:0.1461679112835254
2026-03-21 16:59:54,358 - AEMSOlogs - INFO - RCWA eval:[311. 420.  79. 450. 137. 233.] | diff. eff.:0.25505441206530993
2026-03-21 17:00:07,593 - AEMSOlogs - INFO - RCWA eval:[308. 343. 157. 318. 290. 331.] | diff. eff.:0.11779369861828576
2026-03-21 17:00:20,848 - AEMSOlogs - INFO - RCWA eval:[304. 340.  33. 449. 274. 325.] | diff. eff.:0.5665846528508055
2026-03-21 17:00:34,060 - AEMSOlogs - INFO - RCWA eval:[303. 332. 102. 381. 230. 255.] | diff. eff.:0.7706304481640209
2026-03-21 17:00:47,273 - AEMSOlogs - INFO - RCWA eval:[270. 354. 103. 418. 304. 299.] | diff. eff.:0.48803520939518624
2026-03-21 17:01:00,534 - AEMSOlogs - INFO - RCWA eval:[190. 310. 135. 387. 166. 320.] | diff. eff.:0.15383432329337748
2026-03-21 17:01:13,766 - AEMSOlogs - INFO - RCWA eval:[270. 310.  21. 412. 261. 202.] | diff. eff.:0.3293110043196487
2026-03-21 17:01:27,072 - AEMSOlogs - INFO - RCWA eval:[218. 263. 174. 394. 213. 283.] | diff. eff.:0.07607977975345645
2026-03-21 17:01:40,261 - AEMSOlogs - INFO - RCWA eval:[256. 325. 156. 372. 211. 342.] | diff. eff.:0.1344496109973788
2026-03-21 17:01:53,479 - AEMSOlogs - INFO - RCWA eval:[219. 376.  84. 431. 317. 228.] | diff. eff.:0.06114585764934758
2026-03-21 17:01:53,495 - AEMSOlogs - INFO - Iteration 16: Best Y = -0.7992590998834517 at x = [0.73090071 0.81976079 0.15910313 0.98902518 0.37885082 0.66852771]
2026-03-21 17:01:53,496 - AEMSOlogs - INFO - Working on simulations...
2026-03-21 17:02:06,763 - AEMSOlogs - INFO - RCWA eval:[319. 327. 133. 448. 356. 334.] | diff. eff.:0.12126392363589689
2026-03-21 17:02:20,003 - AEMSOlogs - INFO - RCWA eval:[278. 353.  70. 389.  71. 176.] | diff. eff.:0.5549759900975441
2026-03-21 17:02:33,286 - AEMSOlogs - INFO - RCWA eval:[247. 359. 153. 450. 274. 272.] | diff. eff.:0.3892379460958574
2026-03-21 17:02:46,532 - AEMSOlogs - INFO - RCWA eval:[275. 417. 173. 398. 343. 323.] | diff. eff.:0.05566862961517311
2026-03-21 17:02:59,807 - AEMSOlogs - INFO - RCWA eval:[162. 310.  44. 373. 365. 296.] | diff. eff.:0.3519261151432538
2026-03-21 17:03:13,036 - AEMSOlogs - INFO - RCWA eval:[250. 286.  59. 346. 241. 200.] | diff. eff.:0.4041106900602761
2026-03-21 17:03:26,273 - AEMSOlogs - INFO - RCWA eval:[280. 329. 193. 328. 420. 266.] | diff. eff.:0.21215148752215926
2026-03-21 17:03:39,479 - AEMSOlogs - INFO - RCWA eval:[291. 295.  24. 414. 301. 293.] | diff. eff.:0.11460239701496204
2026-03-21 17:03:52,689 - AEMSOlogs - INFO - RCWA eval:[260. 339.  38. 442. 302. 348.] | diff. eff.:0.1898629784762252
2026-03-21 17:04:05,884 - AEMSOlogs - INFO - RCWA eval:[334. 368. 140. 450. 414. 354.] | diff. eff.:0.17223750108333288
2026-03-21 17:04:19,137 - AEMSOlogs - INFO - RCWA eval:[373. 337.  80. 379. 299. 158.] | diff. eff.:0.0558312169975945
2026-03-21 17:04:32,373 - AEMSOlogs - INFO - RCWA eval:[169. 410. 202. 441. 168. 184.] | diff. eff.:0.006657957557193307
2026-03-21 17:04:45,596 - AEMSOlogs - INFO - RCWA eval:[264. 370.  69. 335. 376. 157.] | diff. eff.:0.06596240433322414
2026-03-21 17:04:58,794 - AEMSOlogs - INFO - RCWA eval:[260. 293.  86. 251. 446. 328.] | diff. eff.:0.05159809965096676
2026-03-21 17:04:58,809 - AEMSOlogs - INFO - Iteration 17: Best Y = -0.7992590998834517 at x = [0.73090071 0.81976079 0.15910313 0.98902518 0.37885082 0.66852771]
2026-03-21 17:04:58,810 - AEMSOlogs - INFO - Working on simulations...
2026-03-21 17:05:12,045 - AEMSOlogs - INFO - RCWA eval:[219. 312.  74. 373. 245. 313.] | diff. eff.:0.14252592660176056
2026-03-21 17:05:25,319 - AEMSOlogs - INFO - RCWA eval:[263. 340.  24. 392. 257. 219.] | diff. eff.:0.47773596473122676
2026-03-21 17:05:38,563 - AEMSOlogs - INFO - RCWA eval:[242. 437.  21. 396.  75. 377.] | diff. eff.:0.01061853028992398
2026-03-21 17:05:51,770 - AEMSOlogs - INFO - RCWA eval:[169. 369.  68. 304. 187. 173.] | diff. eff.:0.10606073705794765
2026-03-21 17:06:05,001 - AEMSOlogs - INFO - RCWA eval:[258. 312. 162. 403. 255. 248.] | diff. eff.:0.43223939990432886
2026-03-21 17:06:18,235 - AEMSOlogs - INFO - RCWA eval:[278. 300.  22. 318. 233. 247.] | diff. eff.:0.3351902891222572
2026-03-21 17:06:31,447 - AEMSOlogs - INFO - RCWA eval:[333. 314.  23. 319. 303. 220.] | diff. eff.:0.01586744224101613
2026-03-21 17:06:44,717 - AEMSOlogs - INFO - RCWA eval:[245. 328.  69. 336. 248. 207.] | diff. eff.:0.23506049909866575
2026-03-21 17:06:58,004 - AEMSOlogs - INFO - RCWA eval:[184. 267.  73. 319. 111. 192.] | diff. eff.:0.3277836758297898
2026-03-21 17:07:11,231 - AEMSOlogs - INFO - RCWA eval:[272. 314.  89. 443. 134. 371.] | diff. eff.:0.06345806627250523
2026-03-21 17:07:24,435 - AEMSOlogs - INFO - RCWA eval:[215. 342. 149. 448. 227. 202.] | diff. eff.:0.2638373929190133
2026-03-21 17:07:37,655 - AEMSOlogs - INFO - RCWA eval:[295. 388. 103. 391. 277. 251.] | diff. eff.:0.4414585317184334
2026-03-21 17:07:50,853 - AEMSOlogs - INFO - RCWA eval:[220. 290. 171. 328. 138.  62.] | diff. eff.:0.5078307165175806
2026-03-21 17:08:04,098 - AEMSOlogs - INFO - RCWA eval:[327. 361.  25. 448. 266. 308.] | diff. eff.:0.8855517948562063
2026-03-21 17:08:04,112 - AEMSOlogs - INFO - Iteration 18: Best Y = -0.8855517948562063 at x = [0.71469497 0.79330799 0.01196976 0.9958381  0.57194999 0.6697342 ]
2026-03-21 17:08:04,113 - AEMSOlogs - INFO - Working on simulations...
2026-03-21 17:08:17,367 - AEMSOlogs - INFO - RCWA eval:[281. 294. 118. 338. 177. 133.] | diff. eff.:0.6037927267194534
2026-03-21 17:08:30,628 - AEMSOlogs - INFO - RCWA eval:[200. 279.  28. 352. 204. 205.] | diff. eff.:0.3739685290802404
2026-03-21 17:08:43,836 - AEMSOlogs - INFO - RCWA eval:[257. 333. 106. 304. 249.  51.] | diff. eff.:0.10892966960879996
2026-03-21 17:08:57,067 - AEMSOlogs - INFO - RCWA eval:[355. 383. 130. 446. 328. 181.] | diff. eff.:0.3147234743021652
2026-03-21 17:09:10,396 - AEMSOlogs - INFO - RCWA eval:[301. 355.  33. 391. 293. 194.] | diff. eff.:0.5183744263390403
2026-03-21 17:09:23,622 - AEMSOlogs - INFO - RCWA eval:[335. 367. 117. 366. 218. 123.] | diff. eff.:0.3848632329308282
2026-03-21 17:09:36,888 - AEMSOlogs - INFO - RCWA eval:[375. 369.  38. 366. 153. 152.] | diff. eff.:0.03564171575649093
2026-03-21 17:09:50,073 - AEMSOlogs - INFO - RCWA eval:[263. 298.  89. 396. 174.  88.] | diff. eff.:0.41845176912767473
2026-03-21 17:10:03,372 - AEMSOlogs - INFO - RCWA eval:[268. 263. 254. 359. 187. 190.] | diff. eff.:0.4382591484646889
2026-03-21 17:10:16,629 - AEMSOlogs - INFO - RCWA eval:[231. 268.  77. 424. 225. 145.] | diff. eff.:0.11039627806006601
2026-03-21 17:10:29,889 - AEMSOlogs - INFO - RCWA eval:[204. 312. 139. 250. 184.  38.] | diff. eff.:0.004152538287689853
2026-03-21 17:10:43,089 - AEMSOlogs - INFO - RCWA eval:[275. 307.  32. 445. 253. 225.] | diff. eff.:0.2705758510023119
2026-03-21 17:10:56,312 - AEMSOlogs - INFO - RCWA eval:[394. 359.  56. 437. 261. 404.] | diff. eff.:0.1809533301221419
2026-03-21 17:11:09,577 - AEMSOlogs - INFO - RCWA eval:[255. 309. 130. 433. 236. 106.] | diff. eff.:0.2412238486345895
2026-03-21 17:11:09,592 - AEMSOlogs - INFO - Iteration 19: Best Y = -0.8855517948562063 at x = [0.71469497 0.79330799 0.01196976 0.9958381  0.57194999 0.6697342 ]
2026-03-21 17:11:09,593 - AEMSOlogs - INFO - Working on simulations...
2026-03-21 17:11:22,804 - AEMSOlogs - INFO - RCWA eval:[245. 297.  73. 291. 208. 116.] | diff. eff.:0.09208046623409906
2026-03-21 17:11:36,032 - AEMSOlogs - INFO - RCWA eval:[224. 302. 148. 375. 283. 138.] | diff. eff.:0.2205654279615909
2026-03-21 17:11:49,292 - AEMSOlogs - INFO - RCWA eval:[307. 351. 138. 330. 144. 232.] | diff. eff.:0.08247663144475226
2026-03-21 17:12:02,515 - AEMSOlogs - INFO - RCWA eval:[292. 287.  21. 403. 168. 186.] | diff. eff.:0.43646328796656336
2026-03-21 17:12:15,712 - AEMSOlogs - INFO - RCWA eval:[326. 343. 147. 359. 290. 321.] | diff. eff.:0.3281161949661643
2026-03-21 17:12:28,932 - AEMSOlogs - INFO - RCWA eval:[269. 294. 337. 276. 150.  45.] | diff. eff.:0.3890492413105645
2026-03-21 17:12:42,201 - AEMSOlogs - INFO - RCWA eval:[322. 294. 202. 337.  84. 195.] | diff. eff.:0.29472435342319037
2026-03-21 17:12:55,424 - AEMSOlogs - INFO - RCWA eval:[149. 223.  21. 365. 269. 220.] | diff. eff.:0.010321271037280028
2026-03-21 17:13:08,642 - AEMSOlogs - INFO - RCWA eval:[278. 249.  66. 263. 185.  34.] | diff. eff.:0.0065311064016433705
2026-03-21 17:13:21,866 - AEMSOlogs - INFO - RCWA eval:[217. 192.  78. 292. 258.  26.] | diff. eff.:0.0738655463522082
2026-03-21 17:13:35,106 - AEMSOlogs - INFO - RCWA eval:[293. 439.  36. 395. 273. 226.] | diff. eff.:0.256232422881909
2026-03-21 17:13:48,346 - AEMSOlogs - INFO - RCWA eval:[281. 281.  78. 385. 218. 257.] | diff. eff.:0.3500821284582849
2026-03-21 17:14:01,577 - AEMSOlogs - INFO - RCWA eval:[313. 336.  59. 331. 204. 171.] | diff. eff.:0.16721057818249502
2026-03-21 17:14:14,816 - AEMSOlogs - INFO - RCWA eval:[229. 230. 124. 345. 159.  28.] | diff. eff.:0.36592231726004626
2026-03-21 17:14:14,831 - AEMSOlogs - INFO - Iteration 20: Best Y = -0.8855517948562063 at x = [0.71469497 0.79330799 0.01196976 0.9958381  0.57194999 0.6697342 ]
2026-03-21 17:14:14,832 - AEMSOlogs - INFO - Working on simulations...
2026-03-21 17:14:28,085 - AEMSOlogs - INFO - RCWA eval:[249. 281.  25. 358. 182. 191.] | diff. eff.:0.4424835850209854
2026-03-21 17:14:41,346 - AEMSOlogs - INFO - RCWA eval:[346. 382.  21. 292. 286.  79.] | diff. eff.:0.4210193583372628
2026-03-21 17:14:54,623 - AEMSOlogs - INFO - RCWA eval:[230. 254.  96. 414. 265.  97.] | diff. eff.:0.006340816199616683
2026-03-21 17:15:07,821 - AEMSOlogs - INFO - RCWA eval:[255. 196. 370. 322. 170. 113.] | diff. eff.:0.08653183130573071
2026-03-21 17:15:21,090 - AEMSOlogs - INFO - RCWA eval:[243. 295. 214. 247.  58.  64.] | diff. eff.:0.07054711839943416
2026-03-21 17:15:34,324 - AEMSOlogs - INFO - RCWA eval:[296. 358.  55. 355. 260. 239.] | diff. eff.:0.34288148931942763
2026-03-21 17:15:47,590 - AEMSOlogs - INFO - RCWA eval:[214. 233.  21. 322. 175. 124.] | diff. eff.:0.18024854766616394
2026-03-21 17:16:00,859 - AEMSOlogs - INFO - RCWA eval:[165. 191. 230. 284.  20.  83.] | diff. eff.:0.24584208303342622
2026-03-21 17:16:14,078 - AEMSOlogs - INFO - RCWA eval:[227. 338.  25. 391. 279. 196.] | diff. eff.:0.20963109716496406
2026-03-21 17:16:27,299 - AEMSOlogs - INFO - RCWA eval:[282. 229. 138. 229. 206.  69.] | diff. eff.:0.046594794345379116
2026-03-21 17:16:40,544 - AEMSOlogs - INFO - RCWA eval:[307. 365. 228. 447. 284. 359.] | diff. eff.:0.33255345194759617
2026-03-21 17:16:53,760 - AEMSOlogs - INFO - RCWA eval:[333. 314.  47. 267. 270. 136.] | diff. eff.:0.13726334186683425
2026-03-21 17:17:06,999 - AEMSOlogs - INFO - RCWA eval:[277. 344. 132. 444. 203. 238.] | diff. eff.:0.4817302613908808
2026-03-21 17:17:20,239 - AEMSOlogs - INFO - RCWA eval:[350. 352.  20. 361. 191. 154.] | diff. eff.:0.15422456502185117
2026-03-21 17:17:20,258 - AEMSOlogs - INFO - Iteration 21: Best Y = -0.8855517948562063 at x = [0.71469497 0.79330799 0.01196976 0.9958381  0.57194999 0.6697342 ]
2026-03-21 17:17:20,259 - AEMSOlogs - INFO - Working on simulations...
2026-03-21 17:17:33,495 - AEMSOlogs - INFO - RCWA eval:[240. 372.  49. 392. 255. 170.] | diff. eff.:0.1748191337342757
2026-03-21 17:17:46,751 - AEMSOlogs - INFO - RCWA eval:[232. 276.  21. 373. 187. 227.] | diff. eff.:0.2613424804295395
2026-03-21 17:17:59,951 - AEMSOlogs - INFO - RCWA eval:[293. 410. 144. 448. 284. 343.] | diff. eff.:0.38263057002865
2026-03-21 17:18:13,175 - AEMSOlogs - INFO - RCWA eval:[309. 358.  90. 437. 205. 310.] | diff. eff.:0.7493766905526336
2026-03-21 17:18:26,418 - AEMSOlogs - INFO - RCWA eval:[248. 298. 142. 420. 100. 177.] | diff. eff.:0.4377749290373706
2026-03-21 17:18:39,701 - AEMSOlogs - INFO - RCWA eval:[310. 359.  82. 406. 110. 247.] | diff. eff.:0.5394407406647824
2026-03-21 17:18:52,994 - AEMSOlogs - INFO - RCWA eval:[326. 436. 103. 443. 269. 202.] | diff. eff.:0.19124367583161242
2026-03-21 17:19:06,247 - AEMSOlogs - INFO - RCWA eval:[370. 358.  25. 411. 396. 349.] | diff. eff.:0.2197236235904993
2026-03-21 17:19:19,524 - AEMSOlogs - INFO - RCWA eval:[242. 217. 163. 309. 143.  32.] | diff. eff.:0.4383869899434128
2026-03-21 17:19:32,782 - AEMSOlogs - INFO - RCWA eval:[288. 286. 140. 389. 251. 215.] | diff. eff.:0.2984496324293643
2026-03-21 17:19:46,057 - AEMSOlogs - INFO - RCWA eval:[324. 390.  23. 409. 356. 363.] | diff. eff.:0.07010375577114919
2026-03-21 17:19:59,323 - AEMSOlogs - INFO - RCWA eval:[261. 212. 116. 266. 133.  88.] | diff. eff.:0.007390169487710808
2026-03-21 17:20:12,567 - AEMSOlogs - INFO - RCWA eval:[332. 402.  53. 446. 293. 285.] | diff. eff.:0.4111554606033801
2026-03-21 17:20:25,796 - AEMSOlogs - INFO - RCWA eval:[333. 315. 199. 363. 279. 221.] | diff. eff.:0.370765258549333
2026-03-21 17:20:25,811 - AEMSOlogs - INFO - Iteration 22: Best Y = -0.8855517948562063 at x = [0.71469497 0.79330799 0.01196976 0.9958381  0.57194999 0.6697342 ]
2026-03-21 17:20:25,812 - AEMSOlogs - INFO - Working on simulations...
2026-03-21 17:20:39,065 - AEMSOlogs - INFO - RCWA eval:[338. 379.  24. 450. 232. 322.] | diff. eff.:0.8527128582117248
2026-03-21 17:20:52,388 - AEMSOlogs - INFO - RCWA eval:[369. 330.  24. 303.  67. 188.] | diff. eff.:0.048172580473493994
2026-03-21 17:21:05,730 - AEMSOlogs - INFO - RCWA eval:[275. 288. 121. 298. 106.  21.] | diff. eff.:0.11357497053068683
2026-03-21 17:21:19,039 - AEMSOlogs - INFO - RCWA eval:[299. 368.  26. 372. 107. 145.] | diff. eff.:0.22915726430759273
2026-03-21 17:21:32,288 - AEMSOlogs - INFO - RCWA eval:[324. 318.  84. 396. 299. 263.] | diff. eff.:0.3505454100088941
2026-03-21 17:21:45,505 - AEMSOlogs - INFO - RCWA eval:[326. 351.  21. 422. 270. 278.] | diff. eff.:0.8069477988191214
2026-03-21 17:21:58,774 - AEMSOlogs - INFO - RCWA eval:[243. 272. 142. 355. 120. 245.] | diff. eff.:0.34712935102830333
2026-03-21 17:22:12,044 - AEMSOlogs - INFO - RCWA eval:[304. 362.  25. 371. 242. 161.] | diff. eff.:0.5190150305722459
2026-03-21 17:22:25,268 - AEMSOlogs - INFO - RCWA eval:[308. 295.  50. 435. 286. 236.] | diff. eff.:0.1681222621002233
2026-03-21 17:22:38,538 - AEMSOlogs - INFO - RCWA eval:[364. 319. 182. 353.  44. 240.] | diff. eff.:0.09894384761083927
2026-03-21 17:22:51,746 - AEMSOlogs - INFO - RCWA eval:[315. 329.  75. 440. 179. 261.] | diff. eff.:0.5320518003735861
2026-03-21 17:23:04,991 - AEMSOlogs - INFO - RCWA eval:[271. 319.  71. 416.  46. 227.] | diff. eff.:0.606507911114697
2026-03-21 17:23:18,271 - AEMSOlogs - INFO - RCWA eval:[327. 305.  92. 437. 127. 261.] | diff. eff.:0.22569450223616508
2026-03-21 17:23:31,531 - AEMSOlogs - INFO - RCWA eval:[281. 370.  20. 405. 295. 189.] | diff. eff.:0.2505778881634224
2026-03-21 17:23:31,549 - AEMSOlogs - INFO - Iteration 23: Best Y = -0.8855517948562063 at x = [0.71469497 0.79330799 0.01196976 0.9958381  0.57194999 0.6697342 ]
2026-03-21 17:23:31,550 - AEMSOlogs - INFO - Working on simulations...
2026-03-21 17:23:44,822 - AEMSOlogs - INFO - RCWA eval:[324. 305. 118. 435. 113. 227.] | diff. eff.:0.185426558078672
2026-03-21 17:23:58,047 - AEMSOlogs - INFO - RCWA eval:[358. 304. 113. 422. 246. 210.] | diff. eff.:0.20282624605458333
2026-03-21 17:24:11,299 - AEMSOlogs - INFO - RCWA eval:[364. 344.  45. 439. 304. 333.] | diff. eff.:0.29839960135030064
2026-03-21 17:24:24,564 - AEMSOlogs - INFO - RCWA eval:[280. 318.  93. 442. 166. 307.] | diff. eff.:0.4621798845085478
2026-03-21 17:24:37,852 - AEMSOlogs - INFO - RCWA eval:[250. 276. 251. 370. 153. 265.] | diff. eff.:0.31632585856509926
2026-03-21 17:24:51,111 - AEMSOlogs - INFO - RCWA eval:[336. 379.  30. 433. 158. 255.] | diff. eff.:0.45442765200081275
2026-03-21 17:25:04,515 - AEMSOlogs - INFO - RCWA eval:[313. 346. 300. 392. 261. 266.] | diff. eff.:0.3367659588642772
2026-03-21 17:25:18,098 - AEMSOlogs - INFO - RCWA eval:[311. 349. 146. 443. 196. 326.] | diff. eff.:0.6112419421446962
2026-03-21 17:25:31,553 - AEMSOlogs - INFO - RCWA eval:[228. 275. 177. 345. 111. 169.] | diff. eff.:0.4770779237408072
2026-03-21 17:25:45,213 - AEMSOlogs - INFO - RCWA eval:[278. 325.  53. 442. 217. 287.] | diff. eff.:0.5486845157439217
2026-03-21 17:25:58,821 - AEMSOlogs - INFO - RCWA eval:[281. 304.  32. 353. 143. 105.] | diff. eff.:0.6317385467720785
2026-03-21 17:26:12,393 - AEMSOlogs - INFO - RCWA eval:[320. 348.  69. 413. 254. 302.] | diff. eff.:0.8720282701292376
2026-03-21 17:26:26,013 - AEMSOlogs - INFO - RCWA eval:[267. 288. 154. 340.  63. 142.] | diff. eff.:0.46501481792118515
2026-03-21 17:26:39,651 - AEMSOlogs - INFO - RCWA eval:[233. 298.  42. 421. 107. 237.] | diff. eff.:0.46838667791481575
2026-03-21 17:26:39,667 - AEMSOlogs - INFO - Iteration 24: Best Y = -0.8855517948562063 at x = [0.71469497 0.79330799 0.01196976 0.9958381  0.57194999 0.6697342 ]
2026-03-21 17:26:39,668 - AEMSOlogs - INFO - Working on simulations...
2026-03-21 17:26:53,244 - AEMSOlogs - INFO - RCWA eval:[320. 362.  60. 425. 156. 214.] | diff. eff.:0.477802574313753
2026-03-21 17:27:06,951 - AEMSOlogs - INFO - RCWA eval:[290. 295. 115. 406. 231. 156.] | diff. eff.:0.3506578307561811
2026-03-21 17:27:20,698 - AEMSOlogs - INFO - RCWA eval:[359. 354.  42. 449. 189. 274.] | diff. eff.:0.33396575643463805
2026-03-21 17:27:34,421 - AEMSOlogs - INFO - RCWA eval:[304. 313.  62. 446.  56. 257.] | diff. eff.:0.3934790265649232
2026-03-21 17:27:48,177 - AEMSOlogs - INFO - RCWA eval:[362. 375.  48. 436. 228. 304.] | diff. eff.:0.503775717271032
2026-03-21 17:28:01,966 - AEMSOlogs - INFO - RCWA eval:[301. 330.  68. 445. 199. 249.] | diff. eff.:0.5384050452095666
2026-03-21 17:28:15,624 - AEMSOlogs - INFO - RCWA eval:[271. 311.  40. 362. 255. 287.] | diff. eff.:0.4056481054539888
2026-03-21 17:28:29,317 - AEMSOlogs - INFO - RCWA eval:[303. 310.  69. 358. 180. 225.] | diff. eff.:0.5060533193337509
2026-03-21 17:28:43,073 - AEMSOlogs - INFO - RCWA eval:[267. 285. 269. 335. 143. 118.] | diff. eff.:0.5309570038113985
2026-03-21 17:28:56,725 - AEMSOlogs - INFO - RCWA eval:[307. 321. 124. 405. 204. 212.] | diff. eff.:0.5307511022490368
2026-03-21 17:29:10,434 - AEMSOlogs - INFO - RCWA eval:[318. 330. 105. 439. 172. 263.] | diff. eff.:0.44970461519205296
2026-03-21 17:29:24,100 - AEMSOlogs - INFO - RCWA eval:[349. 366.  21. 447. 273. 243.] | diff. eff.:0.46134663105823226
2026-03-21 17:29:37,831 - AEMSOlogs - INFO - RCWA eval:[293. 321.  46. 367. 278. 185.] | diff. eff.:0.5142036032366812
2026-03-21 17:29:51,550 - AEMSOlogs - INFO - RCWA eval:[259. 336. 138. 405. 152. 239.] | diff. eff.:0.5466796533653971
2026-03-21 17:29:51,570 - AEMSOlogs - INFO - Iteration 25: Best Y = -0.8855517948562063 at x = [0.71469497 0.79330799 0.01196976 0.9958381  0.57194999 0.6697342 ]
2026-03-21 17:29:51,571 - AEMSOlogs - INFO - Working on simulations...
2026-03-21 17:30:05,280 - AEMSOlogs - INFO - RCWA eval:[285. 340. 178. 362. 148. 175.] | diff. eff.:0.41028802701798317
2026-03-21 17:30:18,936 - AEMSOlogs - INFO - RCWA eval:[226. 299. 192. 402. 161. 220.] | diff. eff.:0.34647809235055704
2026-03-21 17:30:32,744 - AEMSOlogs - INFO - RCWA eval:[235. 317.  25. 403.  84.  93.] | diff. eff.:0.3391822906890166
2026-03-21 17:30:46,534 - AEMSOlogs - INFO - RCWA eval:[281. 322. 178. 408. 103. 164.] | diff. eff.:0.4858434327787355
2026-03-21 17:31:00,247 - AEMSOlogs - INFO - RCWA eval:[292. 335. 132. 406. 133. 171.] | diff. eff.:0.5111030886571813
2026-03-21 17:31:14,016 - AEMSOlogs - INFO - RCWA eval:[229. 294. 142. 394. 171. 212.] | diff. eff.:0.3379513398918855
2026-03-21 17:31:27,816 - AEMSOlogs - INFO - RCWA eval:[251. 337. 161. 370. 166. 202.] | diff. eff.:0.5144652285089608
2026-03-21 17:31:41,550 - AEMSOlogs - INFO - RCWA eval:[304. 302.  90. 378. 169. 196.] | diff. eff.:0.5233823197336187
2026-03-21 17:31:55,355 - AEMSOlogs - INFO - RCWA eval:[266. 280. 116. 369. 161. 232.] | diff. eff.:0.5004213278801226
2026-03-21 17:32:09,007 - AEMSOlogs - INFO - RCWA eval:[264. 304. 223. 370. 164. 165.] | diff. eff.:0.536177459205421
2026-03-21 17:32:22,619 - AEMSOlogs - INFO - RCWA eval:[303. 357.  51. 446. 247. 353.] | diff. eff.:0.5377737790362832
2026-03-21 17:32:36,293 - AEMSOlogs - INFO - RCWA eval:[219. 290. 180. 387.  78. 114.] | diff. eff.:0.32511857809534217
2026-03-21 17:32:49,945 - AEMSOlogs - INFO - RCWA eval:[299. 330.  36. 436. 198. 200.] | diff. eff.:0.49183704438822984
2026-03-21 17:33:03,619 - AEMSOlogs - INFO - RCWA eval:[264. 299. 218. 327. 101. 120.] | diff. eff.:0.5534948828791288
2026-03-21 17:33:03,640 - AEMSOlogs - INFO - Iteration 26: Best Y = -0.8855517948562063 at x = [0.71469497 0.79330799 0.01196976 0.9958381  0.57194999 0.6697342 ]
2026-03-21 17:33:03,641 - AEMSOlogs - INFO - Working on simulations...
2026-03-21 17:33:17,300 - AEMSOlogs - INFO - RCWA eval:[327. 280. 359. 282. 215. 140.] | diff. eff.:0.2522617865013339
2026-03-21 17:33:31,037 - AEMSOlogs - INFO - RCWA eval:[263. 297. 125. 329. 148. 123.] | diff. eff.:0.5850328674242613
2026-03-21 17:33:44,826 - AEMSOlogs - INFO - RCWA eval:[283. 319.  85. 383. 160. 191.] | diff. eff.:0.5983626202844918
2026-03-21 17:33:58,490 - AEMSOlogs - INFO - RCWA eval:[271. 331. 108. 428. 236. 274.] | diff. eff.:0.6095046152934769
2026-03-21 17:34:12,208 - AEMSOlogs - INFO - RCWA eval:[309. 308. 142. 431. 176. 214.] | diff. eff.:0.2687486265320104
2026-03-21 17:34:25,902 - AEMSOlogs - INFO - RCWA eval:[249. 317. 105. 394.  78. 171.] | diff. eff.:0.5010671107748343
2026-03-21 17:34:39,599 - AEMSOlogs - INFO - RCWA eval:[278. 319. 167. 369.  98. 148.] | diff. eff.:0.5198191583251073
2026-03-21 17:34:53,300 - AEMSOlogs - INFO - RCWA eval:[278. 295. 263. 356. 164. 209.] | diff. eff.:0.5517650859245925
2026-03-21 17:35:06,741 - AEMSOlogs - INFO - RCWA eval:[258. 308. 238. 366. 166. 223.] | diff. eff.:0.5886473584434773
2026-03-21 17:35:20,463 - AEMSOlogs - INFO - RCWA eval:[271. 354.  72. 406. 144. 291.] | diff. eff.:0.6574467960463076
2026-03-21 17:35:34,214 - AEMSOlogs - INFO - RCWA eval:[248. 304. 253. 299.  55. 103.] | diff. eff.:0.3080847892362934
2026-03-21 17:35:47,982 - AEMSOlogs - INFO - RCWA eval:[254. 307.  84. 394. 169. 189.] | diff. eff.:0.45691835483161275
2026-03-21 17:36:01,709 - AEMSOlogs - INFO - RCWA eval:[267. 300. 218. 369. 110. 170.] | diff. eff.:0.5232444745307582
2026-03-21 17:36:15,434 - AEMSOlogs - INFO - RCWA eval:[254. 296. 337. 366.  31. 117.] | diff. eff.:0.8940724345448602
2026-03-21 17:36:15,450 - AEMSOlogs - INFO - Iteration 27: Best Y = -0.8940724345448602 at x = [0.54467777 0.64171276 0.73641344 0.80391618 0.02467174 0.22570162]
2026-03-21 17:36:15,451 - AEMSOlogs - INFO - Working on simulations...
2026-03-21 17:36:29,100 - AEMSOlogs - INFO - RCWA eval:[293. 345. 130. 412. 203. 187.] | diff. eff.:0.5294827918614815
2026-03-21 17:36:42,797 - AEMSOlogs - INFO - RCWA eval:[313. 339. 213. 389. 187. 195.] | diff. eff.:0.4198269719288345
2026-03-21 17:36:56,578 - AEMSOlogs - INFO - RCWA eval:[298. 327. 136. 410.  92. 228.] | diff. eff.:0.5198395287222329
2026-03-21 17:37:10,296 - AEMSOlogs - INFO - RCWA eval:[255. 299. 362. 342.  27. 124.] | diff. eff.:0.3829279885733682
2026-03-21 17:37:24,038 - AEMSOlogs - INFO - RCWA eval:[194. 267. 318. 358.  28. 157.] | diff. eff.:0.6943620471526635
2026-03-21 17:37:37,620 - AEMSOlogs - INFO - RCWA eval:[235. 309. 117. 401. 225. 297.] | diff. eff.:0.3554667794178319
2026-03-21 17:37:51,279 - AEMSOlogs - INFO - RCWA eval:[262. 284. 364. 375.  51. 211.] | diff. eff.:0.5754121155292885
2026-03-21 17:38:04,965 - AEMSOlogs - INFO - RCWA eval:[266. 286. 257. 382.  95. 154.] | diff. eff.:0.48220163315799736
2026-03-21 17:38:18,634 - AEMSOlogs - INFO - RCWA eval:[294. 365.  29. 450. 183. 366.] | diff. eff.:0.17124290493401872
2026-03-21 17:38:32,260 - AEMSOlogs - INFO - RCWA eval:[251. 315. 155. 418. 127. 196.] | diff. eff.:0.4381875400047899
2026-03-21 17:38:45,907 - AEMSOlogs - INFO - RCWA eval:[248. 297. 244. 310.  94.  73.] | diff. eff.:0.47086199530516476
2026-03-21 17:38:59,590 - AEMSOlogs - INFO - RCWA eval:[307. 346. 253. 419. 127. 291.] | diff. eff.:0.5229867369979712
2026-03-21 17:39:13,251 - AEMSOlogs - INFO - RCWA eval:[290. 367.  26. 439. 132. 269.] | diff. eff.:0.5402798180040617
2026-03-21 17:39:26,915 - AEMSOlogs - INFO - RCWA eval:[237. 244. 158. 348.  86. 192.] | diff. eff.:0.3196415839477557
2026-03-21 17:39:26,932 - AEMSOlogs - INFO - Iteration 28: Best Y = -0.8940724345448602 at x = [0.54467777 0.64171276 0.73641344 0.80391618 0.02467174 0.22570162]
2026-03-21 17:39:26,934 - AEMSOlogs - INFO - Working on simulations...
2026-03-21 17:39:40,615 - AEMSOlogs - INFO - RCWA eval:[290. 356. 225. 376. 136. 226.] | diff. eff.:0.3150904869982262
2026-03-21 17:39:54,269 - AEMSOlogs - INFO - RCWA eval:[268. 267. 312. 361.  53. 167.] | diff. eff.:0.6952945170292665
2026-03-21 17:40:07,863 - AEMSOlogs - INFO - RCWA eval:[301. 328. 151. 390. 163. 319.] | diff. eff.:0.5014675130493668
2026-03-21 17:40:21,499 - AEMSOlogs - INFO - RCWA eval:[279. 331. 101. 439. 197. 299.] | diff. eff.:0.6469520204759208
2026-03-21 17:40:35,267 - AEMSOlogs - INFO - RCWA eval:[260. 361.  28. 416. 176. 249.] | diff. eff.:0.4425033326095793
2026-03-21 17:40:48,891 - AEMSOlogs - INFO - RCWA eval:[245. 328. 231. 397. 136. 295.] | diff. eff.:0.5415207562779474
2026-03-21 17:41:02,500 - AEMSOlogs - INFO - RCWA eval:[256. 371. 341. 414.  73. 274.] | diff. eff.:0.2672520757066273
2026-03-21 17:41:16,119 - AEMSOlogs - INFO - RCWA eval:[280. 303. 249. 402.  38. 272.] | diff. eff.:0.40902218435705906
2026-03-21 17:41:29,788 - AEMSOlogs - INFO - RCWA eval:[301. 341.  24. 407. 156. 334.] | diff. eff.:0.44764313341723483
2026-03-21 17:41:43,501 - AEMSOlogs - INFO - RCWA eval:[305. 301. 315. 364. 149. 208.] | diff. eff.:0.6736600603640103
2026-03-21 17:41:57,173 - AEMSOlogs - INFO - RCWA eval:[241. 291. 373. 415.  26. 145.] | diff. eff.:0.2750152419360038
2026-03-21 17:42:10,906 - AEMSOlogs - INFO - RCWA eval:[231. 288. 228. 366.  98. 162.] | diff. eff.:0.4748213451847409
2026-03-21 17:42:24,624 - AEMSOlogs - INFO - RCWA eval:[263. 298. 268. 390.  33. 153.] | diff. eff.:0.5161719124129402
2026-03-21 17:42:38,391 - AEMSOlogs - INFO - RCWA eval:[254. 279. 399. 336.  28. 197.] | diff. eff.:0.3368358369910545
2026-03-21 17:42:38,412 - AEMSOlogs - INFO - Iteration 29: Best Y = -0.8940724345448602 at x = [0.54467777 0.64171276 0.73641344 0.80391618 0.02467174 0.22570162]
2026-03-21 17:42:38,413 - AEMSOlogs - INFO - Working on simulations...
2026-03-21 17:42:52,252 - AEMSOlogs - INFO - RCWA eval:[236. 303. 219. 389.  79. 221.] | diff. eff.:0.48347249040535484
2026-03-21 17:43:06,111 - AEMSOlogs - INFO - RCWA eval:[258. 273. 292. 399.  27. 191.] | diff. eff.:0.4886827004660015
2026-03-21 17:43:19,934 - AEMSOlogs - INFO - RCWA eval:[292. 313. 189. 380. 185. 284.] | diff. eff.:0.6001026143221094
2026-03-21 17:43:33,749 - AEMSOlogs - INFO - RCWA eval:[291. 345. 265. 403. 171. 225.] | diff. eff.:0.3930687889991885
2026-03-21 17:43:47,589 - AEMSOlogs - INFO - RCWA eval:[269. 253. 222. 378.  72. 213.] | diff. eff.:0.22491049758006618
2026-03-21 17:44:01,409 - AEMSOlogs - INFO - RCWA eval:[287. 318. 222. 437. 103. 201.] | diff. eff.:0.35667420856553184
2026-03-21 17:44:15,232 - AEMSOlogs - INFO - RCWA eval:[281. 264. 272. 357. 135. 142.] | diff. eff.:0.33665691636500544
2026-03-21 17:44:29,028 - AEMSOlogs - INFO - RCWA eval:[308. 336. 172. 365. 257. 251.] | diff. eff.:0.6654267644567757
2026-03-21 17:44:42,818 - AEMSOlogs - INFO - RCWA eval:[350. 344.  39. 437. 321. 334.] | diff. eff.:0.2954918147163153
2026-03-21 17:44:56,562 - AEMSOlogs - INFO - RCWA eval:[296. 300. 242. 379. 126. 193.] | diff. eff.:0.4551010146390833
2026-03-21 17:45:10,351 - AEMSOlogs - INFO - RCWA eval:[260. 228. 427. 355.  24. 164.] | diff. eff.:0.29778521078486986
2026-03-21 17:45:24,145 - AEMSOlogs - INFO - RCWA eval:[294. 293. 200. 371. 139. 201.] | diff. eff.:0.45899915710447603
2026-03-21 17:45:37,815 - AEMSOlogs - INFO - RCWA eval:[255. 277. 359. 360.  53. 117.] | diff. eff.:0.5846598891780117
2026-03-21 17:45:51,486 - AEMSOlogs - INFO - RCWA eval:[295. 336. 135. 419.  84. 315.] | diff. eff.:0.5771720057527286
2026-03-21 17:45:51,505 - AEMSOlogs - INFO - Iteration 30: Best Y = -0.8940724345448602 at x = [0.54467777 0.64171276 0.73641344 0.80391618 0.02467174 0.22570162]
2026-03-21 17:45:51,506 - AEMSOlogs - INFO - Working on simulations...
2026-03-21 17:46:05,248 - AEMSOlogs - INFO - RCWA eval:[279. 308. 247. 357. 142. 186.] | diff. eff.:0.46799625101989095
2026-03-21 17:46:18,896 - AEMSOlogs - INFO - RCWA eval:[299. 322. 183. 327. 232. 200.] | diff. eff.:0.17877913473084925
2026-03-21 17:46:32,569 - AEMSOlogs - INFO - RCWA eval:[316. 333.  38. 370. 303. 262.] | diff. eff.:0.45793242662963224
2026-03-21 17:46:46,283 - AEMSOlogs - INFO - RCWA eval:[260. 271. 438. 338.  28. 188.] | diff. eff.:0.3432804106187357
2026-03-21 17:47:00,150 - AEMSOlogs - INFO - RCWA eval:[267. 346. 178. 449. 157. 439.] | diff. eff.:0.22435745385628533
2026-03-21 17:47:13,969 - AEMSOlogs - INFO - RCWA eval:[332. 354.  43. 450. 222. 353.] | diff. eff.:0.49601355691461047
2026-03-21 17:47:27,726 - AEMSOlogs - INFO - RCWA eval:[289. 312. 190. 363.  88. 242.] | diff. eff.:0.5110187780925904
2026-03-21 17:47:41,464 - AEMSOlogs - INFO - RCWA eval:[299. 304. 151. 409. 116. 242.] | diff. eff.:0.41937194919927867
2026-03-21 17:47:55,295 - AEMSOlogs - INFO - RCWA eval:[291. 319. 257. 368. 117. 205.] | diff. eff.:0.5659134590829566
2026-03-21 17:48:08,977 - AEMSOlogs - INFO - RCWA eval:[313. 307. 136. 359. 150. 159.] | diff. eff.:0.4433507735564925
2026-03-21 17:48:22,479 - AEMSOlogs - INFO - RCWA eval:[310. 326. 216. 336. 156. 210.] | diff. eff.:0.2545308913194612
2026-03-21 17:48:35,726 - AEMSOlogs - INFO - RCWA eval:[271. 277. 267. 367.  42. 243.] | diff. eff.:0.45819810430673474
2026-03-21 17:48:48,989 - AEMSOlogs - INFO - RCWA eval:[243. 265. 285. 379.  55. 209.] | diff. eff.:0.4606223924221848
2026-03-21 17:49:02,241 - AEMSOlogs - INFO - RCWA eval:[329. 330. 203. 382. 183. 276.] | diff. eff.:0.6524016462354284
2026-03-21 17:49:02,258 - AEMSOlogs - INFO - Iteration 31: Best Y = -0.8940724345448602 at x = [0.54467777 0.64171276 0.73641344 0.80391618 0.02467174 0.22570162]
2026-03-21 17:49:02,259 - AEMSOlogs - INFO - Working on simulations...
2026-03-21 17:49:15,498 - AEMSOlogs - INFO - RCWA eval:[266. 328.  63. 379. 190. 175.] | diff. eff.:0.5197499906709555
2026-03-21 17:49:28,724 - AEMSOlogs - INFO - RCWA eval:[347. 338. 275. 406. 124. 380.] | diff. eff.:0.009168563564083802
2026-03-21 17:49:41,961 - AEMSOlogs - INFO - RCWA eval:[378. 369. 251. 399. 207. 340.] | diff. eff.:0.21086366496868383
2026-03-21 17:49:55,217 - AEMSOlogs - INFO - RCWA eval:[277. 307. 274. 421. 169. 284.] | diff. eff.:0.4230852944928353
2026-03-21 17:50:08,496 - AEMSOlogs - INFO - RCWA eval:[299. 310. 279. 351.  45. 159.] | diff. eff.:0.518546293103974
2026-03-21 17:50:21,821 - AEMSOlogs - INFO - RCWA eval:[293. 299. 187. 366. 144. 241.] | diff. eff.:0.4991437069214719
2026-03-21 17:50:35,033 - AEMSOlogs - INFO - RCWA eval:[280. 306. 259. 354. 243. 245.] | diff. eff.:0.47559959786467115
2026-03-21 17:50:48,278 - AEMSOlogs - INFO - RCWA eval:[313. 308. 340. 360.  73. 227.] | diff. eff.:0.7096120630941839
2026-03-21 17:51:01,547 - AEMSOlogs - INFO - RCWA eval:[372. 365. 157. 442. 139. 335.] | diff. eff.:0.336449059486375
2026-03-21 17:51:14,859 - AEMSOlogs - INFO - RCWA eval:[322. 309. 165. 356. 140. 206.] | diff. eff.:0.43215166274633027
2026-03-21 17:51:28,123 - AEMSOlogs - INFO - RCWA eval:[324. 354. 117. 438. 146. 351.] | diff. eff.:0.3481015115072633
2026-03-21 17:51:41,373 - AEMSOlogs - INFO - RCWA eval:[334. 337.  56. 372. 209. 297.] | diff. eff.:0.705042217922697
2026-03-21 17:51:54,688 - AEMSOlogs - INFO - RCWA eval:[276. 299. 271. 370. 142. 199.] | diff. eff.:0.5968136644338589
2026-03-21 17:52:07,983 - AEMSOlogs - INFO - RCWA eval:[272. 286. 223. 386. 117. 294.] | diff. eff.:0.22322957598503493
2026-03-21 17:52:07,998 - AEMSOlogs - INFO - Iteration 32: Best Y = -0.8940724345448602 at x = [0.54467777 0.64171276 0.73641344 0.80391618 0.02467174 0.22570162]
2026-03-21 17:52:07,999 - AEMSOlogs - INFO - Working on simulations...
2026-03-21 17:52:21,292 - AEMSOlogs - INFO - RCWA eval:[369. 382.  38. 433. 291. 350.] | diff. eff.:0.48197076620363394
2026-03-21 17:52:34,561 - AEMSOlogs - INFO - RCWA eval:[310. 317. 140. 404. 145. 287.] | diff. eff.:0.44968056468504825
2026-03-21 17:52:47,770 - AEMSOlogs - INFO - RCWA eval:[321. 280. 280. 347.  96. 217.] | diff. eff.:0.3002373487099115
2026-03-21 17:53:01,001 - AEMSOlogs - INFO - RCWA eval:[332. 340. 214. 417. 132. 299.] | diff. eff.:0.6200276242976783
2026-03-21 17:53:14,204 - AEMSOlogs - INFO - RCWA eval:[321. 316. 277. 349. 126. 252.] | diff. eff.:0.30723733784201296
2026-03-21 17:53:27,451 - AEMSOlogs - INFO - RCWA eval:[320. 330. 191. 370.  94. 248.] | diff. eff.:0.5288323976739098
2026-03-21 17:53:40,659 - AEMSOlogs - INFO - RCWA eval:[313. 317. 300. 357. 113. 262.] | diff. eff.:0.5152007012180139
2026-03-21 17:53:53,890 - AEMSOlogs - INFO - RCWA eval:[300. 322. 152. 365. 107. 210.] | diff. eff.:0.5199150587599646
2026-03-21 17:54:07,200 - AEMSOlogs - INFO - RCWA eval:[285. 291. 210. 298. 131. 202.] | diff. eff.:0.11516935751162921
2026-03-21 17:54:20,460 - AEMSOlogs - INFO - RCWA eval:[307. 306. 236. 353.  37. 147.] | diff. eff.:0.40464227571734374
2026-03-21 17:54:33,734 - AEMSOlogs - INFO - RCWA eval:[297. 328. 201. 320. 158. 180.] | diff. eff.:0.10625452192674234
2026-03-21 17:54:46,988 - AEMSOlogs - INFO - RCWA eval:[274. 286. 373. 326. 130. 166.] | diff. eff.:0.1877855539285647
2026-03-21 17:55:00,299 - AEMSOlogs - INFO - RCWA eval:[327. 335. 124. 340. 150. 163.] | diff. eff.:0.1539105928386958
2026-03-21 17:55:13,588 - AEMSOlogs - INFO - RCWA eval:[273. 280. 283. 382.  36. 215.] | diff. eff.:0.5028628341857091
2026-03-21 17:55:13,607 - AEMSOlogs - INFO - Iteration 33: Best Y = -0.8940724345448602 at x = [0.54467777 0.64171276 0.73641344 0.80391618 0.02467174 0.22570162]
2026-03-21 17:55:13,608 - AEMSOlogs - INFO - Working on simulations...
2026-03-21 17:55:26,885 - AEMSOlogs - INFO - RCWA eval:[340. 324. 158. 403. 107. 283.] | diff. eff.:0.28169952283048916
2026-03-21 17:55:40,138 - AEMSOlogs - INFO - RCWA eval:[321. 333. 325. 358.  64. 216.] | diff. eff.:0.5246370681990243
2026-03-21 17:55:53,431 - AEMSOlogs - INFO - RCWA eval:[301. 283. 332. 359.  62. 186.] | diff. eff.:0.6898051817166139
2026-03-21 17:56:06,674 - AEMSOlogs - INFO - RCWA eval:[334. 338. 221. 357. 151. 291.] | diff. eff.:0.3669932693037976
2026-03-21 17:56:19,901 - AEMSOlogs - INFO - RCWA eval:[328. 346.  97. 430.  53. 321.] | diff. eff.:0.546547211962452
2026-03-21 17:56:33,170 - AEMSOlogs - INFO - RCWA eval:[366. 356.  60. 432. 211. 320.] | diff. eff.:0.377080576148405
2026-03-21 17:56:46,428 - AEMSOlogs - INFO - RCWA eval:[276. 304. 257. 357.  30. 188.] | diff. eff.:0.6394389340378563
2026-03-21 17:56:59,666 - AEMSOlogs - INFO - RCWA eval:[328. 333. 223. 384.  27. 237.] | diff. eff.:0.382986260376157
2026-03-21 17:57:12,950 - AEMSOlogs - INFO - RCWA eval:[261. 289. 414. 309.  41. 175.] | diff. eff.:0.19508220479307103
2026-03-21 17:57:26,184 - AEMSOlogs - INFO - RCWA eval:[306. 344. 208. 402.  60. 221.] | diff. eff.:0.35358068591797415
2026-03-21 17:57:39,416 - AEMSOlogs - INFO - RCWA eval:[293. 266. 439. 323.  66. 216.] | diff. eff.:0.14746583997516075
2026-03-21 17:57:52,725 - AEMSOlogs - INFO - RCWA eval:[346. 362. 112. 412. 134. 356.] | diff. eff.:0.3018609364088164
2026-03-21 17:58:05,992 - AEMSOlogs - INFO - RCWA eval:[287. 298. 256. 381.  22. 257.] | diff. eff.:0.45211831150336945
2026-03-21 17:58:19,255 - AEMSOlogs - INFO - RCWA eval:[299. 327. 151. 404.  76. 236.] | diff. eff.:0.5138575232200197
2026-03-21 17:58:19,273 - AEMSOlogs - INFO - Iteration 34: Best Y = -0.8940724345448602 at x = [0.54467777 0.64171276 0.73641344 0.80391618 0.02467174 0.22570162]
2026-03-21 17:58:19,275 - AEMSOlogs - INFO - Working on simulations...
2026-03-21 17:58:32,539 - AEMSOlogs - INFO - RCWA eval:[297. 344. 149. 397. 147. 240.] | diff. eff.:0.5367661704205623
2026-03-21 17:58:45,800 - AEMSOlogs - INFO - RCWA eval:[345. 324. 253. 380.  20. 281.] | diff. eff.:0.2537149466000971
2026-03-21 17:58:59,029 - AEMSOlogs - INFO - RCWA eval:[308. 257. 431. 327.  57. 156.] | diff. eff.:0.11424521517489966
2026-03-21 17:59:12,292 - AEMSOlogs - INFO - RCWA eval:[320. 281. 397. 323.  34. 136.] | diff. eff.:0.08661407894872473
2026-03-21 17:59:25,554 - AEMSOlogs - INFO - RCWA eval:[262. 307. 189. 373.  39. 208.] | diff. eff.:0.5784601195994866
2026-03-21 17:59:38,813 - AEMSOlogs - INFO - RCWA eval:[280. 279. 380. 339.  21. 188.] | diff. eff.:0.31206687743710537
2026-03-21 17:59:52,045 - AEMSOlogs - INFO - RCWA eval:[348. 341. 174. 409. 102. 326.] | diff. eff.:0.2708674714176171
2026-03-21 18:00:05,299 - AEMSOlogs - INFO - RCWA eval:[302. 328. 258. 403.  38. 288.] | diff. eff.:0.4727915895335608
2026-03-21 18:00:18,611 - AEMSOlogs - INFO - RCWA eval:[314. 283. 164. 373.  77. 240.] | diff. eff.:0.32051883237747875
2026-03-21 18:00:31,885 - AEMSOlogs - INFO - RCWA eval:[228. 263. 341. 314.  22.  88.] | diff. eff.:0.6566773950191324
2026-03-21 18:00:45,118 - AEMSOlogs - INFO - RCWA eval:[358. 336. 189. 415. 140. 282.] | diff. eff.:0.3030527519641559
2026-03-21 18:00:58,339 - AEMSOlogs - INFO - RCWA eval:[358. 362. 100. 440.  67. 257.] | diff. eff.:0.20895632245106133
2026-03-21 18:01:11,635 - AEMSOlogs - INFO - RCWA eval:[285. 328. 148. 392.  78. 230.] | diff. eff.:0.5926319713953964
2026-03-21 18:01:24,947 - AEMSOlogs - INFO - RCWA eval:[336. 336. 136. 409.  99. 380.] | diff. eff.:0.09607249136715801
2026-03-21 18:01:24,963 - AEMSOlogs - INFO - Iteration 35: Best Y = -0.8940724345448602 at x = [0.54467777 0.64171276 0.73641344 0.80391618 0.02467174 0.22570162]
2026-03-21 18:01:24,965 - AEMSOlogs - INFO - Working on simulations...
2026-03-21 18:01:38,184 - AEMSOlogs - INFO - RCWA eval:[311. 358. 150. 407. 115. 292.] | diff. eff.:0.46179166348752737
2026-03-21 18:01:51,489 - AEMSOlogs - INFO - RCWA eval:[253. 255. 294. 350.  68. 213.] | diff. eff.:0.6521355711423559
2026-03-21 18:02:04,747 - AEMSOlogs - INFO - RCWA eval:[277. 288. 435. 355. 105. 135.] | diff. eff.:0.44548679607502467
2026-03-21 18:02:18,030 - AEMSOlogs - INFO - RCWA eval:[253. 305. 143. 390.  59. 207.] | diff. eff.:0.44919274547672244
2026-03-21 18:02:31,368 - AEMSOlogs - INFO - RCWA eval:[220. 269. 324. 326.  22. 157.] | diff. eff.:0.6663931987747443
2026-03-21 18:02:44,677 - AEMSOlogs - INFO - RCWA eval:[249. 310. 185. 410.  86. 181.] | diff. eff.:0.5355630497745782
2026-03-21 18:02:57,950 - AEMSOlogs - INFO - RCWA eval:[251. 310. 253. 373.  28. 173.] | diff. eff.:0.5278844421278656
2026-03-21 18:03:11,247 - AEMSOlogs - INFO - RCWA eval:[246. 277. 393. 357.  38. 181.] | diff. eff.:0.4249154747317162
2026-03-21 18:03:24,542 - AEMSOlogs - INFO - RCWA eval:[249. 296. 123. 348.  89. 252.] | diff. eff.:0.5010294186167626
2026-03-21 18:03:37,821 - AEMSOlogs - INFO - RCWA eval:[296. 292. 377. 345.  50. 245.] | diff. eff.:0.3419908784954483
2026-03-21 18:03:51,126 - AEMSOlogs - INFO - RCWA eval:[233. 286. 280. 370.  30. 213.] | diff. eff.:0.5515497192647286
2026-03-21 18:04:04,420 - AEMSOlogs - INFO - RCWA eval:[289. 291. 244. 328.  37.  79.] | diff. eff.:0.4384332420188158
2026-03-21 18:04:17,641 - AEMSOlogs - INFO - RCWA eval:[250. 330. 141. 362.  37. 217.] | diff. eff.:0.4865054725222565
2026-03-21 18:04:30,904 - AEMSOlogs - INFO - RCWA eval:[268. 334. 145. 378.  99. 179.] | diff. eff.:0.49954967227552716
2026-03-21 18:04:30,925 - AEMSOlogs - INFO - Iteration 36: Best Y = -0.8940724345448602 at x = [0.54467777 0.64171276 0.73641344 0.80391618 0.02467174 0.22570162]
2026-03-21 18:04:30,926 - AEMSOlogs - INFO - Working on simulations...
2026-03-21 18:04:44,247 - AEMSOlogs - INFO - RCWA eval:[217. 291. 132. 357.  43. 131.] | diff. eff.:0.5060686662334786
2026-03-21 18:04:57,540 - AEMSOlogs - INFO - RCWA eval:[318. 334.  22. 388. 173. 275.] | diff. eff.:0.748713606216236
2026-03-21 18:05:10,793 - AEMSOlogs - INFO - RCWA eval:[177. 258. 250. 347.  51. 203.] | diff. eff.:0.4534303170144589
2026-03-21 18:05:24,041 - AEMSOlogs - INFO - RCWA eval:[246. 311. 308. 361.  65. 237.] | diff. eff.:0.842452259297385
2026-03-21 18:05:37,285 - AEMSOlogs - INFO - RCWA eval:[272. 262. 360. 359.  27. 251.] | diff. eff.:0.5586355392341548
2026-03-21 18:05:50,618 - AEMSOlogs - INFO - RCWA eval:[264. 263. 363. 347.  38. 215.] | diff. eff.:0.3641537741724076
2026-03-21 18:06:03,873 - AEMSOlogs - INFO - RCWA eval:[252. 288. 301. 370.  22. 184.] | diff. eff.:0.7119891800587159
2026-03-21 18:06:17,102 - AEMSOlogs - INFO - RCWA eval:[305. 332. 193. 342. 146. 234.] | diff. eff.:0.2947656062168639
2026-03-21 18:06:30,330 - AEMSOlogs - INFO - RCWA eval:[267. 307. 159. 383.  92. 274.] | diff. eff.:0.4972047025845405
2026-03-21 18:06:43,553 - AEMSOlogs - INFO - RCWA eval:[205. 311. 260. 391.  68. 149.] | diff. eff.:0.3302958594182876
2026-03-21 18:06:56,767 - AEMSOlogs - INFO - RCWA eval:[280. 331.  53. 390.  69. 244.] | diff. eff.:0.6921426579598066
2026-03-21 18:07:09,989 - AEMSOlogs - INFO - RCWA eval:[224. 282. 210. 356.  54. 101.] | diff. eff.:0.4989368000972723
2026-03-21 18:07:23,217 - AEMSOlogs - INFO - RCWA eval:[261. 288. 264. 369.  94. 294.] | diff. eff.:0.27643743695964673
2026-03-21 18:07:36,447 - AEMSOlogs - INFO - RCWA eval:[266. 303. 173. 378.  45. 189.] | diff. eff.:0.512047624656303
2026-03-21 18:07:36,465 - AEMSOlogs - INFO - Iteration 37: Best Y = -0.8940724345448602 at x = [0.54467777 0.64171276 0.73641344 0.80391618 0.02467174 0.22570162]
2026-03-21 18:07:36,466 - AEMSOlogs - INFO - Working on simulations...
2026-03-21 18:07:49,707 - AEMSOlogs - INFO - RCWA eval:[330. 296. 196. 387.  52. 220.] | diff. eff.:0.2615945900264495
2026-03-21 18:08:02,955 - AEMSOlogs - INFO - RCWA eval:[284. 308. 196. 373. 170. 267.] | diff. eff.:0.568599750517983
2026-03-21 18:08:16,199 - AEMSOlogs - INFO - RCWA eval:[244. 305. 172. 395.  39. 194.] | diff. eff.:0.40652294266447775
2026-03-21 18:08:29,414 - AEMSOlogs - INFO - RCWA eval:[212. 254. 254. 346.  24. 174.] | diff. eff.:0.4913638012207606
2026-03-21 18:08:42,596 - AEMSOlogs - INFO - RCWA eval:[324. 311. 197. 390. 113. 234.] | diff. eff.:0.20984839221033846
2026-03-21 18:08:55,898 - AEMSOlogs - INFO - RCWA eval:[280. 312. 118. 360. 195. 275.] | diff. eff.:0.49047617658582604
2026-03-21 18:09:09,187 - AEMSOlogs - INFO - RCWA eval:[213. 302. 403. 370.  28. 176.] | diff. eff.:0.41741569666267614
2026-03-21 18:09:22,508 - AEMSOlogs - INFO - RCWA eval:[232. 293. 174. 363.  77. 169.] | diff. eff.:0.5050776166035779
2026-03-21 18:09:35,739 - AEMSOlogs - INFO - RCWA eval:[274. 328.  87. 403. 165. 288.] | diff. eff.:0.6256495874569845
2026-03-21 18:09:48,988 - AEMSOlogs - INFO - RCWA eval:[209. 288. 285. 343.  80. 190.] | diff. eff.:0.6509132013709704
2026-03-21 18:10:02,227 - AEMSOlogs - INFO - RCWA eval:[267. 306. 349. 371.  38. 214.] | diff. eff.:0.9122581086066888
2026-03-21 18:10:15,494 - AEMSOlogs - INFO - RCWA eval:[277. 346. 178. 392. 103. 273.] | diff. eff.:0.5722395050181887
2026-03-21 18:10:28,825 - AEMSOlogs - INFO - RCWA eval:[257. 330. 182. 390.  26. 211.] | diff. eff.:0.41216060002036814
2026-03-21 18:10:42,065 - AEMSOlogs - INFO - RCWA eval:[243. 291. 367. 355.  38. 221.] | diff. eff.:0.4572394914258006
2026-03-21 18:10:42,083 - AEMSOlogs - INFO - Iteration 38: Best Y = -0.9122581086066888 at x = [0.57325958 0.66588842 0.76606392 0.81700615 0.04220554 0.45016992]
2026-03-21 18:10:42,084 - AEMSOlogs - INFO - Working on simulations...
2026-03-21 18:10:55,392 - AEMSOlogs - INFO - RCWA eval:[291. 340.  46. 388. 197. 321.] | diff. eff.:0.4742473966231807
2026-03-21 18:11:08,686 - AEMSOlogs - INFO - RCWA eval:[247. 291. 419. 349.  23. 120.] | diff. eff.:0.438158811395249
2026-03-21 18:11:22,046 - AEMSOlogs - INFO - RCWA eval:[208. 290. 235. 308.  40.  77.] | diff. eff.:0.5560676399368216
2026-03-21 18:11:35,351 - AEMSOlogs - INFO - RCWA eval:[203. 280. 311. 340.  20. 188.] | diff. eff.:0.7533049648607051
2026-03-21 18:11:48,688 - AEMSOlogs - INFO - RCWA eval:[265. 364.  85. 425. 184. 300.] | diff. eff.:0.6253383349702311
2026-03-21 18:12:01,954 - AEMSOlogs - INFO - RCWA eval:[221. 310. 299. 369.  51. 190.] | diff. eff.:0.7035060314092721
2026-03-21 18:12:15,280 - AEMSOlogs - INFO - RCWA eval:[215. 297. 216. 343.  26. 196.] | diff. eff.:0.515264781780576
2026-03-21 18:12:28,666 - AEMSOlogs - INFO - RCWA eval:[265. 309. 166. 407. 118. 277.] | diff. eff.:0.49890864704864063
2026-03-21 18:12:41,939 - AEMSOlogs - INFO - RCWA eval:[222. 282. 304. 363. 111. 225.] | diff. eff.:0.6696015726680207
2026-03-21 18:12:55,340 - AEMSOlogs - INFO - RCWA eval:[225. 293. 287. 344.  37. 205.] | diff. eff.:0.6775740115009314
2026-03-21 18:13:08,698 - AEMSOlogs - INFO - RCWA eval:[251. 298. 272. 383.  43. 213.] | diff. eff.:0.5273283568400594
2026-03-21 18:13:22,125 - AEMSOlogs - INFO - RCWA eval:[208. 255. 372. 360.  23. 148.] | diff. eff.:0.30751502753506726
2026-03-21 18:13:35,644 - AEMSOlogs - INFO - RCWA eval:[244. 319. 149. 395. 125. 276.] | diff. eff.:0.5489012836416446
2026-03-21 18:13:49,248 - AEMSOlogs - INFO - RCWA eval:[178. 250. 427. 349. 108. 128.] | diff. eff.:0.2903307423068772
2026-03-21 18:13:49,266 - AEMSOlogs - INFO - Iteration 39: Best Y = -0.9122581086066888 at x = [0.57325958 0.66588842 0.76606392 0.81700615 0.04220554 0.45016992]
2026-03-21 18:13:49,267 - AEMSOlogs - INFO - Working on simulations...
2026-03-21 18:14:02,670 - AEMSOlogs - INFO - RCWA eval:[201. 323. 258. 337.  82. 169.] | diff. eff.:0.12381440927133229
2026-03-21 18:14:16,274 - AEMSOlogs - INFO - RCWA eval:[193. 294. 254. 350.  82. 199.] | diff. eff.:0.5809306101248575
2026-03-21 18:14:29,712 - AEMSOlogs - INFO - RCWA eval:[189. 258. 287. 317.  20. 125.] | diff. eff.:0.5729850652523525
2026-03-21 18:14:43,215 - AEMSOlogs - INFO - RCWA eval:[150. 285. 286. 339.  20. 166.] | diff. eff.:0.6498966543441959
2026-03-21 18:14:56,732 - AEMSOlogs - INFO - RCWA eval:[178. 250. 323. 320.  86. 131.] | diff. eff.:0.5227369143429383
2026-03-21 18:15:10,282 - AEMSOlogs - INFO - RCWA eval:[278. 356. 191. 416. 112. 279.] | diff. eff.:0.2591844148324256
2026-03-21 18:15:23,904 - AEMSOlogs - INFO - RCWA eval:[211. 283. 246. 376.  25. 210.] | diff. eff.:0.369873150601042
2026-03-21 18:15:37,559 - AEMSOlogs - INFO - RCWA eval:[216. 307. 268. 380. 109. 209.] | diff. eff.:0.5146690208255942
2026-03-21 18:15:51,266 - AEMSOlogs - INFO - RCWA eval:[185. 291. 269. 362.  22. 195.] | diff. eff.:0.5522866231008395
2026-03-21 18:16:05,142 - AEMSOlogs - INFO - RCWA eval:[236. 318. 183. 356. 120. 217.] | diff. eff.:0.4395684769677258
2026-03-21 18:16:18,922 - AEMSOlogs - INFO - RCWA eval:[266. 348. 264. 405. 100. 270.] | diff. eff.:0.17366049774901698
2026-03-21 18:16:32,641 - AEMSOlogs - INFO - RCWA eval:[244. 333. 207. 396.  73. 273.] | diff. eff.:0.4990036828795929
2026-03-21 18:16:46,448 - AEMSOlogs - INFO - RCWA eval:[183. 269. 350. 316.  39. 141.] | diff. eff.:0.5260470416371675
2026-03-21 18:17:00,260 - AEMSOlogs - INFO - RCWA eval:[161. 266. 449. 349.  26. 165.] | diff. eff.:0.3165496193380747
2026-03-21 18:17:00,280 - AEMSOlogs - INFO - Iteration 40: Best Y = -0.9122581086066888 at x = [0.57325958 0.66588842 0.76606392 0.81700615 0.04220554 0.45016992]
2026-03-21 18:17:00,281 - AEMSOlogs - INFO - Working on simulations...
2026-03-21 18:17:14,058 - AEMSOlogs - INFO - RCWA eval:[143. 262. 196. 318.  63.  97.] | diff. eff.:0.4812463072579726
2026-03-21 18:17:27,878 - AEMSOlogs - INFO - RCWA eval:[103. 270. 433. 369.  51. 152.] | diff. eff.:0.20922027393354437
2026-03-21 18:17:41,734 - AEMSOlogs - INFO - RCWA eval:[134. 297. 419. 358.  53. 208.] | diff. eff.:0.3743912558942779
2026-03-21 18:17:55,594 - AEMSOlogs - INFO - RCWA eval:[146. 286. 383. 308.  82. 192.] | diff. eff.:0.12922797257265708
2026-03-21 18:18:09,447 - AEMSOlogs - INFO - RCWA eval:[157. 289. 223. 358.  75. 209.] | diff. eff.:0.47468880834231525
2026-03-21 18:18:23,267 - AEMSOlogs - INFO - RCWA eval:[157. 265. 297. 348.  24. 211.] | diff. eff.:0.6385627552665968
2026-03-21 18:18:37,130 - AEMSOlogs - INFO - RCWA eval:[192. 266. 229. 314. 110. 167.] | diff. eff.:0.41996020642559556
2026-03-21 18:18:51,092 - AEMSOlogs - INFO - RCWA eval:[241. 308. 192. 364. 116. 277.] | diff. eff.:0.3209192244735994
2026-03-21 18:19:04,973 - AEMSOlogs - INFO - RCWA eval:[221. 313. 300. 387. 129. 265.] | diff. eff.:0.5695664456141953
2026-03-21 18:19:18,891 - AEMSOlogs - INFO - RCWA eval:[194. 305. 185. 351.  85. 203.] | diff. eff.:0.554980259849395
2026-03-21 18:19:33,260 - AEMSOlogs - INFO - RCWA eval:[186. 275. 347. 314.  67. 115.] | diff. eff.:0.6135924984444666
2026-03-21 18:19:47,326 - AEMSOlogs - INFO - RCWA eval:[202. 266. 394. 376.  57. 144.] | diff. eff.:0.22965679577954162
2026-03-21 18:20:01,000 - AEMSOlogs - INFO - RCWA eval:[ 79. 301. 326. 337.  39. 162.] | diff. eff.:0.639067707034271
2026-03-21 18:20:14,673 - AEMSOlogs - INFO - RCWA eval:[ 62. 242. 450. 291. 181.  57.] | diff. eff.:0.20366810089407061
2026-03-21 18:20:14,691 - AEMSOlogs - INFO - Iteration 41: Best Y = -0.9122581086066888 at x = [0.57325958 0.66588842 0.76606392 0.81700615 0.04220554 0.45016992]
2026-03-21 18:20:14,692 - AEMSOlogs - INFO - Working on simulations...
2026-03-21 18:20:28,429 - AEMSOlogs - INFO - RCWA eval:[ 91. 323. 221. 394.  72. 186.] | diff. eff.:0.218455749956716
2026-03-21 18:20:42,170 - AEMSOlogs - INFO - RCWA eval:[160. 272. 426. 353. 101. 238.] | diff. eff.:0.2864334557793949
2026-03-21 18:20:55,909 - AEMSOlogs - INFO - RCWA eval:[126. 302. 354. 356.  70. 237.] | diff. eff.:0.5713633114076937
2026-03-21 18:21:09,594 - AEMSOlogs - INFO - RCWA eval:[183. 283. 282. 350.  25. 170.] | diff. eff.:0.6614854808793607
2026-03-21 18:21:23,318 - AEMSOlogs - INFO - RCWA eval:[192. 354. 121. 437.  87. 329.] | diff. eff.:0.4314845716382424
2026-03-21 18:21:37,040 - AEMSOlogs - INFO - RCWA eval:[176. 292. 248. 356.  48. 237.] | diff. eff.:0.51903703796525
2026-03-21 18:21:50,758 - AEMSOlogs - INFO - RCWA eval:[184. 275. 302. 282. 135.  84.] | diff. eff.:0.26425163366539606
2026-03-21 18:22:04,573 - AEMSOlogs - INFO - RCWA eval:[129. 221. 434. 337.  40. 139.] | diff. eff.:0.24773051180840597
2026-03-21 18:22:18,280 - AEMSOlogs - INFO - RCWA eval:[131. 330. 275. 367.  56. 221.] | diff. eff.:0.2909806561422887
2026-03-21 18:22:32,036 - AEMSOlogs - INFO - RCWA eval:[280. 307. 231. 386.  52. 219.] | diff. eff.:0.5718622081476182
2026-03-21 18:22:45,730 - AEMSOlogs - INFO - RCWA eval:[120. 303. 393. 345.  50. 148.] | diff. eff.:0.34219936631639325
2026-03-21 18:22:59,497 - AEMSOlogs - INFO - RCWA eval:[184. 271. 400. 356.  20. 199.] | diff. eff.:0.32588458714884333
2026-03-21 18:23:13,207 - AEMSOlogs - INFO - RCWA eval:[242. 288. 310. 346.  75. 171.] | diff. eff.:0.8221321352481301
2026-03-21 18:23:26,985 - AEMSOlogs - INFO - RCWA eval:[177. 345. 124. 373.  50. 213.] | diff. eff.:0.27211914156418354
2026-03-21 18:23:27,002 - AEMSOlogs - INFO - Iteration 42: Best Y = -0.9122581086066888 at x = [0.57325958 0.66588842 0.76606392 0.81700615 0.04220554 0.45016992]
2026-03-21 18:23:27,003 - AEMSOlogs - INFO - Working on simulations...
2026-03-21 18:23:40,741 - AEMSOlogs - INFO - RCWA eval:[261. 291. 304. 349.  28. 177.] | diff. eff.:0.806740743836672
2026-03-21 18:23:54,474 - AEMSOlogs - INFO - RCWA eval:[133. 254. 419. 310.  53. 108.] | diff. eff.:0.380312757440727
2026-03-21 18:24:08,173 - AEMSOlogs - INFO - RCWA eval:[235. 332. 315. 400.  41. 274.] | diff. eff.:0.621136289849949
2026-03-21 18:24:21,888 - AEMSOlogs - INFO - RCWA eval:[170. 300. 333. 359.  24. 230.] | diff. eff.:0.781784221599502
2026-03-21 18:24:35,611 - AEMSOlogs - INFO - RCWA eval:[171. 245. 356. 303.  23.  97.] | diff. eff.:0.2741661776233051
2026-03-21 18:24:49,322 - AEMSOlogs - INFO - RCWA eval:[197. 324. 343. 365.  82. 210.] | diff. eff.:0.7281865465460121
2026-03-21 18:25:03,037 - AEMSOlogs - INFO - RCWA eval:[194. 337. 190. 404.  88. 284.] | diff. eff.:0.46308615835466016
2026-03-21 18:25:16,797 - AEMSOlogs - INFO - RCWA eval:[216. 341. 170. 415.  45. 297.] | diff. eff.:0.40786211038752945
2026-03-21 18:25:30,466 - AEMSOlogs - INFO - RCWA eval:[271. 318. 263. 401. 144. 258.] | diff. eff.:0.5036454311995555
2026-03-21 18:25:44,159 - AEMSOlogs - INFO - RCWA eval:[165. 315. 326. 378.  29. 187.] | diff. eff.:0.7057085100849979
2026-03-21 18:25:57,894 - AEMSOlogs - INFO - RCWA eval:[195. 245. 273. 347.  30. 218.] | diff. eff.:0.4722731780454017
2026-03-21 18:26:11,601 - AEMSOlogs - INFO - RCWA eval:[276. 288. 300. 341.  36. 179.] | diff. eff.:0.6403949673176691
2026-03-21 18:26:25,353 - AEMSOlogs - INFO - RCWA eval:[267. 317. 274. 385.  22. 198.] | diff. eff.:0.4463186430546354
2026-03-21 18:26:39,075 - AEMSOlogs - INFO - RCWA eval:[244. 283. 291. 340.  34. 243.] | diff. eff.:0.5786694760706483
2026-03-21 18:26:39,092 - AEMSOlogs - INFO - Iteration 43: Best Y = -0.9122581086066888 at x = [0.57325958 0.66588842 0.76606392 0.81700615 0.04220554 0.45016992]
2026-03-21 18:26:39,093 - AEMSOlogs - INFO - Working on simulations...
2026-03-21 18:26:52,766 - AEMSOlogs - INFO - RCWA eval:[276. 340. 305. 370.  90. 194.] | diff. eff.:0.7052355467731873
2026-03-21 18:27:06,483 - AEMSOlogs - INFO - RCWA eval:[208. 283. 412. 324.  21. 164.] | diff. eff.:0.2997176455779416
2026-03-21 18:27:20,139 - AEMSOlogs - INFO - RCWA eval:[227. 336. 317. 382. 147. 254.] | diff. eff.:0.19953706007799962
2026-03-21 18:27:33,843 - AEMSOlogs - INFO - RCWA eval:[264. 327. 267. 389.  20. 282.] | diff. eff.:0.5228257493834674
2026-03-21 18:27:47,532 - AEMSOlogs - INFO - RCWA eval:[180. 292. 411. 369.  35. 208.] | diff. eff.:0.34359477959048107
2026-03-21 18:28:01,232 - AEMSOlogs - INFO - RCWA eval:[165. 309. 398. 344.  20. 207.] | diff. eff.:0.3679307202126123
2026-03-21 18:28:14,929 - AEMSOlogs - INFO - RCWA eval:[219. 301. 240. 369.  21. 255.] | diff. eff.:0.48982938606455984
2026-03-21 18:28:28,560 - AEMSOlogs - INFO - RCWA eval:[173. 282. 399. 330.  40. 182.] | diff. eff.:0.30461742669397673
2026-03-21 18:28:42,266 - AEMSOlogs - INFO - RCWA eval:[229. 300. 379. 333.  76. 184.] | diff. eff.:0.2698160171092621
2026-03-21 18:28:56,026 - AEMSOlogs - INFO - RCWA eval:[261. 315. 362. 367.  52. 230.] | diff. eff.:0.6793213980659877
2026-03-21 18:29:09,764 - AEMSOlogs - INFO - RCWA eval:[229. 313. 236. 392.  96. 263.] | diff. eff.:0.49483700483924586
2026-03-21 18:29:23,494 - AEMSOlogs - INFO - RCWA eval:[233. 309. 336. 352.  67. 226.] | diff. eff.:0.8350505098921178
2026-03-21 18:29:37,167 - AEMSOlogs - INFO - RCWA eval:[317. 332. 316. 396.  74. 240.] | diff. eff.:0.43928084585768096
2026-03-21 18:29:50,926 - AEMSOlogs - INFO - RCWA eval:[139. 286. 431. 351.  39. 210.] | diff. eff.:0.34458304065252665
2026-03-21 18:29:50,944 - AEMSOlogs - INFO - Iteration 44: Best Y = -0.9122581086066888 at x = [0.57325958 0.66588842 0.76606392 0.81700615 0.04220554 0.45016992]
2026-03-21 18:29:50,946 - AEMSOlogs - INFO - Working on simulations...
2026-03-21 18:30:04,662 - AEMSOlogs - INFO - RCWA eval:[165. 280. 289. 347.  32. 175.] | diff. eff.:0.6774575985645717
2026-03-21 18:30:18,353 - AEMSOlogs - INFO - RCWA eval:[180. 306. 378. 343.  27. 208.] | diff. eff.:0.30485020695522036
2026-03-21 18:30:32,061 - AEMSOlogs - INFO - RCWA eval:[261. 313. 355. 365.  26. 224.] | diff. eff.:0.7830581929052906
2026-03-21 18:30:45,784 - AEMSOlogs - INFO - RCWA eval:[260. 294. 412. 375.  58. 273.] | diff. eff.:0.36668723023033906
2026-03-21 18:30:59,448 - AEMSOlogs - INFO - RCWA eval:[285. 306. 355. 350.  23. 174.] | diff. eff.:0.6425495356979568
2026-03-21 18:31:13,142 - AEMSOlogs - INFO - RCWA eval:[287. 320. 225. 382. 160. 304.] | diff. eff.:0.611468035880198
2026-03-21 18:31:26,934 - AEMSOlogs - INFO - RCWA eval:[184. 317. 311. 358.  21. 223.] | diff. eff.:0.748654010361852
2026-03-21 18:31:40,623 - AEMSOlogs - INFO - RCWA eval:[273. 311. 446. 324.  48. 145.] | diff. eff.:0.24069983030702766
2026-03-21 18:31:54,325 - AEMSOlogs - INFO - RCWA eval:[262. 347. 196. 402.  40. 305.] | diff. eff.:0.42907298151487516
2026-03-21 18:32:08,043 - AEMSOlogs - INFO - RCWA eval:[283. 336. 167. 398. 110. 270.] | diff. eff.:0.6277527481868657
2026-03-21 18:32:21,756 - AEMSOlogs - INFO - RCWA eval:[205. 357. 354. 400.  70. 288.] | diff. eff.:0.42041518668564026
2026-03-21 18:32:35,449 - AEMSOlogs - INFO - RCWA eval:[330. 306. 307. 355.  20. 200.] | diff. eff.:0.41112577050921045
2026-03-21 18:32:49,148 - AEMSOlogs - INFO - RCWA eval:[296. 313. 443. 346.  23. 178.] | diff. eff.:0.3683988022222018
2026-03-21 18:33:02,846 - AEMSOlogs - INFO - RCWA eval:[208. 316. 373. 364.  56. 301.] | diff. eff.:0.3411507022758913
2026-03-21 18:33:02,862 - AEMSOlogs - INFO - Iteration 45: Best Y = -0.9122581086066888 at x = [0.57325958 0.66588842 0.76606392 0.81700615 0.04220554 0.45016992]
2026-03-21 18:33:02,863 - AEMSOlogs - INFO - Working on simulations...
2026-03-21 18:33:16,539 - AEMSOlogs - INFO - RCWA eval:[201. 303. 294. 353.  20. 207.] | diff. eff.:0.5734897699538926
2026-03-21 18:33:30,267 - AEMSOlogs - INFO - RCWA eval:[217. 316. 327. 353.  68. 188.] | diff. eff.:0.7995579856154622
2026-03-21 18:33:43,973 - AEMSOlogs - INFO - RCWA eval:[278. 316. 307. 377.  23. 242.] | diff. eff.:0.7790042947066443
2026-03-21 18:33:57,690 - AEMSOlogs - INFO - RCWA eval:[218. 298. 314. 352.  32. 213.] | diff. eff.:0.8339794728233136
2026-03-21 18:34:11,380 - AEMSOlogs - INFO - RCWA eval:[316. 326. 336. 370.  21. 237.] | diff. eff.:0.6953841110835977
2026-03-21 18:34:25,043 - AEMSOlogs - INFO - RCWA eval:[247. 322. 208. 362.  33. 219.] | diff. eff.:0.4450788821686727
2026-03-21 18:34:38,676 - AEMSOlogs - INFO - RCWA eval:[212. 301. 306. 344.  25. 184.] | diff. eff.:0.7382607475382373
2026-03-21 18:34:52,343 - AEMSOlogs - INFO - RCWA eval:[235. 309. 254. 370.  54. 214.] | diff. eff.:0.5035192650139259
2026-03-21 18:35:05,993 - AEMSOlogs - INFO - RCWA eval:[183. 308. 290. 355.  64. 227.] | diff. eff.:0.5532951980065931
2026-03-21 18:35:19,701 - AEMSOlogs - INFO - RCWA eval:[230. 324. 269. 358.  84. 223.] | diff. eff.:0.47098136826001596
2026-03-21 18:35:33,436 - AEMSOlogs - INFO - RCWA eval:[216. 306. 213. 337.  20. 190.] | diff. eff.:0.4442824157812795
2026-03-21 18:35:47,148 - AEMSOlogs - INFO - RCWA eval:[252. 340. 376. 386.  21. 263.] | diff. eff.:0.6843504563874171
2026-03-21 18:36:00,853 - AEMSOlogs - INFO - RCWA eval:[178. 299. 306. 335.  86. 193.] | diff. eff.:0.6852870895750757
2026-03-21 18:36:14,552 - AEMSOlogs - INFO - RCWA eval:[218. 322. 337. 381.  61. 272.] | diff. eff.:0.758743143359248
2026-03-21 18:36:14,569 - AEMSOlogs - INFO - Iteration 46: Best Y = -0.9122581086066888 at x = [0.57325958 0.66588842 0.76606392 0.81700615 0.04220554 0.45016992]
2026-03-21 18:36:14,570 - AEMSOlogs - INFO - Working on simulations...
2026-03-21 18:36:28,245 - AEMSOlogs - INFO - RCWA eval:[202. 319. 280. 371.  22. 224.] | diff. eff.:0.301064188358076
2026-03-21 18:36:41,983 - AEMSOlogs - INFO - RCWA eval:[170. 264. 357. 313.  65. 128.] | diff. eff.:0.40998209856352746
2026-03-21 18:36:55,651 - AEMSOlogs - INFO - RCWA eval:[329. 342. 251. 403.  53. 294.] | diff. eff.:0.35916017287352037
2026-03-21 18:37:09,372 - AEMSOlogs - INFO - RCWA eval:[323. 333. 270. 404.  74. 268.] | diff. eff.:0.27242663789968125
2026-03-21 18:37:23,109 - AEMSOlogs - INFO - RCWA eval:[234. 313. 276. 364.  20. 244.] | diff. eff.:0.3446255037282231
2026-03-21 18:37:36,864 - AEMSOlogs - INFO - RCWA eval:[237. 314. 293. 368.  37. 212.] | diff. eff.:0.6730764396938174
2026-03-21 18:37:50,569 - AEMSOlogs - INFO - RCWA eval:[279. 327. 351. 374.  23. 254.] | diff. eff.:0.9092887740433924
2026-03-21 18:38:04,330 - AEMSOlogs - INFO - RCWA eval:[204. 313. 305. 362.  30. 199.] | diff. eff.:0.7351089548912523
2026-03-21 18:38:18,068 - AEMSOlogs - INFO - RCWA eval:[237. 301. 326. 359.  92. 214.] | diff. eff.:0.8763104257173222
2026-03-21 18:38:31,742 - AEMSOlogs - INFO - RCWA eval:[244. 312. 297. 365.  39. 238.] | diff. eff.:0.7579566108964791
2026-03-21 18:38:45,427 - AEMSOlogs - INFO - RCWA eval:[304. 329. 344. 372.  42. 215.] | diff. eff.:0.8123456805437141
2026-03-21 18:38:59,115 - AEMSOlogs - INFO - RCWA eval:[232. 304. 282. 354.  46. 201.] | diff. eff.:0.5274520240861283
2026-03-21 18:39:12,791 - AEMSOlogs - INFO - RCWA eval:[259. 319. 346. 363.  49. 219.] | diff. eff.:0.8666671324403133
2026-03-21 18:39:26,525 - AEMSOlogs - INFO - RCWA eval:[253. 310. 303. 363.  35. 235.] | diff. eff.:0.8165312015738679
2026-03-21 18:39:26,541 - AEMSOlogs - INFO - Iteration 47: Best Y = -0.9122581086066888 at x = [0.57325958 0.66588842 0.76606392 0.81700615 0.04220554 0.45016992]
2026-03-21 18:39:26,543 - AEMSOlogs - INFO - Working on simulations...
2026-03-21 18:39:40,289 - AEMSOlogs - INFO - RCWA eval:[318. 328. 342. 389.  41. 283.] | diff. eff.:0.6451549716536327
2026-03-21 18:39:54,019 - AEMSOlogs - INFO - RCWA eval:[283. 332. 224. 375.  22. 237.] | diff. eff.:0.49496217975289153
2026-03-21 18:40:07,742 - AEMSOlogs - INFO - RCWA eval:[255. 286. 395. 317.  62. 133.] | diff. eff.:0.24664578618448563
2026-03-21 18:40:21,489 - AEMSOlogs - INFO - RCWA eval:[290. 350. 361. 385.  21. 295.] | diff. eff.:0.6124518461356773
2026-03-21 18:40:35,232 - AEMSOlogs - INFO - RCWA eval:[269. 320. 374. 355. 120. 197.] | diff. eff.:0.5089885545046337
2026-03-21 18:40:48,921 - AEMSOlogs - INFO - RCWA eval:[261. 315. 253. 370.  38. 252.] | diff. eff.:0.4122079453527298
2026-03-21 18:41:02,663 - AEMSOlogs - INFO - RCWA eval:[277. 316. 246. 369.  56. 224.] | diff. eff.:0.4895578633653099
2026-03-21 18:41:16,322 - AEMSOlogs - INFO - RCWA eval:[252. 332. 292. 370.  33. 233.] | diff. eff.:0.7064360702553679
2026-03-21 18:41:30,042 - AEMSOlogs - INFO - RCWA eval:[280. 319. 347. 369.  32. 215.] | diff. eff.:0.9228898513457277
2026-03-21 18:41:43,741 - AEMSOlogs - INFO - RCWA eval:[295. 332. 367. 379.  40. 262.] | diff. eff.:0.8001350608599674
2026-03-21 18:41:57,478 - AEMSOlogs - INFO - RCWA eval:[225. 321. 397. 346.  76. 180.] | diff. eff.:0.4117307487518267
2026-03-21 18:42:11,130 - AEMSOlogs - INFO - RCWA eval:[247. 323. 441. 358.  58. 235.] | diff. eff.:0.49975929311893136
2026-03-21 18:42:24,837 - AEMSOlogs - INFO - RCWA eval:[277. 341. 328. 376.  90. 229.] | diff. eff.:0.7542704261063149
2026-03-21 18:42:38,558 - AEMSOlogs - INFO - RCWA eval:[296. 353. 298. 399.  61. 272.] | diff. eff.:0.3262175873913498
2026-03-21 18:42:38,575 - AEMSOlogs - INFO - Iteration 48: Best Y = -0.9228898513457277 at x = [0.60534464 0.69459403 0.75956666 0.81235771 0.02759088 0.45437877]
2026-03-21 18:42:38,577 - AEMSOlogs - INFO - Working on simulations...
2026-03-21 18:42:52,243 - AEMSOlogs - INFO - RCWA eval:[334. 354. 388. 400.  20. 263.] | diff. eff.:0.38357370999085216
2026-03-21 18:43:05,945 - AEMSOlogs - INFO - RCWA eval:[265. 319. 339. 379.  52. 253.] | diff. eff.:0.9062059004956223
2026-03-21 18:43:19,664 - AEMSOlogs - INFO - RCWA eval:[269. 328. 280. 382.  32. 233.] | diff. eff.:0.5695663145802067
2026-03-21 18:43:33,296 - AEMSOlogs - INFO - RCWA eval:[310. 335. 403. 376.  91. 263.] | diff. eff.:0.5924707480797016
2026-03-21 18:43:46,969 - AEMSOlogs - INFO - RCWA eval:[331. 347. 382. 382.  63. 295.] | diff. eff.:0.3635297912587294
2026-03-21 18:44:00,735 - AEMSOlogs - INFO - RCWA eval:[254. 308. 370. 355.  49. 176.] | diff. eff.:0.4742722194826312
2026-03-21 18:44:14,440 - AEMSOlogs - INFO - RCWA eval:[162. 308. 372. 346.  95. 215.] | diff. eff.:0.2872838752737386
2026-03-21 18:44:28,157 - AEMSOlogs - INFO - RCWA eval:[254. 322. 327. 372.  23. 216.] | diff. eff.:0.8843026275543534
2026-03-21 18:44:41,823 - AEMSOlogs - INFO - RCWA eval:[351. 345. 327. 392.  27. 285.] | diff. eff.:0.07633938376816178
2026-03-21 18:44:55,522 - AEMSOlogs - INFO - RCWA eval:[275. 319. 408. 367. 121. 199.] | diff. eff.:0.6066029685458898
2026-03-21 18:45:09,256 - AEMSOlogs - INFO - RCWA eval:[332. 346. 282. 380.  58. 246.] | diff. eff.:0.29315045962948816
2026-03-21 18:45:22,955 - AEMSOlogs - INFO - RCWA eval:[264. 313. 352. 375.  28. 250.] | diff. eff.:0.8790376587805271
2026-03-21 18:45:36,599 - AEMSOlogs - INFO - RCWA eval:[321. 328. 388. 367. 144. 217.] | diff. eff.:0.5872890442076985
2026-03-21 18:45:50,318 - AEMSOlogs - INFO - RCWA eval:[272. 307. 285. 386.  39. 242.] | diff. eff.:0.5631634184418844
2026-03-21 18:45:50,336 - AEMSOlogs - INFO - Iteration 49: Best Y = -0.9228898513457277 at x = [0.60534464 0.69459403 0.75956666 0.81235771 0.02759088 0.45437877]
2026-03-21 18:45:50,337 - AEMSOlogs - INFO - Working on simulations...
2026-03-21 18:46:04,044 - AEMSOlogs - INFO - RCWA eval:[220. 290. 330. 356.  60. 195.] | diff. eff.:0.8250093659795713
2026-03-21 18:46:17,759 - AEMSOlogs - INFO - RCWA eval:[255. 317. 382. 366.  30. 185.] | diff. eff.:0.5456004079305485
2026-03-21 18:46:31,402 - AEMSOlogs - INFO - RCWA eval:[303. 328. 331. 371.  20. 241.] | diff. eff.:0.8160147638980005
2026-03-21 18:46:45,134 - AEMSOlogs - INFO - RCWA eval:[209. 287. 333. 347.  73. 190.] | diff. eff.:0.7935093286619406
2026-03-21 18:46:58,845 - AEMSOlogs - INFO - RCWA eval:[212. 307. 320. 358.  92. 193.] | diff. eff.:0.8326492452788271
2026-03-21 18:47:12,546 - AEMSOlogs - INFO - RCWA eval:[268. 326. 343. 387.  71. 270.] | diff. eff.:0.7993419122094917
2026-03-21 18:47:26,258 - AEMSOlogs - INFO - RCWA eval:[319. 347. 296. 399.  49. 299.] | diff. eff.:0.13416448364213437
2026-03-21 18:47:40,056 - AEMSOlogs - INFO - RCWA eval:[192. 312. 359. 357.  64. 201.] | diff. eff.:0.45554201294661073
2026-03-21 18:47:53,773 - AEMSOlogs - INFO - RCWA eval:[232. 285. 321. 346.  24. 201.] | diff. eff.:0.7937214234341377
2026-03-21 18:48:07,549 - AEMSOlogs - INFO - RCWA eval:[223. 302. 347. 360.  20. 195.] | diff. eff.:0.7999827809044251
2026-03-21 18:48:21,329 - AEMSOlogs - INFO - RCWA eval:[288. 326. 366. 372.  46. 212.] | diff. eff.:0.6959662862286037
2026-03-21 18:48:35,072 - AEMSOlogs - INFO - RCWA eval:[246. 313. 375. 380.  20. 236.] | diff. eff.:0.5457484096368326
2026-03-21 18:48:48,828 - AEMSOlogs - INFO - RCWA eval:[284. 317. 327. 373.  46. 216.] | diff. eff.:0.9079688496739224
2026-03-21 18:49:02,581 - AEMSOlogs - INFO - RCWA eval:[246. 296. 358. 365.  21. 235.] | diff. eff.:0.6702935283251973
2026-03-21 18:49:02,600 - AEMSOlogs - INFO - Iteration 50: Best Y = -0.9228898513457277 at x = [0.60534464 0.69459403 0.75956666 0.81235771 0.02759088 0.45437877]
2026-03-21 18:49:02,601 - AEMSOlogs - INFO - Working on simulations...
2026-03-21 18:49:16,333 - AEMSOlogs - INFO - RCWA eval:[241. 298. 308. 344.  28. 183.] | diff. eff.:0.8173114097863848
2026-03-21 18:49:30,138 - AEMSOlogs - INFO - RCWA eval:[230. 313. 314. 352.  20. 183.] | diff. eff.:0.8230857684212509
2026-03-21 18:49:43,892 - AEMSOlogs - INFO - RCWA eval:[299. 318. 403. 365.  20. 198.] | diff. eff.:0.5377817567922818
2026-03-21 18:49:57,710 - AEMSOlogs - INFO - RCWA eval:[214. 282. 388. 349.  60. 188.] | diff. eff.:0.39654550662916355
2026-03-21 18:50:11,460 - AEMSOlogs - INFO - RCWA eval:[190. 284. 303. 340.  30. 160.] | diff. eff.:0.7394726561046526
2026-03-21 18:50:25,195 - AEMSOlogs - INFO - RCWA eval:[263. 337. 258. 404.  68. 245.] | diff. eff.:0.4003907386342152
2026-03-21 18:50:38,942 - AEMSOlogs - INFO - RCWA eval:[281. 350. 310. 391.  27. 255.] | diff. eff.:0.5498688042195592
2026-03-21 18:50:52,667 - AEMSOlogs - INFO - RCWA eval:[263. 305. 286. 362.  31. 183.] | diff. eff.:0.6164292378648712
2026-03-21 18:51:06,429 - AEMSOlogs - INFO - RCWA eval:[239. 290. 340. 345.  35. 147.] | diff. eff.:0.8187976476705588
2026-03-21 18:51:20,116 - AEMSOlogs - INFO - RCWA eval:[236. 299. 382. 360.  46. 224.] | diff. eff.:0.4825725821364302
2026-03-21 18:51:33,805 - AEMSOlogs - INFO - RCWA eval:[272. 340. 311. 392. 141. 231.] | diff. eff.:0.4790874834554481
2026-03-21 18:51:47,468 - AEMSOlogs - INFO - RCWA eval:[263. 321. 324. 386. 106. 226.] | diff. eff.:0.7113948975308259
2026-03-21 18:52:01,247 - AEMSOlogs - INFO - RCWA eval:[198. 266. 376. 339.  44. 179.] | diff. eff.:0.2797061627965635
2026-03-21 18:52:14,910 - AEMSOlogs - INFO - RCWA eval:[224. 300. 334. 368. 133. 234.] | diff. eff.:0.8109052575382993
2026-03-21 18:52:14,927 - AEMSOlogs - INFO - Iteration 51: Best Y = -0.9228898513457277 at x = [0.60534464 0.69459403 0.75956666 0.81235771 0.02759088 0.45437877]
2026-03-21 18:52:14,928 - AEMSOlogs - INFO - 
=========
 Best obj. function= -0.9228898513457277, geometry= [[280. 319. 347. 369.  32. 215.]] 
 =========
2026-03-21 18:52:14,928 - AEMSOlogs - INFO - Finished!


Job ID: 4000565
Cluster: cluster_dei
User/Group: vergerioed/dottor
State: COMPLETED (exit code 0)
Nodes: 1
Cores per node: 2
CPU Utilized: 05:16:58
CPU Efficiency: 99.08% of 05:19:54 core-walltime
Job Wall-clock time: 02:39:57
Memory Utilized: 1.01 GB
Memory Efficiency: 50.72% of 2.00 GB (2.00 GB/node)
