2026-03-17 14:51:43,661 - AEMSOlogs - INFO - Working on simulations...
2026-03-17 14:52:28,430 - AEMSOlogs - INFO - RCWA eval:[327. 343. 296. 182. 427. 124.] | diff. eff.:0.147585829232318
2026-03-17 14:52:28,698 - AEMSOlogs - INFO - RCWA eval:[337. 129. 259. 291. 148. 200.] | diff. eff.:0.11078792421209151
2026-03-17 14:53:12,317 - AEMSOlogs - INFO - RCWA eval:[163. 252. 162. 387. 279. 326.] | diff. eff.:0.09772782840391012
2026-03-17 14:53:12,761 - AEMSOlogs - INFO - RCWA eval:[152. 113. 222. 194. 312. 263.] | diff. eff.:0.19333550394062332
2026-03-17 14:53:56,400 - AEMSOlogs - INFO - RCWA eval:[167. 293. 189. 282. 181. 140.] | diff. eff.:0.08608166962596495
2026-03-17 14:53:56,750 - AEMSOlogs - INFO - RCWA eval:[295. 113. 239. 331. 291. 233.] | diff. eff.:0.025907247841579863
2026-03-17 14:54:40,298 - AEMSOlogs - INFO - RCWA eval:[313. 251. 279. 266. 237. 256.] | diff. eff.:0.08151682831553247
2026-03-17 14:54:40,762 - AEMSOlogs - INFO - RCWA eval:[198. 185. 148. 289. 337. 363.] | diff. eff.:0.6478337690771356
2026-03-17 14:55:24,159 - AEMSOlogs - INFO - RCWA eval:[216. 180. 261. 223. 347. 149.] | diff. eff.:0.3092789632614356
2026-03-17 14:55:24,530 - AEMSOlogs - INFO - RCWA eval:[278. 107. 254. 448. 225. 334.] | diff. eff.:0.04546327908010895
2026-03-17 14:56:08,068 - AEMSOlogs - INFO - RCWA eval:[169. 158. 198. 235. 168. 240.] | diff. eff.:0.010719942027746097
2026-03-17 14:56:08,390 - AEMSOlogs - INFO - RCWA eval:[247. 331. 220. 424. 360. 277.] | diff. eff.:0.06517860290304042
2026-03-17 14:56:54,347 - AEMSOlogs - INFO - RCWA eval:[280. 256. 259. 244. 323. 208.] | diff. eff.:0.148590729277046
2026-03-17 14:56:54,819 - AEMSOlogs - INFO - RCWA eval:[429. 262.  79. 222. 283. 255.] | diff. eff.:0.0695220555493403
2026-03-17 14:56:54,867 - AEMSOlogs - INFO - Iteration 1: Best Y = -0.6478337690771356 at x = [0.4144434  0.38403666 0.29778583 0.62658333 0.73700017 0.79756876]
2026-03-17 14:56:54,874 - AEMSOlogs - INFO - Working on simulations...
2026-03-17 14:57:41,376 - AEMSOlogs - INFO - RCWA eval:[180. 171. 361. 221.  65. 360.] | diff. eff.:0.0014157610636620435
2026-03-17 14:57:41,401 - AEMSOlogs - INFO - RCWA eval:[212.  25. 295. 298. 161. 394.] | diff. eff.:0.38647491388697935
2026-03-17 14:58:27,827 - AEMSOlogs - INFO - RCWA eval:[314. 168. 125. 138. 179. 342.] | diff. eff.:0.3328554970632
2026-03-17 14:58:27,956 - AEMSOlogs - INFO - RCWA eval:[123. 223. 317. 271. 232. 265.] | diff. eff.:0.03508517741030089
2026-03-17 14:59:14,199 - AEMSOlogs - INFO - RCWA eval:[115. 191. 207. 213. 221. 393.] | diff. eff.:0.10340764036747006
2026-03-17 14:59:14,480 - AEMSOlogs - INFO - RCWA eval:[267. 233. 149. 139. 386. 207.] | diff. eff.:0.09551593981686246
2026-03-17 14:59:58,238 - AEMSOlogs - INFO - RCWA eval:[101.  47.  69. 350. 321. 210.] | diff. eff.:0.1496606352957088
2026-03-17 14:59:58,422 - AEMSOlogs - INFO - RCWA eval:[160. 160. 269. 186. 447. 281.] | diff. eff.:0.04103560324095166
2026-03-17 15:00:44,187 - AEMSOlogs - INFO - RCWA eval:[115. 120. 195. 303. 237. 287.] | diff. eff.:0.1314825798178305
2026-03-17 15:00:44,418 - AEMSOlogs - INFO - RCWA eval:[256. 201. 165. 209. 211. 371.] | diff. eff.:0.019372900301773577
2026-03-17 15:01:31,347 - AEMSOlogs - INFO - RCWA eval:[214. 168. 257. 160. 418. 447.] | diff. eff.:0.056301745919245715
2026-03-17 15:01:31,606 - AEMSOlogs - INFO - RCWA eval:[324. 105. 268. 217. 275. 218.] | diff. eff.:0.2208771674852124
2026-03-17 15:02:18,499 - AEMSOlogs - INFO - RCWA eval:[307. 234. 281. 330. 450. 158.] | diff. eff.:0.17642004822672894
2026-03-17 15:02:18,878 - AEMSOlogs - INFO - RCWA eval:[260. 184. 255. 266. 370. 111.] | diff. eff.:0.23204719117496425
2026-03-17 15:02:18,900 - AEMSOlogs - INFO - Iteration 2: Best Y = -0.6478337690771356 at x = [0.4144434  0.38403666 0.29778583 0.62658333 0.73700017 0.79756876]
2026-03-17 15:02:18,906 - AEMSOlogs - INFO - Working on simulations...
2026-03-17 15:03:06,064 - AEMSOlogs - INFO - RCWA eval:[217.  20. 315. 335. 282. 302.] | diff. eff.:0.0762454375488672
2026-03-17 15:03:06,194 - AEMSOlogs - INFO - RCWA eval:[197. 198. 227. 336. 120. 284.] | diff. eff.:0.03784710283599467
2026-03-17 15:03:53,270 - AEMSOlogs - INFO - RCWA eval:[319. 217. 356. 212. 217. 449.] | diff. eff.:0.10117806159382867
2026-03-17 15:03:53,495 - AEMSOlogs - INFO - RCWA eval:[374.  25. 234. 145. 362. 399.] | diff. eff.:0.14994398893522926
2026-03-17 15:04:41,675 - AEMSOlogs - INFO - RCWA eval:[339. 115. 183.  49. 110. 391.] | diff. eff.:0.15051367030923835
2026-03-17 15:04:41,797 - AEMSOlogs - INFO - RCWA eval:[219.  34. 271. 308. 215. 195.] | diff. eff.:0.18606538560050112
2026-03-17 15:05:30,316 - AEMSOlogs - INFO - RCWA eval:[214. 147. 144. 181. 371. 218.] | diff. eff.:0.032984913753123145
2026-03-17 15:05:30,531 - AEMSOlogs - INFO - RCWA eval:[262. 132. 178. 334. 234. 414.] | diff. eff.:0.1725937869213343
2026-03-17 15:06:18,983 - AEMSOlogs - INFO - RCWA eval:[254. 175. 155. 239. 168. 254.] | diff. eff.:0.04859762040803886
2026-03-17 15:06:19,304 - AEMSOlogs - INFO - RCWA eval:[196. 219. 214. 262. 341. 214.] | diff. eff.:0.11950158617346238
2026-03-17 15:07:07,655 - AEMSOlogs - INFO - RCWA eval:[114. 174.  89. 253. 290. 272.] | diff. eff.:0.18839887430005592
2026-03-17 15:07:07,961 - AEMSOlogs - INFO - RCWA eval:[326. 107. 324. 259. 112. 266.] | diff. eff.:0.24612964363735368
2026-03-17 15:07:56,335 - AEMSOlogs - INFO - RCWA eval:[244. 149. 293. 294. 305. 293.] | diff. eff.:0.20566264350262298
2026-03-17 15:07:56,696 - AEMSOlogs - INFO - RCWA eval:[350.  22. 250. 221. 125. 273.] | diff. eff.:0.2091176367107912
2026-03-17 15:07:56,718 - AEMSOlogs - INFO - Iteration 3: Best Y = -0.6478337690771356 at x = [0.4144434  0.38403666 0.29778583 0.62658333 0.73700017 0.79756876]
2026-03-17 15:07:56,723 - AEMSOlogs - INFO - Working on simulations...
2026-03-17 15:08:45,435 - AEMSOlogs - INFO - RCWA eval:[421. 177. 236. 260. 117. 244.] | diff. eff.:0.04383452316481424
2026-03-17 15:08:45,472 - AEMSOlogs - INFO - RCWA eval:[109.  36. 227. 353. 346. 295.] | diff. eff.:0.1560472831367411
2026-03-17 15:09:34,178 - AEMSOlogs - INFO - RCWA eval:[235. 276. 341. 259. 121. 272.] | diff. eff.:0.16673844221798123
2026-03-17 15:09:34,194 - AEMSOlogs - INFO - RCWA eval:[333.  43. 130. 144. 113. 280.] | diff. eff.:0.32448513864942524
2026-03-17 15:10:22,798 - AEMSOlogs - INFO - RCWA eval:[238.  20. 286. 321. 340. 338.] | diff. eff.:0.7193766530755472
2026-03-17 15:10:22,965 - AEMSOlogs - INFO - RCWA eval:[328.  68. 286. 183.  65. 388.] | diff. eff.:0.04469176020556681
2026-03-17 15:11:11,442 - AEMSOlogs - INFO - RCWA eval:[278.  50. 183.  38. 332. 316.] | diff. eff.:0.09385012834644536
2026-03-17 15:11:11,648 - AEMSOlogs - INFO - RCWA eval:[353. 186. 440. 127.  87. 188.] | diff. eff.:0.10848317364150117
2026-03-17 15:12:00,149 - AEMSOlogs - INFO - RCWA eval:[439.  98. 359. 204.  50. 275.] | diff. eff.:0.1827491728779021
2026-03-17 15:12:00,584 - AEMSOlogs - INFO - RCWA eval:[188.  44. 281. 274. 194. 152.] | diff. eff.:0.12392871741087023
2026-03-17 15:12:48,809 - AEMSOlogs - INFO - RCWA eval:[225. 176. 191. 177.  40. 315.] | diff. eff.:0.055241906952744876
2026-03-17 15:12:49,237 - AEMSOlogs - INFO - RCWA eval:[ 62.  39. 296. 300. 141. 377.] | diff. eff.:0.4238566084025252
2026-03-17 15:13:37,603 - AEMSOlogs - INFO - RCWA eval:[160.  97. 127. 237. 226. 390.] | diff. eff.:0.004351974262853835
2026-03-17 15:13:38,037 - AEMSOlogs - INFO - RCWA eval:[303.  25. 270. 218.  24. 256.] | diff. eff.:0.0708153321206243
2026-03-17 15:13:38,061 - AEMSOlogs - INFO - Iteration 4: Best Y = -0.7193766530755472 at x = [5.06681482e-01 5.02246033e-04 6.18692968e-01 7.00073365e-01
 7.43927613e-01 7.38553308e-01]
2026-03-17 15:13:38,067 - AEMSOlogs - INFO - Working on simulations...
2026-03-17 15:14:26,653 - AEMSOlogs - INFO - RCWA eval:[301. 276. 388. 384. 210. 445.] | diff. eff.:0.32383064244526694
2026-03-17 15:14:26,919 - AEMSOlogs - INFO - RCWA eval:[272.  22. 252. 294. 301. 447.] | diff. eff.:0.14473268113085924
2026-03-17 15:15:15,504 - AEMSOlogs - INFO - RCWA eval:[214. 141. 244. 201. 256. 333.] | diff. eff.:0.20625004864853952
2026-03-17 15:15:15,716 - AEMSOlogs - INFO - RCWA eval:[184. 113. 423. 237. 271. 299.] | diff. eff.:0.303560990755008
2026-03-17 15:16:04,611 - AEMSOlogs - INFO - RCWA eval:[257.  95. 427. 257. 164. 355.] | diff. eff.:0.11176833513380208
2026-03-17 15:16:04,733 - AEMSOlogs - INFO - RCWA eval:[264. 145. 224. 381. 124. 245.] | diff. eff.:0.1211762618670356
2026-03-17 15:16:53,444 - AEMSOlogs - INFO - RCWA eval:[147.  27. 254. 230. 265. 347.] | diff. eff.:0.4221560392834637
2026-03-17 15:16:53,651 - AEMSOlogs - INFO - RCWA eval:[193.  35.  82. 293. 216. 301.] | diff. eff.:0.2581960420185032
2026-03-17 15:17:42,101 - AEMSOlogs - INFO - RCWA eval:[308. 112. 307. 187.  78.  34.] | diff. eff.:0.20550035402118808
2026-03-17 15:17:42,382 - AEMSOlogs - INFO - RCWA eval:[187. 179. 386. 142.  74. 441.] | diff. eff.:0.07344888534916581
2026-03-17 15:18:30,778 - AEMSOlogs - INFO - RCWA eval:[ 88. 146.  35. 255. 308. 310.] | diff. eff.:0.27572353959253704
2026-03-17 15:18:31,004 - AEMSOlogs - INFO - RCWA eval:[186.  30. 287. 264. 360. 329.] | diff. eff.:0.3382037358807165
2026-03-17 15:19:19,575 - AEMSOlogs - INFO - RCWA eval:[260.  99. 287. 287.  35. 449.] | diff. eff.:0.14099718323531477
2026-03-17 15:19:19,646 - AEMSOlogs - INFO - RCWA eval:[151. 195. 420. 263. 266. 385.] | diff. eff.:0.17574005828107692
2026-03-17 15:19:19,667 - AEMSOlogs - INFO - Iteration 5: Best Y = -0.7193766530755472 at x = [5.06681482e-01 5.02246033e-04 6.18692968e-01 7.00073365e-01
 7.43927613e-01 7.38553308e-01]
2026-03-17 15:19:19,673 - AEMSOlogs - INFO - Working on simulations...
2026-03-17 15:20:08,250 - AEMSOlogs - INFO - RCWA eval:[109.  62. 444. 368. 361. 199.] | diff. eff.:0.16094997668510008
2026-03-17 15:20:08,447 - AEMSOlogs - INFO - RCWA eval:[123. 179. 341. 332. 129. 405.] | diff. eff.:0.23130477194987203
2026-03-17 15:20:56,773 - AEMSOlogs - INFO - RCWA eval:[245. 159. 311. 333. 327. 380.] | diff. eff.:0.5755262606069126
2026-03-17 15:20:57,260 - AEMSOlogs - INFO - RCWA eval:[148.  61. 228. 174. 412. 302.] | diff. eff.:0.1507164519502168
2026-03-17 15:21:45,405 - AEMSOlogs - INFO - RCWA eval:[ 56. 247. 301. 445. 294. 370.] | diff. eff.:0.29077134647095615
2026-03-17 15:21:45,878 - AEMSOlogs - INFO - RCWA eval:[450. 137. 143. 252. 375. 275.] | diff. eff.:0.01986296244365098
2026-03-17 15:22:34,170 - AEMSOlogs - INFO - RCWA eval:[269.  27. 119. 321. 225. 447.] | diff. eff.:0.002538063916074948
2026-03-17 15:22:34,701 - AEMSOlogs - INFO - RCWA eval:[220. 125. 258. 112. 253. 300.] | diff. eff.:0.16054950903443696
2026-03-17 15:23:22,788 - AEMSOlogs - INFO - RCWA eval:[408. 134. 336. 242. 178. 244.] | diff. eff.:0.03978253686781813
2026-03-17 15:23:23,448 - AEMSOlogs - INFO - RCWA eval:[ 91.  29. 306. 244. 203. 377.] | diff. eff.:0.07319367808685624
2026-03-17 15:24:11,391 - AEMSOlogs - INFO - RCWA eval:[214.  72. 301. 222. 270. 169.] | diff. eff.:0.037145479867220804
2026-03-17 15:24:11,997 - AEMSOlogs - INFO - RCWA eval:[ 52.  44. 336. 359. 318. 393.] | diff. eff.:0.11838162477408995
2026-03-17 15:24:59,880 - AEMSOlogs - INFO - RCWA eval:[230.  32. 314. 256. 382. 323.] | diff. eff.:0.0384406808854089
2026-03-17 15:25:00,583 - AEMSOlogs - INFO - RCWA eval:[106. 104. 316. 405. 318. 339.] | diff. eff.:0.24375268272339792
2026-03-17 15:25:00,605 - AEMSOlogs - INFO - Iteration 6: Best Y = -0.7193766530755472 at x = [5.06681482e-01 5.02246033e-04 6.18692968e-01 7.00073365e-01
 7.43927613e-01 7.38553308e-01]
2026-03-17 15:25:00,611 - AEMSOlogs - INFO - Working on simulations...
2026-03-17 15:25:49,078 - AEMSOlogs - INFO - RCWA eval:[149.  23. 396. 436. 449. 383.] | diff. eff.:0.04927047492846549
2026-03-17 15:25:49,457 - AEMSOlogs - INFO - RCWA eval:[ 33. 146.  42.  73. 373. 444.] | diff. eff.:0.01048912421051791
2026-03-17 15:26:37,903 - AEMSOlogs - INFO - RCWA eval:[104.  52. 285. 352. 212. 350.] | diff. eff.:0.17564074417255301
2026-03-17 15:26:38,066 - AEMSOlogs - INFO - RCWA eval:[ 83. 238. 333. 449. 271. 449.] | diff. eff.:0.09356917653757305
2026-03-17 15:27:26,521 - AEMSOlogs - INFO - RCWA eval:[241.  83. 445. 450. 222. 440.] | diff. eff.:0.01944156098587302
2026-03-17 15:27:26,749 - AEMSOlogs - INFO - RCWA eval:[138. 143. 282. 430. 241. 288.] | diff. eff.:0.03451215780286773
2026-03-17 15:28:15,089 - AEMSOlogs - INFO - RCWA eval:[ 24.  24. 324. 369. 442. 289.] | diff. eff.:0.09579214051396251
2026-03-17 15:28:15,429 - AEMSOlogs - INFO - RCWA eval:[320.  26. 325. 361. 118. 269.] | diff. eff.:0.1936110236736403
2026-03-17 15:29:03,608 - AEMSOlogs - INFO - RCWA eval:[ 96.  22. 320. 338. 250. 384.] | diff. eff.:0.266810547125339
2026-03-17 15:29:04,121 - AEMSOlogs - INFO - RCWA eval:[223. 316. 194. 312.  60. 230.] | diff. eff.:0.21530446211826265
2026-03-17 15:29:52,472 - AEMSOlogs - INFO - RCWA eval:[167.  92. 239. 198. 357. 221.] | diff. eff.:0.13099100893682547
2026-03-17 15:29:53,019 - AEMSOlogs - INFO - RCWA eval:[166.  39. 273. 322. 218. 328.] | diff. eff.:0.31479825108710446
2026-03-17 15:30:41,086 - AEMSOlogs - INFO - RCWA eval:[301.  20. 447. 338. 121. 445.] | diff. eff.:0.09409328714200114
2026-03-17 15:30:41,727 - AEMSOlogs - INFO - RCWA eval:[137. 256. 132. 236. 381. 271.] | diff. eff.:0.015587221184069548
2026-03-17 15:30:41,751 - AEMSOlogs - INFO - Iteration 7: Best Y = -0.7193766530755472 at x = [5.06681482e-01 5.02246033e-04 6.18692968e-01 7.00073365e-01
 7.43927613e-01 7.38553308e-01]
2026-03-17 15:30:41,756 - AEMSOlogs - INFO - Working on simulations...
2026-03-17 15:31:30,369 - AEMSOlogs - INFO - RCWA eval:[ 64.  20. 279. 446. 403. 326.] | diff. eff.:0.24698319006802685
2026-03-17 15:31:30,413 - AEMSOlogs - INFO - RCWA eval:[ 45. 174. 294. 396. 237. 214.] | diff. eff.:0.035229027043862014
2026-03-17 15:32:19,097 - AEMSOlogs - INFO - RCWA eval:[ 40.  81. 310. 431. 385. 320.] | diff. eff.:0.005088320113414227
2026-03-17 15:32:19,147 - AEMSOlogs - INFO - RCWA eval:[ 22.  53. 224. 272. 169. 307.] | diff. eff.:0.4488339188511585
2026-03-17 15:33:07,800 - AEMSOlogs - INFO - RCWA eval:[152. 130. 317. 252. 167. 280.] | diff. eff.:0.04087988751284639
2026-03-17 15:33:07,962 - AEMSOlogs - INFO - RCWA eval:[265.  58. 304. 281. 146. 258.] | diff. eff.:0.06729159352125022
2026-03-17 15:33:56,392 - AEMSOlogs - INFO - RCWA eval:[211.  44. 352. 447. 360. 275.] | diff. eff.:0.14559057050528845
2026-03-17 15:33:56,654 - AEMSOlogs - INFO - RCWA eval:[227. 150. 135. 302. 166. 381.] | diff. eff.:0.23395433124045062
2026-03-17 15:34:45,015 - AEMSOlogs - INFO - RCWA eval:[179.  94. 368. 297. 147. 209.] | diff. eff.:0.05361113484137603
2026-03-17 15:34:45,302 - AEMSOlogs - INFO - RCWA eval:[187.  70. 189. 232. 331. 287.] | diff. eff.:0.22223023903093425
2026-03-17 15:35:33,614 - AEMSOlogs - INFO - RCWA eval:[204.  45. 229. 259. 120. 312.] | diff. eff.:0.25718931322765304
2026-03-17 15:35:33,952 - AEMSOlogs - INFO - RCWA eval:[242.  20. 258. 235. 332. 406.] | diff. eff.:0.36781867129641627
2026-03-17 15:36:22,185 - AEMSOlogs - INFO - RCWA eval:[283.  53. 280. 308. 237. 337.] | diff. eff.:0.08009586359655502
2026-03-17 15:36:22,570 - AEMSOlogs - INFO - RCWA eval:[188. 248. 448. 378. 214. 293.] | diff. eff.:0.06111229995011208
2026-03-17 15:36:22,590 - AEMSOlogs - INFO - Iteration 8: Best Y = -0.7193766530755472 at x = [5.06681482e-01 5.02246033e-04 6.18692968e-01 7.00073365e-01
 7.43927613e-01 7.38553308e-01]
2026-03-17 15:36:22,595 - AEMSOlogs - INFO - Working on simulations...
2026-03-17 15:37:11,300 - AEMSOlogs - INFO - RCWA eval:[175.  26. 143. 140. 228. 327.] | diff. eff.:0.3705831281195323
2026-03-17 15:37:11,492 - AEMSOlogs - INFO - RCWA eval:[184.  53. 195. 403. 141. 161.] | diff. eff.:0.0067893102146656965
2026-03-17 15:38:00,200 - AEMSOlogs - INFO - RCWA eval:[178. 156. 238. 238. 337. 288.] | diff. eff.:0.28988242919687934
2026-03-17 15:38:00,288 - AEMSOlogs - INFO - RCWA eval:[162.  90. 293. 316. 209. 320.] | diff. eff.:0.27723522456455857
2026-03-17 15:38:49,146 - AEMSOlogs - INFO - RCWA eval:[126.  66. 162. 277.  78. 326.] | diff. eff.:0.5063198441514843
2026-03-17 15:38:49,194 - AEMSOlogs - INFO - RCWA eval:[ 75. 156. 220. 383. 300. 333.] | diff. eff.:0.2733220837860222
2026-03-17 15:39:37,913 - AEMSOlogs - INFO - RCWA eval:[ 74.  62. 320. 234. 223. 265.] | diff. eff.:0.08042724000262434
2026-03-17 15:39:37,933 - AEMSOlogs - INFO - RCWA eval:[128. 130. 259. 325. 277. 416.] | diff. eff.:0.29222026666129974
2026-03-17 15:40:26,666 - AEMSOlogs - INFO - RCWA eval:[144.  23. 302. 305. 171. 189.] | diff. eff.:0.22404564603880525
2026-03-17 15:40:26,823 - AEMSOlogs - INFO - RCWA eval:[110.  91. 223. 290. 273. 273.] | diff. eff.:0.20775087631441494
2026-03-17 15:41:15,583 - AEMSOlogs - INFO - RCWA eval:[ 79. 157. 311. 321. 270. 287.] | diff. eff.:0.04658013354937975
2026-03-17 15:41:15,635 - AEMSOlogs - INFO - RCWA eval:[283.  26. 272. 194.  77. 386.] | diff. eff.:0.060983973996084816
2026-03-17 15:42:04,305 - AEMSOlogs - INFO - RCWA eval:[ 60. 110. 253. 319. 326. 428.] | diff. eff.:0.6483163542380994
2026-03-17 15:42:04,428 - AEMSOlogs - INFO - RCWA eval:[191.  23. 207. 307. 204. 441.] | diff. eff.:0.12030507694888457
2026-03-17 15:42:04,450 - AEMSOlogs - INFO - Iteration 9: Best Y = -0.7193766530755472 at x = [5.06681482e-01 5.02246033e-04 6.18692968e-01 7.00073365e-01
 7.43927613e-01 7.38553308e-01]
2026-03-17 15:42:04,454 - AEMSOlogs - INFO - Working on simulations...
2026-03-17 15:42:52,974 - AEMSOlogs - INFO - RCWA eval:[190.  39. 190. 316. 319. 373.] | diff. eff.:0.6248391214133387
2026-03-17 15:42:53,445 - AEMSOlogs - INFO - RCWA eval:[181. 182. 177. 263.  51. 327.] | diff. eff.:0.284047248978135
2026-03-17 15:43:41,859 - AEMSOlogs - INFO - RCWA eval:[ 33.  90. 195. 208. 241. 214.] | diff. eff.:0.057763104064549334
2026-03-17 15:43:42,203 - AEMSOlogs - INFO - RCWA eval:[ 77.  35. 251. 385. 162. 415.] | diff. eff.:0.05547178580240712
2026-03-17 15:44:30,541 - AEMSOlogs - INFO - RCWA eval:[144.  72. 321. 392. 296. 249.] | diff. eff.:0.009663460318387825
2026-03-17 15:44:31,000 - AEMSOlogs - INFO - RCWA eval:[187. 104. 137.  76. 176. 257.] | diff. eff.:0.06633848333757246
2026-03-17 15:45:19,024 - AEMSOlogs - INFO - RCWA eval:[230. 119. 228. 319. 314. 413.] | diff. eff.:0.2803295257563858
2026-03-17 15:45:19,645 - AEMSOlogs - INFO - RCWA eval:[ 62.  22. 248. 169. 293. 382.] | diff. eff.:0.3306384429213228
2026-03-17 15:46:07,681 - AEMSOlogs - INFO - RCWA eval:[151. 136. 191. 214. 309. 400.] | diff. eff.:0.24879049013242632
2026-03-17 15:46:08,177 - AEMSOlogs - INFO - RCWA eval:[ 59.  71. 304. 375. 307. 424.] | diff. eff.:0.1093587922595318
2026-03-17 15:46:56,357 - AEMSOlogs - INFO - RCWA eval:[ 59. 175. 249. 318. 247. 399.] | diff. eff.:0.32942269055572093
2026-03-17 15:46:56,931 - AEMSOlogs - INFO - RCWA eval:[125.  22. 331. 256. 233. 319.] | diff. eff.:0.20950738327087784
2026-03-17 15:47:45,005 - AEMSOlogs - INFO - RCWA eval:[218.  79. 279. 371. 311. 324.] | diff. eff.:0.12907401545778058
2026-03-17 15:47:45,715 - AEMSOlogs - INFO - RCWA eval:[219. 130. 143. 288. 279. 380.] | diff. eff.:0.29596899828726714
2026-03-17 15:47:45,735 - AEMSOlogs - INFO - Iteration 10: Best Y = -0.7193766530755472 at x = [5.06681482e-01 5.02246033e-04 6.18692968e-01 7.00073365e-01
 7.43927613e-01 7.38553308e-01]
2026-03-17 15:47:45,740 - AEMSOlogs - INFO - Working on simulations...
2026-03-17 15:48:34,607 - AEMSOlogs - INFO - RCWA eval:[215.  81. 152. 294. 175. 364.] | diff. eff.:0.128682529853769
2026-03-17 15:48:34,632 - AEMSOlogs - INFO - RCWA eval:[107. 223. 163. 352. 171. 362.] | diff. eff.:0.09233134859151707
2026-03-17 15:49:23,466 - AEMSOlogs - INFO - RCWA eval:[ 79.  25. 110. 254. 179. 366.] | diff. eff.:0.13247085212887702
2026-03-17 15:49:23,528 - AEMSOlogs - INFO - RCWA eval:[132.  85. 312. 175. 216. 385.] | diff. eff.:0.0597967072486025
2026-03-17 15:50:12,254 - AEMSOlogs - INFO - RCWA eval:[240.  52. 139. 296. 148. 448.] | diff. eff.:0.03601805651495179
2026-03-17 15:50:12,455 - AEMSOlogs - INFO - RCWA eval:[163. 129. 245. 283. 194. 344.] | diff. eff.:0.5153199324767491
2026-03-17 15:51:01,129 - AEMSOlogs - INFO - RCWA eval:[ 63.  33. 255. 312. 204. 428.] | diff. eff.:0.3871538181066334
2026-03-17 15:51:01,240 - AEMSOlogs - INFO - RCWA eval:[119. 104. 165. 258. 273. 338.] | diff. eff.:0.5192919100516679
2026-03-17 15:51:49,644 - AEMSOlogs - INFO - RCWA eval:[ 91.  22. 168. 211. 240. 386.] | diff. eff.:0.12188030455297698
2026-03-17 15:51:50,067 - AEMSOlogs - INFO - RCWA eval:[112.  25. 279. 391. 348. 430.] | diff. eff.:0.4045028549990829
2026-03-17 15:52:38,436 - AEMSOlogs - INFO - RCWA eval:[ 23. 109. 119. 283. 259. 341.] | diff. eff.:0.5074281651591829
2026-03-17 15:52:38,831 - AEMSOlogs - INFO - RCWA eval:[214. 140. 286. 289. 214. 350.] | diff. eff.:0.06637936497770879
2026-03-17 15:53:27,201 - AEMSOlogs - INFO - RCWA eval:[126. 122. 265. 341. 322. 328.] | diff. eff.:0.4569256290357045
2026-03-17 15:53:27,642 - AEMSOlogs - INFO - RCWA eval:[ 99. 131. 207. 278. 390. 438.] | diff. eff.:0.09233381997999336
2026-03-17 15:53:27,662 - AEMSOlogs - INFO - Iteration 11: Best Y = -0.7193766530755472 at x = [5.06681482e-01 5.02246033e-04 6.18692968e-01 7.00073365e-01
 7.43927613e-01 7.38553308e-01]
2026-03-17 15:53:27,668 - AEMSOlogs - INFO - Working on simulations...
2026-03-17 15:54:16,432 - AEMSOlogs - INFO - RCWA eval:[ 61.  97. 114. 307. 193. 333.] | diff. eff.:0.46230472584154647
2026-03-17 15:54:16,484 - AEMSOlogs - INFO - RCWA eval:[ 92.  27. 206. 293. 201. 367.] | diff. eff.:0.43306207181348544
2026-03-17 15:55:05,111 - AEMSOlogs - INFO - RCWA eval:[174. 192. 229. 202. 341. 354.] | diff. eff.:0.4537769012072084
2026-03-17 15:55:05,310 - AEMSOlogs - INFO - RCWA eval:[ 74.  25. 246. 293. 271. 392.] | diff. eff.:0.44729689425731933
2026-03-17 15:55:53,860 - AEMSOlogs - INFO - RCWA eval:[232. 238. 338. 230. 140. 273.] | diff. eff.:0.16602200426663588
2026-03-17 15:55:53,957 - AEMSOlogs - INFO - RCWA eval:[201.  21. 293. 288. 295. 366.] | diff. eff.:0.5943387995265694
2026-03-17 15:56:42,755 - AEMSOlogs - INFO - RCWA eval:[202. 100. 100. 206. 248. 369.] | diff. eff.:0.0551227354894332
2026-03-17 15:56:42,861 - AEMSOlogs - INFO - RCWA eval:[233. 106. 236. 217. 237. 275.] | diff. eff.:0.08139593990351328
2026-03-17 15:57:31,533 - AEMSOlogs - INFO - RCWA eval:[118.  53. 166. 295. 231. 365.] | diff. eff.:0.41576747203146175
2026-03-17 15:57:31,866 - AEMSOlogs - INFO - RCWA eval:[128. 196. 179. 235. 252. 349.] | diff. eff.:0.30230804371975023
2026-03-17 15:58:20,394 - AEMSOlogs - INFO - RCWA eval:[115.  25. 246. 325. 191. 448.] | diff. eff.:0.12756641412014805
2026-03-17 15:58:20,752 - AEMSOlogs - INFO - RCWA eval:[ 25.  76. 134. 258. 262. 447.] | diff. eff.:0.12381065868029785
2026-03-17 15:59:09,301 - AEMSOlogs - INFO - RCWA eval:[ 66. 248. 229. 273. 297. 282.] | diff. eff.:0.19369020474023943
2026-03-17 15:59:09,364 - AEMSOlogs - INFO - RCWA eval:[200. 101. 218. 250. 344. 349.] | diff. eff.:0.5483155698674205
2026-03-17 15:59:09,384 - AEMSOlogs - INFO - Iteration 12: Best Y = -0.7193766530755472 at x = [5.06681482e-01 5.02246033e-04 6.18692968e-01 7.00073365e-01
 7.43927613e-01 7.38553308e-01]
2026-03-17 15:59:09,389 - AEMSOlogs - INFO - Working on simulations...
2026-03-17 15:59:58,200 - AEMSOlogs - INFO - RCWA eval:[ 81.  27. 180. 293. 211. 377.] | diff. eff.:0.3577496894671812
2026-03-17 15:59:58,288 - AEMSOlogs - INFO - RCWA eval:[ 84.  20. 251. 290. 302. 400.] | diff. eff.:0.4699749971337526
2026-03-17 16:00:46,998 - AEMSOlogs - INFO - RCWA eval:[152.  39. 248. 294. 277. 346.] | diff. eff.:0.39821137187189204
2026-03-17 16:00:47,098 - AEMSOlogs - INFO - RCWA eval:[ 59.  22. 189. 324. 238. 338.] | diff. eff.:0.21435590494976334
2026-03-17 16:01:35,906 - AEMSOlogs - INFO - RCWA eval:[235.  28. 211. 264. 226. 360.] | diff. eff.:0.05882924256975715
2026-03-17 16:01:36,175 - AEMSOlogs - INFO - RCWA eval:[ 68. 158. 236. 279. 283. 321.] | diff. eff.:0.6054394604278921
2026-03-17 16:02:24,753 - AEMSOlogs - INFO - RCWA eval:[107.  20. 245. 310. 237. 355.] | diff. eff.:0.45852328989957086
2026-03-17 16:02:24,872 - AEMSOlogs - INFO - RCWA eval:[233.  20. 261. 245. 252. 355.] | diff. eff.:0.25905281490299437
2026-03-17 16:03:13,652 - AEMSOlogs - INFO - RCWA eval:[250.  55. 298. 225. 281. 375.] | diff. eff.:0.18460933051993983
2026-03-17 16:03:13,791 - AEMSOlogs - INFO - RCWA eval:[107.  79. 189. 323. 337. 408.] | diff. eff.:0.5962772680910472
2026-03-17 16:04:02,660 - AEMSOlogs - INFO - RCWA eval:[211.  38. 263. 287. 287. 355.] | diff. eff.:0.6741383641425129
2026-03-17 16:04:02,766 - AEMSOlogs - INFO - RCWA eval:[142. 103. 342. 272. 404. 358.] | diff. eff.:0.06779525410599026
2026-03-17 16:04:47,875 - AEMSOlogs - INFO - RCWA eval:[ 35.  69. 225. 348. 331. 365.] | diff. eff.:0.5657830474163524
2026-03-17 16:04:48,154 - AEMSOlogs - INFO - RCWA eval:[240.  37. 178. 251. 227. 300.] | diff. eff.:0.22100973420949072
2026-03-17 16:04:48,173 - AEMSOlogs - INFO - Iteration 13: Best Y = -0.7193766530755472 at x = [5.06681482e-01 5.02246033e-04 6.18692968e-01 7.00073365e-01
 7.43927613e-01 7.38553308e-01]
2026-03-17 16:04:48,178 - AEMSOlogs - INFO - Working on simulations...
2026-03-17 16:05:31,868 - AEMSOlogs - INFO - RCWA eval:[159.  38. 283. 421. 341. 367.] | diff. eff.:0.5440883201745
2026-03-17 16:05:31,876 - AEMSOlogs - INFO - RCWA eval:[ 50. 197. 226. 317. 328. 320.] | diff. eff.:0.5437943099422032
2026-03-17 16:06:15,502 - AEMSOlogs - INFO - RCWA eval:[ 28.  62. 270. 314. 356. 450.] | diff. eff.:0.5508752105748257
2026-03-17 16:06:15,672 - AEMSOlogs - INFO - RCWA eval:[264.  21. 275. 293. 220. 336.] | diff. eff.:0.09391610230886752
2026-03-17 16:06:59,138 - AEMSOlogs - INFO - RCWA eval:[119.  26. 208. 252. 323. 371.] | diff. eff.:0.5266002979204775
2026-03-17 16:06:59,419 - AEMSOlogs - INFO - RCWA eval:[ 63. 186. 206. 303. 325. 333.] | diff. eff.:0.7188264186158939
2026-03-17 16:07:42,742 - AEMSOlogs - INFO - RCWA eval:[196.  77. 270. 326. 254. 322.] | diff. eff.:0.1669413673246859
2026-03-17 16:07:43,195 - AEMSOlogs - INFO - RCWA eval:[110.  77. 231. 294. 244. 377.] | diff. eff.:0.43444175497686055
2026-03-17 16:08:26,309 - AEMSOlogs - INFO - RCWA eval:[ 24. 100. 260. 313. 374. 370.] | diff. eff.:0.5014583058755104
2026-03-17 16:08:26,806 - AEMSOlogs - INFO - RCWA eval:[140.  68. 173. 350. 303. 335.] | diff. eff.:0.28654747814989456
2026-03-17 16:09:09,916 - AEMSOlogs - INFO - RCWA eval:[192.  28. 266. 243. 268. 369.] | diff. eff.:0.3587392605836525
2026-03-17 16:09:10,484 - AEMSOlogs - INFO - RCWA eval:[115.  30. 232. 311. 287. 398.] | diff. eff.:0.4132437940008961
2026-03-17 16:09:53,596 - AEMSOlogs - INFO - RCWA eval:[147.  96. 280. 210. 281. 361.] | diff. eff.:0.3186972305408441
2026-03-17 16:09:54,160 - AEMSOlogs - INFO - RCWA eval:[117.  52. 253. 305. 270. 314.] | diff. eff.:0.42479689817111826
2026-03-17 16:09:54,179 - AEMSOlogs - INFO - Iteration 14: Best Y = -0.7193766530755472 at x = [5.06681482e-01 5.02246033e-04 6.18692968e-01 7.00073365e-01
 7.43927613e-01 7.38553308e-01]
2026-03-17 16:09:54,184 - AEMSOlogs - INFO - Working on simulations...
2026-03-17 16:10:37,826 - AEMSOlogs - INFO - RCWA eval:[ 71. 215. 296. 262. 274. 279.] | diff. eff.:0.05833001168416892
2026-03-17 16:10:37,928 - AEMSOlogs - INFO - RCWA eval:[ 34.  38. 233. 394. 252. 439.] | diff. eff.:0.012005006838730074
2026-03-17 16:11:21,506 - AEMSOlogs - INFO - RCWA eval:[ 24. 176. 264. 331. 349. 289.] | diff. eff.:0.3317553044533606
2026-03-17 16:11:21,677 - AEMSOlogs - INFO - RCWA eval:[ 30.  84. 240. 391. 394. 357.] | diff. eff.:0.15009088432748735
2026-03-17 16:12:05,100 - AEMSOlogs - INFO - RCWA eval:[104.  97. 275. 279. 364. 376.] | diff. eff.:0.559068668504857
2026-03-17 16:12:05,267 - AEMSOlogs - INFO - RCWA eval:[ 76. 298. 345. 321. 380. 263.] | diff. eff.:0.39821812826436986
2026-03-17 16:12:48,689 - AEMSOlogs - INFO - RCWA eval:[138.  86. 220. 271. 279. 339.] | diff. eff.:0.5129427484382962
2026-03-17 16:12:48,938 - AEMSOlogs - INFO - RCWA eval:[ 39. 207. 241. 292. 319. 353.] | diff. eff.:0.8563272177586733
2026-03-17 16:13:32,272 - AEMSOlogs - INFO - RCWA eval:[ 97. 138. 198. 303. 333. 381.] | diff. eff.:0.7160341303596123
2026-03-17 16:13:32,487 - AEMSOlogs - INFO - RCWA eval:[ 37. 117. 279. 388. 337. 428.] | diff. eff.:0.4148910037601009
2026-03-17 16:14:15,870 - AEMSOlogs - INFO - RCWA eval:[ 92. 190. 259. 256. 435. 385.] | diff. eff.:0.1918153326056405
2026-03-17 16:14:16,175 - AEMSOlogs - INFO - RCWA eval:[ 51. 125. 193. 324. 295. 321.] | diff. eff.:0.3952865204698239
2026-03-17 16:14:59,418 - AEMSOlogs - INFO - RCWA eval:[ 86. 108. 232. 267. 313. 371.] | diff. eff.:0.6340209489658024
2026-03-17 16:14:59,777 - AEMSOlogs - INFO - RCWA eval:[ 53. 293. 240. 384. 347. 310.] | diff. eff.:0.04135608321408843
2026-03-17 16:14:59,798 - AEMSOlogs - INFO - Iteration 15: Best Y = -0.8563272177586733 at x = [0.04380358 0.43420906 0.51450459 0.63263488 0.69589142 0.77453068]
2026-03-17 16:14:59,802 - AEMSOlogs - INFO - Working on simulations...
2026-03-17 16:15:43,548 - AEMSOlogs - INFO - RCWA eval:[ 27. 285. 238. 320. 442. 389.] | diff. eff.:0.3760220539233924
2026-03-17 16:15:43,752 - AEMSOlogs - INFO - RCWA eval:[108.  22. 211. 379. 261. 375.] | diff. eff.:0.06034728297458712
2026-03-17 16:16:27,381 - AEMSOlogs - INFO - RCWA eval:[ 24. 235. 256. 318. 372. 361.] | diff. eff.:0.5670924038028881
2026-03-17 16:16:27,571 - AEMSOlogs - INFO - RCWA eval:[120.  20. 239. 282. 307. 406.] | diff. eff.:0.562139316754793
2026-03-17 16:17:11,174 - AEMSOlogs - INFO - RCWA eval:[135.  77. 271. 265. 342. 372.] | diff. eff.:0.7832145973017006
2026-03-17 16:17:11,445 - AEMSOlogs - INFO - RCWA eval:[ 25. 228. 274. 307. 283. 351.] | diff. eff.:0.6028292611253948
2026-03-17 16:17:54,817 - AEMSOlogs - INFO - RCWA eval:[149. 259. 213. 239. 368. 316.] | diff. eff.:0.04022892043975494
2026-03-17 16:17:55,265 - AEMSOlogs - INFO - RCWA eval:[ 38. 197. 195. 285. 227. 350.] | diff. eff.:0.5203172736943076
2026-03-17 16:18:38,506 - AEMSOlogs - INFO - RCWA eval:[135.  76. 287. 281. 229. 301.] | diff. eff.:0.20045729386143177
2026-03-17 16:18:38,920 - AEMSOlogs - INFO - RCWA eval:[136.  26. 235. 288. 275. 399.] | diff. eff.:0.2134055128584622
2026-03-17 16:19:22,153 - AEMSOlogs - INFO - RCWA eval:[ 29. 272. 258. 268. 303. 359.] | diff. eff.:0.580765415800984
2026-03-17 16:19:22,835 - AEMSOlogs - INFO - RCWA eval:[ 62. 229. 191. 303. 305. 303.] | diff. eff.:0.3367016717566786
2026-03-17 16:20:05,743 - AEMSOlogs - INFO - RCWA eval:[ 46. 196. 237. 344. 444. 448.] | diff. eff.:0.0726818117959368
2026-03-17 16:20:06,462 - AEMSOlogs - INFO - RCWA eval:[ 21. 210. 223. 288. 391. 395.] | diff. eff.:0.2726662742529338
2026-03-17 16:20:06,482 - AEMSOlogs - INFO - Iteration 16: Best Y = -0.8563272177586733 at x = [0.04380358 0.43420906 0.51450459 0.63263488 0.69589142 0.77453068]
2026-03-17 16:20:06,487 - AEMSOlogs - INFO - Working on simulations...
2026-03-17 16:20:50,051 - AEMSOlogs - INFO - RCWA eval:[ 44. 306. 289. 320. 384. 379.] | diff. eff.:0.20691512430887585
2026-03-17 16:20:50,261 - AEMSOlogs - INFO - RCWA eval:[ 51. 160. 229. 257. 313. 368.] | diff. eff.:0.661182712591739
2026-03-17 16:21:33,826 - AEMSOlogs - INFO - RCWA eval:[ 78. 180. 280. 259. 393. 394.] | diff. eff.:0.24148584921113983
2026-03-17 16:21:33,942 - AEMSOlogs - INFO - RCWA eval:[126.  31. 254. 264. 349. 357.] | diff. eff.:0.7184131181771668
2026-03-17 16:22:17,476 - AEMSOlogs - INFO - RCWA eval:[ 44. 235. 242. 341. 321. 414.] | diff. eff.:0.5207626089972671
2026-03-17 16:22:17,570 - AEMSOlogs - INFO - RCWA eval:[134. 132. 302. 271. 333. 369.] | diff. eff.:0.6462564241682296
2026-03-17 16:23:01,161 - AEMSOlogs - INFO - RCWA eval:[ 21. 171. 289. 356. 303. 434.] | diff. eff.:0.19585729780713695
2026-03-17 16:23:01,279 - AEMSOlogs - INFO - RCWA eval:[121. 147. 276. 271. 240. 379.] | diff. eff.:0.34292554597214564
2026-03-17 16:23:44,838 - AEMSOlogs - INFO - RCWA eval:[104. 118. 327. 365. 346. 386.] | diff. eff.:0.33363605064805935
2026-03-17 16:23:45,045 - AEMSOlogs - INFO - RCWA eval:[155. 124. 262. 303. 407. 373.] | diff. eff.:0.45102588158967066
2026-03-17 16:24:28,464 - AEMSOlogs - INFO - RCWA eval:[ 42. 249. 303. 252. 312. 361.] | diff. eff.:0.2895815759091242
2026-03-17 16:24:28,728 - AEMSOlogs - INFO - RCWA eval:[ 28.  53. 285. 379. 299. 392.] | diff. eff.:0.14728302158978965
2026-03-17 16:25:11,999 - AEMSOlogs - INFO - RCWA eval:[ 62. 139. 263. 309. 362. 405.] | diff. eff.:0.5596350701449027
2026-03-17 16:25:12,341 - AEMSOlogs - INFO - RCWA eval:[ 21. 248. 226. 237. 293. 320.] | diff. eff.:0.33534564553911744
2026-03-17 16:25:12,362 - AEMSOlogs - INFO - Iteration 17: Best Y = -0.8563272177586733 at x = [0.04380358 0.43420906 0.51450459 0.63263488 0.69589142 0.77453068]
2026-03-17 16:25:12,367 - AEMSOlogs - INFO - Working on simulations...
2026-03-17 16:25:56,003 - AEMSOlogs - INFO - RCWA eval:[ 57. 134. 286. 326. 414. 381.] | diff. eff.:0.4742808399223398
2026-03-17 16:25:56,165 - AEMSOlogs - INFO - RCWA eval:[ 92.  98. 257. 230. 296. 398.] | diff. eff.:0.4545730586824371
2026-03-17 16:26:39,721 - AEMSOlogs - INFO - RCWA eval:[ 38.  21. 276. 278. 347. 386.] | diff. eff.:0.7593389304926513
2026-03-17 16:26:39,953 - AEMSOlogs - INFO - RCWA eval:[118.  51. 208. 274. 373. 398.] | diff. eff.:0.20646758411605198
2026-03-17 16:27:23,410 - AEMSOlogs - INFO - RCWA eval:[100.  31. 312. 301. 321. 398.] | diff. eff.:0.5014079380200496
2026-03-17 16:27:23,614 - AEMSOlogs - INFO - RCWA eval:[ 60.  83. 241. 326. 366. 410.] | diff. eff.:0.4280159264220594
2026-03-17 16:28:07,011 - AEMSOlogs - INFO - RCWA eval:[111.  86. 275. 284. 345. 381.] | diff. eff.:0.8502715698145065
2026-03-17 16:28:07,291 - AEMSOlogs - INFO - RCWA eval:[140.  32. 261. 284. 295. 374.] | diff. eff.:0.6241283385707049
2026-03-17 16:28:50,655 - AEMSOlogs - INFO - RCWA eval:[ 90. 109. 244. 260. 252. 359.] | diff. eff.:0.4615047240256072
2026-03-17 16:28:50,992 - AEMSOlogs - INFO - RCWA eval:[151.  22. 303. 244. 303. 352.] | diff. eff.:0.3661343075729922
2026-03-17 16:29:34,311 - AEMSOlogs - INFO - RCWA eval:[ 67. 116. 186. 226. 331. 346.] | diff. eff.:0.5417249150660345
2026-03-17 16:29:34,670 - AEMSOlogs - INFO - RCWA eval:[ 58.  80. 262. 248. 343. 304.] | diff. eff.:0.5097915961322959
2026-03-17 16:30:18,017 - AEMSOlogs - INFO - RCWA eval:[115. 178. 190. 250. 351. 336.] | diff. eff.:0.4937047535623295
2026-03-17 16:30:18,547 - AEMSOlogs - INFO - RCWA eval:[102.  72. 256. 248. 320. 344.] | diff. eff.:0.7240558959803071
2026-03-17 16:30:18,562 - AEMSOlogs - INFO - Iteration 18: Best Y = -0.8563272177586733 at x = [0.04380358 0.43420906 0.51450459 0.63263488 0.69589142 0.77453068]
2026-03-17 16:30:18,567 - AEMSOlogs - INFO - Working on simulations...
2026-03-17 16:31:02,155 - AEMSOlogs - INFO - RCWA eval:[ 72. 139. 216. 288. 322. 371.] | diff. eff.:0.7301051082982658
2026-03-17 16:31:02,252 - AEMSOlogs - INFO - RCWA eval:[153.  52. 266. 266. 296. 380.] | diff. eff.:0.4787107408785528
2026-03-17 16:31:45,740 - AEMSOlogs - INFO - RCWA eval:[ 98. 139. 290. 292. 385. 377.] | diff. eff.:0.4470672890475725
2026-03-17 16:31:46,109 - AEMSOlogs - INFO - RCWA eval:[136.  31. 235. 279. 305. 358.] | diff. eff.:0.6532321057075091
2026-03-17 16:32:29,387 - AEMSOlogs - INFO - RCWA eval:[ 74. 129. 207. 231. 264. 321.] | diff. eff.:0.46398101902247757
2026-03-17 16:32:29,702 - AEMSOlogs - INFO - RCWA eval:[152. 108. 374. 284. 386. 402.] | diff. eff.:0.026063062451710486
2026-03-17 16:33:12,869 - AEMSOlogs - INFO - RCWA eval:[161.  27. 327. 303. 331. 382.] | diff. eff.:0.4982690077938181
2026-03-17 16:33:13,281 - AEMSOlogs - INFO - RCWA eval:[ 77. 146. 262. 310. 296. 338.] | diff. eff.:0.6670964520495415
2026-03-17 16:33:56,426 - AEMSOlogs - INFO - RCWA eval:[ 21. 107. 245. 215. 295. 371.] | diff. eff.:0.46185047427437204
2026-03-17 16:33:56,898 - AEMSOlogs - INFO - RCWA eval:[ 68. 135. 271. 250. 302. 345.] | diff. eff.:0.7468028450450667
2026-03-17 16:34:39,926 - AEMSOlogs - INFO - RCWA eval:[170.  23. 265. 229. 340. 411.] | diff. eff.:0.5032906081337889
2026-03-17 16:34:40,472 - AEMSOlogs - INFO - RCWA eval:[ 74.  76. 280. 268. 316. 426.] | diff. eff.:0.30790882876779985
2026-03-17 16:35:23,467 - AEMSOlogs - INFO - RCWA eval:[ 95. 124. 261. 260. 261. 327.] | diff. eff.:0.5228141114921158
2026-03-17 16:35:23,921 - AEMSOlogs - INFO - RCWA eval:[ 67. 119. 240. 283. 438. 395.] | diff. eff.:0.2521200988140023
2026-03-17 16:35:23,946 - AEMSOlogs - INFO - Iteration 19: Best Y = -0.8563272177586733 at x = [0.04380358 0.43420906 0.51450459 0.63263488 0.69589142 0.77453068]
2026-03-17 16:35:23,951 - AEMSOlogs - INFO - Working on simulations...
2026-03-17 16:36:07,443 - AEMSOlogs - INFO - RCWA eval:[138. 123. 260. 282. 325. 312.] | diff. eff.:0.6450330372542888
2026-03-17 16:36:07,542 - AEMSOlogs - INFO - RCWA eval:[110.  87. 270. 257. 371. 400.] | diff. eff.:0.298423802839387
2026-03-17 16:36:51,229 - AEMSOlogs - INFO - RCWA eval:[ 70. 125. 234. 288. 247. 377.] | diff. eff.:0.42302170190658406
2026-03-17 16:36:51,372 - AEMSOlogs - INFO - RCWA eval:[134. 129. 264. 258. 313. 342.] | diff. eff.:0.6856513033250619
2026-03-17 16:37:34,820 - AEMSOlogs - INFO - RCWA eval:[ 85. 135. 300. 340. 313. 366.] | diff. eff.:0.6372228565650786
2026-03-17 16:37:35,059 - AEMSOlogs - INFO - RCWA eval:[ 26. 144. 247. 322. 292. 370.] | diff. eff.:0.6281503176532001
2026-03-17 16:38:18,372 - AEMSOlogs - INFO - RCWA eval:[105. 178. 279. 310. 320. 350.] | diff. eff.:0.8610230681166113
2026-03-17 16:38:18,720 - AEMSOlogs - INFO - RCWA eval:[149.  44. 210. 313. 286. 359.] | diff. eff.:0.493171009333516
2026-03-17 16:39:01,950 - AEMSOlogs - INFO - RCWA eval:[ 71. 127. 289. 294. 321. 351.] | diff. eff.:0.8213362724871531
2026-03-17 16:39:02,488 - AEMSOlogs - INFO - RCWA eval:[ 43. 133. 235. 299. 376. 339.] | diff. eff.:0.31155609412684127
2026-03-17 16:39:45,700 - AEMSOlogs - INFO - RCWA eval:[ 70.  70. 271. 290. 277. 328.] | diff. eff.:0.6299081153192128
2026-03-17 16:39:46,288 - AEMSOlogs - INFO - RCWA eval:[ 77.  74. 169. 279. 307. 328.] | diff. eff.:0.6821425584341322
2026-03-17 16:40:29,297 - AEMSOlogs - INFO - RCWA eval:[ 97.  27. 282. 278. 385. 386.] | diff. eff.:0.3520034476063761
2026-03-17 16:40:29,850 - AEMSOlogs - INFO - RCWA eval:[161.  68. 271. 239. 297. 395.] | diff. eff.:0.3313939594528421
2026-03-17 16:40:29,872 - AEMSOlogs - INFO - Iteration 20: Best Y = -0.8610230681166113 at x = [0.19838708 0.36725619 0.6024068  0.67343127 0.69718806 0.76649371]
2026-03-17 16:40:29,877 - AEMSOlogs - INFO - Working on simulations...
2026-03-17 16:41:13,449 - AEMSOlogs - INFO - RCWA eval:[142.  67. 278. 300. 369. 390.] | diff. eff.:0.5093474329262401
2026-03-17 16:41:13,461 - AEMSOlogs - INFO - RCWA eval:[ 86. 195. 295. 307. 347. 342.] | diff. eff.:0.6575704026226662
2026-03-17 16:41:56,943 - AEMSOlogs - INFO - RCWA eval:[105. 201. 255. 271. 315. 367.] | diff. eff.:0.637489556939142
2026-03-17 16:41:57,119 - AEMSOlogs - INFO - RCWA eval:[ 45. 188. 242. 302. 306. 292.] | diff. eff.:0.35366606886321234
2026-03-17 16:42:40,454 - AEMSOlogs - INFO - RCWA eval:[ 71. 146. 295. 305. 342. 348.] | diff. eff.:0.7706326851297636
2026-03-17 16:42:40,685 - AEMSOlogs - INFO - RCWA eval:[ 85. 147. 318. 292. 327. 396.] | diff. eff.:0.4391914830675376
2026-03-17 16:43:24,204 - AEMSOlogs - INFO - RCWA eval:[147. 141. 283. 284. 342. 343.] | diff. eff.:0.8014600557433023
2026-03-17 16:43:24,567 - AEMSOlogs - INFO - RCWA eval:[ 82. 121. 284. 306. 366. 392.] | diff. eff.:0.5780042002754736
2026-03-17 16:44:07,688 - AEMSOlogs - INFO - RCWA eval:[ 85.  38. 299. 285. 309. 392.] | diff. eff.:0.4369074640737486
2026-03-17 16:44:08,168 - AEMSOlogs - INFO - RCWA eval:[ 86. 155. 233. 288. 271. 330.] | diff. eff.:0.6340673188826368
2026-03-17 16:44:51,212 - AEMSOlogs - INFO - RCWA eval:[120. 160. 225. 276. 319. 331.] | diff. eff.:0.7250697424964487
2026-03-17 16:44:51,797 - AEMSOlogs - INFO - RCWA eval:[ 35. 212. 267. 313. 306. 341.] | diff. eff.:0.7205490203510125
2026-03-17 16:45:34,659 - AEMSOlogs - INFO - RCWA eval:[192.  23. 273. 328. 309. 371.] | diff. eff.:0.6807241355668178
2026-03-17 16:45:35,436 - AEMSOlogs - INFO - RCWA eval:[ 78.  35. 212. 240. 300. 332.] | diff. eff.:0.5930600607446398
2026-03-17 16:45:35,457 - AEMSOlogs - INFO - Iteration 21: Best Y = -0.8610230681166113 at x = [0.19838708 0.36725619 0.6024068  0.67343127 0.69718806 0.76649371]
2026-03-17 16:45:35,461 - AEMSOlogs - INFO - Working on simulations...
2026-03-17 16:46:19,183 - AEMSOlogs - INFO - RCWA eval:[186.  83. 227. 272. 284. 324.] | diff. eff.:0.46740814040468937
2026-03-17 16:46:19,455 - AEMSOlogs - INFO - RCWA eval:[115. 136. 244. 257. 347. 332.] | diff. eff.:0.6746121357111282
2026-03-17 16:47:02,909 - AEMSOlogs - INFO - RCWA eval:[ 54. 173. 220. 289. 291. 353.] | diff. eff.:0.7097421449776339
2026-03-17 16:47:03,081 - AEMSOlogs - INFO - RCWA eval:[ 78. 199. 261. 321. 326. 336.] | diff. eff.:0.6958929696773684
2026-03-17 16:47:46,455 - AEMSOlogs - INFO - RCWA eval:[192.  96. 255. 259. 330. 338.] | diff. eff.:0.6995851485049306
2026-03-17 16:47:46,820 - AEMSOlogs - INFO - RCWA eval:[ 79. 166. 247. 303. 302. 333.] | diff. eff.:0.6972370988761032
2026-03-17 16:48:30,080 - AEMSOlogs - INFO - RCWA eval:[120. 170. 275. 304. 352. 345.] | diff. eff.:0.7101941836064128
2026-03-17 16:48:30,498 - AEMSOlogs - INFO - RCWA eval:[163. 141. 284. 309. 330. 349.] | diff. eff.:0.8685445025379906
2026-03-17 16:49:13,612 - AEMSOlogs - INFO - RCWA eval:[ 72. 120. 248. 296. 307. 352.] | diff. eff.:0.854729633615069
2026-03-17 16:49:14,139 - AEMSOlogs - INFO - RCWA eval:[117. 131. 265. 278. 327. 345.] | diff. eff.:0.8238927466526571
2026-03-17 16:49:57,052 - AEMSOlogs - INFO - RCWA eval:[ 45. 216. 250. 272. 377. 367.] | diff. eff.:0.410722070545988
2026-03-17 16:49:57,649 - AEMSOlogs - INFO - RCWA eval:[ 35. 210. 276. 248. 334. 372.] | diff. eff.:0.4089620305204832
2026-03-17 16:50:40,551 - AEMSOlogs - INFO - RCWA eval:[ 80. 117. 279. 265. 352. 397.] | diff. eff.:0.6971884908041516
2026-03-17 16:50:41,322 - AEMSOlogs - INFO - RCWA eval:[115. 154. 291. 288. 328. 359.] | diff. eff.:0.8147767122161086
2026-03-17 16:50:41,344 - AEMSOlogs - INFO - Iteration 22: Best Y = -0.8685445025379906 at x = [0.33275972 0.28134054 0.61336123 0.67262678 0.72152152 0.7647777 ]
2026-03-17 16:50:41,349 - AEMSOlogs - INFO - Working on simulations...
2026-03-17 16:51:24,904 - AEMSOlogs - INFO - RCWA eval:[126. 151. 265. 319. 345. 357.] | diff. eff.:0.8323684969556977
2026-03-17 16:51:24,906 - AEMSOlogs - INFO - RCWA eval:[126.  75. 265. 309. 345. 366.] | diff. eff.:0.8949057770806362
2026-03-17 16:52:08,416 - AEMSOlogs - INFO - RCWA eval:[151. 226. 288. 295. 332. 355.] | diff. eff.:0.8339389850242338
2026-03-17 16:52:08,454 - AEMSOlogs - INFO - RCWA eval:[144. 167. 261. 306. 336. 342.] | diff. eff.:0.8504309147823964
2026-03-17 16:52:51,988 - AEMSOlogs - INFO - RCWA eval:[138.  86. 254. 280. 323. 369.] | diff. eff.:0.762109434596539
2026-03-17 16:52:52,211 - AEMSOlogs - INFO - RCWA eval:[ 84. 219. 269. 295. 355. 350.] | diff. eff.:0.6621030952402447
2026-03-17 16:53:35,574 - AEMSOlogs - INFO - RCWA eval:[ 68. 115. 263. 279. 303. 382.] | diff. eff.:0.5769840201074782
2026-03-17 16:53:35,754 - AEMSOlogs - INFO - RCWA eval:[137. 195. 296. 311. 323. 344.] | diff. eff.:0.718817801262611
2026-03-17 16:54:19,301 - AEMSOlogs - INFO - RCWA eval:[140. 217. 253. 262. 323. 314.] | diff. eff.:0.4967493889106247
2026-03-17 16:54:19,491 - AEMSOlogs - INFO - RCWA eval:[139. 128. 277. 327. 294. 354.] | diff. eff.:0.6558731730107371
2026-03-17 16:55:02,995 - AEMSOlogs - INFO - RCWA eval:[129. 143. 279. 287. 329. 346.] | diff. eff.:0.8425550898285901
2026-03-17 16:55:03,406 - AEMSOlogs - INFO - RCWA eval:[111.  99. 317. 292. 305. 346.] | diff. eff.:0.5042198090099032
2026-03-17 16:55:46,505 - AEMSOlogs - INFO - RCWA eval:[134. 152. 220. 274. 298. 343.] | diff. eff.:0.6598590551406432
2026-03-17 16:55:47,063 - AEMSOlogs - INFO - RCWA eval:[ 81. 129. 266. 298. 318. 366.] | diff. eff.:0.8656815385709159
2026-03-17 16:55:47,084 - AEMSOlogs - INFO - Iteration 23: Best Y = -0.8949057770806362 at x = [0.24693363 0.12685454 0.56888888 0.67202135 0.75616343 0.80547107]
2026-03-17 16:55:47,088 - AEMSOlogs - INFO - Working on simulations...
2026-03-17 16:56:30,586 - AEMSOlogs - INFO - RCWA eval:[107. 108. 241. 291. 337. 385.] | diff. eff.:0.7682148160988506
2026-03-17 16:56:30,825 - AEMSOlogs - INFO - RCWA eval:[ 98. 125. 256. 298. 354. 339.] | diff. eff.:0.6301512404618099
2026-03-17 16:57:14,387 - AEMSOlogs - INFO - RCWA eval:[ 87.  99. 266. 287. 349. 387.] | diff. eff.:0.8116948975032768
2026-03-17 16:57:14,530 - AEMSOlogs - INFO - RCWA eval:[ 85. 131. 256. 318. 337. 362.] | diff. eff.:0.8714832893063731
2026-03-17 16:57:57,808 - AEMSOlogs - INFO - RCWA eval:[140. 148. 313. 319. 352. 353.] | diff. eff.:0.6540754153500287
2026-03-17 16:57:58,082 - AEMSOlogs - INFO - RCWA eval:[117. 108. 262. 304. 302. 346.] | diff. eff.:0.7896019316709223
2026-03-17 16:58:41,328 - AEMSOlogs - INFO - RCWA eval:[212. 153. 280. 296. 330. 327.] | diff. eff.:0.6927387484554536
2026-03-17 16:58:41,670 - AEMSOlogs - INFO - RCWA eval:[112. 202. 285. 304. 321. 342.] | diff. eff.:0.7696958268234342
2026-03-17 16:59:24,953 - AEMSOlogs - INFO - RCWA eval:[147. 116. 251. 307. 325. 359.] | diff. eff.:0.8825108862961099
2026-03-17 16:59:25,308 - AEMSOlogs - INFO - RCWA eval:[140. 137. 252. 290. 301. 337.] | diff. eff.:0.7209508900344074
2026-03-17 17:00:08,459 - AEMSOlogs - INFO - RCWA eval:[141. 190. 296. 291. 348. 340.] | diff. eff.:0.6101439215410449
2026-03-17 17:00:08,871 - AEMSOlogs - INFO - RCWA eval:[119. 113. 255. 287. 316. 370.] | diff. eff.:0.7606382778914546
2026-03-17 17:00:52,026 - AEMSOlogs - INFO - RCWA eval:[118.  90. 270. 272. 316. 371.] | diff. eff.:0.6457014191059877
2026-03-17 17:00:52,449 - AEMSOlogs - INFO - RCWA eval:[136. 143. 283. 284. 329. 336.] | diff. eff.:0.7583380208702043
2026-03-17 17:00:52,469 - AEMSOlogs - INFO - Iteration 24: Best Y = -0.8949057770806362 at x = [0.24693363 0.12685454 0.56888888 0.67202135 0.75616343 0.80547107]
2026-03-17 17:00:52,474 - AEMSOlogs - INFO - Working on simulations...
2026-03-17 17:01:36,571 - AEMSOlogs - INFO - RCWA eval:[149. 110. 269. 317. 322. 354.] | diff. eff.:0.8549357240436292
2026-03-17 17:01:37,045 - AEMSOlogs - INFO - RCWA eval:[125.  83. 234. 297. 293. 355.] | diff. eff.:0.7382655524469761
2026-03-17 17:02:20,249 - AEMSOlogs - INFO - RCWA eval:[115. 135. 260. 292. 326. 349.] | diff. eff.:0.8939275267196906
2026-03-17 17:02:20,859 - AEMSOlogs - INFO - RCWA eval:[ 76. 143. 245. 287. 329. 373.] | diff. eff.:0.7650418034566628
2026-03-17 17:03:03,782 - AEMSOlogs - INFO - RCWA eval:[ 61.  86. 243. 298. 359. 381.] | diff. eff.:0.569804943955222
2026-03-17 17:03:04,535 - AEMSOlogs - INFO - RCWA eval:[ 77. 131. 263. 330. 341. 368.] | diff. eff.:0.8207679249546617
2026-03-17 17:03:47,321 - AEMSOlogs - INFO - RCWA eval:[ 96. 100. 254. 308. 338. 364.] | diff. eff.:0.8980104081325369
2026-03-17 17:03:48,178 - AEMSOlogs - INFO - RCWA eval:[151.  53. 249. 293. 330. 364.] | diff. eff.:0.8745542073843854
2026-03-17 17:04:30,798 - AEMSOlogs - INFO - RCWA eval:[138. 154. 269. 292. 338. 360.] | diff. eff.:0.9226975169117412
2026-03-17 17:04:31,601 - AEMSOlogs - INFO - RCWA eval:[116. 130. 277. 318. 331. 376.] | diff. eff.:0.8721718601462097
2026-03-17 17:05:14,304 - AEMSOlogs - INFO - RCWA eval:[130. 114. 270. 299. 327. 378.] | diff. eff.:0.8339390785815137
2026-03-17 17:05:15,338 - AEMSOlogs - INFO - RCWA eval:[112. 138. 234. 287. 351. 370.] | diff. eff.:0.7187858305123461
2026-03-17 17:05:57,842 - AEMSOlogs - INFO - RCWA eval:[ 91. 133. 247. 297. 343. 382.] | diff. eff.:0.8255115917591384
2026-03-17 17:05:59,155 - AEMSOlogs - INFO - RCWA eval:[ 96. 174. 236. 300. 323. 372.] | diff. eff.:0.8026205121054467
2026-03-17 17:05:59,181 - AEMSOlogs - INFO - Iteration 25: Best Y = -0.9226975169117412 at x = [0.27463108 0.3111125  0.57858272 0.63170909 0.74027279 0.79082328]
2026-03-17 17:05:59,186 - AEMSOlogs - INFO - Working on simulations...
2026-03-17 17:06:43,337 - AEMSOlogs - INFO - RCWA eval:[134.  89. 253. 310. 324. 367.] | diff. eff.:0.8647672414158877
2026-03-17 17:06:43,497 - AEMSOlogs - INFO - RCWA eval:[ 98. 139. 275. 293. 334. 363.] | diff. eff.:0.913494410828528
2026-03-17 17:07:26,775 - AEMSOlogs - INFO - RCWA eval:[168. 121. 293. 299. 345. 360.] | diff. eff.:0.8780411544447678
2026-03-17 17:07:27,049 - AEMSOlogs - INFO - RCWA eval:[100. 136. 243. 299. 312. 348.] | diff. eff.:0.8566004294865222
2026-03-17 17:08:10,486 - AEMSOlogs - INFO - RCWA eval:[ 99. 113. 255. 287. 356. 371.] | diff. eff.:0.6839210459808411
2026-03-17 17:08:10,841 - AEMSOlogs - INFO - RCWA eval:[134. 139. 267. 295. 317. 356.] | diff. eff.:0.8825996769768606
2026-03-17 17:08:54,017 - AEMSOlogs - INFO - RCWA eval:[105.  54. 248. 281. 326. 369.] | diff. eff.:0.7912940429074482
2026-03-17 17:08:54,463 - AEMSOlogs - INFO - RCWA eval:[126. 115. 269. 313. 337. 372.] | diff. eff.:0.9095091514497177
2026-03-17 17:09:37,639 - AEMSOlogs - INFO - RCWA eval:[134.  88. 239. 319. 335. 366.] | diff. eff.:0.8093755168496136
2026-03-17 17:09:38,036 - AEMSOlogs - INFO - RCWA eval:[ 75. 159. 288. 326. 337. 365.] | diff. eff.:0.8744046064840857
2026-03-17 17:10:21,634 - AEMSOlogs - INFO - RCWA eval:[119. 115. 266. 314. 329. 341.] | diff. eff.:0.8132579062622044
2026-03-17 17:10:22,143 - AEMSOlogs - INFO - RCWA eval:[113. 134. 265. 290. 310. 346.] | diff. eff.:0.8281660263073899
2026-03-17 17:11:05,396 - AEMSOlogs - INFO - RCWA eval:[118.  88. 259. 307. 329. 365.] | diff. eff.:0.9035505693482044
2026-03-17 17:11:05,838 - AEMSOlogs - INFO - RCWA eval:[ 76. 154. 269. 303. 328. 361.] | diff. eff.:0.9324851981377749
2026-03-17 17:11:05,857 - AEMSOlogs - INFO - Iteration 26: Best Y = -0.9324851981377749 at x = [0.12969405 0.31140407 0.57977288 0.65707677 0.71571565 0.79413184]
2026-03-17 17:11:05,862 - AEMSOlogs - INFO - Working on simulations...
2026-03-17 17:11:49,598 - AEMSOlogs - INFO - RCWA eval:[104. 133. 263. 291. 342. 376.] | diff. eff.:0.8721958741488776
2026-03-17 17:11:49,696 - AEMSOlogs - INFO - RCWA eval:[139. 153. 273. 283. 355. 355.] | diff. eff.:0.6755086075156796
2026-03-17 17:12:33,048 - AEMSOlogs - INFO - RCWA eval:[ 83. 151. 259. 310. 340. 368.] | diff. eff.:0.9099607492796011
2026-03-17 17:12:33,332 - AEMSOlogs - INFO - RCWA eval:[ 76. 164. 269. 305. 334. 349.] | diff. eff.:0.8958057908505193
2026-03-17 17:13:16,506 - AEMSOlogs - INFO - RCWA eval:[ 85. 154. 283. 316. 331. 373.] | diff. eff.:0.9018154684989552
2026-03-17 17:13:16,911 - AEMSOlogs - INFO - RCWA eval:[111.  73. 254. 294. 326. 363.] | diff. eff.:0.8861890778944228
2026-03-17 17:13:59,904 - AEMSOlogs - INFO - RCWA eval:[ 99. 133. 282. 316. 344. 376.] | diff. eff.:0.9094178954207129
2026-03-17 17:14:00,406 - AEMSOlogs - INFO - RCWA eval:[ 96. 144. 266. 290. 311. 345.] | diff. eff.:0.8258423270813056
2026-03-17 17:14:43,321 - AEMSOlogs - INFO - RCWA eval:[ 98. 129. 278. 290. 322. 366.] | diff. eff.:0.8286181191645449
2026-03-17 17:14:43,979 - AEMSOlogs - INFO - RCWA eval:[ 79. 132. 252. 276. 323. 362.] | diff. eff.:0.7305559509784528
2026-03-17 17:15:26,751 - AEMSOlogs - INFO - RCWA eval:[106. 115. 269. 300. 328. 365.] | diff. eff.:0.9116947193282554
2026-03-17 17:15:27,308 - AEMSOlogs - INFO - RCWA eval:[ 97. 171. 291. 311. 339. 367.] | diff. eff.:0.9207559356816319
2026-03-17 17:16:10,443 - AEMSOlogs - INFO - RCWA eval:[ 92. 114. 253. 291. 319. 353.] | diff. eff.:0.8841104266704986
2026-03-17 17:16:10,925 - AEMSOlogs - INFO - RCWA eval:[ 83. 133. 284. 329. 328. 366.] | diff. eff.:0.8459873917105262
2026-03-17 17:16:10,946 - AEMSOlogs - INFO - Iteration 27: Best Y = -0.9324851981377749 at x = [0.12969405 0.31140407 0.57977288 0.65707677 0.71571565 0.79413184]
2026-03-17 17:16:10,950 - AEMSOlogs - INFO - Working on simulations...
2026-03-17 17:16:55,201 - AEMSOlogs - INFO - RCWA eval:[ 43. 194. 261. 309. 319. 359.] | diff. eff.:0.9107974625578351
2026-03-17 17:16:55,238 - AEMSOlogs - INFO - RCWA eval:[ 79. 150. 289. 294. 335. 366.] | diff. eff.:0.8770982672167909
2026-03-17 17:17:41,062 - AEMSOlogs - INFO - RCWA eval:[101. 171. 272. 293. 350. 360.] | diff. eff.:0.8623800730705589
2026-03-17 17:17:41,268 - AEMSOlogs - INFO - RCWA eval:[126. 118. 281. 304. 332. 372.] | diff. eff.:0.9017221476306457
2026-03-17 17:18:26,981 - AEMSOlogs - INFO - RCWA eval:[149. 112. 286. 315. 335. 369.] | diff. eff.:0.9047678961600313
2026-03-17 17:18:27,368 - AEMSOlogs - INFO - RCWA eval:[140. 137. 257. 316. 336. 373.] | diff. eff.:0.8634244252666676
2026-03-17 17:19:10,703 - AEMSOlogs - INFO - RCWA eval:[ 71. 179. 269. 295. 322. 370.] | diff. eff.:0.8428109698582599
2026-03-17 17:19:11,164 - AEMSOlogs - INFO - RCWA eval:[ 66. 177. 268. 281. 318. 351.] | diff. eff.:0.7869094094940929
2026-03-17 17:19:54,481 - AEMSOlogs - INFO - RCWA eval:[109. 184. 285. 312. 347. 367.] | diff. eff.:0.9226467852919363
2026-03-17 17:19:54,943 - AEMSOlogs - INFO - RCWA eval:[100. 145. 279. 315. 342. 366.] | diff. eff.:0.9248679462134712
2026-03-17 17:20:38,198 - AEMSOlogs - INFO - RCWA eval:[109. 153. 291. 335. 363. 393.] | diff. eff.:0.5055862800262706
2026-03-17 17:20:38,778 - AEMSOlogs - INFO - RCWA eval:[108. 130. 276. 322. 337. 379.] | diff. eff.:0.8618984935428226
2026-03-17 17:21:24,285 - AEMSOlogs - INFO - RCWA eval:[ 58. 202. 281. 327. 339. 369.] | diff. eff.:0.9069362123465046
2026-03-17 17:21:24,943 - AEMSOlogs - INFO - RCWA eval:[106. 134. 283. 310. 329. 376.] | diff. eff.:0.8741826402500602
2026-03-17 17:21:24,965 - AEMSOlogs - INFO - Iteration 28: Best Y = -0.9324851981377749 at x = [0.12969405 0.31140407 0.57977288 0.65707677 0.71571565 0.79413184]
2026-03-17 17:21:24,970 - AEMSOlogs - INFO - Working on simulations...
2026-03-17 17:22:10,990 - AEMSOlogs - INFO - RCWA eval:[ 86. 134. 267. 313. 330. 366.] | diff. eff.:0.9171947550616988
2026-03-17 17:22:11,073 - AEMSOlogs - INFO - RCWA eval:[ 72. 174. 287. 321. 339. 367.] | diff. eff.:0.9102993056914681
2026-03-17 17:22:54,564 - AEMSOlogs - INFO - RCWA eval:[ 71. 217. 274. 307. 321. 365.] | diff. eff.:0.9099546057534239
2026-03-17 17:22:54,611 - AEMSOlogs - INFO - RCWA eval:[118. 150. 289. 314. 348. 366.] | diff. eff.:0.8886671722764444
2026-03-17 17:23:38,037 - AEMSOlogs - INFO - RCWA eval:[ 90. 186. 280. 311. 336. 350.] | diff. eff.:0.8705174362991472
2026-03-17 17:23:38,117 - AEMSOlogs - INFO - RCWA eval:[ 91. 187. 291. 297. 345. 376.] | diff. eff.:0.9035977068955939
2026-03-17 17:24:21,689 - AEMSOlogs - INFO - RCWA eval:[ 76. 193. 298. 326. 341. 371.] | diff. eff.:0.8550284477026779
2026-03-17 17:24:21,701 - AEMSOlogs - INFO - RCWA eval:[ 75. 161. 270. 299. 337. 363.] | diff. eff.:0.9392721585146562
2026-03-17 17:25:05,344 - AEMSOlogs - INFO - RCWA eval:[115. 157. 269. 290. 339. 352.] | diff. eff.:0.9025708911801167
2026-03-17 17:25:05,357 - AEMSOlogs - INFO - RCWA eval:[ 94. 137. 275. 329. 341. 368.] | diff. eff.:0.851991261412062
2026-03-17 17:25:48,931 - AEMSOlogs - INFO - RCWA eval:[102. 142. 261. 329. 335. 366.] | diff. eff.:0.8283975729614074
2026-03-17 17:25:49,242 - AEMSOlogs - INFO - RCWA eval:[132. 118. 295. 315. 354. 354.] | diff. eff.:0.6989536946458804
2026-03-17 17:26:32,327 - AEMSOlogs - INFO - RCWA eval:[102. 162. 276. 316. 352. 369.] | diff. eff.:0.8550917301842007
2026-03-17 17:26:32,812 - AEMSOlogs - INFO - RCWA eval:[100. 170. 265. 305. 326. 361.] | diff. eff.:0.9253961889112606
2026-03-17 17:26:32,835 - AEMSOlogs - INFO - Iteration 29: Best Y = -0.9392721585146562 at x = [0.12789955 0.32812675 0.58149203 0.64926066 0.73661722 0.7972323 ]
2026-03-17 17:26:32,839 - AEMSOlogs - INFO - Working on simulations...
2026-03-17 17:27:16,335 - AEMSOlogs - INFO - RCWA eval:[103. 127. 265. 312. 342. 358.] | diff. eff.:0.8901036400331371
2026-03-17 17:27:16,544 - AEMSOlogs - INFO - RCWA eval:[ 68. 169. 261. 300. 325. 355.] | diff. eff.:0.9178422804576234
2026-03-17 17:27:59,786 - AEMSOlogs - INFO - RCWA eval:[ 90. 208. 273. 309. 334. 358.] | diff. eff.:0.9348648766340778
2026-03-17 17:28:00,184 - AEMSOlogs - INFO - RCWA eval:[ 99. 209. 268. 311. 342. 368.] | diff. eff.:0.9435851100635488
2026-03-17 17:28:43,256 - AEMSOlogs - INFO - RCWA eval:[106. 149. 276. 318. 336. 360.] | diff. eff.:0.9068294483127879
2026-03-17 17:28:43,642 - AEMSOlogs - INFO - RCWA eval:[110. 135. 279. 302. 338. 366.] | diff. eff.:0.941333219926841
2026-03-17 17:29:26,642 - AEMSOlogs - INFO - RCWA eval:[ 80. 239. 271. 310. 320. 357.] | diff. eff.:0.8856851642717009
2026-03-17 17:29:27,181 - AEMSOlogs - INFO - RCWA eval:[ 61. 174. 257. 299. 326. 360.] | diff. eff.:0.9120525819090706
2026-03-17 17:30:10,163 - AEMSOlogs - INFO - RCWA eval:[101. 152. 285. 316. 355. 369.] | diff. eff.:0.8166045909809021
2026-03-17 17:30:10,869 - AEMSOlogs - INFO - RCWA eval:[ 92. 215. 279. 325. 329. 354.] | diff. eff.:0.8433442367262841
2026-03-17 17:30:53,663 - AEMSOlogs - INFO - RCWA eval:[ 37. 190. 296. 314. 333. 364.] | diff. eff.:0.8786259582591741
2026-03-17 17:30:54,310 - AEMSOlogs - INFO - RCWA eval:[ 84. 206. 274. 314. 327. 364.] | diff. eff.:0.9345937414859589
2026-03-17 17:31:37,170 - AEMSOlogs - INFO - RCWA eval:[ 98. 103. 270. 290. 327. 370.] | diff. eff.:0.8374553806968043
2026-03-17 17:31:37,944 - AEMSOlogs - INFO - RCWA eval:[ 92. 137. 276. 293. 344. 359.] | diff. eff.:0.9169198637552541
2026-03-17 17:31:37,958 - AEMSOlogs - INFO - Iteration 30: Best Y = -0.9435851100635488 at x = [0.18417704 0.43911836 0.57682779 0.6764318  0.74855381 0.80881207]
2026-03-17 17:31:37,962 - AEMSOlogs - INFO - Working on simulations...
2026-03-17 17:32:21,443 - AEMSOlogs - INFO - RCWA eval:[ 84. 167. 274. 302. 332. 363.] | diff. eff.:0.9389681016283988
2026-03-17 17:32:21,612 - AEMSOlogs - INFO - RCWA eval:[ 91. 141. 258. 301. 324. 360.] | diff. eff.:0.9099211676489273
2026-03-17 17:33:04,924 - AEMSOlogs - INFO - RCWA eval:[ 61. 228. 270. 319. 338. 369.] | diff. eff.:0.9400121589941367
2026-03-17 17:33:05,198 - AEMSOlogs - INFO - RCWA eval:[104. 166. 286. 315. 348. 361.] | diff. eff.:0.866526977571295
2026-03-17 17:33:48,477 - AEMSOlogs - INFO - RCWA eval:[ 81. 235. 272. 308. 332. 358.] | diff. eff.:0.91836390272346
2026-03-17 17:33:48,892 - AEMSOlogs - INFO - RCWA eval:[ 76. 115. 278. 308. 329. 371.] | diff. eff.:0.9043538760978239
2026-03-17 17:34:31,958 - AEMSOlogs - INFO - RCWA eval:[ 37. 222. 280. 308. 329. 366.] | diff. eff.:0.9325840932764645
2026-03-17 17:34:32,473 - AEMSOlogs - INFO - RCWA eval:[ 46. 179. 266. 315. 327. 355.] | diff. eff.:0.8993233919466821
2026-03-17 17:35:15,583 - AEMSOlogs - INFO - RCWA eval:[100. 225. 261. 314. 345. 360.] | diff. eff.:0.8861046870728596
2026-03-17 17:35:16,205 - AEMSOlogs - INFO - RCWA eval:[130. 152. 265. 298. 345. 363.] | diff. eff.:0.9133612147133628
2026-03-17 17:35:58,995 - AEMSOlogs - INFO - RCWA eval:[ 59. 234. 266. 315. 328. 357.] | diff. eff.:0.9009254808991435
2026-03-17 17:35:59,751 - AEMSOlogs - INFO - RCWA eval:[ 94. 196. 285. 320. 325. 368.] | diff. eff.:0.9022576918908565
2026-03-17 17:36:42,459 - AEMSOlogs - INFO - RCWA eval:[103. 198. 266. 295. 328. 355.] | diff. eff.:0.9035097707519706
2026-03-17 17:36:43,223 - AEMSOlogs - INFO - RCWA eval:[112. 181. 272. 291. 332. 350.] | diff. eff.:0.8849118234136881
2026-03-17 17:36:43,244 - AEMSOlogs - INFO - Iteration 31: Best Y = -0.9435851100635488 at x = [0.18417704 0.43911836 0.57682779 0.6764318  0.74855381 0.80881207]
2026-03-17 17:36:43,249 - AEMSOlogs - INFO - Working on simulations...
2026-03-17 17:37:26,770 - AEMSOlogs - INFO - RCWA eval:[ 54. 224. 267. 306. 336. 369.] | diff. eff.:0.9372014078164645
2026-03-17 17:37:26,999 - AEMSOlogs - INFO - RCWA eval:[ 52. 259. 266. 311. 348. 373.] | diff. eff.:0.9029713376035889
2026-03-17 17:38:10,246 - AEMSOlogs - INFO - RCWA eval:[116. 147. 274. 313. 344. 371.] | diff. eff.:0.9244934094652498
2026-03-17 17:38:10,655 - AEMSOlogs - INFO - RCWA eval:[102. 175. 277. 310. 335. 363.] | diff. eff.:0.9460707670839157
2026-03-17 17:38:53,698 - AEMSOlogs - INFO - RCWA eval:[ 64. 192. 284. 305. 329. 358.] | diff. eff.:0.9159941931220109
2026-03-17 17:38:54,146 - AEMSOlogs - INFO - RCWA eval:[ 99. 182. 283. 307. 344. 377.] | diff. eff.:0.9355545663265142
2026-03-17 17:39:37,235 - AEMSOlogs - INFO - RCWA eval:[103. 163. 270. 308. 326. 362.] | diff. eff.:0.927538330412763
2026-03-17 17:39:37,680 - AEMSOlogs - INFO - RCWA eval:[ 43. 267. 280. 316. 333. 369.] | diff. eff.:0.8905750318523449
2026-03-17 17:40:20,784 - AEMSOlogs - INFO - RCWA eval:[ 58. 239. 260. 299. 333. 355.] | diff. eff.:0.8765024808870244
2026-03-17 17:40:21,394 - AEMSOlogs - INFO - RCWA eval:[ 48. 167. 263. 299. 329. 368.] | diff. eff.:0.9003746372834956
2026-03-17 17:41:04,325 - AEMSOlogs - INFO - RCWA eval:[ 59. 168. 276. 306. 333. 363.] | diff. eff.:0.9457670562332612
2026-03-17 17:41:04,967 - AEMSOlogs - INFO - RCWA eval:[ 89. 189. 260. 319. 328. 369.] | diff. eff.:0.8960556625674265
2026-03-17 17:41:47,748 - AEMSOlogs - INFO - RCWA eval:[ 89. 203. 266. 317. 333. 363.] | diff. eff.:0.9259313469685088
2026-03-17 17:41:48,498 - AEMSOlogs - INFO - RCWA eval:[ 93. 210. 266. 304. 330. 362.] | diff. eff.:0.93182879412366
2026-03-17 17:41:48,519 - AEMSOlogs - INFO - Iteration 32: Best Y = -0.9460707670839157 at x = [0.19087364 0.36134887 0.59755787 0.67346031 0.73325893 0.79801123]
2026-03-17 17:41:48,523 - AEMSOlogs - INFO - Working on simulations...
2026-03-17 17:42:31,975 - AEMSOlogs - INFO - RCWA eval:[100. 169. 268. 305. 333. 365.] | diff. eff.:0.936768355589356
2026-03-17 17:42:32,100 - AEMSOlogs - INFO - RCWA eval:[ 90. 140. 265. 297. 331. 369.] | diff. eff.:0.891897360754433
2026-03-17 17:43:15,477 - AEMSOlogs - INFO - RCWA eval:[ 81. 176. 283. 320. 338. 360.] | diff. eff.:0.8979272840617236
2026-03-17 17:43:15,610 - AEMSOlogs - INFO - RCWA eval:[ 88. 196. 285. 312. 346. 371.] | diff. eff.:0.9390861388447083
2026-03-17 17:43:59,021 - AEMSOlogs - INFO - RCWA eval:[ 50. 210. 279. 321. 334. 367.] | diff. eff.:0.9339337326238405
2026-03-17 17:43:59,177 - AEMSOlogs - INFO - RCWA eval:[ 85. 179. 270. 304. 338. 367.] | diff. eff.:0.9448543576143434
2026-03-17 17:44:42,453 - AEMSOlogs - INFO - RCWA eval:[ 86. 186. 273. 309. 345. 364.] | diff. eff.:0.9301510197995213
2026-03-17 17:44:42,791 - AEMSOlogs - INFO - RCWA eval:[ 66. 181. 278. 300. 337. 371.] | diff. eff.:0.9296347842039338
2026-03-17 17:45:25,920 - AEMSOlogs - INFO - RCWA eval:[ 94. 187. 275. 306. 337. 361.] | diff. eff.:0.9482708709748915
2026-03-17 17:45:26,455 - AEMSOlogs - INFO - RCWA eval:[102. 181. 267. 300. 330. 372.] | diff. eff.:0.8854235469375484
2026-03-17 17:46:09,346 - AEMSOlogs - INFO - RCWA eval:[ 91. 175. 277. 312. 331. 368.] | diff. eff.:0.9345695606862361
2026-03-17 17:46:09,967 - AEMSOlogs - INFO - RCWA eval:[ 63. 228. 291. 311. 343. 361.] | diff. eff.:0.8985318731804198
2026-03-17 17:46:53,022 - AEMSOlogs - INFO - RCWA eval:[ 85. 134. 279. 303. 335. 367.] | diff. eff.:0.9339781518690694
2026-03-17 17:46:53,546 - AEMSOlogs - INFO - RCWA eval:[105. 157. 272. 303. 331. 364.] | diff. eff.:0.9340295445791528
2026-03-17 17:46:53,567 - AEMSOlogs - INFO - Iteration 33: Best Y = -0.9482708709748915 at x = [0.17284663 0.38791005 0.59386776 0.66586944 0.73650998 0.79367805]
2026-03-17 17:46:53,572 - AEMSOlogs - INFO - Working on simulations...
2026-03-17 17:47:37,015 - AEMSOlogs - INFO - RCWA eval:[100. 206. 275. 311. 337. 364.] | diff. eff.:0.9518518002187775
2026-03-17 17:47:37,199 - AEMSOlogs - INFO - RCWA eval:[ 74. 210. 278. 315. 330. 362.] | diff. eff.:0.9357941653519762
2026-03-17 17:48:20,504 - AEMSOlogs - INFO - RCWA eval:[ 81. 213. 288. 310. 336. 366.] | diff. eff.:0.9374454079063607
2026-03-17 17:48:20,729 - AEMSOlogs - INFO - RCWA eval:[ 78. 207. 285. 315. 346. 369.] | diff. eff.:0.9351670812692864
2026-03-17 17:49:04,290 - AEMSOlogs - INFO - RCWA eval:[113. 176. 271. 298. 340. 366.] | diff. eff.:0.9387368904831576
2026-03-17 17:49:04,479 - AEMSOlogs - INFO - RCWA eval:[103. 193. 285. 309. 343. 363.] | diff. eff.:0.9341974829234622
2026-03-17 17:49:48,228 - AEMSOlogs - INFO - RCWA eval:[132. 122. 270. 297. 341. 367.] | diff. eff.:0.9294117907482029
2026-03-17 17:49:48,457 - AEMSOlogs - INFO - RCWA eval:[ 96. 184. 271. 307. 337. 367.] | diff. eff.:0.9471099641974973
2026-03-17 17:50:31,836 - AEMSOlogs - INFO - RCWA eval:[ 98. 183. 286. 313. 342. 371.] | diff. eff.:0.9392550878906712
2026-03-17 17:50:32,126 - AEMSOlogs - INFO - RCWA eval:[ 98. 168. 277. 311. 345. 367.] | diff. eff.:0.9322795840150712
2026-03-17 17:51:15,522 - AEMSOlogs - INFO - RCWA eval:[ 63. 206. 288. 324. 346. 376.] | diff. eff.:0.9053387729204365
2026-03-17 17:51:15,782 - AEMSOlogs - INFO - RCWA eval:[ 73. 183. 278. 319. 336. 371.] | diff. eff.:0.9287292228512088
2026-03-17 17:51:59,268 - AEMSOlogs - INFO - RCWA eval:[ 68. 183. 269. 309. 333. 365.] | diff. eff.:0.943157115515936
2026-03-17 17:51:59,420 - AEMSOlogs - INFO - RCWA eval:[ 80. 214. 265. 306. 337. 362.] | diff. eff.:0.9398753930398254
2026-03-17 17:51:59,441 - AEMSOlogs - INFO - Iteration 34: Best Y = -0.9518518002187775 at x = [0.18565589 0.43281235 0.59357818 0.67784825 0.73658543 0.79935516]
2026-03-17 17:51:59,446 - AEMSOlogs - INFO - Working on simulations...
2026-03-17 17:52:42,969 - AEMSOlogs - INFO - RCWA eval:[ 99. 187. 282. 302. 338. 365.] | diff. eff.:0.944667151407493
2026-03-17 17:52:43,102 - AEMSOlogs - INFO - RCWA eval:[ 76. 217. 272. 320. 338. 371.] | diff. eff.:0.9361651614438221
2026-03-17 17:53:26,505 - AEMSOlogs - INFO - RCWA eval:[103. 181. 279. 304. 338. 363.] | diff. eff.:0.9494413490876036
2026-03-17 17:53:26,710 - AEMSOlogs - INFO - RCWA eval:[106. 194. 275. 309. 346. 368.] | diff. eff.:0.9392884336102177
2026-03-17 17:54:09,961 - AEMSOlogs - INFO - RCWA eval:[ 90. 204. 267. 305. 337. 363.] | diff. eff.:0.9445034244339466
2026-03-17 17:54:10,278 - AEMSOlogs - INFO - RCWA eval:[ 77. 210. 275. 309. 341. 368.] | diff. eff.:0.9565360395775269
2026-03-17 17:54:53,473 - AEMSOlogs - INFO - RCWA eval:[111. 169. 269. 295. 335. 365.] | diff. eff.:0.9181863092069973
2026-03-17 17:54:53,893 - AEMSOlogs - INFO - RCWA eval:[ 74. 182. 272. 299. 335. 363.] | diff. eff.:0.9381876654779864
2026-03-17 17:55:36,826 - AEMSOlogs - INFO - RCWA eval:[ 91. 209. 279. 317. 345. 368.] | diff. eff.:0.9359976728283708
2026-03-17 17:55:37,408 - AEMSOlogs - INFO - RCWA eval:[109. 195. 271. 308. 336. 361.] | diff. eff.:0.9452076797722561
2026-03-17 17:56:20,308 - AEMSOlogs - INFO - RCWA eval:[106. 181. 282. 306. 339. 364.] | diff. eff.:0.9484128879461674
2026-03-17 17:56:20,946 - AEMSOlogs - INFO - RCWA eval:[101. 193. 279. 313. 331. 365.] | diff. eff.:0.9409585582087387
2026-03-17 17:57:03,699 - AEMSOlogs - INFO - RCWA eval:[101. 172. 273. 305. 340. 362.] | diff. eff.:0.9462635877467377
2026-03-17 17:57:04,475 - AEMSOlogs - INFO - RCWA eval:[ 77. 209. 275. 309. 339. 362.] | diff. eff.:0.9481529997429027
2026-03-17 17:57:04,494 - AEMSOlogs - INFO - Iteration 35: Best Y = -0.9565360395775269 at x = [0.13242523 0.44087889 0.59389353 0.67274523 0.7454851  0.80945887]
2026-03-17 17:57:04,499 - AEMSOlogs - INFO - Working on simulations...
2026-03-17 17:57:48,113 - AEMSOlogs - INFO - RCWA eval:[ 76. 191. 275. 312. 343. 368.] | diff. eff.:0.9450137912117372
2026-03-17 17:57:48,131 - AEMSOlogs - INFO - RCWA eval:[ 82. 195. 272. 304. 332. 362.] | diff. eff.:0.9431332295986804
2026-03-17 17:58:31,651 - AEMSOlogs - INFO - RCWA eval:[ 86. 201. 276. 307. 340. 367.] | diff. eff.:0.9562778946361141
2026-03-17 17:58:31,736 - AEMSOlogs - INFO - RCWA eval:[104. 182. 274. 310. 338. 364.] | diff. eff.:0.9483361051371052
2026-03-17 17:59:15,223 - AEMSOlogs - INFO - RCWA eval:[ 73. 192. 276. 301. 333. 362.] | diff. eff.:0.9392585188765058
2026-03-17 17:59:15,262 - AEMSOlogs - INFO - RCWA eval:[104. 185. 283. 307. 333. 361.] | diff. eff.:0.9359545691398086
2026-03-17 17:59:58,855 - AEMSOlogs - INFO - RCWA eval:[102. 192. 277. 307. 341. 365.] | diff. eff.:0.9533322406665647
2026-03-17 17:59:58,961 - AEMSOlogs - INFO - RCWA eval:[ 88. 192. 295. 306. 336. 365.] | diff. eff.:0.8932165124006246
2026-03-17 18:00:42,442 - AEMSOlogs - INFO - RCWA eval:[111. 179. 282. 308. 347. 368.] | diff. eff.:0.9320150024118862
2026-03-17 18:00:42,578 - AEMSOlogs - INFO - RCWA eval:[ 87. 205. 270. 305. 340. 361.] | diff. eff.:0.9432246777220016
2026-03-17 18:01:25,938 - AEMSOlogs - INFO - RCWA eval:[ 93. 203. 291. 312. 339. 364.] | diff. eff.:0.9226087336941861
2026-03-17 18:01:26,189 - AEMSOlogs - INFO - RCWA eval:[ 98. 181. 284. 309. 341. 367.] | diff. eff.:0.9470653953294701
2026-03-17 18:02:09,477 - AEMSOlogs - INFO - RCWA eval:[ 96. 209. 280. 310. 344. 367.] | diff. eff.:0.9513845389377109
2026-03-17 18:02:09,858 - AEMSOlogs - INFO - RCWA eval:[ 83. 178. 264. 307. 342. 367.] | diff. eff.:0.931028464504704
2026-03-17 18:02:09,885 - AEMSOlogs - INFO - Iteration 36: Best Y = -0.9565360395775269 at x = [0.13242523 0.44087889 0.59389353 0.67274523 0.7454851  0.80945887]
2026-03-17 18:02:09,890 - AEMSOlogs - INFO - Working on simulations...
2026-03-17 18:02:53,453 - AEMSOlogs - INFO - RCWA eval:[ 75. 220. 286. 313. 348. 370.] | diff. eff.:0.9342478841812366
2026-03-17 18:02:53,544 - AEMSOlogs - INFO - RCWA eval:[ 96. 217. 276. 312. 341. 365.] | diff. eff.:0.9516295635615645
2026-03-17 18:03:36,931 - AEMSOlogs - INFO - RCWA eval:[ 94. 193. 279. 308. 339. 368.] | diff. eff.:0.954713133595851
2026-03-17 18:03:37,173 - AEMSOlogs - INFO - RCWA eval:[ 90. 199. 273. 307. 335. 361.] | diff. eff.:0.9472775815143769
2026-03-17 18:04:20,411 - AEMSOlogs - INFO - RCWA eval:[ 66. 222. 278. 316. 342. 369.] | diff. eff.:0.9520133820356221
2026-03-17 18:04:20,678 - AEMSOlogs - INFO - RCWA eval:[ 95. 212. 274. 310. 340. 363.] | diff. eff.:0.9486658470740674
2026-03-17 18:05:04,028 - AEMSOlogs - INFO - RCWA eval:[ 93. 201. 281. 313. 349. 370.] | diff. eff.:0.9226057775982733
2026-03-17 18:05:04,344 - AEMSOlogs - INFO - RCWA eval:[ 97. 205. 267. 313. 337. 365.] | diff. eff.:0.9405667456640987
2026-03-17 18:05:52,066 - AEMSOlogs - INFO - RCWA eval:[ 88. 205. 269. 307. 335. 362.] | diff. eff.:0.9457686816151426
2026-03-17 18:05:52,474 - AEMSOlogs - INFO - RCWA eval:[111. 191. 277. 308. 339. 362.] | diff. eff.:0.9486542473306688
2026-03-17 18:06:35,779 - AEMSOlogs - INFO - RCWA eval:[ 75. 207. 280. 308. 345. 371.] | diff. eff.:0.9524762330734695
2026-03-17 18:06:36,254 - AEMSOlogs - INFO - RCWA eval:[110. 203. 278. 313. 342. 367.] | diff. eff.:0.9509160512995607
2026-03-17 18:07:23,982 - AEMSOlogs - INFO - RCWA eval:[100. 184. 283. 309. 345. 365.] | diff. eff.:0.9345725897876859
2026-03-17 18:07:24,538 - AEMSOlogs - INFO - RCWA eval:[ 86. 220. 273. 308. 342. 370.] | diff. eff.:0.9537391915882145
2026-03-17 18:07:24,560 - AEMSOlogs - INFO - Iteration 37: Best Y = -0.9565360395775269 at x = [0.13242523 0.44087889 0.59389353 0.67274523 0.7454851  0.80945887]
2026-03-17 18:07:24,565 - AEMSOlogs - INFO - Working on simulations...
2026-03-17 18:08:11,419 - AEMSOlogs - INFO - RCWA eval:[104. 190. 276. 304. 345. 371.] | diff. eff.:0.9457880671731774
2026-03-17 18:08:11,488 - AEMSOlogs - INFO - RCWA eval:[ 92. 210. 280. 307. 344. 371.] | diff. eff.:0.955366050433212
2026-03-17 18:08:57,640 - AEMSOlogs - INFO - RCWA eval:[ 86. 188. 274. 310. 339. 366.] | diff. eff.:0.9512060974803617
2026-03-17 18:08:57,757 - AEMSOlogs - INFO - RCWA eval:[ 96. 198. 276. 308. 342. 369.] | diff. eff.:0.9546381479466446
2026-03-17 18:09:46,000 - AEMSOlogs - INFO - RCWA eval:[ 95. 226. 275. 306. 345. 369.] | diff. eff.:0.9503036462928764
2026-03-17 18:09:46,286 - AEMSOlogs - INFO - RCWA eval:[100. 210. 272. 311. 337. 368.] | diff. eff.:0.9507313582131445
2026-03-17 18:10:33,931 - AEMSOlogs - INFO - RCWA eval:[ 91. 193. 277. 306. 342. 367.] | diff. eff.:0.9541851005730464
2026-03-17 18:10:34,292 - AEMSOlogs - INFO - RCWA eval:[109. 204. 273. 313. 337. 368.] | diff. eff.:0.948712732362963
2026-03-17 18:11:20,792 - AEMSOlogs - INFO - RCWA eval:[ 84. 212. 277. 306. 343. 369.] | diff. eff.:0.9559812978875152
2026-03-17 18:11:21,202 - AEMSOlogs - INFO - RCWA eval:[ 93. 198. 279. 309. 343. 366.] | diff. eff.:0.9508399334854158
2026-03-17 18:12:09,450 - AEMSOlogs - INFO - RCWA eval:[ 84. 214. 284. 316. 348. 374.] | diff. eff.:0.9335366910755007
2026-03-17 18:12:10,127 - AEMSOlogs - INFO - RCWA eval:[ 86. 227. 276. 309. 343. 370.] | diff. eff.:0.9564326689674987
2026-03-17 18:12:56,608 - AEMSOlogs - INFO - RCWA eval:[ 85. 200. 280. 309. 339. 368.] | diff. eff.:0.9557996388607898
2026-03-17 18:12:57,589 - AEMSOlogs - INFO - RCWA eval:[ 84. 201. 277. 299. 349. 368.] | diff. eff.:0.9200576873374022
2026-03-17 18:12:57,611 - AEMSOlogs - INFO - Iteration 38: Best Y = -0.9565360395775269 at x = [0.13242523 0.44087889 0.59389353 0.67274523 0.7454851  0.80945887]
2026-03-17 18:12:57,617 - AEMSOlogs - INFO - Working on simulations...
2026-03-17 18:13:44,734 - AEMSOlogs - INFO - RCWA eval:[ 87. 199. 282. 313. 340. 368.] | diff. eff.:0.9515292852860581
2026-03-17 18:13:44,752 - AEMSOlogs - INFO - RCWA eval:[101. 197. 282. 301. 350. 369.] | diff. eff.:0.9137473995264511
2026-03-17 18:14:32,264 - AEMSOlogs - INFO - RCWA eval:[ 65. 236. 284. 312. 349. 379.] | diff. eff.:0.9385394027953279
2026-03-17 18:14:32,536 - AEMSOlogs - INFO - RCWA eval:[ 95. 217. 277. 309. 340. 368.] | diff. eff.:0.9580637116318644
2026-03-17 18:15:18,738 - AEMSOlogs - INFO - RCWA eval:[ 94. 215. 279. 305. 344. 370.] | diff. eff.:0.9547272020334711
2026-03-17 18:15:19,207 - AEMSOlogs - INFO - RCWA eval:[103. 195. 281. 309. 338. 366.] | diff. eff.:0.9532316104266314
2026-03-17 18:16:05,542 - AEMSOlogs - INFO - RCWA eval:[103. 229. 270. 307. 340. 363.] | diff. eff.:0.9423785692962222
2026-03-17 18:16:06,144 - AEMSOlogs - INFO - RCWA eval:[ 80. 265. 273. 306. 348. 370.] | diff. eff.:0.8914601529727284
2026-03-17 18:16:53,454 - AEMSOlogs - INFO - RCWA eval:[ 85. 207. 275. 308. 344. 368.] | diff. eff.:0.9515745975357235
2026-03-17 18:16:54,223 - AEMSOlogs - INFO - RCWA eval:[ 84. 210. 281. 308. 338. 365.] | diff. eff.:0.9534488629132977
2026-03-17 18:17:41,057 - AEMSOlogs - INFO - RCWA eval:[ 75. 206. 276. 306. 337. 369.] | diff. eff.:0.9506575729998795
2026-03-17 18:17:42,112 - AEMSOlogs - INFO - RCWA eval:[ 69. 223. 278. 310. 340. 365.] | diff. eff.:0.9539126293774997
2026-03-17 18:18:28,838 - AEMSOlogs - INFO - RCWA eval:[ 73. 244. 280. 313. 340. 371.] | diff. eff.:0.9520138197879805
2026-03-17 18:18:29,912 - AEMSOlogs - INFO - RCWA eval:[ 83. 211. 281. 312. 341. 375.] | diff. eff.:0.9490062365511903
2026-03-17 18:18:29,937 - AEMSOlogs - INFO - Iteration 39: Best Y = -0.9580637116318644 at x = [0.17483391 0.45815672 0.59853287 0.67255733 0.74508532 0.80969817]
2026-03-17 18:18:29,942 - AEMSOlogs - INFO - Working on simulations...
2026-03-17 18:19:18,405 - AEMSOlogs - INFO - RCWA eval:[ 98. 218. 281. 309. 342. 368.] | diff. eff.:0.957814802867705
2026-03-17 18:19:18,417 - AEMSOlogs - INFO - RCWA eval:[ 94. 205. 280. 307. 341. 369.] | diff. eff.:0.9567558802391748
2026-03-17 18:20:05,471 - AEMSOlogs - INFO - RCWA eval:[ 87. 225. 279. 309. 345. 373.] | diff. eff.:0.9550209828852146
2026-03-17 18:20:05,571 - AEMSOlogs - INFO - RCWA eval:[ 83. 209. 276. 307. 338. 366.] | diff. eff.:0.9555949914016516
2026-03-17 18:20:52,286 - AEMSOlogs - INFO - RCWA eval:[ 93. 218. 282. 313. 341. 368.] | diff. eff.:0.9559770706564441
2026-03-17 18:20:52,406 - AEMSOlogs - INFO - RCWA eval:[ 85. 215. 277. 311. 339. 366.] | diff. eff.:0.9562643447731752
2026-03-17 18:21:40,247 - AEMSOlogs - INFO - RCWA eval:[ 84. 208. 281. 308. 339. 366.] | diff. eff.:0.9552164549971666
2026-03-17 18:21:40,595 - AEMSOlogs - INFO - RCWA eval:[ 99. 221. 277. 304. 344. 368.] | diff. eff.:0.9519929091567078
2026-03-17 18:22:27,461 - AEMSOlogs - INFO - RCWA eval:[ 71. 191. 279. 311. 343. 369.] | diff. eff.:0.9496262793528123
2026-03-17 18:22:27,659 - AEMSOlogs - INFO - RCWA eval:[ 99. 207. 279. 307. 342. 366.] | diff. eff.:0.9552646559024727
2026-03-17 18:23:15,935 - AEMSOlogs - INFO - RCWA eval:[ 75. 221. 280. 311. 344. 375.] | diff. eff.:0.9536733579493877
2026-03-17 18:23:16,294 - AEMSOlogs - INFO - RCWA eval:[103. 215. 276. 312. 342. 369.] | diff. eff.:0.9558419064783262
2026-03-17 18:24:03,270 - AEMSOlogs - INFO - RCWA eval:[102. 207. 274. 306. 340. 369.] | diff. eff.:0.9530171937454758
2026-03-17 18:24:03,725 - AEMSOlogs - INFO - RCWA eval:[ 85. 195. 271. 313. 337. 364.] | diff. eff.:0.9435563105982473
2026-03-17 18:24:03,755 - AEMSOlogs - INFO - Iteration 40: Best Y = -0.9580637116318644 at x = [0.17483391 0.45815672 0.59853287 0.67255733 0.74508532 0.80969817]
2026-03-17 18:24:03,761 - AEMSOlogs - INFO - Working on simulations...
2026-03-17 18:24:50,564 - AEMSOlogs - INFO - RCWA eval:[100. 199. 280. 309. 338. 365.] | diff. eff.:0.953797774207945
2026-03-17 18:24:50,657 - AEMSOlogs - INFO - RCWA eval:[ 98. 193. 276. 304. 339. 364.] | diff. eff.:0.9526116838145695
2026-03-17 18:25:39,307 - AEMSOlogs - INFO - RCWA eval:[ 93. 223. 273. 309. 342. 372.] | diff. eff.:0.9515613689855577
2026-03-17 18:25:39,487 - AEMSOlogs - INFO - RCWA eval:[ 93. 211. 279. 310. 336. 366.] | diff. eff.:0.9540672066022653
2026-03-17 18:26:27,264 - AEMSOlogs - INFO - RCWA eval:[ 96. 226. 281. 310. 342. 369.] | diff. eff.:0.9585539562346757
2026-03-17 18:26:27,572 - AEMSOlogs - INFO - RCWA eval:[ 91. 243. 281. 315. 343. 368.] | diff. eff.:0.9510378108292923
2026-03-17 18:27:14,445 - AEMSOlogs - INFO - RCWA eval:[ 87. 210. 281. 310. 342. 369.] | diff. eff.:0.9571957588942821
2026-03-17 18:27:14,782 - AEMSOlogs - INFO - RCWA eval:[101. 190. 277. 307. 335. 366.] | diff. eff.:0.9496765221053364
2026-03-17 18:28:02,331 - AEMSOlogs - INFO - RCWA eval:[ 91. 210. 270. 310. 339. 370.] | diff. eff.:0.9477724789844378
2026-03-17 18:28:02,825 - AEMSOlogs - INFO - RCWA eval:[ 67. 211. 272. 307. 341. 371.] | diff. eff.:0.9508495019253659
2026-03-17 18:28:48,742 - AEMSOlogs - INFO - RCWA eval:[ 98. 204. 278. 306. 342. 367.] | diff. eff.:0.9559594918878485
2026-03-17 18:28:49,241 - AEMSOlogs - INFO - RCWA eval:[100. 192. 282. 305. 333. 360.] | diff. eff.:0.9347231304891174
2026-03-17 18:29:37,209 - AEMSOlogs - INFO - RCWA eval:[ 88. 211. 279. 310. 340. 369.] | diff. eff.:0.9580203161567344
2026-03-17 18:29:37,846 - AEMSOlogs - INFO - RCWA eval:[115. 189. 280. 308. 344. 370.] | diff. eff.:0.950778361730276
2026-03-17 18:29:37,873 - AEMSOlogs - INFO - Iteration 41: Best Y = -0.9585539562346757 at x = [0.17760465 0.47854913 0.60667381 0.67541637 0.74888548 0.81161943]
2026-03-17 18:29:37,878 - AEMSOlogs - INFO - Working on simulations...
2026-03-17 18:30:25,570 - AEMSOlogs - INFO - RCWA eval:[ 85. 219. 282. 311. 342. 372.] | diff. eff.:0.9569906204439368
2026-03-17 18:30:25,727 - AEMSOlogs - INFO - RCWA eval:[ 99. 212. 282. 311. 341. 368.] | diff. eff.:0.9566507537840402
2026-03-17 18:31:14,134 - AEMSOlogs - INFO - RCWA eval:[ 93. 192. 281. 310. 339. 364.] | diff. eff.:0.9494486216843141
2026-03-17 18:31:14,391 - AEMSOlogs - INFO - RCWA eval:[ 78. 238. 284. 310. 344. 371.] | diff. eff.:0.9538874787618682
2026-03-17 18:32:01,445 - AEMSOlogs - INFO - RCWA eval:[ 80. 224. 280. 311. 337. 365.] | diff. eff.:0.9524224860884367
2026-03-17 18:32:01,742 - AEMSOlogs - INFO - RCWA eval:[ 83. 227. 281. 312. 339. 368.] | diff. eff.:0.956758736379942
2026-03-17 18:32:49,050 - AEMSOlogs - INFO - RCWA eval:[103. 208. 279. 308. 339. 363.] | diff. eff.:0.9513766748668493
2026-03-17 18:32:49,478 - AEMSOlogs - INFO - RCWA eval:[ 90. 232. 278. 312. 341. 370.] | diff. eff.:0.9578361283576056
2026-03-17 18:33:36,374 - AEMSOlogs - INFO - RCWA eval:[ 85. 220. 281. 311. 343. 371.] | diff. eff.:0.9579492858308519
2026-03-17 18:33:37,015 - AEMSOlogs - INFO - RCWA eval:[ 75. 217. 276. 304. 340. 368.] | diff. eff.:0.9527312833281825
2026-03-17 18:34:23,910 - AEMSOlogs - INFO - RCWA eval:[108. 184. 276. 306. 338. 366.] | diff. eff.:0.9523926584077879
2026-03-17 18:34:24,789 - AEMSOlogs - INFO - RCWA eval:[ 93. 209. 277. 312. 341. 367.] | diff. eff.:0.9547782380910517
2026-03-17 18:35:11,405 - AEMSOlogs - INFO - RCWA eval:[ 82. 196. 278. 306. 339. 369.] | diff. eff.:0.9535025323509637
2026-03-17 18:35:12,317 - AEMSOlogs - INFO - RCWA eval:[104. 223. 283. 314. 345. 370.] | diff. eff.:0.9520771096242856
2026-03-17 18:35:12,338 - AEMSOlogs - INFO - Iteration 42: Best Y = -0.9585539562346757 at x = [0.17760465 0.47854913 0.60667381 0.67541637 0.74888548 0.81161943]
2026-03-17 18:35:12,344 - AEMSOlogs - INFO - Working on simulations...
2026-03-17 18:35:59,823 - AEMSOlogs - INFO - RCWA eval:[ 75. 233. 281. 313. 342. 370.] | diff. eff.:0.9577234952139445
2026-03-17 18:35:59,909 - AEMSOlogs - INFO - RCWA eval:[ 77. 223. 280. 310. 344. 371.] | diff. eff.:0.9573309955329985
2026-03-17 18:36:48,052 - AEMSOlogs - INFO - RCWA eval:[100. 220. 291. 312. 345. 369.] | diff. eff.:0.9344637072432611
2026-03-17 18:36:48,196 - AEMSOlogs - INFO - RCWA eval:[ 93. 209. 280. 313. 339. 368.] | diff. eff.:0.9553714684584579
2026-03-17 18:37:34,625 - AEMSOlogs - INFO - RCWA eval:[ 96. 222. 283. 310. 344. 372.] | diff. eff.:0.9563629666546408
2026-03-17 18:37:34,908 - AEMSOlogs - INFO - RCWA eval:[ 85. 221. 280. 311. 341. 371.] | diff. eff.:0.9582884900615575
2026-03-17 18:38:21,233 - AEMSOlogs - INFO - RCWA eval:[ 91. 219. 281. 311. 338. 368.] | diff. eff.:0.9562796647319226
2026-03-17 18:38:21,570 - AEMSOlogs - INFO - RCWA eval:[ 92. 212. 281. 314. 342. 369.] | diff. eff.:0.9539210785539235
2026-03-17 18:39:09,659 - AEMSOlogs - INFO - RCWA eval:[ 92. 213. 280. 308. 338. 368.] | diff. eff.:0.9553285979071504
2026-03-17 18:39:10,102 - AEMSOlogs - INFO - RCWA eval:[ 88. 234. 279. 314. 342. 369.] | diff. eff.:0.9566371955485775
2026-03-17 18:39:56,031 - AEMSOlogs - INFO - RCWA eval:[ 83. 229. 283. 309. 346. 371.] | diff. eff.:0.9523566665557562
2026-03-17 18:39:56,625 - AEMSOlogs - INFO - RCWA eval:[ 95. 201. 277. 309. 340. 367.] | diff. eff.:0.9564452769469642
2026-03-17 18:40:44,544 - AEMSOlogs - INFO - RCWA eval:[ 85. 207. 278. 312. 340. 370.] | diff. eff.:0.9556208788205823
2026-03-17 18:40:45,129 - AEMSOlogs - INFO - RCWA eval:[ 78. 236. 274. 312. 338. 370.] | diff. eff.:0.9503184918859143
2026-03-17 18:40:45,149 - AEMSOlogs - INFO - Iteration 43: Best Y = -0.9585539562346757 at x = [0.17760465 0.47854913 0.60667381 0.67541637 0.74888548 0.81161943]
2026-03-17 18:40:45,155 - AEMSOlogs - INFO - Working on simulations...
2026-03-17 18:41:31,752 - AEMSOlogs - INFO - RCWA eval:[ 88. 222. 281. 310. 343. 372.] | diff. eff.:0.9577610162689638
2026-03-17 18:41:31,928 - AEMSOlogs - INFO - RCWA eval:[ 89. 225. 282. 314. 342. 370.] | diff. eff.:0.9570281217346162
2026-03-17 18:42:19,866 - AEMSOlogs - INFO - RCWA eval:[ 91. 231. 286. 310. 344. 369.] | diff. eff.:0.9508797621120036
2026-03-17 18:42:20,211 - AEMSOlogs - INFO - RCWA eval:[ 76. 233. 281. 313. 342. 370.] | diff. eff.:0.9577534189991227
2026-03-17 18:43:06,344 - AEMSOlogs - INFO - RCWA eval:[ 93. 210. 281. 309. 341. 369.] | diff. eff.:0.9576604217856485
2026-03-17 18:43:06,836 - AEMSOlogs - INFO - RCWA eval:[ 82. 217. 277. 308. 343. 371.] | diff. eff.:0.9566629289392182
2026-03-17 18:43:53,133 - AEMSOlogs - INFO - RCWA eval:[ 94. 201. 280. 309. 341. 368.] | diff. eff.:0.9564823353094098
2026-03-17 18:43:53,700 - AEMSOlogs - INFO - RCWA eval:[ 69. 222. 282. 313. 343. 373.] | diff. eff.:0.9558073415683066
2026-03-17 18:44:41,083 - AEMSOlogs - INFO - RCWA eval:[ 80. 232. 278. 312. 341. 371.] | diff. eff.:0.9574085733448825
2026-03-17 18:44:41,838 - AEMSOlogs - INFO - RCWA eval:[ 78. 206. 277. 312. 341. 368.] | diff. eff.:0.9548229668346437
2026-03-17 18:45:27,188 - AEMSOlogs - INFO - RCWA eval:[ 85. 227. 285. 313. 346. 371.] | diff. eff.:0.9494326954285105
2026-03-17 18:45:27,916 - AEMSOlogs - INFO - RCWA eval:[ 84. 216. 279. 313. 342. 370.] | diff. eff.:0.9566305821058751
2026-03-17 18:46:15,464 - AEMSOlogs - INFO - RCWA eval:[ 78. 218. 280. 311. 338. 369.] | diff. eff.:0.956507448427942
2026-03-17 18:46:16,213 - AEMSOlogs - INFO - RCWA eval:[ 82. 232. 283. 312. 347. 372.] | diff. eff.:0.9498839097588538
2026-03-17 18:46:16,232 - AEMSOlogs - INFO - Iteration 44: Best Y = -0.9585539562346757 at x = [0.17760465 0.47854913 0.60667381 0.67541637 0.74888548 0.81161943]
2026-03-17 18:46:16,238 - AEMSOlogs - INFO - Working on simulations...
2026-03-17 18:47:02,120 - AEMSOlogs - INFO - RCWA eval:[ 80. 225. 284. 313. 342. 373.] | diff. eff.:0.9547772829977178
2026-03-17 18:47:02,171 - AEMSOlogs - INFO - RCWA eval:[ 83. 223. 281. 311. 341. 367.] | diff. eff.:0.9564706118496585
2026-03-17 18:47:50,758 - AEMSOlogs - INFO - RCWA eval:[ 82. 228. 281. 312. 344. 373.] | diff. eff.:0.9568316325335299
2026-03-17 18:47:50,889 - AEMSOlogs - INFO - RCWA eval:[ 98. 208. 279. 309. 344. 372.] | diff. eff.:0.9543958446787928
2026-03-17 18:48:36,922 - AEMSOlogs - INFO - RCWA eval:[ 76. 215. 281. 312. 341. 372.] | diff. eff.:0.9560764224745261
2026-03-17 18:48:37,129 - AEMSOlogs - INFO - RCWA eval:[ 75. 236. 282. 313. 343. 370.] | diff. eff.:0.9563944069648227
2026-03-17 18:49:25,311 - AEMSOlogs - INFO - RCWA eval:[ 65. 243. 279. 316. 343. 374.] | diff. eff.:0.9529221532052236
2026-03-17 18:49:25,435 - AEMSOlogs - INFO - RCWA eval:[ 93. 229. 281. 310. 344. 371.] | diff. eff.:0.9577402652782737
2026-03-17 18:50:13,252 - AEMSOlogs - INFO - RCWA eval:[ 85. 220. 279. 310. 339. 370.] | diff. eff.:0.9569145792772605
2026-03-17 18:50:13,439 - AEMSOlogs - INFO - RCWA eval:[ 79. 212. 278. 309. 340. 370.] | diff. eff.:0.9573609320521698
2026-03-17 18:51:01,484 - AEMSOlogs - INFO - RCWA eval:[ 78. 241. 280. 312. 341. 369.] | diff. eff.:0.9541715506466313
2026-03-17 18:51:01,743 - AEMSOlogs - INFO - RCWA eval:[ 93. 234. 279. 310. 343. 371.] | diff. eff.:0.9572819580389897
2026-03-17 18:51:47,955 - AEMSOlogs - INFO - RCWA eval:[ 91. 216. 279. 308. 341. 369.] | diff. eff.:0.9583421878391355
2026-03-17 18:51:48,374 - AEMSOlogs - INFO - RCWA eval:[ 73. 243. 278. 313. 343. 373.] | diff. eff.:0.9533919241876909
2026-03-17 18:51:48,397 - AEMSOlogs - INFO - Iteration 45: Best Y = -0.9585539562346757 at x = [0.17760465 0.47854913 0.60667381 0.67541637 0.74888548 0.81161943]
2026-03-17 18:51:48,402 - AEMSOlogs - INFO - Working on simulations...
2026-03-17 18:52:34,501 - AEMSOlogs - INFO - RCWA eval:[ 90. 220. 281. 311. 341. 370.] | diff. eff.:0.9585724898948377
2026-03-17 18:52:34,510 - AEMSOlogs - INFO - RCWA eval:[ 84. 211. 280. 306. 342. 370.] | diff. eff.:0.956373560770548
2026-03-17 18:53:22,902 - AEMSOlogs - INFO - RCWA eval:[ 95. 201. 278. 308. 341. 367.] | diff. eff.:0.9565475478260834
2026-03-17 18:53:22,978 - AEMSOlogs - INFO - RCWA eval:[ 90. 225. 277. 308. 342. 370.] | diff. eff.:0.957141225887734
2026-03-17 18:54:11,256 - AEMSOlogs - INFO - RCWA eval:[ 90. 224. 280. 310. 343. 372.] | diff. eff.:0.9579418741877165
2026-03-17 18:54:11,347 - AEMSOlogs - INFO - RCWA eval:[ 98. 217. 278. 309. 340. 368.] | diff. eff.:0.9583189638131664
2026-03-17 18:54:59,703 - AEMSOlogs - INFO - RCWA eval:[ 84. 226. 281. 314. 342. 371.] | diff. eff.:0.9574853365736617
2026-03-17 18:54:59,846 - AEMSOlogs - INFO - RCWA eval:[ 89. 216. 276. 307. 339. 367.] | diff. eff.:0.955977340980944
2026-03-17 18:55:47,019 - AEMSOlogs - INFO - RCWA eval:[ 97. 216. 277. 310. 341. 369.] | diff. eff.:0.9582339354364316
2026-03-17 18:55:47,241 - AEMSOlogs - INFO - RCWA eval:[ 96. 217. 280. 310. 342. 370.] | diff. eff.:0.958726807558653
2026-03-17 18:56:34,385 - AEMSOlogs - INFO - RCWA eval:[104. 219. 278. 309. 342. 370.] | diff. eff.:0.958388546925869
2026-03-17 18:56:34,523 - AEMSOlogs - INFO - RCWA eval:[ 85. 240. 277. 310. 340. 369.] | diff. eff.:0.9517239959216597
2026-03-17 18:57:22,763 - AEMSOlogs - INFO - RCWA eval:[ 90. 206. 281. 312. 342. 369.] | diff. eff.:0.9548115896097756
2026-03-17 18:57:23,170 - AEMSOlogs - INFO - RCWA eval:[ 84. 227. 277. 307. 341. 369.] | diff. eff.:0.955630891025247
2026-03-17 18:57:23,191 - AEMSOlogs - INFO - Iteration 46: Best Y = -0.958726807558653 at x = [0.17743334 0.45751449 0.60459866 0.67450835 0.74809697 0.81315466]
2026-03-17 18:57:23,196 - AEMSOlogs - INFO - Working on simulations...
2026-03-17 18:58:09,902 - AEMSOlogs - INFO - RCWA eval:[102. 212. 277. 310. 340. 368.] | diff. eff.:0.9577923814694996
2026-03-17 18:58:10,018 - AEMSOlogs - INFO - RCWA eval:[ 97. 214. 278. 312. 342. 370.] | diff. eff.:0.9569287899213161
2026-03-17 18:58:57,867 - AEMSOlogs - INFO - RCWA eval:[ 98. 202. 279. 308. 340. 370.] | diff. eff.:0.9553011835993042
2026-03-17 18:58:58,171 - AEMSOlogs - INFO - RCWA eval:[ 88. 219. 284. 312. 341. 372.] | diff. eff.:0.954451461118164
2026-03-17 18:59:44,986 - AEMSOlogs - INFO - RCWA eval:[102. 202. 277. 308. 339. 368.] | diff. eff.:0.9559300818375329
2026-03-17 18:59:45,378 - AEMSOlogs - INFO - RCWA eval:[100. 219. 278. 312. 341. 370.] | diff. eff.:0.9579978135535198
2026-03-17 19:00:32,500 - AEMSOlogs - INFO - RCWA eval:[ 96. 213. 278. 308. 339. 366.] | diff. eff.:0.9567201855395436
2026-03-17 19:00:32,891 - AEMSOlogs - INFO - RCWA eval:[103. 223. 278. 311. 341. 369.] | diff. eff.:0.9588334940169868
2026-03-17 19:01:20,152 - AEMSOlogs - INFO - RCWA eval:[112. 209. 282. 309. 343. 369.] | diff. eff.:0.9563328628535476
2026-03-17 19:01:20,593 - AEMSOlogs - INFO - RCWA eval:[ 97. 217. 279. 310. 343. 369.] | diff. eff.:0.957783774797554
2026-03-17 19:02:07,244 - AEMSOlogs - INFO - RCWA eval:[ 98. 218. 278. 313. 341. 369.] | diff. eff.:0.9572735739581727
2026-03-17 19:02:07,663 - AEMSOlogs - INFO - RCWA eval:[106. 204. 278. 306. 342. 369.] | diff. eff.:0.9561655789474006
2026-03-17 19:02:55,144 - AEMSOlogs - INFO - RCWA eval:[101. 209. 280. 308. 342. 370.] | diff. eff.:0.9574071099977391
2026-03-17 19:02:55,690 - AEMSOlogs - INFO - RCWA eval:[ 93. 229. 277. 312. 340. 368.] | diff. eff.:0.9571692043547599
2026-03-17 19:02:55,711 - AEMSOlogs - INFO - Iteration 47: Best Y = -0.9588334940169868 at x = [0.19205433 0.47238207 0.60000686 0.67705205 0.74753806 0.81210449]
2026-03-17 19:02:55,717 - AEMSOlogs - INFO - Working on simulations...
2026-03-17 19:03:42,183 - AEMSOlogs - INFO - RCWA eval:[106. 217. 277. 312. 342. 371.] | diff. eff.:0.9561629308128705
2026-03-17 19:03:42,190 - AEMSOlogs - INFO - RCWA eval:[106. 200. 277. 309. 339. 369.] | diff. eff.:0.9546828354283377
2026-03-17 19:04:30,696 - AEMSOlogs - INFO - RCWA eval:[ 79. 223. 277. 310. 342. 370.] | diff. eff.:0.9581480734554944
2026-03-17 19:04:30,734 - AEMSOlogs - INFO - RCWA eval:[101. 219. 277. 310. 341. 370.] | diff. eff.:0.9578614808476653
2026-03-17 19:05:18,060 - AEMSOlogs - INFO - RCWA eval:[107. 222. 279. 309. 345. 371.] | diff. eff.:0.9559173748072934
2026-03-17 19:05:18,087 - AEMSOlogs - INFO - RCWA eval:[ 85. 214. 278. 309. 343. 370.] | diff. eff.:0.9573873523300706
2026-03-17 19:06:05,924 - AEMSOlogs - INFO - RCWA eval:[101. 225. 279. 312. 342. 369.] | diff. eff.:0.958637177773173
2026-03-17 19:06:05,931 - AEMSOlogs - INFO - RCWA eval:[ 97. 228. 278. 313. 341. 370.] | diff. eff.:0.9580630142012269
2026-03-17 19:06:53,122 - AEMSOlogs - INFO - RCWA eval:[ 89. 227. 279. 314. 341. 371.] | diff. eff.:0.9573872666136807
2026-03-17 19:06:53,315 - AEMSOlogs - INFO - RCWA eval:[ 98. 231. 277. 313. 341. 368.] | diff. eff.:0.9565379713991435
2026-03-17 19:07:40,773 - AEMSOlogs - INFO - RCWA eval:[108. 222. 279. 311. 343. 372.] | diff. eff.:0.9572331997001047
2026-03-17 19:07:41,132 - AEMSOlogs - INFO - RCWA eval:[ 85. 230. 277. 314. 341. 371.] | diff. eff.:0.9564121019467531
2026-03-17 19:08:29,062 - AEMSOlogs - INFO - RCWA eval:[111. 214. 280. 310. 343. 370.] | diff. eff.:0.9579059286273954
2026-03-17 19:08:29,576 - AEMSOlogs - INFO - RCWA eval:[ 89. 208. 279. 311. 340. 369.] | diff. eff.:0.9572062991432699
2026-03-17 19:08:29,597 - AEMSOlogs - INFO - Iteration 48: Best Y = -0.9588334940169868 at x = [0.19205433 0.47238207 0.60000686 0.67705205 0.74753806 0.81210449]
2026-03-17 19:08:29,603 - AEMSOlogs - INFO - Working on simulations...
2026-03-17 19:09:15,816 - AEMSOlogs - INFO - RCWA eval:[100. 220. 280. 313. 343. 371.] | diff. eff.:0.9569363174763561
2026-03-17 19:09:15,877 - AEMSOlogs - INFO - RCWA eval:[ 98. 228. 281. 312. 343. 370.] | diff. eff.:0.9584945207214449
2026-03-17 19:10:04,102 - AEMSOlogs - INFO - RCWA eval:[104. 227. 285. 312. 343. 372.] | diff. eff.:0.9553189276015263
2026-03-17 19:10:04,113 - AEMSOlogs - INFO - RCWA eval:[ 80. 223. 281. 312. 342. 370.] | diff. eff.:0.9583882935305555
2026-03-17 19:10:51,082 - AEMSOlogs - INFO - RCWA eval:[ 88. 214. 280. 309. 341. 368.] | diff. eff.:0.9582654150510751
2026-03-17 19:10:51,284 - AEMSOlogs - INFO - RCWA eval:[100. 224. 280. 313. 344. 371.] | diff. eff.:0.9565963341244935
2026-03-17 19:11:39,140 - AEMSOlogs - INFO - RCWA eval:[ 97. 227. 281. 313. 343. 370.] | diff. eff.:0.9579087282284868
2026-03-17 19:11:39,442 - AEMSOlogs - INFO - RCWA eval:[ 89. 218. 278. 311. 340. 367.] | diff. eff.:0.9576261361944851
2026-03-17 19:12:27,378 - AEMSOlogs - INFO - RCWA eval:[112. 219. 281. 309. 344. 369.] | diff. eff.:0.9568598904372618
2026-03-17 19:12:27,768 - AEMSOlogs - INFO - RCWA eval:[ 95. 227. 279. 311. 345. 371.] | diff. eff.:0.9558341063650999
2026-03-17 19:13:14,833 - AEMSOlogs - INFO - RCWA eval:[ 93. 210. 276. 311. 340. 368.] | diff. eff.:0.956613572714479
2026-03-17 19:13:15,255 - AEMSOlogs - INFO - RCWA eval:[103. 216. 278. 310. 341. 368.] | diff. eff.:0.9585143013788886
2026-03-17 19:14:03,150 - AEMSOlogs - INFO - RCWA eval:[ 94. 236. 283. 311. 345. 372.] | diff. eff.:0.9556255617585754
2026-03-17 19:14:03,661 - AEMSOlogs - INFO - RCWA eval:[104. 223. 273. 310. 343. 371.] | diff. eff.:0.95271151462992
2026-03-17 19:14:03,682 - AEMSOlogs - INFO - Iteration 49: Best Y = -0.9588334940169868 at x = [0.19205433 0.47238207 0.60000686 0.67705205 0.74753806 0.81210449]
2026-03-17 19:14:03,687 - AEMSOlogs - INFO - Working on simulations...
2026-03-17 19:14:50,254 - AEMSOlogs - INFO - RCWA eval:[ 97. 225. 281. 312. 341. 368.] | diff. eff.:0.957880244772828
2026-03-17 19:14:50,366 - AEMSOlogs - INFO - RCWA eval:[109. 214. 281. 310. 342. 366.] | diff. eff.:0.9544679621118219
2026-03-17 19:15:38,566 - AEMSOlogs - INFO - RCWA eval:[110. 227. 280. 314. 342. 368.] | diff. eff.:0.9565167628058311
2026-03-17 19:15:38,726 - AEMSOlogs - INFO - RCWA eval:[ 88. 233. 277. 313. 341. 370.] | diff. eff.:0.956956987463367
2026-03-17 19:16:25,859 - AEMSOlogs - INFO - RCWA eval:[102. 222. 280. 311. 343. 371.] | diff. eff.:0.958465365384565
2026-03-17 19:16:26,151 - AEMSOlogs - INFO - RCWA eval:[ 97. 217. 281. 309. 343. 369.] | diff. eff.:0.957675497785524
2026-03-17 19:17:14,367 - AEMSOlogs - INFO - RCWA eval:[ 96. 213. 282. 311. 343. 368.] | diff. eff.:0.9547174243792358
2026-03-17 19:17:14,742 - AEMSOlogs - INFO - RCWA eval:[ 88. 219. 280. 311. 343. 370.] | diff. eff.:0.9579682781869663
2026-03-17 19:18:02,741 - AEMSOlogs - INFO - RCWA eval:[101. 221. 279. 313. 342. 370.] | diff. eff.:0.9578094540841106
2026-03-17 19:18:03,248 - AEMSOlogs - INFO - RCWA eval:[ 98. 231. 280. 312. 343. 369.] | diff. eff.:0.9576755466073663
2026-03-17 19:18:50,220 - AEMSOlogs - INFO - RCWA eval:[ 97. 224. 281. 312. 341. 368.] | diff. eff.:0.9578852543374602
2026-03-17 19:18:50,738 - AEMSOlogs - INFO - RCWA eval:[ 88. 220. 281. 311. 342. 372.] | diff. eff.:0.9574971228919905
2026-03-17 19:19:38,698 - AEMSOlogs - INFO - RCWA eval:[ 94. 221. 280. 310. 343. 369.] | diff. eff.:0.9581042757417016
2026-03-17 19:19:39,204 - AEMSOlogs - INFO - RCWA eval:[ 89. 217. 279. 311. 342. 369.] | diff. eff.:0.9582534150285685
2026-03-17 19:19:39,223 - AEMSOlogs - INFO - Iteration 50: Best Y = -0.9588334940169868 at x = [0.19205433 0.47238207 0.60000686 0.67705205 0.74753806 0.81210449]
2026-03-17 19:19:39,229 - AEMSOlogs - INFO - Working on simulations...
2026-03-17 19:20:26,014 - AEMSOlogs - INFO - RCWA eval:[ 82. 217. 279. 310. 342. 369.] | diff. eff.:0.9585182722756129
2026-03-17 19:20:26,150 - AEMSOlogs - INFO - RCWA eval:[ 79. 225. 281. 312. 342. 371.] | diff. eff.:0.9584917030267939
2026-03-17 19:21:14,124 - AEMSOlogs - INFO - RCWA eval:[ 93. 219. 279. 311. 341. 369.] | diff. eff.:0.9588952232141807
2026-03-17 19:21:14,362 - AEMSOlogs - INFO - RCWA eval:[ 94. 217. 279. 308. 342. 368.] | diff. eff.:0.9580558102282861
2026-03-17 19:22:00,378 - AEMSOlogs - INFO - RCWA eval:[ 91. 220. 280. 311. 344. 371.] | diff. eff.:0.9569861880633966
2026-03-17 19:22:00,783 - AEMSOlogs - INFO - RCWA eval:[102. 225. 279. 311. 343. 368.] | diff. eff.:0.9570339861568634
2026-03-17 19:22:48,542 - AEMSOlogs - INFO - RCWA eval:[106. 221. 279. 311. 343. 369.] | diff. eff.:0.9580629619338471
2026-03-17 19:22:48,841 - AEMSOlogs - INFO - RCWA eval:[ 91. 229. 281. 312. 344. 371.] | diff. eff.:0.957603904421802
2026-03-17 19:23:35,291 - AEMSOlogs - INFO - RCWA eval:[ 95. 222. 282. 310. 344. 371.] | diff. eff.:0.9572175590201796
2026-03-17 19:23:35,684 - AEMSOlogs - INFO - RCWA eval:[ 96. 227. 280. 314. 342. 370.] | diff. eff.:0.9578207465885185
2026-03-17 19:24:22,086 - AEMSOlogs - INFO - RCWA eval:[ 93. 219. 277. 310. 341. 369.] | diff. eff.:0.9584150955663374
2026-03-17 19:24:22,490 - AEMSOlogs - INFO - RCWA eval:[104. 222. 278. 311. 343. 368.] | diff. eff.:0.9567412327461295
2026-03-17 19:25:10,527 - AEMSOlogs - INFO - RCWA eval:[ 89. 229. 280. 312. 342. 370.] | diff. eff.:0.9588250131145699
2026-03-17 19:25:11,089 - AEMSOlogs - INFO - RCWA eval:[ 98. 228. 282. 311. 343. 369.] | diff. eff.:0.957528324064987
2026-03-17 19:25:11,109 - AEMSOlogs - INFO - Iteration 51: Best Y = -0.9588952232141807 at x = [0.17081771 0.46180442 0.60250453 0.67680841 0.7471375  0.81101642]



Job ID: 3969143
Cluster: cluster_dei
User/Group: vergerioed/dottor
State: COMPLETED (exit code 0)
Nodes: 1
Cores per node: 2
CPU Utilized: 09:04:28
CPU Efficiency: 99.52% of 09:07:04 core-walltime
Job Wall-clock time: 04:33:32
Memory Utilized: 2.05 GB
Memory Efficiency: 51.15% of 4.00 GB (4.00 GB/node)
