2026-03-22 11:00:40,458 - AEMSOlogs - INFO - Working on simulations...
2026-03-22 11:00:47,086 - AEMSOlogs - INFO - RCWA eval:[214. 204. 254. 346. 179.  73.] | diff. eff.:0.1872860444006718
2026-03-22 11:00:53,287 - AEMSOlogs - INFO - RCWA eval:[158. 219. 303. 249. 276. 283.] | diff. eff.:0.02433373087477282
2026-03-22 11:01:10,464 - AEMSOlogs - INFO - Working on simulations...
2026-03-22 11:01:17,809 - AEMSOlogs - INFO - RCWA eval:[135. 257. 203. 276. 138. 123.] | diff. eff.:0.12756146430817158
2026-03-22 11:01:23,841 - AEMSOlogs - INFO - RCWA eval:[218. 181. 240. 271. 290. 249.] | diff. eff.:0.14120817277892175
2026-03-22 11:01:29,895 - AEMSOlogs - INFO - RCWA eval:[332. 242. 185. 441. 222. 281.] | diff. eff.:0.17704622779414714
2026-03-22 11:01:35,896 - AEMSOlogs - INFO - RCWA eval:[367. 284. 170. 157. 253. 307.] | diff. eff.:0.2051622909883602
2026-03-22 11:01:41,900 - AEMSOlogs - INFO - RCWA eval:[116. 207. 295. 156. 159. 261.] | diff. eff.:0.08752053047393675
2026-03-22 11:01:47,958 - AEMSOlogs - INFO - RCWA eval:[258. 160. 291. 389. 312. 178.] | diff. eff.:0.06934916324342288
2026-03-22 11:01:57,301 - AEMSOlogs - INFO - RCWA eval:[263. 326. 296. 340. 211.  26.] | diff. eff.:0.48698304512867996
2026-03-22 11:02:03,836 - AEMSOlogs - INFO - RCWA eval:[416. 209. 160. 241. 285. 101.] | diff. eff.:0.1905549745340009
2026-03-22 11:02:10,388 - AEMSOlogs - INFO - RCWA eval:[ 72.  83. 291. 125. 384. 187.] | diff. eff.:0.23929346828664624
2026-03-22 11:02:16,849 - AEMSOlogs - INFO - RCWA eval:[ 45. 276. 316. 290. 219. 185.] | diff. eff.:0.20420870086908932
2026-03-22 11:02:25,460 - AEMSOlogs - INFO - RCWA eval:[193.  35. 297. 350. 164. 246.] | diff. eff.:0.14577486547269625
2026-03-22 11:02:31,552 - AEMSOlogs - INFO - RCWA eval:[204. 139. 111. 318. 235. 282.] | diff. eff.:0.028501817869765484
2026-03-22 11:02:37,646 - AEMSOlogs - INFO - RCWA eval:[353. 360. 242. 242. 232. 320.] | diff. eff.:0.5370749209233302
2026-03-22 11:02:43,925 - AEMSOlogs - INFO - RCWA eval:[209. 181. 351. 317. 293. 343.] | diff. eff.:0.15396627882130165
2026-03-22 11:02:43,966 - AEMSOlogs - INFO - Iteration 1: Best Y = -0.5370749209233302 at x = [0.77345585 0.79148694 0.51568256 0.51715763 0.49188964 0.69714773]
2026-03-22 11:02:43,967 - AEMSOlogs - INFO - Working on simulations...
2026-03-22 11:02:51,363 - AEMSOlogs - INFO - RCWA eval:[319. 191. 255. 214. 167. 266.] | diff. eff.:0.1528433898294345
2026-03-22 11:03:26,934 - AEMSOlogs - INFO - RCWA eval:[185. 213. 306. 242. 218. 203.] | diff. eff.:0.11175069981325303
2026-03-22 11:03:33,244 - AEMSOlogs - INFO - RCWA eval:[228. 279. 343. 299. 338. 145.] | diff. eff.:0.45624615936533147
2026-03-22 11:03:39,589 - AEMSOlogs - INFO - RCWA eval:[210. 283. 353. 266. 283. 177.] | diff. eff.:0.07171172238051213
2026-03-22 11:03:45,926 - AEMSOlogs - INFO - RCWA eval:[289. 411. 271. 179. 291. 197.] | diff. eff.:0.05252733130218421
2026-03-22 11:03:52,281 - AEMSOlogs - INFO - RCWA eval:[175. 311. 234. 315. 241. 226.] | diff. eff.:0.3101179271313059
2026-03-22 11:03:58,585 - AEMSOlogs - INFO - RCWA eval:[260. 250. 150. 129. 252. 187.] | diff. eff.:0.06374461657260967
2026-03-22 11:04:04,957 - AEMSOlogs - INFO - RCWA eval:[343. 304. 293. 245. 339. 206.] | diff. eff.:0.08079935184102842
2026-03-22 11:04:11,347 - AEMSOlogs - INFO - RCWA eval:[362. 307. 113. 344. 174. 177.] | diff. eff.:0.046605555273973115
2026-03-22 11:04:17,656 - AEMSOlogs - INFO - RCWA eval:[177. 140. 253. 203. 419.  53.] | diff. eff.:0.09117276179806
2026-03-22 11:04:23,983 - AEMSOlogs - INFO - RCWA eval:[314. 360. 125. 223. 387. 239.] | diff. eff.:0.26419456530335256
2026-03-22 11:04:30,364 - AEMSOlogs - INFO - RCWA eval:[168. 276. 226. 359. 252. 252.] | diff. eff.:0.27681812855634624
2026-03-22 11:04:36,658 - AEMSOlogs - INFO - RCWA eval:[309. 309. 151. 319. 194. 313.] | diff. eff.:0.013045947869150497
2026-03-22 11:04:42,984 - AEMSOlogs - INFO - RCWA eval:[342. 343. 258. 274. 171. 260.] | diff. eff.:0.239876748177135
2026-03-22 11:04:43,000 - AEMSOlogs - INFO - Iteration 2: Best Y = -0.5370749209233302 at x = [0.77345585 0.79148694 0.51568256 0.51715763 0.49188964 0.69714773]
2026-03-22 11:04:43,001 - AEMSOlogs - INFO - Working on simulations...
2026-03-22 11:04:49,314 - AEMSOlogs - INFO - RCWA eval:[208. 292. 308. 350. 232.  52.] | diff. eff.:0.6695797192034902
2026-03-22 11:04:55,634 - AEMSOlogs - INFO - RCWA eval:[255. 200. 258. 215. 126. 290.] | diff. eff.:0.014083043579637144
2026-03-22 11:05:01,970 - AEMSOlogs - INFO - RCWA eval:[202. 282. 289. 366. 349.  61.] | diff. eff.:0.4538183578957491
2026-03-22 11:05:08,367 - AEMSOlogs - INFO - RCWA eval:[252. 285. 232. 210. 248. 200.] | diff. eff.:0.055171643729549316
2026-03-22 11:05:14,734 - AEMSOlogs - INFO - RCWA eval:[305. 300. 240. 304. 160. 154.] | diff. eff.:0.10050697508638237
2026-03-22 11:05:21,030 - AEMSOlogs - INFO - RCWA eval:[237. 206. 223. 240. 288. 129.] | diff. eff.:0.08612719906118917
2026-03-22 11:05:27,363 - AEMSOlogs - INFO - RCWA eval:[ 55. 268. 194. 367. 301. 242.] | diff. eff.:0.09655052726142885
2026-03-22 11:05:33,768 - AEMSOlogs - INFO - RCWA eval:[231. 361. 138. 315. 232. 188.] | diff. eff.:0.010316619643905272
2026-03-22 11:05:40,027 - AEMSOlogs - INFO - RCWA eval:[265. 320. 194. 285. 276. 169.] | diff. eff.:0.06629351713724586
2026-03-22 11:05:46,291 - AEMSOlogs - INFO - RCWA eval:[156. 234. 349. 257. 297. 271.] | diff. eff.:0.00025108799288136
2026-03-22 11:05:52,579 - AEMSOlogs - INFO - RCWA eval:[125. 386. 213. 262. 171. 255.] | diff. eff.:0.06883843710800071
2026-03-22 11:05:58,887 - AEMSOlogs - INFO - RCWA eval:[260. 270. 420. 445. 328. 255.] | diff. eff.:0.12189525154461882
2026-03-22 11:06:05,264 - AEMSOlogs - INFO - RCWA eval:[230. 276. 296. 355. 199. 127.] | diff. eff.:0.6644737502634951
2026-03-22 11:06:11,643 - AEMSOlogs - INFO - RCWA eval:[149. 362. 293. 229. 355. 111.] | diff. eff.:0.09374536962171455
2026-03-22 11:06:11,660 - AEMSOlogs - INFO - Iteration 3: Best Y = -0.6695797192034902 at x = [0.43817961 0.63201571 0.6705443  0.76795083 0.49223418 0.07375663]
2026-03-22 11:06:11,661 - AEMSOlogs - INFO - Working on simulations...
2026-03-22 11:06:17,989 - AEMSOlogs - INFO - RCWA eval:[313. 131. 450. 444. 146.  38.] | diff. eff.:0.14128930406970328
2026-03-22 11:06:24,305 - AEMSOlogs - INFO - RCWA eval:[176. 175. 364. 306. 221. 167.] | diff. eff.:0.02249250216677196
2026-03-22 11:06:30,561 - AEMSOlogs - INFO - RCWA eval:[ 48. 286. 361. 346. 300.  96.] | diff. eff.:0.15063146273776437
2026-03-22 11:06:36,890 - AEMSOlogs - INFO - RCWA eval:[336. 218. 356. 267. 274.  20.] | diff. eff.:0.24708810065708653
2026-03-22 11:06:43,215 - AEMSOlogs - INFO - RCWA eval:[121. 290. 254. 320. 260. 239.] | diff. eff.:0.08064606036744258
2026-03-22 11:06:49,673 - AEMSOlogs - INFO - RCWA eval:[209. 406. 338. 435. 146. 381.] | diff. eff.:0.11781305982554982
2026-03-22 11:06:55,983 - AEMSOlogs - INFO - RCWA eval:[263. 432. 232. 266. 420. 162.] | diff. eff.:0.025617681198103894
2026-03-22 11:07:02,315 - AEMSOlogs - INFO - RCWA eval:[342. 240. 299. 270. 302. 105.] | diff. eff.:0.08834862262637742
2026-03-22 11:07:08,655 - AEMSOlogs - INFO - RCWA eval:[248. 216. 434. 427. 299.  70.] | diff. eff.:0.05693268355788932
2026-03-22 11:07:14,966 - AEMSOlogs - INFO - RCWA eval:[231. 227. 305. 164. 267.  84.] | diff. eff.:0.08726986689439509
2026-03-22 11:07:21,233 - AEMSOlogs - INFO - RCWA eval:[318.  88. 438. 436. 223. 187.] | diff. eff.:0.364213168175315
2026-03-22 11:07:27,513 - AEMSOlogs - INFO - RCWA eval:[193. 299. 279. 444. 417. 139.] | diff. eff.:0.28360289465438476
2026-03-22 11:07:33,937 - AEMSOlogs - INFO - RCWA eval:[290. 450. 261. 280. 218. 149.] | diff. eff.:0.010495696932519385
2026-03-22 11:07:40,284 - AEMSOlogs - INFO - RCWA eval:[178. 148. 297. 365. 360. 185.] | diff. eff.:0.33791401230564805
2026-03-22 11:07:40,301 - AEMSOlogs - INFO - Iteration 4: Best Y = -0.6695797192034902 at x = [0.43817961 0.63201571 0.6705443  0.76795083 0.49223418 0.07375663]
2026-03-22 11:07:40,303 - AEMSOlogs - INFO - Working on simulations...
2026-03-22 11:07:46,657 - AEMSOlogs - INFO - RCWA eval:[278. 274. 446. 356. 372.  32.] | diff. eff.:0.38946007639710084
2026-03-22 11:07:53,027 - AEMSOlogs - INFO - RCWA eval:[268. 158. 261. 342. 241. 249.] | diff. eff.:0.022688911155738848
2026-03-22 11:07:59,362 - AEMSOlogs - INFO - RCWA eval:[132. 204. 281. 226. 260. 161.] | diff. eff.:0.06566371950962288
2026-03-22 11:08:05,700 - AEMSOlogs - INFO - RCWA eval:[281. 307. 387. 434. 158. 303.] | diff. eff.:0.3701000027378108
2026-03-22 11:08:12,397 - AEMSOlogs - INFO - RCWA eval:[ 23. 298. 438. 336. 244.  37.] | diff. eff.:0.12350157977595264
2026-03-22 11:08:18,714 - AEMSOlogs - INFO - RCWA eval:[193. 229. 351. 430. 370. 196.] | diff. eff.:0.30454139480222664
2026-03-22 11:08:25,094 - AEMSOlogs - INFO - RCWA eval:[183. 284. 291. 406. 245. 330.] | diff. eff.:0.0192384739612884
2026-03-22 11:08:31,403 - AEMSOlogs - INFO - RCWA eval:[236. 230. 450. 307. 164. 147.] | diff. eff.:0.2007568033251555
2026-03-22 11:08:37,673 - AEMSOlogs - INFO - RCWA eval:[ 44. 123. 398. 389. 353. 216.] | diff. eff.:0.101286125098099
2026-03-22 11:08:43,937 - AEMSOlogs - INFO - RCWA eval:[223. 121. 440. 449. 375. 312.] | diff. eff.:0.15916922170720027
2026-03-22 11:08:50,295 - AEMSOlogs - INFO - RCWA eval:[229.  30. 368. 405. 344. 303.] | diff. eff.:0.00921183397252341
2026-03-22 11:08:56,619 - AEMSOlogs - INFO - RCWA eval:[337.  26. 318. 435. 338. 333.] | diff. eff.:0.11049675157101592
2026-03-22 11:09:03,092 - AEMSOlogs - INFO - RCWA eval:[259. 103. 277. 442. 392.  72.] | diff. eff.:0.12065861714917699
2026-03-22 11:09:09,435 - AEMSOlogs - INFO - RCWA eval:[238. 235.  97. 214. 323. 140.] | diff. eff.:0.12718858196440097
2026-03-22 11:09:09,453 - AEMSOlogs - INFO - Iteration 5: Best Y = -0.6695797192034902 at x = [0.43817961 0.63201571 0.6705443  0.76795083 0.49223418 0.07375663]
2026-03-22 11:09:09,454 - AEMSOlogs - INFO - Working on simulations...
2026-03-22 11:09:15,717 - AEMSOlogs - INFO - RCWA eval:[257. 256. 358. 316. 427.  22.] | diff. eff.:0.22662217094783965
2026-03-22 11:09:21,986 - AEMSOlogs - INFO - RCWA eval:[169. 349. 334. 291. 349. 168.] | diff. eff.:0.1317936118156719
2026-03-22 11:09:28,268 - AEMSOlogs - INFO - RCWA eval:[248. 270. 392. 445. 279. 245.] | diff. eff.:0.05198841115969082
2026-03-22 11:09:34,676 - AEMSOlogs - INFO - RCWA eval:[447. 301. 366. 300. 406.  26.] | diff. eff.:0.16232678226243236
2026-03-22 11:09:41,086 - AEMSOlogs - INFO - RCWA eval:[240.  58. 367. 324. 449. 288.] | diff. eff.:0.05582034700990971
2026-03-22 11:09:47,396 - AEMSOlogs - INFO - RCWA eval:[381. 326. 449. 384. 165.  36.] | diff. eff.:0.185060049768463
2026-03-22 11:09:53,855 - AEMSOlogs - INFO - RCWA eval:[289. 177. 441. 108. 389.  20.] | diff. eff.:0.09416828568626616
2026-03-22 11:10:00,221 - AEMSOlogs - INFO - RCWA eval:[340. 289. 126. 255. 450.  49.] | diff. eff.:0.09156423836995474
2026-03-22 11:10:06,595 - AEMSOlogs - INFO - RCWA eval:[270.  88. 384. 391. 169.  26.] | diff. eff.:0.20051249369013943
2026-03-22 11:10:12,920 - AEMSOlogs - INFO - RCWA eval:[ 20. 440. 425. 303. 416. 126.] | diff. eff.:0.20125251008804
2026-03-22 11:10:19,372 - AEMSOlogs - INFO - RCWA eval:[359.  40. 407. 266. 226. 255.] | diff. eff.:0.3831601860809778
2026-03-22 11:10:25,688 - AEMSOlogs - INFO - RCWA eval:[383. 439. 450. 240.  44. 306.] | diff. eff.:0.1866113060357808
2026-03-22 11:10:32,130 - AEMSOlogs - INFO - RCWA eval:[406. 175. 342. 407. 292. 123.] | diff. eff.:0.006078370815421909
2026-03-22 11:10:38,542 - AEMSOlogs - INFO - RCWA eval:[366. 377. 445. 406. 367. 104.] | diff. eff.:0.12525095862901908
2026-03-22 11:10:38,560 - AEMSOlogs - INFO - Iteration 6: Best Y = -0.6695797192034902 at x = [0.43817961 0.63201571 0.6705443  0.76795083 0.49223418 0.07375663]
2026-03-22 11:10:38,561 - AEMSOlogs - INFO - Working on simulations...
2026-03-22 11:10:44,910 - AEMSOlogs - INFO - RCWA eval:[405. 138. 432. 436. 204. 314.] | diff. eff.:0.21601296475906523
2026-03-22 11:10:51,265 - AEMSOlogs - INFO - RCWA eval:[ 85. 217. 365.  60. 198. 149.] | diff. eff.:0.09601931395377003
2026-03-22 11:10:57,692 - AEMSOlogs - INFO - RCWA eval:[183. 173. 270. 350. 395. 131.] | diff. eff.:0.4280058800734677
2026-03-22 11:11:04,063 - AEMSOlogs - INFO - RCWA eval:[327. 314. 399. 389.  84.  24.] | diff. eff.:0.16368778107944318
2026-03-22 11:11:10,392 - AEMSOlogs - INFO - RCWA eval:[383. 394. 297.  20. 130. 227.] | diff. eff.:0.019601468850111752
2026-03-22 11:11:16,758 - AEMSOlogs - INFO - RCWA eval:[441. 323. 265. 329. 292. 172.] | diff. eff.:0.0017677627550197166
2026-03-22 11:11:23,226 - AEMSOlogs - INFO - RCWA eval:[195. 263. 357. 367. 376.  33.] | diff. eff.:0.3588476325325588
2026-03-22 11:11:29,647 - AEMSOlogs - INFO - RCWA eval:[283. 344. 274. 273. 215. 126.] | diff. eff.:0.0858471842101319
2026-03-22 11:11:36,026 - AEMSOlogs - INFO - RCWA eval:[388. 123. 290. 399. 305.  31.] | diff. eff.:0.2054908027401124
2026-03-22 11:11:42,434 - AEMSOlogs - INFO - RCWA eval:[142. 204. 340. 434. 243.  77.] | diff. eff.:0.05192434550212355
2026-03-22 11:11:48,736 - AEMSOlogs - INFO - RCWA eval:[ 22. 109. 324. 352.  65.  23.] | diff. eff.:0.3270506669261912
2026-03-22 11:11:55,108 - AEMSOlogs - INFO - RCWA eval:[282.  51. 316. 331. 119.  27.] | diff. eff.:0.559197004314494
2026-03-22 11:12:01,658 - AEMSOlogs - INFO - RCWA eval:[131. 147. 440. 162. 392. 236.] | diff. eff.:0.009203228235806334
2026-03-22 11:12:07,898 - AEMSOlogs - INFO - RCWA eval:[ 59. 114. 262. 336. 319. 163.] | diff. eff.:0.45155967004149977
2026-03-22 11:12:07,916 - AEMSOlogs - INFO - Iteration 7: Best Y = -0.6695797192034902 at x = [0.43817961 0.63201571 0.6705443  0.76795083 0.49223418 0.07375663]
2026-03-22 11:12:07,917 - AEMSOlogs - INFO - Working on simulations...
2026-03-22 11:12:14,220 - AEMSOlogs - INFO - RCWA eval:[435.  95. 428. 445.  54. 100.] | diff. eff.:0.011067381137059068
2026-03-22 11:12:20,454 - AEMSOlogs - INFO - RCWA eval:[324. 159. 206. 271. 163.  21.] | diff. eff.:0.03956193247358704
2026-03-22 11:12:26,703 - AEMSOlogs - INFO - RCWA eval:[219.  21. 396. 426. 449. 103.] | diff. eff.:0.06919013612886593
2026-03-22 11:12:32,974 - AEMSOlogs - INFO - RCWA eval:[406.  20. 440. 360. 223. 271.] | diff. eff.:0.059064135666163003
2026-03-22 11:12:39,212 - AEMSOlogs - INFO - RCWA eval:[ 51. 137. 448. 412. 160.  62.] | diff. eff.:0.004781691738386468
2026-03-22 11:12:45,574 - AEMSOlogs - INFO - RCWA eval:[202. 165. 447. 302. 450. 173.] | diff. eff.:0.09058870022130766
2026-03-22 11:12:51,853 - AEMSOlogs - INFO - RCWA eval:[139.  66. 201. 444. 441. 221.] | diff. eff.:0.013492047757281302
2026-03-22 11:12:58,072 - AEMSOlogs - INFO - RCWA eval:[250. 103. 314. 377. 303. 272.] | diff. eff.:0.02413570802301483
2026-03-22 11:13:04,362 - AEMSOlogs - INFO - RCWA eval:[134.  35. 382. 427.  70.  82.] | diff. eff.:0.009195185463518949
2026-03-22 11:13:10,621 - AEMSOlogs - INFO - RCWA eval:[233. 269. 225. 157. 155. 186.] | diff. eff.:0.09714373191384626
2026-03-22 11:13:16,911 - AEMSOlogs - INFO - RCWA eval:[ 57.  83. 392. 438. 257.  47.] | diff. eff.:0.0610431238820599
2026-03-22 11:13:23,166 - AEMSOlogs - INFO - RCWA eval:[ 28. 112. 372. 202. 155.  20.] | diff. eff.:0.025757599704736463
2026-03-22 11:13:29,420 - AEMSOlogs - INFO - RCWA eval:[205.  58. 440. 425. 440. 106.] | diff. eff.:0.13909738533613392
2026-03-22 11:13:35,597 - AEMSOlogs - INFO - RCWA eval:[268.  22. 112. 376. 220. 375.] | diff. eff.:0.03419950362586106
2026-03-22 11:13:35,616 - AEMSOlogs - INFO - Iteration 8: Best Y = -0.6695797192034902 at x = [0.43817961 0.63201571 0.6705443  0.76795083 0.49223418 0.07375663]
2026-03-22 11:13:35,617 - AEMSOlogs - INFO - Working on simulations...
2026-03-22 11:13:41,817 - AEMSOlogs - INFO - RCWA eval:[223. 168. 430. 326. 302. 109.] | diff. eff.:0.09502620753756467
2026-03-22 11:13:48,104 - AEMSOlogs - INFO - RCWA eval:[418. 134. 303. 384. 211.  51.] | diff. eff.:0.10202838162923317
2026-03-22 11:13:54,342 - AEMSOlogs - INFO - RCWA eval:[136. 326. 307. 329. 400. 154.] | diff. eff.:0.4553533789471056
2026-03-22 11:14:00,618 - AEMSOlogs - INFO - RCWA eval:[374. 407. 286. 427. 357. 119.] | diff. eff.:0.21795209682116504
2026-03-22 11:14:06,937 - AEMSOlogs - INFO - RCWA eval:[ 99.  45. 450. 415. 183. 107.] | diff. eff.:0.0026150936867463284
2026-03-22 11:14:13,192 - AEMSOlogs - INFO - RCWA eval:[382. 141. 379. 442. 239.  70.] | diff. eff.:0.06633089071920102
2026-03-22 11:14:19,394 - AEMSOlogs - INFO - RCWA eval:[210.  37. 292. 274. 325.  41.] | diff. eff.:0.49021781364843664
2026-03-22 11:14:25,648 - AEMSOlogs - INFO - RCWA eval:[125. 127. 414. 436. 280. 206.] | diff. eff.:0.07067150892080683
2026-03-22 11:14:31,794 - AEMSOlogs - INFO - RCWA eval:[283.  94. 315. 437. 336.  41.] | diff. eff.:0.18447742743646878
2026-03-22 11:14:38,040 - AEMSOlogs - INFO - RCWA eval:[312.  40. 370. 340. 162.  27.] | diff. eff.:0.22279473287668006
2026-03-22 11:14:44,319 - AEMSOlogs - INFO - RCWA eval:[389. 137. 445. 445. 205. 137.] | diff. eff.:0.04782058750248178
2026-03-22 11:14:50,612 - AEMSOlogs - INFO - RCWA eval:[122. 255. 195. 363. 345. 125.] | diff. eff.:0.19210658712741177
2026-03-22 11:14:56,863 - AEMSOlogs - INFO - RCWA eval:[276.  27. 282. 167. 321.  39.] | diff. eff.:0.12679309445211992
2026-03-22 11:15:03,160 - AEMSOlogs - INFO - RCWA eval:[ 33.  64. 450. 419. 268.  59.] | diff. eff.:0.11577278014672507
2026-03-22 11:15:03,178 - AEMSOlogs - INFO - Iteration 9: Best Y = -0.6695797192034902 at x = [0.43817961 0.63201571 0.6705443  0.76795083 0.49223418 0.07375663]
2026-03-22 11:15:03,179 - AEMSOlogs - INFO - Working on simulations...
2026-03-22 11:15:09,426 - AEMSOlogs - INFO - RCWA eval:[222. 105. 194. 303. 353.  33.] | diff. eff.:0.45900138302356497
2026-03-22 11:15:15,688 - AEMSOlogs - INFO - RCWA eval:[192.  50. 304. 335. 370.  56.] | diff. eff.:0.6180396029600286
2026-03-22 11:15:21,951 - AEMSOlogs - INFO - RCWA eval:[202. 239. 171.  88. 281.  47.] | diff. eff.:0.021623362184507996
2026-03-22 11:15:28,233 - AEMSOlogs - INFO - RCWA eval:[203.  89. 417. 444. 395. 120.] | diff. eff.:0.12102455207159839
2026-03-22 11:15:34,497 - AEMSOlogs - INFO - RCWA eval:[ 55.  20. 403. 450. 443. 101.] | diff. eff.:0.06560006828577043
2026-03-22 11:15:40,723 - AEMSOlogs - INFO - RCWA eval:[178.  77. 203. 267. 199.  74.] | diff. eff.:0.09067187595518254
2026-03-22 11:15:46,970 - AEMSOlogs - INFO - RCWA eval:[208.  21. 187. 442. 256.  51.] | diff. eff.:0.03615228796522167
2026-03-22 11:15:53,181 - AEMSOlogs - INFO - RCWA eval:[310. 297. 218.  30.  90.  27.] | diff. eff.:0.16656400258725376
2026-03-22 11:15:59,402 - AEMSOlogs - INFO - RCWA eval:[203. 148. 429. 441. 127. 376.] | diff. eff.:0.027918673683365126
2026-03-22 11:16:05,639 - AEMSOlogs - INFO - RCWA eval:[205.  23. 368. 387. 383. 231.] | diff. eff.:0.13402843918973575
2026-03-22 11:16:11,947 - AEMSOlogs - INFO - RCWA eval:[228.  25. 274. 420. 361. 155.] | diff. eff.:0.2312009561958528
2026-03-22 11:16:18,236 - AEMSOlogs - INFO - RCWA eval:[201.  71. 438. 307. 224. 310.] | diff. eff.:0.1987281362613277
2026-03-22 11:16:24,514 - AEMSOlogs - INFO - RCWA eval:[382.  52. 226. 418. 446. 208.] | diff. eff.:0.03686398774056251
2026-03-22 11:16:30,651 - AEMSOlogs - INFO - RCWA eval:[381.  30.  91. 131. 166. 128.] | diff. eff.:0.018384958452530582
2026-03-22 11:16:30,668 - AEMSOlogs - INFO - Iteration 10: Best Y = -0.6695797192034902 at x = [0.43817961 0.63201571 0.6705443  0.76795083 0.49223418 0.07375663]
2026-03-22 11:16:30,669 - AEMSOlogs - INFO - Working on simulations...
2026-03-22 11:16:36,907 - AEMSOlogs - INFO - RCWA eval:[360. 241. 303. 399. 270. 177.] | diff. eff.:0.03907092616120773
2026-03-22 11:16:43,064 - AEMSOlogs - INFO - RCWA eval:[309. 196. 443. 450. 215. 212.] | diff. eff.:0.2691499233323754
2026-03-22 11:16:49,236 - AEMSOlogs - INFO - RCWA eval:[274.  54. 136. 270. 144. 126.] | diff. eff.:0.01194306824729208
2026-03-22 11:16:55,414 - AEMSOlogs - INFO - RCWA eval:[156. 174. 316. 239. 302. 123.] | diff. eff.:0.14661857217304147
2026-03-22 11:17:01,565 - AEMSOlogs - INFO - RCWA eval:[ 34. 101. 300. 365. 412. 162.] | diff. eff.:0.14123958237025463
2026-03-22 11:17:07,774 - AEMSOlogs - INFO - RCWA eval:[335.  39. 395. 440. 443. 158.] | diff. eff.:0.1486478849552378
2026-03-22 11:17:13,972 - AEMSOlogs - INFO - RCWA eval:[212.  36. 446. 449. 386. 111.] | diff. eff.:0.1126684070465885
2026-03-22 11:17:20,153 - AEMSOlogs - INFO - RCWA eval:[262. 137. 159. 246. 399.  71.] | diff. eff.:0.006512475248104847
2026-03-22 11:17:26,349 - AEMSOlogs - INFO - RCWA eval:[340. 143. 157. 273. 153. 152.] | diff. eff.:0.24541732898381863
2026-03-22 11:17:32,488 - AEMSOlogs - INFO - RCWA eval:[228. 104. 365. 450. 450.  26.] | diff. eff.:0.006931319412925451
2026-03-22 11:17:38,656 - AEMSOlogs - INFO - RCWA eval:[191.  71. 400. 322. 275.  70.] | diff. eff.:0.03876925973661561
2026-03-22 11:17:44,837 - AEMSOlogs - INFO - RCWA eval:[450. 148. 222. 385. 299. 340.] | diff. eff.:0.2082152685149355
2026-03-22 11:17:51,033 - AEMSOlogs - INFO - RCWA eval:[206.  94. 137.  40. 145.  53.] | diff. eff.:0.006341937154951588
2026-03-22 11:17:57,224 - AEMSOlogs - INFO - RCWA eval:[201. 338. 206. 232. 258.  57.] | diff. eff.:0.12107701764332764
2026-03-22 11:17:57,242 - AEMSOlogs - INFO - Iteration 11: Best Y = -0.6695797192034902 at x = [0.43817961 0.63201571 0.6705443  0.76795083 0.49223418 0.07375663]
2026-03-22 11:17:57,243 - AEMSOlogs - INFO - Working on simulations...
2026-03-22 11:18:03,393 - AEMSOlogs - INFO - RCWA eval:[266.  96. 241. 263. 343. 257.] | diff. eff.:0.1219556814161277
2026-03-22 11:18:09,563 - AEMSOlogs - INFO - RCWA eval:[287. 206. 300. 268. 232. 226.] | diff. eff.:0.10343301721267034
2026-03-22 11:18:15,740 - AEMSOlogs - INFO - RCWA eval:[447.  24. 284. 450. 129. 259.] | diff. eff.:0.006190115064244121
2026-03-22 11:18:21,935 - AEMSOlogs - INFO - RCWA eval:[409.  34. 450. 383.  20. 406.] | diff. eff.:0.016750277944667658
2026-03-22 11:18:28,131 - AEMSOlogs - INFO - RCWA eval:[ 88. 174. 377. 404. 342. 101.] | diff. eff.:0.09954399907055841
2026-03-22 11:18:34,318 - AEMSOlogs - INFO - RCWA eval:[258.  82. 243. 381. 168. 185.] | diff. eff.:0.10322492536719467
2026-03-22 11:18:40,417 - AEMSOlogs - INFO - RCWA eval:[263.  25. 192. 270. 154. 138.] | diff. eff.:0.012700219973319755
2026-03-22 11:18:46,524 - AEMSOlogs - INFO - RCWA eval:[166.  22. 326. 421. 242. 337.] | diff. eff.:0.04324601369665298
2026-03-22 11:18:52,771 - AEMSOlogs - INFO - RCWA eval:[331.  87. 447. 291. 163. 289.] | diff. eff.:0.2644181471360488
2026-03-22 11:18:59,037 - AEMSOlogs - INFO - RCWA eval:[436. 222. 233. 265. 409. 143.] | diff. eff.:0.13485416465294164
2026-03-22 11:19:05,252 - AEMSOlogs - INFO - RCWA eval:[ 63. 233. 445. 226. 355. 187.] | diff. eff.:0.24272615676744894
2026-03-22 11:19:11,397 - AEMSOlogs - INFO - RCWA eval:[338. 150. 347. 437. 224. 376.] | diff. eff.:0.24180828692201473
2026-03-22 11:19:17,568 - AEMSOlogs - INFO - RCWA eval:[381.  81. 257. 397. 352.  54.] | diff. eff.:0.25981427347268177
2026-03-22 11:19:23,749 - AEMSOlogs - INFO - RCWA eval:[221. 102. 334. 281. 274. 228.] | diff. eff.:0.0038089144164433902
2026-03-22 11:19:23,766 - AEMSOlogs - INFO - Iteration 12: Best Y = -0.6695797192034902 at x = [0.43817961 0.63201571 0.6705443  0.76795083 0.49223418 0.07375663]
2026-03-22 11:19:23,768 - AEMSOlogs - INFO - Working on simulations...
2026-03-22 11:19:30,081 - AEMSOlogs - INFO - RCWA eval:[289. 158. 399. 322. 231. 320.] | diff. eff.:0.022688557909838536
2026-03-22 11:19:36,387 - AEMSOlogs - INFO - RCWA eval:[199.  75. 448. 372. 166. 152.] | diff. eff.:0.04619492043983505
2026-03-22 11:19:42,603 - AEMSOlogs - INFO - RCWA eval:[153. 157. 404. 331. 339. 333.] | diff. eff.:0.2941284073206619
2026-03-22 11:19:48,807 - AEMSOlogs - INFO - RCWA eval:[256. 142. 357. 376. 300. 157.] | diff. eff.:0.12070989223540658
2026-03-22 11:19:54,978 - AEMSOlogs - INFO - RCWA eval:[134.  35. 281. 369. 324.  27.] | diff. eff.:0.2045710198468099
2026-03-22 11:20:01,190 - AEMSOlogs - INFO - RCWA eval:[412.  64. 344. 307. 155. 178.] | diff. eff.:0.19237138507412432
2026-03-22 11:20:07,398 - AEMSOlogs - INFO - RCWA eval:[199. 142. 177. 271. 175. 256.] | diff. eff.:0.029233134625594282
2026-03-22 11:20:13,640 - AEMSOlogs - INFO - RCWA eval:[382. 181. 352.  77. 397. 400.] | diff. eff.:0.10294964571642407
2026-03-22 11:20:19,828 - AEMSOlogs - INFO - RCWA eval:[390.  47. 319. 399. 200. 157.] | diff. eff.:0.11811755538924694
2026-03-22 11:20:26,086 - AEMSOlogs - INFO - RCWA eval:[236. 141. 294. 261. 230.  49.] | diff. eff.:0.1177824196066303
2026-03-22 11:20:32,367 - AEMSOlogs - INFO - RCWA eval:[402. 255. 350. 274. 447. 340.] | diff. eff.:0.15777657395417152
2026-03-22 11:20:38,564 - AEMSOlogs - INFO - RCWA eval:[143. 173. 450. 386. 397. 214.] | diff. eff.:0.07646085663124531
2026-03-22 11:20:44,803 - AEMSOlogs - INFO - RCWA eval:[277.  20. 307. 431. 117. 141.] | diff. eff.:0.19004939066220927
2026-03-22 11:20:50,995 - AEMSOlogs - INFO - RCWA eval:[432.  23. 422. 411. 192. 383.] | diff. eff.:0.0015625230133165138
2026-03-22 11:20:51,013 - AEMSOlogs - INFO - Iteration 13: Best Y = -0.6695797192034902 at x = [0.43817961 0.63201571 0.6705443  0.76795083 0.49223418 0.07375663]
2026-03-22 11:20:51,014 - AEMSOlogs - INFO - Working on simulations...
2026-03-22 11:20:57,220 - AEMSOlogs - INFO - RCWA eval:[230. 105. 441. 390. 387. 202.] | diff. eff.:0.08827021023110697
2026-03-22 11:21:03,390 - AEMSOlogs - INFO - RCWA eval:[ 43. 102. 243. 305. 350. 341.] | diff. eff.:0.6845189441850926
2026-03-22 11:21:09,557 - AEMSOlogs - INFO - RCWA eval:[239.  45. 450. 382. 285. 413.] | diff. eff.:0.001766729557940347
2026-03-22 11:21:15,776 - AEMSOlogs - INFO - RCWA eval:[ 76. 284. 365. 445. 325. 280.] | diff. eff.:0.01919140528137471
2026-03-22 11:21:22,032 - AEMSOlogs - INFO - RCWA eval:[127. 293. 436. 366. 315. 270.] | diff. eff.:0.06505873898390833
2026-03-22 11:21:28,232 - AEMSOlogs - INFO - RCWA eval:[323. 104. 303. 426. 271. 113.] | diff. eff.:0.081658986299936
2026-03-22 11:21:34,403 - AEMSOlogs - INFO - RCWA eval:[401.  70. 388. 211. 331. 271.] | diff. eff.:0.06067097941645401
2026-03-22 11:21:40,600 - AEMSOlogs - INFO - RCWA eval:[448.  28. 214. 448. 263. 244.] | diff. eff.:0.12590032922106323
2026-03-22 11:21:46,831 - AEMSOlogs - INFO - RCWA eval:[130.  85. 442. 445. 294. 254.] | diff. eff.:0.19584818501367784
2026-03-22 11:21:53,073 - AEMSOlogs - INFO - RCWA eval:[294.  58. 341. 209. 320. 148.] | diff. eff.:0.04705596148367409
2026-03-22 11:21:59,251 - AEMSOlogs - INFO - RCWA eval:[240. 152. 334. 352. 104. 319.] | diff. eff.:0.08477581094589182
2026-03-22 11:22:05,467 - AEMSOlogs - INFO - RCWA eval:[184.  35. 241. 270. 379. 184.] | diff. eff.:0.14946889177873382
2026-03-22 11:22:11,696 - AEMSOlogs - INFO - RCWA eval:[329. 133. 378. 335. 340. 269.] | diff. eff.:0.0013096176635773611
2026-03-22 11:22:17,888 - AEMSOlogs - INFO - RCWA eval:[194.  61. 419. 385. 322. 188.] | diff. eff.:0.22981653173162322
2026-03-22 11:22:17,905 - AEMSOlogs - INFO - Iteration 14: Best Y = -0.6845189441850926 at x = [0.05371056 0.19049161 0.51838465 0.66328367 0.76714018 0.74760248]
2026-03-22 11:22:17,907 - AEMSOlogs - INFO - Working on simulations...
2026-03-22 11:22:24,054 - AEMSOlogs - INFO - RCWA eval:[165. 106. 187. 235. 214. 234.] | diff. eff.:0.0340992354581851
2026-03-22 11:22:30,258 - AEMSOlogs - INFO - RCWA eval:[128.  47. 442. 416. 422. 185.] | diff. eff.:0.020931154825390347
2026-03-22 11:22:36,426 - AEMSOlogs - INFO - RCWA eval:[182.  41. 414. 350. 396. 265.] | diff. eff.:0.06880256293287475
2026-03-22 11:22:42,593 - AEMSOlogs - INFO - RCWA eval:[ 99.  64. 307. 295. 449. 417.] | diff. eff.:0.23892436683915935
2026-03-22 11:22:48,790 - AEMSOlogs - INFO - RCWA eval:[ 30.  42. 251. 248. 409. 291.] | diff. eff.:0.11291081927636067
2026-03-22 11:22:54,985 - AEMSOlogs - INFO - RCWA eval:[ 30. 121. 285. 229. 397. 200.] | diff. eff.:0.10542412926417984
2026-03-22 11:23:01,152 - AEMSOlogs - INFO - RCWA eval:[126. 128. 342. 379. 308. 146.] | diff. eff.:0.012704420285079426
2026-03-22 11:23:07,328 - AEMSOlogs - INFO - RCWA eval:[113. 167. 450. 450. 198. 112.] | diff. eff.:0.01798562451368379
2026-03-22 11:23:13,528 - AEMSOlogs - INFO - RCWA eval:[ 69. 217. 442. 376. 450. 236.] | diff. eff.:0.1333176731072587
2026-03-22 11:23:19,682 - AEMSOlogs - INFO - RCWA eval:[ 59.  37. 448. 409. 432. 255.] | diff. eff.:0.047995006660165776
2026-03-22 11:23:25,811 - AEMSOlogs - INFO - RCWA eval:[ 27. 187. 165. 447. 340. 119.] | diff. eff.:0.22918455173103855
2026-03-22 11:23:31,980 - AEMSOlogs - INFO - RCWA eval:[448.  55. 327. 379. 152. 368.] | diff. eff.:0.3987848950148388
2026-03-22 11:23:39,220 - AEMSOlogs - INFO - RCWA eval:[230.  20.  46. 173. 374. 422.] | diff. eff.:0.0207068042566764
2026-03-22 11:24:13,050 - AEMSOlogs - INFO - RCWA eval:[ 97.  50. 268. 275. 239.  97.] | diff. eff.:0.1521862084080031
2026-03-22 11:24:13,069 - AEMSOlogs - INFO - Iteration 15: Best Y = -0.6845189441850926 at x = [0.05371056 0.19049161 0.51838465 0.66328367 0.76714018 0.74760248]
2026-03-22 11:24:13,071 - AEMSOlogs - INFO - Working on simulations...
2026-03-22 11:24:19,273 - AEMSOlogs - INFO - RCWA eval:[ 21. 164.  51. 193. 303. 404.] | diff. eff.:0.1962720318809885
2026-03-22 11:24:25,428 - AEMSOlogs - INFO - RCWA eval:[219. 223. 435. 428. 239.  46.] | diff. eff.:0.007542821959264188
2026-03-22 11:24:31,582 - AEMSOlogs - INFO - RCWA eval:[189.  20. 314. 333. 436. 424.] | diff. eff.:0.43111402365985885
2026-03-22 11:24:37,728 - AEMSOlogs - INFO - RCWA eval:[ 32. 108. 122. 230. 450. 248.] | diff. eff.:0.0734349904469263
2026-03-22 11:24:43,904 - AEMSOlogs - INFO - RCWA eval:[443. 237. 357. 450. 209. 175.] | diff. eff.:0.06683811974770339
2026-03-22 11:24:49,994 - AEMSOlogs - INFO - RCWA eval:[ 69.  33. 222. 207. 449. 297.] | diff. eff.:0.22415225460181107
2026-03-22 11:24:56,104 - AEMSOlogs - INFO - RCWA eval:[ 47. 129. 439. 367. 169.  67.] | diff. eff.:0.05209955638836502
2026-03-22 11:25:02,268 - AEMSOlogs - INFO - RCWA eval:[139.  80. 450. 387. 327. 114.] | diff. eff.:0.38111580570923703
2026-03-22 11:25:08,439 - AEMSOlogs - INFO - RCWA eval:[172.  25. 226. 437. 449. 354.] | diff. eff.:0.2628184499928311
2026-03-22 11:25:14,619 - AEMSOlogs - INFO - RCWA eval:[281.  78. 220. 269. 302. 191.] | diff. eff.:0.07802103590645046
2026-03-22 11:25:20,900 - AEMSOlogs - INFO - RCWA eval:[153.  64. 279. 268. 418. 401.] | diff. eff.:0.2492465572657766
2026-03-22 11:25:27,042 - AEMSOlogs - INFO - RCWA eval:[194. 440. 362. 388. 252. 187.] | diff. eff.:0.08841306142368358
2026-03-22 11:25:33,177 - AEMSOlogs - INFO - RCWA eval:[ 21. 136.  45. 164. 305. 347.] | diff. eff.:0.356560139530675
2026-03-22 11:25:39,340 - AEMSOlogs - INFO - RCWA eval:[127. 128. 268.  96. 220. 383.] | diff. eff.:0.11399443451428735
2026-03-22 11:25:39,358 - AEMSOlogs - INFO - Iteration 16: Best Y = -0.6845189441850926 at x = [0.05371056 0.19049161 0.51838465 0.66328367 0.76714018 0.74760248]
2026-03-22 11:25:39,360 - AEMSOlogs - INFO - Working on simulations...
2026-03-22 11:25:45,512 - AEMSOlogs - INFO - RCWA eval:[ 91.  54. 126. 168. 425. 373.] | diff. eff.:0.07972162930358712
2026-03-22 11:25:51,617 - AEMSOlogs - INFO - RCWA eval:[ 35. 261. 249. 321. 251. 307.] | diff. eff.:0.019849540624330284
2026-03-22 11:25:57,749 - AEMSOlogs - INFO - RCWA eval:[292. 245.  76. 344. 328. 400.] | diff. eff.:0.17732731601724228
2026-03-22 11:26:03,960 - AEMSOlogs - INFO - RCWA eval:[126. 121. 299. 339. 287. 127.] | diff. eff.:0.27905351385281746
2026-03-22 11:26:10,138 - AEMSOlogs - INFO - RCWA eval:[297. 110. 158. 399. 291. 210.] | diff. eff.:0.20100234891247193
2026-03-22 11:26:16,260 - AEMSOlogs - INFO - RCWA eval:[102. 246. 187. 378. 449. 423.] | diff. eff.:0.04306461168887807
2026-03-22 11:26:22,375 - AEMSOlogs - INFO - RCWA eval:[ 54.  33. 133. 232. 445. 418.] | diff. eff.:0.07034409896899882
2026-03-22 11:26:28,444 - AEMSOlogs - INFO - RCWA eval:[287.  30. 259.  65. 365.  90.] | diff. eff.:0.06132229382374471
2026-03-22 11:26:34,607 - AEMSOlogs - INFO - RCWA eval:[ 20. 218. 302. 420. 386. 176.] | diff. eff.:0.3541645599987715
2026-03-22 11:26:40,753 - AEMSOlogs - INFO - RCWA eval:[ 20.  50. 181. 255. 320. 445.] | diff. eff.:0.23900188006261677
2026-03-22 11:26:46,925 - AEMSOlogs - INFO - RCWA eval:[ 50. 232. 100. 343. 291. 363.] | diff. eff.:0.5780605353028084
2026-03-22 11:26:53,081 - AEMSOlogs - INFO - RCWA eval:[126. 357. 399. 248. 232. 356.] | diff. eff.:0.24577498114585367
2026-03-22 11:26:59,272 - AEMSOlogs - INFO - RCWA eval:[171. 135. 248. 372. 335. 368.] | diff. eff.:0.21023798645883485
2026-03-22 11:27:05,434 - AEMSOlogs - INFO - RCWA eval:[357.  65. 320. 442. 387. 393.] | diff. eff.:0.023892442089161678
2026-03-22 11:27:05,452 - AEMSOlogs - INFO - Iteration 17: Best Y = -0.6845189441850926 at x = [0.05371056 0.19049161 0.51838465 0.66328367 0.76714018 0.74760248]
2026-03-22 11:27:05,454 - AEMSOlogs - INFO - Working on simulations...
2026-03-22 11:27:11,608 - AEMSOlogs - INFO - RCWA eval:[152.  51.  20. 167. 258. 413.] | diff. eff.:0.03076964979912401
2026-03-22 11:27:17,731 - AEMSOlogs - INFO - RCWA eval:[ 22. 130. 295. 346. 441. 271.] | diff. eff.:0.10442930461667144
2026-03-22 11:27:23,940 - AEMSOlogs - INFO - RCWA eval:[199.  20. 343. 342. 449. 291.] | diff. eff.:0.24999417131804644
2026-03-22 11:27:30,045 - AEMSOlogs - INFO - RCWA eval:[105. 122. 310. 367. 448.  77.] | diff. eff.:0.1632768047543767
2026-03-22 11:27:36,176 - AEMSOlogs - INFO - RCWA eval:[ 25. 225. 190. 365. 434. 322.] | diff. eff.:0.030757076036051552
2026-03-22 11:27:42,314 - AEMSOlogs - INFO - RCWA eval:[ 47. 136. 314. 346. 345. 196.] | diff. eff.:0.42013899293251183
2026-03-22 11:27:48,461 - AEMSOlogs - INFO - RCWA eval:[ 60. 224. 245. 239. 308. 296.] | diff. eff.:0.24790528091388772
2026-03-22 11:27:54,528 - AEMSOlogs - INFO - RCWA eval:[157. 313. 299. 303. 329. 210.] | diff. eff.:0.27290731861593215
2026-03-22 11:28:00,647 - AEMSOlogs - INFO - RCWA eval:[ 35.  21.  24. 214. 436. 433.] | diff. eff.:0.0288956629479178
2026-03-22 11:28:06,825 - AEMSOlogs - INFO - RCWA eval:[180. 158.  35. 268. 450. 428.] | diff. eff.:0.07195183404677762
2026-03-22 11:28:13,023 - AEMSOlogs - INFO - RCWA eval:[128.  95.  60. 420. 348. 180.] | diff. eff.:0.09449670703076911
2026-03-22 11:28:19,242 - AEMSOlogs - INFO - RCWA eval:[169.  21. 158. 226. 303. 447.] | diff. eff.:0.1395825663324282
2026-03-22 11:28:25,417 - AEMSOlogs - INFO - RCWA eval:[144. 266. 247. 448. 267. 364.] | diff. eff.:0.18765586355139702
2026-03-22 11:28:31,686 - AEMSOlogs - INFO - RCWA eval:[179. 105. 269. 263. 450. 246.] | diff. eff.:0.05833507253098673
2026-03-22 11:28:31,704 - AEMSOlogs - INFO - Iteration 18: Best Y = -0.6845189441850926 at x = [0.05371056 0.19049161 0.51838465 0.66328367 0.76714018 0.74760248]
2026-03-22 11:28:31,706 - AEMSOlogs - INFO - Working on simulations...
2026-03-22 11:28:38,090 - AEMSOlogs - INFO - RCWA eval:[ 71.  75. 369. 373. 345. 172.] | diff. eff.:0.0171076666947041
2026-03-22 11:28:44,824 - AEMSOlogs - INFO - RCWA eval:[245. 279. 217. 435. 406. 292.] | diff. eff.:0.12311904890998548
2026-03-22 11:28:51,582 - AEMSOlogs - INFO - RCWA eval:[170. 290. 166. 261. 299. 415.] | diff. eff.:0.08079061268186077
2026-03-22 11:28:58,171 - AEMSOlogs - INFO - RCWA eval:[158.  52. 385. 350. 321. 391.] | diff. eff.:0.06169180239606004
2026-03-22 11:29:04,962 - AEMSOlogs - INFO - RCWA eval:[171. 182. 363. 441. 124. 329.] | diff. eff.:0.16065603924409916
2026-03-22 11:29:11,637 - AEMSOlogs - INFO - RCWA eval:[277. 254.  26. 308. 402. 239.] | diff. eff.:0.04686890276650427
2026-03-22 11:29:18,364 - AEMSOlogs - INFO - RCWA eval:[ 85.  54. 445. 427. 334. 248.] | diff. eff.:0.246991697117303
2026-03-22 11:29:25,009 - AEMSOlogs - INFO - RCWA eval:[231. 244. 233. 369. 328. 334.] | diff. eff.:0.10086493619192298
2026-03-22 11:29:31,649 - AEMSOlogs - INFO - RCWA eval:[117. 220. 257. 402. 193. 404.] | diff. eff.:0.10204108344101877
2026-03-22 11:29:38,234 - AEMSOlogs - INFO - RCWA eval:[ 56. 154. 301. 414. 444. 379.] | diff. eff.:0.28723345757968305
2026-03-22 11:29:44,836 - AEMSOlogs - INFO - RCWA eval:[141. 301. 359. 250.  90. 217.] | diff. eff.:0.2557873268980105
2026-03-22 11:29:51,505 - AEMSOlogs - INFO - RCWA eval:[137.  24. 342. 429. 447. 129.] | diff. eff.:0.050329151586134525
2026-03-22 11:29:58,153 - AEMSOlogs - INFO - RCWA eval:[ 61. 183. 423. 331. 360. 364.] | diff. eff.:0.2359114969014791
2026-03-22 11:30:04,896 - AEMSOlogs - INFO - RCWA eval:[ 72. 140. 213. 370. 340. 293.] | diff. eff.:0.11241236430659181
2026-03-22 11:30:04,914 - AEMSOlogs - INFO - Iteration 19: Best Y = -0.6845189441850926 at x = [0.05371056 0.19049161 0.51838465 0.66328367 0.76714018 0.74760248]
2026-03-22 11:30:04,915 - AEMSOlogs - INFO - Working on simulations...
2026-03-22 11:30:11,409 - AEMSOlogs - INFO - RCWA eval:[229. 105. 364. 289. 427. 133.] | diff. eff.:0.05258221276060547
2026-03-22 11:30:18,150 - AEMSOlogs - INFO - RCWA eval:[158. 251. 449.  66. 176. 113.] | diff. eff.:0.04203932102782338
2026-03-22 11:30:24,756 - AEMSOlogs - INFO - RCWA eval:[ 75. 195. 446. 413. 284. 368.] | diff. eff.:0.2603314217531298
2026-03-22 11:30:31,356 - AEMSOlogs - INFO - RCWA eval:[110. 184. 348. 437. 202. 362.] | diff. eff.:0.0011079433243770132
2026-03-22 11:30:37,980 - AEMSOlogs - INFO - RCWA eval:[258. 326. 450.  73. 205.  57.] | diff. eff.:0.190284075572771
2026-03-22 11:30:44,652 - AEMSOlogs - INFO - RCWA eval:[284. 307. 318. 236. 215. 106.] | diff. eff.:0.3852373081028128
2026-03-22 11:30:51,323 - AEMSOlogs - INFO - RCWA eval:[ 90. 168. 277. 423. 399. 202.] | diff. eff.:0.14259739301793403
2026-03-22 11:30:57,972 - AEMSOlogs - INFO - RCWA eval:[ 22. 266. 444. 270. 176.  83.] | diff. eff.:0.0918918715526911
2026-03-22 11:31:04,586 - AEMSOlogs - INFO - RCWA eval:[ 36. 153. 362. 256. 449. 343.] | diff. eff.:0.06622134205546179
2026-03-22 11:31:11,204 - AEMSOlogs - INFO - RCWA eval:[364. 345. 401. 194.  45. 383.] | diff. eff.:0.09495914858350764
2026-03-22 11:31:17,787 - AEMSOlogs - INFO - RCWA eval:[220. 311. 158. 317. 155. 430.] | diff. eff.:0.36256942186215657
2026-03-22 11:31:24,419 - AEMSOlogs - INFO - RCWA eval:[251. 399. 422. 288. 108. 100.] | diff. eff.:0.03320253977339855
2026-03-22 11:31:31,083 - AEMSOlogs - INFO - RCWA eval:[266. 308. 268. 394. 174. 342.] | diff. eff.:0.10569165489067574
2026-03-22 11:31:37,696 - AEMSOlogs - INFO - RCWA eval:[117. 450. 382. 198. 409. 202.] | diff. eff.:0.20361696022080936
2026-03-22 11:31:37,714 - AEMSOlogs - INFO - Iteration 20: Best Y = -0.6845189441850926 at x = [0.05371056 0.19049161 0.51838465 0.66328367 0.76714018 0.74760248]
2026-03-22 11:31:37,715 - AEMSOlogs - INFO - Working on simulations...
2026-03-22 11:31:44,325 - AEMSOlogs - INFO - RCWA eval:[163. 223. 434. 302. 268. 180.] | diff. eff.:0.10974503595290748
2026-03-22 11:31:50,935 - AEMSOlogs - INFO - RCWA eval:[241. 450. 111. 286. 387.  90.] | diff. eff.:0.07991431878083474
2026-03-22 11:31:57,630 - AEMSOlogs - INFO - RCWA eval:[125. 261. 389. 310. 187. 184.] | diff. eff.:0.1323845063503217
2026-03-22 11:32:04,196 - AEMSOlogs - INFO - RCWA eval:[104. 196. 389. 197. 389. 230.] | diff. eff.:0.025103548622639048
2026-03-22 11:32:10,870 - AEMSOlogs - INFO - RCWA eval:[168. 263. 441. 338. 273. 424.] | diff. eff.:0.14671429035113556
2026-03-22 11:32:17,459 - AEMSOlogs - INFO - RCWA eval:[302. 264. 368. 329. 188. 336.] | diff. eff.:0.02973495746672548
2026-03-22 11:32:24,133 - AEMSOlogs - INFO - RCWA eval:[144.  86. 286.  74. 165.  90.] | diff. eff.:0.1296029293049723
2026-03-22 11:32:30,766 - AEMSOlogs - INFO - RCWA eval:[202. 414. 360. 224. 214. 273.] | diff. eff.:0.27131264840863983
2026-03-22 11:32:37,395 - AEMSOlogs - INFO - RCWA eval:[148.  44. 444. 450. 369. 128.] | diff. eff.:0.14139359091887982
2026-03-22 11:32:44,075 - AEMSOlogs - INFO - RCWA eval:[132. 433. 443. 195. 304. 390.] | diff. eff.:0.1564741551923022
2026-03-22 11:32:59,398 - AEMSOlogs - INFO - RCWA eval:[111. 173. 293. 317. 251. 371.] | diff. eff.:0.5185454240929634
2026-03-22 11:33:06,055 - AEMSOlogs - INFO - RCWA eval:[305. 394. 267. 433.  88. 386.] | diff. eff.:0.00828127643348873
2026-03-22 11:33:12,722 - AEMSOlogs - INFO - RCWA eval:[104.  23. 244. 424. 417. 223.] | diff. eff.:0.005794435619316555
2026-03-22 11:33:19,495 - AEMSOlogs - INFO - RCWA eval:[197. 388. 254. 327. 198. 291.] | diff. eff.:0.00316766248113964
2026-03-22 11:33:19,514 - AEMSOlogs - INFO - Iteration 21: Best Y = -0.6845189441850926 at x = [0.05371056 0.19049161 0.51838465 0.66328367 0.76714018 0.74760248]
2026-03-22 11:33:19,516 - AEMSOlogs - INFO - Working on simulations...
2026-03-22 11:33:26,271 - AEMSOlogs - INFO - RCWA eval:[ 81.  20. 318. 441. 361. 325.] | diff. eff.:0.056108659170807006
2026-03-22 11:33:33,009 - AEMSOlogs - INFO - RCWA eval:[ 49. 371. 225. 402. 448. 441.] | diff. eff.:0.0334982371778204
2026-03-22 11:33:39,723 - AEMSOlogs - INFO - RCWA eval:[430. 255. 298. 254. 119. 361.] | diff. eff.:0.31260982675826005
2026-03-22 11:33:46,542 - AEMSOlogs - INFO - RCWA eval:[ 37. 230. 444. 308. 257. 331.] | diff. eff.:0.34517159765333055
2026-03-22 11:33:53,244 - AEMSOlogs - INFO - RCWA eval:[ 21. 141. 314. 326. 450. 395.] | diff. eff.:0.2993706986030628
2026-03-22 11:33:59,950 - AEMSOlogs - INFO - RCWA eval:[201. 420. 404.  60. 101. 305.] | diff. eff.:0.16151985560656149
2026-03-22 11:34:06,733 - AEMSOlogs - INFO - RCWA eval:[ 59. 182. 439. 220. 176.  68.] | diff. eff.:0.021403393570815294
2026-03-22 11:34:28,910 - AEMSOlogs - INFO - RCWA eval:[234. 248. 449. 236.  81. 295.] | diff. eff.:0.04576640209651459
2026-03-22 11:35:08,438 - AEMSOlogs - INFO - RCWA eval:[112. 393. 435. 309. 358. 340.] | diff. eff.:0.3045173953082004
2026-03-22 11:35:15,263 - AEMSOlogs - INFO - RCWA eval:[ 33. 219. 437. 423. 173. 333.] | diff. eff.:0.0765841301535961
2026-03-22 11:35:22,197 - AEMSOlogs - INFO - RCWA eval:[ 64.  51. 411. 213. 230. 442.] | diff. eff.:0.05119441420626172
2026-03-22 11:35:28,945 - AEMSOlogs - INFO - RCWA eval:[104. 242. 174. 423. 288. 240.] | diff. eff.:0.04116914496769071
2026-03-22 11:35:35,754 - AEMSOlogs - INFO - RCWA eval:[179. 233. 449. 260.  33. 400.] | diff. eff.:0.08002048778499116
2026-03-22 11:35:42,491 - AEMSOlogs - INFO - RCWA eval:[338. 390. 215. 337. 119. 335.] | diff. eff.:0.04657640288095311
2026-03-22 11:35:42,510 - AEMSOlogs - INFO - Iteration 22: Best Y = -0.6845189441850926 at x = [0.05371056 0.19049161 0.51838465 0.66328367 0.76714018 0.74760248]
2026-03-22 11:35:42,512 - AEMSOlogs - INFO - Working on simulations...
2026-03-22 11:35:49,236 - AEMSOlogs - INFO - RCWA eval:[327. 207. 293. 155. 121. 269.] | diff. eff.:0.031009436859073355
2026-03-22 11:35:56,062 - AEMSOlogs - INFO - RCWA eval:[162. 276. 410. 450. 220. 428.] | diff. eff.:0.02170863377112986
2026-03-22 11:36:02,806 - AEMSOlogs - INFO - RCWA eval:[ 42.  38. 422. 422. 247. 448.] | diff. eff.:0.022255125242008126
2026-03-22 11:36:09,573 - AEMSOlogs - INFO - RCWA eval:[106. 262. 448. 339. 242. 261.] | diff. eff.:0.14701713559940052
2026-03-22 11:36:16,328 - AEMSOlogs - INFO - RCWA eval:[268.  98. 264. 442. 340. 337.] | diff. eff.:0.27742091260135227
2026-03-22 11:36:23,233 - AEMSOlogs - INFO - RCWA eval:[349. 342. 438. 165.  23.  90.] | diff. eff.:0.2425126387211647
2026-03-22 11:36:30,146 - AEMSOlogs - INFO - RCWA eval:[144. 402. 375. 128. 392. 177.] | diff. eff.:0.13836437438813734
2026-03-22 11:36:36,980 - AEMSOlogs - INFO - RCWA eval:[ 20. 284. 422. 249. 294. 427.] | diff. eff.:0.06503270860752283
2026-03-22 11:36:43,924 - AEMSOlogs - INFO - RCWA eval:[168. 333. 357. 294. 386. 449.] | diff. eff.:0.0806574850136206
2026-03-22 11:36:50,680 - AEMSOlogs - INFO - RCWA eval:[397. 330. 328. 230. 261. 343.] | diff. eff.:0.09938517432502587
2026-03-22 11:36:57,508 - AEMSOlogs - INFO - RCWA eval:[135. 152. 408. 264. 110. 423.] | diff. eff.:0.09351448339203929
2026-03-22 11:37:04,318 - AEMSOlogs - INFO - RCWA eval:[335. 439. 380. 155.  48. 421.] | diff. eff.:0.21448402399514932
2026-03-22 11:37:11,064 - AEMSOlogs - INFO - RCWA eval:[ 24. 428. 293. 114. 346. 431.] | diff. eff.:0.583653309093605
2026-03-22 11:37:17,784 - AEMSOlogs - INFO - RCWA eval:[ 26. 191. 399. 339. 321. 297.] | diff. eff.:0.07416298983754845
2026-03-22 11:37:17,803 - AEMSOlogs - INFO - Iteration 23: Best Y = -0.6845189441850926 at x = [0.05371056 0.19049161 0.51838465 0.66328367 0.76714018 0.74760248]
2026-03-22 11:37:17,805 - AEMSOlogs - INFO - Working on simulations...
2026-03-22 11:37:24,625 - AEMSOlogs - INFO - RCWA eval:[306. 351. 302. 273. 204. 375.] | diff. eff.:0.013876042461341108
2026-03-22 11:37:31,481 - AEMSOlogs - INFO - RCWA eval:[157. 349. 138. 369. 289. 382.] | diff. eff.:0.06964633154225428
2026-03-22 11:37:38,279 - AEMSOlogs - INFO - RCWA eval:[330. 450. 437. 304. 275. 159.] | diff. eff.:0.0932185871999584
2026-03-22 11:37:45,201 - AEMSOlogs - INFO - RCWA eval:[202. 188. 399. 194. 202. 313.] | diff. eff.:0.23488171012428194
2026-03-22 11:37:52,032 - AEMSOlogs - INFO - RCWA eval:[275. 154. 343. 448. 262. 322.] | diff. eff.:0.1350745468674236
2026-03-22 11:37:58,802 - AEMSOlogs - INFO - RCWA eval:[ 76. 372. 164.  52. 164. 218.] | diff. eff.:0.10124954780326527
2026-03-22 11:38:05,675 - AEMSOlogs - INFO - RCWA eval:[ 63. 394. 256. 288. 201. 430.] | diff. eff.:0.1553537731948159
2026-03-22 11:38:12,463 - AEMSOlogs - INFO - RCWA eval:[107. 312. 337. 157. 243. 350.] | diff. eff.:0.028825381757718687
2026-03-22 11:38:19,290 - AEMSOlogs - INFO - RCWA eval:[247. 192. 382. 450. 309. 445.] | diff. eff.:0.03690641785044219
2026-03-22 11:38:26,096 - AEMSOlogs - INFO - RCWA eval:[120. 268. 221. 207. 394. 437.] | diff. eff.:0.17270039716232077
2026-03-22 11:38:32,980 - AEMSOlogs - INFO - RCWA eval:[262. 449. 349. 178. 222. 315.] | diff. eff.:0.1642147722848652
2026-03-22 11:38:39,903 - AEMSOlogs - INFO - RCWA eval:[ 98. 263. 290. 223. 217. 344.] | diff. eff.:0.14195528418077
2026-03-22 11:38:46,722 - AEMSOlogs - INFO - RCWA eval:[258. 334. 354. 287. 427. 387.] | diff. eff.:0.29268271420264413
2026-03-22 11:38:53,476 - AEMSOlogs - INFO - RCWA eval:[ 84. 414. 266. 101. 300. 318.] | diff. eff.:0.44408494812044585
2026-03-22 11:38:53,494 - AEMSOlogs - INFO - Iteration 24: Best Y = -0.6845189441850926 at x = [0.05371056 0.19049161 0.51838465 0.66328367 0.76714018 0.74760248]
2026-03-22 11:38:53,495 - AEMSOlogs - INFO - Working on simulations...
2026-03-22 11:39:00,292 - AEMSOlogs - INFO - RCWA eval:[186. 443. 437. 172. 321. 362.] | diff. eff.:0.271684923649035
2026-03-22 11:39:07,009 - AEMSOlogs - INFO - RCWA eval:[260. 446. 386. 175. 311. 153.] | diff. eff.:0.016309712646344555
2026-03-22 11:39:13,787 - AEMSOlogs - INFO - RCWA eval:[137. 402. 433. 162. 182. 408.] | diff. eff.:0.00867714308367947
2026-03-22 11:39:20,584 - AEMSOlogs - INFO - RCWA eval:[333. 356. 384. 159.  54. 331.] | diff. eff.:0.5576170337395321
2026-03-22 11:39:27,556 - AEMSOlogs - INFO - RCWA eval:[127. 392. 376. 240. 290. 225.] | diff. eff.:0.07013109257692268
2026-03-22 11:39:34,560 - AEMSOlogs - INFO - RCWA eval:[181. 286. 221.  82. 357. 246.] | diff. eff.:0.19090033726719646
2026-03-22 11:39:41,435 - AEMSOlogs - INFO - RCWA eval:[173. 193. 158.  30.  42. 243.] | diff. eff.:0.022392429870378927
2026-03-22 11:39:48,273 - AEMSOlogs - INFO - RCWA eval:[191.  20. 360. 448. 304. 334.] | diff. eff.:0.1447506147795659
2026-03-22 11:39:55,120 - AEMSOlogs - INFO - RCWA eval:[215. 426. 444. 276. 334. 306.] | diff. eff.:0.45608834087497824
2026-03-22 11:40:02,038 - AEMSOlogs - INFO - RCWA eval:[ 98. 201. 446. 357. 285. 350.] | diff. eff.:0.22522219601688553
2026-03-22 11:40:08,948 - AEMSOlogs - INFO - RCWA eval:[232. 406. 449.  41. 357. 213.] | diff. eff.:0.053471717555597854
2026-03-22 11:40:15,910 - AEMSOlogs - INFO - RCWA eval:[172. 449. 307.  56. 423. 358.] | diff. eff.:0.1584924778350448
2026-03-22 11:40:22,884 - AEMSOlogs - INFO - RCWA eval:[ 50. 392. 307. 229. 394. 449.] | diff. eff.:0.07213935494984083
2026-03-22 11:40:29,763 - AEMSOlogs - INFO - RCWA eval:[ 92. 311. 432. 161. 225. 390.] | diff. eff.:0.09571083197789217
2026-03-22 11:40:29,780 - AEMSOlogs - INFO - Iteration 25: Best Y = -0.6845189441850926 at x = [0.05371056 0.19049161 0.51838465 0.66328367 0.76714018 0.74760248]
2026-03-22 11:40:29,781 - AEMSOlogs - INFO - Working on simulations...
2026-03-22 11:40:36,648 - AEMSOlogs - INFO - RCWA eval:[397. 403. 398. 169. 216. 257.] | diff. eff.:0.08363537283592226
2026-03-22 11:40:43,505 - AEMSOlogs - INFO - RCWA eval:[119. 267. 243. 151. 274. 253.] | diff. eff.:0.0034395391394634297
2026-03-22 11:40:50,568 - AEMSOlogs - INFO - RCWA eval:[195. 396. 333. 157. 204. 204.] | diff. eff.:0.18433437423389176
2026-03-22 11:40:57,426 - AEMSOlogs - INFO - RCWA eval:[370. 326. 370. 283.  36. 366.] | diff. eff.:0.007426743975211858
2026-03-22 11:41:04,386 - AEMSOlogs - INFO - RCWA eval:[174. 359. 395. 262. 116. 251.] | diff. eff.:0.19140430612218443
2026-03-22 11:41:11,330 - AEMSOlogs - INFO - RCWA eval:[152. 213. 445. 308. 214. 341.] | diff. eff.:0.47265751509405474
2026-03-22 11:41:18,241 - AEMSOlogs - INFO - RCWA eval:[268. 316. 317. 312. 261. 403.] | diff. eff.:0.37292147088990085
2026-03-22 11:41:25,145 - AEMSOlogs - INFO - RCWA eval:[185. 418. 442. 259. 232. 205.] | diff. eff.:0.04773977498044713
2026-03-22 11:41:32,215 - AEMSOlogs - INFO - RCWA eval:[281. 163. 185. 444. 250. 431.] | diff. eff.:0.031652007287804006
2026-03-22 11:41:39,098 - AEMSOlogs - INFO - RCWA eval:[382. 319. 356. 263. 148. 204.] | diff. eff.:0.14031229363129025
2026-03-22 11:41:46,002 - AEMSOlogs - INFO - RCWA eval:[214. 296. 443. 278. 208. 429.] | diff. eff.:0.0502686480346429
2026-03-22 11:41:52,879 - AEMSOlogs - INFO - RCWA eval:[212. 181. 201. 399. 343. 438.] | diff. eff.:0.19892619005388876
2026-03-22 11:41:59,840 - AEMSOlogs - INFO - RCWA eval:[164. 445. 437. 380. 416. 368.] | diff. eff.:0.0571535383565101
2026-03-22 11:42:06,802 - AEMSOlogs - INFO - RCWA eval:[ 70. 180. 271. 285. 206. 350.] | diff. eff.:0.5189118557066076
2026-03-22 11:42:06,818 - AEMSOlogs - INFO - Iteration 26: Best Y = -0.6845189441850926 at x = [0.05371056 0.19049161 0.51838465 0.66328367 0.76714018 0.74760248]
2026-03-22 11:42:06,820 - AEMSOlogs - INFO - Working on simulations...
2026-03-22 11:42:13,741 - AEMSOlogs - INFO - RCWA eval:[ 70. 277. 346. 268. 215. 319.] | diff. eff.:0.0030857387586831243
2026-03-22 11:42:20,712 - AEMSOlogs - INFO - RCWA eval:[181. 174. 446. 303. 179. 316.] | diff. eff.:0.29937494039354096
2026-03-22 11:42:27,779 - AEMSOlogs - INFO - RCWA eval:[199. 198. 346. 216.  63. 367.] | diff. eff.:0.06439957459800177
2026-03-22 11:42:52,679 - AEMSOlogs - INFO - RCWA eval:[203. 140. 348. 345. 126. 241.] | diff. eff.:0.32566088660643316
2026-03-22 11:43:51,082 - AEMSOlogs - INFO - RCWA eval:[166. 262. 317. 213. 211. 328.] | diff. eff.:0.004841620640434421
2026-03-22 11:44:50,857 - AEMSOlogs - INFO - RCWA eval:[101. 161. 434. 447. 385. 431.] | diff. eff.:0.013741560279519331
2026-03-22 11:45:48,000 - AEMSOlogs - INFO - RCWA eval:[ 92. 378. 405. 350. 297. 430.] | diff. eff.:0.018126084665812434
2026-03-22 11:46:46,742 - AEMSOlogs - INFO - RCWA eval:[329. 276. 376. 327. 124. 380.] | diff. eff.:0.015307434977186021
2026-03-22 11:47:46,544 - AEMSOlogs - INFO - RCWA eval:[ 38.  93. 450. 420. 390. 287.] | diff. eff.:0.10844518311618996
2026-03-22 11:47:58,517 - AEMSOlogs - INFO - RCWA eval:[ 99. 322. 380. 215. 380. 404.] | diff. eff.:0.1636442826844345
2026-03-22 11:48:05,903 - AEMSOlogs - INFO - RCWA eval:[170. 205. 316. 223. 103. 360.] | diff. eff.:0.09026439455573551
2026-03-22 11:48:13,176 - AEMSOlogs - INFO - RCWA eval:[155. 289. 396. 199. 248. 265.] | diff. eff.:0.10263943269343376
2026-03-22 11:48:20,381 - AEMSOlogs - INFO - RCWA eval:[ 41.  61. 378. 354. 361. 289.] | diff. eff.:0.04370740976633644
2026-03-22 11:48:27,675 - AEMSOlogs - INFO - RCWA eval:[ 96. 234. 441. 260. 168. 450.] | diff. eff.:0.08502363361811123
2026-03-22 11:48:27,696 - AEMSOlogs - INFO - Iteration 27: Best Y = -0.6845189441850926 at x = [0.05371056 0.19049161 0.51838465 0.66328367 0.76714018 0.74760248]
2026-03-22 11:48:27,698 - AEMSOlogs - INFO - Working on simulations...
2026-03-22 11:48:34,914 - AEMSOlogs - INFO - RCWA eval:[ 29.  20. 412. 445. 299. 254.] | diff. eff.:0.247714661086137
2026-03-22 11:48:42,162 - AEMSOlogs - INFO - RCWA eval:[ 74.  85. 408. 433. 311. 311.] | diff. eff.:0.23648808079447162
2026-03-22 11:48:49,527 - AEMSOlogs - INFO - RCWA eval:[149. 143. 316. 241. 288. 346.] | diff. eff.:0.10320090707659385
2026-03-22 11:48:56,807 - AEMSOlogs - INFO - RCWA eval:[ 30. 250. 324. 308. 375. 418.] | diff. eff.:0.19110491626578457
2026-03-22 11:49:04,205 - AEMSOlogs - INFO - RCWA eval:[231.  98. 450. 432. 225. 212.] | diff. eff.:0.08786823390507455
2026-03-22 11:49:11,567 - AEMSOlogs - INFO - RCWA eval:[133. 218. 280. 164. 150. 306.] | diff. eff.:0.025914276288735546
2026-03-22 11:49:18,931 - AEMSOlogs - INFO - RCWA eval:[153. 247. 383. 285. 288. 146.] | diff. eff.:0.08187846294518117
2026-03-22 11:49:28,788 - AEMSOlogs - INFO - RCWA eval:[183. 252. 398. 236. 155. 227.] | diff. eff.:0.01688156502942504
2026-03-22 11:49:36,113 - AEMSOlogs - INFO - RCWA eval:[154. 207. 394. 412. 274. 231.] | diff. eff.:0.052481999734091324
2026-03-22 11:49:43,492 - AEMSOlogs - INFO - RCWA eval:[166.  42. 349. 295. 188. 290.] | diff. eff.:0.017760098619973064
2026-03-22 11:49:50,875 - AEMSOlogs - INFO - RCWA eval:[ 93. 143. 449. 308. 259. 414.] | diff. eff.:0.298877914988124
2026-03-22 11:49:58,231 - AEMSOlogs - INFO - RCWA eval:[299. 203. 423. 367. 174. 117.] | diff. eff.:0.27732303179240486
2026-03-22 11:50:05,530 - AEMSOlogs - INFO - RCWA eval:[180. 215. 404. 325. 197. 251.] | diff. eff.:0.08302750844794289
2026-03-22 11:50:12,929 - AEMSOlogs - INFO - RCWA eval:[256. 260. 199. 155. 189. 250.] | diff. eff.:0.08883987104717993
2026-03-22 11:50:12,949 - AEMSOlogs - INFO - Iteration 28: Best Y = -0.6845189441850926 at x = [0.05371056 0.19049161 0.51838465 0.66328367 0.76714018 0.74760248]
2026-03-22 11:50:12,952 - AEMSOlogs - INFO - Working on simulations...
2026-03-22 11:50:20,264 - AEMSOlogs - INFO - RCWA eval:[106. 181. 429. 248. 153. 314.] | diff. eff.:0.28307462851428644
2026-03-22 11:50:27,674 - AEMSOlogs - INFO - RCWA eval:[ 98.  30. 435. 436. 224. 311.] | diff. eff.:0.29035150016410216
2026-03-22 11:50:35,103 - AEMSOlogs - INFO - RCWA eval:[ 75. 200. 229. 279. 450. 445.] | diff. eff.:0.15997206676706593
2026-03-22 11:50:42,429 - AEMSOlogs - INFO - RCWA eval:[ 29.  20. 419. 444. 364. 362.] | diff. eff.:0.07848070507138838
2026-03-22 11:50:49,854 - AEMSOlogs - INFO - RCWA eval:[ 85. 169. 375. 266. 259. 326.] | diff. eff.:0.3719307960075116
2026-03-22 11:50:57,200 - AEMSOlogs - INFO - RCWA eval:[176. 117. 433. 410. 272. 219.] | diff. eff.:0.013346350238226383
2026-03-22 11:51:04,490 - AEMSOlogs - INFO - RCWA eval:[168.  21. 406. 448. 101. 241.] | diff. eff.:0.024446234732667976
2026-03-22 11:51:11,926 - AEMSOlogs - INFO - RCWA eval:[ 37.  41. 408. 395. 331. 279.] | diff. eff.:0.16962696333332472
2026-03-22 11:51:19,274 - AEMSOlogs - INFO - RCWA eval:[ 35. 130. 396. 448. 377. 289.] | diff. eff.:0.08637442649604374
2026-03-22 11:51:26,544 - AEMSOlogs - INFO - RCWA eval:[162.  85. 395. 419.  60. 339.] | diff. eff.:0.1339094977859778
2026-03-22 11:51:33,886 - AEMSOlogs - INFO - RCWA eval:[ 35.  89. 422. 397. 364. 225.] | diff. eff.:0.10233592008032348
2026-03-22 11:51:41,145 - AEMSOlogs - INFO - RCWA eval:[ 63.  20. 242. 312. 198. 294.] | diff. eff.:0.07187894906881614
2026-03-22 11:51:48,457 - AEMSOlogs - INFO - RCWA eval:[ 76.  72. 317. 391. 264. 231.] | diff. eff.:0.05085392765202135
2026-03-22 11:51:55,785 - AEMSOlogs - INFO - RCWA eval:[217. 320. 401. 246. 238. 279.] | diff. eff.:0.3432580215345825
2026-03-22 11:51:55,804 - AEMSOlogs - INFO - Iteration 29: Best Y = -0.6845189441850926 at x = [0.05371056 0.19049161 0.51838465 0.66328367 0.76714018 0.74760248]
2026-03-22 11:51:55,806 - AEMSOlogs - INFO - Working on simulations...
2026-03-22 11:52:13,787 - AEMSOlogs - INFO - RCWA eval:[ 94.  97. 419. 324. 137. 326.] | diff. eff.:0.1841206277484906
2026-03-22 11:52:50,807 - AEMSOlogs - INFO - RCWA eval:[ 36. 176. 352. 307. 379. 422.] | diff. eff.:0.046643555793444647
2026-03-22 11:52:58,110 - AEMSOlogs - INFO - RCWA eval:[132. 305. 390. 264. 255. 354.] | diff. eff.:0.04502730355814979
2026-03-22 11:53:05,576 - AEMSOlogs - INFO - RCWA eval:[279. 285. 436. 195. 178. 285.] | diff. eff.:0.22596448862337565
2026-03-22 11:53:12,834 - AEMSOlogs - INFO - RCWA eval:[179. 107. 437. 400. 124. 296.] | diff. eff.:0.020955464120979938
2026-03-22 11:53:20,172 - AEMSOlogs - INFO - RCWA eval:[ 84.  58. 388. 445. 220. 266.] | diff. eff.:0.14471752558632167
2026-03-22 11:53:27,487 - AEMSOlogs - INFO - RCWA eval:[ 78. 272. 439. 259. 344. 345.] | diff. eff.:0.3534481527491569
2026-03-22 11:53:34,832 - AEMSOlogs - INFO - RCWA eval:[ 44.  89. 404. 324. 228. 339.] | diff. eff.:0.2321114231039916
2026-03-22 11:53:42,118 - AEMSOlogs - INFO - RCWA eval:[192. 243. 445. 249. 136. 219.] | diff. eff.:0.016486206227741402
2026-03-22 11:53:49,524 - AEMSOlogs - INFO - RCWA eval:[107. 378. 426. 224. 219. 334.] | diff. eff.:0.3553063777562498
2026-03-22 11:53:56,794 - AEMSOlogs - INFO - RCWA eval:[ 33.  20. 448. 428. 209. 349.] | diff. eff.:0.23753444762252357
2026-03-22 11:54:04,132 - AEMSOlogs - INFO - RCWA eval:[172. 158. 437. 316. 110. 273.] | diff. eff.:0.025065940327426903
2026-03-22 11:54:11,489 - AEMSOlogs - INFO - RCWA eval:[126. 254. 314. 265. 316. 345.] | diff. eff.:0.21346722227288978
2026-03-22 11:54:18,866 - AEMSOlogs - INFO - RCWA eval:[103. 319. 401. 232. 368. 319.] | diff. eff.:0.07817594806307575
2026-03-22 11:54:18,886 - AEMSOlogs - INFO - Iteration 30: Best Y = -0.6845189441850926 at x = [0.05371056 0.19049161 0.51838465 0.66328367 0.76714018 0.74760248]
2026-03-22 11:54:18,888 - AEMSOlogs - INFO - Working on simulations...
2026-03-22 11:54:26,255 - AEMSOlogs - INFO - RCWA eval:[203. 124. 415. 385. 167. 341.] | diff. eff.:0.15014250600017787
2026-03-22 11:54:33,545 - AEMSOlogs - INFO - RCWA eval:[ 69. 274. 450. 273. 269. 320.] | diff. eff.:0.18074471615770868
2026-03-22 11:54:40,975 - AEMSOlogs - INFO - RCWA eval:[143. 411. 359. 183. 218. 357.] | diff. eff.:0.043435455522350334
2026-03-22 11:54:48,255 - AEMSOlogs - INFO - RCWA eval:[ 27. 218. 447. 323. 322. 294.] | diff. eff.:0.16481540014144608
2026-03-22 11:54:55,604 - AEMSOlogs - INFO - RCWA eval:[ 55. 357. 341. 185. 215. 371.] | diff. eff.:0.01965197567704724
2026-03-22 11:55:02,942 - AEMSOlogs - INFO - RCWA eval:[184. 339. 447. 265. 198. 271.] | diff. eff.:0.25825436214112857
2026-03-22 11:55:10,233 - AEMSOlogs - INFO - RCWA eval:[ 99. 213. 440. 311. 254. 381.] | diff. eff.:0.36816421464268895
2026-03-22 11:55:17,440 - AEMSOlogs - INFO - RCWA eval:[ 28. 142. 450. 374. 309. 315.] | diff. eff.:0.2994377783588346
2026-03-22 11:55:24,809 - AEMSOlogs - INFO - RCWA eval:[171. 396. 312. 135. 189. 334.] | diff. eff.:0.05812392788007967
2026-03-22 11:55:32,113 - AEMSOlogs - INFO - RCWA eval:[ 55.  96. 450. 450. 386. 266.] | diff. eff.:0.042511631352018776
2026-03-22 11:55:39,547 - AEMSOlogs - INFO - RCWA eval:[ 21. 149. 421. 309. 206. 401.] | diff. eff.:0.23124900538937515
2026-03-22 11:55:46,939 - AEMSOlogs - INFO - RCWA eval:[140. 306. 431. 200.  93. 411.] | diff. eff.:0.05592354457508779
2026-03-22 11:55:54,290 - AEMSOlogs - INFO - RCWA eval:[128. 293. 404. 208. 178. 249.] | diff. eff.:0.10807144007532428
2026-03-22 11:56:01,766 - AEMSOlogs - INFO - RCWA eval:[128. 237. 437. 262. 101. 421.] | diff. eff.:0.2004909693277371
2026-03-22 11:56:01,783 - AEMSOlogs - INFO - Iteration 31: Best Y = -0.6845189441850926 at x = [0.05371056 0.19049161 0.51838465 0.66328367 0.76714018 0.74760248]
2026-03-22 11:56:01,785 - AEMSOlogs - INFO - Working on simulations...
2026-03-22 11:56:09,203 - AEMSOlogs - INFO - RCWA eval:[ 20. 168. 448. 304. 311. 391.] | diff. eff.:0.5051884082436042
2026-03-22 11:56:16,508 - AEMSOlogs - INFO - RCWA eval:[ 99. 148. 442. 337. 268. 361.] | diff. eff.:0.2024700410083994
2026-03-22 11:56:23,847 - AEMSOlogs - INFO - RCWA eval:[ 35. 212. 448. 317. 278. 347.] | diff. eff.:0.39239859943071115
2026-03-22 11:56:31,247 - AEMSOlogs - INFO - RCWA eval:[ 71. 257. 399. 211. 221. 365.] | diff. eff.:0.049208824171731926
2026-03-22 11:56:38,648 - AEMSOlogs - INFO - RCWA eval:[172. 259. 450. 263. 225. 336.] | diff. eff.:0.2640046235549531
2026-03-22 11:56:46,105 - AEMSOlogs - INFO - RCWA eval:[167. 333. 420. 249. 163. 361.] | diff. eff.:0.05408577673203081
2026-03-22 11:56:53,541 - AEMSOlogs - INFO - RCWA eval:[ 98.  92. 447. 404. 183. 359.] | diff. eff.:0.1781085823337789
2026-03-22 11:57:00,808 - AEMSOlogs - INFO - RCWA eval:[ 84. 272. 370. 337. 292. 401.] | diff. eff.:0.19291911569654385
2026-03-22 11:57:08,294 - AEMSOlogs - INFO - RCWA eval:[ 22. 145. 387. 341. 222. 404.] | diff. eff.:0.1207274855936575
2026-03-22 11:57:15,608 - AEMSOlogs - INFO - RCWA eval:[123. 184. 433. 295. 139. 289.] | diff. eff.:0.07695187318557212
2026-03-22 11:57:22,924 - AEMSOlogs - INFO - RCWA eval:[ 69. 176. 420. 346. 251. 365.] | diff. eff.:0.1607766531469205
2026-03-22 11:57:30,427 - AEMSOlogs - INFO - RCWA eval:[104. 189. 349. 254. 146. 362.] | diff. eff.:0.15805230617930918
2026-03-22 11:57:37,702 - AEMSOlogs - INFO - RCWA eval:[109. 182. 394. 325. 205. 295.] | diff. eff.:0.036664110007401905
2026-03-22 11:57:45,090 - AEMSOlogs - INFO - RCWA eval:[ 63. 339. 398. 254. 318. 368.] | diff. eff.:0.07010755446085025
2026-03-22 11:57:45,109 - AEMSOlogs - INFO - Iteration 32: Best Y = -0.6845189441850926 at x = [0.05371056 0.19049161 0.51838465 0.66328367 0.76714018 0.74760248]
2026-03-22 11:57:45,111 - AEMSOlogs - INFO - Working on simulations...
2026-03-22 11:57:52,438 - AEMSOlogs - INFO - RCWA eval:[ 35. 269. 435. 288. 253. 375.] | diff. eff.:0.23987721473904783
2026-03-22 11:57:59,751 - AEMSOlogs - INFO - RCWA eval:[ 73. 183. 406. 287. 277. 419.] | diff. eff.:0.24126999049194123
2026-03-22 11:58:07,098 - AEMSOlogs - INFO - RCWA eval:[ 26. 141. 391. 332. 275. 349.] | diff. eff.:0.3309200403544184
2026-03-22 11:58:14,481 - AEMSOlogs - INFO - RCWA eval:[ 48. 136. 424. 416. 270. 350.] | diff. eff.:0.0941659154531131
2026-03-22 11:58:21,754 - AEMSOlogs - INFO - RCWA eval:[103. 155. 450. 360. 210. 346.] | diff. eff.:0.11698018098728656
2026-03-22 11:58:29,045 - AEMSOlogs - INFO - RCWA eval:[116. 115. 450. 323. 239. 276.] | diff. eff.:0.0361798840721798
2026-03-22 11:58:41,691 - AEMSOlogs - INFO - RCWA eval:[ 55. 190. 418. 364. 235. 333.] | diff. eff.:0.05698352565351211
2026-03-22 11:58:49,082 - AEMSOlogs - INFO - RCWA eval:[120. 116. 405. 337. 355. 387.] | diff. eff.:0.2694325831272743
2026-03-22 11:58:56,459 - AEMSOlogs - INFO - RCWA eval:[ 55. 140. 428. 327. 240. 342.] | diff. eff.:0.2777806698813595
2026-03-22 11:59:03,701 - AEMSOlogs - INFO - RCWA eval:[ 23. 164. 428. 379. 336. 312.] | diff. eff.:0.19056373800311738
2026-03-22 11:59:11,015 - AEMSOlogs - INFO - RCWA eval:[133. 281. 441. 292. 309. 334.] | diff. eff.:0.311639743747879
2026-03-22 11:59:18,203 - AEMSOlogs - INFO - RCWA eval:[121. 124. 443. 348. 302. 329.] | diff. eff.:0.09836191486113695
2026-03-22 11:59:25,465 - AEMSOlogs - INFO - RCWA eval:[ 26. 161. 395. 351. 219. 396.] | diff. eff.:0.08581893882452832
2026-03-22 11:59:32,839 - AEMSOlogs - INFO - RCWA eval:[ 84. 213. 443. 220. 201. 324.] | diff. eff.:0.23582648604613182
2026-03-22 11:59:32,858 - AEMSOlogs - INFO - Iteration 33: Best Y = -0.6845189441850926 at x = [0.05371056 0.19049161 0.51838465 0.66328367 0.76714018 0.74760248]
2026-03-22 11:59:32,861 - AEMSOlogs - INFO - Working on simulations...
2026-03-22 11:59:40,180 - AEMSOlogs - INFO - RCWA eval:[ 73. 193. 431. 299. 232. 318.] | diff. eff.:0.3272536040655328
2026-03-22 11:59:47,510 - AEMSOlogs - INFO - RCWA eval:[ 22. 202. 450. 302. 271. 337.] | diff. eff.:0.4614497091273615
2026-03-22 11:59:54,829 - AEMSOlogs - INFO - RCWA eval:[ 34. 247. 448. 274. 288. 387.] | diff. eff.:0.3018153713652321
2026-03-22 12:00:02,101 - AEMSOlogs - INFO - RCWA eval:[ 76. 223. 445. 262. 218. 316.] | diff. eff.:0.2639117359076854
2026-03-22 12:00:09,342 - AEMSOlogs - INFO - RCWA eval:[ 67. 151. 444. 338. 287. 329.] | diff. eff.:0.14449622130200346
2026-03-22 12:00:16,602 - AEMSOlogs - INFO - RCWA eval:[ 24. 168. 386. 337. 314. 342.] | diff. eff.:0.32364057984448824
2026-03-22 12:00:24,005 - AEMSOlogs - INFO - RCWA eval:[101. 257. 393. 288. 243. 346.] | diff. eff.:0.32787976426386084
2026-03-22 12:00:31,424 - AEMSOlogs - INFO - RCWA eval:[125. 234. 412. 278. 248. 348.] | diff. eff.:0.3443849968227146
2026-03-22 12:00:38,733 - AEMSOlogs - INFO - RCWA eval:[ 94. 147. 411. 326. 229. 380.] | diff. eff.:0.26395788416279997
2026-03-22 12:00:46,009 - AEMSOlogs - INFO - RCWA eval:[113. 206. 449. 365. 206. 272.] | diff. eff.:0.02457346935416012
2026-03-22 12:00:53,371 - AEMSOlogs - INFO - RCWA eval:[ 75.  44. 448. 414. 292. 382.] | diff. eff.:0.21431029080187794
2026-03-22 12:01:00,726 - AEMSOlogs - INFO - RCWA eval:[107. 263. 422. 292. 292. 355.] | diff. eff.:0.3611038781440892
2026-03-22 12:01:07,981 - AEMSOlogs - INFO - RCWA eval:[138. 236. 395. 259. 254. 326.] | diff. eff.:0.32396619970039675
2026-03-22 12:01:15,310 - AEMSOlogs - INFO - RCWA eval:[ 69. 209. 395. 293. 427. 391.] | diff. eff.:0.13270087194281044
2026-03-22 12:01:15,329 - AEMSOlogs - INFO - Iteration 34: Best Y = -0.6845189441850926 at x = [0.05371056 0.19049161 0.51838465 0.66328367 0.76714018 0.74760248]
2026-03-22 12:01:15,330 - AEMSOlogs - INFO - Working on simulations...
2026-03-22 12:01:22,607 - AEMSOlogs - INFO - RCWA eval:[203. 348. 450. 244. 232. 393.] | diff. eff.:0.05930420456173109
2026-03-22 12:01:29,891 - AEMSOlogs - INFO - RCWA eval:[ 23. 146. 420. 358. 291. 325.] | diff. eff.:0.12366240906061979
2026-03-22 12:01:37,284 - AEMSOlogs - INFO - RCWA eval:[184. 302. 449. 240. 217. 292.] | diff. eff.:0.1225422510381011
2026-03-22 12:01:44,666 - AEMSOlogs - INFO - RCWA eval:[ 61. 232. 429. 364. 327. 324.] | diff. eff.:0.0844424831882774
2026-03-22 12:01:51,985 - AEMSOlogs - INFO - RCWA eval:[ 64. 190. 447. 335. 292. 310.] | diff. eff.:0.04056137296841214
2026-03-22 12:01:59,372 - AEMSOlogs - INFO - RCWA eval:[111. 255. 447. 277. 236. 326.] | diff. eff.:0.2933564781694133
2026-03-22 12:02:06,682 - AEMSOlogs - INFO - RCWA eval:[ 76. 254. 445. 287. 220. 374.] | diff. eff.:0.28797762462685345
2026-03-22 12:02:13,995 - AEMSOlogs - INFO - RCWA eval:[ 47. 178. 450. 350. 341. 347.] | diff. eff.:0.3092474128387333
2026-03-22 12:02:21,345 - AEMSOlogs - INFO - RCWA eval:[ 26. 166. 450. 323. 248. 377.] | diff. eff.:0.3255624188921321
2026-03-22 12:02:28,653 - AEMSOlogs - INFO - RCWA eval:[114. 259. 397. 275. 221. 288.] | diff. eff.:0.06323277741012513
2026-03-22 12:02:36,132 - AEMSOlogs - INFO - RCWA eval:[170. 234. 445. 307. 221. 366.] | diff. eff.:0.4585751052224009
2026-03-22 12:02:43,402 - AEMSOlogs - INFO - RCWA eval:[146. 273. 407. 242. 205. 330.] | diff. eff.:0.13760438983758966
2026-03-22 12:02:50,621 - AEMSOlogs - INFO - RCWA eval:[107. 207. 442. 351. 262. 300.] | diff. eff.:0.0047902904097606855
2026-03-22 12:02:57,865 - AEMSOlogs - INFO - RCWA eval:[107. 227. 407. 344. 273. 329.] | diff. eff.:0.058665006433120906
2026-03-22 12:02:57,885 - AEMSOlogs - INFO - Iteration 35: Best Y = -0.6845189441850926 at x = [0.05371056 0.19049161 0.51838465 0.66328367 0.76714018 0.74760248]
2026-03-22 12:02:57,887 - AEMSOlogs - INFO - Working on simulations...
2026-03-22 12:03:05,164 - AEMSOlogs - INFO - RCWA eval:[241. 211. 450. 274. 181. 305.] | diff. eff.:0.14809731741070337
2026-03-22 12:03:12,526 - AEMSOlogs - INFO - RCWA eval:[122. 212. 429. 336. 253. 399.] | diff. eff.:0.22246846799243325
2026-03-22 12:03:20,962 - AEMSOlogs - INFO - RCWA eval:[ 23. 193. 444. 343. 298. 416.] | diff. eff.:0.1429411853469031
2026-03-22 12:03:30,639 - AEMSOlogs - INFO - RCWA eval:[ 68. 228. 438. 322. 304. 406.] | diff. eff.:0.37108408682812344
2026-03-22 12:03:37,917 - AEMSOlogs - INFO - RCWA eval:[176. 196. 449. 282. 146. 331.] | diff. eff.:0.43052580432479826
2026-03-22 12:03:45,376 - AEMSOlogs - INFO - RCWA eval:[ 85. 126. 410. 330. 236. 343.] | diff. eff.:0.26879936717263986
2026-03-22 12:03:52,702 - AEMSOlogs - INFO - RCWA eval:[106. 212. 443. 336. 234. 339.] | diff. eff.:0.19610754051447363
2026-03-22 12:04:00,081 - AEMSOlogs - INFO - RCWA eval:[ 62. 166. 450. 314. 276. 346.] | diff. eff.:0.43898093709392955
2026-03-22 12:04:07,374 - AEMSOlogs - INFO - RCWA eval:[ 74. 254. 421. 296. 309. 385.] | diff. eff.:0.45063132059477734
2026-03-22 12:04:14,737 - AEMSOlogs - INFO - RCWA eval:[148. 301. 449. 228. 263. 331.] | diff. eff.:0.13360034729273682
2026-03-22 12:04:22,069 - AEMSOlogs - INFO - RCWA eval:[ 89. 242. 414. 299. 301. 367.] | diff. eff.:0.42984697950500383
2026-03-22 12:04:29,351 - AEMSOlogs - INFO - RCWA eval:[ 71. 222. 399. 321. 273. 343.] | diff. eff.:0.3955143557185841
2026-03-22 12:04:36,744 - AEMSOlogs - INFO - RCWA eval:[ 87. 282. 450. 267. 236. 336.] | diff. eff.:0.18244896202654712
2026-03-22 12:04:44,119 - AEMSOlogs - INFO - RCWA eval:[130. 248. 446. 233. 180. 337.] | diff. eff.:0.20939813636838953
2026-03-22 12:04:44,139 - AEMSOlogs - INFO - Iteration 36: Best Y = -0.6845189441850926 at x = [0.05371056 0.19049161 0.51838465 0.66328367 0.76714018 0.74760248]
2026-03-22 12:04:44,141 - AEMSOlogs - INFO - Working on simulations...
2026-03-22 12:04:51,364 - AEMSOlogs - INFO - RCWA eval:[ 24. 192. 425. 289. 316. 373.] | diff. eff.:0.4988130988426906
2026-03-22 12:04:58,723 - AEMSOlogs - INFO - RCWA eval:[ 94. 277. 446. 222. 231. 351.] | diff. eff.:0.1014283574717711
2026-03-22 12:05:06,071 - AEMSOlogs - INFO - RCWA eval:[132. 256. 448. 235. 197. 343.] | diff. eff.:0.1903372117654785
2026-03-22 12:05:13,464 - AEMSOlogs - INFO - RCWA eval:[164. 291. 426. 260. 271. 377.] | diff. eff.:0.05898410888935916
2026-03-22 12:05:21,568 - AEMSOlogs - INFO - RCWA eval:[ 86. 195. 425. 318. 263. 317.] | diff. eff.:0.23176210380103868
2026-03-22 12:05:28,875 - AEMSOlogs - INFO - RCWA eval:[ 57. 129. 418. 326. 239. 339.] | diff. eff.:0.2636189852078265
2026-03-22 12:05:36,202 - AEMSOlogs - INFO - RCWA eval:[ 24. 224. 445. 303. 267. 406.] | diff. eff.:0.31614488331672935
2026-03-22 12:05:43,454 - AEMSOlogs - INFO - RCWA eval:[117. 232. 437. 290. 232. 390.] | diff. eff.:0.28015898031891057
2026-03-22 12:05:50,838 - AEMSOlogs - INFO - RCWA eval:[ 69. 200. 412. 314. 288. 306.] | diff. eff.:0.23452589799768644
2026-03-22 12:05:58,124 - AEMSOlogs - INFO - RCWA eval:[ 84. 161. 444. 351. 260. 372.] | diff. eff.:0.07628445037463574
2026-03-22 12:06:05,468 - AEMSOlogs - INFO - RCWA eval:[ 65. 159. 393. 335. 276. 350.] | diff. eff.:0.3119958326240711
2026-03-22 12:06:12,779 - AEMSOlogs - INFO - RCWA eval:[ 71. 151. 437. 357. 374. 395.] | diff. eff.:0.15238246539510522
2026-03-22 12:06:20,183 - AEMSOlogs - INFO - RCWA eval:[ 21. 150. 433. 346. 289. 424.] | diff. eff.:0.03456177341857246
2026-03-22 12:06:27,672 - AEMSOlogs - INFO - RCWA eval:[146. 236. 433. 287. 191. 344.] | diff. eff.:0.4132150505822831
2026-03-22 12:06:27,691 - AEMSOlogs - INFO - Iteration 37: Best Y = -0.6845189441850926 at x = [0.05371056 0.19049161 0.51838465 0.66328367 0.76714018 0.74760248]
2026-03-22 12:06:27,692 - AEMSOlogs - INFO - Working on simulations...
2026-03-22 12:06:35,016 - AEMSOlogs - INFO - RCWA eval:[130. 255. 450. 270. 261. 348.] | diff. eff.:0.29282070958807277
2026-03-22 12:06:42,351 - AEMSOlogs - INFO - RCWA eval:[ 63. 236. 450. 269. 238. 404.] | diff. eff.:0.159079808473614
2026-03-22 12:06:49,628 - AEMSOlogs - INFO - RCWA eval:[ 46. 192. 431. 332. 288. 382.] | diff. eff.:0.1646862261969279
2026-03-22 12:06:56,997 - AEMSOlogs - INFO - RCWA eval:[ 34. 209. 438. 303. 277. 358.] | diff. eff.:0.4827266162944984
2026-03-22 12:07:04,337 - AEMSOlogs - INFO - RCWA eval:[ 29. 268. 422. 302. 391. 353.] | diff. eff.:0.33106040052710073
2026-03-22 12:07:11,684 - AEMSOlogs - INFO - RCWA eval:[ 23. 198. 396. 312. 288. 385.] | diff. eff.:0.31068968471690045
2026-03-22 12:07:19,199 - AEMSOlogs - INFO - RCWA eval:[ 86. 223. 447. 290. 279. 366.] | diff. eff.:0.4072274153442354
2026-03-22 12:07:26,577 - AEMSOlogs - INFO - RCWA eval:[ 24. 159. 450. 312. 317. 354.] | diff. eff.:0.5220668122414719
2026-03-22 12:07:33,863 - AEMSOlogs - INFO - RCWA eval:[ 59. 230. 442. 285. 229. 377.] | diff. eff.:0.28781639746653004
2026-03-22 12:07:41,176 - AEMSOlogs - INFO - RCWA eval:[112. 219. 439. 288. 192. 365.] | diff. eff.:0.37496530135134176
2026-03-22 12:07:48,399 - AEMSOlogs - INFO - RCWA eval:[ 20. 207. 449. 299. 289. 418.] | diff. eff.:0.3603518967571908
2026-03-22 12:07:55,757 - AEMSOlogs - INFO - RCWA eval:[ 23. 207. 445. 296. 292. 357.] | diff. eff.:0.5301871660237497
2026-03-22 12:08:03,085 - AEMSOlogs - INFO - RCWA eval:[ 22. 162. 435. 345. 268. 424.] | diff. eff.:0.061985109307665494
2026-03-22 12:08:10,451 - AEMSOlogs - INFO - RCWA eval:[112. 332. 445. 230. 249. 373.] | diff. eff.:0.06447396205011763
2026-03-22 12:08:10,470 - AEMSOlogs - INFO - Iteration 38: Best Y = -0.6845189441850926 at x = [0.05371056 0.19049161 0.51838465 0.66328367 0.76714018 0.74760248]
2026-03-22 12:08:10,471 - AEMSOlogs - INFO - Working on simulations...
2026-03-22 12:08:17,817 - AEMSOlogs - INFO - RCWA eval:[ 38. 185. 449. 313. 280. 389.] | diff. eff.:0.34152182971925654
2026-03-22 12:08:25,208 - AEMSOlogs - INFO - RCWA eval:[ 52. 128. 440. 315. 299. 345.] | diff. eff.:0.5066480474685348
2026-03-22 12:08:32,545 - AEMSOlogs - INFO - RCWA eval:[ 75. 239. 423. 296. 284. 382.] | diff. eff.:0.3295453861636849
2026-03-22 12:08:39,876 - AEMSOlogs - INFO - RCWA eval:[ 64. 208. 428. 308. 267. 326.] | diff. eff.:0.3632570686002341
2026-03-22 12:08:47,196 - AEMSOlogs - INFO - RCWA eval:[ 55. 249. 449. 265. 289. 366.] | diff. eff.:0.35647581920845905
2026-03-22 12:08:54,519 - AEMSOlogs - INFO - RCWA eval:[ 29. 137. 447. 331. 378. 371.] | diff. eff.:0.46661802338845865
2026-03-22 12:09:01,745 - AEMSOlogs - INFO - RCWA eval:[ 63. 305. 433. 267. 336. 376.] | diff. eff.:0.08877499783657242
2026-03-22 12:09:09,085 - AEMSOlogs - INFO - RCWA eval:[ 25. 187. 448. 306. 289. 341.] | diff. eff.:0.5081154279905348
2026-03-22 12:09:16,099 - AEMSOlogs - INFO - RCWA eval:[ 20. 215. 450. 310. 355. 363.] | diff. eff.:0.5918163453919605
2026-03-22 12:09:22,170 - AEMSOlogs - INFO - RCWA eval:[111. 239. 450. 252. 235. 328.] | diff. eff.:0.2956647625083358
2026-03-22 12:09:28,232 - AEMSOlogs - INFO - RCWA eval:[ 39. 209. 441. 301. 301. 384.] | diff. eff.:0.41754279074629985
2026-03-22 12:09:34,345 - AEMSOlogs - INFO - RCWA eval:[152. 272. 444. 241. 215. 330.] | diff. eff.:0.16027340630830936
2026-03-22 12:09:40,439 - AEMSOlogs - INFO - RCWA eval:[ 67. 200. 450. 319. 250. 363.] | diff. eff.:0.4022107137660722
2026-03-22 12:09:46,616 - AEMSOlogs - INFO - RCWA eval:[ 29. 200. 435. 262. 260. 388.] | diff. eff.:0.2103813409014757
2026-03-22 12:09:46,636 - AEMSOlogs - INFO - Iteration 39: Best Y = -0.6845189441850926 at x = [0.05371056 0.19049161 0.51838465 0.66328367 0.76714018 0.74760248]
2026-03-22 12:09:46,638 - AEMSOlogs - INFO - Working on simulations...
2026-03-22 12:09:52,718 - AEMSOlogs - INFO - RCWA eval:[ 36. 211. 448. 337. 302. 363.] | diff. eff.:0.17443644633803077
2026-03-22 12:09:58,814 - AEMSOlogs - INFO - RCWA eval:[ 32. 211. 447. 305. 279. 363.] | diff. eff.:0.45705667810361444
2026-03-22 12:10:04,887 - AEMSOlogs - INFO - RCWA eval:[ 33. 217. 445. 280. 273. 348.] | diff. eff.:0.498318220271313
2026-03-22 12:10:10,899 - AEMSOlogs - INFO - RCWA eval:[ 79. 167. 406. 349. 300. 343.] | diff. eff.:0.12142211391388254
2026-03-22 12:10:16,945 - AEMSOlogs - INFO - RCWA eval:[107. 133. 439. 328. 340. 337.] | diff. eff.:0.350124382278207
2026-03-22 12:10:23,002 - AEMSOlogs - INFO - RCWA eval:[ 68. 165. 450. 328. 372. 370.] | diff. eff.:0.5045891111910972
2026-03-22 12:10:29,113 - AEMSOlogs - INFO - RCWA eval:[ 74.  89. 450. 361. 382. 323.] | diff. eff.:0.03356087944120121
2026-03-22 12:10:35,163 - AEMSOlogs - INFO - RCWA eval:[ 26. 197. 444. 304. 330. 334.] | diff. eff.:0.5083321357908481
2026-03-22 12:10:41,261 - AEMSOlogs - INFO - RCWA eval:[ 32. 220. 427. 278. 313. 383.] | diff. eff.:0.44636769640087814
2026-03-22 12:10:47,317 - AEMSOlogs - INFO - RCWA eval:[ 88. 136. 444. 347. 351. 363.] | diff. eff.:0.309114336334564
2026-03-22 12:10:53,395 - AEMSOlogs - INFO - RCWA eval:[ 32. 173. 420. 322. 337. 370.] | diff. eff.:0.5228646515194749
2026-03-22 12:10:59,488 - AEMSOlogs - INFO - RCWA eval:[ 33. 201. 429. 306. 374. 365.] | diff. eff.:0.33353347409984413
2026-03-22 12:11:05,545 - AEMSOlogs - INFO - RCWA eval:[ 72. 177. 406. 313. 331. 357.] | diff. eff.:0.5341063803794606
2026-03-22 12:11:11,637 - AEMSOlogs - INFO - RCWA eval:[ 78. 171. 442. 340. 374. 329.] | diff. eff.:0.11804836898702141
2026-03-22 12:11:11,655 - AEMSOlogs - INFO - Iteration 40: Best Y = -0.6845189441850926 at x = [0.05371056 0.19049161 0.51838465 0.66328367 0.76714018 0.74760248]
2026-03-22 12:11:11,656 - AEMSOlogs - INFO - Working on simulations...
2026-03-22 12:11:17,823 - AEMSOlogs - INFO - RCWA eval:[ 25. 223. 448. 300. 317. 350.] | diff. eff.:0.5879138227550024
2026-03-22 12:11:23,943 - AEMSOlogs - INFO - RCWA eval:[ 26. 210. 446. 319. 382. 348.] | diff. eff.:0.4409675349488874
2026-03-22 12:11:30,004 - AEMSOlogs - INFO - RCWA eval:[ 41. 224. 376. 297. 312. 378.] | diff. eff.:0.27590801570647355
2026-03-22 12:11:36,026 - AEMSOlogs - INFO - RCWA eval:[ 50. 171. 407. 321. 317. 317.] | diff. eff.:0.33560182489097884
2026-03-22 12:11:42,100 - AEMSOlogs - INFO - RCWA eval:[ 20. 202. 407. 312. 334. 331.] | diff. eff.:0.4689925524456197
2026-03-22 12:11:48,178 - AEMSOlogs - INFO - RCWA eval:[ 20. 193. 442. 305. 271. 365.] | diff. eff.:0.4409549903602749
2026-03-22 12:11:54,256 - AEMSOlogs - INFO - RCWA eval:[ 22. 228. 373. 300. 341. 362.] | diff. eff.:0.2539397513904891
2026-03-22 12:12:00,340 - AEMSOlogs - INFO - RCWA eval:[ 21. 214. 435. 332. 346. 359.] | diff. eff.:0.4859183987043907
2026-03-22 12:12:06,375 - AEMSOlogs - INFO - RCWA eval:[ 91. 168. 358. 327. 365. 325.] | diff. eff.:0.052315588353652104
2026-03-22 12:12:12,440 - AEMSOlogs - INFO - RCWA eval:[ 81. 212. 433. 315. 444. 362.] | diff. eff.:0.4910671936736005
2026-03-22 12:12:18,534 - AEMSOlogs - INFO - RCWA eval:[ 20. 171. 446. 284. 276. 397.] | diff. eff.:0.32206707834742926
2026-03-22 12:12:24,649 - AEMSOlogs - INFO - RCWA eval:[ 60.  97. 394. 327. 315. 373.] | diff. eff.:0.2979969258102416
2026-03-22 12:12:30,732 - AEMSOlogs - INFO - RCWA eval:[ 88. 156. 449. 309. 393. 358.] | diff. eff.:0.44651514425515676
2026-03-22 12:12:36,798 - AEMSOlogs - INFO - RCWA eval:[ 33. 227. 423. 305. 380. 381.] | diff. eff.:0.3205645105178277
2026-03-22 12:12:36,817 - AEMSOlogs - INFO - Iteration 41: Best Y = -0.6845189441850926 at x = [0.05371056 0.19049161 0.51838465 0.66328367 0.76714018 0.74760248]
2026-03-22 12:12:36,819 - AEMSOlogs - INFO - Working on simulations...
2026-03-22 12:12:42,899 - AEMSOlogs - INFO - RCWA eval:[ 40. 188. 400. 306. 299. 344.] | diff. eff.:0.5416034679199683
2026-03-22 12:12:48,986 - AEMSOlogs - INFO - RCWA eval:[ 56. 259. 450. 300. 333. 353.] | diff. eff.:0.6700712941597665
2026-03-22 12:12:55,151 - AEMSOlogs - INFO - RCWA eval:[ 36. 194. 449. 316. 363. 400.] | diff. eff.:0.3480329612016967
2026-03-22 12:13:01,234 - AEMSOlogs - INFO - RCWA eval:[ 59. 171. 396. 313. 348. 356.] | diff. eff.:0.4902677890419066
2026-03-22 12:13:07,369 - AEMSOlogs - INFO - RCWA eval:[146. 276. 424. 289. 219. 351.] | diff. eff.:0.26203471294491243
2026-03-22 12:13:13,495 - AEMSOlogs - INFO - RCWA eval:[ 20. 195. 448. 307. 346. 356.] | diff. eff.:0.6444147496288688
2026-03-22 12:13:19,559 - AEMSOlogs - INFO - RCWA eval:[ 24. 169. 400. 322. 367. 338.] | diff. eff.:0.17576839994929122
2026-03-22 12:13:25,630 - AEMSOlogs - INFO - RCWA eval:[ 37. 261. 449. 259. 294. 363.] | diff. eff.:0.34573916422758666
2026-03-22 12:13:31,707 - AEMSOlogs - INFO - RCWA eval:[ 27. 208. 446. 337. 360. 371.] | diff. eff.:0.47990887731446774
2026-03-22 12:13:37,775 - AEMSOlogs - INFO - RCWA eval:[ 56. 239. 448. 327. 396. 365.] | diff. eff.:0.5407382476774191
2026-03-22 12:13:43,838 - AEMSOlogs - INFO - RCWA eval:[ 61. 168. 399. 312. 397. 374.] | diff. eff.:0.2708225446388557
2026-03-22 12:13:49,924 - AEMSOlogs - INFO - RCWA eval:[ 71. 179. 440. 327. 425. 371.] | diff. eff.:0.41034669698563686
2026-03-22 12:13:56,012 - AEMSOlogs - INFO - RCWA eval:[ 33. 199. 405. 330. 299. 352.] | diff. eff.:0.3927313093126954
2026-03-22 12:14:02,114 - AEMSOlogs - INFO - RCWA eval:[ 58. 238. 431. 322. 314. 349.] | diff. eff.:0.3597867994959719
2026-03-22 12:14:02,133 - AEMSOlogs - INFO - Iteration 42: Best Y = -0.6845189441850926 at x = [0.05371056 0.19049161 0.51838465 0.66328367 0.76714018 0.74760248]
2026-03-22 12:14:02,136 - AEMSOlogs - INFO - Working on simulations...
2026-03-22 12:14:08,195 - AEMSOlogs - INFO - RCWA eval:[ 26. 240. 449. 307. 391. 373.] | diff. eff.:0.4690148329243457
2026-03-22 12:14:14,359 - AEMSOlogs - INFO - RCWA eval:[ 28. 180. 448. 310. 326. 351.] | diff. eff.:0.6326903317803717
2026-03-22 12:14:20,442 - AEMSOlogs - INFO - RCWA eval:[ 26. 253. 449. 307. 409. 343.] | diff. eff.:0.38283280151227467
2026-03-22 12:14:26,438 - AEMSOlogs - INFO - RCWA eval:[ 35. 184. 409. 321. 325. 379.] | diff. eff.:0.42775272001007764
2026-03-22 12:14:32,541 - AEMSOlogs - INFO - RCWA eval:[ 29. 282. 449. 312. 410. 380.] | diff. eff.:0.5624573532086273
2026-03-22 12:14:38,614 - AEMSOlogs - INFO - RCWA eval:[ 20. 223. 443. 347. 377. 342.] | diff. eff.:0.18484833437129713
2026-03-22 12:14:44,707 - AEMSOlogs - INFO - RCWA eval:[ 38. 165. 401. 314. 346. 365.] | diff. eff.:0.5027576483745209
2026-03-22 12:14:50,812 - AEMSOlogs - INFO - RCWA eval:[ 22. 182. 436. 311. 336. 388.] | diff. eff.:0.648658071187372
2026-03-22 12:14:56,859 - AEMSOlogs - INFO - RCWA eval:[ 27. 222. 450. 322. 362. 372.] | diff. eff.:0.4142761549016275
2026-03-22 12:15:02,906 - AEMSOlogs - INFO - RCWA eval:[ 39. 245. 417. 320. 370. 351.] | diff. eff.:0.29539639004532686
2026-03-22 12:15:08,943 - AEMSOlogs - INFO - RCWA eval:[ 22. 242. 446. 319. 396. 345.] | diff. eff.:0.4041918199137946
2026-03-22 12:15:15,028 - AEMSOlogs - INFO - RCWA eval:[ 41. 182. 419. 290. 341. 371.] | diff. eff.:0.5483328238792159
2026-03-22 12:15:21,118 - AEMSOlogs - INFO - RCWA eval:[ 21. 245. 439. 304. 347. 343.] | diff. eff.:0.5379608681569574
2026-03-22 12:15:27,224 - AEMSOlogs - INFO - RCWA eval:[ 44. 203. 436. 302. 280. 319.] | diff. eff.:0.36988914933948547
2026-03-22 12:15:27,241 - AEMSOlogs - INFO - Iteration 43: Best Y = -0.6845189441850926 at x = [0.05371056 0.19049161 0.51838465 0.66328367 0.76714018 0.74760248]
2026-03-22 12:15:27,243 - AEMSOlogs - INFO - Working on simulations...
2026-03-22 12:15:33,295 - AEMSOlogs - INFO - RCWA eval:[ 25. 173. 433. 327. 403. 368.] | diff. eff.:0.41607472520815597
2026-03-22 12:15:39,356 - AEMSOlogs - INFO - RCWA eval:[ 44. 138. 400. 326. 352. 354.] | diff. eff.:0.4326900319211252
2026-03-22 12:15:45,431 - AEMSOlogs - INFO - RCWA eval:[ 33. 249. 431. 296. 323. 355.] | diff. eff.:0.5942927000482551
2026-03-22 12:15:51,492 - AEMSOlogs - INFO - RCWA eval:[ 68. 169. 404. 322. 374. 365.] | diff. eff.:0.29645218226339404
2026-03-22 12:15:57,532 - AEMSOlogs - INFO - RCWA eval:[ 21. 202. 423. 319. 405. 363.] | diff. eff.:0.4121711191955185
2026-03-22 12:16:03,607 - AEMSOlogs - INFO - RCWA eval:[132. 228. 448. 291. 260. 341.] | diff. eff.:0.42976672605026656
2026-03-22 12:16:09,717 - AEMSOlogs - INFO - RCWA eval:[ 56. 212. 439. 293. 305. 348.] | diff. eff.:0.5647501186320394
2026-03-22 12:16:15,847 - AEMSOlogs - INFO - RCWA eval:[ 23. 265. 425. 298. 389. 352.] | diff. eff.:0.3266328403810483
2026-03-22 12:16:21,888 - AEMSOlogs - INFO - RCWA eval:[ 88. 204. 442. 311. 373. 353.] | diff. eff.:0.4030589765917447
2026-03-22 12:16:27,988 - AEMSOlogs - INFO - RCWA eval:[ 29. 149. 405. 305. 274. 356.] | diff. eff.:0.4617691433969626
2026-03-22 12:16:34,055 - AEMSOlogs - INFO - RCWA eval:[ 55. 166. 390. 323. 399. 372.] | diff. eff.:0.29106108765192806
2026-03-22 12:16:40,124 - AEMSOlogs - INFO - RCWA eval:[113. 142. 435. 315. 390. 359.] | diff. eff.:0.42683920050758073
2026-03-22 12:16:46,154 - AEMSOlogs - INFO - RCWA eval:[ 68. 233. 449. 297. 350. 410.] | diff. eff.:0.5513246549601676
2026-03-22 12:16:52,196 - AEMSOlogs - INFO - RCWA eval:[ 25. 222. 435. 312. 350. 358.] | diff. eff.:0.5798954001718428
2026-03-22 12:16:52,213 - AEMSOlogs - INFO - Iteration 44: Best Y = -0.6845189441850926 at x = [0.05371056 0.19049161 0.51838465 0.66328367 0.76714018 0.74760248]
2026-03-22 12:16:52,215 - AEMSOlogs - INFO - Working on simulations...
2026-03-22 12:16:58,272 - AEMSOlogs - INFO - RCWA eval:[ 23. 216. 396. 311. 363. 345.] | diff. eff.:0.2976823674734576
2026-03-22 12:17:04,329 - AEMSOlogs - INFO - RCWA eval:[ 20. 169. 366. 314. 316. 365.] | diff. eff.:0.2498288914076739
2026-03-22 12:17:10,372 - AEMSOlogs - INFO - RCWA eval:[ 32. 257. 427. 272. 313. 365.] | diff. eff.:0.4305862371315584
2026-03-22 12:17:16,454 - AEMSOlogs - INFO - RCWA eval:[ 89. 238. 409. 297. 280. 341.] | diff. eff.:0.4590418854211763
2026-03-22 12:17:22,533 - AEMSOlogs - INFO - RCWA eval:[ 60. 161. 427. 333. 300. 346.] | diff. eff.:0.28828454040703455
2026-03-22 12:17:28,571 - AEMSOlogs - INFO - RCWA eval:[ 54. 169. 381. 320. 322. 350.] | diff. eff.:0.4270656401926391
2026-03-22 12:17:34,639 - AEMSOlogs - INFO - RCWA eval:[ 75. 233. 431. 302. 307. 361.] | diff. eff.:0.4681599178713207
2026-03-22 12:17:40,736 - AEMSOlogs - INFO - RCWA eval:[ 44. 243. 437. 284. 311. 353.] | diff. eff.:0.5350239541175551
2026-03-22 12:17:46,788 - AEMSOlogs - INFO - RCWA eval:[ 25. 216. 448. 306. 317. 353.] | diff. eff.:0.5588149372358068
2026-03-22 12:17:52,875 - AEMSOlogs - INFO - RCWA eval:[ 20. 282. 450. 304. 370. 373.] | diff. eff.:0.4186351697250986
2026-03-22 12:17:58,935 - AEMSOlogs - INFO - RCWA eval:[ 20. 193. 449. 334. 326. 367.] | diff. eff.:0.597789262013252
2026-03-22 12:18:05,024 - AEMSOlogs - INFO - RCWA eval:[ 20. 223. 449. 297. 389. 374.] | diff. eff.:0.3813675748618811
2026-03-22 12:18:11,106 - AEMSOlogs - INFO - RCWA eval:[ 20. 250. 449. 296. 366. 384.] | diff. eff.:0.3558452224433015
2026-03-22 12:18:17,152 - AEMSOlogs - INFO - RCWA eval:[ 68. 225. 400. 308. 308. 351.] | diff. eff.:0.5048135410141134
2026-03-22 12:18:17,168 - AEMSOlogs - INFO - Iteration 45: Best Y = -0.6845189441850926 at x = [0.05371056 0.19049161 0.51838465 0.66328367 0.76714018 0.74760248]
2026-03-22 12:18:17,170 - AEMSOlogs - INFO - Working on simulations...
2026-03-22 12:18:23,264 - AEMSOlogs - INFO - RCWA eval:[ 75. 250. 439. 311. 278. 345.] | diff. eff.:0.3584913592920756
2026-03-22 12:18:29,343 - AEMSOlogs - INFO - RCWA eval:[ 89. 221. 433. 314. 265. 339.] | diff. eff.:0.3960604778260473
2026-03-22 12:18:35,381 - AEMSOlogs - INFO - RCWA eval:[ 20. 237. 447. 305. 338. 364.] | diff. eff.:0.7147890735389059
2026-03-22 12:18:41,439 - AEMSOlogs - INFO - RCWA eval:[119. 235. 447. 313. 258. 348.] | diff. eff.:0.3803872112288262
2026-03-22 12:18:47,491 - AEMSOlogs - INFO - RCWA eval:[ 44. 234. 444. 297. 329. 379.] | diff. eff.:0.6910691417113656
2026-03-22 12:18:53,561 - AEMSOlogs - INFO - RCWA eval:[ 34. 220. 447. 296. 268. 343.] | diff. eff.:0.48564280426925965
2026-03-22 12:18:59,618 - AEMSOlogs - INFO - RCWA eval:[ 24. 204. 450. 335. 340. 390.] | diff. eff.:0.5771651244730638
2026-03-22 12:19:05,736 - AEMSOlogs - INFO - RCWA eval:[ 43. 197. 449. 300. 347. 361.] | diff. eff.:0.6611010984683022
2026-03-22 12:19:11,970 - AEMSOlogs - INFO - RCWA eval:[ 56. 231. 450. 301. 329. 372.] | diff. eff.:0.7451876504517104
2026-03-22 12:19:18,072 - AEMSOlogs - INFO - RCWA eval:[ 31. 222. 437. 341. 365. 346.] | diff. eff.:0.3155860078739581
2026-03-22 12:19:24,135 - AEMSOlogs - INFO - RCWA eval:[ 21. 239. 446. 305. 323. 342.] | diff. eff.:0.5858430642456481
2026-03-22 12:19:30,186 - AEMSOlogs - INFO - RCWA eval:[ 20. 234. 431. 315. 326. 367.] | diff. eff.:0.6160501152955428
2026-03-22 12:19:36,274 - AEMSOlogs - INFO - RCWA eval:[ 70. 197. 438. 306. 260. 377.] | diff. eff.:0.36367774637344075
2026-03-22 12:19:42,352 - AEMSOlogs - INFO - RCWA eval:[ 21. 187. 449. 335. 357. 398.] | diff. eff.:0.4614611444996556
2026-03-22 12:19:42,369 - AEMSOlogs - INFO - Iteration 46: Best Y = -0.7451876504517104 at x = [0.08398544 0.48979686 0.99999362 0.65391134 0.71893795 0.81973285]
2026-03-22 12:19:42,370 - AEMSOlogs - INFO - Working on simulations...
2026-03-22 12:19:48,487 - AEMSOlogs - INFO - RCWA eval:[ 41. 226. 447. 294. 312. 394.] | diff. eff.:0.5560072287475943
2026-03-22 12:19:54,594 - AEMSOlogs - INFO - RCWA eval:[ 23. 204. 448. 305. 322. 378.] | diff. eff.:0.7063321586214305
2026-03-22 12:20:00,683 - AEMSOlogs - INFO - RCWA eval:[ 20. 188. 445. 313. 348. 384.] | diff. eff.:0.6112372049567536
2026-03-22 12:20:06,812 - AEMSOlogs - INFO - RCWA eval:[ 28. 249. 441. 302. 304. 369.] | diff. eff.:0.40771962263128536
2026-03-22 12:20:12,915 - AEMSOlogs - INFO - RCWA eval:[ 25. 210. 450. 290. 357. 376.] | diff. eff.:0.5540391966541386
2026-03-22 12:20:19,024 - AEMSOlogs - INFO - RCWA eval:[ 21. 172. 450. 317. 296. 407.] | diff. eff.:0.31663194620996765
2026-03-22 12:20:35,094 - AEMSOlogs - INFO - RCWA eval:[ 80. 276. 449. 278. 320. 381.] | diff. eff.:0.3388389551481771
2026-03-22 12:20:41,184 - AEMSOlogs - INFO - RCWA eval:[ 91. 276. 446. 285. 318. 358.] | diff. eff.:0.5421470167727043
2026-03-22 12:20:47,240 - AEMSOlogs - INFO - RCWA eval:[ 57. 261. 450. 299. 332. 344.] | diff. eff.:0.6100046814630383
2026-03-22 12:20:53,341 - AEMSOlogs - INFO - RCWA eval:[ 56. 253. 437. 297. 319. 386.] | diff. eff.:0.5940013591696073
2026-03-22 12:20:59,377 - AEMSOlogs - INFO - RCWA eval:[ 64. 252. 445. 310. 322. 367.] | diff. eff.:0.7173932519636945
2026-03-22 12:21:05,412 - AEMSOlogs - INFO - RCWA eval:[ 85. 244. 445. 290. 290. 377.] | diff. eff.:0.42558107902287073
2026-03-22 12:21:11,494 - AEMSOlogs - INFO - RCWA eval:[ 44. 233. 434. 323. 375. 373.] | diff. eff.:0.5114028481994369
2026-03-22 12:21:17,545 - AEMSOlogs - INFO - RCWA eval:[ 41. 203. 448. 318. 368. 371.] | diff. eff.:0.429958193907829
2026-03-22 12:21:17,562 - AEMSOlogs - INFO - Iteration 47: Best Y = -0.7451876504517104 at x = [0.08398544 0.48979686 0.99999362 0.65391134 0.71893795 0.81973285]
2026-03-22 12:21:17,563 - AEMSOlogs - INFO - Working on simulations...
2026-03-22 12:21:23,568 - AEMSOlogs - INFO - RCWA eval:[ 39. 257. 446. 302. 324. 357.] | diff. eff.:0.6970854717986305
2026-03-22 12:21:29,612 - AEMSOlogs - INFO - RCWA eval:[ 24. 206. 449. 310. 366. 351.] | diff. eff.:0.24087342754539157
2026-03-22 12:21:35,699 - AEMSOlogs - INFO - RCWA eval:[ 62. 246. 450. 309. 308. 379.] | diff. eff.:0.5651576772507434
2026-03-22 12:21:41,777 - AEMSOlogs - INFO - RCWA eval:[ 46. 230. 450. 290. 301. 367.] | diff. eff.:0.49196330034032987
2026-03-22 12:21:47,839 - AEMSOlogs - INFO - RCWA eval:[ 37. 256. 450. 298. 334. 359.] | diff. eff.:0.7042594478538785
2026-03-22 12:21:53,860 - AEMSOlogs - INFO - RCWA eval:[ 25. 240. 447. 302. 337. 351.] | diff. eff.:0.6781986334257833
2026-03-22 12:21:59,913 - AEMSOlogs - INFO - RCWA eval:[ 85. 245. 449. 290. 271. 349.] | diff. eff.:0.42351345586616357
2026-03-22 12:22:05,966 - AEMSOlogs - INFO - RCWA eval:[ 20. 219. 447. 316. 335. 373.] | diff. eff.:0.7161326729536485
2026-03-22 12:22:12,045 - AEMSOlogs - INFO - RCWA eval:[ 63. 241. 450. 304. 294. 345.] | diff. eff.:0.4093317916217655
2026-03-22 12:22:18,090 - AEMSOlogs - INFO - RCWA eval:[ 21. 243. 448. 311. 392. 383.] | diff. eff.:0.4856097776150336
2026-03-22 12:22:24,189 - AEMSOlogs - INFO - RCWA eval:[ 61. 255. 446. 310. 325. 375.] | diff. eff.:0.7157069927497413
2026-03-22 12:22:30,260 - AEMSOlogs - INFO - RCWA eval:[ 25. 209. 416. 299. 352. 356.] | diff. eff.:0.5360264002682462
2026-03-22 12:22:36,366 - AEMSOlogs - INFO - RCWA eval:[ 55. 232. 440. 308. 314. 353.] | diff. eff.:0.49344613915008617
2026-03-22 12:22:42,451 - AEMSOlogs - INFO - RCWA eval:[ 21. 199. 450. 300. 325. 351.] | diff. eff.:0.7058642716125385
2026-03-22 12:22:42,470 - AEMSOlogs - INFO - Iteration 48: Best Y = -0.7451876504517104 at x = [0.08398544 0.48979686 0.99999362 0.65391134 0.71893795 0.81973285]
2026-03-22 12:22:42,471 - AEMSOlogs - INFO - Working on simulations...
2026-03-22 12:22:48,502 - AEMSOlogs - INFO - RCWA eval:[ 78. 233. 441. 308. 294. 339.] | diff. eff.:0.37700706040404064
2026-03-22 12:22:54,569 - AEMSOlogs - INFO - RCWA eval:[ 28. 220. 441. 314. 305. 348.] | diff. eff.:0.4023046188259812
2026-03-22 12:23:00,619 - AEMSOlogs - INFO - RCWA eval:[ 32. 210. 449. 307. 305. 372.] | diff. eff.:0.43868416869541654
2026-03-22 12:23:06,657 - AEMSOlogs - INFO - RCWA eval:[ 20. 232. 437. 302. 351. 386.] | diff. eff.:0.5820358241366176
2026-03-22 12:23:12,676 - AEMSOlogs - INFO - RCWA eval:[ 39. 235. 450. 308. 312. 371.] | diff. eff.:0.5398114566500494
2026-03-22 12:23:18,769 - AEMSOlogs - INFO - RCWA eval:[ 28. 262. 437. 310. 348. 366.] | diff. eff.:0.6300250115614365
2026-03-22 12:23:24,777 - AEMSOlogs - INFO - RCWA eval:[ 21. 234. 450. 313. 332. 366.] | diff. eff.:0.7520784905429279
2026-03-22 12:23:30,805 - AEMSOlogs - INFO - RCWA eval:[ 20. 225. 447. 317. 352. 362.] | diff. eff.:0.6024974531902794
2026-03-22 12:23:36,884 - AEMSOlogs - INFO - RCWA eval:[ 20. 205. 447. 311. 313. 363.] | diff. eff.:0.4553722685444483
2026-03-22 12:23:42,920 - AEMSOlogs - INFO - RCWA eval:[ 42. 234. 446. 313. 301. 373.] | diff. eff.:0.3318023374386658
2026-03-22 12:23:48,965 - AEMSOlogs - INFO - RCWA eval:[ 24. 215. 449. 313. 337. 365.] | diff. eff.:0.7202757645081566
2026-03-22 12:23:54,984 - AEMSOlogs - INFO - RCWA eval:[ 32. 202. 411. 304. 319. 369.] | diff. eff.:0.46715659894805994
2026-03-22 12:24:01,056 - AEMSOlogs - INFO - RCWA eval:[ 22. 205. 445. 314. 353. 378.] | diff. eff.:0.5798517090002794
2026-03-22 12:24:07,123 - AEMSOlogs - INFO - RCWA eval:[ 52. 241. 438. 305. 304. 374.] | diff. eff.:0.39402994023374965
2026-03-22 12:24:07,141 - AEMSOlogs - INFO - Iteration 49: Best Y = -0.7520784905429279 at x = [0.00231862 0.49854801 0.99968332 0.6818162  0.7252686  0.80487677]
2026-03-22 12:24:07,143 - AEMSOlogs - INFO - Working on simulations...
2026-03-22 12:24:13,193 - AEMSOlogs - INFO - RCWA eval:[ 20. 235. 440. 301. 347. 352.] | diff. eff.:0.6091157420183467
2026-03-22 12:24:19,254 - AEMSOlogs - INFO - RCWA eval:[ 30. 250. 446. 316. 345. 355.] | diff. eff.:0.626099779437863
2026-03-22 12:24:25,278 - AEMSOlogs - INFO - RCWA eval:[ 22. 243. 450. 314. 328. 365.] | diff. eff.:0.753327710815676
2026-03-22 12:24:31,289 - AEMSOlogs - INFO - RCWA eval:[ 32. 251. 450. 308. 340. 372.] | diff. eff.:0.7191588549746772
2026-03-22 12:24:37,325 - AEMSOlogs - INFO - RCWA eval:[ 57. 255. 449. 302. 313. 371.] | diff. eff.:0.6382587169398637
2026-03-22 12:24:43,334 - AEMSOlogs - INFO - RCWA eval:[ 51. 226. 450. 307. 308. 359.] | diff. eff.:0.46735472383851784
2026-03-22 12:24:49,368 - AEMSOlogs - INFO - RCWA eval:[ 44. 252. 449. 311. 323. 370.] | diff. eff.:0.7449285066249275
2026-03-22 12:24:55,394 - AEMSOlogs - INFO - RCWA eval:[ 21. 245. 444. 315. 343. 365.] | diff. eff.:0.6755991336870066
2026-03-22 12:25:01,445 - AEMSOlogs - INFO - RCWA eval:[ 27. 245. 430. 314. 334. 378.] | diff. eff.:0.6465974244616114
2026-03-22 12:25:07,465 - AEMSOlogs - INFO - RCWA eval:[ 22. 263. 445. 299. 325. 363.] | diff. eff.:0.6881185614660297
2026-03-22 12:25:13,525 - AEMSOlogs - INFO - RCWA eval:[ 21. 223. 448. 320. 344. 372.] | diff. eff.:0.6696268650639647
2026-03-22 12:25:19,548 - AEMSOlogs - INFO - RCWA eval:[ 51. 202. 426. 329. 368. 361.] | diff. eff.:0.3902586862407595
2026-03-22 12:25:25,585 - AEMSOlogs - INFO - RCWA eval:[ 21. 243. 449. 312. 312. 337.] | diff. eff.:0.3255770095591801
2026-03-22 12:25:31,602 - AEMSOlogs - INFO - RCWA eval:[ 20. 234. 444. 320. 359. 354.] | diff. eff.:0.4079443703328357
2026-03-22 12:25:31,619 - AEMSOlogs - INFO - Iteration 50: Best Y = -0.753327710815676 at x = [0.00394863 0.51755722 0.99969483 0.68355503 0.71700614 0.80145616]
2026-03-22 12:25:31,621 - AEMSOlogs - INFO - Working on simulations...
2026-03-22 12:25:37,630 - AEMSOlogs - INFO - RCWA eval:[ 21. 255. 450. 303. 331. 350.] | diff. eff.:0.6964929216160047
2026-03-22 12:25:43,670 - AEMSOlogs - INFO - RCWA eval:[ 41. 248. 434. 302. 303. 353.] | diff. eff.:0.4443441455286318
2026-03-22 12:25:49,684 - AEMSOlogs - INFO - RCWA eval:[ 24. 218. 447. 321. 350. 367.] | diff. eff.:0.6083011536760974
2026-03-22 12:25:55,762 - AEMSOlogs - INFO - RCWA eval:[ 23. 237. 448. 312. 321. 364.] | diff. eff.:0.6928755777114376
2026-03-22 12:26:01,782 - AEMSOlogs - INFO - RCWA eval:[ 58. 261. 450. 304. 336. 364.] | diff. eff.:0.6925572443457175
2026-03-22 12:26:07,794 - AEMSOlogs - INFO - RCWA eval:[ 34. 235. 448. 321. 349. 351.] | diff. eff.:0.5578849460742434
2026-03-22 12:26:13,823 - AEMSOlogs - INFO - RCWA eval:[ 46. 247. 445. 313. 306. 345.] | diff. eff.:0.29382884792587416
2026-03-22 12:26:19,862 - AEMSOlogs - INFO - RCWA eval:[ 72. 251. 447. 315. 320. 365.] | diff. eff.:0.7132764525980247
2026-03-22 12:26:25,872 - AEMSOlogs - INFO - RCWA eval:[ 20. 245. 450. 306. 351. 370.] | diff. eff.:0.6752689724154534
2026-03-22 12:26:31,911 - AEMSOlogs - INFO - RCWA eval:[ 20. 213. 450. 320. 267. 343.] | diff. eff.:0.3378419738045578
2026-03-22 12:26:37,936 - AEMSOlogs - INFO - RCWA eval:[ 26. 259. 428. 319. 336. 373.] | diff. eff.:0.6256116956722914
2026-03-22 12:26:43,983 - AEMSOlogs - INFO - RCWA eval:[ 36. 236. 447. 312. 341. 386.] | diff. eff.:0.6831585898034599
2026-03-22 12:26:50,039 - AEMSOlogs - INFO - RCWA eval:[ 40. 283. 440. 299. 371. 377.] | diff. eff.:0.3426849552302674
2026-03-22 12:26:56,065 - AEMSOlogs - INFO - RCWA eval:[ 27. 259. 449. 310. 339. 372.] | diff. eff.:0.71839438082723
2026-03-22 12:26:56,083 - AEMSOlogs - INFO - Iteration 51: Best Y = -0.753327710815676 at x = [0.00394863 0.51755722 0.99969483 0.68355503 0.71700614 0.80145616]
2026-03-22 12:26:56,083 - AEMSOlogs - INFO - 
=========
 Best obj. function= -0.753327710815676, geometry= [[ 22. 243. 450. 314. 328. 365.]] 
 =========
2026-03-22 12:26:56,083 - AEMSOlogs - INFO - Finished!



Job ID: 4000807
Cluster: cluster_dei
User/Group: vergerioed/dottor
State: COMPLETED (exit code 0)
Nodes: 1
Cores per node: 14
CPU Utilized: 19:15:56
CPU Efficiency: 96.21% of 20:01:26 core-walltime
Job Wall-clock time: 01:25:49
Memory Utilized: 1.04 GB
Memory Efficiency: 51.81% of 2.00 GB (2.00 GB/node)