2026-03-22 21:08:11,549 - AEMSOlogs - INFO - Working on simulations...
2026-03-22 21:08:35,131 - AEMSOlogs - INFO - RCWA eval:[173 149 245 183 212 102] | diff. eff.:0.02172664498017016
2026-03-22 21:08:35,138 - AEMSOlogs - INFO - RCWA eval:[245 181 191 310 152 309] | diff. eff.:0.21841924493863582
2026-03-22 21:08:58,520 - AEMSOlogs - INFO - RCWA eval:[248 402 144 311 293 380] | diff. eff.:0.2129518506573107
2026-03-22 21:08:58,545 - AEMSOlogs - INFO - RCWA eval:[304 256 315 313 251 220] | diff. eff.:0.15173526163693865
2026-03-22 21:09:21,885 - AEMSOlogs - INFO - RCWA eval:[239 418 237 137 214 351] | diff. eff.:0.05321273085168662
2026-03-22 21:09:22,038 - AEMSOlogs - INFO - RCWA eval:[184 339 355 212 136 137] | diff. eff.:0.2892624411188689
2026-03-22 21:09:45,404 - AEMSOlogs - INFO - RCWA eval:[119 221 173 125 232 223] | diff. eff.:0.006214862295002
2026-03-22 21:09:45,560 - AEMSOlogs - INFO - RCWA eval:[158  43 304 232  90 281] | diff. eff.:0.021471739668544956
2026-03-22 21:10:08,781 - AEMSOlogs - INFO - RCWA eval:[256 288 157 129 140 378] | diff. eff.:0.08860106869746123
2026-03-22 21:10:08,919 - AEMSOlogs - INFO - RCWA eval:[336 357 185 219 244 212] | diff. eff.:0.48093523840422153
2026-03-22 21:10:32,242 - AEMSOlogs - INFO - RCWA eval:[301 194 334 250 176 153] | diff. eff.:0.23125101473851387
2026-03-22 21:10:32,269 - AEMSOlogs - INFO - RCWA eval:[177 303 450 148 128 225] | diff. eff.:0.13041390304915604
2026-03-22 21:10:55,660 - AEMSOlogs - INFO - RCWA eval:[415 211 141 360 277  58] | diff. eff.:0.023092180003124727
2026-03-22 21:10:55,688 - AEMSOlogs - INFO - RCWA eval:[ 99 126 216 343 215 276] | diff. eff.:0.01224142833359279
2026-03-22 21:10:55,726 - AEMSOlogs - INFO - Iteration 1: Best Y = -0.48093523840422153 at x = [0.73373093 0.78258105 0.38364941 0.46256184 0.52078413 0.44589044]
2026-03-22 21:10:55,731 - AEMSOlogs - INFO - Working on simulations...
2026-03-22 21:11:19,034 - AEMSOlogs - INFO - RCWA eval:[245 346 393 312 288 273] | diff. eff.:0.04878698238653018
2026-03-22 21:11:19,067 - AEMSOlogs - INFO - RCWA eval:[351 221 336 303 280 183] | diff. eff.:0.011829819981322896
2026-03-22 21:11:42,401 - AEMSOlogs - INFO - RCWA eval:[319 241 279 135 167 218] | diff. eff.:0.027643108400763013
2026-03-22 21:11:42,500 - AEMSOlogs - INFO - RCWA eval:[371 393 201 150 234 110] | diff. eff.:0.11467844299909964
2026-03-22 21:12:05,771 - AEMSOlogs - INFO - RCWA eval:[178 319 287 294 180 164] | diff. eff.:0.16421964576239487
2026-03-22 21:12:05,918 - AEMSOlogs - INFO - RCWA eval:[157 332 358 171 121 124] | diff. eff.:0.2923852773218454
2026-03-22 21:12:29,196 - AEMSOlogs - INFO - RCWA eval:[270 253 213 189 266 146] | diff. eff.:0.022002602080675237
2026-03-22 21:12:29,311 - AEMSOlogs - INFO - RCWA eval:[197 239 286 166 246 397] | diff. eff.:0.12332244575223014
2026-03-22 21:12:52,706 - AEMSOlogs - INFO - RCWA eval:[254 137 154 280 327 200] | diff. eff.:0.10355671178001204
2026-03-22 21:12:52,820 - AEMSOlogs - INFO - RCWA eval:[200 297 160 151 186 215] | diff. eff.:0.21737105193096423
2026-03-22 21:13:16,019 - AEMSOlogs - INFO - RCWA eval:[317 324 325 420 158 193] | diff. eff.:0.574720677966789
2026-03-22 21:13:16,160 - AEMSOlogs - INFO - RCWA eval:[291 261 217 222  86 358] | diff. eff.:0.018229351155168466
2026-03-22 21:13:39,369 - AEMSOlogs - INFO - RCWA eval:[221 362 320 242 243 247] | diff. eff.:0.12083340706597387
2026-03-22 21:13:39,577 - AEMSOlogs - INFO - RCWA eval:[358 285 177 200 291 223] | diff. eff.:0.4123539601090042
2026-03-22 21:13:39,594 - AEMSOlogs - INFO - Iteration 2: Best Y = -0.574720677966789 at x = [0.69157215 0.70745458 0.70857309 0.93124652 0.32113933 0.40274366]
2026-03-22 21:13:39,598 - AEMSOlogs - INFO - Working on simulations...
2026-03-22 21:14:02,947 - AEMSOlogs - INFO - RCWA eval:[169 270 305 222 236 178] | diff. eff.:0.15159424916756217
2026-03-22 21:14:03,012 - AEMSOlogs - INFO - RCWA eval:[250 389 398 218  98 191] | diff. eff.:0.12225718445912674
2026-03-22 21:14:26,282 - AEMSOlogs - INFO - RCWA eval:[398 434 256 383 269 176] | diff. eff.:0.04248731649285164
2026-03-22 21:14:26,483 - AEMSOlogs - INFO - RCWA eval:[299 238 448 183 163 285] | diff. eff.:0.23911912137388236
2026-03-22 21:14:49,618 - AEMSOlogs - INFO - RCWA eval:[305 274 337 269 176 221] | diff. eff.:0.24102976674937313
2026-03-22 21:14:49,857 - AEMSOlogs - INFO - RCWA eval:[303 254 296 273 251 254] | diff. eff.:0.12082294512385304
2026-03-22 21:15:12,964 - AEMSOlogs - INFO - RCWA eval:[243 253 260 355 240 247] | diff. eff.:0.2772915157068661
2026-03-22 21:15:13,285 - AEMSOlogs - INFO - RCWA eval:[286 308 309 163 192 260] | diff. eff.:0.4927001834896348
2026-03-22 21:15:36,407 - AEMSOlogs - INFO - RCWA eval:[365 385 268 291 226 184] | diff. eff.:0.19080732128662942
2026-03-22 21:15:36,689 - AEMSOlogs - INFO - RCWA eval:[334 356 233 367 292 134] | diff. eff.:0.3277620036691229
2026-03-22 21:15:59,760 - AEMSOlogs - INFO - RCWA eval:[405 371 270 271  82 137] | diff. eff.:0.10182753916374246
2026-03-22 21:16:00,021 - AEMSOlogs - INFO - RCWA eval:[222 215 250 309 142  63] | diff. eff.:0.3575569653561284
2026-03-22 21:16:23,098 - AEMSOlogs - INFO - RCWA eval:[281 275  86 333 282 233] | diff. eff.:0.07989524340555501
2026-03-22 21:16:23,380 - AEMSOlogs - INFO - RCWA eval:[281 293 170 282 315 220] | diff. eff.:0.05192990634104933
2026-03-22 21:16:23,395 - AEMSOlogs - INFO - Iteration 3: Best Y = -0.574720677966789 at x = [0.69157215 0.70745458 0.70857309 0.93124652 0.32113933 0.40274366]
2026-03-22 21:16:23,399 - AEMSOlogs - INFO - Working on simulations...
2026-03-22 21:16:46,794 - AEMSOlogs - INFO - RCWA eval:[254 262 321 220 137 317] | diff. eff.:0.06925607036913203
2026-03-22 21:16:46,818 - AEMSOlogs - INFO - RCWA eval:[217 336 317 230 201 194] | diff. eff.:0.2983959903708123
2026-03-22 21:17:10,260 - AEMSOlogs - INFO - RCWA eval:[237 250 339 260 209 148] | diff. eff.:0.106392030861973
2026-03-22 21:17:10,282 - AEMSOlogs - INFO - RCWA eval:[313 264 150 263 197 239] | diff. eff.:0.1529340085883847
2026-03-22 21:17:33,654 - AEMSOlogs - INFO - RCWA eval:[328 264 447 291 154 179] | diff. eff.:0.07993421395724871
2026-03-22 21:17:33,663 - AEMSOlogs - INFO - RCWA eval:[296 199 263 265 188 102] | diff. eff.:0.010969507448269659
2026-03-22 21:17:57,007 - AEMSOlogs - INFO - RCWA eval:[353 296 285 238 189 269] | diff. eff.:0.04862813711850624
2026-03-22 21:17:57,122 - AEMSOlogs - INFO - RCWA eval:[320 351 261 244 211 142] | diff. eff.:0.19149260922837694
2026-03-22 21:18:20,431 - AEMSOlogs - INFO - RCWA eval:[209 330 270 293 195 259] | diff. eff.:0.019556002571889487
2026-03-22 21:18:20,546 - AEMSOlogs - INFO - RCWA eval:[264 223 291 230 154 150] | diff. eff.:0.1833497732740663
2026-03-22 21:18:43,775 - AEMSOlogs - INFO - RCWA eval:[306 294 261 135 195 190] | diff. eff.:0.12611284095689496
2026-03-22 21:18:43,952 - AEMSOlogs - INFO - RCWA eval:[298 286 257 175 268 256] | diff. eff.:0.12636875291437005
2026-03-22 21:19:07,106 - AEMSOlogs - INFO - RCWA eval:[263 313 297 223 213 100] | diff. eff.:0.2447731918243113
2026-03-22 21:19:07,334 - AEMSOlogs - INFO - RCWA eval:[190 250 212 175 197 133] | diff. eff.:0.025819097130670265
2026-03-22 21:19:07,349 - AEMSOlogs - INFO - Iteration 4: Best Y = -0.574720677966789 at x = [0.69157215 0.70745458 0.70857309 0.93124652 0.32113933 0.40274366]
2026-03-22 21:19:07,353 - AEMSOlogs - INFO - Working on simulations...
2026-03-22 21:19:30,716 - AEMSOlogs - INFO - RCWA eval:[252 369 275 268 199 306] | diff. eff.:0.3651603967058933
2026-03-22 21:19:30,731 - AEMSOlogs - INFO - RCWA eval:[247 333 367 237 148  80] | diff. eff.:0.3324347629524871
2026-03-22 21:19:54,135 - AEMSOlogs - INFO - RCWA eval:[341 412 202 258 165 177] | diff. eff.:0.22250659688108848
2026-03-22 21:19:54,211 - AEMSOlogs - INFO - RCWA eval:[302 260 266 153 226 128] | diff. eff.:0.07794630516921326
2026-03-22 21:20:17,562 - AEMSOlogs - INFO - RCWA eval:[241 333 303 263 209 173] | diff. eff.:0.18810829539122534
2026-03-22 21:20:17,613 - AEMSOlogs - INFO - RCWA eval:[282 300 239 236 214 162] | diff. eff.:0.1291502241275158
2026-03-22 21:20:40,990 - AEMSOlogs - INFO - RCWA eval:[293 307 330 199 248 168] | diff. eff.:0.4961457873602898
2026-03-22 21:20:41,064 - AEMSOlogs - INFO - RCWA eval:[253 335 243 168 203 123] | diff. eff.:0.022956049423236626
2026-03-22 21:21:04,416 - AEMSOlogs - INFO - RCWA eval:[299 319 366 308 128 158] | diff. eff.:0.28095442792777553
2026-03-22 21:21:04,537 - AEMSOlogs - INFO - RCWA eval:[273 283 203 248 164 203] | diff. eff.:0.06662387803168836
2026-03-22 21:21:27,756 - AEMSOlogs - INFO - RCWA eval:[269 250 333 286 167  91] | diff. eff.:0.31239772268562704
2026-03-22 21:21:27,911 - AEMSOlogs - INFO - RCWA eval:[262 359 241 353 183 196] | diff. eff.:0.27447177517024857
2026-03-22 21:21:51,357 - AEMSOlogs - INFO - RCWA eval:[279 267 264 170 205 111] | diff. eff.:0.10301277455413381
2026-03-22 21:21:51,365 - AEMSOlogs - INFO - RCWA eval:[272 402 296 226 114 181] | diff. eff.:0.09897757650509326
2026-03-22 21:21:51,381 - AEMSOlogs - INFO - Iteration 5: Best Y = -0.574720677966789 at x = [0.69157215 0.70745458 0.70857309 0.93124652 0.32113933 0.40274366]
2026-03-22 21:21:51,385 - AEMSOlogs - INFO - Working on simulations...
2026-03-22 21:22:14,882 - AEMSOlogs - INFO - RCWA eval:[329 408 405 248 218 152] | diff. eff.:0.42049116709770484
2026-03-22 21:22:14,900 - AEMSOlogs - INFO - RCWA eval:[328 277 262 304 262 176] | diff. eff.:0.05300923210928382
2026-03-22 21:22:38,705 - AEMSOlogs - INFO - RCWA eval:[260 312 310 202 232 169] | diff. eff.:0.32472872255413815
2026-03-22 21:22:38,736 - AEMSOlogs - INFO - RCWA eval:[293 339 308 331 210 107] | diff. eff.:0.4006083508342234
2026-03-22 21:23:02,587 - AEMSOlogs - INFO - RCWA eval:[315 301 289 293 221 233] | diff. eff.:0.06230832993088024
2026-03-22 21:23:02,708 - AEMSOlogs - INFO - RCWA eval:[365 313 231 313 179 117] | diff. eff.:0.09666000539960522
2026-03-22 21:23:26,441 - AEMSOlogs - INFO - RCWA eval:[284 380 333 207 256 165] | diff. eff.:0.16439317737637132
2026-03-22 21:23:26,609 - AEMSOlogs - INFO - RCWA eval:[232 414 328 219 182 168] | diff. eff.:0.20945732277185056
2026-03-22 21:23:50,246 - AEMSOlogs - INFO - RCWA eval:[307 304 297 241 176 189] | diff. eff.:0.22323690479841307
2026-03-22 21:23:50,482 - AEMSOlogs - INFO - RCWA eval:[266 265 354 217 219 212] | diff. eff.:0.41468275543884736
2026-03-22 21:24:13,959 - AEMSOlogs - INFO - RCWA eval:[249 422 300 164 205 145] | diff. eff.:0.1311352185124325
2026-03-22 21:24:14,224 - AEMSOlogs - INFO - RCWA eval:[257 406 408 246 153  93] | diff. eff.:0.01995747726094389
2026-03-22 21:24:37,244 - AEMSOlogs - INFO - RCWA eval:[241 437 424 141 145 183] | diff. eff.:0.06792930891272561
2026-03-22 21:24:37,524 - AEMSOlogs - INFO - RCWA eval:[271 371 405 239 235 126] | diff. eff.:0.06667831050020769
2026-03-22 21:24:37,540 - AEMSOlogs - INFO - Iteration 6: Best Y = -0.574720677966789 at x = [0.69157215 0.70745458 0.70857309 0.93124652 0.32113933 0.40274366]
2026-03-22 21:24:37,544 - AEMSOlogs - INFO - Working on simulations...
2026-03-22 21:25:00,875 - AEMSOlogs - INFO - RCWA eval:[277 316 270 327 197 229] | diff. eff.:0.24537835391036283
2026-03-22 21:25:00,938 - AEMSOlogs - INFO - RCWA eval:[359 346 421 193 185 127] | diff. eff.:0.2925400576178489
2026-03-22 21:25:24,233 - AEMSOlogs - INFO - RCWA eval:[348 352 411 267 186 207] | diff. eff.:0.3088425563844889
2026-03-22 21:25:24,324 - AEMSOlogs - INFO - RCWA eval:[299 348 329 220 183 165] | diff. eff.:0.5175267693278947
2026-03-22 21:25:47,709 - AEMSOlogs - INFO - RCWA eval:[326 301 323 216 231 239] | diff. eff.:0.3239928028246204
2026-03-22 21:25:47,713 - AEMSOlogs - INFO - RCWA eval:[330 305 421 247 189 224] | diff. eff.:0.12646692442418198
2026-03-22 21:26:11,075 - AEMSOlogs - INFO - RCWA eval:[247 321 318 326 201 191] | diff. eff.:0.5232149291432999
2026-03-22 21:26:11,144 - AEMSOlogs - INFO - RCWA eval:[348 381 321 305 179 159] | diff. eff.:0.025008878002120802
2026-03-22 21:26:34,483 - AEMSOlogs - INFO - RCWA eval:[271 344 430 271 228 161] | diff. eff.:0.1374536972319011
2026-03-22 21:26:34,504 - AEMSOlogs - INFO - RCWA eval:[317 332 367 144 181 196] | diff. eff.:0.7577800818313409
2026-03-22 21:26:57,853 - AEMSOlogs - INFO - RCWA eval:[360 259 348 244 157 242] | diff. eff.:0.17844383879835846
2026-03-22 21:26:57,854 - AEMSOlogs - INFO - RCWA eval:[365 399 391 280 149 109] | diff. eff.:0.1837296928963389
2026-03-22 21:27:21,267 - AEMSOlogs - INFO - RCWA eval:[335 324 362 203 283 204] | diff. eff.:0.6262323814781745
2026-03-22 21:27:21,270 - AEMSOlogs - INFO - RCWA eval:[265 312 366 291 219 133] | diff. eff.:0.23600138238604385
2026-03-22 21:27:21,287 - AEMSOlogs - INFO - Iteration 7: Best Y = -0.7577800818313409 at x = [0.69039446 0.72454873 0.80622924 0.28818557 0.37421255 0.40982879]
2026-03-22 21:27:21,291 - AEMSOlogs - INFO - Working on simulations...
2026-03-22 21:27:44,675 - AEMSOlogs - INFO - RCWA eval:[262 297 292 155 168 202] | diff. eff.:0.28304124591621205
2026-03-22 21:27:44,799 - AEMSOlogs - INFO - RCWA eval:[244 259 320 184 203 202] | diff. eff.:0.40450297314602107
2026-03-22 21:28:08,102 - AEMSOlogs - INFO - RCWA eval:[340 358 380 170 113 187] | diff. eff.:0.3946261275406927
2026-03-22 21:28:08,227 - AEMSOlogs - INFO - RCWA eval:[258 362 348 218 212 153] | diff. eff.:0.18788161902400882
2026-03-22 21:28:31,548 - AEMSOlogs - INFO - RCWA eval:[424 387 435 141 184 241] | diff. eff.:0.10660079944759941
2026-03-22 21:28:31,821 - AEMSOlogs - INFO - RCWA eval:[317 291 289 237 228 100] | diff. eff.:0.06293308189653597
2026-03-22 21:28:55,441 - AEMSOlogs - INFO - RCWA eval:[339 286 374 108 190 202] | diff. eff.:0.5300404356294511
2026-03-22 21:28:55,623 - AEMSOlogs - INFO - RCWA eval:[282 256 347 171 196 243] | diff. eff.:0.2696203212665594
2026-03-22 21:29:19,228 - AEMSOlogs - INFO - RCWA eval:[255 253 379 248 162 174] | diff. eff.:0.08912061499271863
2026-03-22 21:29:19,511 - AEMSOlogs - INFO - RCWA eval:[406 419 288 116 260 215] | diff. eff.:0.0475989795633216
2026-03-22 21:29:42,967 - AEMSOlogs - INFO - RCWA eval:[310 278 362 312 162 120] | diff. eff.:0.23350585992993947
2026-03-22 21:29:43,336 - AEMSOlogs - INFO - RCWA eval:[276 315 334 315  92 142] | diff. eff.:0.5872811771677396
2026-03-22 21:30:06,626 - AEMSOlogs - INFO - RCWA eval:[337 377 335 213 213 234] | diff. eff.:0.1634678892289907
2026-03-22 21:30:07,202 - AEMSOlogs - INFO - RCWA eval:[328 345 395 177 184 220] | diff. eff.:0.5528154638184818
2026-03-22 21:30:07,217 - AEMSOlogs - INFO - Iteration 8: Best Y = -0.7577800818313409 at x = [0.69039446 0.72454873 0.80622924 0.28818557 0.37421255 0.40982879]
2026-03-22 21:30:07,221 - AEMSOlogs - INFO - Working on simulations...
2026-03-22 21:30:30,874 - AEMSOlogs - INFO - RCWA eval:[239 330 290 277 107 162] | diff. eff.:0.16732555305441146
2026-03-22 21:30:30,878 - AEMSOlogs - INFO - RCWA eval:[289 262 332 208 179 248] | diff. eff.:0.2960940561630234
2026-03-22 21:30:54,205 - AEMSOlogs - INFO - RCWA eval:[317 320 330 190 208 271] | diff. eff.:0.6169481785747866
2026-03-22 21:30:54,308 - AEMSOlogs - INFO - RCWA eval:[361 307 390 257 137 144] | diff. eff.:0.04337828434656261
2026-03-22 21:31:17,584 - AEMSOlogs - INFO - RCWA eval:[369 309 450 216  77 159] | diff. eff.:0.0044648758668492635
2026-03-22 21:31:17,615 - AEMSOlogs - INFO - RCWA eval:[340 292 350 277 118 228] | diff. eff.:0.14194388452111295
2026-03-22 21:31:41,024 - AEMSOlogs - INFO - RCWA eval:[319 343 347 204 158 159] | diff. eff.:0.5739835696736346
2026-03-22 21:31:41,037 - AEMSOlogs - INFO - RCWA eval:[258 373 328 220 186 231] | diff. eff.:0.10946274858833864
2026-03-22 21:32:04,382 - AEMSOlogs - INFO - RCWA eval:[354 379 386 190 220 159] | diff. eff.:0.42679727216809543
2026-03-22 21:32:04,418 - AEMSOlogs - INFO - RCWA eval:[366 293 438 322 167 140] | diff. eff.:0.043215518096999334
2026-03-22 21:32:27,827 - AEMSOlogs - INFO - RCWA eval:[269 277 377 166 153 189] | diff. eff.:0.3326735020757033
2026-03-22 21:32:27,898 - AEMSOlogs - INFO - RCWA eval:[367 269 351 219  49 148] | diff. eff.:0.04253286062299984
2026-03-22 21:32:51,258 - AEMSOlogs - INFO - RCWA eval:[335 272 444 119 207 169] | diff. eff.:0.13518870725421694
2026-03-22 21:32:51,372 - AEMSOlogs - INFO - RCWA eval:[295 351 339 295 181 137] | diff. eff.:0.17542742694941255
2026-03-22 21:32:51,385 - AEMSOlogs - INFO - Iteration 9: Best Y = -0.7577800818313409 at x = [0.69039446 0.72454873 0.80622924 0.28818557 0.37421255 0.40982879]
2026-03-22 21:32:51,389 - AEMSOlogs - INFO - Working on simulations...
2026-03-22 21:33:14,791 - AEMSOlogs - INFO - RCWA eval:[267 272 375 233 116 197] | diff. eff.:0.23579842751220761
2026-03-22 21:33:14,827 - AEMSOlogs - INFO - RCWA eval:[352 318 377 246 128 141] | diff. eff.:0.14551829393865012
2026-03-22 21:33:38,177 - AEMSOlogs - INFO - RCWA eval:[333 335 400 170 236 152] | diff. eff.:0.48000175548763885
2026-03-22 21:33:38,195 - AEMSOlogs - INFO - RCWA eval:[320 329 374 214 151 219] | diff. eff.:0.5699275288862878
2026-03-22 21:34:01,578 - AEMSOlogs - INFO - RCWA eval:[350 294 397 149 201 223] | diff. eff.:0.22739233269204662
2026-03-22 21:34:01,633 - AEMSOlogs - INFO - RCWA eval:[264 316 367 171 193 205] | diff. eff.:0.5285447531912277
2026-03-22 21:34:24,957 - AEMSOlogs - INFO - RCWA eval:[354 284 325 126 262 258] | diff. eff.:0.14425145704264927
2026-03-22 21:34:25,066 - AEMSOlogs - INFO - RCWA eval:[344 369 386 192 167 218] | diff. eff.:0.27174861244247905
2026-03-22 21:34:48,284 - AEMSOlogs - INFO - RCWA eval:[333 273 391 126 255 260] | diff. eff.:0.29895052477807693
2026-03-22 21:34:48,493 - AEMSOlogs - INFO - RCWA eval:[338 300 360 181 198 214] | diff. eff.:0.524211307888696
2026-03-22 21:35:11,564 - AEMSOlogs - INFO - RCWA eval:[310 380 343 210 235 220] | diff. eff.:0.353387925409185
2026-03-22 21:35:11,887 - AEMSOlogs - INFO - RCWA eval:[294 317 324 202 166 286] | diff. eff.:0.5697153962037879
2026-03-22 21:35:34,812 - AEMSOlogs - INFO - RCWA eval:[323 265 302 227 178 224] | diff. eff.:0.04787745656096794
2026-03-22 21:35:35,179 - AEMSOlogs - INFO - RCWA eval:[328 260 349 115 303 291] | diff. eff.:0.21817788912062877
2026-03-22 21:35:35,195 - AEMSOlogs - INFO - Iteration 10: Best Y = -0.7577800818313409 at x = [0.69039446 0.72454873 0.80622924 0.28818557 0.37421255 0.40982879]
2026-03-22 21:35:35,199 - AEMSOlogs - INFO - Working on simulations...
2026-03-22 21:35:58,529 - AEMSOlogs - INFO - RCWA eval:[313 322 367 113 185 314] | diff. eff.:0.6489219924404518
2026-03-22 21:35:58,609 - AEMSOlogs - INFO - RCWA eval:[313 347 336 230 166 221] | diff. eff.:0.5944432988863797
2026-03-22 21:36:21,953 - AEMSOlogs - INFO - RCWA eval:[285 304 414 249 235 238] | diff. eff.:0.24895429920700526
2026-03-22 21:36:22,124 - AEMSOlogs - INFO - RCWA eval:[238 276 278 260 128 125] | diff. eff.:0.1790777287807401
2026-03-22 21:36:45,306 - AEMSOlogs - INFO - RCWA eval:[258 299 337 218 185 206] | diff. eff.:0.44997640547428763
2026-03-22 21:36:45,539 - AEMSOlogs - INFO - RCWA eval:[314 359 380 214 140 185] | diff. eff.:0.5886930986853349
2026-03-22 21:37:08,556 - AEMSOlogs - INFO - RCWA eval:[295 321 366 194 168 263] | diff. eff.:0.8172663407703042
2026-03-22 21:37:08,895 - AEMSOlogs - INFO - RCWA eval:[262 371 348 243  64 174] | diff. eff.:0.20659424535682247
2026-03-22 21:37:31,832 - AEMSOlogs - INFO - RCWA eval:[360 341 366 139 190 242] | diff. eff.:0.22787215286712448
2026-03-22 21:37:32,206 - AEMSOlogs - INFO - RCWA eval:[301 285 350 159 141 217] | diff. eff.:0.6388889667107649
2026-03-22 21:37:55,089 - AEMSOlogs - INFO - RCWA eval:[355 322 300 218 129 221] | diff. eff.:0.048065775544674956
2026-03-22 21:37:55,580 - AEMSOlogs - INFO - RCWA eval:[279 289 292 247 120 190] | diff. eff.:0.2415229361409094
2026-03-22 21:38:18,320 - AEMSOlogs - INFO - RCWA eval:[321 288 347 240 117 170] | diff. eff.:0.3332114578115392
2026-03-22 21:38:18,838 - AEMSOlogs - INFO - RCWA eval:[276 329 343 218 204 349] | diff. eff.:0.42659510772296877
2026-03-22 21:38:18,856 - AEMSOlogs - INFO - Iteration 11: Best Y = -0.8172663407703042 at x = [0.64010716 0.69920704 0.8048511  0.40525159 0.34343767 0.56619811]
2026-03-22 21:38:18,859 - AEMSOlogs - INFO - Working on simulations...
2026-03-22 21:38:42,117 - AEMSOlogs - INFO - RCWA eval:[239 302 344 218 168 281] | diff. eff.:0.4341611996913337
2026-03-22 21:38:42,230 - AEMSOlogs - INFO - RCWA eval:[326 323 344 180 172 231] | diff. eff.:0.6457869188097721
2026-03-22 21:39:05,466 - AEMSOlogs - INFO - RCWA eval:[360 311 382 136 148 252] | diff. eff.:0.11197144789389504
2026-03-22 21:39:05,615 - AEMSOlogs - INFO - RCWA eval:[286 293 343 187 118 229] | diff. eff.:0.645444709563377
2026-03-22 21:39:28,781 - AEMSOlogs - INFO - RCWA eval:[367 356 327 184 153 272] | diff. eff.:0.208825060310922
2026-03-22 21:39:28,970 - AEMSOlogs - INFO - RCWA eval:[340 289 354  70 172 336] | diff. eff.:0.17364477481285726
2026-03-22 21:39:52,112 - AEMSOlogs - INFO - RCWA eval:[300 303 320 134 202 284] | diff. eff.:0.4708254706181022
2026-03-22 21:39:52,298 - AEMSOlogs - INFO - RCWA eval:[317 356 409 256 157 252] | diff. eff.:0.35713068683074023
2026-03-22 21:40:15,414 - AEMSOlogs - INFO - RCWA eval:[355 322 429 150 146 284] | diff. eff.:0.4931287661121209
2026-03-22 21:40:15,706 - AEMSOlogs - INFO - RCWA eval:[345 285 386 160 119 302] | diff. eff.:0.2105809785949472
2026-03-22 21:40:38,682 - AEMSOlogs - INFO - RCWA eval:[332 341 443 202 121 237] | diff. eff.:0.4019558397119158
2026-03-22 21:40:39,034 - AEMSOlogs - INFO - RCWA eval:[286 320 343 248 235 321] | diff. eff.:0.3021228307708514
2026-03-22 21:41:01,921 - AEMSOlogs - INFO - RCWA eval:[323 342 331 142 179 269] | diff. eff.:0.6357391312420716
2026-03-22 21:41:02,317 - AEMSOlogs - INFO - RCWA eval:[318 324 316 156 199 338] | diff. eff.:0.1444593324682314
2026-03-22 21:41:02,333 - AEMSOlogs - INFO - Iteration 12: Best Y = -0.8172663407703042 at x = [0.64010716 0.69920704 0.8048511  0.40525159 0.34343767 0.56619811]
2026-03-22 21:41:02,337 - AEMSOlogs - INFO - Working on simulations...
2026-03-22 21:41:25,785 - AEMSOlogs - INFO - RCWA eval:[284 364 360 198 142 204] | diff. eff.:0.35812427348753356
2026-03-22 21:41:25,814 - AEMSOlogs - INFO - RCWA eval:[379 352 375 170 179 221] | diff. eff.:0.30422077966892147
2026-03-22 21:41:49,189 - AEMSOlogs - INFO - RCWA eval:[336 373 369 196 188 202] | diff. eff.:0.22927477040423422
2026-03-22 21:41:49,194 - AEMSOlogs - INFO - RCWA eval:[328 323 339 217 138 190] | diff. eff.:0.47832408784786884
2026-03-22 21:42:12,575 - AEMSOlogs - INFO - RCWA eval:[345 326 318 204 164 292] | diff. eff.:0.28998016390518766
2026-03-22 21:42:12,613 - AEMSOlogs - INFO - RCWA eval:[312 300 301 157 194 194] | diff. eff.:0.2953703793450628
2026-03-22 21:42:35,944 - AEMSOlogs - INFO - RCWA eval:[289 333 329 226 155 221] | diff. eff.:0.6424600045766187
2026-03-22 21:42:36,040 - AEMSOlogs - INFO - RCWA eval:[323 287 326 184 145 193] | diff. eff.:0.3306238026355636
2026-03-22 21:42:59,400 - AEMSOlogs - INFO - RCWA eval:[313 354 388 194 193 204] | diff. eff.:0.6121081664022127
2026-03-22 21:42:59,450 - AEMSOlogs - INFO - RCWA eval:[312 304 340 106 176 262] | diff. eff.:0.7196898779640081
2026-03-22 21:43:22,848 - AEMSOlogs - INFO - RCWA eval:[308 283 352 218 121 249] | diff. eff.:0.5824895882546482
2026-03-22 21:43:22,875 - AEMSOlogs - INFO - RCWA eval:[322 281 390 128 144 193] | diff. eff.:0.42003892706161927
2026-03-22 21:43:46,278 - AEMSOlogs - INFO - RCWA eval:[346 348 393 208 238 228] | diff. eff.:0.5974425595550747
2026-03-22 21:43:46,370 - AEMSOlogs - INFO - RCWA eval:[313 284 387 131 151 282] | diff. eff.:0.546821545246518
2026-03-22 21:43:46,387 - AEMSOlogs - INFO - Iteration 13: Best Y = -0.8172663407703042 at x = [0.64010716 0.69920704 0.8048511  0.40525159 0.34343767 0.56619811]
2026-03-22 21:43:46,391 - AEMSOlogs - INFO - Working on simulations...
2026-03-22 21:44:09,919 - AEMSOlogs - INFO - RCWA eval:[291 314 362 206 155 237] | diff. eff.:0.7375395577153102
2026-03-22 21:44:09,980 - AEMSOlogs - INFO - RCWA eval:[307 329 357 170 153 245] | diff. eff.:0.8678223085612797
2026-03-22 21:44:33,800 - AEMSOlogs - INFO - RCWA eval:[319 306 346 175 180 205] | diff. eff.:0.6270936085365074
2026-03-22 21:44:33,905 - AEMSOlogs - INFO - RCWA eval:[302 330 384 216 172 234] | diff. eff.:0.6813279163150131
2026-03-22 21:44:57,600 - AEMSOlogs - INFO - RCWA eval:[293 322 353 194 165 205] | diff. eff.:0.7614677636186298
2026-03-22 21:44:57,871 - AEMSOlogs - INFO - RCWA eval:[332 327 377 188 168 234] | diff. eff.:0.29543468078017043
2026-03-22 21:45:21,369 - AEMSOlogs - INFO - RCWA eval:[306 324 344 208 152 225] | diff. eff.:0.7488624108879086
2026-03-22 21:45:21,803 - AEMSOlogs - INFO - RCWA eval:[303 352 377 216 184 182] | diff. eff.:0.6293681930900257
2026-03-22 21:45:45,188 - AEMSOlogs - INFO - RCWA eval:[336 356 352 247 168 236] | diff. eff.:0.26699457960969536
2026-03-22 21:45:45,554 - AEMSOlogs - INFO - RCWA eval:[309 330 350 133 163 278] | diff. eff.:0.8893422275647728
2026-03-22 21:46:08,824 - AEMSOlogs - INFO - RCWA eval:[318 316 379 119 167 258] | diff. eff.:0.7596359490915977
2026-03-22 21:46:09,213 - AEMSOlogs - INFO - RCWA eval:[269 291 336 167 154 250] | diff. eff.:0.5311497240945788
2026-03-22 21:46:32,391 - AEMSOlogs - INFO - RCWA eval:[290 344 350 166 188 260] | diff. eff.:0.8533407716870959
2026-03-22 21:46:32,769 - AEMSOlogs - INFO - RCWA eval:[324 321 381 185 192 251] | diff. eff.:0.3311458472560537
2026-03-22 21:46:32,785 - AEMSOlogs - INFO - Iteration 14: Best Y = -0.8893422275647728 at x = [0.67260626 0.72067215 0.76802913 0.26286576 0.33316919 0.60068362]
2026-03-22 21:46:32,789 - AEMSOlogs - INFO - Working on simulations...
2026-03-22 21:46:56,471 - AEMSOlogs - INFO - RCWA eval:[319 339 365 172 138 280] | diff. eff.:0.9026861462343256
2026-03-22 21:46:56,590 - AEMSOlogs - INFO - RCWA eval:[318 337 353 165 148 253] | diff. eff.:0.822025325981344
2026-03-22 21:47:20,346 - AEMSOlogs - INFO - RCWA eval:[294 353 350 179 180 239] | diff. eff.:0.6500332145807522
2026-03-22 21:47:20,351 - AEMSOlogs - INFO - RCWA eval:[309 334 385 147 187 266] | diff. eff.:0.7884131610471594
2026-03-22 21:47:44,147 - AEMSOlogs - INFO - RCWA eval:[299 288 334 160 188 260] | diff. eff.:0.520454733146516
2026-03-22 21:47:44,164 - AEMSOlogs - INFO - RCWA eval:[352 362 379 144 220 202] | diff. eff.:0.19910734792891743
2026-03-22 21:48:07,887 - AEMSOlogs - INFO - RCWA eval:[288 351 377 173 163 232] | diff. eff.:0.6657305460255487
2026-03-22 21:48:07,891 - AEMSOlogs - INFO - RCWA eval:[285 325 338 197 194 288] | diff. eff.:0.6532739240050068
2026-03-22 21:48:31,569 - AEMSOlogs - INFO - RCWA eval:[295 313 339 117 157 291] | diff. eff.:0.6796065623149841
2026-03-22 21:48:31,624 - AEMSOlogs - INFO - RCWA eval:[310 333 331 158 145 311] | diff. eff.:0.4765810725135315
2026-03-22 21:48:55,275 - AEMSOlogs - INFO - RCWA eval:[290 273 347 139 135 284] | diff. eff.:0.37330211470635605
2026-03-22 21:48:55,402 - AEMSOlogs - INFO - RCWA eval:[297 323 387 159 150 216] | diff. eff.:0.634166799604978
2026-03-22 21:49:18,881 - AEMSOlogs - INFO - RCWA eval:[299 325 330 178 162 239] | diff. eff.:0.739099331448592
2026-03-22 21:49:19,125 - AEMSOlogs - INFO - RCWA eval:[309 323 349 188 173 260] | diff. eff.:0.842461363886465
2026-03-22 21:49:19,223 - AEMSOlogs - INFO - Iteration 15: Best Y = -0.9026861462343256 at x = [0.69555658 0.74114115 0.80273996 0.35453011 0.27511711 0.60464428]
2026-03-22 21:49:19,227 - AEMSOlogs - INFO - Working on simulations...
2026-03-22 21:49:42,912 - AEMSOlogs - INFO - RCWA eval:[278 318 348 196 136 289] | diff. eff.:0.6842774959626863
2026-03-22 21:49:43,015 - AEMSOlogs - INFO - RCWA eval:[317 341 405 132 170 279] | diff. eff.:0.6792054734958196
2026-03-22 21:50:06,561 - AEMSOlogs - INFO - RCWA eval:[293 345 352 153 174 255] | diff. eff.:0.8604655298622768
2026-03-22 21:50:06,711 - AEMSOlogs - INFO - RCWA eval:[299 351 375 140 169 261] | diff. eff.:0.8430684901030617
2026-03-22 21:50:30,177 - AEMSOlogs - INFO - RCWA eval:[312 332 321 179 130 264] | diff. eff.:0.6410347357954937
2026-03-22 21:50:30,410 - AEMSOlogs - INFO - RCWA eval:[297 318 358 192 121 250] | diff. eff.:0.8346957802747023
2026-03-22 21:50:53,749 - AEMSOlogs - INFO - RCWA eval:[306 314 359 167 160 260] | diff. eff.:0.8578876186939096
2026-03-22 21:50:54,088 - AEMSOlogs - INFO - RCWA eval:[340 351 391 153 155 301] | diff. eff.:0.801962212507091
2026-03-22 21:51:17,332 - AEMSOlogs - INFO - RCWA eval:[310 333 372 151 200 251] | diff. eff.:0.8631182001704573
2026-03-22 21:51:17,852 - AEMSOlogs - INFO - RCWA eval:[348 358 363 136 150 237] | diff. eff.:0.36384848378607815
2026-03-22 21:51:40,885 - AEMSOlogs - INFO - RCWA eval:[293 315 316 152 166 310] | diff. eff.:0.2741330020271625
2026-03-22 21:51:41,524 - AEMSOlogs - INFO - RCWA eval:[295 332 372 199 138 255] | diff. eff.:0.812841179645658
2026-03-22 21:52:04,432 - AEMSOlogs - INFO - RCWA eval:[329 344 391 184 140 264] | diff. eff.:0.6907521219365957
2026-03-22 21:52:05,125 - AEMSOlogs - INFO - RCWA eval:[322 356 341 185 142 292] | diff. eff.:0.5899067736427119
2026-03-22 21:52:05,140 - AEMSOlogs - INFO - Iteration 16: Best Y = -0.9026861462343256 at x = [0.69555658 0.74114115 0.80273996 0.35453011 0.27511711 0.60464428]
2026-03-22 21:52:05,144 - AEMSOlogs - INFO - Working on simulations...
2026-03-22 21:52:28,801 - AEMSOlogs - INFO - RCWA eval:[309 316 366 117 203 265] | diff. eff.:0.8829445091685385
2026-03-22 21:52:28,882 - AEMSOlogs - INFO - RCWA eval:[299 306 366 184 185 266] | diff. eff.:0.769209181256077
2026-03-22 21:52:52,554 - AEMSOlogs - INFO - RCWA eval:[297 374 369 138 102 296] | diff. eff.:0.5479463428472882
2026-03-22 21:52:52,558 - AEMSOlogs - INFO - RCWA eval:[292 314 357 212 187 239] | diff. eff.:0.7564975001470756
2026-03-22 21:53:16,248 - AEMSOlogs - INFO - RCWA eval:[298 336 355 184 207 274] | diff. eff.:0.9036586968396564
2026-03-22 21:53:16,322 - AEMSOlogs - INFO - RCWA eval:[304 326 387 155 217 256] | diff. eff.:0.7144494842758505
2026-03-22 21:53:39,943 - AEMSOlogs - INFO - RCWA eval:[265 330 344 200 168 266] | diff. eff.:0.7053464766548111
2026-03-22 21:53:40,004 - AEMSOlogs - INFO - RCWA eval:[285 354 338 135 199 244] | diff. eff.:0.5927106713109092
2026-03-22 21:54:03,680 - AEMSOlogs - INFO - RCWA eval:[287 323 383 201 187 231] | diff. eff.:0.5955133974864723
2026-03-22 21:54:03,737 - AEMSOlogs - INFO - RCWA eval:[313 355 370 148 189 284] | diff. eff.:0.8519220577495334
2026-03-22 21:54:27,305 - AEMSOlogs - INFO - RCWA eval:[309 341 381 106 170 246] | diff. eff.:0.8404861930967158
2026-03-22 21:54:27,346 - AEMSOlogs - INFO - RCWA eval:[283 355 382 127 149 256] | diff. eff.:0.6793570207717161
2026-03-22 21:54:50,728 - AEMSOlogs - INFO - RCWA eval:[287 343 356 121 173 246] | diff. eff.:0.8579330295590996
2026-03-22 21:54:50,741 - AEMSOlogs - INFO - RCWA eval:[287 363 355 131 152 291] | diff. eff.:0.5521520200404355
2026-03-22 21:54:50,754 - AEMSOlogs - INFO - Iteration 17: Best Y = -0.9036586968396564 at x = [0.64677926 0.7359267  0.77976305 0.38231117 0.43426783 0.59152735]
2026-03-22 21:54:50,758 - AEMSOlogs - INFO - Working on simulations...
2026-03-22 21:55:14,033 - AEMSOlogs - INFO - RCWA eval:[286 345 323 195 179 267] | diff. eff.:0.6810332476306139
2026-03-22 21:55:14,123 - AEMSOlogs - INFO - RCWA eval:[309 323 382 109 199 283] | diff. eff.:0.8048255046836088
2026-03-22 21:55:37,350 - AEMSOlogs - INFO - RCWA eval:[304 333 367 166 179 198] | diff. eff.:0.7605214573495608
2026-03-22 21:55:37,493 - AEMSOlogs - INFO - RCWA eval:[272 357 349 217 213 209] | diff. eff.:0.35783556440294806
2026-03-22 21:56:00,579 - AEMSOlogs - INFO - RCWA eval:[291 325 357 109 220 268] | diff. eff.:0.8614712438536567
2026-03-22 21:56:00,929 - AEMSOlogs - INFO - RCWA eval:[290 345 358 186 178 186] | diff. eff.:0.6934097279801948
2026-03-22 21:56:23,887 - AEMSOlogs - INFO - RCWA eval:[300 349 362 158 180 227] | diff. eff.:0.7586643576871498
2026-03-22 21:56:24,225 - AEMSOlogs - INFO - RCWA eval:[304 333 365 219 196 244] | diff. eff.:0.8191766165554805
2026-03-22 21:56:47,078 - AEMSOlogs - INFO - RCWA eval:[318 356 384 144 178 283] | diff. eff.:0.6660455130645182
2026-03-22 21:56:47,619 - AEMSOlogs - INFO - RCWA eval:[316 347 384 133 152 264] | diff. eff.:0.8330128410204802
2026-03-22 21:57:10,289 - AEMSOlogs - INFO - RCWA eval:[274 310 356 152 137 301] | diff. eff.:0.5616306322016672
2026-03-22 21:57:10,894 - AEMSOlogs - INFO - RCWA eval:[294 329 351 154 178 267] | diff. eff.:0.8919390559785186
2026-03-22 21:57:33,479 - AEMSOlogs - INFO - RCWA eval:[298 313 345 195 179 238] | diff. eff.:0.7684978421149122
2026-03-22 21:57:34,232 - AEMSOlogs - INFO - RCWA eval:[298 362 364 141 140 240] | diff. eff.:0.5248024302689736
2026-03-22 21:57:34,248 - AEMSOlogs - INFO - Iteration 18: Best Y = -0.9036586968396564 at x = [0.64677926 0.7359267  0.77976305 0.38231117 0.43426783 0.59152735]
2026-03-22 21:57:34,252 - AEMSOlogs - INFO - Working on simulations...
2026-03-22 21:57:57,485 - AEMSOlogs - INFO - RCWA eval:[303 339 367 197 209 243] | diff. eff.:0.8527792891891
2026-03-22 21:57:57,614 - AEMSOlogs - INFO - RCWA eval:[307 338 354 145 190 242] | diff. eff.:0.8676143919138279
2026-03-22 21:58:20,751 - AEMSOlogs - INFO - RCWA eval:[304 337 355 110 165 260] | diff. eff.:0.9175539901625646
2026-03-22 21:58:21,020 - AEMSOlogs - INFO - RCWA eval:[289 317 366 128 171 290] | diff. eff.:0.7568754904012096
2026-03-22 21:58:43,955 - AEMSOlogs - INFO - RCWA eval:[317 335 357  98 199 299] | diff. eff.:0.8218902285817676
2026-03-22 21:58:44,337 - AEMSOlogs - INFO - RCWA eval:[317 337 378 155 187 270] | diff. eff.:0.752551951559412
2026-03-22 21:59:07,143 - AEMSOlogs - INFO - RCWA eval:[295 332 355  95 210 260] | diff. eff.:0.8992951442993965
2026-03-22 21:59:07,664 - AEMSOlogs - INFO - RCWA eval:[317 334 338 159 189 274] | diff. eff.:0.7576964415834687
2026-03-22 21:59:30,333 - AEMSOlogs - INFO - RCWA eval:[309 320 353 153 189 262] | diff. eff.:0.8754639390122352
2026-03-22 21:59:30,862 - AEMSOlogs - INFO - RCWA eval:[300 336 341 130 197 308] | diff. eff.:0.5534773414021665
2026-03-22 21:59:53,559 - AEMSOlogs - INFO - RCWA eval:[299 331 351 128 181 264] | diff. eff.:0.9089163725577591
2026-03-22 21:59:54,240 - AEMSOlogs - INFO - RCWA eval:[280 313 340 176 180 281] | diff. eff.:0.6643294963010494
2026-03-22 22:00:16,754 - AEMSOlogs - INFO - RCWA eval:[292 343 350 187 205 259] | diff. eff.:0.843553405317888
2026-03-22 22:00:17,541 - AEMSOlogs - INFO - RCWA eval:[299 310 348 161 173 243] | diff. eff.:0.8118233887613261
2026-03-22 22:00:17,559 - AEMSOlogs - INFO - Iteration 19: Best Y = -0.9175539901625646 at x = [0.6604333  0.73663419 0.77965742 0.20918358 0.3379578  0.55925869]
2026-03-22 22:00:17,563 - AEMSOlogs - INFO - Working on simulations...
2026-03-22 22:00:40,850 - AEMSOlogs - INFO - RCWA eval:[295 336 380  70 228 247] | diff. eff.:0.7989921604249696
2026-03-22 22:00:40,942 - AEMSOlogs - INFO - RCWA eval:[311 359 348 113 180 243] | diff. eff.:0.4739952732617406
2026-03-22 22:01:04,125 - AEMSOlogs - INFO - RCWA eval:[300 313 345 108 168 284] | diff. eff.:0.7847383738271572
2026-03-22 22:01:04,352 - AEMSOlogs - INFO - RCWA eval:[292 340 372  77 187 282] | diff. eff.:0.901602883382472
2026-03-22 22:01:27,374 - AEMSOlogs - INFO - RCWA eval:[308 321 364 109 186 276] | diff. eff.:0.9104742052521725
2026-03-22 22:01:27,691 - AEMSOlogs - INFO - RCWA eval:[293 327 365 106 185 246] | diff. eff.:0.843624185564252
2026-03-22 22:01:50,685 - AEMSOlogs - INFO - RCWA eval:[301 341 350 146 181 244] | diff. eff.:0.8600915267566683
2026-03-22 22:01:51,009 - AEMSOlogs - INFO - RCWA eval:[298 321 345 132 169 271] | diff. eff.:0.8580377602661154
2026-03-22 22:02:13,843 - AEMSOlogs - INFO - RCWA eval:[296 309 359  76 183 244] | diff. eff.:0.8462589870817127
2026-03-22 22:02:14,357 - AEMSOlogs - INFO - RCWA eval:[302 329 357 112 148 255] | diff. eff.:0.9135068554524605
2026-03-22 22:02:37,024 - AEMSOlogs - INFO - RCWA eval:[303 309 358 173 198 264] | diff. eff.:0.8327740866905166
2026-03-22 22:02:37,606 - AEMSOlogs - INFO - RCWA eval:[321 351 372  70 209 266] | diff. eff.:0.8622817118211853
2026-03-22 22:03:00,149 - AEMSOlogs - INFO - RCWA eval:[317 330 347 111 186 252] | diff. eff.:0.8143923578913279
2026-03-22 22:03:00,832 - AEMSOlogs - INFO - RCWA eval:[303 320 364 111 185 285] | diff. eff.:0.8763770771680236
2026-03-22 22:03:00,850 - AEMSOlogs - INFO - Iteration 20: Best Y = -0.9175539901625646 at x = [0.6604333  0.73663419 0.77965742 0.20918358 0.3379578  0.55925869]
2026-03-22 22:03:00,854 - AEMSOlogs - INFO - Working on simulations...
2026-03-22 22:03:24,157 - AEMSOlogs - INFO - RCWA eval:[319 347 381 112 177 283] | diff. eff.:0.8753729707401866
2026-03-22 22:03:24,251 - AEMSOlogs - INFO - RCWA eval:[304 317 348 145 174 246] | diff. eff.:0.8447314347286565
2026-03-22 22:03:47,416 - AEMSOlogs - INFO - RCWA eval:[316 335 395  51 193 299] | diff. eff.:0.7840591293910761
2026-03-22 22:03:47,588 - AEMSOlogs - INFO - RCWA eval:[305 319 353  95 174 281] | diff. eff.:0.8780027424971829
2026-03-22 22:04:10,650 - AEMSOlogs - INFO - RCWA eval:[301 315 347 155 147 274] | diff. eff.:0.8401591893664428
2026-03-22 22:04:10,936 - AEMSOlogs - INFO - RCWA eval:[312 337 369 113 169 266] | diff. eff.:0.925967963632369
2026-03-22 22:04:33,854 - AEMSOlogs - INFO - RCWA eval:[290 309 372 155 179 265] | diff. eff.:0.7085340319564826
2026-03-22 22:04:34,241 - AEMSOlogs - INFO - RCWA eval:[304 347 362 136 193 276] | diff. eff.:0.9168140076966156
2026-03-22 22:04:57,076 - AEMSOlogs - INFO - RCWA eval:[292 325 354 165 232 258] | diff. eff.:0.8264171586793391
2026-03-22 22:04:57,584 - AEMSOlogs - INFO - RCWA eval:[303 342 362 130 157 241] | diff. eff.:0.8648508167398286
2026-03-22 22:05:20,254 - AEMSOlogs - INFO - RCWA eval:[294 328 357  80 163 264] | diff. eff.:0.9094616646130154
2026-03-22 22:05:20,876 - AEMSOlogs - INFO - RCWA eval:[297 341 350 104 182 278] | diff. eff.:0.8840418419738809
2026-03-22 22:05:43,429 - AEMSOlogs - INFO - RCWA eval:[294 312 355 103 170 301] | diff. eff.:0.683450621391671
2026-03-22 22:05:44,111 - AEMSOlogs - INFO - RCWA eval:[300 338 373  96 180 269] | diff. eff.:0.9174465112491569
2026-03-22 22:05:44,217 - AEMSOlogs - INFO - Iteration 21: Best Y = -0.925967963632369 at x = [0.67912252 0.73772479 0.81131727 0.21599988 0.34704242 0.57230808]
2026-03-22 22:05:44,222 - AEMSOlogs - INFO - Working on simulations...
2026-03-22 22:06:07,509 - AEMSOlogs - INFO - RCWA eval:[301 339 361  92 182 287] | diff. eff.:0.923095112659029
2026-03-22 22:06:07,612 - AEMSOlogs - INFO - RCWA eval:[304 332 382 102 155 266] | diff. eff.:0.8523841599551335
2026-03-22 22:06:30,789 - AEMSOlogs - INFO - RCWA eval:[305 335 355 120 142 271] | diff. eff.:0.9296571539936868
2026-03-22 22:06:31,007 - AEMSOlogs - INFO - RCWA eval:[300 343 363 146 179 242] | diff. eff.:0.8657024674051652
2026-03-22 22:06:54,105 - AEMSOlogs - INFO - RCWA eval:[297 314 347 131 171 256] | diff. eff.:0.8505166700814248
2026-03-22 22:06:54,374 - AEMSOlogs - INFO - RCWA eval:[309 323 375 118 123 273] | diff. eff.:0.8535492596908008
2026-03-22 22:07:17,361 - AEMSOlogs - INFO - RCWA eval:[320 337 360 104 181 288] | diff. eff.:0.8906901214433288
2026-03-22 22:07:17,685 - AEMSOlogs - INFO - RCWA eval:[304 331 366 118 137 265] | diff. eff.:0.9182432177127555
2026-03-22 22:07:40,625 - AEMSOlogs - INFO - RCWA eval:[298 329 359 147 175 256] | diff. eff.:0.901366898050079
2026-03-22 22:07:40,995 - AEMSOlogs - INFO - RCWA eval:[302 331 364  92 133 274] | diff. eff.:0.9311616125025959
2026-03-22 22:08:03,837 - AEMSOlogs - INFO - RCWA eval:[318 338 377 112 238 280] | diff. eff.:0.9109982028811913
2026-03-22 22:08:04,297 - AEMSOlogs - INFO - RCWA eval:[318 337 356 110 183 264] | diff. eff.:0.8778456296760305
2026-03-22 22:08:27,019 - AEMSOlogs - INFO - RCWA eval:[297 328 370  90 169 282] | diff. eff.:0.8724122743669578
2026-03-22 22:08:27,580 - AEMSOlogs - INFO - RCWA eval:[302 372 385 100 170 270] | diff. eff.:0.5053147937433434
2026-03-22 22:08:27,596 - AEMSOlogs - INFO - Iteration 22: Best Y = -0.9311616125025959 at x = [0.65648654 0.72212671 0.8007051  0.16854681 0.26281443 0.59016263]
2026-03-22 22:08:27,600 - AEMSOlogs - INFO - Working on simulations...
2026-03-22 22:08:50,939 - AEMSOlogs - INFO - RCWA eval:[295 327 352 142 166 275] | diff. eff.:0.8945452792960861
2026-03-22 22:08:51,007 - AEMSOlogs - INFO - RCWA eval:[308 334 357  56 172 264] | diff. eff.:0.9257896724906898
2026-03-22 22:09:14,321 - AEMSOlogs - INFO - RCWA eval:[317 343 367 115 153 277] | diff. eff.:0.9176826354725379
2026-03-22 22:09:14,388 - AEMSOlogs - INFO - RCWA eval:[294 335 355  84 160 265] | diff. eff.:0.9183860183517741
2026-03-22 22:09:37,749 - AEMSOlogs - INFO - RCWA eval:[296 326 365  72 161 267] | diff. eff.:0.8925538362174779
2026-03-22 22:09:37,759 - AEMSOlogs - INFO - RCWA eval:[303 347 362 116 175 265] | diff. eff.:0.8992525000183014
2026-03-22 22:10:01,119 - AEMSOlogs - INFO - RCWA eval:[299 334 353 163 115 260] | diff. eff.:0.9118087146178443
2026-03-22 22:10:01,197 - AEMSOlogs - INFO - RCWA eval:[303 356 361 115 177 260] | diff. eff.:0.7113662437142692
2026-03-22 22:10:24,527 - AEMSOlogs - INFO - RCWA eval:[305 347 371  89 187 292] | diff. eff.:0.9147923134922105
2026-03-22 22:10:24,551 - AEMSOlogs - INFO - RCWA eval:[318 340 367  83 136 284] | diff. eff.:0.9129311750373649
2026-03-22 22:10:47,877 - AEMSOlogs - INFO - RCWA eval:[300 328 348 135 160 252] | diff. eff.:0.8860574117626631
2026-03-22 22:10:47,889 - AEMSOlogs - INFO - RCWA eval:[299 333 355 135 181 279] | diff. eff.:0.9170080647254085
2026-03-22 22:11:11,180 - AEMSOlogs - INFO - RCWA eval:[303 333 344 146 137 279] | diff. eff.:0.8675196984788867
2026-03-22 22:11:11,297 - AEMSOlogs - INFO - RCWA eval:[296 339 346 108 161 238] | diff. eff.:0.8500428535620048
2026-03-22 22:11:11,314 - AEMSOlogs - INFO - Iteration 23: Best Y = -0.9311616125025959 at x = [0.65648654 0.72212671 0.8007051  0.16854681 0.26281443 0.59016263]
2026-03-22 22:11:11,318 - AEMSOlogs - INFO - Working on simulations...
2026-03-22 22:11:34,657 - AEMSOlogs - INFO - RCWA eval:[302 342 365  65 145 270] | diff. eff.:0.9380922251867457
2026-03-22 22:11:34,690 - AEMSOlogs - INFO - RCWA eval:[325 330 353  81 150 283] | diff. eff.:0.8202865651144378
2026-03-22 22:11:58,004 - AEMSOlogs - INFO - RCWA eval:[315 334 375  39 159 271] | diff. eff.:0.914225605131055
2026-03-22 22:11:58,005 - AEMSOlogs - INFO - RCWA eval:[305 349 363  97 207 322] | diff. eff.:0.6498365298405342
2026-03-22 22:12:21,347 - AEMSOlogs - INFO - RCWA eval:[308 344 352  69 193 278] | diff. eff.:0.8597004743336094
2026-03-22 22:12:21,420 - AEMSOlogs - INFO - RCWA eval:[306 354 362 118 184 269] | diff. eff.:0.7908857091936229
2026-03-22 22:12:44,696 - AEMSOlogs - INFO - RCWA eval:[303 329 361 100 155 271] | diff. eff.:0.9338120025506474
2026-03-22 22:12:44,749 - AEMSOlogs - INFO - RCWA eval:[300 324 360  92 120 254] | diff. eff.:0.9024965740034983
2026-03-22 22:13:08,060 - AEMSOlogs - INFO - RCWA eval:[297 334 343  72 173 261] | diff. eff.:0.8639521331195282
2026-03-22 22:13:08,089 - AEMSOlogs - INFO - RCWA eval:[297 339 360 169 153 246] | diff. eff.:0.8757210131461762
2026-03-22 22:13:31,402 - AEMSOlogs - INFO - RCWA eval:[302 337 352  90 150 271] | diff. eff.:0.9172779807158092
2026-03-22 22:13:31,532 - AEMSOlogs - INFO - RCWA eval:[304 327 361 164 186 256] | diff. eff.:0.8950361351075504
2026-03-22 22:13:54,760 - AEMSOlogs - INFO - RCWA eval:[328 336 377  81 186 270] | diff. eff.:0.8580324703212872
2026-03-22 22:13:54,935 - AEMSOlogs - INFO - RCWA eval:[300 343 352  94 174 269] | diff. eff.:0.8962770569858755
2026-03-22 22:13:54,952 - AEMSOlogs - INFO - Iteration 24: Best Y = -0.9380922251867457 at x = [0.6556598  0.74950248 0.801503   0.10580359 0.29049988 0.58043774]
2026-03-22 22:13:54,956 - AEMSOlogs - INFO - Working on simulations...
2026-03-22 22:14:18,359 - AEMSOlogs - INFO - RCWA eval:[300 329 371 106 150 282] | diff. eff.:0.8839863373430232
2026-03-22 22:14:18,363 - AEMSOlogs - INFO - RCWA eval:[301 346 343  58 146 264] | diff. eff.:0.8026032941194375
2026-03-22 22:14:41,764 - AEMSOlogs - INFO - RCWA eval:[307 333 364  30 143 292] | diff. eff.:0.8930044975374609
2026-03-22 22:14:41,766 - AEMSOlogs - INFO - RCWA eval:[295 340 362 107 138 268] | diff. eff.:0.9300742700987722
2026-03-22 22:15:05,117 - AEMSOlogs - INFO - RCWA eval:[296 339 360  97 141 262] | diff. eff.:0.923805121883798
2026-03-22 22:15:05,139 - AEMSOlogs - INFO - RCWA eval:[302 333 371  64 154 270] | diff. eff.:0.916357408568052
2026-03-22 22:15:28,499 - AEMSOlogs - INFO - RCWA eval:[299 343 352  82 175 276] | diff. eff.:0.8907401490316068
2026-03-22 22:15:28,506 - AEMSOlogs - INFO - RCWA eval:[302 332 375  50 158 284] | diff. eff.:0.8874196610033807
2026-03-22 22:15:51,869 - AEMSOlogs - INFO - RCWA eval:[304 334 363  46 180 260] | diff. eff.:0.9311944072026435
2026-03-22 22:15:51,893 - AEMSOlogs - INFO - RCWA eval:[292 337 365 104 119 259] | diff. eff.:0.8950951734863489
2026-03-22 22:16:15,208 - AEMSOlogs - INFO - RCWA eval:[286 325 367  77 114 248] | diff. eff.:0.7981561658010513
2026-03-22 22:16:15,279 - AEMSOlogs - INFO - RCWA eval:[305 357 354  70 170 269] | diff. eff.:0.6486059397025506
2026-03-22 22:16:38,475 - AEMSOlogs - INFO - RCWA eval:[296 348 370 100 183 277] | diff. eff.:0.9207034874301202
2026-03-22 22:16:38,608 - AEMSOlogs - INFO - RCWA eval:[316 332 376  68 121 249] | diff. eff.:0.848643942925883
2026-03-22 22:16:38,623 - AEMSOlogs - INFO - Iteration 25: Best Y = -0.9380922251867457 at x = [0.6556598  0.74950248 0.801503   0.10580359 0.29049988 0.58043774]
2026-03-22 22:16:38,627 - AEMSOlogs - INFO - Working on simulations...
2026-03-22 22:17:01,960 - AEMSOlogs - INFO - RCWA eval:[296 334 361  48 148 251] | diff. eff.:0.898536241828347
2026-03-22 22:17:02,042 - AEMSOlogs - INFO - RCWA eval:[303 330 357  76 151 251] | diff. eff.:0.9096606339646225
2026-03-22 22:17:25,411 - AEMSOlogs - INFO - RCWA eval:[303 335 365 103 153 273] | diff. eff.:0.9413515366505959
2026-03-22 22:17:25,452 - AEMSOlogs - INFO - RCWA eval:[300 334 362  70 157 258] | diff. eff.:0.9210085507625332
2026-03-22 22:17:48,865 - AEMSOlogs - INFO - RCWA eval:[300 342 368 109 198 264] | diff. eff.:0.9290917491215676
2026-03-22 22:17:48,908 - AEMSOlogs - INFO - RCWA eval:[302 351 366  57 166 277] | diff. eff.:0.8837717027927666
2026-03-22 22:18:12,632 - AEMSOlogs - INFO - RCWA eval:[292 339 367 112 181 246] | diff. eff.:0.8596861918233945
2026-03-22 22:18:12,741 - AEMSOlogs - INFO - RCWA eval:[293 341 367  64 197 277] | diff. eff.:0.923653918850324
2026-03-22 22:18:36,413 - AEMSOlogs - INFO - RCWA eval:[300 350 359  89 175 265] | diff. eff.:0.8502110758054421
2026-03-22 22:18:36,541 - AEMSOlogs - INFO - RCWA eval:[298 340 355 105 191 243] | diff. eff.:0.8811126584280939
2026-03-22 22:19:00,257 - AEMSOlogs - INFO - RCWA eval:[291 335 364  45 160 277] | diff. eff.:0.8927424672443208
2026-03-22 22:19:00,397 - AEMSOlogs - INFO - RCWA eval:[303 348 364  70 185 273] | diff. eff.:0.9137283411129186
2026-03-22 22:19:24,107 - AEMSOlogs - INFO - RCWA eval:[294 340 351 110 113 247] | diff. eff.:0.880915472081397
2026-03-22 22:19:24,268 - AEMSOlogs - INFO - RCWA eval:[308 341 360  54 131 273] | diff. eff.:0.9265331308034035
2026-03-22 22:19:24,282 - AEMSOlogs - INFO - Iteration 26: Best Y = -0.9413515366505959 at x = [0.65906745 0.73180502 0.8013213  0.19237758 0.30909198 0.58795662]
2026-03-22 22:19:24,287 - AEMSOlogs - INFO - Working on simulations...
2026-03-22 22:19:48,046 - AEMSOlogs - INFO - RCWA eval:[313 336 359  76 128 262] | diff. eff.:0.9039693832547396
2026-03-22 22:19:48,123 - AEMSOlogs - INFO - RCWA eval:[312 343 360 110 174 278] | diff. eff.:0.9175708995155085
2026-03-22 22:20:11,478 - AEMSOlogs - INFO - RCWA eval:[295 339 356  94 168 271] | diff. eff.:0.9254891988877263
2026-03-22 22:20:11,702 - AEMSOlogs - INFO - RCWA eval:[301 350 360  92 146 286] | diff. eff.:0.8555198722688212
2026-03-22 22:20:35,109 - AEMSOlogs - INFO - RCWA eval:[304 342 366 133 149 265] | diff. eff.:0.9272985999083468
2026-03-22 22:20:35,392 - AEMSOlogs - INFO - RCWA eval:[300 346 359  85 132 266] | diff. eff.:0.8985101872270819
2026-03-22 22:20:58,769 - AEMSOlogs - INFO - RCWA eval:[299 339 352  70 182 267] | diff. eff.:0.9079664524316227
2026-03-22 22:20:59,119 - AEMSOlogs - INFO - RCWA eval:[311 340 369 103 169 278] | diff. eff.:0.9458994109981919
2026-03-22 22:21:21,979 - AEMSOlogs - INFO - RCWA eval:[304 338 367  41 161 277] | diff. eff.:0.9470422500617174
2026-03-22 22:21:22,382 - AEMSOlogs - INFO - RCWA eval:[288 341 354  82 159 267] | diff. eff.:0.8957942770542706
2026-03-22 22:21:45,127 - AEMSOlogs - INFO - RCWA eval:[312 326 370  81 180 262] | diff. eff.:0.9020245979118195
2026-03-22 22:21:45,664 - AEMSOlogs - INFO - RCWA eval:[307 340 355  80 159 267] | diff. eff.:0.9101325786200393
2026-03-22 22:22:08,319 - AEMSOlogs - INFO - RCWA eval:[294 342 362  53 134 274] | diff. eff.:0.9264044222553356
2026-03-22 22:22:08,855 - AEMSOlogs - INFO - RCWA eval:[309 342 365  68 121 249] | diff. eff.:0.870731092413409
2026-03-22 22:22:08,871 - AEMSOlogs - INFO - Iteration 27: Best Y = -0.9470422500617174 at x = [0.65940234 0.74027267 0.80595732 0.04924729 0.3272801  0.59847418]
2026-03-22 22:22:08,875 - AEMSOlogs - INFO - Working on simulations...
2026-03-22 22:22:32,152 - AEMSOlogs - INFO - RCWA eval:[305 339 370  84 197 278] | diff. eff.:0.9508049774034136
2026-03-22 22:22:32,255 - AEMSOlogs - INFO - RCWA eval:[302 339 369  47 169 273] | diff. eff.:0.9423765549502899
2026-03-22 22:22:55,516 - AEMSOlogs - INFO - RCWA eval:[313 333 364  78 125 274] | diff. eff.:0.928694044365027
2026-03-22 22:22:55,575 - AEMSOlogs - INFO - RCWA eval:[308 349 371  80 167 283] | diff. eff.:0.9148110355448428
2026-03-22 22:23:18,925 - AEMSOlogs - INFO - RCWA eval:[301 339 375  56 146 272] | diff. eff.:0.9190230584103513
2026-03-22 22:23:18,999 - AEMSOlogs - INFO - RCWA eval:[305 340 376  74 138 288] | diff. eff.:0.9068223653872275
2026-03-22 22:23:42,305 - AEMSOlogs - INFO - RCWA eval:[310 337 369 131 153 275] | diff. eff.:0.9370656984728801
2026-03-22 22:23:42,382 - AEMSOlogs - INFO - RCWA eval:[311 341 374  53 151 281] | diff. eff.:0.9328388872214068
2026-03-22 22:24:05,637 - AEMSOlogs - INFO - RCWA eval:[311 348 377  77 158 279] | diff. eff.:0.9123816442467932
2026-03-22 22:24:05,740 - AEMSOlogs - INFO - RCWA eval:[303 338 355  92 154 264] | diff. eff.:0.9222976044404955
2026-03-22 22:24:29,034 - AEMSOlogs - INFO - RCWA eval:[293 341 363  78 151 280] | diff. eff.:0.9230164246631206
2026-03-22 22:24:29,098 - AEMSOlogs - INFO - RCWA eval:[310 335 367  91 149 280] | diff. eff.:0.9383836439822294
2026-03-22 22:24:52,356 - AEMSOlogs - INFO - RCWA eval:[296 339 368  59 172 267] | diff. eff.:0.9204142177383177
2026-03-22 22:24:52,473 - AEMSOlogs - INFO - RCWA eval:[302 338 364 109 142 268] | diff. eff.:0.9384757664948382
2026-03-22 22:24:52,489 - AEMSOlogs - INFO - Iteration 28: Best Y = -0.9508049774034136 at x = [0.66329874 0.74212977 0.81495812 0.14841531 0.41243361 0.60009291]
2026-03-22 22:24:52,493 - AEMSOlogs - INFO - Working on simulations...
2026-03-22 22:25:15,836 - AEMSOlogs - INFO - RCWA eval:[313 337 369  71 184 283] | diff. eff.:0.943393701276267
2026-03-22 22:25:15,860 - AEMSOlogs - INFO - RCWA eval:[304 340 369  38 177 281] | diff. eff.:0.9475371651801843
2026-03-22 22:25:39,235 - AEMSOlogs - INFO - RCWA eval:[300 336 366  74 150 275] | diff. eff.:0.9367445290231671
2026-03-22 22:25:39,243 - AEMSOlogs - INFO - RCWA eval:[294 347 370  40 202 274] | diff. eff.:0.9244051180619274
2026-03-22 22:26:02,595 - AEMSOlogs - INFO - RCWA eval:[310 339 369 102 158 279] | diff. eff.:0.943719889162561
2026-03-22 22:26:02,660 - AEMSOlogs - INFO - RCWA eval:[305 338 357  71 150 274] | diff. eff.:0.9325233075490776
2026-03-22 22:26:26,023 - AEMSOlogs - INFO - RCWA eval:[304 332 368  63 161 265] | diff. eff.:0.923386000224382
2026-03-22 22:26:26,031 - AEMSOlogs - INFO - RCWA eval:[304 333 371  94 141 279] | diff. eff.:0.9177508849506457
2026-03-22 22:26:49,389 - AEMSOlogs - INFO - RCWA eval:[302 344 358 111 178 272] | diff. eff.:0.9210573964993658
2026-03-22 22:26:49,401 - AEMSOlogs - INFO - RCWA eval:[301 345 373  97 176 271] | diff. eff.:0.929921281040812
2026-03-22 22:27:12,773 - AEMSOlogs - INFO - RCWA eval:[306 342 367  72 170 283] | diff. eff.:0.9451539045320219
2026-03-22 22:27:12,778 - AEMSOlogs - INFO - RCWA eval:[309 334 366  47 146 267] | diff. eff.:0.9336113841051534
2026-03-22 22:27:36,082 - AEMSOlogs - INFO - RCWA eval:[308 336 374  86 195 283] | diff. eff.:0.9316362804603028
2026-03-22 22:27:36,147 - AEMSOlogs - INFO - RCWA eval:[301 337 373  88 173 271] | diff. eff.:0.9200381893486675
2026-03-22 22:27:36,164 - AEMSOlogs - INFO - Iteration 29: Best Y = -0.9508049774034136 at x = [0.66329874 0.74212977 0.81495812 0.14841531 0.41243361 0.60009291]
2026-03-22 22:27:36,169 - AEMSOlogs - INFO - Working on simulations...
2026-03-22 22:27:59,468 - AEMSOlogs - INFO - RCWA eval:[307 334 366  25 151 279] | diff. eff.:0.9407100569795983
2026-03-22 22:27:59,524 - AEMSOlogs - INFO - RCWA eval:[306 344 366  68 153 285] | diff. eff.:0.931125317458609
2026-03-22 22:28:22,861 - AEMSOlogs - INFO - RCWA eval:[303 337 371  40 161 281] | diff. eff.:0.9323095734599023
2026-03-22 22:28:22,885 - AEMSOlogs - INFO - RCWA eval:[301 340 367  53 136 270] | diff. eff.:0.9365949006959764
2026-03-22 22:28:46,163 - AEMSOlogs - INFO - RCWA eval:[315 340 366  87 155 272] | diff. eff.:0.9264503778171743
2026-03-22 22:28:46,262 - AEMSOlogs - INFO - RCWA eval:[307 346 376  59 162 281] | diff. eff.:0.9289028893330065
2026-03-22 22:29:09,466 - AEMSOlogs - INFO - RCWA eval:[301 336 365  55 143 268] | diff. eff.:0.9354416263646537
2026-03-22 22:29:09,653 - AEMSOlogs - INFO - RCWA eval:[302 336 367  64 185 282] | diff. eff.:0.9383798166920448
2026-03-22 22:29:32,806 - AEMSOlogs - INFO - RCWA eval:[306 347 368  39 186 296] | diff. eff.:0.8873505797786102
2026-03-22 22:29:32,996 - AEMSOlogs - INFO - RCWA eval:[307 337 380  31 181 290] | diff. eff.:0.8931578506200858
2026-03-22 22:29:56,143 - AEMSOlogs - INFO - RCWA eval:[305 342 367  61 148 286] | diff. eff.:0.9322518307973091
2026-03-22 22:29:56,359 - AEMSOlogs - INFO - RCWA eval:[303 342 372  52 187 286] | diff. eff.:0.9374558300688481
2026-03-22 22:30:19,572 - AEMSOlogs - INFO - RCWA eval:[304 339 378  31 185 290] | diff. eff.:0.9027257440179686
2026-03-22 22:30:19,771 - AEMSOlogs - INFO - RCWA eval:[320 343 377  41 168 302] | diff. eff.:0.8259689579753053
2026-03-22 22:30:19,787 - AEMSOlogs - INFO - Iteration 30: Best Y = -0.9508049774034136 at x = [0.66329874 0.74212977 0.81495812 0.14841531 0.41243361 0.60009291]
2026-03-22 22:30:19,792 - AEMSOlogs - INFO - Working on simulations...
2026-03-22 22:30:43,539 - AEMSOlogs - INFO - RCWA eval:[299 339 365  30 172 282] | diff. eff.:0.9364930271055554
2026-03-22 22:30:43,554 - AEMSOlogs - INFO - RCWA eval:[302 339 363  26 147 277] | diff. eff.:0.9443841816272894
2026-03-22 22:31:07,424 - AEMSOlogs - INFO - RCWA eval:[293 336 363  44 175 271] | diff. eff.:0.9133221295179286
2026-03-22 22:31:07,449 - AEMSOlogs - INFO - RCWA eval:[306 329 362  34 167 270] | diff. eff.:0.93919643909178
2026-03-22 22:31:31,201 - AEMSOlogs - INFO - RCWA eval:[311 334 367  36 132 273] | diff. eff.:0.9337256459916037
2026-03-22 22:31:31,317 - AEMSOlogs - INFO - RCWA eval:[297 346 367  49 178 272] | diff. eff.:0.9296190091529212
2026-03-22 22:31:55,019 - AEMSOlogs - INFO - RCWA eval:[303 344 376  61 166 282] | diff. eff.:0.9318234165180435
2026-03-22 22:31:55,244 - AEMSOlogs - INFO - RCWA eval:[297 341 365  80 170 278] | diff. eff.:0.9395682689748796
2026-03-22 22:32:18,860 - AEMSOlogs - INFO - RCWA eval:[305 340 369  49 160 285] | diff. eff.:0.936949762302337
2026-03-22 22:32:19,096 - AEMSOlogs - INFO - RCWA eval:[297 335 362  41 143 283] | diff. eff.:0.9167160517281591
2026-03-22 22:32:42,447 - AEMSOlogs - INFO - RCWA eval:[303 344 369  29 145 273] | diff. eff.:0.9353020041577257
2026-03-22 22:32:42,672 - AEMSOlogs - INFO - RCWA eval:[305 334 368  56 156 269] | diff. eff.:0.934114381996123
2026-03-22 22:33:05,898 - AEMSOlogs - INFO - RCWA eval:[314 345 374  70 184 287] | diff. eff.:0.9286939072678092
2026-03-22 22:33:06,157 - AEMSOlogs - INFO - RCWA eval:[307 340 369  35 184 287] | diff. eff.:0.9392185912240019
2026-03-22 22:33:06,174 - AEMSOlogs - INFO - Iteration 31: Best Y = -0.9508049774034136 at x = [0.66329874 0.74212977 0.81495812 0.14841531 0.41243361 0.60009291]
2026-03-22 22:33:06,179 - AEMSOlogs - INFO - Working on simulations...
2026-03-22 22:33:29,916 - AEMSOlogs - INFO - RCWA eval:[302 334 367  63 190 283] | diff. eff.:0.9306385504048134
2026-03-22 22:33:29,985 - AEMSOlogs - INFO - RCWA eval:[303 340 368  55 170 280] | diff. eff.:0.9469023265195352
2026-03-22 22:33:53,650 - AEMSOlogs - INFO - RCWA eval:[301 338 367  20 167 275] | diff. eff.:0.9433347832030952
2026-03-22 22:33:53,780 - AEMSOlogs - INFO - RCWA eval:[300 344 367  76 169 272] | diff. eff.:0.9386293133227547
2026-03-22 22:34:17,368 - AEMSOlogs - INFO - RCWA eval:[308 337 361  32 148 277] | diff. eff.:0.9408025731845663
2026-03-22 22:34:17,489 - AEMSOlogs - INFO - RCWA eval:[298 335 365  23 154 284] | diff. eff.:0.9153078414540129
2026-03-22 22:34:41,037 - AEMSOlogs - INFO - RCWA eval:[302 345 367  35 179 283] | diff. eff.:0.938698830951989
2026-03-22 22:34:41,193 - AEMSOlogs - INFO - RCWA eval:[301 339 363  69 159 275] | diff. eff.:0.9460135898422619
2026-03-22 22:35:04,612 - AEMSOlogs - INFO - RCWA eval:[304 337 366  29 160 287] | diff. eff.:0.9270576887352655
2026-03-22 22:35:04,850 - AEMSOlogs - INFO - RCWA eval:[315 333 364 101 159 275] | diff. eff.:0.9304105640858865
2026-03-22 22:35:28,207 - AEMSOlogs - INFO - RCWA eval:[299 339 371  20 161 279] | diff. eff.:0.9288719477390661
2026-03-22 22:35:28,556 - AEMSOlogs - INFO - RCWA eval:[306 345 367  57 154 266] | diff. eff.:0.9184233606672019
2026-03-22 22:35:51,794 - AEMSOlogs - INFO - RCWA eval:[302 338 365  23 187 273] | diff. eff.:0.9489683829365644
2026-03-22 22:35:52,159 - AEMSOlogs - INFO - RCWA eval:[304 342 366  31 169 278] | diff. eff.:0.9482503277308182
2026-03-22 22:35:52,177 - AEMSOlogs - INFO - Iteration 32: Best Y = -0.9508049774034136 at x = [0.66329874 0.74212977 0.81495812 0.14841531 0.41243361 0.60009291]
2026-03-22 22:35:52,181 - AEMSOlogs - INFO - Working on simulations...
2026-03-22 22:36:15,853 - AEMSOlogs - INFO - RCWA eval:[312 344 372  78 189 276] | diff. eff.:0.9429711196507511
2026-03-22 22:36:15,919 - AEMSOlogs - INFO - RCWA eval:[301 335 364  55 164 274] | diff. eff.:0.9419671221544993
2026-03-22 22:36:39,481 - AEMSOlogs - INFO - RCWA eval:[306 335 370  23 190 271] | diff. eff.:0.9412436215947886
2026-03-22 22:36:39,686 - AEMSOlogs - INFO - RCWA eval:[293 338 361  21 179 280] | diff. eff.:0.9123968037490076
2026-03-22 22:37:03,077 - AEMSOlogs - INFO - RCWA eval:[310 341 367  71 197 289] | diff. eff.:0.9364850710662753
2026-03-22 22:37:03,392 - AEMSOlogs - INFO - RCWA eval:[300 342 361  25 197 274] | diff. eff.:0.9396709503762554
2026-03-22 22:37:26,598 - AEMSOlogs - INFO - RCWA eval:[299 345 364  56 162 270] | diff. eff.:0.92886977383139
2026-03-22 22:37:26,995 - AEMSOlogs - INFO - RCWA eval:[304 338 366  46 174 281] | diff. eff.:0.9471500494041076
2026-03-22 22:37:50,146 - AEMSOlogs - INFO - RCWA eval:[305 344 369  21 177 277] | diff. eff.:0.9464716738234807
2026-03-22 22:37:50,696 - AEMSOlogs - INFO - RCWA eval:[301 339 364  62 162 273] | diff. eff.:0.9457290252301878
2026-03-22 22:38:13,723 - AEMSOlogs - INFO - RCWA eval:[311 333 371  23 184 273] | diff. eff.:0.9371673206171527
2026-03-22 22:38:14,270 - AEMSOlogs - INFO - RCWA eval:[300 339 363  45 178 269] | diff. eff.:0.9422644913473206
2026-03-22 22:38:37,268 - AEMSOlogs - INFO - RCWA eval:[301 336 364  23 177 276] | diff. eff.:0.9445816719127343
2026-03-22 22:38:37,835 - AEMSOlogs - INFO - RCWA eval:[308 340 367  32 176 272] | diff. eff.:0.9479815553548011
2026-03-22 22:38:37,853 - AEMSOlogs - INFO - Iteration 33: Best Y = -0.9508049774034136 at x = [0.66329874 0.74212977 0.81495812 0.14841531 0.41243361 0.60009291]
2026-03-22 22:38:37,857 - AEMSOlogs - INFO - Working on simulations...
2026-03-22 22:39:01,520 - AEMSOlogs - INFO - RCWA eval:[311 335 362  24 136 280] | diff. eff.:0.9334057962633651
2026-03-22 22:39:01,560 - AEMSOlogs - INFO - RCWA eval:[308 340 366  33 145 269] | diff. eff.:0.936485831744389
2026-03-22 22:39:25,224 - AEMSOlogs - INFO - RCWA eval:[310 333 360  50 168 265] | diff. eff.:0.931471976688614
2026-03-22 22:39:25,323 - AEMSOlogs - INFO - RCWA eval:[304 336 366  56 149 272] | diff. eff.:0.9423980140318801
2026-03-22 22:39:48,844 - AEMSOlogs - INFO - RCWA eval:[313 338 373  73 192 282] | diff. eff.:0.9423833786952032
2026-03-22 22:39:49,017 - AEMSOlogs - INFO - RCWA eval:[309 340 370  23 203 278] | diff. eff.:0.956415746994236
2026-03-22 22:40:12,497 - AEMSOlogs - INFO - RCWA eval:[308 339 364  33 184 275] | diff. eff.:0.951213842874326
2026-03-22 22:40:12,700 - AEMSOlogs - INFO - RCWA eval:[302 340 370  54 176 286] | diff. eff.:0.9325167841864832
2026-03-22 22:40:36,090 - AEMSOlogs - INFO - RCWA eval:[305 346 371  20 168 274] | diff. eff.:0.932942478148645
2026-03-22 22:40:36,376 - AEMSOlogs - INFO - RCWA eval:[302 337 374  52 155 281] | diff. eff.:0.9194297888661204
2026-03-22 22:40:59,666 - AEMSOlogs - INFO - RCWA eval:[306 342 370  74 174 280] | diff. eff.:0.9486343573908372
2026-03-22 22:41:00,046 - AEMSOlogs - INFO - RCWA eval:[299 337 360  45 184 257] | diff. eff.:0.9207307676585531
2026-03-22 22:41:22,956 - AEMSOlogs - INFO - RCWA eval:[302 337 363  30 159 273] | diff. eff.:0.9458408863318252
2026-03-22 22:41:23,394 - AEMSOlogs - INFO - RCWA eval:[304 333 358  32 180 261] | diff. eff.:0.929829749894056
2026-03-22 22:41:23,412 - AEMSOlogs - INFO - Iteration 34: Best Y = -0.956415746994236 at x = [0.67118028 0.74371507 0.81306969 0.00726427 0.42548246 0.59902071]
2026-03-22 22:41:23,416 - AEMSOlogs - INFO - Working on simulations...
2026-03-22 22:41:46,674 - AEMSOlogs - INFO - RCWA eval:[305 339 363  24 178 281] | diff. eff.:0.9467245676441352
2026-03-22 22:41:46,773 - AEMSOlogs - INFO - RCWA eval:[309 343 373  24 187 276] | diff. eff.:0.946709749444711
2026-03-22 22:42:10,076 - AEMSOlogs - INFO - RCWA eval:[311 337 379  50 228 275] | diff. eff.:0.929220484653532
2026-03-22 22:42:10,099 - AEMSOlogs - INFO - RCWA eval:[307 335 361  20 177 274] | diff. eff.:0.9469148015438972
2026-03-22 22:42:33,398 - AEMSOlogs - INFO - RCWA eval:[308 343 371  25 199 277] | diff. eff.:0.9533586270201846
2026-03-22 22:42:33,446 - AEMSOlogs - INFO - RCWA eval:[302 337 360  21 165 273] | diff. eff.:0.9435021855383731
2026-03-22 22:42:56,795 - AEMSOlogs - INFO - RCWA eval:[306 337 366  44 179 270] | diff. eff.:0.9476036394130904
2026-03-22 22:42:56,844 - AEMSOlogs - INFO - RCWA eval:[311 340 376  20 220 274] | diff. eff.:0.9470112358107935
2026-03-22 22:43:20,158 - AEMSOlogs - INFO - RCWA eval:[307 343 365  22 177 286] | diff. eff.:0.9344271397039008
2026-03-22 22:43:20,229 - AEMSOlogs - INFO - RCWA eval:[309 336 364  29 202 270] | diff. eff.:0.949555567987757
2026-03-22 22:43:43,483 - AEMSOlogs - INFO - RCWA eval:[306 335 359  55 156 277] | diff. eff.:0.9398715667240862
2026-03-22 22:43:43,589 - AEMSOlogs - INFO - RCWA eval:[314 328 362  24 195 280] | diff. eff.:0.9300151007821176
2026-03-22 22:44:06,831 - AEMSOlogs - INFO - RCWA eval:[305 337 372  43 197 271] | diff. eff.:0.9389188069675967
2026-03-22 22:44:06,995 - AEMSOlogs - INFO - RCWA eval:[309 338 366  34 187 279] | diff. eff.:0.9529986102379212
2026-03-22 22:44:07,011 - AEMSOlogs - INFO - Iteration 35: Best Y = -0.956415746994236 at x = [0.67118028 0.74371507 0.81306969 0.00726427 0.42548246 0.59902071]
2026-03-22 22:44:07,015 - AEMSOlogs - INFO - Working on simulations...
2026-03-22 22:44:30,398 - AEMSOlogs - INFO - RCWA eval:[313 338 367  21 169 271] | diff. eff.:0.9384543871384188
2026-03-22 22:44:30,424 - AEMSOlogs - INFO - RCWA eval:[305 342 372  33 184 285] | diff. eff.:0.9416784755597858
2026-03-22 22:44:53,739 - AEMSOlogs - INFO - RCWA eval:[311 336 367  25 181 263] | diff. eff.:0.931704871933065
2026-03-22 22:44:53,794 - AEMSOlogs - INFO - RCWA eval:[311 339 367  33 184 273] | diff. eff.:0.9483976804145805
2026-03-22 22:45:17,165 - AEMSOlogs - INFO - RCWA eval:[306 338 365  55 176 274] | diff. eff.:0.9513688624557013
2026-03-22 22:45:17,170 - AEMSOlogs - INFO - RCWA eval:[315 339 367  22 183 274] | diff. eff.:0.9405451059820132
2026-03-22 22:45:40,448 - AEMSOlogs - INFO - RCWA eval:[310 344 371  25 180 274] | diff. eff.:0.9404089803574036
2026-03-22 22:45:40,540 - AEMSOlogs - INFO - RCWA eval:[312 339 371  49 197 282] | diff. eff.:0.9502234142200717
2026-03-22 22:46:03,846 - AEMSOlogs - INFO - RCWA eval:[307 341 368  48 186 283] | diff. eff.:0.9498877756980902
2026-03-22 22:46:03,877 - AEMSOlogs - INFO - RCWA eval:[304 336 361  27 198 273] | diff. eff.:0.9472261223345373
2026-03-22 22:46:27,231 - AEMSOlogs - INFO - RCWA eval:[310 342 369  21 214 278] | diff. eff.:0.9573583795878565
2026-03-22 22:46:27,240 - AEMSOlogs - INFO - RCWA eval:[314 336 375  26 212 282] | diff. eff.:0.9402617084757526
2026-03-22 22:46:50,577 - AEMSOlogs - INFO - RCWA eval:[308 343 373  37 230 280] | diff. eff.:0.9556941222208898
2026-03-22 22:46:50,617 - AEMSOlogs - INFO - RCWA eval:[307 341 368  22 201 286] | diff. eff.:0.9466739682479234
2026-03-22 22:46:50,634 - AEMSOlogs - INFO - Iteration 36: Best Y = -0.9573583795878565 at x = [0.6755765  0.74967133 0.81127882 0.00227352 0.45222917 0.60036499]
2026-03-22 22:46:50,638 - AEMSOlogs - INFO - Working on simulations...
2026-03-22 22:47:14,006 - AEMSOlogs - INFO - RCWA eval:[317 341 374  28 229 280] | diff. eff.:0.9526290691107853
2026-03-22 22:47:14,036 - AEMSOlogs - INFO - RCWA eval:[312 343 369  26 205 281] | diff. eff.:0.9516520893974704
2026-03-22 22:47:37,417 - AEMSOlogs - INFO - RCWA eval:[316 339 372  23 210 275] | diff. eff.:0.9475906345651163
2026-03-22 22:47:37,440 - AEMSOlogs - INFO - RCWA eval:[309 343 368  22 197 276] | diff. eff.:0.951395189768916
2026-03-22 22:48:00,765 - AEMSOlogs - INFO - RCWA eval:[305 343 375  23 208 287] | diff. eff.:0.939776580218832
2026-03-22 22:48:00,799 - AEMSOlogs - INFO - RCWA eval:[310 338 363  24 230 265] | diff. eff.:0.9345721439070397
2026-03-22 22:48:24,127 - AEMSOlogs - INFO - RCWA eval:[306 339 373  22 199 283] | diff. eff.:0.9442143718978466
2026-03-22 22:48:24,224 - AEMSOlogs - INFO - RCWA eval:[309 345 368  22 221 275] | diff. eff.:0.9481901204327665
2026-03-22 22:48:47,512 - AEMSOlogs - INFO - RCWA eval:[309 344 372  20 208 278] | diff. eff.:0.9536250340872422
2026-03-22 22:48:47,657 - AEMSOlogs - INFO - RCWA eval:[297 340 369  20 173 277] | diff. eff.:0.9317879718287773
2026-03-22 22:49:11,049 - AEMSOlogs - INFO - RCWA eval:[313 341 372  22 223 276] | diff. eff.:0.955573689311538
2026-03-22 22:49:11,236 - AEMSOlogs - INFO - RCWA eval:[307 339 364  23 160 274] | diff. eff.:0.9469978044904371
2026-03-22 22:49:34,866 - AEMSOlogs - INFO - RCWA eval:[306 342 371  50 202 278] | diff. eff.:0.9546855491784271
2026-03-22 22:49:35,093 - AEMSOlogs - INFO - RCWA eval:[314 344 370  21 220 278] | diff. eff.:0.9510487685274588
2026-03-22 22:49:35,108 - AEMSOlogs - INFO - Iteration 37: Best Y = -0.9573583795878565 at x = [0.6755765  0.74967133 0.81127882 0.00227352 0.45222917 0.60036499]
2026-03-22 22:49:35,112 - AEMSOlogs - INFO - Working on simulations...
2026-03-22 22:49:58,920 - AEMSOlogs - INFO - RCWA eval:[315 344 373  38 207 273] | diff. eff.:0.9397647405370071
2026-03-22 22:49:58,959 - AEMSOlogs - INFO - RCWA eval:[307 338 370  23 193 268] | diff. eff.:0.9429584355962596
2026-03-22 22:50:22,751 - AEMSOlogs - INFO - RCWA eval:[315 341 368  23 247 287] | diff. eff.:0.9392161821519271
2026-03-22 22:50:22,807 - AEMSOlogs - INFO - RCWA eval:[313 340 366  24 216 279] | diff. eff.:0.9528348584963807
2026-03-22 22:50:46,688 - AEMSOlogs - INFO - RCWA eval:[313 345 371  20 208 273] | diff. eff.:0.9406037658365628
2026-03-22 22:50:46,719 - AEMSOlogs - INFO - RCWA eval:[303 346 371  20 204 289] | diff. eff.:0.9308532022136902
2026-03-22 22:51:10,415 - AEMSOlogs - INFO - RCWA eval:[299 345 371  25 209 279] | diff. eff.:0.9433468263448859
2026-03-22 22:51:10,416 - AEMSOlogs - INFO - RCWA eval:[308 339 367  35 197 277] | diff. eff.:0.9561224173959642
2026-03-22 22:51:33,923 - AEMSOlogs - INFO - RCWA eval:[308 339 370  23 192 266] | diff. eff.:0.9395371439252392
2026-03-22 22:51:33,939 - AEMSOlogs - INFO - RCWA eval:[307 346 369  65 204 284] | diff. eff.:0.9440012851109943
2026-03-22 22:51:57,695 - AEMSOlogs - INFO - RCWA eval:[315 337 368  25 211 283] | diff. eff.:0.948449383349643
2026-03-22 22:51:57,732 - AEMSOlogs - INFO - RCWA eval:[304 340 370  40 213 276] | diff. eff.:0.9519571820991097
2026-03-22 22:52:21,453 - AEMSOlogs - INFO - RCWA eval:[319 343 377  62 219 281] | diff. eff.:0.9396756763608061
2026-03-22 22:52:21,453 - AEMSOlogs - INFO - RCWA eval:[307 341 367  21 198 278] | diff. eff.:0.9558483565931698
2026-03-22 22:52:21,470 - AEMSOlogs - INFO - Iteration 38: Best Y = -0.9573583795878565 at x = [0.6755765  0.74967133 0.81127882 0.00227352 0.45222917 0.60036499]
2026-03-22 22:52:21,475 - AEMSOlogs - INFO - Working on simulations...
2026-03-22 22:52:45,129 - AEMSOlogs - INFO - RCWA eval:[313 342 370  21 234 282] | diff. eff.:0.9558605806939767
2026-03-22 22:52:45,218 - AEMSOlogs - INFO - RCWA eval:[307 337 360  21 206 271] | diff. eff.:0.9422243751230877
2026-03-22 22:53:08,883 - AEMSOlogs - INFO - RCWA eval:[312 339 369  20 213 280] | diff. eff.:0.9564916606230153
2026-03-22 22:53:08,889 - AEMSOlogs - INFO - RCWA eval:[309 337 365  20 209 275] | diff. eff.:0.9547111394793176
2026-03-22 22:53:32,527 - AEMSOlogs - INFO - RCWA eval:[307 341 365  21 184 276] | diff. eff.:0.9511916422631639
2026-03-22 22:53:32,614 - AEMSOlogs - INFO - RCWA eval:[305 341 366  39 182 283] | diff. eff.:0.9474063870523297
2026-03-22 22:53:56,188 - AEMSOlogs - INFO - RCWA eval:[311 344 373  20 220 288] | diff. eff.:0.9460503075309901
2026-03-22 22:53:56,393 - AEMSOlogs - INFO - RCWA eval:[311 336 367  23 205 276] | diff. eff.:0.9540313405997182
2026-03-22 22:54:19,785 - AEMSOlogs - INFO - RCWA eval:[305 342 371  84 205 271] | diff. eff.:0.9468119997660843
2026-03-22 22:54:20,078 - AEMSOlogs - INFO - RCWA eval:[303 339 362  31 200 274] | diff. eff.:0.9485468388154796
2026-03-22 22:54:43,339 - AEMSOlogs - INFO - RCWA eval:[313 338 369  32 222 282] | diff. eff.:0.9544498856499805
2026-03-22 22:54:43,753 - AEMSOlogs - INFO - RCWA eval:[306 343 366  39 205 276] | diff. eff.:0.9523493921941614
2026-03-22 22:55:06,906 - AEMSOlogs - INFO - RCWA eval:[310 339 365  26 194 278] | diff. eff.:0.9527418710807332
2026-03-22 22:55:07,373 - AEMSOlogs - INFO - RCWA eval:[312 336 368  23 211 277] | diff. eff.:0.9540091382560993
2026-03-22 22:55:07,390 - AEMSOlogs - INFO - Iteration 39: Best Y = -0.9573583795878565 at x = [0.6755765  0.74967133 0.81127882 0.00227352 0.45222917 0.60036499]
2026-03-22 22:55:07,394 - AEMSOlogs - INFO - Working on simulations...
2026-03-22 22:55:31,065 - AEMSOlogs - INFO - RCWA eval:[310 340 370  20 241 278] | diff. eff.:0.950895708120098
2026-03-22 22:55:31,090 - AEMSOlogs - INFO - RCWA eval:[311 335 364  32 193 285] | diff. eff.:0.9390311477127378
2026-03-22 22:55:54,747 - AEMSOlogs - INFO - RCWA eval:[311 344 374  42 225 279] | diff. eff.:0.9556318739541896
2026-03-22 22:55:54,853 - AEMSOlogs - INFO - RCWA eval:[306 339 369  41 212 277] | diff. eff.:0.9551678150461369
2026-03-22 22:56:18,298 - AEMSOlogs - INFO - RCWA eval:[314 340 371  20 238 275] | diff. eff.:0.9524008609081844
2026-03-22 22:56:18,562 - AEMSOlogs - INFO - RCWA eval:[307 335 357  26 179 279] | diff. eff.:0.9290482483485636
2026-03-22 22:56:41,887 - AEMSOlogs - INFO - RCWA eval:[317 340 373  70 266 284] | diff. eff.:0.9173336853233364
2026-03-22 22:56:42,175 - AEMSOlogs - INFO - RCWA eval:[306 340 368  25 211 275] | diff. eff.:0.9559843890619121
2026-03-22 22:57:05,510 - AEMSOlogs - INFO - RCWA eval:[315 333 363  44 220 277] | diff. eff.:0.9421275357671508
2026-03-22 22:57:05,768 - AEMSOlogs - INFO - RCWA eval:[311 339 368  25 233 281] | diff. eff.:0.9538722573148362
2026-03-22 22:57:29,078 - AEMSOlogs - INFO - RCWA eval:[314 335 373  44 249 274] | diff. eff.:0.9305531743246656
2026-03-22 22:57:29,394 - AEMSOlogs - INFO - RCWA eval:[308 340 367  20 228 274] | diff. eff.:0.9532610058858925
2026-03-22 22:57:52,687 - AEMSOlogs - INFO - RCWA eval:[314 340 368  65 225 275] | diff. eff.:0.9542252747618811
2026-03-22 22:57:53,053 - AEMSOlogs - INFO - RCWA eval:[312 339 365  26 182 279] | diff. eff.:0.9466559888609496
2026-03-22 22:57:53,069 - AEMSOlogs - INFO - Iteration 40: Best Y = -0.9573583795878565 at x = [0.6755765  0.74967133 0.81127882 0.00227352 0.45222917 0.60036499]
2026-03-22 22:57:53,074 - AEMSOlogs - INFO - Working on simulations...
2026-03-22 22:58:16,800 - AEMSOlogs - INFO - RCWA eval:[310 340 362  29 194 276] | diff. eff.:0.9436242904299448
2026-03-22 22:58:16,813 - AEMSOlogs - INFO - RCWA eval:[315 338 365  23 208 276] | diff. eff.:0.9470547462251218
2026-03-22 22:58:40,517 - AEMSOlogs - INFO - RCWA eval:[313 339 370  22 216 281] | diff. eff.:0.9555966742948018
2026-03-22 22:58:40,584 - AEMSOlogs - INFO - RCWA eval:[310 339 365  65 213 277] | diff. eff.:0.9551406090882449
2026-03-22 22:59:04,028 - AEMSOlogs - INFO - RCWA eval:[314 337 369  54 210 278] | diff. eff.:0.9530253913324116
2026-03-22 22:59:04,041 - AEMSOlogs - INFO - RCWA eval:[309 338 372  20 205 277] | diff. eff.:0.9517234601267913
2026-03-22 22:59:27,394 - AEMSOlogs - INFO - RCWA eval:[308 336 364  36 219 276] | diff. eff.:0.9514922805553657
2026-03-22 22:59:27,396 - AEMSOlogs - INFO - RCWA eval:[303 338 367  33 213 275] | diff. eff.:0.9494891044933695
2026-03-22 22:59:50,731 - AEMSOlogs - INFO - RCWA eval:[320 341 376  21 240 282] | diff. eff.:0.9472788879976111
2026-03-22 22:59:50,746 - AEMSOlogs - INFO - RCWA eval:[309 343 373  20 220 279] | diff. eff.:0.956703693642899
2026-03-22 23:00:14,082 - AEMSOlogs - INFO - RCWA eval:[305 337 361  22 207 271] | diff. eff.:0.9455795365223887
2026-03-22 23:00:14,119 - AEMSOlogs - INFO - RCWA eval:[307 341 376  32 224 273] | diff. eff.:0.9433290090489486
2026-03-22 23:00:37,444 - AEMSOlogs - INFO - RCWA eval:[307 343 369  43 193 275] | diff. eff.:0.9514175460109847
2026-03-22 23:00:37,469 - AEMSOlogs - INFO - RCWA eval:[307 343 368  32 231 279] | diff. eff.:0.953522495231808
2026-03-22 23:00:37,484 - AEMSOlogs - INFO - Iteration 41: Best Y = -0.9573583795878565 at x = [0.6755765  0.74967133 0.81127882 0.00227352 0.45222917 0.60036499]
2026-03-22 23:00:37,488 - AEMSOlogs - INFO - Working on simulations...
2026-03-22 23:01:00,810 - AEMSOlogs - INFO - RCWA eval:[305 344 370  22 205 281] | diff. eff.:0.9527453360842817
2026-03-22 23:01:00,915 - AEMSOlogs - INFO - RCWA eval:[312 340 370  35 225 279] | diff. eff.:0.9580001295661468
2026-03-22 23:01:24,133 - AEMSOlogs - INFO - RCWA eval:[308 340 367  27 203 277] | diff. eff.:0.9569125798719992
2026-03-22 23:01:24,231 - AEMSOlogs - INFO - RCWA eval:[309 342 369  59 236 277] | diff. eff.:0.9541751987276512
2026-03-22 23:01:47,505 - AEMSOlogs - INFO - RCWA eval:[307 339 369  37 197 275] | diff. eff.:0.9542126532808969
2026-03-22 23:01:47,630 - AEMSOlogs - INFO - RCWA eval:[311 341 370  33 222 279] | diff. eff.:0.9585553173625788
2026-03-22 23:02:10,794 - AEMSOlogs - INFO - RCWA eval:[313 338 370  21 223 278] | diff. eff.:0.9558291946701992
2026-03-22 23:02:11,050 - AEMSOlogs - INFO - RCWA eval:[309 339 368  20 212 279] | diff. eff.:0.9575364985697379
2026-03-22 23:02:34,037 - AEMSOlogs - INFO - RCWA eval:[311 345 375  39 240 282] | diff. eff.:0.9532803531536018
2026-03-22 23:02:34,402 - AEMSOlogs - INFO - RCWA eval:[311 341 372  20 221 276] | diff. eff.:0.9563263874913164
2026-03-22 23:02:57,237 - AEMSOlogs - INFO - RCWA eval:[312 344 372  94 252 280] | diff. eff.:0.947362749352094
2026-03-22 23:02:57,691 - AEMSOlogs - INFO - RCWA eval:[313 339 372  24 197 281] | diff. eff.:0.9490019772005199
2026-03-22 23:03:20,547 - AEMSOlogs - INFO - RCWA eval:[314 342 373  24 219 286] | diff. eff.:0.9496419003205804
2026-03-22 23:03:20,942 - AEMSOlogs - INFO - RCWA eval:[310 338 368  64 209 280] | diff. eff.:0.9562052424471025
2026-03-22 23:03:20,959 - AEMSOlogs - INFO - Iteration 42: Best Y = -0.9585553173625788 at x = [0.67666101 0.74575552 0.81448699 0.02975023 0.47058174 0.60162271]
2026-03-22 23:03:20,963 - AEMSOlogs - INFO - Working on simulations...
2026-03-22 23:03:44,216 - AEMSOlogs - INFO - RCWA eval:[315 343 373  89 234 282] | diff. eff.:0.9558047485506787
2026-03-22 23:03:44,307 - AEMSOlogs - INFO - RCWA eval:[312 344 369  27 228 278] | diff. eff.:0.9532478561706602
2026-03-22 23:04:07,564 - AEMSOlogs - INFO - RCWA eval:[309 337 368  37 204 278] | diff. eff.:0.9551447065095647
2026-03-22 23:04:07,637 - AEMSOlogs - INFO - RCWA eval:[314 340 370  54 225 282] | diff. eff.:0.9561953287188003
2026-03-22 23:04:30,936 - AEMSOlogs - INFO - RCWA eval:[307 341 367  60 216 278] | diff. eff.:0.9571346429115379
2026-03-22 23:04:31,028 - AEMSOlogs - INFO - RCWA eval:[311 337 371  23 221 279] | diff. eff.:0.953358716841681
2026-03-22 23:04:54,249 - AEMSOlogs - INFO - RCWA eval:[313 339 372  32 231 277] | diff. eff.:0.9545552710742028
2026-03-22 23:04:54,381 - AEMSOlogs - INFO - RCWA eval:[312 338 368  57 219 283] | diff. eff.:0.9537029649515568
2026-03-22 23:05:17,567 - AEMSOlogs - INFO - RCWA eval:[314 342 371  25 218 279] | diff. eff.:0.9552361896501618
2026-03-22 23:05:17,753 - AEMSOlogs - INFO - RCWA eval:[312 340 370  25 227 280] | diff. eff.:0.9576640032191958
2026-03-22 23:05:40,801 - AEMSOlogs - INFO - RCWA eval:[314 340 371  34 223 280] | diff. eff.:0.9565523557133779
2026-03-22 23:05:41,083 - AEMSOlogs - INFO - RCWA eval:[315 338 372  53 234 284] | diff. eff.:0.9500369385116659
2026-03-22 23:06:04,038 - AEMSOlogs - INFO - RCWA eval:[307 340 367  35 210 278] | diff. eff.:0.9572880527434475
2026-03-22 23:06:04,436 - AEMSOlogs - INFO - RCWA eval:[310 340 365  26 208 279] | diff. eff.:0.9535791909603425
2026-03-22 23:06:04,453 - AEMSOlogs - INFO - Iteration 43: Best Y = -0.9585553173625788 at x = [0.67666101 0.74575552 0.81448699 0.02975023 0.47058174 0.60162271]
2026-03-22 23:06:04,457 - AEMSOlogs - INFO - Working on simulations...
2026-03-22 23:06:27,787 - AEMSOlogs - INFO - RCWA eval:[316 339 370  99 232 283] | diff. eff.:0.9543973735781704
2026-03-22 23:06:27,823 - AEMSOlogs - INFO - RCWA eval:[314 343 372  27 230 278] | diff. eff.:0.9556899576409098
2026-03-22 23:06:51,173 - AEMSOlogs - INFO - RCWA eval:[314 341 371  72 228 281] | diff. eff.:0.9574874037888776
2026-03-22 23:06:51,226 - AEMSOlogs - INFO - RCWA eval:[311 339 368  29 221 279] | diff. eff.:0.9574244995225084
2026-03-22 23:07:14,571 - AEMSOlogs - INFO - RCWA eval:[313 342 372  44 226 283] | diff. eff.:0.9563942247734303
2026-03-22 23:07:14,690 - AEMSOlogs - INFO - RCWA eval:[309 339 368  39 223 280] | diff. eff.:0.9565474523593812
2026-03-22 23:07:38,318 - AEMSOlogs - INFO - RCWA eval:[311 343 372  33 231 277] | diff. eff.:0.956354966176082
2026-03-22 23:07:38,472 - AEMSOlogs - INFO - RCWA eval:[311 340 369  21 223 281] | diff. eff.:0.957389342462347
2026-03-22 23:08:01,979 - AEMSOlogs - INFO - RCWA eval:[313 343 372  51 240 285] | diff. eff.:0.9533416079225489
2026-03-22 23:08:02,289 - AEMSOlogs - INFO - RCWA eval:[308 341 370  23 218 278] | diff. eff.:0.9580246549319189
2026-03-22 23:08:25,722 - AEMSOlogs - INFO - RCWA eval:[313 340 370  35 228 281] | diff. eff.:0.9570478315254614
2026-03-22 23:08:26,100 - AEMSOlogs - INFO - RCWA eval:[311 342 370  47 222 282] | diff. eff.:0.9575087722393782
2026-03-22 23:08:49,363 - AEMSOlogs - INFO - RCWA eval:[311 341 372  30 239 278] | diff. eff.:0.9538726225263165
2026-03-22 23:08:49,895 - AEMSOlogs - INFO - RCWA eval:[311 342 371  35 226 281] | diff. eff.:0.9581744423320935
2026-03-22 23:08:49,916 - AEMSOlogs - INFO - Iteration 44: Best Y = -0.9585553173625788 at x = [0.67666101 0.74575552 0.81448699 0.02975023 0.47058174 0.60162271]
2026-03-22 23:08:49,921 - AEMSOlogs - INFO - Working on simulations...
2026-03-22 23:09:13,803 - AEMSOlogs - INFO - RCWA eval:[308 342 371  24 228 280] | diff. eff.:0.9569075290399339
2026-03-22 23:09:13,807 - AEMSOlogs - INFO - RCWA eval:[310 342 370  65 214 277] | diff. eff.:0.957453048577149
2026-03-22 23:09:37,309 - AEMSOlogs - INFO - RCWA eval:[314 341 372  27 235 283] | diff. eff.:0.955260143453788
2026-03-22 23:09:37,335 - AEMSOlogs - INFO - RCWA eval:[308 339 368  20 208 278] | diff. eff.:0.9573208085154482
2026-03-22 23:10:00,793 - AEMSOlogs - INFO - RCWA eval:[310 341 373  21 226 281] | diff. eff.:0.9562336638421991
2026-03-22 23:10:00,832 - AEMSOlogs - INFO - RCWA eval:[310 340 370  23 218 278] | diff. eff.:0.9581643898153664
2026-03-22 23:10:24,478 - AEMSOlogs - INFO - RCWA eval:[312 342 371  59 228 282] | diff. eff.:0.9578505180882069
2026-03-22 23:10:24,557 - AEMSOlogs - INFO - RCWA eval:[312 341 371  25 220 283] | diff. eff.:0.9559901432456669
2026-03-22 23:10:48,181 - AEMSOlogs - INFO - RCWA eval:[309 339 369  20 214 278] | diff. eff.:0.9575982307688299
2026-03-22 23:10:48,309 - AEMSOlogs - INFO - RCWA eval:[312 341 370  34 221 281] | diff. eff.:0.9577086235144453
2026-03-22 23:11:11,873 - AEMSOlogs - INFO - RCWA eval:[310 338 370  26 223 280] | diff. eff.:0.9552739168509619
2026-03-22 23:11:11,998 - AEMSOlogs - INFO - RCWA eval:[312 343 373  41 236 280] | diff. eff.:0.9566484359290354
2026-03-22 23:11:35,466 - AEMSOlogs - INFO - RCWA eval:[311 340 371  30 227 280] | diff. eff.:0.9574106355993085
2026-03-22 23:11:35,695 - AEMSOlogs - INFO - RCWA eval:[309 343 370  23 226 279] | diff. eff.:0.957397990656307
2026-03-22 23:11:35,723 - AEMSOlogs - INFO - Iteration 45: Best Y = -0.9585553173625788 at x = [0.67666101 0.74575552 0.81448699 0.02975023 0.47058174 0.60162271]
2026-03-22 23:11:35,727 - AEMSOlogs - INFO - Working on simulations...
2026-03-22 23:11:59,374 - AEMSOlogs - INFO - RCWA eval:[313 341 371  54 217 281] | diff. eff.:0.9566108705978728
2026-03-22 23:11:59,409 - AEMSOlogs - INFO - RCWA eval:[310 341 370  62 227 280] | diff. eff.:0.958323775329974
2026-03-22 23:12:23,048 - AEMSOlogs - INFO - RCWA eval:[309 340 368  29 211 278] | diff. eff.:0.9580230630081301
2026-03-22 23:12:23,119 - AEMSOlogs - INFO - RCWA eval:[310 342 370  33 219 280] | diff. eff.:0.9582921107330332
2026-03-22 23:12:46,701 - AEMSOlogs - INFO - RCWA eval:[309 340 368  47 218 279] | diff. eff.:0.9581532548214261
2026-03-22 23:12:46,814 - AEMSOlogs - INFO - RCWA eval:[312 341 371  38 220 281] | diff. eff.:0.9576022050112836
2026-03-22 23:13:10,337 - AEMSOlogs - INFO - RCWA eval:[310 341 371  32 223 279] | diff. eff.:0.9583125363787254
2026-03-22 23:13:10,510 - AEMSOlogs - INFO - RCWA eval:[311 341 371  60 220 279] | diff. eff.:0.9583139877349496
2026-03-22 23:13:33,932 - AEMSOlogs - INFO - RCWA eval:[310 339 368  47 215 281] | diff. eff.:0.9567550361424845
2026-03-22 23:13:34,208 - AEMSOlogs - INFO - RCWA eval:[310 340 369  24 224 279] | diff. eff.:0.9580211646162515
2026-03-22 23:13:57,509 - AEMSOlogs - INFO - RCWA eval:[312 343 372  52 232 282] | diff. eff.:0.9573341421539346
2026-03-22 23:13:57,786 - AEMSOlogs - INFO - RCWA eval:[307 341 370  23 217 277] | diff. eff.:0.9571358590611105
2026-03-22 23:14:21,027 - AEMSOlogs - INFO - RCWA eval:[309 342 370  21 227 282] | diff. eff.:0.9567637391425983
2026-03-22 23:14:21,401 - AEMSOlogs - INFO - RCWA eval:[313 338 369  32 224 280] | diff. eff.:0.9558096913486673
2026-03-22 23:14:21,418 - AEMSOlogs - INFO - Iteration 46: Best Y = -0.9585553173625788 at x = [0.67666101 0.74575552 0.81448699 0.02975023 0.47058174 0.60162271]
2026-03-22 23:14:21,422 - AEMSOlogs - INFO - Working on simulations...
2026-03-22 23:14:45,097 - AEMSOlogs - INFO - RCWA eval:[311 341 371  27 222 281] | diff. eff.:0.9579427820680663
2026-03-22 23:14:45,106 - AEMSOlogs - INFO - RCWA eval:[309 341 369  55 209 282] | diff. eff.:0.956356478481836
2026-03-22 23:15:08,764 - AEMSOlogs - INFO - RCWA eval:[307 341 370  23 221 280] | diff. eff.:0.9568531465307556
2026-03-22 23:15:08,785 - AEMSOlogs - INFO - RCWA eval:[311 342 371  52 240 281] | diff. eff.:0.9548967700116059
2026-03-22 23:15:32,411 - AEMSOlogs - INFO - RCWA eval:[310 340 368  27 218 281] | diff. eff.:0.9571052772328766
2026-03-22 23:15:32,431 - AEMSOlogs - INFO - RCWA eval:[309 339 368  20 226 280] | diff. eff.:0.9557618756573584
2026-03-22 23:15:56,059 - AEMSOlogs - INFO - RCWA eval:[312 342 372  65 230 281] | diff. eff.:0.9579797473706421
2026-03-22 23:15:56,099 - AEMSOlogs - INFO - RCWA eval:[311 342 371  66 227 280] | diff. eff.:0.9586565853690219
2026-03-22 23:16:19,675 - AEMSOlogs - INFO - RCWA eval:[313 341 371  69 233 284] | diff. eff.:0.9555078247856534
2026-03-22 23:16:19,771 - AEMSOlogs - INFO - RCWA eval:[310 342 371  43 217 278] | diff. eff.:0.9579023116185865
2026-03-22 23:16:43,322 - AEMSOlogs - INFO - RCWA eval:[310 340 369  36 219 280] | diff. eff.:0.958154108963232
2026-03-22 23:16:43,471 - AEMSOlogs - INFO - RCWA eval:[310 341 369  48 219 280] | diff. eff.:0.9584666366475292
2026-03-22 23:17:06,954 - AEMSOlogs - INFO - RCWA eval:[312 342 370  49 218 282] | diff. eff.:0.9566167225387088
2026-03-22 23:17:07,126 - AEMSOlogs - INFO - RCWA eval:[311 341 371  26 219 279] | diff. eff.:0.9581673073018057
2026-03-22 23:17:07,145 - AEMSOlogs - INFO - Iteration 47: Best Y = -0.9586565853690219 at x = [0.67584711 0.74800172 0.81526742 0.10628601 0.48164934 0.60539626]
2026-03-22 23:17:07,149 - AEMSOlogs - INFO - Working on simulations...
2026-03-22 23:17:30,480 - AEMSOlogs - INFO - RCWA eval:[313 341 371  57 228 281] | diff. eff.:0.9578272822115362
2026-03-22 23:17:30,557 - AEMSOlogs - INFO - RCWA eval:[309 340 369  37 214 279] | diff. eff.:0.9582142054695891
2026-03-22 23:17:53,854 - AEMSOlogs - INFO - RCWA eval:[310 339 369  54 223 278] | diff. eff.:0.9575359928496452
2026-03-22 23:17:53,911 - AEMSOlogs - INFO - RCWA eval:[310 342 369  40 211 280] | diff. eff.:0.9570481014699757
2026-03-22 23:18:17,203 - AEMSOlogs - INFO - RCWA eval:[311 342 371  42 223 281] | diff. eff.:0.9581957660976189
2026-03-22 23:18:17,295 - AEMSOlogs - INFO - RCWA eval:[310 343 370  46 217 282] | diff. eff.:0.9564613668552044
2026-03-22 23:18:40,537 - AEMSOlogs - INFO - RCWA eval:[309 342 371  42 227 281] | diff. eff.:0.9575962274360653
2026-03-22 23:18:40,620 - AEMSOlogs - INFO - RCWA eval:[310 339 368  67 220 281] | diff. eff.:0.9569256956608044
2026-03-22 23:19:03,905 - AEMSOlogs - INFO - RCWA eval:[310 341 370  28 217 280] | diff. eff.:0.9583293471209059
2026-03-22 23:19:03,971 - AEMSOlogs - INFO - RCWA eval:[312 343 371  68 231 282] | diff. eff.:0.9576111738900507
2026-03-22 23:19:27,122 - AEMSOlogs - INFO - RCWA eval:[312 342 370  45 224 282] | diff. eff.:0.9572308916165498
2026-03-22 23:19:27,319 - AEMSOlogs - INFO - RCWA eval:[313 341 371  55 222 279] | diff. eff.:0.9576316026353127
2026-03-22 23:19:50,387 - AEMSOlogs - INFO - RCWA eval:[310 340 369  25 223 279] | diff. eff.:0.9581385785508207
2026-03-22 23:19:50,681 - AEMSOlogs - INFO - RCWA eval:[311 342 371  51 219 280] | diff. eff.:0.9581747518100517
2026-03-22 23:19:50,697 - AEMSOlogs - INFO - Iteration 48: Best Y = -0.9586565853690219 at x = [0.67584711 0.74800172 0.81526742 0.10628601 0.48164934 0.60539626]
2026-03-22 23:19:50,701 - AEMSOlogs - INFO - Working on simulations...
2026-03-22 23:20:14,043 - AEMSOlogs - INFO - RCWA eval:[311 340 369  26 214 281] | diff. eff.:0.9570636722628854
2026-03-22 23:20:14,090 - AEMSOlogs - INFO - RCWA eval:[310 340 370  41 218 278] | diff. eff.:0.9581861340059431
2026-03-22 23:20:37,407 - AEMSOlogs - INFO - RCWA eval:[309 341 370  27 219 280] | diff. eff.:0.9582868738116838
2026-03-22 23:20:37,484 - AEMSOlogs - INFO - RCWA eval:[310 340 369  35 213 279] | diff. eff.:0.958131629227094
2026-03-22 23:21:00,771 - AEMSOlogs - INFO - RCWA eval:[310 341 369  61 221 280] | diff. eff.:0.9586274145126524
2026-03-22 23:21:00,819 - AEMSOlogs - INFO - RCWA eval:[311 340 369  27 219 279] | diff. eff.:0.9582027837848601
2026-03-22 23:21:24,167 - AEMSOlogs - INFO - RCWA eval:[312 341 370  35 222 281] | diff. eff.:0.9577897222780696
2026-03-22 23:21:24,170 - AEMSOlogs - INFO - RCWA eval:[310 342 370  31 221 281] | diff. eff.:0.9580225358026988
2026-03-22 23:21:47,521 - AEMSOlogs - INFO - RCWA eval:[309 342 371  30 213 280] | diff. eff.:0.9575374147819589
2026-03-22 23:21:47,560 - AEMSOlogs - INFO - RCWA eval:[309 341 369  41 212 277] | diff. eff.:0.9579498872938516
2026-03-22 23:22:10,880 - AEMSOlogs - INFO - RCWA eval:[312 340 370  39 222 280] | diff. eff.:0.9579315598571378
2026-03-22 23:22:10,883 - AEMSOlogs - INFO - RCWA eval:[312 341 369  33 217 281] | diff. eff.:0.9568582543407286
2026-03-22 23:22:34,211 - AEMSOlogs - INFO - RCWA eval:[309 340 369  52 218 280] | diff. eff.:0.9580427652082344
2026-03-22 23:22:34,273 - AEMSOlogs - INFO - RCWA eval:[311 340 369  30 217 280] | diff. eff.:0.95789721632727
2026-03-22 23:22:34,291 - AEMSOlogs - INFO - Iteration 49: Best Y = -0.9586565853690219 at x = [0.67584711 0.74800172 0.81526742 0.10628601 0.48164934 0.60539626]
2026-03-22 23:22:34,295 - AEMSOlogs - INFO - Working on simulations...
2026-03-22 23:22:57,645 - AEMSOlogs - INFO - RCWA eval:[308 340 368  55 215 279] | diff. eff.:0.9579433326399719
2026-03-22 23:22:57,667 - AEMSOlogs - INFO - RCWA eval:[309 340 368  22 214 279] | diff. eff.:0.958029837205103
2026-03-22 23:23:21,008 - AEMSOlogs - INFO - RCWA eval:[310 341 371  47 222 280] | diff. eff.:0.9582810601660684
2026-03-22 23:23:21,029 - AEMSOlogs - INFO - RCWA eval:[310 342 369  71 221 279] | diff. eff.:0.9585667004358597
2026-03-22 23:23:44,372 - AEMSOlogs - INFO - RCWA eval:[308 341 368  24 220 281] | diff. eff.:0.9567396103664371
2026-03-22 23:23:44,395 - AEMSOlogs - INFO - RCWA eval:[311 341 370  41 218 282] | diff. eff.:0.9572364546904886
2026-03-22 23:24:07,746 - AEMSOlogs - INFO - RCWA eval:[309 342 370  63 225 281] | diff. eff.:0.9580489527780263
2026-03-22 23:24:07,820 - AEMSOlogs - INFO - RCWA eval:[310 341 369  31 212 278] | diff. eff.:0.9579202746154144
2026-03-22 23:24:31,397 - AEMSOlogs - INFO - RCWA eval:[310 342 370  66 224 281] | diff. eff.:0.9584674089274386
2026-03-22 23:24:31,406 - AEMSOlogs - INFO - RCWA eval:[311 342 370  30 223 282] | diff. eff.:0.9573175450151379
2026-03-22 23:24:55,178 - AEMSOlogs - INFO - RCWA eval:[308 341 369  54 218 280] | diff. eff.:0.9580517938823522
2026-03-22 23:24:55,211 - AEMSOlogs - INFO - RCWA eval:[309 341 370  38 217 279] | diff. eff.:0.9584696546881343
2026-03-22 23:25:18,986 - AEMSOlogs - INFO - RCWA eval:[309 340 369  30 215 279] | diff. eff.:0.9582314148475665
2026-03-22 23:25:19,006 - AEMSOlogs - INFO - RCWA eval:[309 341 369  27 215 279] | diff. eff.:0.9583943422020381
2026-03-22 23:25:19,022 - AEMSOlogs - INFO - Iteration 50: Best Y = -0.9586565853690219 at x = [0.67584711 0.74800172 0.81526742 0.10628601 0.48164934 0.60539626]
2026-03-22 23:25:19,026 - AEMSOlogs - INFO - Working on simulations...
2026-03-22 23:25:42,903 - AEMSOlogs - INFO - RCWA eval:[309 340 368  57 210 278] | diff. eff.:0.9580567577341337
2026-03-22 23:25:42,944 - AEMSOlogs - INFO - RCWA eval:[310 340 368  31 218 278] | diff. eff.:0.9581141211996227
2026-03-22 23:26:06,728 - AEMSOlogs - INFO - RCWA eval:[310 342 370  71 216 280] | diff. eff.:0.958387254665571
2026-03-22 23:26:06,829 - AEMSOlogs - INFO - RCWA eval:[309 343 370  66 220 278] | diff. eff.:0.9577491203584515
2026-03-22 23:26:30,377 - AEMSOlogs - INFO - RCWA eval:[312 340 370  33 217 280] | diff. eff.:0.9575004665434117
2026-03-22 23:26:30,514 - AEMSOlogs - INFO - RCWA eval:[311 340 370  41 221 279] | diff. eff.:0.9582981292772145
2026-03-22 23:26:53,733 - AEMSOlogs - INFO - RCWA eval:[309 342 370  63 223 281] | diff. eff.:0.9581792468711591
2026-03-22 23:26:53,994 - AEMSOlogs - INFO - RCWA eval:[309 341 369  56 212 278] | diff. eff.:0.9582807673005931
2026-03-22 23:27:17,333 - AEMSOlogs - INFO - RCWA eval:[311 343 371  37 222 280] | diff. eff.:0.957666426481318
2026-03-22 23:27:17,669 - AEMSOlogs - INFO - RCWA eval:[310 343 371  30 222 280] | diff. eff.:0.9578434674770885
2026-03-22 23:27:40,883 - AEMSOlogs - INFO - RCWA eval:[308 341 369  72 217 278] | diff. eff.:0.9583104260192004
2026-03-22 23:27:41,300 - AEMSOlogs - INFO - RCWA eval:[310 342 370  53 219 279] | diff. eff.:0.9585421468058827
2026-03-22 23:28:04,449 - AEMSOlogs - INFO - RCWA eval:[308 342 369  54 224 279] | diff. eff.:0.9577527787026145
2026-03-22 23:28:04,960 - AEMSOlogs - INFO - RCWA eval:[311 341 369  29 219 281] | diff. eff.:0.9575744405302986
2026-03-22 23:28:04,982 - AEMSOlogs - INFO - Iteration 51: Best Y = -0.9586565853690219 at x = [0.67584711 0.74800172 0.81526742 0.10628601 0.48164934 0.60539626]


Job ID: 4006622
Cluster: cluster_dei
User/Group: vergerioed/dottor
State: COMPLETED (exit code 0)
Nodes: 1
Cores per node: 2
CPU Utilized: 04:38:22
CPU Efficiency: 99.44% of 04:39:56 core-walltime
Job Wall-clock time: 02:19:58
Memory Utilized: 2.05 GB
Memory Efficiency: 51.30% of 4.00 GB (4.00 GB/node)
