2026-03-23 09:57:54,632 - AEMSOlogs - INFO - Working on simulations...
2026-03-23 09:58:19,107 - AEMSOlogs - INFO - RCWA eval:[279  63 369 114 415 237] | diff. eff.:0.36077680983065996
2026-03-23 09:58:19,222 - AEMSOlogs - INFO - RCWA eval:[155 330 164 321  23 220] | diff. eff.:0.12615905018877815
2026-03-23 09:58:19,423 - AEMSOlogs - INFO - RCWA eval:[241 226 246  66 204 243] | diff. eff.:0.027480124749058504
2026-03-23 09:58:19,428 - AEMSOlogs - INFO - RCWA eval:[228 355 312 383 265 430] | diff. eff.:0.2906214200063144
2026-03-23 09:58:19,436 - AEMSOlogs - INFO - RCWA eval:[228 201 123 261 256 225] | diff. eff.:0.029184570405707478
2026-03-23 09:58:19,477 - AEMSOlogs - INFO - RCWA eval:[296 201  88 173  23 192] | diff. eff.:0.1815830901238821
2026-03-23 09:58:19,488 - AEMSOlogs - INFO - RCWA eval:[285 205 111  75  86  93] | diff. eff.:0.13430667159797613
2026-03-23 09:58:19,612 - AEMSOlogs - INFO - RCWA eval:[334 208  49 318 267 215] | diff. eff.:0.18556946528880722
2026-03-23 09:58:19,712 - AEMSOlogs - INFO - RCWA eval:[270 152  34 251 357 296] | diff. eff.:0.08415209542897259
2026-03-23 09:58:19,777 - AEMSOlogs - INFO - RCWA eval:[364 330 128 281 349 260] | diff. eff.:0.11284655089055838
2026-03-23 09:58:19,797 - AEMSOlogs - INFO - RCWA eval:[297 312 247 306 155 181] | diff. eff.:0.08657182667073758
2026-03-23 09:58:19,813 - AEMSOlogs - INFO - RCWA eval:[198 202 260 332 398 210] | diff. eff.:0.40884343044389854
2026-03-23 09:58:19,915 - AEMSOlogs - INFO - RCWA eval:[293 305 216 131 339 170] | diff. eff.:0.04356634339404627
2026-03-23 09:58:19,934 - AEMSOlogs - INFO - RCWA eval:[182 158 219 306 252 271] | diff. eff.:0.07368737342062234
2026-03-23 09:58:19,972 - AEMSOlogs - INFO - Iteration 1: Best Y = -0.40884343044389854 at x = [0.41466075 0.42274231 0.55777112 0.72533924 0.87831196 0.44257161]
2026-03-23 09:58:19,978 - AEMSOlogs - INFO - Working on simulations...
2026-03-23 09:58:44,452 - AEMSOlogs - INFO - RCWA eval:[104 269  45 237 198 218] | diff. eff.:0.005771878348006105
2026-03-23 09:58:44,593 - AEMSOlogs - INFO - RCWA eval:[170 256 206 354 238 331] | diff. eff.:0.10507735496500747
2026-03-23 09:58:44,607 - AEMSOlogs - INFO - RCWA eval:[ 95 236 237 219 247 275] | diff. eff.:0.04066298185418101
2026-03-23 09:58:44,608 - AEMSOlogs - INFO - RCWA eval:[345 133 263 201 252 150] | diff. eff.:0.18145260048903863
2026-03-23 09:58:44,645 - AEMSOlogs - INFO - RCWA eval:[231 250 375 297 289 121] | diff. eff.:0.016881877643457867
2026-03-23 09:58:44,683 - AEMSOlogs - INFO - RCWA eval:[397 178 237 210 326 102] | diff. eff.:0.41783087464310004
2026-03-23 09:58:44,692 - AEMSOlogs - INFO - RCWA eval:[143 174 304 255 241 261] | diff. eff.:0.012115617007723118
2026-03-23 09:58:44,707 - AEMSOlogs - INFO - RCWA eval:[187 274 269 244 318 413] | diff. eff.:0.32167350809688283
2026-03-23 09:58:44,860 - AEMSOlogs - INFO - RCWA eval:[257 242 273  63 381 344] | diff. eff.:0.08133735862087048
2026-03-23 09:58:45,015 - AEMSOlogs - INFO - RCWA eval:[316 140 287 192 201 155] | diff. eff.:0.03429348215602908
2026-03-23 09:58:45,048 - AEMSOlogs - INFO - RCWA eval:[155 302 233 184 291 256] | diff. eff.:0.01920456650658708
2026-03-23 09:58:45,089 - AEMSOlogs - INFO - RCWA eval:[269 120 309 113 364 240] | diff. eff.:0.15895108611984501
2026-03-23 09:58:45,136 - AEMSOlogs - INFO - RCWA eval:[400 218 195 435 300 212] | diff. eff.:0.199372685181919
2026-03-23 09:58:45,172 - AEMSOlogs - INFO - RCWA eval:[244 202 232 157 283 208] | diff. eff.:0.02474736893132185
2026-03-23 09:58:45,189 - AEMSOlogs - INFO - Iteration 2: Best Y = -0.41783087464310004 at x = [0.87575754 0.3673743  0.50489017 0.44220936 0.7111477  0.1901275 ]
2026-03-23 09:58:45,194 - AEMSOlogs - INFO - Working on simulations...
2026-03-23 09:59:09,656 - AEMSOlogs - INFO - RCWA eval:[304 202 173 351 272 216] | diff. eff.:0.022389794123738545
2026-03-23 09:59:09,698 - AEMSOlogs - INFO - RCWA eval:[280 150 223 328 440 293] | diff. eff.:0.017547174998658346
2026-03-23 09:59:09,724 - AEMSOlogs - INFO - RCWA eval:[155 288 281 279 357 323] | diff. eff.:0.23072404936578184
2026-03-23 09:59:09,824 - AEMSOlogs - INFO - RCWA eval:[427 215 222 230 352 210] | diff. eff.:0.11115388533580448
2026-03-23 09:59:09,832 - AEMSOlogs - INFO - RCWA eval:[324 153 177 161 334 165] | diff. eff.:0.15451091162856062
2026-03-23 09:59:09,904 - AEMSOlogs - INFO - RCWA eval:[341 355 327 191 339 248] | diff. eff.:0.12920113417321605
2026-03-23 09:59:09,935 - AEMSOlogs - INFO - RCWA eval:[355 159 267 175 237 211] | diff. eff.:0.07830988327398643
2026-03-23 09:59:10,062 - AEMSOlogs - INFO - RCWA eval:[414 311 257 219 172  20] | diff. eff.:0.017297515874823297
2026-03-23 09:59:10,123 - AEMSOlogs - INFO - RCWA eval:[318 112 320 296 445 118] | diff. eff.:0.232005178514623
2026-03-23 09:59:10,151 - AEMSOlogs - INFO - RCWA eval:[243 186 243 240 315 333] | diff. eff.:0.4177864377230318
2026-03-23 09:59:10,177 - AEMSOlogs - INFO - RCWA eval:[337 206 307 325 411 262] | diff. eff.:0.10200298434054998
2026-03-23 09:59:10,266 - AEMSOlogs - INFO - RCWA eval:[249 136 291 278 450 362] | diff. eff.:0.3223608778282093
2026-03-23 09:59:10,318 - AEMSOlogs - INFO - RCWA eval:[346 121 198 169 304 165] | diff. eff.:0.5434325896243168
2026-03-23 09:59:10,331 - AEMSOlogs - INFO - RCWA eval:[293 179 245 307  79 221] | diff. eff.:0.04671461437946129
2026-03-23 09:59:10,348 - AEMSOlogs - INFO - Iteration 3: Best Y = -0.5434325896243168 at x = [0.75801057 0.23420524 0.41471701 0.34592994 0.65994504 0.33824979]
2026-03-23 09:59:10,352 - AEMSOlogs - INFO - Working on simulations...
2026-03-23 09:59:34,702 - AEMSOlogs - INFO - RCWA eval:[255 129 246 127 447 162] | diff. eff.:0.016922537651469425
2026-03-23 09:59:34,897 - AEMSOlogs - INFO - RCWA eval:[220  83 118  76 365 300] | diff. eff.:0.021539289380066814
2026-03-23 09:59:34,938 - AEMSOlogs - INFO - RCWA eval:[372  96 146 179 388 205] | diff. eff.:0.050626016480638594
2026-03-23 09:59:34,989 - AEMSOlogs - INFO - RCWA eval:[251  55 158 253 375 322] | diff. eff.:0.09514565733458401
2026-03-23 09:59:35,047 - AEMSOlogs - INFO - RCWA eval:[365 164 318 172 282 247] | diff. eff.:0.04567985653819078
2026-03-23 09:59:35,074 - AEMSOlogs - INFO - RCWA eval:[195 235 360 113 331 291] | diff. eff.:0.008594358281694225
2026-03-23 09:59:35,125 - AEMSOlogs - INFO - RCWA eval:[151 142 264 282 303 134] | diff. eff.:0.427749375375458
2026-03-23 09:59:35,201 - AEMSOlogs - INFO - RCWA eval:[298 234 322 224 329 223] | diff. eff.:0.0643278001757886
2026-03-23 09:59:35,255 - AEMSOlogs - INFO - RCWA eval:[390  47 304 247 347 281] | diff. eff.:0.22893474727090266
2026-03-23 09:59:35,288 - AEMSOlogs - INFO - RCWA eval:[411  81 132 275 348 224] | diff. eff.:0.26425687887769733
2026-03-23 09:59:35,351 - AEMSOlogs - INFO - RCWA eval:[234 170 289 317 343 220] | diff. eff.:0.5995727017752289
2026-03-23 09:59:35,397 - AEMSOlogs - INFO - RCWA eval:[205 104 385 254 267 278] | diff. eff.:0.16031013839175393
2026-03-23 09:59:35,432 - AEMSOlogs - INFO - RCWA eval:[418 108 282 225 350 253] | diff. eff.:0.18218302503587208
2026-03-23 09:59:35,453 - AEMSOlogs - INFO - RCWA eval:[284 165 172 310 291 247] | diff. eff.:0.006318957620392924
2026-03-23 09:59:35,469 - AEMSOlogs - INFO - Iteration 4: Best Y = -0.5995727017752289 at x = [0.49754843 0.34855957 0.62671963 0.69176271 0.75182383 0.46585636]
2026-03-23 09:59:35,473 - AEMSOlogs - INFO - Working on simulations...
2026-03-23 10:00:00,009 - AEMSOlogs - INFO - RCWA eval:[249  70 335 314 408 190] | diff. eff.:0.4039944373756461
2026-03-23 10:00:00,359 - AEMSOlogs - INFO - RCWA eval:[184 194 246 178 300 355] | diff. eff.:0.3929982449481074
2026-03-23 10:00:00,382 - AEMSOlogs - INFO - RCWA eval:[193 291 279 381 288 261] | diff. eff.:0.12092125570806792
2026-03-23 10:00:00,416 - AEMSOlogs - INFO - RCWA eval:[299 202 189 338 257 308] | diff. eff.:0.04150790728045771
2026-03-23 10:00:00,430 - AEMSOlogs - INFO - RCWA eval:[175 173 303 288 303 225] | diff. eff.:0.2264070130654961
2026-03-23 10:00:00,460 - AEMSOlogs - INFO - RCWA eval:[319  74 246 283 366 131] | diff. eff.:0.017957602588268447
2026-03-23 10:00:00,473 - AEMSOlogs - INFO - RCWA eval:[225 126 304 258 381 255] | diff. eff.:0.24834960231966183
2026-03-23 10:00:00,533 - AEMSOlogs - INFO - RCWA eval:[296 179 261 308 392 238] | diff. eff.:0.06147052546253708
2026-03-23 10:00:00,541 - AEMSOlogs - INFO - RCWA eval:[324 191 210 197 327 112] | diff. eff.:0.2842904986253106
2026-03-23 10:00:00,556 - AEMSOlogs - INFO - RCWA eval:[359 200 333 355 365 157] | diff. eff.:0.18241199826675863
2026-03-23 10:00:00,655 - AEMSOlogs - INFO - RCWA eval:[292  40 188 220 248 172] | diff. eff.:0.13849281184345288
2026-03-23 10:00:00,713 - AEMSOlogs - INFO - RCWA eval:[225 187 301 305 317 261] | diff. eff.:0.30646952061906785
2026-03-23 10:00:00,743 - AEMSOlogs - INFO - RCWA eval:[242  74 239 298 395 204] | diff. eff.:0.12503443861788172
2026-03-23 10:00:00,841 - AEMSOlogs - INFO - RCWA eval:[234 154 258 327 272  66] | diff. eff.:0.037511803312255565
2026-03-23 10:00:00,856 - AEMSOlogs - INFO - Iteration 5: Best Y = -0.5995727017752289 at x = [0.49754843 0.34855957 0.62671963 0.69176271 0.75182383 0.46585636]
2026-03-23 10:00:00,860 - AEMSOlogs - INFO - Working on simulations...
2026-03-23 10:00:25,412 - AEMSOlogs - INFO - RCWA eval:[193  95 268 250 338 273] | diff. eff.:0.2239331650827606
2026-03-23 10:00:25,682 - AEMSOlogs - INFO - RCWA eval:[252 159 312 151 361 272] | diff. eff.:0.3563315772340382
2026-03-23 10:00:25,771 - AEMSOlogs - INFO - RCWA eval:[204 244 278 316 260 274] | diff. eff.:0.05984552190444847
2026-03-23 10:00:25,786 - AEMSOlogs - INFO - RCWA eval:[124 156 264 225 353 364] | diff. eff.:0.635306288877435
2026-03-23 10:00:25,825 - AEMSOlogs - INFO - RCWA eval:[158 150 384 407 378 310] | diff. eff.:0.0727788411851656
2026-03-23 10:00:25,844 - AEMSOlogs - INFO - RCWA eval:[323  37 209 261 336  92] | diff. eff.:0.22740010096299393
2026-03-23 10:00:25,877 - AEMSOlogs - INFO - RCWA eval:[251 138 321 291 255 202] | diff. eff.:0.03639667950556867
2026-03-23 10:00:25,919 - AEMSOlogs - INFO - RCWA eval:[275 179 303 221 440 345] | diff. eff.:0.31259475042227836
2026-03-23 10:00:25,921 - AEMSOlogs - INFO - RCWA eval:[122 287 255 279 403 353] | diff. eff.:0.2343526732504578
2026-03-23 10:00:25,943 - AEMSOlogs - INFO - RCWA eval:[215 178 253 296 398  92] | diff. eff.:0.25336242300246514
2026-03-23 10:00:25,995 - AEMSOlogs - INFO - RCWA eval:[143 106 351 221 358 244] | diff. eff.:0.1185209597093621
2026-03-23 10:00:26,063 - AEMSOlogs - INFO - RCWA eval:[254 134 367 238 447 331] | diff. eff.:0.0118069889519808
2026-03-23 10:00:26,136 - AEMSOlogs - INFO - RCWA eval:[154 187 337 209 380 420] | diff. eff.:0.11915535872130613
2026-03-23 10:00:26,154 - AEMSOlogs - INFO - RCWA eval:[137 150 353 181 346 221] | diff. eff.:0.01212235118093258
2026-03-23 10:00:26,177 - AEMSOlogs - INFO - Iteration 6: Best Y = -0.635306288877435 at x = [0.24112943 0.31735397 0.56630469 0.47766572 0.77453197 0.79886034]
2026-03-23 10:00:26,181 - AEMSOlogs - INFO - Working on simulations...
2026-03-23 10:00:50,891 - AEMSOlogs - INFO - RCWA eval:[232  95 240 153 373 286] | diff. eff.:0.0055323988766848185
2026-03-23 10:00:51,059 - AEMSOlogs - INFO - RCWA eval:[157 176 296 200 399 310] | diff. eff.:0.0485660157222867
2026-03-23 10:00:51,072 - AEMSOlogs - INFO - RCWA eval:[127 247 245 155 287 284] | diff. eff.:0.07740761878800603
2026-03-23 10:00:51,111 - AEMSOlogs - INFO - RCWA eval:[111 188 273 211 315 311] | diff. eff.:0.3623380642800931
2026-03-23 10:00:51,152 - AEMSOlogs - INFO - RCWA eval:[246  87 357 210 332 273] | diff. eff.:0.04623913774457678
2026-03-23 10:00:51,166 - AEMSOlogs - INFO - RCWA eval:[351 171 315 224 349 311] | diff. eff.:0.054654205112479384
2026-03-23 10:00:51,184 - AEMSOlogs - INFO - RCWA eval:[343 261 237 101 267 245] | diff. eff.:0.16555160046339323
2026-03-23 10:00:51,203 - AEMSOlogs - INFO - RCWA eval:[271 162 290 274 330 208] | diff. eff.:0.18016624985567858
2026-03-23 10:00:51,231 - AEMSOlogs - INFO - RCWA eval:[166 224  98 122 325 260] | diff. eff.:0.033599825414012595
2026-03-23 10:00:51,244 - AEMSOlogs - INFO - RCWA eval:[115 114 298 112 340 300] | diff. eff.:0.1479454007865532
2026-03-23 10:00:51,284 - AEMSOlogs - INFO - RCWA eval:[284 270 138 221 311 280] | diff. eff.:0.028916944298836934
2026-03-23 10:00:51,385 - AEMSOlogs - INFO - RCWA eval:[229 258 203 121 210 355] | diff. eff.:0.008879664970844085
2026-03-23 10:00:51,406 - AEMSOlogs - INFO - RCWA eval:[147 192 169 119 334 286] | diff. eff.:0.03086010643708414
2026-03-23 10:00:51,410 - AEMSOlogs - INFO - RCWA eval:[167 122 289 220 323 280] | diff. eff.:0.03999862121194524
2026-03-23 10:00:51,427 - AEMSOlogs - INFO - Iteration 7: Best Y = -0.635306288877435 at x = [0.24112943 0.31735397 0.56630469 0.47766572 0.77453197 0.79886034]
2026-03-23 10:00:51,431 - AEMSOlogs - INFO - Working on simulations...
2026-03-23 10:01:16,025 - AEMSOlogs - INFO - RCWA eval:[128 273 258 106 275 200] | diff. eff.:0.004871966913915612
2026-03-23 10:01:16,218 - AEMSOlogs - INFO - RCWA eval:[344 138 270 144 258 357] | diff. eff.:0.24779609278394812
2026-03-23 10:01:16,261 - AEMSOlogs - INFO - RCWA eval:[249 152 208 139 301 275] | diff. eff.:0.10894474338682868
2026-03-23 10:01:16,292 - AEMSOlogs - INFO - RCWA eval:[106 230 291 227 293 390] | diff. eff.:0.24861738678955783
2026-03-23 10:01:16,430 - AEMSOlogs - INFO - RCWA eval:[211 123 256 150 229 285] | diff. eff.:0.07445563912549544
2026-03-23 10:01:16,440 - AEMSOlogs - INFO - RCWA eval:[213 143 249  95 407 319] | diff. eff.:0.11851259344271829
2026-03-23 10:01:16,447 - AEMSOlogs - INFO - RCWA eval:[108  76 195 229 278 340] | diff. eff.:0.46778125664304027
2026-03-23 10:01:16,468 - AEMSOlogs - INFO - RCWA eval:[377  49 290 118 328 154] | diff. eff.:0.10874187689948321
2026-03-23 10:01:16,507 - AEMSOlogs - INFO - RCWA eval:[ 89 172 268 200 284 239] | diff. eff.:0.1321768834179156
2026-03-23 10:01:16,512 - AEMSOlogs - INFO - RCWA eval:[235 136 294 127 334 105] | diff. eff.:0.45131978475453893
2026-03-23 10:01:16,530 - AEMSOlogs - INFO - RCWA eval:[305 239 244 182 317 280] | diff. eff.:0.08388974043278657
2026-03-23 10:01:16,553 - AEMSOlogs - INFO - RCWA eval:[ 98 188 192 221 345 240] | diff. eff.:0.013264643706192611
2026-03-23 10:01:16,598 - AEMSOlogs - INFO - RCWA eval:[ 33 187 343 136 196 243] | diff. eff.:0.14356244211525024
2026-03-23 10:01:16,616 - AEMSOlogs - INFO - RCWA eval:[ 23 164 286 161 290 321] | diff. eff.:0.3625176889179847
2026-03-23 10:01:16,632 - AEMSOlogs - INFO - Iteration 8: Best Y = -0.635306288877435 at x = [0.24112943 0.31735397 0.56630469 0.47766572 0.77453197 0.79886034]
2026-03-23 10:01:16,636 - AEMSOlogs - INFO - Working on simulations...
2026-03-23 10:01:41,232 - AEMSOlogs - INFO - RCWA eval:[ 43 152 314 177 259 358] | diff. eff.:0.11775121965624216
2026-03-23 10:01:41,508 - AEMSOlogs - INFO - RCWA eval:[156 178 339 173 362 276] | diff. eff.:0.2105370911512165
2026-03-23 10:01:41,532 - AEMSOlogs - INFO - RCWA eval:[ 75  60 291 167 335 279] | diff. eff.:0.0012548520949952683
2026-03-23 10:01:41,558 - AEMSOlogs - INFO - RCWA eval:[220 107 265 162 296 199] | diff. eff.:0.14323328431198715
2026-03-23 10:01:41,602 - AEMSOlogs - INFO - RCWA eval:[331  50 316 203 297 275] | diff. eff.:0.19346217551363598
2026-03-23 10:01:41,608 - AEMSOlogs - INFO - RCWA eval:[113 208 215 238 237 231] | diff. eff.:0.03224444210442187
2026-03-23 10:01:41,629 - AEMSOlogs - INFO - RCWA eval:[124 125 218 138 188 301] | diff. eff.:0.2143822462668793
2026-03-23 10:01:41,693 - AEMSOlogs - INFO - RCWA eval:[186 178 288 177 308 248] | diff. eff.:0.2475507395338314
2026-03-23 10:01:41,730 - AEMSOlogs - INFO - RCWA eval:[ 39 187 233 262 393 285] | diff. eff.:0.06183989255852585
2026-03-23 10:01:41,764 - AEMSOlogs - INFO - RCWA eval:[ 53 204 287 160 336 173] | diff. eff.:0.446807448004784
2026-03-23 10:01:41,768 - AEMSOlogs - INFO - RCWA eval:[ 62  72 257 253 286 174] | diff. eff.:0.27008544513545474
2026-03-23 10:01:41,803 - AEMSOlogs - INFO - RCWA eval:[ 90  21 387 191 210 115] | diff. eff.:0.03288717277187685
2026-03-23 10:01:41,835 - AEMSOlogs - INFO - RCWA eval:[200  60 266  60 414 251] | diff. eff.:0.030216108398348377
2026-03-23 10:01:41,875 - AEMSOlogs - INFO - RCWA eval:[387  46 186  65 192 233] | diff. eff.:0.060515953575781135
2026-03-23 10:01:41,890 - AEMSOlogs - INFO - Iteration 9: Best Y = -0.635306288877435 at x = [0.24112943 0.31735397 0.56630469 0.47766572 0.77453197 0.79886034]
2026-03-23 10:01:41,894 - AEMSOlogs - INFO - Working on simulations...
2026-03-23 10:02:06,488 - AEMSOlogs - INFO - RCWA eval:[114 172 356 180 400  20] | diff. eff.:0.06856999172258295
2026-03-23 10:02:06,586 - AEMSOlogs - INFO - RCWA eval:[289 107 274 170 311  25] | diff. eff.:0.03713329415268095
2026-03-23 10:02:06,744 - AEMSOlogs - INFO - RCWA eval:[ 21  22 269 313 251 321] | diff. eff.:0.3912057264976111
2026-03-23 10:02:06,746 - AEMSOlogs - INFO - RCWA eval:[131 160 312 109 435 319] | diff. eff.:0.043884427521018274
2026-03-23 10:02:06,805 - AEMSOlogs - INFO - RCWA eval:[ 80 102 324 289 302 179] | diff. eff.:0.4552240733278873
2026-03-23 10:02:06,866 - AEMSOlogs - INFO - RCWA eval:[230  43 264 312 349 167] | diff. eff.:0.5088331482626297
2026-03-23 10:02:06,869 - AEMSOlogs - INFO - RCWA eval:[ 94  38 374 162 225 167] | diff. eff.:0.07338692680630518
2026-03-23 10:02:06,916 - AEMSOlogs - INFO - RCWA eval:[ 37 175 251 132 257 363] | diff. eff.:0.25160790107885667
2026-03-23 10:02:06,917 - AEMSOlogs - INFO - RCWA eval:[306 164 256 245 304 424] | diff. eff.:0.08887832583042936
2026-03-23 10:02:06,956 - AEMSOlogs - INFO - RCWA eval:[ 80  60 312 187 312 181] | diff. eff.:0.06000482350392088
2026-03-23 10:02:06,985 - AEMSOlogs - INFO - RCWA eval:[ 97 196 321 125 335 222] | diff. eff.:0.33659889205533555
2026-03-23 10:02:07,007 - AEMSOlogs - INFO - RCWA eval:[214  20 140 204 262 136] | diff. eff.:0.04769213339543373
2026-03-23 10:02:07,062 - AEMSOlogs - INFO - RCWA eval:[ 55  20 289 242 313 114] | diff. eff.:0.4727675241437556
2026-03-23 10:02:07,062 - AEMSOlogs - INFO - RCWA eval:[260 274 293 153 272 245] | diff. eff.:0.050861374266350345
2026-03-23 10:02:07,077 - AEMSOlogs - INFO - Iteration 10: Best Y = -0.635306288877435 at x = [0.24112943 0.31735397 0.56630469 0.47766572 0.77453197 0.79886034]
2026-03-23 10:02:07,081 - AEMSOlogs - INFO - Working on simulations...
2026-03-23 10:02:31,649 - AEMSOlogs - INFO - RCWA eval:[163  56 318 353 301  99] | diff. eff.:0.3008531041905601
2026-03-23 10:02:31,766 - AEMSOlogs - INFO - RCWA eval:[ 26  95 216 358 208 236] | diff. eff.:0.12793065166337952
2026-03-23 10:02:31,787 - AEMSOlogs - INFO - RCWA eval:[ 29  23 360 302 299  42] | diff. eff.:0.19400169392378747
2026-03-23 10:02:31,949 - AEMSOlogs - INFO - RCWA eval:[ 41  76 320 238 393  20] | diff. eff.:0.19303582674989112
2026-03-23 10:02:31,993 - AEMSOlogs - INFO - RCWA eval:[ 49 108 394 272 409 123] | diff. eff.:0.023996411023654865
2026-03-23 10:02:32,035 - AEMSOlogs - INFO - RCWA eval:[ 26  79 207 308 358 153] | diff. eff.:0.2939029039331545
2026-03-23 10:02:32,049 - AEMSOlogs - INFO - RCWA eval:[118 182 293 247 280 239] | diff. eff.:0.09387591542045884
2026-03-23 10:02:32,074 - AEMSOlogs - INFO - RCWA eval:[ 90  28 238 127 219 316] | diff. eff.:0.45667176096167894
2026-03-23 10:02:32,114 - AEMSOlogs - INFO - RCWA eval:[ 51  73 265 271 248 143] | diff. eff.:0.14315221395557004
2026-03-23 10:02:32,120 - AEMSOlogs - INFO - RCWA eval:[240 165 268 229 339 260] | diff. eff.:0.044065858573165397
2026-03-23 10:02:32,165 - AEMSOlogs - INFO - RCWA eval:[ 47  47 249 190 287 273] | diff. eff.:0.17257012696791707
2026-03-23 10:02:32,196 - AEMSOlogs - INFO - RCWA eval:[162  22 277 266 188 364] | diff. eff.:0.31619231130825276
2026-03-23 10:02:32,224 - AEMSOlogs - INFO - RCWA eval:[ 30  27 312 372 369 132] | diff. eff.:0.1503505739820946
2026-03-23 10:02:32,226 - AEMSOlogs - INFO - RCWA eval:[136 104 198 234 248 226] | diff. eff.:0.07310717040803773
2026-03-23 10:02:32,240 - AEMSOlogs - INFO - Iteration 11: Best Y = -0.635306288877435 at x = [0.24112943 0.31735397 0.56630469 0.47766572 0.77453197 0.79886034]
2026-03-23 10:02:32,244 - AEMSOlogs - INFO - Working on simulations...
2026-03-23 10:02:56,841 - AEMSOlogs - INFO - RCWA eval:[187  31 249  51 150 272] | diff. eff.:0.028098766668019724
2026-03-23 10:02:56,988 - AEMSOlogs - INFO - RCWA eval:[159  57 347 259 295 247] | diff. eff.:0.017763164356396494
2026-03-23 10:02:57,035 - AEMSOlogs - INFO - RCWA eval:[ 55  42 350 191 226 286] | diff. eff.:0.08208881957182501
2026-03-23 10:02:57,142 - AEMSOlogs - INFO - RCWA eval:[ 53  26 292 122 188 334] | diff. eff.:0.18743375280861643
2026-03-23 10:02:57,198 - AEMSOlogs - INFO - RCWA eval:[167  59 357 165 166 333] | diff. eff.:0.020664152118145797
2026-03-23 10:02:57,214 - AEMSOlogs - INFO - RCWA eval:[195  22 271 215 243 177] | diff. eff.:0.03087436472993211
2026-03-23 10:02:57,268 - AEMSOlogs - INFO - RCWA eval:[ 33  27 250 313 219 230] | diff. eff.:0.13591444377782672
2026-03-23 10:02:57,298 - AEMSOlogs - INFO - RCWA eval:[ 31  96 177 255 321 147] | diff. eff.:0.49830025869548616
2026-03-23 10:02:57,301 - AEMSOlogs - INFO - RCWA eval:[ 85  28 247 147 301 295] | diff. eff.:0.3303683859966885
2026-03-23 10:02:57,336 - AEMSOlogs - INFO - RCWA eval:[187 101 299 256 360 230] | diff. eff.:0.42291944503551504
2026-03-23 10:02:57,338 - AEMSOlogs - INFO - RCWA eval:[248  51 265 369 222 119] | diff. eff.:0.1217166124113398
2026-03-23 10:02:57,360 - AEMSOlogs - INFO - RCWA eval:[ 53 157 320 304 285 139] | diff. eff.:0.2613043780114771
2026-03-23 10:02:57,377 - AEMSOlogs - INFO - RCWA eval:[ 94 222 273  92 201 237] | diff. eff.:0.03506198635837869
2026-03-23 10:02:57,389 - AEMSOlogs - INFO - RCWA eval:[202  38 282 312 296 133] | diff. eff.:0.2550158089084776
2026-03-23 10:02:57,402 - AEMSOlogs - INFO - Iteration 12: Best Y = -0.635306288877435 at x = [0.24112943 0.31735397 0.56630469 0.47766572 0.77453197 0.79886034]
2026-03-23 10:02:57,406 - AEMSOlogs - INFO - Working on simulations...
2026-03-23 10:03:22,054 - AEMSOlogs - INFO - RCWA eval:[210  86 245 250 194 156] | diff. eff.:0.043039078131340884
2026-03-23 10:03:22,150 - AEMSOlogs - INFO - RCWA eval:[120  62 262 355 378  62] | diff. eff.:0.3457593104878258
2026-03-23 10:03:22,183 - AEMSOlogs - INFO - RCWA eval:[130  68 258 271 235  61] | diff. eff.:0.14357404136707952
2026-03-23 10:03:22,209 - AEMSOlogs - INFO - RCWA eval:[233  34 268 293 358 318] | diff. eff.:0.442780264407819
2026-03-23 10:03:22,291 - AEMSOlogs - INFO - RCWA eval:[ 20 287 250 375 419  20] | diff. eff.:0.2707045105035376
2026-03-23 10:03:22,390 - AEMSOlogs - INFO - RCWA eval:[168  42 184 188 413 162] | diff. eff.:0.0019603839041524304
2026-03-23 10:03:22,395 - AEMSOlogs - INFO - RCWA eval:[208  24 213 231 438  20] | diff. eff.:0.017944299454780512
2026-03-23 10:03:22,432 - AEMSOlogs - INFO - RCWA eval:[ 67  31 227 325 269 117] | diff. eff.:0.016406155015342157
2026-03-23 10:03:22,447 - AEMSOlogs - INFO - RCWA eval:[173 136 285 154 187 127] | diff. eff.:0.10665642587267338
2026-03-23 10:03:22,484 - AEMSOlogs - INFO - RCWA eval:[ 22  71 205 140 447 197] | diff. eff.:0.0170948714784906
2026-03-23 10:03:22,484 - AEMSOlogs - INFO - RCWA eval:[192 104 263 134 421 238] | diff. eff.:0.009214523160182642
2026-03-23 10:03:22,485 - AEMSOlogs - INFO - RCWA eval:[129  24 312 151 301 159] | diff. eff.:0.02962517215147748
2026-03-23 10:03:22,518 - AEMSOlogs - INFO - RCWA eval:[ 35 183 251 272 411 364] | diff. eff.:0.36785375411069887
2026-03-23 10:03:22,546 - AEMSOlogs - INFO - RCWA eval:[125  22 225 323 337 150] | diff. eff.:0.31932726492464447
2026-03-23 10:03:22,560 - AEMSOlogs - INFO - Iteration 13: Best Y = -0.635306288877435 at x = [0.24112943 0.31735397 0.56630469 0.47766572 0.77453197 0.79886034]
2026-03-23 10:03:22,564 - AEMSOlogs - INFO - Working on simulations...
2026-03-23 10:03:47,125 - AEMSOlogs - INFO - RCWA eval:[ 21  88 236 223 296 350] | diff. eff.:0.619416249754302
2026-03-23 10:03:47,273 - AEMSOlogs - INFO - RCWA eval:[211  80 239 371 354 439] | diff. eff.:0.20639358908006322
2026-03-23 10:03:47,294 - AEMSOlogs - INFO - RCWA eval:[161  21 250 400 257 256] | diff. eff.:0.06448353973491369
2026-03-23 10:03:47,343 - AEMSOlogs - INFO - RCWA eval:[ 25  90 232 334 352 407] | diff. eff.:0.5950276933015689
2026-03-23 10:03:47,431 - AEMSOlogs - INFO - RCWA eval:[138 174 297 360 324 241] | diff. eff.:0.2009667060595208
2026-03-23 10:03:47,468 - AEMSOlogs - INFO - RCWA eval:[ 40 199 340 375 320 449] | diff. eff.:0.07484994777803569
2026-03-23 10:03:47,532 - AEMSOlogs - INFO - RCWA eval:[176  22 158 206 356 280] | diff. eff.:0.225513049133616
2026-03-23 10:03:47,534 - AEMSOlogs - INFO - RCWA eval:[ 86 352 281 354 400 142] | diff. eff.:0.2665825133461127
2026-03-23 10:03:47,587 - AEMSOlogs - INFO - RCWA eval:[229  29 162 333 333 282] | diff. eff.:0.09262725265006294
2026-03-23 10:03:47,597 - AEMSOlogs - INFO - RCWA eval:[174  25 199 292 385 141] | diff. eff.:0.1429385426454971
2026-03-23 10:03:47,602 - AEMSOlogs - INFO - RCWA eval:[211 141 287 450 314 399] | diff. eff.:0.3197951888211093
2026-03-23 10:03:47,612 - AEMSOlogs - INFO - RCWA eval:[179  99 184 213 370 248] | diff. eff.:0.01191389656611006
2026-03-23 10:03:47,632 - AEMSOlogs - INFO - RCWA eval:[139 220 280 327 338 260] | diff. eff.:0.5244138194611301
2026-03-23 10:03:47,654 - AEMSOlogs - INFO - RCWA eval:[ 40 177 191 159 353 165] | diff. eff.:0.18086181249021957
2026-03-23 10:03:47,668 - AEMSOlogs - INFO - Iteration 14: Best Y = -0.635306288877435 at x = [0.24112943 0.31735397 0.56630469 0.47766572 0.77453197 0.79886034]
2026-03-23 10:03:47,671 - AEMSOlogs - INFO - Working on simulations...
2026-03-23 10:04:12,130 - AEMSOlogs - INFO - RCWA eval:[152  21 236 301 287 269] | diff. eff.:0.16465094052309037
2026-03-23 10:04:12,328 - AEMSOlogs - INFO - RCWA eval:[108  83 203 128 233 450] | diff. eff.:0.02008154030005827
2026-03-23 10:04:12,433 - AEMSOlogs - INFO - RCWA eval:[ 43 115 222 382 369 332] | diff. eff.:0.018036433007109786
2026-03-23 10:04:12,488 - AEMSOlogs - INFO - RCWA eval:[112 209 280 448 446 433] | diff. eff.:0.161787635988636
2026-03-23 10:04:12,538 - AEMSOlogs - INFO - RCWA eval:[ 32 270 265 440 412  87] | diff. eff.:0.1981499521366494
2026-03-23 10:04:12,552 - AEMSOlogs - INFO - RCWA eval:[ 82 366 159 294 393 445] | diff. eff.:0.04561108396109338
2026-03-23 10:04:12,590 - AEMSOlogs - INFO - RCWA eval:[186 271 299 450 411 328] | diff. eff.:0.12294560064938997
2026-03-23 10:04:12,628 - AEMSOlogs - INFO - RCWA eval:[ 26 175 252 263 435 405] | diff. eff.:0.16894537555070024
2026-03-23 10:04:12,637 - AEMSOlogs - INFO - RCWA eval:[ 95  82 108 170 311 391] | diff. eff.:0.2231647822190848
2026-03-23 10:04:12,655 - AEMSOlogs - INFO - RCWA eval:[ 50  36 247 247 448 176] | diff. eff.:0.05281558690788064
2026-03-23 10:04:12,717 - AEMSOlogs - INFO - RCWA eval:[124 119 342 151 210 253] | diff. eff.:0.1521674280262039
2026-03-23 10:04:12,778 - AEMSOlogs - INFO - RCWA eval:[ 22 120 228 313 365 402] | diff. eff.:0.41407983849645674
2026-03-23 10:04:12,803 - AEMSOlogs - INFO - RCWA eval:[165  68 205 139 288 441] | diff. eff.:0.08445420470773543
2026-03-23 10:04:12,828 - AEMSOlogs - INFO - RCWA eval:[ 48 192 265 376 364 280] | diff. eff.:0.11775870296390392
2026-03-23 10:04:12,838 - AEMSOlogs - INFO - Iteration 15: Best Y = -0.635306288877435 at x = [0.24112943 0.31735397 0.56630469 0.47766572 0.77453197 0.79886034]
2026-03-23 10:04:12,841 - AEMSOlogs - INFO - Working on simulations...
2026-03-23 10:04:37,379 - AEMSOlogs - INFO - RCWA eval:[ 93 135 354 364 395 279] | diff. eff.:0.2824000557736815
2026-03-23 10:04:37,537 - AEMSOlogs - INFO - RCWA eval:[102  99 309 259 316 312] | diff. eff.:0.2884722020785306
2026-03-23 10:04:37,647 - AEMSOlogs - INFO - RCWA eval:[ 21  91 256 270 417 371] | diff. eff.:0.33170828005176844
2026-03-23 10:04:37,731 - AEMSOlogs - INFO - RCWA eval:[158 111 220 365 449 195] | diff. eff.:0.008849089043537423
2026-03-23 10:04:37,748 - AEMSOlogs - INFO - RCWA eval:[ 48  76 273 341 450 443] | diff. eff.:0.120824976845928
2026-03-23 10:04:37,749 - AEMSOlogs - INFO - RCWA eval:[ 38 398 313 447 450 352] | diff. eff.:0.02118156643008167
2026-03-23 10:04:37,860 - AEMSOlogs - INFO - RCWA eval:[205 132 320 400 389 367] | diff. eff.:0.26946377015007666
2026-03-23 10:04:37,861 - AEMSOlogs - INFO - RCWA eval:[ 26 200 189 302 218 445] | diff. eff.:0.2787335508523688
2026-03-23 10:04:37,873 - AEMSOlogs - INFO - RCWA eval:[ 40  39 132 212 308 325] | diff. eff.:0.44165391331865617
2026-03-23 10:04:37,936 - AEMSOlogs - INFO - RCWA eval:[ 35  21 361 137 275 210] | diff. eff.:0.049950325381589854
2026-03-23 10:04:37,990 - AEMSOlogs - INFO - RCWA eval:[ 22  20 241 136 334 326] | diff. eff.:0.556327339454397
2026-03-23 10:04:38,023 - AEMSOlogs - INFO - RCWA eval:[229  64 199 236 316 444] | diff. eff.:0.15156612378962542
2026-03-23 10:04:38,112 - AEMSOlogs - INFO - RCWA eval:[176  20 230 307 334 367] | diff. eff.:0.8047291692268684
2026-03-23 10:04:38,119 - AEMSOlogs - INFO - RCWA eval:[100  40 244 260 323 235] | diff. eff.:0.15394092413765117
2026-03-23 10:04:38,134 - AEMSOlogs - INFO - Iteration 16: Best Y = -0.8047291692268684 at x = [3.61736381e-01 3.49468316e-04 4.88007522e-01 6.67680424e-01
 7.31213619e-01 8.06369173e-01]
2026-03-23 10:04:38,139 - AEMSOlogs - INFO - Working on simulations...
2026-03-23 10:05:02,759 - AEMSOlogs - INFO - RCWA eval:[308  67 223 234 240 183] | diff. eff.:0.16291660251888737
2026-03-23 10:05:02,892 - AEMSOlogs - INFO - RCWA eval:[ 68  83 187 155 287 449] | diff. eff.:0.0871702693216207
2026-03-23 10:05:02,987 - AEMSOlogs - INFO - RCWA eval:[ 82  65 220 364 369 405] | diff. eff.:0.1422183847602695
2026-03-23 10:05:03,020 - AEMSOlogs - INFO - RCWA eval:[ 31  26 172 321 446 219] | diff. eff.:0.053446354923717805
2026-03-23 10:05:03,048 - AEMSOlogs - INFO - RCWA eval:[175  84 240 102 227 304] | diff. eff.:0.24017730623900205
2026-03-23 10:05:03,053 - AEMSOlogs - INFO - RCWA eval:[ 36  40 186 221 345 433] | diff. eff.:0.13562917203324742
2026-03-23 10:05:03,164 - AEMSOlogs - INFO - RCWA eval:[106  21 178 224 348 276] | diff. eff.:0.2739608761342012
2026-03-23 10:05:03,208 - AEMSOlogs - INFO - RCWA eval:[138  21 228 225 328 313] | diff. eff.:0.5962791798113991
2026-03-23 10:05:03,211 - AEMSOlogs - INFO - RCWA eval:[ 22  29 277 188 304 450] | diff. eff.:0.28200886574854234
2026-03-23 10:05:03,256 - AEMSOlogs - INFO - RCWA eval:[ 51  87 267 212 444 442] | diff. eff.:0.07545978123445267
2026-03-23 10:05:03,300 - AEMSOlogs - INFO - RCWA eval:[ 69  56 212 166 245 325] | diff. eff.:0.40922767511528946
2026-03-23 10:05:03,313 - AEMSOlogs - INFO - RCWA eval:[ 20 115 221 164 337 449] | diff. eff.:0.05552794080131853
2026-03-23 10:05:03,322 - AEMSOlogs - INFO - RCWA eval:[ 24  31 216 234 425 393] | diff. eff.:0.1358776047028531
2026-03-23 10:05:03,464 - AEMSOlogs - INFO - RCWA eval:[ 46  30 264 236 236 112] | diff. eff.:0.08095521065616776
2026-03-23 10:05:03,478 - AEMSOlogs - INFO - Iteration 17: Best Y = -0.8047291692268684 at x = [3.61736381e-01 3.49468316e-04 4.88007522e-01 6.67680424e-01
 7.31213619e-01 8.06369173e-01]
2026-03-23 10:05:03,482 - AEMSOlogs - INFO - Working on simulations...
2026-03-23 10:05:28,123 - AEMSOlogs - INFO - RCWA eval:[133  76 207 131 308 190] | diff. eff.:0.21571808455496636
2026-03-23 10:05:28,278 - AEMSOlogs - INFO - RCWA eval:[ 21 229 219 309 401 214] | diff. eff.:0.27866860637928265
2026-03-23 10:05:28,322 - AEMSOlogs - INFO - RCWA eval:[136  66 196 130 247 419] | diff. eff.:0.03420070972552993
2026-03-23 10:05:28,334 - AEMSOlogs - INFO - RCWA eval:[ 56  85 253 141 222 283] | diff. eff.:0.11762834745851773
2026-03-23 10:05:28,406 - AEMSOlogs - INFO - RCWA eval:[ 93  48 208 186 268 396] | diff. eff.:0.1480241382328517
2026-03-23 10:05:28,463 - AEMSOlogs - INFO - RCWA eval:[ 84  50 181 176 289 259] | diff. eff.:0.18082667216163634
2026-03-23 10:05:28,522 - AEMSOlogs - INFO - RCWA eval:[104  26 248 199 362 443] | diff. eff.:0.12885300422420234
2026-03-23 10:05:28,558 - AEMSOlogs - INFO - RCWA eval:[ 35  78 217 171 307 338] | diff. eff.:0.533052229729559
2026-03-23 10:05:28,571 - AEMSOlogs - INFO - RCWA eval:[ 32  24 282 211 270 205] | diff. eff.:0.06869904118518333
2026-03-23 10:05:28,584 - AEMSOlogs - INFO - RCWA eval:[202  28 186 262 396 449] | diff. eff.:0.03445018556287918
2026-03-23 10:05:28,596 - AEMSOlogs - INFO - RCWA eval:[237  71 268 330 256 358] | diff. eff.:0.3805774950926463
2026-03-23 10:05:28,740 - AEMSOlogs - INFO - RCWA eval:[ 27  28 241 164 225 210] | diff. eff.:0.019521871864944133
2026-03-23 10:05:28,751 - AEMSOlogs - INFO - RCWA eval:[ 56  99 190 240 331 277] | diff. eff.:0.19642690951495362
2026-03-23 10:05:28,806 - AEMSOlogs - INFO - RCWA eval:[176 173 202  43 358 450] | diff. eff.:0.05599776840629345
2026-03-23 10:05:28,820 - AEMSOlogs - INFO - Iteration 18: Best Y = -0.8047291692268684 at x = [3.61736381e-01 3.49468316e-04 4.88007522e-01 6.67680424e-01
 7.31213619e-01 8.06369173e-01]
2026-03-23 10:05:28,824 - AEMSOlogs - INFO - Working on simulations...
2026-03-23 10:05:53,461 - AEMSOlogs - INFO - RCWA eval:[ 20  79 212 275 376 361] | diff. eff.:0.3440231975424248
2026-03-23 10:05:53,548 - AEMSOlogs - INFO - RCWA eval:[ 29  29 210 235 302 412] | diff. eff.:0.3197156816582232
2026-03-23 10:05:53,629 - AEMSOlogs - INFO - RCWA eval:[106  96 177 296 321 331] | diff. eff.:0.7050133799670829
2026-03-23 10:05:53,842 - AEMSOlogs - INFO - RCWA eval:[232  64 249 305 375 223] | diff. eff.:0.21071243934585546
2026-03-23 10:05:53,858 - AEMSOlogs - INFO - RCWA eval:[ 68 182 169 285 297 255] | diff. eff.:0.23682272042939603
2026-03-23 10:05:53,867 - AEMSOlogs - INFO - RCWA eval:[157 137 278 315 372 210] | diff. eff.:0.44878626421720047
2026-03-23 10:05:53,908 - AEMSOlogs - INFO - RCWA eval:[ 76  32 244 229 311 431] | diff. eff.:0.35277670151985235
2026-03-23 10:05:53,920 - AEMSOlogs - INFO - RCWA eval:[ 93  71 214 154 207 290] | diff. eff.:0.29597681819943183
2026-03-23 10:05:53,925 - AEMSOlogs - INFO - RCWA eval:[317  30 252 368 355 223] | diff. eff.:0.008832894708503186
2026-03-23 10:05:53,940 - AEMSOlogs - INFO - RCWA eval:[ 76  22 232 220 335 247] | diff. eff.:0.02153010097560742
2026-03-23 10:05:53,991 - AEMSOlogs - INFO - RCWA eval:[121  85 221 302 446 238] | diff. eff.:0.07039974334901124
2026-03-23 10:05:54,006 - AEMSOlogs - INFO - RCWA eval:[ 55  91 234 285 378 302] | diff. eff.:0.13524084733562736
2026-03-23 10:05:54,125 - AEMSOlogs - INFO - RCWA eval:[150 106 226 200 258 291] | diff. eff.:0.24241599739978065
2026-03-23 10:05:54,159 - AEMSOlogs - INFO - RCWA eval:[ 48 167 324  97 302 233] | diff. eff.:0.08547772521161862
2026-03-23 10:05:54,175 - AEMSOlogs - INFO - Iteration 19: Best Y = -0.8047291692268684 at x = [3.61736381e-01 3.49468316e-04 4.88007522e-01 6.67680424e-01
 7.31213619e-01 8.06369173e-01]
2026-03-23 10:05:54,178 - AEMSOlogs - INFO - Working on simulations...
2026-03-23 10:06:18,754 - AEMSOlogs - INFO - RCWA eval:[126  86 214 241 367 419] | diff. eff.:0.10744886753207417
2026-03-23 10:06:18,986 - AEMSOlogs - INFO - RCWA eval:[ 32 167 224 364 330 401] | diff. eff.:0.11506534552940911
2026-03-23 10:06:19,025 - AEMSOlogs - INFO - RCWA eval:[ 91 131 234 297 355 279] | diff. eff.:0.3360256871006984
2026-03-23 10:06:19,065 - AEMSOlogs - INFO - RCWA eval:[128  21 208 218 292 406] | diff. eff.:0.2076299467431722
2026-03-23 10:06:19,095 - AEMSOlogs - INFO - RCWA eval:[ 90 153 242 258 289 306] | diff. eff.:0.47370403653061244
2026-03-23 10:06:19,128 - AEMSOlogs - INFO - RCWA eval:[148 334 264 395 432 184] | diff. eff.:0.17709725065689827
2026-03-23 10:06:19,142 - AEMSOlogs - INFO - RCWA eval:[ 58 110 171 246 301 269] | diff. eff.:0.1320687843132861
2026-03-23 10:06:19,211 - AEMSOlogs - INFO - RCWA eval:[ 20  28 196 190 221 318] | diff. eff.:0.5158838776691235
2026-03-23 10:06:19,224 - AEMSOlogs - INFO - RCWA eval:[ 93 178 186 294 313 278] | diff. eff.:0.23434120980555087
2026-03-23 10:06:19,245 - AEMSOlogs - INFO - RCWA eval:[ 66 179 235 344 369 338] | diff. eff.:0.1397961461347191
2026-03-23 10:06:19,250 - AEMSOlogs - INFO - RCWA eval:[142 105 232 292 309 300] | diff. eff.:0.4728574512087886
2026-03-23 10:06:19,287 - AEMSOlogs - INFO - RCWA eval:[111  31 186 146 229 303] | diff. eff.:0.43174990036480093
2026-03-23 10:06:19,326 - AEMSOlogs - INFO - RCWA eval:[159 136 261 340 368 238] | diff. eff.:0.3869678455993267
2026-03-23 10:06:19,425 - AEMSOlogs - INFO - RCWA eval:[135  35 272 212 265 281] | diff. eff.:0.20190924488058562
2026-03-23 10:06:19,439 - AEMSOlogs - INFO - Iteration 20: Best Y = -0.8047291692268684 at x = [3.61736381e-01 3.49468316e-04 4.88007522e-01 6.67680424e-01
 7.31213619e-01 8.06369173e-01]
2026-03-23 10:06:19,442 - AEMSOlogs - INFO - Working on simulations...
2026-03-23 10:06:43,924 - AEMSOlogs - INFO - RCWA eval:[112 151 138 210 225 408] | diff. eff.:0.10245827834609143
2026-03-23 10:06:44,023 - AEMSOlogs - INFO - RCWA eval:[147 216 269 318 318 166] | diff. eff.:0.6032394928149143
2026-03-23 10:06:44,241 - AEMSOlogs - INFO - RCWA eval:[181  49 268 237 233 300] | diff. eff.:0.203498053257499
2026-03-23 10:06:44,301 - AEMSOlogs - INFO - RCWA eval:[ 44  93 212 159 227 222] | diff. eff.:0.02647602838615763
2026-03-23 10:06:44,324 - AEMSOlogs - INFO - RCWA eval:[ 21  81 223 281 346 388] | diff. eff.:0.6625121235125713
2026-03-23 10:06:44,352 - AEMSOlogs - INFO - RCWA eval:[114 253 239 346 315 300] | diff. eff.:0.147950250292278
2026-03-23 10:06:44,376 - AEMSOlogs - INFO - RCWA eval:[125  69 236 304 326 376] | diff. eff.:0.813867756486637
2026-03-23 10:06:44,412 - AEMSOlogs - INFO - RCWA eval:[ 38  46 182 172 205 426] | diff. eff.:0.0309453024271342
2026-03-23 10:06:44,440 - AEMSOlogs - INFO - RCWA eval:[ 87  22 227 223 198 292] | diff. eff.:0.26558427218471986
2026-03-23 10:06:44,487 - AEMSOlogs - INFO - RCWA eval:[ 83  73 258 170 192 321] | diff. eff.:0.31489145202867436
2026-03-23 10:06:44,500 - AEMSOlogs - INFO - RCWA eval:[ 21  51 219 170 318 308] | diff. eff.:0.4583267620607323
2026-03-23 10:06:44,508 - AEMSOlogs - INFO - RCWA eval:[ 85  75 209 329 340 333] | diff. eff.:0.5617366905780916
2026-03-23 10:06:44,533 - AEMSOlogs - INFO - RCWA eval:[ 34 124 205 354 360 280] | diff. eff.:0.09607482480342064
2026-03-23 10:06:44,562 - AEMSOlogs - INFO - RCWA eval:[ 66  20 210 242 244 303] | diff. eff.:0.5027914222533881
2026-03-23 10:06:44,576 - AEMSOlogs - INFO - Iteration 21: Best Y = -0.813867756486637 at x = [0.24463568 0.11397725 0.50200465 0.66048745 0.71234799 0.82814873]
2026-03-23 10:06:44,580 - AEMSOlogs - INFO - Working on simulations...
2026-03-23 10:07:08,896 - AEMSOlogs - INFO - RCWA eval:[ 31  47 199 195 296 384] | diff. eff.:0.2940913423483069
2026-03-23 10:07:09,179 - AEMSOlogs - INFO - RCWA eval:[ 26  20 174 228 239 380] | diff. eff.:0.1732410119256248
2026-03-23 10:07:09,271 - AEMSOlogs - INFO - RCWA eval:[105  96 222 287 277 292] | diff. eff.:0.3447252796329434
2026-03-23 10:07:09,406 - AEMSOlogs - INFO - RCWA eval:[ 20 105 203 300 327 354] | diff. eff.:0.8188236280962062
2026-03-23 10:07:09,417 - AEMSOlogs - INFO - RCWA eval:[ 36  89 232 316 366 358] | diff. eff.:0.39808867630742445
2026-03-23 10:07:09,442 - AEMSOlogs - INFO - RCWA eval:[ 24 131 277 324 408 350] | diff. eff.:0.45564170274897436
2026-03-23 10:07:09,535 - AEMSOlogs - INFO - RCWA eval:[ 46  39 194 171 277 322] | diff. eff.:0.5429294622915768
2026-03-23 10:07:09,544 - AEMSOlogs - INFO - RCWA eval:[ 37  82 183 249 335 280] | diff. eff.:0.24334950842291583
2026-03-23 10:07:09,565 - AEMSOlogs - INFO - RCWA eval:[ 62  20 176 260 256 367] | diff. eff.:0.3332072244528628
2026-03-23 10:07:09,574 - AEMSOlogs - INFO - RCWA eval:[140 149 255 299 333 291] | diff. eff.:0.412625732463808
2026-03-23 10:07:09,629 - AEMSOlogs - INFO - RCWA eval:[142  74 238 240 236 296] | diff. eff.:0.2547905964511925
2026-03-23 10:07:09,678 - AEMSOlogs - INFO - RCWA eval:[227  46 243 345 319 330] | diff. eff.:0.32492668525311913
2026-03-23 10:07:09,724 - AEMSOlogs - INFO - RCWA eval:[148  54 225 360 306 395] | diff. eff.:0.10384194880546825
2026-03-23 10:07:09,763 - AEMSOlogs - INFO - RCWA eval:[ 24  50 209 200 256 331] | diff. eff.:0.39880106887973277
2026-03-23 10:07:09,777 - AEMSOlogs - INFO - Iteration 22: Best Y = -0.8188236280962062 at x = [2.75276715e-05 1.97778198e-01 4.24752599e-01 6.50171978e-01
 7.13329807e-01 7.76205555e-01]
2026-03-23 10:07:09,780 - AEMSOlogs - INFO - Working on simulations...
2026-03-23 10:07:34,284 - AEMSOlogs - INFO - RCWA eval:[ 34 110 185 185 333 376] | diff. eff.:0.3861105739621561
2026-03-23 10:07:34,401 - AEMSOlogs - INFO - RCWA eval:[ 36 135 221 311 403 344] | diff. eff.:0.39379343839657244
2026-03-23 10:07:34,498 - AEMSOlogs - INFO - RCWA eval:[ 51  84 225 316 340 365] | diff. eff.:0.773322299243464
2026-03-23 10:07:34,544 - AEMSOlogs - INFO - RCWA eval:[124  30 236 284 281 381] | diff. eff.:0.38288163120168894
2026-03-23 10:07:34,683 - AEMSOlogs - INFO - RCWA eval:[ 32  33 280 200 289 439] | diff. eff.:0.22819497641683179
2026-03-23 10:07:34,764 - AEMSOlogs - INFO - RCWA eval:[101  81 227 289 353 372] | diff. eff.:0.6446756515811236
2026-03-23 10:07:34,772 - AEMSOlogs - INFO - RCWA eval:[ 47  91 217 278 381 369] | diff. eff.:0.33404580161216235
2026-03-23 10:07:34,777 - AEMSOlogs - INFO - RCWA eval:[ 36 165 210 364 422 381] | diff. eff.:0.03216997878398842
2026-03-23 10:07:34,826 - AEMSOlogs - INFO - RCWA eval:[ 58  28 238 298 303 361] | diff. eff.:0.6122596614867679
2026-03-23 10:07:34,832 - AEMSOlogs - INFO - RCWA eval:[ 21  74 221 223 340 298] | diff. eff.:0.44625939382442686
2026-03-23 10:07:34,917 - AEMSOlogs - INFO - RCWA eval:[129  66 244 319 363 323] | diff. eff.:0.2914029788945545
2026-03-23 10:07:34,921 - AEMSOlogs - INFO - RCWA eval:[ 21  73 249 219 316 261] | diff. eff.:0.14794472788700244
2026-03-23 10:07:34,954 - AEMSOlogs - INFO - RCWA eval:[ 45  96 224 291 324 365] | diff. eff.:0.8306844637368241
2026-03-23 10:07:34,963 - AEMSOlogs - INFO - RCWA eval:[ 73  21 264 205 310 346] | diff. eff.:0.6790939254888437
2026-03-23 10:07:34,977 - AEMSOlogs - INFO - Iteration 23: Best Y = -0.8306844637368241 at x = [0.05703732 0.17643365 0.47443388 0.63011218 0.70696365 0.80229591]
2026-03-23 10:07:34,980 - AEMSOlogs - INFO - Working on simulations...
2026-03-23 10:07:59,629 - AEMSOlogs - INFO - RCWA eval:[132  21 217 299 341 350] | diff. eff.:0.7972007815565976
2026-03-23 10:07:59,821 - AEMSOlogs - INFO - RCWA eval:[ 72  31 254 269 302 369] | diff. eff.:0.6383779895094013
2026-03-23 10:07:59,861 - AEMSOlogs - INFO - RCWA eval:[ 21 119 235 274 335 298] | diff. eff.:0.5422756039207919
2026-03-23 10:07:59,886 - AEMSOlogs - INFO - RCWA eval:[ 44  40 263 270 352 347] | diff. eff.:0.5940660177179543
2026-03-23 10:07:59,913 - AEMSOlogs - INFO - RCWA eval:[ 21  44 241 290 327 434] | diff. eff.:0.597663884505283
2026-03-23 10:07:59,917 - AEMSOlogs - INFO - RCWA eval:[ 24  44 242 246 287 349] | diff. eff.:0.6352209036704914
2026-03-23 10:08:00,013 - AEMSOlogs - INFO - RCWA eval:[ 56 115 237 256 333 336] | diff. eff.:0.6407232397753364
2026-03-23 10:08:00,017 - AEMSOlogs - INFO - RCWA eval:[ 75  68 219 280 346 389] | diff. eff.:0.6492407721153413
2026-03-23 10:08:00,034 - AEMSOlogs - INFO - RCWA eval:[118 111 276 364 342 299] | diff. eff.:0.13573549635395304
2026-03-23 10:08:00,045 - AEMSOlogs - INFO - RCWA eval:[ 62  57 242 296 322 353] | diff. eff.:0.9018057347611531
2026-03-23 10:08:00,082 - AEMSOlogs - INFO - RCWA eval:[125  51 233 217 279 352] | diff. eff.:0.4282350181697338
2026-03-23 10:08:00,094 - AEMSOlogs - INFO - RCWA eval:[ 67  79 210 259 340 374] | diff. eff.:0.520544523862285
2026-03-23 10:08:00,118 - AEMSOlogs - INFO - RCWA eval:[ 93  74 264 265 364 374] | diff. eff.:0.473005283955772
2026-03-23 10:08:00,153 - AEMSOlogs - INFO - RCWA eval:[ 82  99 228 336 361 329] | diff. eff.:0.24915592662037264
2026-03-23 10:08:00,164 - AEMSOlogs - INFO - Iteration 24: Best Y = -0.9018057347611531 at x = [0.09748778 0.0861575  0.51613332 0.64239564 0.70328161 0.77374906]
2026-03-23 10:08:00,167 - AEMSOlogs - INFO - Working on simulations...
2026-03-23 10:08:24,693 - AEMSOlogs - INFO - RCWA eval:[ 48 104 230 310 330 270] | diff. eff.:0.33903716051284577
2026-03-23 10:08:24,770 - AEMSOlogs - INFO - RCWA eval:[ 34 147 256 266 376 353] | diff. eff.:0.42304270287486495
2026-03-23 10:08:24,982 - AEMSOlogs - INFO - RCWA eval:[ 39  78 208 326 354 402] | diff. eff.:0.5268610718756465
2026-03-23 10:08:24,982 - AEMSOlogs - INFO - RCWA eval:[169 154 239 297 303 224] | diff. eff.:0.328676250479554
2026-03-23 10:08:25,069 - AEMSOlogs - INFO - RCWA eval:[128  34 196 270 292 333] | diff. eff.:0.5771267491427121
2026-03-23 10:08:25,105 - AEMSOlogs - INFO - RCWA eval:[ 21  34 220 268 356 437] | diff. eff.:0.2536626991956564
2026-03-23 10:08:25,166 - AEMSOlogs - INFO - RCWA eval:[ 72  45 232 227 238 348] | diff. eff.:0.3719253242811209
2026-03-23 10:08:25,174 - AEMSOlogs - INFO - RCWA eval:[ 72  31 229 239 291 377] | diff. eff.:0.3990302646706644
2026-03-23 10:08:25,188 - AEMSOlogs - INFO - RCWA eval:[ 39 110 247 330 402 348] | diff. eff.:0.3804041316154088
2026-03-23 10:08:25,188 - AEMSOlogs - INFO - RCWA eval:[139  20 252 315 313 264] | diff. eff.:0.3280243476436395
2026-03-23 10:08:25,190 - AEMSOlogs - INFO - RCWA eval:[108  83 242 296 380 339] | diff. eff.:0.35376993079035773
2026-03-23 10:08:25,224 - AEMSOlogs - INFO - RCWA eval:[ 31  94 248 353 398 373] | diff. eff.:0.2212726050641192
2026-03-23 10:08:25,269 - AEMSOlogs - INFO - RCWA eval:[ 75  21 228 234 298 371] | diff. eff.:0.4384663896464309
2026-03-23 10:08:25,304 - AEMSOlogs - INFO - RCWA eval:[ 65  30 218 279 356 356] | diff. eff.:0.5675772946763343
2026-03-23 10:08:25,317 - AEMSOlogs - INFO - Iteration 25: Best Y = -0.9018057347611531 at x = [0.09748778 0.0861575  0.51613332 0.64239564 0.70328161 0.77374906]
2026-03-23 10:08:25,320 - AEMSOlogs - INFO - Working on simulations...
2026-03-23 10:08:49,793 - AEMSOlogs - INFO - RCWA eval:[ 87  34 226 281 264 370] | diff. eff.:0.4533303191160745
2026-03-23 10:08:50,026 - AEMSOlogs - INFO - RCWA eval:[ 21 134 217 312 352 370] | diff. eff.:0.6608472413846783
2026-03-23 10:08:50,149 - AEMSOlogs - INFO - RCWA eval:[ 30  68 255 321 303 431] | diff. eff.:0.5372267066035363
2026-03-23 10:08:50,154 - AEMSOlogs - INFO - RCWA eval:[137  28 231 288 309 331] | diff. eff.:0.7111009108342602
2026-03-23 10:08:50,185 - AEMSOlogs - INFO - RCWA eval:[ 21 206 238 308 378 305] | diff. eff.:0.11353419017120607
2026-03-23 10:08:50,220 - AEMSOlogs - INFO - RCWA eval:[ 85 127 225 329 358 336] | diff. eff.:0.3304404375374529
2026-03-23 10:08:50,283 - AEMSOlogs - INFO - RCWA eval:[ 98  26 242 260 365 351] | diff. eff.:0.32181332409724733
2026-03-23 10:08:50,315 - AEMSOlogs - INFO - RCWA eval:[ 64  20 210 261 296 356] | diff. eff.:0.5893844521716896
2026-03-23 10:08:50,339 - AEMSOlogs - INFO - RCWA eval:[ 72  97 195 268 310 347] | diff. eff.:0.7069307231649203
2026-03-23 10:08:50,344 - AEMSOlogs - INFO - RCWA eval:[ 69  43 187 293 341 387] | diff. eff.:0.6761317565401077
2026-03-23 10:08:50,350 - AEMSOlogs - INFO - RCWA eval:[102  61 213 305 308 393] | diff. eff.:0.6667341127533218
2026-03-23 10:08:50,364 - AEMSOlogs - INFO - RCWA eval:[144  93 232 230 300 371] | diff. eff.:0.4078659867373105
2026-03-23 10:08:50,389 - AEMSOlogs - INFO - RCWA eval:[128  32 224 306 295 358] | diff. eff.:0.5490266753880456
2026-03-23 10:08:50,442 - AEMSOlogs - INFO - RCWA eval:[123  53 207 264 303 311] | diff. eff.:0.6035023826076052
2026-03-23 10:08:50,456 - AEMSOlogs - INFO - Iteration 26: Best Y = -0.9018057347611531 at x = [0.09748778 0.0861575  0.51613332 0.64239564 0.70328161 0.77374906]
2026-03-23 10:08:50,460 - AEMSOlogs - INFO - Working on simulations...
2026-03-23 10:09:14,731 - AEMSOlogs - INFO - RCWA eval:[137  22 208 268 315 369] | diff. eff.:0.5072467445404832
2026-03-23 10:09:14,966 - AEMSOlogs - INFO - RCWA eval:[ 92 119 247 357 354 377] | diff. eff.:0.3043328851335491
2026-03-23 10:09:15,062 - AEMSOlogs - INFO - RCWA eval:[ 26 121 201 316 396 395] | diff. eff.:0.3630528115533753
2026-03-23 10:09:15,295 - AEMSOlogs - INFO - RCWA eval:[ 80  25 195 221 308 327] | diff. eff.:0.5401948858183709
2026-03-23 10:09:15,359 - AEMSOlogs - INFO - RCWA eval:[157  20 202 326 319 355] | diff. eff.:0.6359671828068794
2026-03-23 10:09:15,414 - AEMSOlogs - INFO - RCWA eval:[ 92  22 271 335 340 402] | diff. eff.:0.7223697314857694
2026-03-23 10:09:15,424 - AEMSOlogs - INFO - RCWA eval:[ 75  71 224 330 345 371] | diff. eff.:0.6702456425538422
2026-03-23 10:09:15,458 - AEMSOlogs - INFO - RCWA eval:[102  24 230 264 304 309] | diff. eff.:0.6254759866115942
2026-03-23 10:09:15,461 - AEMSOlogs - INFO - RCWA eval:[ 93  21 201 312 317 354] | diff. eff.:0.5273637784946322
2026-03-23 10:09:15,468 - AEMSOlogs - INFO - RCWA eval:[ 21  84 153 315 341 409] | diff. eff.:0.5577474386693279
2026-03-23 10:09:15,492 - AEMSOlogs - INFO - RCWA eval:[ 61  43 211 271 284 342] | diff. eff.:0.637037887168464
2026-03-23 10:09:15,521 - AEMSOlogs - INFO - RCWA eval:[ 84  42 232 285 293 340] | diff. eff.:0.7012772330390773
2026-03-23 10:09:15,637 - AEMSOlogs - INFO - RCWA eval:[102  35 230 242 321 339] | diff. eff.:0.6538580418647681
2026-03-23 10:09:15,650 - AEMSOlogs - INFO - RCWA eval:[ 94  47 189 264 293 360] | diff. eff.:0.501996661724573
2026-03-23 10:09:15,672 - AEMSOlogs - INFO - Iteration 27: Best Y = -0.9018057347611531 at x = [0.09748778 0.0861575  0.51613332 0.64239564 0.70328161 0.77374906]
2026-03-23 10:09:15,676 - AEMSOlogs - INFO - Working on simulations...
2026-03-23 10:09:40,055 - AEMSOlogs - INFO - RCWA eval:[ 99  20 248 325 355 391] | diff. eff.:0.6431906642113285
2026-03-23 10:09:40,174 - AEMSOlogs - INFO - RCWA eval:[114  36 261 327 316 343] | diff. eff.:0.7283444282901209
2026-03-23 10:09:40,290 - AEMSOlogs - INFO - RCWA eval:[ 75  84 247 313 332 369] | diff. eff.:0.8645196193738777
2026-03-23 10:09:40,346 - AEMSOlogs - INFO - RCWA eval:[ 50  51 218 277 281 380] | diff. eff.:0.44582397073678165
2026-03-23 10:09:40,413 - AEMSOlogs - INFO - RCWA eval:[ 61  23 234 334 344 414] | diff. eff.:0.6134494048121455
2026-03-23 10:09:40,508 - AEMSOlogs - INFO - RCWA eval:[ 91  49 237 328 327 371] | diff. eff.:0.764550190071955
2026-03-23 10:09:40,580 - AEMSOlogs - INFO - RCWA eval:[113  60 217 288 315 374] | diff. eff.:0.7605677418536534
2026-03-23 10:09:40,642 - AEMSOlogs - INFO - RCWA eval:[162  24 243 273 332 308] | diff. eff.:0.6135913473998061
2026-03-23 10:09:40,642 - AEMSOlogs - INFO - RCWA eval:[ 48  29 236 314 357 421] | diff. eff.:0.5013029099574268
2026-03-23 10:09:40,646 - AEMSOlogs - INFO - RCWA eval:[161  20 252 373 350 382] | diff. eff.:0.34993323100116736
2026-03-23 10:09:40,684 - AEMSOlogs - INFO - RCWA eval:[162  86 219 341 384 317] | diff. eff.:0.04203581432830561
2026-03-23 10:09:40,720 - AEMSOlogs - INFO - RCWA eval:[106  24 237 252 298 350] | diff. eff.:0.6330437067140358
2026-03-23 10:09:40,759 - AEMSOlogs - INFO - RCWA eval:[ 60  35 271 283 291 357] | diff. eff.:0.7575632002728394
2026-03-23 10:09:40,774 - AEMSOlogs - INFO - RCWA eval:[117  29 248 322 346 314] | diff. eff.:0.6082549557138323
2026-03-23 10:09:40,790 - AEMSOlogs - INFO - Iteration 28: Best Y = -0.9018057347611531 at x = [0.09748778 0.0861575  0.51613332 0.64239564 0.70328161 0.77374906]
2026-03-23 10:09:40,795 - AEMSOlogs - INFO - Working on simulations...
2026-03-23 10:10:05,400 - AEMSOlogs - INFO - RCWA eval:[112  68 259 351 335 392] | diff. eff.:0.38095809645258505
2026-03-23 10:10:05,513 - AEMSOlogs - INFO - RCWA eval:[111  26 261 300 335 381] | diff. eff.:0.8759610575342582
2026-03-23 10:10:05,724 - AEMSOlogs - INFO - RCWA eval:[120  20 238 317 309 377] | diff. eff.:0.7229782659382107
2026-03-23 10:10:05,750 - AEMSOlogs - INFO - RCWA eval:[ 50  24 221 277 301 351] | diff. eff.:0.7225301121313982
2026-03-23 10:10:05,769 - AEMSOlogs - INFO - RCWA eval:[ 53 160 266 322 355 351] | diff. eff.:0.5903546344682662
2026-03-23 10:10:05,782 - AEMSOlogs - INFO - RCWA eval:[152  82 276 333 327 396] | diff. eff.:0.4976740619122638
2026-03-23 10:10:05,803 - AEMSOlogs - INFO - RCWA eval:[127  25 248 303 294 373] | diff. eff.:0.6624033519850678
2026-03-23 10:10:05,804 - AEMSOlogs - INFO - RCWA eval:[ 74  91 248 281 331 344] | diff. eff.:0.8262756947672217
2026-03-23 10:10:05,832 - AEMSOlogs - INFO - RCWA eval:[ 69  33 261 286 333 373] | diff. eff.:0.8204452217522193
2026-03-23 10:10:05,854 - AEMSOlogs - INFO - RCWA eval:[ 86  95 217 336 325 329] | diff. eff.:0.5058819039122217
2026-03-23 10:10:05,865 - AEMSOlogs - INFO - RCWA eval:[150  67 214 318 298 313] | diff. eff.:0.42854189891007854
2026-03-23 10:10:05,914 - AEMSOlogs - INFO - RCWA eval:[116  24 244 314 330 352] | diff. eff.:0.8472392365427267
2026-03-23 10:10:05,917 - AEMSOlogs - INFO - RCWA eval:[ 95  34 262 336 293 369] | diff. eff.:0.6255243689501955
2026-03-23 10:10:05,918 - AEMSOlogs - INFO - RCWA eval:[107  28 203 251 300 352] | diff. eff.:0.549455303757462
2026-03-23 10:10:05,932 - AEMSOlogs - INFO - Iteration 29: Best Y = -0.9018057347611531 at x = [0.09748778 0.0861575  0.51613332 0.64239564 0.70328161 0.77374906]
2026-03-23 10:10:05,935 - AEMSOlogs - INFO - Working on simulations...
2026-03-23 10:10:30,578 - AEMSOlogs - INFO - RCWA eval:[ 70  21 223 274 326 383] | diff. eff.:0.6421140665587499
2026-03-23 10:10:30,617 - AEMSOlogs - INFO - RCWA eval:[119  66 295 318 330 341] | diff. eff.:0.722148056762473
2026-03-23 10:10:30,812 - AEMSOlogs - INFO - RCWA eval:[116  29 298 352 355 400] | diff. eff.:0.4310985480157671
2026-03-23 10:10:30,822 - AEMSOlogs - INFO - RCWA eval:[ 96  60 231 282 342 406] | diff. eff.:0.6393326618059424
2026-03-23 10:10:30,825 - AEMSOlogs - INFO - RCWA eval:[ 55  40 244 266 297 349] | diff. eff.:0.733593426409694
2026-03-23 10:10:30,828 - AEMSOlogs - INFO - RCWA eval:[ 99  84 260 320 327 384] | diff. eff.:0.8120415318709904
2026-03-23 10:10:30,902 - AEMSOlogs - INFO - RCWA eval:[ 75  55 226 271 335 338] | diff. eff.:0.7808948332624264
2026-03-23 10:10:30,916 - AEMSOlogs - INFO - RCWA eval:[131  50 221 299 326 367] | diff. eff.:0.8209848409000704
2026-03-23 10:10:30,964 - AEMSOlogs - INFO - RCWA eval:[ 80  35 231 326 345 362] | diff. eff.:0.6904776348701566
2026-03-23 10:10:30,980 - AEMSOlogs - INFO - RCWA eval:[ 59  39 248 261 314 365] | diff. eff.:0.6976161020904406
2026-03-23 10:10:30,983 - AEMSOlogs - INFO - RCWA eval:[152  45 298 290 315 353] | diff. eff.:0.7335896370118319
2026-03-23 10:10:31,012 - AEMSOlogs - INFO - RCWA eval:[ 70  90 260 312 375 367] | diff. eff.:0.5022739351944372
2026-03-23 10:10:31,050 - AEMSOlogs - INFO - RCWA eval:[122  25 246 277 329 396] | diff. eff.:0.6676227194502037
2026-03-23 10:10:31,095 - AEMSOlogs - INFO - RCWA eval:[116  24 254 300 318 378] | diff. eff.:0.8228419861841137
2026-03-23 10:10:31,109 - AEMSOlogs - INFO - Iteration 30: Best Y = -0.9018057347611531 at x = [0.09748778 0.0861575  0.51613332 0.64239564 0.70328161 0.77374906]
2026-03-23 10:10:31,113 - AEMSOlogs - INFO - Working on simulations...
2026-03-23 10:10:55,717 - AEMSOlogs - INFO - RCWA eval:[161  30 262 293 333 376] | diff. eff.:0.8579145098122137
2026-03-23 10:10:56,006 - AEMSOlogs - INFO - RCWA eval:[157  24 272 289 325 401] | diff. eff.:0.7117789639263877
2026-03-23 10:10:56,031 - AEMSOlogs - INFO - RCWA eval:[135  21 214 305 301 349] | diff. eff.:0.5250487282434779
2026-03-23 10:10:56,051 - AEMSOlogs - INFO - RCWA eval:[100  60 251 313 303 373] | diff. eff.:0.7375196811296492
2026-03-23 10:10:56,095 - AEMSOlogs - INFO - RCWA eval:[110  22 261 300 295 386] | diff. eff.:0.6121086964516508
2026-03-23 10:10:56,101 - AEMSOlogs - INFO - RCWA eval:[139  85 210 289 339 355] | diff. eff.:0.7922470635683212
2026-03-23 10:10:56,107 - AEMSOlogs - INFO - RCWA eval:[ 81  21 278 286 335 370] | diff. eff.:0.828584239488086
2026-03-23 10:10:56,135 - AEMSOlogs - INFO - RCWA eval:[140  76 231 308 306 386] | diff. eff.:0.6680724246711981
2026-03-23 10:10:56,138 - AEMSOlogs - INFO - RCWA eval:[ 75  37 266 306 339 388] | diff. eff.:0.8782785203287303
2026-03-23 10:10:56,175 - AEMSOlogs - INFO - RCWA eval:[115  41 254 291 324 388] | diff. eff.:0.7720664438586019
2026-03-23 10:10:56,220 - AEMSOlogs - INFO - RCWA eval:[128  40 248 306 342 335] | diff. eff.:0.8243992917935067
2026-03-23 10:10:56,220 - AEMSOlogs - INFO - RCWA eval:[ 70  53 239 296 348 393] | diff. eff.:0.7368885741950676
2026-03-23 10:10:56,249 - AEMSOlogs - INFO - RCWA eval:[126  38 243 328 339 406] | diff. eff.:0.6797833046022
2026-03-23 10:10:56,261 - AEMSOlogs - INFO - RCWA eval:[ 92  71 271 306 337 346] | diff. eff.:0.8866461286499743
2026-03-23 10:10:56,276 - AEMSOlogs - INFO - Iteration 31: Best Y = -0.9018057347611531 at x = [0.09748778 0.0861575  0.51613332 0.64239564 0.70328161 0.77374906]
2026-03-23 10:10:56,280 - AEMSOlogs - INFO - Working on simulations...
2026-03-23 10:11:20,888 - AEMSOlogs - INFO - RCWA eval:[139  20 262 294 339 338] | diff. eff.:0.8923012055765149
2026-03-23 10:11:21,080 - AEMSOlogs - INFO - RCWA eval:[135  20 258 299 344 377] | diff. eff.:0.8706295368075404
2026-03-23 10:11:21,116 - AEMSOlogs - INFO - RCWA eval:[ 83  30 273 293 309 388] | diff. eff.:0.6597013608350166
2026-03-23 10:11:21,136 - AEMSOlogs - INFO - RCWA eval:[ 82  65 264 307 346 334] | diff. eff.:0.8000692803868774
2026-03-23 10:11:21,174 - AEMSOlogs - INFO - RCWA eval:[124  20 263 278 304 379] | diff. eff.:0.5767276177999485
2026-03-23 10:11:21,316 - AEMSOlogs - INFO - RCWA eval:[ 63  64 269 299 334 353] | diff. eff.:0.9281870027198453
2026-03-23 10:11:21,337 - AEMSOlogs - INFO - RCWA eval:[ 76  35 249 280 351 355] | diff. eff.:0.7502778290363149
2026-03-23 10:11:21,340 - AEMSOlogs - INFO - RCWA eval:[ 90  31 275 306 374 405] | diff. eff.:0.40834588738214483
2026-03-23 10:11:21,346 - AEMSOlogs - INFO - RCWA eval:[133 102 235 302 337 367] | diff. eff.:0.8424633085996801
2026-03-23 10:11:21,359 - AEMSOlogs - INFO - RCWA eval:[117  21 259 311 356 354] | diff. eff.:0.607291578301597
2026-03-23 10:11:21,369 - AEMSOlogs - INFO - RCWA eval:[ 85  20 243 267 325 363] | diff. eff.:0.7392825275107171
2026-03-23 10:11:21,405 - AEMSOlogs - INFO - RCWA eval:[162  33 280 287 344 361] | diff. eff.:0.8948166175204934
2026-03-23 10:11:21,425 - AEMSOlogs - INFO - RCWA eval:[ 95  51 255 278 325 344] | diff. eff.:0.8421576637972039
2026-03-23 10:11:21,495 - AEMSOlogs - INFO - RCWA eval:[ 92  33 246 329 326 370] | diff. eff.:0.7806777953894148
2026-03-23 10:11:21,508 - AEMSOlogs - INFO - Iteration 32: Best Y = -0.9281870027198453 at x = [0.09885715 0.10214664 0.5782779  0.64858763 0.7310938  0.77510053]
2026-03-23 10:11:21,512 - AEMSOlogs - INFO - Working on simulations...
2026-03-23 10:11:45,919 - AEMSOlogs - INFO - RCWA eval:[173  22 276 329 345 359] | diff. eff.:0.7838071911877816
2026-03-23 10:11:46,058 - AEMSOlogs - INFO - RCWA eval:[138  30 278 279 332 344] | diff. eff.:0.8269522831196091
2026-03-23 10:11:46,219 - AEMSOlogs - INFO - RCWA eval:[137  78 270 292 350 339] | diff. eff.:0.7686897820559868
2026-03-23 10:11:46,238 - AEMSOlogs - INFO - RCWA eval:[129 104 265 290 323 347] | diff. eff.:0.8817240382457523
2026-03-23 10:11:46,292 - AEMSOlogs - INFO - RCWA eval:[158  20 279 256 314 309] | diff. eff.:0.5311288538458516
2026-03-23 10:11:46,401 - AEMSOlogs - INFO - RCWA eval:[ 99  40 292 279 342 324] | diff. eff.:0.6652054289211441
2026-03-23 10:11:46,422 - AEMSOlogs - INFO - RCWA eval:[111  43 264 295 356 350] | diff. eff.:0.6170496838102909
2026-03-23 10:11:46,485 - AEMSOlogs - INFO - RCWA eval:[163  40 266 321 372 348] | diff. eff.:0.34500866783837714
2026-03-23 10:11:46,518 - AEMSOlogs - INFO - RCWA eval:[129  98 260 270 351 354] | diff. eff.:0.7276503573660167
2026-03-23 10:11:46,527 - AEMSOlogs - INFO - RCWA eval:[ 87  43 279 319 349 369] | diff. eff.:0.8559438595255665
2026-03-23 10:11:46,538 - AEMSOlogs - INFO - RCWA eval:[123  40 279 277 325 332] | diff. eff.:0.7575995945513232
2026-03-23 10:11:46,545 - AEMSOlogs - INFO - RCWA eval:[122  86 257 313 358 373] | diff. eff.:0.6701395617362192
2026-03-23 10:11:46,552 - AEMSOlogs - INFO - RCWA eval:[124  56 255 289 340 328] | diff. eff.:0.8323083351566496
2026-03-23 10:11:46,574 - AEMSOlogs - INFO - RCWA eval:[ 90  20 273 286 352 380] | diff. eff.:0.7964098337041589
2026-03-23 10:11:46,589 - AEMSOlogs - INFO - Iteration 33: Best Y = -0.9281870027198453 at x = [0.09885715 0.10214664 0.5782779  0.64858763 0.7310938  0.77510053]
2026-03-23 10:11:46,593 - AEMSOlogs - INFO - Working on simulations...
2026-03-23 10:12:11,121 - AEMSOlogs - INFO - RCWA eval:[ 97  72 279 295 349 357] | diff. eff.:0.8527725138963256
2026-03-23 10:12:11,243 - AEMSOlogs - INFO - RCWA eval:[ 83  68 245 284 321 369] | diff. eff.:0.7969798047673131
2026-03-23 10:12:11,280 - AEMSOlogs - INFO - RCWA eval:[ 92  64 251 294 326 340] | diff. eff.:0.8924612090293889
2026-03-23 10:12:11,518 - AEMSOlogs - INFO - RCWA eval:[105  30 278 293 346 389] | diff. eff.:0.8607856793337728
2026-03-23 10:12:11,533 - AEMSOlogs - INFO - RCWA eval:[112 114 269 326 341 393] | diff. eff.:0.7617942734847303
2026-03-23 10:12:11,566 - AEMSOlogs - INFO - RCWA eval:[136  67 248 295 335 314] | diff. eff.:0.7016373197689334
2026-03-23 10:12:11,593 - AEMSOlogs - INFO - RCWA eval:[ 80  94 226 306 326 353] | diff. eff.:0.8468568093659433
2026-03-23 10:12:11,600 - AEMSOlogs - INFO - RCWA eval:[ 89 101 275 305 351 359] | diff. eff.:0.8258313947485517
2026-03-23 10:12:11,608 - AEMSOlogs - INFO - RCWA eval:[131  74 253 312 348 366] | diff. eff.:0.8142094336826624
2026-03-23 10:12:11,638 - AEMSOlogs - INFO - RCWA eval:[180  50 273 266 324 305] | diff. eff.:0.5359769569168681
2026-03-23 10:12:11,641 - AEMSOlogs - INFO - RCWA eval:[131  75 238 298 321 363] | diff. eff.:0.8527162886075036
2026-03-23 10:12:11,648 - AEMSOlogs - INFO - RCWA eval:[115  49 284 312 319 383] | diff. eff.:0.7613525452756907
2026-03-23 10:12:11,657 - AEMSOlogs - INFO - RCWA eval:[140  29 262 308 337 365] | diff. eff.:0.9133029518771931
2026-03-23 10:12:11,716 - AEMSOlogs - INFO - RCWA eval:[105 134 275 304 329 308] | diff. eff.:0.5705397751510343
2026-03-23 10:12:11,724 - AEMSOlogs - INFO - Iteration 34: Best Y = -0.9281870027198453 at x = [0.09885715 0.10214664 0.5782779  0.64858763 0.7310938  0.77510053]
2026-03-23 10:12:11,727 - AEMSOlogs - INFO - Working on simulations...
2026-03-23 10:12:36,340 - AEMSOlogs - INFO - RCWA eval:[148  35 250 322 350 381] | diff. eff.:0.7359521095861976
2026-03-23 10:12:36,436 - AEMSOlogs - INFO - RCWA eval:[ 97  33 272 302 334 375] | diff. eff.:0.9033951547438335
2026-03-23 10:12:36,542 - AEMSOlogs - INFO - RCWA eval:[124  26 289 316 356 396] | diff. eff.:0.7680358620282522
2026-03-23 10:12:36,609 - AEMSOlogs - INFO - RCWA eval:[124  80 254 310 330 355] | diff. eff.:0.8894800912474604
2026-03-23 10:12:36,622 - AEMSOlogs - INFO - RCWA eval:[ 99  56 270 301 346 371] | diff. eff.:0.9079223822279423
2026-03-23 10:12:36,633 - AEMSOlogs - INFO - RCWA eval:[133  24 267 287 333 334] | diff. eff.:0.8661754957483689
2026-03-23 10:12:36,759 - AEMSOlogs - INFO - RCWA eval:[111  92 258 293 345 328] | diff. eff.:0.7932839177689056
2026-03-23 10:12:36,766 - AEMSOlogs - INFO - RCWA eval:[121  24 299 300 331 350] | diff. eff.:0.8027155282133546
2026-03-23 10:12:36,775 - AEMSOlogs - INFO - RCWA eval:[157  54 262 281 319 349] | diff. eff.:0.841198493634628
2026-03-23 10:12:36,775 - AEMSOlogs - INFO - RCWA eval:[166  56 227 274 323 329] | diff. eff.:0.724507147089771
2026-03-23 10:12:36,779 - AEMSOlogs - INFO - RCWA eval:[152  65 239 289 329 342] | diff. eff.:0.8516916055289687
2026-03-23 10:12:36,793 - AEMSOlogs - INFO - RCWA eval:[135  63 265 295 341 343] | diff. eff.:0.8899023470095545
2026-03-23 10:12:36,802 - AEMSOlogs - INFO - RCWA eval:[112  55 260 313 342 372] | diff. eff.:0.8820112910270324
2026-03-23 10:12:36,844 - AEMSOlogs - INFO - RCWA eval:[128  58 268 292 329 348] | diff. eff.:0.9080349578249093
2026-03-23 10:12:36,857 - AEMSOlogs - INFO - Iteration 35: Best Y = -0.9281870027198453 at x = [0.09885715 0.10214664 0.5782779  0.64858763 0.7310938  0.77510053]
2026-03-23 10:12:36,861 - AEMSOlogs - INFO - Working on simulations...
2026-03-23 10:13:01,407 - AEMSOlogs - INFO - RCWA eval:[ 98  60 254 298 326 358] | diff. eff.:0.9144719353830215
2026-03-23 10:13:01,596 - AEMSOlogs - INFO - RCWA eval:[114  40 266 297 329 348] | diff. eff.:0.9210156489299511
2026-03-23 10:13:01,749 - AEMSOlogs - INFO - RCWA eval:[125  65 275 302 337 337] | diff. eff.:0.859004123673048
2026-03-23 10:13:01,750 - AEMSOlogs - INFO - RCWA eval:[ 93  43 276 312 348 364] | diff. eff.:0.8745432744826378
2026-03-23 10:13:01,791 - AEMSOlogs - INFO - RCWA eval:[127  59 284 297 346 365] | diff. eff.:0.9063437028857663
2026-03-23 10:13:01,849 - AEMSOlogs - INFO - RCWA eval:[156  49 259 312 333 367] | diff. eff.:0.884201138907626
2026-03-23 10:13:01,875 - AEMSOlogs - INFO - RCWA eval:[108  45 250 316 329 367] | diff. eff.:0.856395198665873
2026-03-23 10:13:01,955 - AEMSOlogs - INFO - RCWA eval:[126  49 276 311 329 380] | diff. eff.:0.8577183602203919
2026-03-23 10:13:02,011 - AEMSOlogs - INFO - RCWA eval:[121  21 260 280 332 376] | diff. eff.:0.780910444222397
2026-03-23 10:13:02,175 - AEMSOlogs - INFO - RCWA eval:[116  94 258 283 340 349] | diff. eff.:0.8693860166638797
2026-03-23 10:13:02,255 - AEMSOlogs - INFO - RCWA eval:[ 98  23 262 292 322 377] | diff. eff.:0.8195333144727706
2026-03-23 10:13:02,303 - AEMSOlogs - INFO - RCWA eval:[129  45 268 312 342 361] | diff. eff.:0.9016681358832869
2026-03-23 10:13:02,323 - AEMSOlogs - INFO - RCWA eval:[ 62  69 281 303 341 366] | diff. eff.:0.9296201959255594
2026-03-23 10:13:02,385 - AEMSOlogs - INFO - RCWA eval:[ 98  62 259 281 348 367] | diff. eff.:0.8230273231538553
2026-03-23 10:13:02,399 - AEMSOlogs - INFO - Iteration 36: Best Y = -0.9296201959255594 at x = [0.09701986 0.11412968 0.60598472 0.65790117 0.7466796  0.8057626 ]
2026-03-23 10:13:02,403 - AEMSOlogs - INFO - Working on simulations...
2026-03-23 10:13:26,879 - AEMSOlogs - INFO - RCWA eval:[116  32 273 301 334 366] | diff. eff.:0.9277451069445513
2026-03-23 10:13:27,195 - AEMSOlogs - INFO - RCWA eval:[ 95  40 287 312 338 360] | diff. eff.:0.9005321460212022
2026-03-23 10:13:27,201 - AEMSOlogs - INFO - RCWA eval:[ 93  66 278 303 332 347] | diff. eff.:0.8950131813442351
2026-03-23 10:13:27,232 - AEMSOlogs - INFO - RCWA eval:[115  20 281 298 338 348] | diff. eff.:0.8981984523058848
2026-03-23 10:13:27,271 - AEMSOlogs - INFO - RCWA eval:[ 94  47 291 306 330 353] | diff. eff.:0.8662754921548983
2026-03-23 10:13:27,312 - AEMSOlogs - INFO - RCWA eval:[ 83  80 258 305 345 365] | diff. eff.:0.885065152047515
2026-03-23 10:13:27,382 - AEMSOlogs - INFO - RCWA eval:[124  30 273 300 329 352] | diff. eff.:0.9256969992567757
2026-03-23 10:13:27,400 - AEMSOlogs - INFO - RCWA eval:[137  23 273 307 344 357] | diff. eff.:0.903511806820709
2026-03-23 10:13:27,414 - AEMSOlogs - INFO - RCWA eval:[ 62  72 275 303 350 378] | diff. eff.:0.8739792801712233
2026-03-23 10:13:27,426 - AEMSOlogs - INFO - RCWA eval:[106  69 269 304 340 347] | diff. eff.:0.8913498286190291
2026-03-23 10:13:27,435 - AEMSOlogs - INFO - RCWA eval:[135  21 292 284 329 350] | diff. eff.:0.7872353990266456
2026-03-23 10:13:27,450 - AEMSOlogs - INFO - RCWA eval:[ 99  22 257 291 339 364] | diff. eff.:0.9003832047567574
2026-03-23 10:13:27,525 - AEMSOlogs - INFO - RCWA eval:[ 66  55 283 312 343 358] | diff. eff.:0.8862368437613867
2026-03-23 10:13:27,538 - AEMSOlogs - INFO - RCWA eval:[ 75  59 298 300 348 357] | diff. eff.:0.7961511964537769
2026-03-23 10:13:27,552 - AEMSOlogs - INFO - Iteration 37: Best Y = -0.9296201959255594 at x = [0.09701986 0.11412968 0.60598472 0.65790117 0.7466796  0.8057626 ]
2026-03-23 10:13:27,556 - AEMSOlogs - INFO - Working on simulations...
2026-03-23 10:13:51,850 - AEMSOlogs - INFO - RCWA eval:[112  73 252 311 330 361] | diff. eff.:0.8875177832995426
2026-03-23 10:13:52,262 - AEMSOlogs - INFO - RCWA eval:[ 99  20 261 276 326 358] | diff. eff.:0.7831656815240384
2026-03-23 10:13:52,361 - AEMSOlogs - INFO - RCWA eval:[121  20 278 296 330 369] | diff. eff.:0.8842788359561683
2026-03-23 10:13:52,413 - AEMSOlogs - INFO - RCWA eval:[148  21 286 297 350 377] | diff. eff.:0.8654427907968701
2026-03-23 10:13:52,415 - AEMSOlogs - INFO - RCWA eval:[140  27 273 288 333 347] | diff. eff.:0.8943090108967838
2026-03-23 10:13:52,503 - AEMSOlogs - INFO - RCWA eval:[105  45 277 294 337 359] | diff. eff.:0.9250371611749185
2026-03-23 10:13:52,519 - AEMSOlogs - INFO - RCWA eval:[112  57 285 320 355 358] | diff. eff.:0.6961762074266156
2026-03-23 10:13:52,567 - AEMSOlogs - INFO - RCWA eval:[131  20 283 307 328 353] | diff. eff.:0.898968315193766
2026-03-23 10:13:52,570 - AEMSOlogs - INFO - RCWA eval:[128  59 261 318 337 365] | diff. eff.:0.8750761314277811
2026-03-23 10:13:52,594 - AEMSOlogs - INFO - RCWA eval:[156  20 287 323 337 361] | diff. eff.:0.8588771644037565
2026-03-23 10:13:52,664 - AEMSOlogs - INFO - RCWA eval:[ 96  39 270 301 331 360] | diff. eff.:0.9333270623156202
2026-03-23 10:13:52,701 - AEMSOlogs - INFO - RCWA eval:[113  49 294 298 335 364] | diff. eff.:0.8567798019752246
2026-03-23 10:13:52,752 - AEMSOlogs - INFO - RCWA eval:[122  22 285 294 327 345] | diff. eff.:0.8542232540748993
2026-03-23 10:13:52,787 - AEMSOlogs - INFO - RCWA eval:[117  81 255 289 332 343] | diff. eff.:0.8826289019109168
2026-03-23 10:13:52,799 - AEMSOlogs - INFO - Iteration 38: Best Y = -0.9333270623156202 at x = [0.17674616 0.04311875 0.58112968 0.65245127 0.72342703 0.790526  ]
2026-03-23 10:13:52,803 - AEMSOlogs - INFO - Working on simulations...
2026-03-23 10:14:17,288 - AEMSOlogs - INFO - RCWA eval:[ 97  30 271 286 336 349] | diff. eff.:0.8855545064078095
2026-03-23 10:14:17,405 - AEMSOlogs - INFO - RCWA eval:[139  21 258 288 324 352] | diff. eff.:0.896810491083796
2026-03-23 10:14:17,544 - AEMSOlogs - INFO - RCWA eval:[102  34 284 317 344 361] | diff. eff.:0.8768466489781167
2026-03-23 10:14:17,621 - AEMSOlogs - INFO - RCWA eval:[ 90  34 264 308 335 363] | diff. eff.:0.9236414625721281
2026-03-23 10:14:17,697 - AEMSOlogs - INFO - RCWA eval:[133  27 276 298 334 356] | diff. eff.:0.9332686635688603
2026-03-23 10:14:17,747 - AEMSOlogs - INFO - RCWA eval:[111  26 267 309 323 356] | diff. eff.:0.9055753171589825
2026-03-23 10:14:17,748 - AEMSOlogs - INFO - RCWA eval:[134  27 271 304 335 352] | diff. eff.:0.9274094549395242
2026-03-23 10:14:17,802 - AEMSOlogs - INFO - RCWA eval:[119  36 266 290 321 358] | diff. eff.:0.8833146009021848
2026-03-23 10:14:17,861 - AEMSOlogs - INFO - RCWA eval:[111  32 283 305 346 360] | diff. eff.:0.8948713286069745
2026-03-23 10:14:17,870 - AEMSOlogs - INFO - RCWA eval:[116  75 275 294 328 350] | diff. eff.:0.9054845241417505
2026-03-23 10:14:17,891 - AEMSOlogs - INFO - RCWA eval:[112  21 263 307 324 353] | diff. eff.:0.909408373641234
2026-03-23 10:14:18,017 - AEMSOlogs - INFO - RCWA eval:[ 89  61 276 302 328 355] | diff. eff.:0.9242748437357371
2026-03-23 10:14:18,026 - AEMSOlogs - INFO - RCWA eval:[102  21 289 309 342 371] | diff. eff.:0.8991187747676744
2026-03-23 10:14:18,118 - AEMSOlogs - INFO - RCWA eval:[116  25 266 296 323 347] | diff. eff.:0.9104043885177002
2026-03-23 10:14:18,133 - AEMSOlogs - INFO - Iteration 39: Best Y = -0.9333270623156202 at x = [0.17674616 0.04311875 0.58112968 0.65245127 0.72342703 0.790526  ]
2026-03-23 10:14:18,138 - AEMSOlogs - INFO - Working on simulations...
2026-03-23 10:14:42,600 - AEMSOlogs - INFO - RCWA eval:[118  46 271 302 335 349] | diff. eff.:0.9203881351634152
2026-03-23 10:14:42,800 - AEMSOlogs - INFO - RCWA eval:[135  33 268 311 333 359] | diff. eff.:0.9158793692429362
2026-03-23 10:14:42,964 - AEMSOlogs - INFO - RCWA eval:[144  20 285 302 339 354] | diff. eff.:0.9094023709883788
2026-03-23 10:14:42,993 - AEMSOlogs - INFO - RCWA eval:[123  34 287 303 337 357] | diff. eff.:0.9093912598405948
2026-03-23 10:14:43,000 - AEMSOlogs - INFO - RCWA eval:[111  28 267 289 335 360] | diff. eff.:0.9070011196599648
2026-03-23 10:14:43,027 - AEMSOlogs - INFO - RCWA eval:[113  27 266 291 323 337] | diff. eff.:0.8764765919926316
2026-03-23 10:14:43,111 - AEMSOlogs - INFO - RCWA eval:[105  29 268 291 333 350] | diff. eff.:0.9159197452558826
2026-03-23 10:14:43,164 - AEMSOlogs - INFO - RCWA eval:[120  55 263 299 342 360] | diff. eff.:0.9200448250174197
2026-03-23 10:14:43,167 - AEMSOlogs - INFO - RCWA eval:[123  26 266 291 325 347] | diff. eff.:0.9038631315788415
2026-03-23 10:14:43,167 - AEMSOlogs - INFO - RCWA eval:[124  62 265 299 334 355] | diff. eff.:0.9326848796791712
2026-03-23 10:14:43,173 - AEMSOlogs - INFO - RCWA eval:[121  31 278 304 331 355] | diff. eff.:0.9256325405731433
2026-03-23 10:14:43,238 - AEMSOlogs - INFO - RCWA eval:[104  33 280 302 340 355] | diff. eff.:0.9196691965285632
2026-03-23 10:14:43,290 - AEMSOlogs - INFO - RCWA eval:[135  40 259 288 325 343] | diff. eff.:0.885242146084812
2026-03-23 10:14:43,294 - AEMSOlogs - INFO - RCWA eval:[118  31 268 285 332 352] | diff. eff.:0.8899215326685672
2026-03-23 10:14:43,310 - AEMSOlogs - INFO - Iteration 40: Best Y = -0.9333270623156202 at x = [0.17674616 0.04311875 0.58112968 0.65245127 0.72342703 0.790526  ]
2026-03-23 10:14:43,314 - AEMSOlogs - INFO - Working on simulations...
2026-03-23 10:15:07,813 - AEMSOlogs - INFO - RCWA eval:[108  48 266 306 338 353] | diff. eff.:0.9161168988085401
2026-03-23 10:15:07,976 - AEMSOlogs - INFO - RCWA eval:[125  38 278 299 335 361] | diff. eff.:0.9327755040866176
2026-03-23 10:15:08,007 - AEMSOlogs - INFO - RCWA eval:[ 97  63 256 302 333 360] | diff. eff.:0.9196871626702637
2026-03-23 10:15:08,171 - AEMSOlogs - INFO - RCWA eval:[110  37 274 304 335 358] | diff. eff.:0.9373826984477904
2026-03-23 10:15:08,198 - AEMSOlogs - INFO - RCWA eval:[134  33 271 309 334 354] | diff. eff.:0.9180704415696821
2026-03-23 10:15:08,261 - AEMSOlogs - INFO - RCWA eval:[112  57 268 297 328 355] | diff. eff.:0.9264764366931576
2026-03-23 10:15:08,294 - AEMSOlogs - INFO - RCWA eval:[105  64 270 302 339 353] | diff. eff.:0.9234461505736165
2026-03-23 10:15:08,334 - AEMSOlogs - INFO - RCWA eval:[128  36 264 306 337 356] | diff. eff.:0.9228620005467214
2026-03-23 10:15:08,336 - AEMSOlogs - INFO - RCWA eval:[136  40 275 300 337 352] | diff. eff.:0.9280091904149317
2026-03-23 10:15:08,344 - AEMSOlogs - INFO - RCWA eval:[134  45 275 298 327 355] | diff. eff.:0.9194891016125201
2026-03-23 10:15:08,356 - AEMSOlogs - INFO - RCWA eval:[154  20 279 318 344 357] | diff. eff.:0.8601690084339867
2026-03-23 10:15:08,424 - AEMSOlogs - INFO - RCWA eval:[154  23 272 309 333 348] | diff. eff.:0.8966580284215223
2026-03-23 10:15:08,438 - AEMSOlogs - INFO - RCWA eval:[128  53 272 290 331 349] | diff. eff.:0.9034715152942753
2026-03-23 10:15:08,519 - AEMSOlogs - INFO - RCWA eval:[145  35 279 302 340 361] | diff. eff.:0.937160633039172
2026-03-23 10:15:08,534 - AEMSOlogs - INFO - Iteration 41: Best Y = -0.9373826984477904 at x = [0.20987286 0.04023589 0.59064051 0.66000822 0.7320425  0.78499986]
2026-03-23 10:15:08,538 - AEMSOlogs - INFO - Working on simulations...
2026-03-23 10:15:32,958 - AEMSOlogs - INFO - RCWA eval:[131  44 274 302 337 353] | diff. eff.:0.9298850449959835
2026-03-23 10:15:33,294 - AEMSOlogs - INFO - RCWA eval:[113  23 275 308 334 367] | diff. eff.:0.9240755463120142
2026-03-23 10:15:33,300 - AEMSOlogs - INFO - RCWA eval:[121  69 271 302 334 356] | diff. eff.:0.9360914375385996
2026-03-23 10:15:33,333 - AEMSOlogs - INFO - RCWA eval:[120  35 265 311 330 360] | diff. eff.:0.9111914892857045
2026-03-23 10:15:33,341 - AEMSOlogs - INFO - RCWA eval:[130  53 276 303 344 357] | diff. eff.:0.9120151281939245
2026-03-23 10:15:33,474 - AEMSOlogs - INFO - RCWA eval:[114  32 279 301 339 356] | diff. eff.:0.9286202500609065
2026-03-23 10:15:33,513 - AEMSOlogs - INFO - RCWA eval:[125  25 279 305 333 361] | diff. eff.:0.9295760810154451
2026-03-23 10:15:33,559 - AEMSOlogs - INFO - RCWA eval:[114  60 273 311 331 347] | diff. eff.:0.8794413768545694
2026-03-23 10:15:33,578 - AEMSOlogs - INFO - RCWA eval:[124  35 272 303 340 358] | diff. eff.:0.9341617252653097
2026-03-23 10:15:33,598 - AEMSOlogs - INFO - RCWA eval:[115  44 272 300 337 365] | diff. eff.:0.9349274092106551
2026-03-23 10:15:33,599 - AEMSOlogs - INFO - RCWA eval:[122  46 277 304 344 362] | diff. eff.:0.9233291601947061
2026-03-23 10:15:33,600 - AEMSOlogs - INFO - RCWA eval:[138  36 289 305 339 356] | diff. eff.:0.8978419206462179
2026-03-23 10:15:33,674 - AEMSOlogs - INFO - RCWA eval:[107  45 281 298 332 354] | diff. eff.:0.9157326165531665
2026-03-23 10:15:33,683 - AEMSOlogs - INFO - RCWA eval:[137  48 275 304 336 355] | diff. eff.:0.9322356482387745
2026-03-23 10:15:33,700 - AEMSOlogs - INFO - Iteration 42: Best Y = -0.9373826984477904 at x = [0.20987286 0.04023589 0.59064051 0.66000822 0.7320425  0.78499986]
2026-03-23 10:15:33,704 - AEMSOlogs - INFO - Working on simulations...
2026-03-23 10:15:58,079 - AEMSOlogs - INFO - RCWA eval:[113  35 275 299 335 354] | diff. eff.:0.9327418688254951
2026-03-23 10:15:58,216 - AEMSOlogs - INFO - RCWA eval:[122  56 274 295 342 358] | diff. eff.:0.926322939006951
2026-03-23 10:15:58,316 - AEMSOlogs - INFO - RCWA eval:[117  65 265 303 337 359] | diff. eff.:0.9323209848535003
2026-03-23 10:15:58,520 - AEMSOlogs - INFO - RCWA eval:[133  64 276 301 339 359] | diff. eff.:0.9385537891320849
2026-03-23 10:15:58,539 - AEMSOlogs - INFO - RCWA eval:[110  51 270 301 333 365] | diff. eff.:0.9276033031427852
2026-03-23 10:15:58,552 - AEMSOlogs - INFO - RCWA eval:[131  27 277 303 335 359] | diff. eff.:0.9368626429948543
2026-03-23 10:15:58,625 - AEMSOlogs - INFO - RCWA eval:[120  54 277 298 333 352] | diff. eff.:0.9227287853361167
2026-03-23 10:15:58,653 - AEMSOlogs - INFO - RCWA eval:[126  40 274 299 335 361] | diff. eff.:0.936620610117655
2026-03-23 10:15:58,687 - AEMSOlogs - INFO - RCWA eval:[118  69 261 300 329 345] | diff. eff.:0.9030489638132481
2026-03-23 10:15:58,742 - AEMSOlogs - INFO - RCWA eval:[112  72 268 306 328 354] | diff. eff.:0.9209238735035286
2026-03-23 10:15:58,754 - AEMSOlogs - INFO - RCWA eval:[129  66 278 306 334 362] | diff. eff.:0.9332930373858545
2026-03-23 10:15:58,790 - AEMSOlogs - INFO - RCWA eval:[123  43 274 300 334 361] | diff. eff.:0.9359371774574519
2026-03-23 10:15:58,792 - AEMSOlogs - INFO - RCWA eval:[124  69 273 307 341 360] | diff. eff.:0.927497914627421
2026-03-23 10:15:58,842 - AEMSOlogs - INFO - RCWA eval:[148  42 280 308 338 363] | diff. eff.:0.9324429636644472
2026-03-23 10:15:58,857 - AEMSOlogs - INFO - Iteration 43: Best Y = -0.9385537891320849 at x = [0.26306742 0.10128754 0.59503184 0.65332604 0.74163207 0.78724544]
2026-03-23 10:15:58,861 - AEMSOlogs - INFO - Working on simulations...
2026-03-23 10:16:23,376 - AEMSOlogs - INFO - RCWA eval:[157  33 271 307 335 357] | diff. eff.:0.9271776183121377
2026-03-23 10:16:23,516 - AEMSOlogs - INFO - RCWA eval:[120  40 287 303 339 360] | diff. eff.:0.9143944575939695
2026-03-23 10:16:23,657 - AEMSOlogs - INFO - RCWA eval:[135  37 278 304 334 360] | diff. eff.:0.9341680833165846
2026-03-23 10:16:23,764 - AEMSOlogs - INFO - RCWA eval:[137  54 268 298 335 353] | diff. eff.:0.931800666691927
2026-03-23 10:16:23,793 - AEMSOlogs - INFO - RCWA eval:[132  81 266 302 334 358] | diff. eff.:0.9328581290006118
2026-03-23 10:16:23,844 - AEMSOlogs - INFO - RCWA eval:[126  38 271 305 331 357] | diff. eff.:0.931290290682275
2026-03-23 10:16:23,850 - AEMSOlogs - INFO - RCWA eval:[133  56 272 301 331 364] | diff. eff.:0.9239338249973634
2026-03-23 10:16:23,859 - AEMSOlogs - INFO - RCWA eval:[142  51 276 306 339 364] | diff. eff.:0.9374367794134822
2026-03-23 10:16:23,889 - AEMSOlogs - INFO - RCWA eval:[124  70 272 301 339 357] | diff. eff.:0.9356816525190551
2026-03-23 10:16:23,931 - AEMSOlogs - INFO - RCWA eval:[105  41 285 301 340 362] | diff. eff.:0.9201973808438626
2026-03-23 10:16:23,971 - AEMSOlogs - INFO - RCWA eval:[123  37 278 304 334 358] | diff. eff.:0.9333939113254851
2026-03-23 10:16:24,040 - AEMSOlogs - INFO - RCWA eval:[128  63 282 298 334 355] | diff. eff.:0.9181281898396663
2026-03-23 10:16:24,040 - AEMSOlogs - INFO - RCWA eval:[128  36 276 303 331 360] | diff. eff.:0.93030791075432
2026-03-23 10:16:24,084 - AEMSOlogs - INFO - RCWA eval:[125  23 282 300 334 351] | diff. eff.:0.9100790590773556
2026-03-23 10:16:24,102 - AEMSOlogs - INFO - Iteration 44: Best Y = -0.9385537891320849 at x = [0.26306742 0.10128754 0.59503184 0.65332604 0.74163207 0.78724544]
2026-03-23 10:16:24,105 - AEMSOlogs - INFO - Working on simulations...
2026-03-23 10:16:48,541 - AEMSOlogs - INFO - RCWA eval:[107  52 273 301 334 359] | diff. eff.:0.9381855961565413
2026-03-23 10:16:48,746 - AEMSOlogs - INFO - RCWA eval:[147  34 272 309 338 361] | diff. eff.:0.9277534088430399
2026-03-23 10:16:48,948 - AEMSOlogs - INFO - RCWA eval:[144  50 282 304 339 362] | diff. eff.:0.9340483006985306
2026-03-23 10:16:48,985 - AEMSOlogs - INFO - RCWA eval:[142  58 278 305 340 359] | diff. eff.:0.9329326949204961
2026-03-23 10:16:48,987 - AEMSOlogs - INFO - RCWA eval:[128  45 277 302 332 355] | diff. eff.:0.9296520059721711
2026-03-23 10:16:49,050 - AEMSOlogs - INFO - RCWA eval:[132  42 284 301 341 368] | diff. eff.:0.9248483700881075
2026-03-23 10:16:49,067 - AEMSOlogs - INFO - RCWA eval:[142  57 272 301 337 355] | diff. eff.:0.9349036362305874
2026-03-23 10:16:49,084 - AEMSOlogs - INFO - RCWA eval:[126  55 271 302 335 361] | diff. eff.:0.9382658562777111
2026-03-23 10:16:49,087 - AEMSOlogs - INFO - RCWA eval:[158  59 276 304 334 361] | diff. eff.:0.9342770497007493
2026-03-23 10:16:49,156 - AEMSOlogs - INFO - RCWA eval:[134  44 283 307 340 365] | diff. eff.:0.9293718758980712
2026-03-23 10:16:49,173 - AEMSOlogs - INFO - RCWA eval:[120  55 273 304 337 361] | diff. eff.:0.9394168294412183
2026-03-23 10:16:49,173 - AEMSOlogs - INFO - RCWA eval:[116  49 278 300 337 362] | diff. eff.:0.9359968938420236
2026-03-23 10:16:49,323 - AEMSOlogs - INFO - RCWA eval:[142  69 277 301 345 359] | diff. eff.:0.9122415489343823
2026-03-23 10:16:49,335 - AEMSOlogs - INFO - RCWA eval:[126  38 271 301 333 366] | diff. eff.:0.9248953346899048
2026-03-23 10:16:49,349 - AEMSOlogs - INFO - Iteration 45: Best Y = -0.9394168294412183 at x = [0.23261552 0.08228297 0.58863715 0.65937674 0.73792676 0.79338394]
2026-03-23 10:16:49,353 - AEMSOlogs - INFO - Working on simulations...
2026-03-23 10:17:13,923 - AEMSOlogs - INFO - RCWA eval:[112  62 267 295 334 353] | diff. eff.:0.9282609176215706
2026-03-23 10:17:13,927 - AEMSOlogs - INFO - RCWA eval:[159  50 278 303 342 364] | diff. eff.:0.9357017942255765
2026-03-23 10:17:14,118 - AEMSOlogs - INFO - RCWA eval:[120  67 270 304 336 364] | diff. eff.:0.9353873658107744
2026-03-23 10:17:14,130 - AEMSOlogs - INFO - RCWA eval:[111  53 270 296 336 358] | diff. eff.:0.9347521640187872
2026-03-23 10:17:14,161 - AEMSOlogs - INFO - RCWA eval:[135  50 279 302 335 362] | diff. eff.:0.9341552758108305
2026-03-23 10:17:14,182 - AEMSOlogs - INFO - RCWA eval:[123  66 274 303 335 361] | diff. eff.:0.9388879031302919
2026-03-23 10:17:14,199 - AEMSOlogs - INFO - RCWA eval:[114  69 275 306 338 365] | diff. eff.:0.9372906511944247
2026-03-23 10:17:14,305 - AEMSOlogs - INFO - RCWA eval:[134  59 275 302 338 364] | diff. eff.:0.939563379260586
2026-03-23 10:17:14,353 - AEMSOlogs - INFO - RCWA eval:[136  59 279 307 335 360] | diff. eff.:0.931924672339519
2026-03-23 10:17:14,356 - AEMSOlogs - INFO - RCWA eval:[109  60 265 299 335 361] | diff. eff.:0.9323823880960215
2026-03-23 10:17:14,408 - AEMSOlogs - INFO - RCWA eval:[136  47 279 301 337 360] | diff. eff.:0.9368558422344406
2026-03-23 10:17:14,417 - AEMSOlogs - INFO - RCWA eval:[134  33 274 301 338 363] | diff. eff.:0.9397468276346936
2026-03-23 10:17:14,435 - AEMSOlogs - INFO - RCWA eval:[119  60 276 300 334 361] | diff. eff.:0.9347795160806232
2026-03-23 10:17:14,451 - AEMSOlogs - INFO - RCWA eval:[135  43 280 301 338 361] | diff. eff.:0.9360209133405512
2026-03-23 10:17:14,468 - AEMSOlogs - INFO - Iteration 46: Best Y = -0.9397468276346936 at x = [0.26599716 0.03082861 0.59147599 0.65276361 0.73944439 0.79673534]
2026-03-23 10:17:14,472 - AEMSOlogs - INFO - Working on simulations...
2026-03-23 10:17:38,970 - AEMSOlogs - INFO - RCWA eval:[132  38 282 299 340 363] | diff. eff.:0.9302115693331798
2026-03-23 10:17:39,048 - AEMSOlogs - INFO - RCWA eval:[133  42 274 305 338 363] | diff. eff.:0.9383516994741672
2026-03-23 10:17:39,152 - AEMSOlogs - INFO - RCWA eval:[144  27 276 301 338 359] | diff. eff.:0.9395349060789375
2026-03-23 10:17:39,203 - AEMSOlogs - INFO - RCWA eval:[132  59 269 302 341 364] | diff. eff.:0.9324783086649511
2026-03-23 10:17:39,269 - AEMSOlogs - INFO - RCWA eval:[134  36 274 302 336 358] | diff. eff.:0.9393335092678369
2026-03-23 10:17:39,340 - AEMSOlogs - INFO - RCWA eval:[111  59 276 304 337 369] | diff. eff.:0.9297640760779189
2026-03-23 10:17:39,377 - AEMSOlogs - INFO - RCWA eval:[129  65 273 302 337 361] | diff. eff.:0.9404486238572414
2026-03-23 10:17:39,378 - AEMSOlogs - INFO - RCWA eval:[123  58 281 304 337 369] | diff. eff.:0.9250235074747949
2026-03-23 10:17:39,418 - AEMSOlogs - INFO - RCWA eval:[133  65 277 305 338 360] | diff. eff.:0.9374987801640324
2026-03-23 10:17:39,457 - AEMSOlogs - INFO - RCWA eval:[140  49 279 303 340 364] | diff. eff.:0.9381210521896753
2026-03-23 10:17:39,466 - AEMSOlogs - INFO - RCWA eval:[125  61 271 304 336 363] | diff. eff.:0.9370410628988225
2026-03-23 10:17:39,471 - AEMSOlogs - INFO - RCWA eval:[140  25 279 300 335 359] | diff. eff.:0.9336569099245068
2026-03-23 10:17:39,492 - AEMSOlogs - INFO - RCWA eval:[125  53 279 298 336 361] | diff. eff.:0.9316832817986183
2026-03-23 10:17:39,517 - AEMSOlogs - INFO - RCWA eval:[137  59 276 297 336 357] | diff. eff.:0.9340862568573453
2026-03-23 10:17:39,532 - AEMSOlogs - INFO - Iteration 47: Best Y = -0.9404486238572414 at x = [0.2541876  0.10375765 0.58795963 0.65590866 0.7378179  0.79194074]
2026-03-23 10:17:39,536 - AEMSOlogs - INFO - Working on simulations...
2026-03-23 10:18:04,109 - AEMSOlogs - INFO - RCWA eval:[119  54 276 305 339 362] | diff. eff.:0.9380511401392838
2026-03-23 10:18:04,229 - AEMSOlogs - INFO - RCWA eval:[138  36 278 302 336 360] | diff. eff.:0.9374374293342855
2026-03-23 10:18:04,286 - AEMSOlogs - INFO - RCWA eval:[129  60 272 304 335 360] | diff. eff.:0.9379779359064372
2026-03-23 10:18:04,401 - AEMSOlogs - INFO - RCWA eval:[125  68 275 303 338 363] | diff. eff.:0.9403602824654512
2026-03-23 10:18:04,474 - AEMSOlogs - INFO - RCWA eval:[150  76 276 302 341 363] | diff. eff.:0.9388257206746267
2026-03-23 10:18:04,475 - AEMSOlogs - INFO - RCWA eval:[130  77 276 302 339 361] | diff. eff.:0.940398715613544
2026-03-23 10:18:04,477 - AEMSOlogs - INFO - RCWA eval:[133  44 276 305 337 361] | diff. eff.:0.9382686107085978
2026-03-23 10:18:04,621 - AEMSOlogs - INFO - RCWA eval:[120  41 273 300 338 359] | diff. eff.:0.9398758099434068
2026-03-23 10:18:04,622 - AEMSOlogs - INFO - RCWA eval:[128  39 276 308 337 362] | diff. eff.:0.9337052247106493
2026-03-23 10:18:04,630 - AEMSOlogs - INFO - RCWA eval:[145  69 273 304 341 365] | diff. eff.:0.9358956745182371
2026-03-23 10:18:04,644 - AEMSOlogs - INFO - RCWA eval:[123  43 275 298 338 360] | diff. eff.:0.9380639669166632
2026-03-23 10:18:04,661 - AEMSOlogs - INFO - RCWA eval:[153  35 276 304 337 359] | diff. eff.:0.937626956185807
2026-03-23 10:18:04,665 - AEMSOlogs - INFO - RCWA eval:[139  56 273 302 337 357] | diff. eff.:0.9378149131809245
2026-03-23 10:18:04,699 - AEMSOlogs - INFO - RCWA eval:[146  46 277 303 343 361] | diff. eff.:0.9287586957476481
2026-03-23 10:18:04,719 - AEMSOlogs - INFO - Iteration 48: Best Y = -0.9404486238572414 at x = [0.2541876  0.10375765 0.58795963 0.65590866 0.7378179  0.79194074]
2026-03-23 10:18:04,723 - AEMSOlogs - INFO - Working on simulations...
2026-03-23 10:18:29,179 - AEMSOlogs - INFO - RCWA eval:[126  61 278 303 340 360] | diff. eff.:0.9360720452888416
2026-03-23 10:18:29,544 - AEMSOlogs - INFO - RCWA eval:[113  66 273 303 334 359] | diff. eff.:0.9381931619605542
2026-03-23 10:18:29,569 - AEMSOlogs - INFO - RCWA eval:[112  82 271 303 337 360] | diff. eff.:0.939253488226405
2026-03-23 10:18:29,624 - AEMSOlogs - INFO - RCWA eval:[119  65 280 301 338 360] | diff. eff.:0.9349771025333767
2026-03-23 10:18:29,636 - AEMSOlogs - INFO - RCWA eval:[121  88 277 303 341 363] | diff. eff.:0.9387407522818609
2026-03-23 10:18:29,644 - AEMSOlogs - INFO - RCWA eval:[134  64 276 299 338 355] | diff. eff.:0.9323062239706313
2026-03-23 10:18:29,697 - AEMSOlogs - INFO - RCWA eval:[131  46 275 302 340 365] | diff. eff.:0.9385269302523823
2026-03-23 10:18:29,729 - AEMSOlogs - INFO - RCWA eval:[124  61 272 303 334 359] | diff. eff.:0.9378962361868716
2026-03-23 10:18:29,746 - AEMSOlogs - INFO - RCWA eval:[128  60 272 303 340 360] | diff. eff.:0.9364001582962552
2026-03-23 10:18:29,784 - AEMSOlogs - INFO - RCWA eval:[114  89 275 302 340 359] | diff. eff.:0.9364875019082496
2026-03-23 10:18:29,791 - AEMSOlogs - INFO - RCWA eval:[125  96 281 302 342 366] | diff. eff.:0.9359802175982778
2026-03-23 10:18:29,806 - AEMSOlogs - INFO - RCWA eval:[123 101 279 300 339 361] | diff. eff.:0.938380634880173
2026-03-23 10:18:29,809 - AEMSOlogs - INFO - RCWA eval:[116  78 273 298 338 356] | diff. eff.:0.9346003501567117
2026-03-23 10:18:29,847 - AEMSOlogs - INFO - RCWA eval:[116  36 274 306 334 364] | diff. eff.:0.9320343070259511
2026-03-23 10:18:29,862 - AEMSOlogs - INFO - Iteration 49: Best Y = -0.9404486238572414 at x = [0.2541876  0.10375765 0.58795963 0.65590866 0.7378179  0.79194074]
2026-03-23 10:18:29,867 - AEMSOlogs - INFO - Working on simulations...
2026-03-23 10:18:54,280 - AEMSOlogs - INFO - RCWA eval:[113  97 274 303 337 360] | diff. eff.:0.9407424532581494
2026-03-23 10:18:54,439 - AEMSOlogs - INFO - RCWA eval:[107  97 270 304 339 363] | diff. eff.:0.9374892755751744
2026-03-23 10:18:54,717 - AEMSOlogs - INFO - RCWA eval:[110  89 273 301 337 360] | diff. eff.:0.9404993966296159
2026-03-23 10:18:54,756 - AEMSOlogs - INFO - RCWA eval:[110  96 273 302 335 361] | diff. eff.:0.9398080649135595
2026-03-23 10:18:54,769 - AEMSOlogs - INFO - RCWA eval:[118  66 280 306 337 362] | diff. eff.:0.9344967508952458
2026-03-23 10:18:54,785 - AEMSOlogs - INFO - RCWA eval:[100 103 271 302 338 358] | diff. eff.:0.936988080670639
2026-03-23 10:18:54,790 - AEMSOlogs - INFO - RCWA eval:[111  89 274 302 338 358] | diff. eff.:0.9379003343682257
2026-03-23 10:18:54,823 - AEMSOlogs - INFO - RCWA eval:[134  54 276 304 336 361] | diff. eff.:0.9386806788415882
2026-03-23 10:18:54,865 - AEMSOlogs - INFO - RCWA eval:[105  96 271 300 337 359] | diff. eff.:0.9390472864878009
2026-03-23 10:18:54,897 - AEMSOlogs - INFO - RCWA eval:[114  63 275 300 337 359] | diff. eff.:0.9390972510538529
2026-03-23 10:18:54,913 - AEMSOlogs - INFO - RCWA eval:[113  62 274 300 338 361] | diff. eff.:0.9398519736913061
2026-03-23 10:18:54,951 - AEMSOlogs - INFO - RCWA eval:[118  66 276 304 337 363] | diff. eff.:0.9391568188023988
2026-03-23 10:18:54,956 - AEMSOlogs - INFO - RCWA eval:[107  45 285 301 337 358] | diff. eff.:0.9168211773902439
2026-03-23 10:18:55,029 - AEMSOlogs - INFO - RCWA eval:[132  87 273 303 340 360] | diff. eff.:0.9372397513248593
2026-03-23 10:18:55,045 - AEMSOlogs - INFO - Iteration 50: Best Y = -0.9407424532581494 at x = [0.21610274 0.17864279 0.59077343 0.65797392 0.7374135  0.79123743]
2026-03-23 10:18:55,048 - AEMSOlogs - INFO - Working on simulations...
2026-03-23 10:19:19,492 - AEMSOlogs - INFO - RCWA eval:[112  47 273 302 336 360] | diff. eff.:0.9399600907729222
2026-03-23 10:19:19,770 - AEMSOlogs - INFO - RCWA eval:[111 109 273 302 337 361] | diff. eff.:0.9417073693139708
2026-03-23 10:19:19,787 - AEMSOlogs - INFO - RCWA eval:[107  98 276 304 340 361] | diff. eff.:0.9382655128412378
2026-03-23 10:19:19,822 - AEMSOlogs - INFO - RCWA eval:[130  80 271 300 338 360] | diff. eff.:0.9392556000448138
2026-03-23 10:19:19,913 - AEMSOlogs - INFO - RCWA eval:[101  92 273 301 337 361] | diff. eff.:0.940511541894257
2026-03-23 10:19:19,937 - AEMSOlogs - INFO - RCWA eval:[109  85 276 302 336 362] | diff. eff.:0.9393998690960095
2026-03-23 10:19:19,949 - AEMSOlogs - INFO - RCWA eval:[100  83 277 301 336 362] | diff. eff.:0.93751463649824
2026-03-23 10:19:19,991 - AEMSOlogs - INFO - RCWA eval:[136  53 275 303 337 360] | diff. eff.:0.9399194960348124
2026-03-23 10:19:20,060 - AEMSOlogs - INFO - RCWA eval:[110  92 272 305 335 357] | diff. eff.:0.9345498112770464
2026-03-23 10:19:20,075 - AEMSOlogs - INFO - RCWA eval:[104 104 273 300 338 358] | diff. eff.:0.9380267464612625
2026-03-23 10:19:20,093 - AEMSOlogs - INFO - RCWA eval:[ 96  89 267 305 337 366] | diff. eff.:0.9304203676150576
2026-03-23 10:19:20,094 - AEMSOlogs - INFO - RCWA eval:[108 104 270 301 335 358] | diff. eff.:0.9380301855334934
2026-03-23 10:19:20,097 - AEMSOlogs - INFO - RCWA eval:[ 98 106 269 303 340 358] | diff. eff.:0.930279649989667
2026-03-23 10:19:20,106 - AEMSOlogs - INFO - RCWA eval:[127  80 273 304 335 358] | diff. eff.:0.9372670057330561
2026-03-23 10:19:20,120 - AEMSOlogs - INFO - Iteration 51: Best Y = -0.9417073693139708 at x = [0.21212098 0.2080828  0.58834569 0.65552659 0.73817846 0.79286903]


Job ID: 4010286
Cluster: cluster_dei
User/Group: vergerioed/dottor
State: COMPLETED (exit code 0)
Nodes: 1
Cores per node: 14
CPU Utilized: 04:58:32
CPU Efficiency: 99.18% of 05:01:00 core-walltime
Job Wall-clock time: 00:21:30
Memory Utilized: 13.51 GB
Memory Efficiency: 84.44% of 16.00 GB (16.00 GB/node)
