2026-03-20 08:19:52,738 - AEMSOlogs - INFO - Working on simulations...
2026-03-20 08:20:18,583 - AEMSOlogs - INFO - RCWA eval:[262. 212. 180. 296. 224. 340.] | diff. eff.:0.06439798292413261
2026-03-20 08:20:19,412 - AEMSOlogs - INFO - RCWA eval:[200. 388. 234. 196. 361. 423.] | diff. eff.:0.1019924388751012
2026-03-20 08:20:19,724 - AEMSOlogs - INFO - RCWA eval:[167. 158. 128. 143. 289. 296.] | diff. eff.:0.2654847082909
2026-03-20 08:20:19,725 - AEMSOlogs - INFO - RCWA eval:[278. 304. 227. 213. 269. 254.] | diff. eff.:0.2258848674507717
2026-03-20 08:20:19,749 - AEMSOlogs - INFO - RCWA eval:[425. 261. 201.  37. 197. 209.] | diff. eff.:0.03583382168357506
2026-03-20 08:20:19,788 - AEMSOlogs - INFO - RCWA eval:[ 66. 236. 183. 218. 164. 233.] | diff. eff.:0.0004724963750385786
2026-03-20 08:20:20,192 - AEMSOlogs - INFO - RCWA eval:[403. 354. 246. 320. 213. 254.] | diff. eff.:0.034289726252249284
2026-03-20 08:20:20,295 - AEMSOlogs - INFO - RCWA eval:[305. 120. 218. 151. 270. 171.] | diff. eff.:0.24556952962818496
2026-03-20 08:20:20,390 - AEMSOlogs - INFO - RCWA eval:[234. 354. 188. 344. 182. 239.] | diff. eff.:0.13066474661008587
2026-03-20 08:20:20,501 - AEMSOlogs - INFO - RCWA eval:[273. 364. 293. 169. 336. 251.] | diff. eff.:0.008051262231288946
2026-03-20 08:20:20,516 - AEMSOlogs - INFO - RCWA eval:[186. 290. 215. 307.  47. 227.] | diff. eff.:0.26435726587376607
2026-03-20 08:20:20,518 - AEMSOlogs - INFO - RCWA eval:[195. 286. 288. 119. 175. 306.] | diff. eff.:0.037620166226095784
2026-03-20 08:20:20,550 - AEMSOlogs - INFO - RCWA eval:[232. 337. 308. 169. 207. 226.] | diff. eff.:0.3913268573196088
2026-03-20 08:20:41,857 - AEMSOlogs - INFO - RCWA eval:[103. 184.  46.  67. 333. 278.] | diff. eff.:0.006053559591211744
2026-03-20 08:20:41,906 - AEMSOlogs - INFO - Iteration 1: Best Y = -0.3913268573196088 at x = [0.4936447  0.73695426 0.67002211 0.34636704 0.43379641 0.4795511 ]
2026-03-20 08:20:41,908 - AEMSOlogs - INFO - Working on simulations...
2026-03-20 08:21:05,134 - AEMSOlogs - INFO - RCWA eval:[240. 294. 159. 204. 138. 418.] | diff. eff.:0.12357454149384517
2026-03-20 08:21:06,132 - AEMSOlogs - INFO - RCWA eval:[248. 318. 178. 148. 243. 152.] | diff. eff.:0.3138525524905357
2026-03-20 08:21:06,247 - AEMSOlogs - INFO - RCWA eval:[216. 185. 264. 172. 180. 276.] | diff. eff.:0.0028894416368487486
2026-03-20 08:21:06,294 - AEMSOlogs - INFO - RCWA eval:[270. 302. 221. 255. 187. 133.] | diff. eff.:0.08637888882562782
2026-03-20 08:21:06,301 - AEMSOlogs - INFO - RCWA eval:[304. 343. 230. 181. 197. 294.] | diff. eff.:0.6014746214048937
2026-03-20 08:21:06,405 - AEMSOlogs - INFO - RCWA eval:[212. 377. 207. 200. 202. 205.] | diff. eff.:0.05900351916508082
2026-03-20 08:21:06,684 - AEMSOlogs - INFO - RCWA eval:[284. 271. 105. 313. 356. 310.] | diff. eff.:0.11229810219374999
2026-03-20 08:21:06,835 - AEMSOlogs - INFO - RCWA eval:[177. 412. 325. 275. 104.  69.] | diff. eff.:0.051643111376078445
2026-03-20 08:21:07,029 - AEMSOlogs - INFO - RCWA eval:[175. 356.  87. 291. 217. 299.] | diff. eff.:0.28399546475443105
2026-03-20 08:21:07,104 - AEMSOlogs - INFO - RCWA eval:[222. 246.  89. 178. 247. 124.] | diff. eff.:0.008371105665082914
2026-03-20 08:21:07,152 - AEMSOlogs - INFO - RCWA eval:[322. 136. 213. 200. 259. 247.] | diff. eff.:0.4261416345325596
2026-03-20 08:21:07,159 - AEMSOlogs - INFO - RCWA eval:[159. 259. 314. 147. 307. 265.] | diff. eff.:0.21695496395515845
2026-03-20 08:21:07,191 - AEMSOlogs - INFO - RCWA eval:[168. 240. 283. 322. 123. 258.] | diff. eff.:0.3147094239335305
2026-03-20 08:21:28,295 - AEMSOlogs - INFO - RCWA eval:[294. 291. 131. 255. 167. 340.] | diff. eff.:0.11087043783591814
2026-03-20 08:21:28,313 - AEMSOlogs - INFO - Iteration 2: Best Y = -0.6014746214048937 at x = [0.66027899 0.75222222 0.48822824 0.3748792  0.41102206 0.6374265 ]
2026-03-20 08:21:28,314 - AEMSOlogs - INFO - Working on simulations...
2026-03-20 08:21:51,533 - AEMSOlogs - INFO - RCWA eval:[326. 212. 335. 261. 141. 219.] | diff. eff.:0.03644869722042112
2026-03-20 08:21:52,429 - AEMSOlogs - INFO - RCWA eval:[193. 269. 256. 323. 309. 336.] | diff. eff.:0.46476460292116983
2026-03-20 08:21:52,496 - AEMSOlogs - INFO - RCWA eval:[115. 202. 240. 222. 181. 195.] | diff. eff.:0.024229201772056442
2026-03-20 08:21:52,628 - AEMSOlogs - INFO - RCWA eval:[257. 294. 222. 216. 217. 278.] | diff. eff.:0.1582402857604952
2026-03-20 08:21:52,638 - AEMSOlogs - INFO - RCWA eval:[151. 243. 140. 301. 209. 230.] | diff. eff.:0.11209351171994708
2026-03-20 08:21:52,776 - AEMSOlogs - INFO - RCWA eval:[372. 268. 144. 263. 158. 158.] | diff. eff.:0.08193619571406277
2026-03-20 08:21:53,093 - AEMSOlogs - INFO - RCWA eval:[178. 327. 239. 180. 255. 276.] | diff. eff.:0.38245201438494913
2026-03-20 08:21:53,263 - AEMSOlogs - INFO - RCWA eval:[301. 427. 258. 245. 240. 316.] | diff. eff.:0.14782087218993703
2026-03-20 08:21:53,292 - AEMSOlogs - INFO - RCWA eval:[230. 275. 183. 185. 315. 340.] | diff. eff.:0.12981148743748086
2026-03-20 08:21:53,412 - AEMSOlogs - INFO - RCWA eval:[229. 273. 167. 314. 254. 297.] | diff. eff.:0.06991351674572983
2026-03-20 08:21:53,435 - AEMSOlogs - INFO - RCWA eval:[380. 276. 236. 140. 165. 269.] | diff. eff.:0.006602404160672328
2026-03-20 08:21:53,478 - AEMSOlogs - INFO - RCWA eval:[198. 331. 264. 127. 230. 235.] | diff. eff.:0.06324037144848547
2026-03-20 08:21:53,500 - AEMSOlogs - INFO - RCWA eval:[334. 313. 177. 273. 152. 276.] | diff. eff.:0.24718275161800002
2026-03-20 08:22:14,751 - AEMSOlogs - INFO - RCWA eval:[296. 300. 298. 177. 263. 231.] | diff. eff.:0.20798781406438274
2026-03-20 08:22:14,768 - AEMSOlogs - INFO - Iteration 3: Best Y = -0.6014746214048937 at x = [0.66027899 0.75222222 0.48822824 0.3748792  0.41102206 0.6374265 ]
2026-03-20 08:22:14,769 - AEMSOlogs - INFO - Working on simulations...
2026-03-20 08:22:37,908 - AEMSOlogs - INFO - RCWA eval:[289. 198. 345. 217. 321. 268.] | diff. eff.:0.042417157365001935
2026-03-20 08:22:38,880 - AEMSOlogs - INFO - RCWA eval:[188. 322. 137. 294. 253. 368.] | diff. eff.:0.04770646540755073
2026-03-20 08:22:38,930 - AEMSOlogs - INFO - RCWA eval:[253. 331. 291. 379. 243. 314.] | diff. eff.:0.09076304168085933
2026-03-20 08:22:38,966 - AEMSOlogs - INFO - RCWA eval:[216. 218. 293. 207. 264. 201.] | diff. eff.:0.04206632755754419
2026-03-20 08:22:38,985 - AEMSOlogs - INFO - RCWA eval:[253. 392. 233. 287. 319. 332.] | diff. eff.:0.6636099969398763
2026-03-20 08:22:39,070 - AEMSOlogs - INFO - RCWA eval:[165. 317. 297. 252. 363. 363.] | diff. eff.:0.20254986266528632
2026-03-20 08:22:39,574 - AEMSOlogs - INFO - RCWA eval:[189. 321. 274. 298. 182. 372.] | diff. eff.:0.11693125129673324
2026-03-20 08:22:39,665 - AEMSOlogs - INFO - RCWA eval:[185. 386. 239. 223. 289. 278.] | diff. eff.:0.2708008016874772
2026-03-20 08:22:39,802 - AEMSOlogs - INFO - RCWA eval:[288. 257. 243. 183. 343. 342.] | diff. eff.:0.12955421261503786
2026-03-20 08:22:39,834 - AEMSOlogs - INFO - RCWA eval:[193. 351. 223. 310. 314. 304.] | diff. eff.:0.27629250615421297
2026-03-20 08:22:39,881 - AEMSOlogs - INFO - RCWA eval:[326. 291. 216. 236. 153. 221.] | diff. eff.:0.0857878581591289
2026-03-20 08:22:39,926 - AEMSOlogs - INFO - RCWA eval:[264. 378. 199. 328. 181. 204.] | diff. eff.:0.07501198576751422
2026-03-20 08:22:39,952 - AEMSOlogs - INFO - RCWA eval:[271. 229. 303. 296. 275. 259.] | diff. eff.:0.05133532382343524
2026-03-20 08:23:01,182 - AEMSOlogs - INFO - RCWA eval:[247. 200. 226. 256. 221. 154.] | diff. eff.:0.014574909969352866
2026-03-20 08:23:01,193 - AEMSOlogs - INFO - Iteration 4: Best Y = -0.6636099969398763 at x = [0.54299968 0.86476051 0.49647824 0.62072213 0.69570612 0.72446438]
2026-03-20 08:23:01,194 - AEMSOlogs - INFO - Working on simulations...
2026-03-20 08:23:24,436 - AEMSOlogs - INFO - RCWA eval:[209. 264. 242. 122. 137. 190.] | diff. eff.:0.10449283027663872
2026-03-20 08:23:25,241 - AEMSOlogs - INFO - RCWA eval:[200. 446. 183. 146. 361. 331.] | diff. eff.:0.11890442717142459
2026-03-20 08:23:25,385 - AEMSOlogs - INFO - RCWA eval:[308. 333. 272. 224. 307. 331.] | diff. eff.:0.23307653060781913
2026-03-20 08:23:25,439 - AEMSOlogs - INFO - RCWA eval:[170. 268. 235. 335. 418. 324.] | diff. eff.:0.10589869742029712
2026-03-20 08:23:25,465 - AEMSOlogs - INFO - RCWA eval:[177. 313. 172. 287. 111. 312.] | diff. eff.:0.08577959266749084
2026-03-20 08:23:25,530 - AEMSOlogs - INFO - RCWA eval:[219. 316. 305. 407. 324. 312.] | diff. eff.:0.055628794938979945
2026-03-20 08:23:26,138 - AEMSOlogs - INFO - RCWA eval:[ 86. 345. 243. 186. 345. 311.] | diff. eff.:0.19751542134986194
2026-03-20 08:23:26,160 - AEMSOlogs - INFO - RCWA eval:[141. 371. 222. 145. 297. 212.] | diff. eff.:0.2280807251601984
2026-03-20 08:23:26,215 - AEMSOlogs - INFO - RCWA eval:[253. 369. 270. 277. 303. 338.] | diff. eff.:0.6195571118985849
2026-03-20 08:23:26,288 - AEMSOlogs - INFO - RCWA eval:[250. 429. 146. 226. 302. 321.] | diff. eff.:0.31879319184901567
2026-03-20 08:23:26,302 - AEMSOlogs - INFO - RCWA eval:[233. 310. 210. 267. 309. 403.] | diff. eff.:0.02336178461344081
2026-03-20 08:23:26,365 - AEMSOlogs - INFO - RCWA eval:[138. 387. 341. 173. 216. 395.] | diff. eff.:0.00357646515945717
2026-03-20 08:23:26,418 - AEMSOlogs - INFO - RCWA eval:[142. 200. 306. 247. 227. 284.] | diff. eff.:0.0034678147161727366
2026-03-20 08:23:47,660 - AEMSOlogs - INFO - RCWA eval:[148. 421. 429. 218. 345. 448.] | diff. eff.:0.10835945965128141
2026-03-20 08:23:47,670 - AEMSOlogs - INFO - Iteration 5: Best Y = -0.6636099969398763 at x = [0.54299968 0.86476051 0.49647824 0.62072213 0.69570612 0.72446438]
2026-03-20 08:23:47,671 - AEMSOlogs - INFO - Working on simulations...
2026-03-20 08:24:10,815 - AEMSOlogs - INFO - RCWA eval:[187. 442. 209. 332. 284. 399.] | diff. eff.:0.07647902730114597
2026-03-20 08:24:11,773 - AEMSOlogs - INFO - RCWA eval:[272. 324. 186. 150. 367. 334.] | diff. eff.:0.12786844269512906
2026-03-20 08:24:11,862 - AEMSOlogs - INFO - RCWA eval:[307. 444. 223. 166. 203. 270.] | diff. eff.:0.20450907207600819
2026-03-20 08:24:11,922 - AEMSOlogs - INFO - RCWA eval:[252. 346. 243.  59. 321. 212.] | diff. eff.:0.0022739597036573224
2026-03-20 08:24:11,964 - AEMSOlogs - INFO - RCWA eval:[292. 450. 393. 122. 353. 294.] | diff. eff.:0.17338740489102303
2026-03-20 08:24:12,042 - AEMSOlogs - INFO - RCWA eval:[206. 450. 202. 190. 285. 356.] | diff. eff.:0.32737621164751257
2026-03-20 08:24:12,501 - AEMSOlogs - INFO - RCWA eval:[192. 396. 186. 203. 256. 349.] | diff. eff.:0.23951509298221024
2026-03-20 08:24:12,683 - AEMSOlogs - INFO - RCWA eval:[195. 449. 269. 318. 420. 309.] | diff. eff.:0.11862076752134576
2026-03-20 08:24:12,693 - AEMSOlogs - INFO - RCWA eval:[215. 309. 200. 317. 358. 299.] | diff. eff.:0.1202208592375028
2026-03-20 08:24:12,718 - AEMSOlogs - INFO - RCWA eval:[317. 336. 204. 296. 348. 339.] | diff. eff.:0.11926299801690414
2026-03-20 08:24:12,773 - AEMSOlogs - INFO - RCWA eval:[274. 376. 218. 343. 383. 277.] | diff. eff.:0.06523031331082356
2026-03-20 08:24:12,808 - AEMSOlogs - INFO - RCWA eval:[211. 403. 150. 216. 244. 433.] | diff. eff.:0.06908573817565816
2026-03-20 08:24:12,887 - AEMSOlogs - INFO - RCWA eval:[261. 450. 223. 249. 231. 228.] | diff. eff.:0.006061891817607612
2026-03-20 08:24:34,148 - AEMSOlogs - INFO - RCWA eval:[198. 318. 312. 280. 345. 405.] | diff. eff.:0.3543935861294792
2026-03-20 08:24:34,159 - AEMSOlogs - INFO - Iteration 6: Best Y = -0.6636099969398763 at x = [0.54299968 0.86476051 0.49647824 0.62072213 0.69570612 0.72446438]
2026-03-20 08:24:34,160 - AEMSOlogs - INFO - Working on simulations...
2026-03-20 08:24:57,365 - AEMSOlogs - INFO - RCWA eval:[136. 436. 282. 195. 383. 381.] | diff. eff.:0.19057112307644986
2026-03-20 08:24:58,264 - AEMSOlogs - INFO - RCWA eval:[128. 333. 305. 287. 339. 339.] | diff. eff.:0.19726341219382607
2026-03-20 08:24:58,389 - AEMSOlogs - INFO - RCWA eval:[212. 402. 246. 105. 270. 356.] | diff. eff.:0.212557004730954
2026-03-20 08:24:58,400 - AEMSOlogs - INFO - RCWA eval:[279. 423. 230. 174. 366. 345.] | diff. eff.:0.03131666779717943
2026-03-20 08:24:58,501 - AEMSOlogs - INFO - RCWA eval:[169. 332. 250. 277. 293. 289.] | diff. eff.:0.02772009268762887
2026-03-20 08:24:58,629 - AEMSOlogs - INFO - RCWA eval:[194. 334. 203. 215. 220. 253.] | diff. eff.:0.2863627663273921
2026-03-20 08:24:59,059 - AEMSOlogs - INFO - RCWA eval:[152. 436. 253. 289. 349. 305.] | diff. eff.:0.39418394702525156
2026-03-20 08:24:59,061 - AEMSOlogs - INFO - RCWA eval:[220. 292. 220. 285. 361. 362.] | diff. eff.:0.34975566838380184
2026-03-20 08:24:59,073 - AEMSOlogs - INFO - RCWA eval:[171. 441. 276. 201. 407. 432.] | diff. eff.:0.17195122869729842
2026-03-20 08:24:59,311 - AEMSOlogs - INFO - RCWA eval:[164. 397. 249. 251. 330. 406.] | diff. eff.:0.5117625691461014
2026-03-20 08:24:59,322 - AEMSOlogs - INFO - RCWA eval:[257. 431. 232. 193. 331. 307.] | diff. eff.:0.2316288043927599
2026-03-20 08:24:59,326 - AEMSOlogs - INFO - RCWA eval:[240. 374. 236. 174. 389. 368.] | diff. eff.:0.07568098452963165
2026-03-20 08:24:59,435 - AEMSOlogs - INFO - RCWA eval:[154. 270. 308. 131. 240. 266.] | diff. eff.:0.13545052865970394
2026-03-20 08:25:20,625 - AEMSOlogs - INFO - RCWA eval:[245. 316. 195. 191. 289. 384.] | diff. eff.:0.043505198703827984
2026-03-20 08:25:20,634 - AEMSOlogs - INFO - Iteration 7: Best Y = -0.6636099969398763 at x = [0.54299968 0.86476051 0.49647824 0.62072213 0.69570612 0.72446438]
2026-03-20 08:25:20,635 - AEMSOlogs - INFO - Working on simulations...
2026-03-20 08:25:43,865 - AEMSOlogs - INFO - RCWA eval:[250. 449. 191.  71. 174. 288.] | diff. eff.:0.14342523143538302
2026-03-20 08:25:44,837 - AEMSOlogs - INFO - RCWA eval:[283. 406. 252. 318. 335. 435.] | diff. eff.:0.15546830062404512
2026-03-20 08:25:44,867 - AEMSOlogs - INFO - RCWA eval:[227. 414. 244. 300. 224. 421.] | diff. eff.:0.18710529072467658
2026-03-20 08:25:44,936 - AEMSOlogs - INFO - RCWA eval:[200. 427. 205. 224. 345. 442.] | diff. eff.:0.23629001446600012
2026-03-20 08:25:44,941 - AEMSOlogs - INFO - RCWA eval:[169. 450. 296. 208. 296. 323.] | diff. eff.:0.28113497271035065
2026-03-20 08:25:44,950 - AEMSOlogs - INFO - RCWA eval:[187. 321. 202. 188. 273. 321.] | diff. eff.:0.2642472184968597
2026-03-20 08:25:45,455 - AEMSOlogs - INFO - RCWA eval:[211. 392. 271. 216. 308. 294.] | diff. eff.:0.1839507402966787
2026-03-20 08:25:45,673 - AEMSOlogs - INFO - RCWA eval:[252. 341. 213. 261. 330. 409.] | diff. eff.:0.11253612431370193
2026-03-20 08:25:45,703 - AEMSOlogs - INFO - RCWA eval:[218. 344. 176. 195. 260. 241.] | diff. eff.:0.2876656628040219
2026-03-20 08:25:45,710 - AEMSOlogs - INFO - RCWA eval:[118. 425. 269. 275. 229. 332.] | diff. eff.:0.456441169950859
2026-03-20 08:25:45,781 - AEMSOlogs - INFO - RCWA eval:[239. 381. 267. 317. 337. 330.] | diff. eff.:0.6116073712967749
2026-03-20 08:25:45,811 - AEMSOlogs - INFO - RCWA eval:[156. 364. 335. 328. 450. 300.] | diff. eff.:0.02251634890390009
2026-03-20 08:25:45,886 - AEMSOlogs - INFO - RCWA eval:[215. 290. 281. 166. 311. 205.] | diff. eff.:0.1359620018447234
2026-03-20 08:26:07,055 - AEMSOlogs - INFO - RCWA eval:[159. 322. 343. 203. 346. 344.] | diff. eff.:0.03305327859411255
2026-03-20 08:26:07,064 - AEMSOlogs - INFO - Iteration 8: Best Y = -0.6636099969398763 at x = [0.54299968 0.86476051 0.49647824 0.62072213 0.69570612 0.72446438]
2026-03-20 08:26:07,065 - AEMSOlogs - INFO - Working on simulations...
2026-03-20 08:26:30,236 - AEMSOlogs - INFO - RCWA eval:[161. 365. 235. 292. 409. 284.] | diff. eff.:0.1098047776184253
2026-03-20 08:26:31,200 - AEMSOlogs - INFO - RCWA eval:[191. 405. 250. 264. 319. 368.] | diff. eff.:0.6357712258668125
2026-03-20 08:26:31,212 - AEMSOlogs - INFO - RCWA eval:[155. 439. 393. 398. 296. 442.] | diff. eff.:0.04057537680277383
2026-03-20 08:26:31,303 - AEMSOlogs - INFO - RCWA eval:[ 99. 439. 221. 285. 296. 369.] | diff. eff.:0.6462630258562909
2026-03-20 08:26:31,314 - AEMSOlogs - INFO - RCWA eval:[194. 375. 257. 245. 271. 348.] | diff. eff.:0.45108226361176923
2026-03-20 08:26:31,319 - AEMSOlogs - INFO - RCWA eval:[155. 424. 282. 243. 312. 367.] | diff. eff.:0.4911849485613163
2026-03-20 08:26:31,869 - AEMSOlogs - INFO - RCWA eval:[136. 450. 222. 314. 323. 328.] | diff. eff.:0.5951682055313037
2026-03-20 08:26:31,894 - AEMSOlogs - INFO - RCWA eval:[160. 442. 239. 134. 314. 293.] | diff. eff.:0.1485065066981575
2026-03-20 08:26:32,125 - AEMSOlogs - INFO - RCWA eval:[172. 349. 258. 274. 334. 418.] | diff. eff.:0.35770046608999584
2026-03-20 08:26:32,155 - AEMSOlogs - INFO - RCWA eval:[161. 308. 183. 294. 268. 276.] | diff. eff.:0.01953187505460207
2026-03-20 08:26:32,184 - AEMSOlogs - INFO - RCWA eval:[219. 430. 272. 366. 326. 350.] | diff. eff.:0.2599013497801859
2026-03-20 08:26:32,203 - AEMSOlogs - INFO - RCWA eval:[184. 389. 200. 310. 234. 309.] | diff. eff.:0.27898190625975916
2026-03-20 08:26:32,253 - AEMSOlogs - INFO - RCWA eval:[143. 307. 275. 256. 284. 345.] | diff. eff.:0.10146245987182931
2026-03-20 08:26:53,239 - AEMSOlogs - INFO - RCWA eval:[142. 444. 270. 273. 400. 382.] | diff. eff.:0.1531922616587447
2026-03-20 08:26:53,249 - AEMSOlogs - INFO - Iteration 9: Best Y = -0.6636099969398763 at x = [0.54299968 0.86476051 0.49647824 0.62072213 0.69570612 0.72446438]
2026-03-20 08:26:53,250 - AEMSOlogs - INFO - Working on simulations...
2026-03-20 08:27:16,393 - AEMSOlogs - INFO - RCWA eval:[188. 365. 278. 245. 194. 305.] | diff. eff.:0.3813139678195669
2026-03-20 08:27:17,426 - AEMSOlogs - INFO - RCWA eval:[167. 418. 169. 338. 284. 323.] | diff. eff.:0.18792125117460964
2026-03-20 08:27:17,472 - AEMSOlogs - INFO - RCWA eval:[ 80. 449. 252. 302. 365. 430.] | diff. eff.:0.2426367736347103
2026-03-20 08:27:17,503 - AEMSOlogs - INFO - RCWA eval:[126. 438. 227. 259. 240. 348.] | diff. eff.:0.4784781351713965
2026-03-20 08:27:17,535 - AEMSOlogs - INFO - RCWA eval:[ 85. 419. 215. 342. 285. 390.] | diff. eff.:0.20815002349963105
2026-03-20 08:27:17,592 - AEMSOlogs - INFO - RCWA eval:[ 77. 439. 335. 276. 337. 354.] | diff. eff.:0.0857977976833942
2026-03-20 08:27:18,003 - AEMSOlogs - INFO - RCWA eval:[204. 320. 202. 302. 297. 353.] | diff. eff.:0.08765244664933262
2026-03-20 08:27:18,170 - AEMSOlogs - INFO - RCWA eval:[133. 447. 231. 332. 248. 347.] | diff. eff.:0.33975971598619614
2026-03-20 08:27:18,208 - AEMSOlogs - INFO - RCWA eval:[134. 427. 245. 300. 412. 449.] | diff. eff.:0.24408957193484238
2026-03-20 08:27:18,311 - AEMSOlogs - INFO - RCWA eval:[118. 425. 266. 333. 336. 398.] | diff. eff.:0.15203650483356063
2026-03-20 08:27:18,404 - AEMSOlogs - INFO - RCWA eval:[146. 441. 228. 264. 309. 397.] | diff. eff.:0.42649752036521993
2026-03-20 08:27:18,437 - AEMSOlogs - INFO - RCWA eval:[ 80. 445. 228. 301. 273. 382.] | diff. eff.:0.5626757915160905
2026-03-20 08:27:18,492 - AEMSOlogs - INFO - RCWA eval:[144. 357. 154. 260. 175. 279.] | diff. eff.:0.29992433360686205
2026-03-20 08:27:39,452 - AEMSOlogs - INFO - RCWA eval:[130. 447. 220. 259. 295. 393.] | diff. eff.:0.29905399187524384
2026-03-20 08:27:39,460 - AEMSOlogs - INFO - Iteration 10: Best Y = -0.6636099969398763 at x = [0.54299968 0.86476051 0.49647824 0.62072213 0.69570612 0.72446438]
2026-03-20 08:27:39,462 - AEMSOlogs - INFO - Working on simulations...
2026-03-20 08:28:02,451 - AEMSOlogs - INFO - RCWA eval:[145. 385. 250. 345. 272. 423.] | diff. eff.:0.07791386986003683
2026-03-20 08:28:03,649 - AEMSOlogs - INFO - RCWA eval:[ 86. 447. 242. 296. 250. 419.] | diff. eff.:0.32081969340587563
2026-03-20 08:28:03,679 - AEMSOlogs - INFO - RCWA eval:[ 21. 448. 181. 367. 336. 374.] | diff. eff.:0.2412508770335419
2026-03-20 08:28:03,784 - AEMSOlogs - INFO - RCWA eval:[ 32. 447. 232. 267. 277. 354.] | diff. eff.:0.6249601733214042
2026-03-20 08:28:03,800 - AEMSOlogs - INFO - RCWA eval:[177. 446. 246. 261. 298. 397.] | diff. eff.:0.3504177883618854
2026-03-20 08:28:03,828 - AEMSOlogs - INFO - RCWA eval:[ 88. 289. 288. 306. 346. 390.] | diff. eff.:0.7093133559983889
2026-03-20 08:28:04,324 - AEMSOlogs - INFO - RCWA eval:[ 94. 444. 252. 173. 206. 379.] | diff. eff.:0.09476477045471993
2026-03-20 08:28:04,327 - AEMSOlogs - INFO - RCWA eval:[113. 431. 151. 350. 219. 380.] | diff. eff.:0.1862150698568179
2026-03-20 08:28:04,428 - AEMSOlogs - INFO - RCWA eval:[ 83. 437. 227. 355. 292. 438.] | diff. eff.:0.30036009580639605
2026-03-20 08:28:04,540 - AEMSOlogs - INFO - RCWA eval:[ 92. 379. 281. 221. 373. 441.] | diff. eff.:0.057572536800511886
2026-03-20 08:28:04,600 - AEMSOlogs - INFO - RCWA eval:[118. 450. 156. 289. 212. 310.] | diff. eff.:0.3407423230852007
2026-03-20 08:28:04,612 - AEMSOlogs - INFO - RCWA eval:[110. 343. 181. 135. 152. 311.] | diff. eff.:0.4794289331923895
2026-03-20 08:28:04,631 - AEMSOlogs - INFO - RCWA eval:[163. 315. 209. 220. 223. 309.] | diff. eff.:0.33962908820089277
2026-03-20 08:28:25,575 - AEMSOlogs - INFO - RCWA eval:[ 61. 390. 217. 271. 324. 411.] | diff. eff.:0.551996443259891
2026-03-20 08:28:25,584 - AEMSOlogs - INFO - Iteration 11: Best Y = -0.7093133559983889 at x = [0.15895582 0.62502168 0.62265794 0.66472106 0.75769553 0.85943599]
2026-03-20 08:28:25,585 - AEMSOlogs - INFO - Working on simulations...
2026-03-20 08:28:48,791 - AEMSOlogs - INFO - RCWA eval:[ 71. 369. 192. 268. 305. 241.] | diff. eff.:0.11186461609997643
2026-03-20 08:28:49,792 - AEMSOlogs - INFO - RCWA eval:[155. 259. 300. 275. 345. 371.] | diff. eff.:0.7551433681036069
2026-03-20 08:28:49,805 - AEMSOlogs - INFO - RCWA eval:[ 64. 429. 173. 250. 289. 331.] | diff. eff.:0.592270281840231
2026-03-20 08:28:49,845 - AEMSOlogs - INFO - RCWA eval:[101. 361. 239. 204. 348. 445.] | diff. eff.:0.0435142280494176
2026-03-20 08:28:49,906 - AEMSOlogs - INFO - RCWA eval:[101. 406. 243. 313. 371. 398.] | diff. eff.:0.3187061346921076
2026-03-20 08:28:49,941 - AEMSOlogs - INFO - RCWA eval:[ 84. 311. 234. 128. 373. 419.] | diff. eff.:0.16447011735937306
2026-03-20 08:28:50,381 - AEMSOlogs - INFO - RCWA eval:[ 63. 353. 311. 327. 358. 392.] | diff. eff.:0.28527365147872763
2026-03-20 08:28:50,517 - AEMSOlogs - INFO - RCWA eval:[233. 301. 262. 275. 317. 418.] | diff. eff.:0.16703446114143142
2026-03-20 08:28:50,724 - AEMSOlogs - INFO - RCWA eval:[155. 423. 242. 265. 325. 450.] | diff. eff.:0.40037709492657303
2026-03-20 08:28:50,725 - AEMSOlogs - INFO - RCWA eval:[173. 379. 312. 303. 318. 349.] | diff. eff.:0.5058688490941096
2026-03-20 08:28:50,729 - AEMSOlogs - INFO - RCWA eval:[ 28. 426. 219. 331. 450. 427.] | diff. eff.:0.19692391041592705
2026-03-20 08:28:50,729 - AEMSOlogs - INFO - RCWA eval:[ 45. 444. 156. 278. 196. 360.] | diff. eff.:0.45843392824250434
2026-03-20 08:28:50,918 - AEMSOlogs - INFO - RCWA eval:[132. 373. 187. 228. 196. 373.] | diff. eff.:0.15581688369442154
2026-03-20 08:29:12,011 - AEMSOlogs - INFO - RCWA eval:[190. 406. 172. 210. 448. 445.] | diff. eff.:0.0227602505091529
2026-03-20 08:29:12,022 - AEMSOlogs - INFO - Iteration 12: Best Y = -0.7551433681036069 at x = [0.31343501 0.55687262 0.65132855 0.5920775  0.75637167 0.81688122]
2026-03-20 08:29:12,023 - AEMSOlogs - INFO - Working on simulations...
2026-03-20 08:29:35,150 - AEMSOlogs - INFO - RCWA eval:[ 83. 314. 251. 342. 279. 389.] | diff. eff.:0.1219114485692817
2026-03-20 08:29:36,225 - AEMSOlogs - INFO - RCWA eval:[ 49. 353. 274. 327. 344. 388.] | diff. eff.:0.49063844494513964
2026-03-20 08:29:36,258 - AEMSOlogs - INFO - RCWA eval:[ 25. 391. 244. 292. 348. 353.] | diff. eff.:0.5184679095525626
2026-03-20 08:29:36,319 - AEMSOlogs - INFO - RCWA eval:[242. 262. 241. 299. 376. 350.] | diff. eff.:0.38570471327302935
2026-03-20 08:29:36,333 - AEMSOlogs - INFO - RCWA eval:[124. 337. 243. 292. 248. 358.] | diff. eff.:0.1282872703420111
2026-03-20 08:29:36,414 - AEMSOlogs - INFO - RCWA eval:[ 42. 338. 223. 227. 256. 307.] | diff. eff.:0.5467366008303053
2026-03-20 08:29:36,816 - AEMSOlogs - INFO - RCWA eval:[176. 432. 339. 366. 328. 406.] | diff. eff.:0.115635846927368
2026-03-20 08:29:36,945 - AEMSOlogs - INFO - RCWA eval:[ 41. 434. 219. 275. 338. 406.] | diff. eff.:0.4575663077632249
2026-03-20 08:29:37,009 - AEMSOlogs - INFO - RCWA eval:[ 80. 384. 287. 279. 377. 338.] | diff. eff.:0.20779911112250213
2026-03-20 08:29:37,092 - AEMSOlogs - INFO - RCWA eval:[120. 337. 243. 296. 231. 362.] | diff. eff.:0.12577954709954467
2026-03-20 08:29:37,129 - AEMSOlogs - INFO - RCWA eval:[233. 347. 282. 313. 370. 328.] | diff. eff.:0.132528348650011
2026-03-20 08:29:37,159 - AEMSOlogs - INFO - RCWA eval:[130. 365. 281. 293. 232. 389.] | diff. eff.:0.15605239842780327
2026-03-20 08:29:37,192 - AEMSOlogs - INFO - RCWA eval:[196. 358. 321. 220. 389. 392.] | diff. eff.:0.01804363427368085
2026-03-20 08:29:58,250 - AEMSOlogs - INFO - RCWA eval:[ 22. 431. 231. 283. 338. 443.] | diff. eff.:0.40124180919866126
2026-03-20 08:29:58,258 - AEMSOlogs - INFO - Iteration 13: Best Y = -0.7551433681036069 at x = [0.31343501 0.55687262 0.65132855 0.5920775  0.75637167 0.81688122]
2026-03-20 08:29:58,260 - AEMSOlogs - INFO - Working on simulations...
2026-03-20 08:30:21,307 - AEMSOlogs - INFO - RCWA eval:[162. 347. 224. 236. 409. 312.] | diff. eff.:0.39562589858790137
2026-03-20 08:30:22,287 - AEMSOlogs - INFO - RCWA eval:[ 80. 370. 227. 320. 368. 427.] | diff. eff.:0.10192648046027053
2026-03-20 08:30:22,409 - AEMSOlogs - INFO - RCWA eval:[ 41. 446. 292. 322. 359. 338.] | diff. eff.:0.2669665876994019
2026-03-20 08:30:22,485 - AEMSOlogs - INFO - RCWA eval:[ 28. 352. 239. 320. 368. 393.] | diff. eff.:0.19298991459968187
2026-03-20 08:30:22,514 - AEMSOlogs - INFO - RCWA eval:[ 24. 439. 233. 302. 357. 445.] | diff. eff.:0.35209502504943957
2026-03-20 08:30:22,544 - AEMSOlogs - INFO - RCWA eval:[ 20. 376. 305. 235. 397. 385.] | diff. eff.:0.14774292351045654
2026-03-20 08:30:23,058 - AEMSOlogs - INFO - RCWA eval:[168. 378. 322. 252. 194. 297.] | diff. eff.:0.08042854569170624
2026-03-20 08:30:23,138 - AEMSOlogs - INFO - RCWA eval:[ 53. 312. 188. 276. 321. 390.] | diff. eff.:0.11278538762923888
2026-03-20 08:30:23,325 - AEMSOlogs - INFO - RCWA eval:[ 22. 327. 256. 268. 285. 319.] | diff. eff.:0.19127188624541863
2026-03-20 08:30:23,329 - AEMSOlogs - INFO - RCWA eval:[115. 404. 185. 328. 322. 440.] | diff. eff.:0.20866740788520413
2026-03-20 08:30:23,385 - AEMSOlogs - INFO - RCWA eval:[ 93. 448. 228. 274. 255. 390.] | diff. eff.:0.3027846432910054
2026-03-20 08:30:23,401 - AEMSOlogs - INFO - RCWA eval:[ 69. 437. 328. 314. 360. 437.] | diff. eff.:0.1349119179413236
2026-03-20 08:30:23,415 - AEMSOlogs - INFO - RCWA eval:[ 60. 383. 208. 220. 292. 374.] | diff. eff.:0.4396340864587627
2026-03-20 08:30:44,468 - AEMSOlogs - INFO - RCWA eval:[ 20. 406. 208. 300. 238. 308.] | diff. eff.:0.29297537666283935
2026-03-20 08:30:44,480 - AEMSOlogs - INFO - Iteration 14: Best Y = -0.7551433681036069 at x = [0.31343501 0.55687262 0.65132855 0.5920775  0.75637167 0.81688122]
2026-03-20 08:30:44,481 - AEMSOlogs - INFO - Working on simulations...
2026-03-20 08:31:07,569 - AEMSOlogs - INFO - RCWA eval:[ 35. 433. 198. 260. 382. 395.] | diff. eff.:0.17761399683806445
2026-03-20 08:31:08,569 - AEMSOlogs - INFO - RCWA eval:[ 28. 415. 262. 352. 352. 433.] | diff. eff.:0.41465250731109493
2026-03-20 08:31:08,658 - AEMSOlogs - INFO - RCWA eval:[111. 418. 261. 342. 376. 371.] | diff. eff.:0.3967452486178668
2026-03-20 08:31:08,733 - AEMSOlogs - INFO - RCWA eval:[100. 442. 195. 287. 427. 365.] | diff. eff.:0.37620609103879377
2026-03-20 08:31:08,771 - AEMSOlogs - INFO - RCWA eval:[ 22. 352. 268. 292. 363. 439.] | diff. eff.:0.18157284412391073
2026-03-20 08:31:08,868 - AEMSOlogs - INFO - RCWA eval:[133. 444. 166. 239. 269. 364.] | diff. eff.:0.3149922761667162
2026-03-20 08:31:09,449 - AEMSOlogs - INFO - RCWA eval:[134. 382. 269. 277. 346. 311.] | diff. eff.:0.48735611522590255
2026-03-20 08:31:09,494 - AEMSOlogs - INFO - RCWA eval:[ 49. 444. 230. 206. 329. 347.] | diff. eff.:0.5455488812229405
2026-03-20 08:31:09,548 - AEMSOlogs - INFO - RCWA eval:[ 35. 337. 269. 213. 225. 353.] | diff. eff.:0.028324832525006574
2026-03-20 08:31:09,587 - AEMSOlogs - INFO - RCWA eval:[ 24. 392. 222. 274. 363. 449.] | diff. eff.:0.08292008955187018
2026-03-20 08:31:09,590 - AEMSOlogs - INFO - RCWA eval:[ 67. 444. 219. 237. 336. 372.] | diff. eff.:0.4865116582721943
2026-03-20 08:31:09,679 - AEMSOlogs - INFO - RCWA eval:[ 28. 436. 223. 261. 445. 450.] | diff. eff.:0.04605811127041475
2026-03-20 08:31:09,689 - AEMSOlogs - INFO - RCWA eval:[ 68. 425. 227. 232. 179. 413.] | diff. eff.:0.053901509017491384
2026-03-20 08:31:30,746 - AEMSOlogs - INFO - RCWA eval:[ 60. 440. 193. 307. 349. 374.] | diff. eff.:0.7583820926624238
2026-03-20 08:31:30,756 - AEMSOlogs - INFO - Iteration 15: Best Y = -0.7583820926624238 at x = [0.0928229  0.97777858 0.40270157 0.66822933 0.76413427 0.82305048]
2026-03-20 08:31:30,757 - AEMSOlogs - INFO - Working on simulations...
2026-03-20 08:31:53,810 - AEMSOlogs - INFO - RCWA eval:[ 80. 415. 272. 251. 358. 431.] | diff. eff.:0.33079807064570355
2026-03-20 08:31:54,842 - AEMSOlogs - INFO - RCWA eval:[ 20. 409. 255. 309. 310. 403.] | diff. eff.:0.548143304256943
2026-03-20 08:31:54,895 - AEMSOlogs - INFO - RCWA eval:[ 39. 444. 232. 289. 323. 310.] | diff. eff.:0.44837864810554523
2026-03-20 08:31:55,028 - AEMSOlogs - INFO - RCWA eval:[ 56. 445. 167. 210. 191. 336.] | diff. eff.:0.23011888036156852
2026-03-20 08:31:55,050 - AEMSOlogs - INFO - RCWA eval:[ 52. 450. 290. 337. 446. 414.] | diff. eff.:0.27208902187916123
2026-03-20 08:31:55,066 - AEMSOlogs - INFO - RCWA eval:[ 39. 424. 261. 284. 407. 381.] | diff. eff.:0.3297185766690462
2026-03-20 08:31:55,547 - AEMSOlogs - INFO - RCWA eval:[ 39. 416. 213. 323. 355. 308.] | diff. eff.:0.25058711522181965
2026-03-20 08:31:55,729 - AEMSOlogs - INFO - RCWA eval:[ 26. 450. 219. 301. 379. 342.] | diff. eff.:0.39074404396696927
2026-03-20 08:31:55,803 - AEMSOlogs - INFO - RCWA eval:[ 49. 450. 226. 256. 352. 402.] | diff. eff.:0.27534612299472183
2026-03-20 08:31:55,845 - AEMSOlogs - INFO - RCWA eval:[ 32. 447. 207. 336. 450. 401.] | diff. eff.:0.23681412338469246
2026-03-20 08:31:55,903 - AEMSOlogs - INFO - RCWA eval:[ 83. 360. 285. 273. 327. 342.] | diff. eff.:0.5203960722765916
2026-03-20 08:31:55,932 - AEMSOlogs - INFO - RCWA eval:[ 82. 416. 229. 277. 329. 388.] | diff. eff.:0.5614468782549585
2026-03-20 08:31:55,950 - AEMSOlogs - INFO - RCWA eval:[130. 335. 159. 237. 336. 362.] | diff. eff.:0.11320009909374167
2026-03-20 08:32:16,965 - AEMSOlogs - INFO - RCWA eval:[ 28. 393. 182. 255. 363. 351.] | diff. eff.:0.21620000241151663
2026-03-20 08:32:16,975 - AEMSOlogs - INFO - Iteration 16: Best Y = -0.7583820926624238 at x = [0.0928229  0.97777858 0.40270157 0.66822933 0.76413427 0.82305048]
2026-03-20 08:32:16,976 - AEMSOlogs - INFO - Working on simulations...
2026-03-20 08:32:40,087 - AEMSOlogs - INFO - RCWA eval:[ 26. 449. 248. 237. 301. 376.] | diff. eff.:0.4648163741345958
2026-03-20 08:32:41,140 - AEMSOlogs - INFO - RCWA eval:[ 27. 365. 266. 329. 331. 328.] | diff. eff.:0.4101683827936544
2026-03-20 08:32:41,252 - AEMSOlogs - INFO - RCWA eval:[126. 428. 198. 206. 252. 363.] | diff. eff.:0.25610307384963904
2026-03-20 08:32:41,286 - AEMSOlogs - INFO - RCWA eval:[178. 337. 294. 209. 343. 338.] | diff. eff.:0.11629374343126031
2026-03-20 08:32:41,297 - AEMSOlogs - INFO - RCWA eval:[ 87. 387. 219. 256. 306. 361.] | diff. eff.:0.7105654477861821
2026-03-20 08:32:41,326 - AEMSOlogs - INFO - RCWA eval:[ 80. 439. 304. 260. 385. 390.] | diff. eff.:0.19002900299724723
2026-03-20 08:32:41,785 - AEMSOlogs - INFO - RCWA eval:[ 86. 375. 250. 254. 326. 303.] | diff. eff.:0.5220529013602799
2026-03-20 08:32:41,890 - AEMSOlogs - INFO - RCWA eval:[117. 437. 246. 282. 330. 377.] | diff. eff.:0.5799487407171736
2026-03-20 08:32:41,994 - AEMSOlogs - INFO - RCWA eval:[ 21. 400. 226. 266. 337. 368.] | diff. eff.:0.6516896853354422
2026-03-20 08:32:42,078 - AEMSOlogs - INFO - RCWA eval:[ 20. 424. 249. 359. 304. 339.] | diff. eff.:0.23390949407054032
2026-03-20 08:32:42,153 - AEMSOlogs - INFO - RCWA eval:[ 26. 449. 286. 315. 337. 450.] | diff. eff.:0.5194377367471403
2026-03-20 08:32:42,156 - AEMSOlogs - INFO - RCWA eval:[195. 384. 292. 288. 307. 354.] | diff. eff.:0.6581175969278471
2026-03-20 08:32:42,163 - AEMSOlogs - INFO - RCWA eval:[ 46. 449. 224. 278. 389. 427.] | diff. eff.:0.12999116315896828
2026-03-20 08:33:03,055 - AEMSOlogs - INFO - RCWA eval:[ 28. 449. 272. 286. 357. 423.] | diff. eff.:0.42436055395503697
2026-03-20 08:33:03,064 - AEMSOlogs - INFO - Iteration 17: Best Y = -0.7583820926624238 at x = [0.0928229  0.97777858 0.40270157 0.66822933 0.76413427 0.82305048]
2026-03-20 08:33:03,066 - AEMSOlogs - INFO - Working on simulations...
2026-03-20 08:33:26,077 - AEMSOlogs - INFO - RCWA eval:[ 56. 344. 259. 237. 303. 347.] | diff. eff.:0.17551767657316011
2026-03-20 08:33:27,256 - AEMSOlogs - INFO - RCWA eval:[ 35. 407. 234. 292. 309. 359.] | diff. eff.:0.8464378742899653
2026-03-20 08:33:27,297 - AEMSOlogs - INFO - RCWA eval:[103. 415. 275. 263. 386. 369.] | diff. eff.:0.3144789825342647
2026-03-20 08:33:27,322 - AEMSOlogs - INFO - RCWA eval:[101. 340. 274. 262. 343. 298.] | diff. eff.:0.11960285867623131
2026-03-20 08:33:27,426 - AEMSOlogs - INFO - RCWA eval:[107. 347. 209. 161. 314. 321.] | diff. eff.:0.27776065041484505
2026-03-20 08:33:27,433 - AEMSOlogs - INFO - RCWA eval:[ 21. 415. 230. 280. 337. 347.] | diff. eff.:0.736421741656807
2026-03-20 08:33:27,955 - AEMSOlogs - INFO - RCWA eval:[197. 342. 328. 306. 408. 343.] | diff. eff.:0.0509823628352048
2026-03-20 08:33:27,967 - AEMSOlogs - INFO - RCWA eval:[ 20. 385. 214. 264. 346. 359.] | diff. eff.:0.5053846713039604
2026-03-20 08:33:28,056 - AEMSOlogs - INFO - RCWA eval:[121. 413. 225. 256. 268. 340.] | diff. eff.:0.6171791931966366
2026-03-20 08:33:28,072 - AEMSOlogs - INFO - RCWA eval:[ 36. 370. 325. 294. 337. 365.] | diff. eff.:0.38337393622557103
2026-03-20 08:33:28,198 - AEMSOlogs - INFO - RCWA eval:[ 56. 407. 268. 232. 309. 369.] | diff. eff.:0.6402647029144666
2026-03-20 08:33:28,212 - AEMSOlogs - INFO - RCWA eval:[ 24. 370. 229. 289. 307. 394.] | diff. eff.:0.4671454819208822
2026-03-20 08:33:28,347 - AEMSOlogs - INFO - RCWA eval:[ 51. 319. 241. 241. 276. 350.] | diff. eff.:0.24139089269853703
2026-03-20 08:33:49,196 - AEMSOlogs - INFO - RCWA eval:[ 51. 428. 278. 289. 310. 368.] | diff. eff.:0.7577634823538525
2026-03-20 08:33:49,205 - AEMSOlogs - INFO - Iteration 18: Best Y = -0.8464378742899653 at x = [0.03414869 0.90088259 0.49874142 0.63233796 0.67273628 0.78913172]
2026-03-20 08:33:49,206 - AEMSOlogs - INFO - Working on simulations...
2026-03-20 08:34:12,329 - AEMSOlogs - INFO - RCWA eval:[ 58. 386. 257. 267. 326. 363.] | diff. eff.:0.8464596321775293
2026-03-20 08:34:13,401 - AEMSOlogs - INFO - RCWA eval:[ 22. 378. 237. 247. 287. 328.] | diff. eff.:0.6818337177939301
2026-03-20 08:34:13,404 - AEMSOlogs - INFO - RCWA eval:[ 72. 392. 217. 260. 319. 323.] | diff. eff.:0.6758972402286798
2026-03-20 08:34:13,455 - AEMSOlogs - INFO - RCWA eval:[ 38. 442. 204. 260. 337. 355.] | diff. eff.:0.5604612964080188
2026-03-20 08:34:13,500 - AEMSOlogs - INFO - RCWA eval:[139. 442. 279. 288. 264. 343.] | diff. eff.:0.622097760563968
2026-03-20 08:34:13,543 - AEMSOlogs - INFO - RCWA eval:[ 57. 408. 260. 303. 305. 390.] | diff. eff.:0.5767978189097388
2026-03-20 08:34:14,147 - AEMSOlogs - INFO - RCWA eval:[ 34. 380. 235. 291. 326. 387.] | diff. eff.:0.7007284646125802
2026-03-20 08:34:14,172 - AEMSOlogs - INFO - RCWA eval:[ 34. 393. 197. 230. 301. 286.] | diff. eff.:0.36749263758476125
2026-03-20 08:34:14,276 - AEMSOlogs - INFO - RCWA eval:[ 62. 377. 231. 243. 293. 336.] | diff. eff.:0.7293731934473051
2026-03-20 08:34:14,297 - AEMSOlogs - INFO - RCWA eval:[ 21. 413. 222. 256. 292. 326.] | diff. eff.:0.6253867379321612
2026-03-20 08:34:14,360 - AEMSOlogs - INFO - RCWA eval:[ 84. 404. 204. 212. 286. 274.] | diff. eff.:0.30693443637783374
2026-03-20 08:34:14,363 - AEMSOlogs - INFO - RCWA eval:[ 46. 377. 239. 285. 319. 353.] | diff. eff.:0.8468129232979567
2026-03-20 08:34:14,407 - AEMSOlogs - INFO - RCWA eval:[ 25. 370. 243. 265. 359. 351.] | diff. eff.:0.24929583953523238
2026-03-20 08:34:35,503 - AEMSOlogs - INFO - RCWA eval:[ 28. 417. 224. 262. 294. 340.] | diff. eff.:0.7070473301650916
2026-03-20 08:34:35,515 - AEMSOlogs - INFO - Iteration 19: Best Y = -0.8468129232979567 at x = [0.05946478 0.82945636 0.51020223 0.6158862  0.69646087 0.77476364]
2026-03-20 08:34:35,516 - AEMSOlogs - INFO - Working on simulations...
2026-03-20 08:34:58,659 - AEMSOlogs - INFO - RCWA eval:[ 40. 394. 261. 294. 334. 343.] | diff. eff.:0.8479201301867182
2026-03-20 08:34:59,774 - AEMSOlogs - INFO - RCWA eval:[ 21. 377. 236. 269. 312. 350.] | diff. eff.:0.8303640604119612
2026-03-20 08:34:59,788 - AEMSOlogs - INFO - RCWA eval:[ 82. 325. 255. 271. 369. 363.] | diff. eff.:0.05022140267297822
2026-03-20 08:34:59,843 - AEMSOlogs - INFO - RCWA eval:[ 56. 360. 269. 232. 338. 353.] | diff. eff.:0.4336205445277496
2026-03-20 08:34:59,853 - AEMSOlogs - INFO - RCWA eval:[ 52. 430. 248. 284. 320. 366.] | diff. eff.:0.7971677965527479
2026-03-20 08:34:59,872 - AEMSOlogs - INFO - RCWA eval:[ 62. 339. 223. 260. 364. 370.] | diff. eff.:0.03142564799360947
2026-03-20 08:35:00,369 - AEMSOlogs - INFO - RCWA eval:[ 40. 418. 222. 270. 319. 379.] | diff. eff.:0.6550891697836742
2026-03-20 08:35:00,502 - AEMSOlogs - INFO - RCWA eval:[ 89. 351. 216. 254. 298. 360.] | diff. eff.:0.27014070576801763
2026-03-20 08:35:00,551 - AEMSOlogs - INFO - RCWA eval:[133. 403. 232. 239. 317. 337.] | diff. eff.:0.5259423345371399
2026-03-20 08:35:00,604 - AEMSOlogs - INFO - RCWA eval:[ 44. 371. 274. 300. 326. 366.] | diff. eff.:0.7330248784816766
2026-03-20 08:35:00,670 - AEMSOlogs - INFO - RCWA eval:[ 77. 404. 234. 287. 298. 369.] | diff. eff.:0.6996890111299172
2026-03-20 08:35:00,697 - AEMSOlogs - INFO - RCWA eval:[103. 346. 249. 292. 284. 362.] | diff. eff.:0.23647486462056436
2026-03-20 08:35:00,765 - AEMSOlogs - INFO - RCWA eval:[ 24. 373. 213. 256. 339. 312.] | diff. eff.:0.5430394503381878
2026-03-20 08:35:21,733 - AEMSOlogs - INFO - RCWA eval:[ 24. 372. 249. 266. 297. 338.] | diff. eff.:0.756292537225979
2026-03-20 08:35:21,746 - AEMSOlogs - INFO - Iteration 20: Best Y = -0.8479201301867182 at x = [0.04690967 0.86909076 0.56162565 0.63672472 0.7292222  0.75146184]
2026-03-20 08:35:21,748 - AEMSOlogs - INFO - Working on simulations...
2026-03-20 08:35:44,898 - AEMSOlogs - INFO - RCWA eval:[ 21. 417. 240. 286. 307. 369.] | diff. eff.:0.7458644611521289
2026-03-20 08:35:45,814 - AEMSOlogs - INFO - RCWA eval:[ 22. 405. 248. 306. 339. 333.] | diff. eff.:0.776070524554614
2026-03-20 08:35:45,896 - AEMSOlogs - INFO - RCWA eval:[ 34. 383. 246. 275. 344. 344.] | diff. eff.:0.648521811823278
2026-03-20 08:35:46,042 - AEMSOlogs - INFO - RCWA eval:[111. 394. 258. 289. 325. 371.] | diff. eff.:0.6698352950635673
2026-03-20 08:35:46,051 - AEMSOlogs - INFO - RCWA eval:[ 34. 417. 235. 270. 301. 362.] | diff. eff.:0.7266283960207233
2026-03-20 08:35:46,101 - AEMSOlogs - INFO - RCWA eval:[ 67. 364. 251. 283. 327. 368.] | diff. eff.:0.6429230284798984
2026-03-20 08:35:46,640 - AEMSOlogs - INFO - RCWA eval:[ 43. 430. 260. 303. 295. 343.] | diff. eff.:0.7257690524617467
2026-03-20 08:35:46,659 - AEMSOlogs - INFO - RCWA eval:[ 20. 365. 244. 274. 316. 349.] | diff. eff.:0.7369012381590617
2026-03-20 08:35:46,682 - AEMSOlogs - INFO - RCWA eval:[ 29. 437. 266. 275. 315. 380.] | diff. eff.:0.6699617098613853
2026-03-20 08:35:46,857 - AEMSOlogs - INFO - RCWA eval:[ 44. 434. 252. 258. 299. 343.] | diff. eff.:0.6566142629105496
2026-03-20 08:35:46,890 - AEMSOlogs - INFO - RCWA eval:[ 27. 393. 251. 278. 322. 332.] | diff. eff.:0.8036384731776001
2026-03-20 08:35:46,903 - AEMSOlogs - INFO - RCWA eval:[ 80. 419. 266. 305. 308. 383.] | diff. eff.:0.6188175283684455
2026-03-20 08:35:46,911 - AEMSOlogs - INFO - RCWA eval:[ 23. 389. 258. 284. 319. 340.] | diff. eff.:0.8548692932394613
2026-03-20 08:36:08,026 - AEMSOlogs - INFO - RCWA eval:[ 24. 388. 244. 300. 350. 333.] | diff. eff.:0.5579724536354836
2026-03-20 08:36:08,038 - AEMSOlogs - INFO - Iteration 21: Best Y = -0.8548692932394613 at x = [0.00612373 0.85740657 0.55349848 0.61396105 0.69648199 0.74340361]
2026-03-20 08:36:08,039 - AEMSOlogs - INFO - Working on simulations...
2026-03-20 08:36:31,117 - AEMSOlogs - INFO - RCWA eval:[ 22. 437. 248. 313. 291. 335.] | diff. eff.:0.5643297305120727
2026-03-20 08:36:32,150 - AEMSOlogs - INFO - RCWA eval:[ 41. 393. 251. 296. 330. 335.] | diff. eff.:0.836245096687395
2026-03-20 08:36:32,295 - AEMSOlogs - INFO - RCWA eval:[ 39. 442. 239. 258. 288. 374.] | diff. eff.:0.47270758502368176
2026-03-20 08:36:32,297 - AEMSOlogs - INFO - RCWA eval:[ 22. 397. 233. 278. 299. 331.] | diff. eff.:0.7481028884054569
2026-03-20 08:36:32,300 - AEMSOlogs - INFO - RCWA eval:[ 54. 389. 267. 324. 351. 330.] | diff. eff.:0.4473494721367989
2026-03-20 08:36:32,440 - AEMSOlogs - INFO - RCWA eval:[ 31. 385. 246. 265. 276. 301.] | diff. eff.:0.44825893895090635
2026-03-20 08:36:32,902 - AEMSOlogs - INFO - RCWA eval:[ 20. 405. 239. 290. 337. 358.] | diff. eff.:0.768748338245068
2026-03-20 08:36:32,955 - AEMSOlogs - INFO - RCWA eval:[ 27. 365. 253. 302. 345. 345.] | diff. eff.:0.5685888241538926
2026-03-20 08:36:33,086 - AEMSOlogs - INFO - RCWA eval:[ 20. 351. 238. 257. 325. 323.] | diff. eff.:0.46390214249283096
2026-03-20 08:36:33,128 - AEMSOlogs - INFO - RCWA eval:[ 20. 349. 257. 254. 320. 338.] | diff. eff.:0.3632976882594147
2026-03-20 08:36:33,170 - AEMSOlogs - INFO - RCWA eval:[ 21. 359. 237. 269. 331. 315.] | diff. eff.:0.6037194933949357
2026-03-20 08:36:33,201 - AEMSOlogs - INFO - RCWA eval:[ 27. 378. 231. 274. 315. 331.] | diff. eff.:0.804555175899464
2026-03-20 08:36:33,223 - AEMSOlogs - INFO - RCWA eval:[ 30. 341. 267. 284. 350. 291.] | diff. eff.:0.031911434186754364
2026-03-20 08:36:54,183 - AEMSOlogs - INFO - RCWA eval:[ 33. 440. 233. 319. 330. 337.] | diff. eff.:0.7575792693755005
2026-03-20 08:36:54,194 - AEMSOlogs - INFO - Iteration 22: Best Y = -0.8548692932394613 at x = [0.00612373 0.85740657 0.55349848 0.61396105 0.69648199 0.74340361]
2026-03-20 08:36:54,195 - AEMSOlogs - INFO - Working on simulations...
2026-03-20 08:37:17,284 - AEMSOlogs - INFO - RCWA eval:[ 34. 419. 254. 311. 309. 314.] | diff. eff.:0.4627868113815031
2026-03-20 08:37:18,356 - AEMSOlogs - INFO - RCWA eval:[ 21. 421. 230. 311. 324. 329.] | diff. eff.:0.7064364255024875
2026-03-20 08:37:18,412 - AEMSOlogs - INFO - RCWA eval:[ 20. 356. 215. 251. 301. 337.] | diff. eff.:0.4815496734818462
2026-03-20 08:37:18,465 - AEMSOlogs - INFO - RCWA eval:[ 46. 381. 245. 289. 307. 361.] | diff. eff.:0.7843780467960021
2026-03-20 08:37:18,494 - AEMSOlogs - INFO - RCWA eval:[ 60. 413. 237. 284. 347. 338.] | diff. eff.:0.458983853744464
2026-03-20 08:37:18,533 - AEMSOlogs - INFO - RCWA eval:[ 21. 393. 234. 300. 348. 323.] | diff. eff.:0.5607785961364233
2026-03-20 08:37:18,959 - AEMSOlogs - INFO - RCWA eval:[ 22. 403. 246. 305. 334. 338.] | diff. eff.:0.8298622242639069
2026-03-20 08:37:19,072 - AEMSOlogs - INFO - RCWA eval:[ 92. 422. 255. 303. 341. 357.] | diff. eff.:0.8033598249812021
2026-03-20 08:37:19,262 - AEMSOlogs - INFO - RCWA eval:[ 36. 439. 227. 284. 322. 339.] | diff. eff.:0.7381489186614684
2026-03-20 08:37:19,266 - AEMSOlogs - INFO - RCWA eval:[ 22. 353. 242. 291. 333. 332.] | diff. eff.:0.5563808574494802
2026-03-20 08:37:19,339 - AEMSOlogs - INFO - RCWA eval:[ 33. 387. 222. 287. 320. 323.] | diff. eff.:0.743130983451275
2026-03-20 08:37:19,356 - AEMSOlogs - INFO - RCWA eval:[ 36. 344. 274. 307. 329. 323.] | diff. eff.:0.3713992078665887
2026-03-20 08:37:19,359 - AEMSOlogs - INFO - RCWA eval:[ 53. 362. 208. 269. 330. 296.] | diff. eff.:0.45373974015371293
2026-03-20 08:37:40,396 - AEMSOlogs - INFO - RCWA eval:[ 32. 432. 235. 276. 321. 360.] | diff. eff.:0.7951614208325825
2026-03-20 08:37:40,407 - AEMSOlogs - INFO - Iteration 23: Best Y = -0.8548692932394613 at x = [0.00612373 0.85740657 0.55349848 0.61396105 0.69648199 0.74340361]
2026-03-20 08:37:40,409 - AEMSOlogs - INFO - Working on simulations...
2026-03-20 08:38:03,521 - AEMSOlogs - INFO - RCWA eval:[ 67. 405. 242. 294. 319. 327.] | diff. eff.:0.7424013949132664
2026-03-20 08:38:04,566 - AEMSOlogs - INFO - RCWA eval:[ 24. 433. 221. 297. 331. 333.] | diff. eff.:0.7450401112661323
2026-03-20 08:38:04,618 - AEMSOlogs - INFO - RCWA eval:[ 90. 433. 214. 301. 326. 343.] | diff. eff.:0.7141275688043446
2026-03-20 08:38:04,664 - AEMSOlogs - INFO - RCWA eval:[ 61. 378. 237. 320. 340. 382.] | diff. eff.:0.5774242417942265
2026-03-20 08:38:04,683 - AEMSOlogs - INFO - RCWA eval:[ 21. 371. 279. 293. 332. 346.] | diff. eff.:0.738264432210068
2026-03-20 08:38:04,743 - AEMSOlogs - INFO - RCWA eval:[ 21. 436. 243. 308. 344. 356.] | diff. eff.:0.7486250758452325
2026-03-20 08:38:05,209 - AEMSOlogs - INFO - RCWA eval:[ 49. 436. 212. 290. 336. 378.] | diff. eff.:0.6585273117607928
2026-03-20 08:38:05,213 - AEMSOlogs - INFO - RCWA eval:[ 71. 418. 276. 293. 331. 324.] | diff. eff.:0.5965126169588261
2026-03-20 08:38:05,397 - AEMSOlogs - INFO - RCWA eval:[ 27. 435. 242. 299. 345. 368.] | diff. eff.:0.7996176044415911
2026-03-20 08:38:05,410 - AEMSOlogs - INFO - RCWA eval:[ 26. 369. 235. 278. 335. 356.] | diff. eff.:0.7275006787975967
2026-03-20 08:38:05,419 - AEMSOlogs - INFO - RCWA eval:[ 34. 449. 238. 302. 359. 338.] | diff. eff.:0.25243136080217554
2026-03-20 08:38:05,486 - AEMSOlogs - INFO - RCWA eval:[ 70. 406. 249. 308. 334. 341.] | diff. eff.:0.763098135406544
2026-03-20 08:38:05,518 - AEMSOlogs - INFO - RCWA eval:[ 30. 392. 231. 295. 342. 333.] | diff. eff.:0.7121703181140548
2026-03-20 08:38:26,652 - AEMSOlogs - INFO - RCWA eval:[ 62. 387. 244. 286. 302. 313.] | diff. eff.:0.6178652591914011
2026-03-20 08:38:26,662 - AEMSOlogs - INFO - Iteration 24: Best Y = -0.8548692932394613 at x = [0.00612373 0.85740657 0.55349848 0.61396105 0.69648199 0.74340361]
2026-03-20 08:38:26,663 - AEMSOlogs - INFO - Working on simulations...
2026-03-20 08:38:49,685 - AEMSOlogs - INFO - RCWA eval:[ 26. 417. 244. 323. 358. 349.] | diff. eff.:0.31153148317425616
2026-03-20 08:38:50,724 - AEMSOlogs - INFO - RCWA eval:[ 52. 426. 241. 315. 341. 334.] | diff. eff.:0.6803088893741
2026-03-20 08:38:50,849 - AEMSOlogs - INFO - RCWA eval:[ 21. 407. 257. 327. 333. 361.] | diff. eff.:0.7789716926976491
2026-03-20 08:38:50,866 - AEMSOlogs - INFO - RCWA eval:[ 62. 373. 259. 302. 347. 346.] | diff. eff.:0.5219200752554236
2026-03-20 08:38:50,913 - AEMSOlogs - INFO - RCWA eval:[ 50. 450. 236. 314. 322. 350.] | diff. eff.:0.8327760763231549
2026-03-20 08:38:50,999 - AEMSOlogs - INFO - RCWA eval:[ 62. 393. 243. 299. 329. 351.] | diff. eff.:0.8761666512880455
2026-03-20 08:38:51,467 - AEMSOlogs - INFO - RCWA eval:[ 37. 409. 268. 297. 339. 349.] | diff. eff.:0.6909709475055187
2026-03-20 08:38:51,495 - AEMSOlogs - INFO - RCWA eval:[ 35. 414. 239. 289. 340. 341.] | diff. eff.:0.7134090469054101
2026-03-20 08:38:51,671 - AEMSOlogs - INFO - RCWA eval:[ 76. 411. 231. 282. 320. 352.] | diff. eff.:0.8335742282465929
2026-03-20 08:38:51,703 - AEMSOlogs - INFO - RCWA eval:[ 28. 444. 236. 321. 359. 376.] | diff. eff.:0.5763115627616788
2026-03-20 08:38:51,752 - AEMSOlogs - INFO - RCWA eval:[ 34. 447. 250. 337. 345. 333.] | diff. eff.:0.463852065542813
2026-03-20 08:38:51,762 - AEMSOlogs - INFO - RCWA eval:[ 44. 388. 249. 285. 359. 345.] | diff. eff.:0.25610972972110463
2026-03-20 08:38:51,801 - AEMSOlogs - INFO - RCWA eval:[ 32. 402. 239. 283. 324. 340.] | diff. eff.:0.8355637757468021
2026-03-20 08:39:12,682 - AEMSOlogs - INFO - RCWA eval:[ 29. 450. 218. 309. 359. 348.] | diff. eff.:0.49189891744915276
2026-03-20 08:39:12,691 - AEMSOlogs - INFO - Iteration 25: Best Y = -0.8761666512880455 at x = [0.09877702 0.86719975 0.51957124 0.64918249 0.71759431 0.76905311]
2026-03-20 08:39:12,692 - AEMSOlogs - INFO - Working on simulations...
2026-03-20 08:39:35,794 - AEMSOlogs - INFO - RCWA eval:[ 70. 395. 244. 283. 307. 333.] | diff. eff.:0.7870958297968593
2026-03-20 08:39:36,784 - AEMSOlogs - INFO - RCWA eval:[105. 407. 226. 294. 328. 337.] | diff. eff.:0.6391217114523676
2026-03-20 08:39:36,823 - AEMSOlogs - INFO - RCWA eval:[ 91. 404. 252. 304. 339. 341.] | diff. eff.:0.5751080467854515
2026-03-20 08:39:36,933 - AEMSOlogs - INFO - RCWA eval:[ 46. 405. 253. 303. 335. 354.] | diff. eff.:0.7926367296960228
2026-03-20 08:39:36,972 - AEMSOlogs - INFO - RCWA eval:[ 79. 430. 240. 317. 344. 362.] | diff. eff.:0.7967511619478508
2026-03-20 08:39:37,006 - AEMSOlogs - INFO - RCWA eval:[ 73. 370. 243. 294. 325. 342.] | diff. eff.:0.7827345645012441
2026-03-20 08:39:37,532 - AEMSOlogs - INFO - RCWA eval:[104. 413. 239. 294. 322. 328.] | diff. eff.:0.6469331519909225
2026-03-20 08:39:37,545 - AEMSOlogs - INFO - RCWA eval:[ 58. 400. 214. 294. 325. 320.] | diff. eff.:0.6630159150046192
2026-03-20 08:39:37,620 - AEMSOlogs - INFO - RCWA eval:[ 76. 373. 264. 292. 322. 351.] | diff. eff.:0.8236610780888266
2026-03-20 08:39:37,725 - AEMSOlogs - INFO - RCWA eval:[ 60. 409. 250. 297. 317. 357.] | diff. eff.:0.8922676428161548
2026-03-20 08:39:37,785 - AEMSOlogs - INFO - RCWA eval:[ 65. 436. 241. 314. 336. 346.] | diff. eff.:0.6671413146102159
2026-03-20 08:39:37,808 - AEMSOlogs - INFO - RCWA eval:[ 28. 413. 246. 301. 326. 349.] | diff. eff.:0.8879825252914503
2026-03-20 08:39:37,842 - AEMSOlogs - INFO - RCWA eval:[ 28. 437. 206. 291. 317. 318.] | diff. eff.:0.5632604592410844
2026-03-20 08:39:58,868 - AEMSOlogs - INFO - RCWA eval:[ 57. 393. 263. 298. 316. 357.] | diff. eff.:0.8869603394229869
2026-03-20 08:39:58,877 - AEMSOlogs - INFO - Iteration 26: Best Y = -0.8922676428161548 at x = [0.09188729 0.90531512 0.53450564 0.64362885 0.68967076 0.78352809]
2026-03-20 08:39:58,878 - AEMSOlogs - INFO - Working on simulations...
2026-03-20 08:40:21,932 - AEMSOlogs - INFO - RCWA eval:[ 89. 391. 255. 283. 308. 346.] | diff. eff.:0.8641962623447463
2026-03-20 08:40:23,054 - AEMSOlogs - INFO - RCWA eval:[ 67. 387. 245. 291. 325. 348.] | diff. eff.:0.8877949776327394
2026-03-20 08:40:23,100 - AEMSOlogs - INFO - RCWA eval:[ 82. 380. 265. 300. 317. 353.] | diff. eff.:0.8367340105902473
2026-03-20 08:40:23,109 - AEMSOlogs - INFO - RCWA eval:[ 21. 385. 253. 299. 324. 356.] | diff. eff.:0.8765303071249353
2026-03-20 08:40:23,181 - AEMSOlogs - INFO - RCWA eval:[ 20. 389. 265. 327. 342. 367.] | diff. eff.:0.682399127521098
2026-03-20 08:40:23,203 - AEMSOlogs - INFO - RCWA eval:[ 26. 393. 261. 325. 339. 353.] | diff. eff.:0.59237231982988
2026-03-20 08:40:23,731 - AEMSOlogs - INFO - RCWA eval:[ 40. 397. 241. 276. 310. 357.] | diff. eff.:0.8415316463984764
2026-03-20 08:40:23,774 - AEMSOlogs - INFO - RCWA eval:[ 53. 402. 259. 282. 302. 345.] | diff. eff.:0.8128918257174856
2026-03-20 08:40:23,803 - AEMSOlogs - INFO - RCWA eval:[ 50. 406. 248. 309. 342. 341.] | diff. eff.:0.6936137047321114
2026-03-20 08:40:23,969 - AEMSOlogs - INFO - RCWA eval:[ 67. 422. 257. 319. 330. 357.] | diff. eff.:0.8275425995187751
2026-03-20 08:40:23,994 - AEMSOlogs - INFO - RCWA eval:[116. 426. 253. 305. 328. 363.] | diff. eff.:0.8660334624964751
2026-03-20 08:40:24,023 - AEMSOlogs - INFO - RCWA eval:[ 56. 429. 231. 279. 305. 355.] | diff. eff.:0.7995037364663043
2026-03-20 08:40:24,073 - AEMSOlogs - INFO - RCWA eval:[ 20. 383. 241. 295. 322. 342.] | diff. eff.:0.8523714480881355
2026-03-20 08:40:45,070 - AEMSOlogs - INFO - RCWA eval:[ 37. 378. 249. 310. 322. 341.] | diff. eff.:0.7370638149826446
2026-03-20 08:40:45,080 - AEMSOlogs - INFO - Iteration 27: Best Y = -0.8922676428161548 at x = [0.09188729 0.90531512 0.53450564 0.64362885 0.68967076 0.78352809]
2026-03-20 08:40:45,081 - AEMSOlogs - INFO - Working on simulations...
2026-03-20 08:41:08,209 - AEMSOlogs - INFO - RCWA eval:[ 67. 381. 232. 282. 311. 347.] | diff. eff.:0.8540437764676448
2026-03-20 08:41:09,284 - AEMSOlogs - INFO - RCWA eval:[ 65. 380. 241. 290. 322. 344.] | diff. eff.:0.8599660004500429
2026-03-20 08:41:09,289 - AEMSOlogs - INFO - RCWA eval:[ 83. 394. 265. 296. 316. 368.] | diff. eff.:0.8357628760999161
2026-03-20 08:41:09,317 - AEMSOlogs - INFO - RCWA eval:[ 45. 388. 239. 289. 332. 354.] | diff. eff.:0.8617832683542694
2026-03-20 08:41:09,385 - AEMSOlogs - INFO - RCWA eval:[ 71. 410. 239. 295. 316. 358.] | diff. eff.:0.8658570171420746
2026-03-20 08:41:09,417 - AEMSOlogs - INFO - RCWA eval:[ 55. 390. 260. 292. 310. 354.] | diff. eff.:0.8717122854367517
2026-03-20 08:41:09,870 - AEMSOlogs - INFO - RCWA eval:[ 93. 407. 260. 306. 331. 354.] | diff. eff.:0.7798493705758234
2026-03-20 08:41:10,068 - AEMSOlogs - INFO - RCWA eval:[ 53. 396. 246. 298. 331. 349.] | diff. eff.:0.8732679205781306
2026-03-20 08:41:10,069 - AEMSOlogs - INFO - RCWA eval:[ 66. 392. 247. 290. 318. 356.] | diff. eff.:0.8931828487473392
2026-03-20 08:41:10,210 - AEMSOlogs - INFO - RCWA eval:[ 68. 397. 241. 290. 313. 338.] | diff. eff.:0.8301275113958133
2026-03-20 08:41:10,230 - AEMSOlogs - INFO - RCWA eval:[ 87. 384. 256. 287. 317. 363.] | diff. eff.:0.850899560608715
2026-03-20 08:41:10,251 - AEMSOlogs - INFO - RCWA eval:[ 59. 426. 224. 289. 333. 368.] | diff. eff.:0.6788215602480394
2026-03-20 08:41:10,276 - AEMSOlogs - INFO - RCWA eval:[ 51. 402. 233. 289. 338. 346.] | diff. eff.:0.746436157491087
2026-03-20 08:41:31,246 - AEMSOlogs - INFO - RCWA eval:[ 35. 412. 243. 276. 296. 336.] | diff. eff.:0.7223712043899861
2026-03-20 08:41:31,255 - AEMSOlogs - INFO - Iteration 28: Best Y = -0.8931828487473392 at x = [0.10639229 0.86530958 0.52817873 0.62817178 0.69241799 0.78111841]
2026-03-20 08:41:31,256 - AEMSOlogs - INFO - Working on simulations...
2026-03-20 08:41:54,439 - AEMSOlogs - INFO - RCWA eval:[ 66. 384. 240. 290. 314. 352.] | diff. eff.:0.8672490291203159
2026-03-20 08:41:55,373 - AEMSOlogs - INFO - RCWA eval:[ 29. 372. 255. 293. 322. 367.] | diff. eff.:0.7392991161697788
2026-03-20 08:41:55,483 - AEMSOlogs - INFO - RCWA eval:[ 51. 365. 263. 297. 306. 364.] | diff. eff.:0.5774924364961612
2026-03-20 08:41:55,546 - AEMSOlogs - INFO - RCWA eval:[ 22. 378. 252. 287. 329. 342.] | diff. eff.:0.8524501347998714
2026-03-20 08:41:55,556 - AEMSOlogs - INFO - RCWA eval:[ 62. 393. 245. 290. 316. 354.] | diff. eff.:0.8912353139642649
2026-03-20 08:41:55,601 - AEMSOlogs - INFO - RCWA eval:[ 68. 370. 239. 282. 309. 351.] | diff. eff.:0.777746383782192
2026-03-20 08:41:56,072 - AEMSOlogs - INFO - RCWA eval:[ 39. 389. 246. 288. 330. 349.] | diff. eff.:0.8828583718715269
2026-03-20 08:41:56,199 - AEMSOlogs - INFO - RCWA eval:[ 42. 430. 245. 296. 326. 353.] | diff. eff.:0.8685897115571588
2026-03-20 08:41:56,213 - AEMSOlogs - INFO - RCWA eval:[ 69. 390. 229. 275. 303. 347.] | diff. eff.:0.8386610421392353
2026-03-20 08:41:56,326 - AEMSOlogs - INFO - RCWA eval:[ 35. 395. 245. 301. 324. 355.] | diff. eff.:0.8895222087469496
2026-03-20 08:41:56,385 - AEMSOlogs - INFO - RCWA eval:[ 52. 395. 245. 298. 331. 352.] | diff. eff.:0.8757069233155073
2026-03-20 08:41:56,415 - AEMSOlogs - INFO - RCWA eval:[ 71. 388. 239. 282. 316. 349.] | diff. eff.:0.8813974403619376
2026-03-20 08:41:56,421 - AEMSOlogs - INFO - RCWA eval:[ 48. 406. 238. 297. 327. 350.] | diff. eff.:0.8792937036083728
2026-03-20 08:42:17,568 - AEMSOlogs - INFO - RCWA eval:[ 57. 415. 237. 306. 324. 363.] | diff. eff.:0.8355124497858059
2026-03-20 08:42:17,579 - AEMSOlogs - INFO - Iteration 29: Best Y = -0.8931828487473392 at x = [0.10639229 0.86530958 0.52817873 0.62817178 0.69241799 0.78111841]
2026-03-20 08:42:17,580 - AEMSOlogs - INFO - Working on simulations...
2026-03-20 08:42:40,714 - AEMSOlogs - INFO - RCWA eval:[ 60. 384. 241. 287. 317. 348.] | diff. eff.:0.877775080215918
2026-03-20 08:42:41,759 - AEMSOlogs - INFO - RCWA eval:[ 45. 387. 239. 280. 318. 345.] | diff. eff.:0.8706396539049138
2026-03-20 08:42:41,776 - AEMSOlogs - INFO - RCWA eval:[ 59. 404. 241. 303. 314. 349.] | diff. eff.:0.8573850853415106
2026-03-20 08:42:41,803 - AEMSOlogs - INFO - RCWA eval:[ 40. 389. 250. 291. 336. 353.] | diff. eff.:0.8339248043288404
2026-03-20 08:42:41,888 - AEMSOlogs - INFO - RCWA eval:[ 56. 394. 242. 290. 318. 356.] | diff. eff.:0.8874382614168531
2026-03-20 08:42:41,904 - AEMSOlogs - INFO - RCWA eval:[ 79. 392. 249. 291. 309. 348.] | diff. eff.:0.8706070560824656
2026-03-20 08:42:42,406 - AEMSOlogs - INFO - RCWA eval:[100. 387. 244. 283. 314. 358.] | diff. eff.:0.8605881515231859
2026-03-20 08:42:42,554 - AEMSOlogs - INFO - RCWA eval:[ 56. 381. 239. 292. 306. 337.] | diff. eff.:0.796685782423722
2026-03-20 08:42:42,583 - AEMSOlogs - INFO - RCWA eval:[ 44. 379. 238. 279. 315. 350.] | diff. eff.:0.8566709263326383
2026-03-20 08:42:42,698 - AEMSOlogs - INFO - RCWA eval:[ 23. 391. 244. 289. 324. 357.] | diff. eff.:0.8935773040362933
2026-03-20 08:42:42,703 - AEMSOlogs - INFO - RCWA eval:[ 32. 387. 235. 285. 323. 343.] | diff. eff.:0.8651275195077743
2026-03-20 08:42:42,743 - AEMSOlogs - INFO - RCWA eval:[ 57. 384. 251. 295. 314. 352.] | diff. eff.:0.863826197743838
2026-03-20 08:42:42,773 - AEMSOlogs - INFO - RCWA eval:[ 91. 391. 250. 297. 315. 351.] | diff. eff.:0.884078688008029
2026-03-20 08:43:03,872 - AEMSOlogs - INFO - RCWA eval:[ 33. 382. 246. 288. 311. 350.] | diff. eff.:0.8609973754898556
2026-03-20 08:43:03,882 - AEMSOlogs - INFO - Iteration 30: Best Y = -0.8935773040362933 at x = [0.00727444 0.86335308 0.5206685  0.62621008 0.70782918 0.78288296]
2026-03-20 08:43:03,883 - AEMSOlogs - INFO - Working on simulations...
2026-03-20 08:43:27,001 - AEMSOlogs - INFO - RCWA eval:[ 34. 377. 245. 293. 325. 355.] | diff. eff.:0.8429085809653867
2026-03-20 08:43:28,062 - AEMSOlogs - INFO - RCWA eval:[ 33. 379. 237. 289. 325. 351.] | diff. eff.:0.8571740468260249
2026-03-20 08:43:28,088 - AEMSOlogs - INFO - RCWA eval:[ 22. 383. 237. 284. 320. 355.] | diff. eff.:0.8654574785838959
2026-03-20 08:43:28,176 - AEMSOlogs - INFO - RCWA eval:[ 66. 387. 245. 288. 320. 358.] | diff. eff.:0.8795573618362865
2026-03-20 08:43:28,216 - AEMSOlogs - INFO - RCWA eval:[ 23. 377. 246. 279. 321. 353.] | diff. eff.:0.8573726219717767
2026-03-20 08:43:28,236 - AEMSOlogs - INFO - RCWA eval:[ 67. 385. 249. 290. 307. 350.] | diff. eff.:0.8558825814837545
2026-03-20 08:43:28,689 - AEMSOlogs - INFO - RCWA eval:[ 32. 386. 242. 290. 320. 351.] | diff. eff.:0.8851047645319817
2026-03-20 08:43:28,896 - AEMSOlogs - INFO - RCWA eval:[ 57. 373. 239. 287. 309. 349.] | diff. eff.:0.8040969478695329
2026-03-20 08:43:28,902 - AEMSOlogs - INFO - RCWA eval:[ 41. 400. 253. 297. 318. 359.] | diff. eff.:0.8919251407497777
2026-03-20 08:43:28,979 - AEMSOlogs - INFO - RCWA eval:[ 40. 425. 237. 302. 332. 352.] | diff. eff.:0.8277897264848756
2026-03-20 08:43:29,034 - AEMSOlogs - INFO - RCWA eval:[ 38. 379. 243. 282. 319. 352.] | diff. eff.:0.8652829728035006
2026-03-20 08:43:29,036 - AEMSOlogs - INFO - RCWA eval:[ 48. 404. 243. 291. 320. 354.] | diff. eff.:0.8958808383434816
2026-03-20 08:43:29,049 - AEMSOlogs - INFO - RCWA eval:[ 70. 390. 236. 282. 314. 351.] | diff. eff.:0.876217221870798
2026-03-20 08:43:50,163 - AEMSOlogs - INFO - RCWA eval:[ 50. 395. 248. 293. 317. 354.] | diff. eff.:0.896157505028854
2026-03-20 08:43:50,174 - AEMSOlogs - INFO - Iteration 31: Best Y = -0.896157505028854 at x = [0.06863324 0.87119333 0.53063958 0.63512377 0.69160725 0.77675433]
2026-03-20 08:43:50,175 - AEMSOlogs - INFO - Working on simulations...
2026-03-20 08:44:13,308 - AEMSOlogs - INFO - RCWA eval:[ 64. 396. 254. 294. 322. 353.] | diff. eff.:0.9101168382816262
2026-03-20 08:44:14,243 - AEMSOlogs - INFO - RCWA eval:[ 29. 409. 246. 303. 318. 361.] | diff. eff.:0.8666266455942918
2026-03-20 08:44:14,328 - AEMSOlogs - INFO - RCWA eval:[ 29. 385. 257. 291. 317. 356.] | diff. eff.:0.8801970888161009
2026-03-20 08:44:14,392 - AEMSOlogs - INFO - RCWA eval:[ 41. 386. 242. 286. 318. 348.] | diff. eff.:0.8827488194115843
2026-03-20 08:44:14,454 - AEMSOlogs - INFO - RCWA eval:[ 62. 393. 244. 295. 320. 352.] | diff. eff.:0.8940526068347897
2026-03-20 08:44:14,479 - AEMSOlogs - INFO - RCWA eval:[ 70. 401. 249. 293. 318. 358.] | diff. eff.:0.8904297172269806
2026-03-20 08:44:14,977 - AEMSOlogs - INFO - RCWA eval:[ 33. 395. 244. 291. 326. 356.] | diff. eff.:0.8995166387289883
2026-03-20 08:44:15,055 - AEMSOlogs - INFO - RCWA eval:[ 53. 404. 253. 295. 313. 356.] | diff. eff.:0.8882651378599494
2026-03-20 08:44:15,102 - AEMSOlogs - INFO - RCWA eval:[ 37. 402. 251. 292. 318. 356.] | diff. eff.:0.900910386377014
2026-03-20 08:44:15,210 - AEMSOlogs - INFO - RCWA eval:[ 26. 409. 245. 296. 324. 355.] | diff. eff.:0.9027503561137943
2026-03-20 08:44:15,240 - AEMSOlogs - INFO - RCWA eval:[ 65. 401. 256. 302. 323. 367.] | diff. eff.:0.8523702416810136
2026-03-20 08:44:15,298 - AEMSOlogs - INFO - RCWA eval:[ 53. 385. 245. 286. 319. 351.] | diff. eff.:0.8884852891332271
2026-03-20 08:44:15,314 - AEMSOlogs - INFO - RCWA eval:[ 44. 394. 253. 300. 323. 356.] | diff. eff.:0.9001813538316719
2026-03-20 08:44:36,336 - AEMSOlogs - INFO - RCWA eval:[ 98. 383. 250. 294. 319. 359.] | diff. eff.:0.8673155771754489
2026-03-20 08:44:36,345 - AEMSOlogs - INFO - Iteration 32: Best Y = -0.9101168382816262 at x = [0.10138616 0.87454241 0.54352831 0.63639597 0.70285535 0.77473881]
2026-03-20 08:44:36,346 - AEMSOlogs - INFO - Working on simulations...
2026-03-20 08:44:59,329 - AEMSOlogs - INFO - RCWA eval:[ 32. 410. 250. 294. 323. 358.] | diff. eff.:0.9024170431409215
2026-03-20 08:45:00,425 - AEMSOlogs - INFO - RCWA eval:[ 48. 391. 252. 293. 319. 350.] | diff. eff.:0.8965110322237441
2026-03-20 08:45:00,526 - AEMSOlogs - INFO - RCWA eval:[ 41. 391. 250. 291. 327. 350.] | diff. eff.:0.9000961149027539
2026-03-20 08:45:00,547 - AEMSOlogs - INFO - RCWA eval:[ 70. 387. 253. 289. 326. 358.] | diff. eff.:0.8956841410854711
2026-03-20 08:45:00,592 - AEMSOlogs - INFO - RCWA eval:[ 32. 416. 251. 299. 318. 359.] | diff. eff.:0.8908912728607432
2026-03-20 08:45:00,639 - AEMSOlogs - INFO - RCWA eval:[ 47. 392. 255. 288. 316. 352.] | diff. eff.:0.8968483021989648
2026-03-20 08:45:01,172 - AEMSOlogs - INFO - RCWA eval:[ 67. 398. 245. 285. 317. 353.] | diff. eff.:0.8907984634726082
2026-03-20 08:45:01,189 - AEMSOlogs - INFO - RCWA eval:[ 55. 407. 252. 296. 325. 361.] | diff. eff.:0.8847269032152325
2026-03-20 08:45:01,340 - AEMSOlogs - INFO - RCWA eval:[ 53. 399. 254. 296. 322. 355.] | diff. eff.:0.9111736019575772
2026-03-20 08:45:01,376 - AEMSOlogs - INFO - RCWA eval:[ 64. 408. 256. 300. 328. 362.] | diff. eff.:0.844290557177189
2026-03-20 08:45:01,424 - AEMSOlogs - INFO - RCWA eval:[ 44. 410. 244. 296. 322. 357.] | diff. eff.:0.8945100117474696
2026-03-20 08:45:01,461 - AEMSOlogs - INFO - RCWA eval:[ 35. 401. 242. 290. 326. 361.] | diff. eff.:0.8748643370404176
2026-03-20 08:45:01,468 - AEMSOlogs - INFO - RCWA eval:[ 31. 406. 253. 300. 326. 359.] | diff. eff.:0.9062616828290754
2026-03-20 08:45:22,390 - AEMSOlogs - INFO - RCWA eval:[ 29. 402. 247. 286. 314. 350.] | diff. eff.:0.8825113423304858
2026-03-20 08:45:22,401 - AEMSOlogs - INFO - Iteration 33: Best Y = -0.9111736019575772 at x = [0.07731626 0.88024182 0.54438869 0.64187514 0.70284566 0.77817103]
2026-03-20 08:45:22,403 - AEMSOlogs - INFO - Working on simulations...
2026-03-20 08:45:45,443 - AEMSOlogs - INFO - RCWA eval:[ 41. 396. 251. 290. 321. 359.] | diff. eff.:0.8971137060971672
2026-03-20 08:45:46,529 - AEMSOlogs - INFO - RCWA eval:[ 51. 398. 253. 293. 318. 356.] | diff. eff.:0.902390230289407
2026-03-20 08:45:46,609 - AEMSOlogs - INFO - RCWA eval:[ 62. 392. 242. 289. 309. 354.] | diff. eff.:0.8676306758938892
2026-03-20 08:45:46,613 - AEMSOlogs - INFO - RCWA eval:[ 39. 401. 247. 293. 328. 351.] | diff. eff.:0.8961036085252249
2026-03-20 08:45:46,647 - AEMSOlogs - INFO - RCWA eval:[ 37. 408. 239. 290. 328. 352.] | diff. eff.:0.8766846298424913
2026-03-20 08:45:46,705 - AEMSOlogs - INFO - RCWA eval:[ 36. 400. 258. 302. 331. 357.] | diff. eff.:0.8877815527787513
2026-03-20 08:45:47,284 - AEMSOlogs - INFO - RCWA eval:[ 64. 392. 248. 290. 317. 349.] | diff. eff.:0.8930109719350635
2026-03-20 08:45:47,298 - AEMSOlogs - INFO - RCWA eval:[ 32. 401. 259. 301. 327. 356.] | diff. eff.:0.9135196737874242
2026-03-20 08:45:47,396 - AEMSOlogs - INFO - RCWA eval:[ 42. 402. 255. 294. 322. 355.] | diff. eff.:0.9126667426057286
2026-03-20 08:45:47,491 - AEMSOlogs - INFO - RCWA eval:[ 46. 411. 256. 302. 330. 352.] | diff. eff.:0.8755825483937976
2026-03-20 08:45:47,517 - AEMSOlogs - INFO - RCWA eval:[ 38. 386. 255. 296. 326. 352.] | diff. eff.:0.8940791306782109
2026-03-20 08:45:47,537 - AEMSOlogs - INFO - RCWA eval:[ 23. 416. 247. 295. 321. 359.] | diff. eff.:0.8913600006657989
2026-03-20 08:45:47,580 - AEMSOlogs - INFO - RCWA eval:[ 43. 394. 255. 293. 323. 354.] | diff. eff.:0.9124148098414148
2026-03-20 08:46:08,594 - AEMSOlogs - INFO - RCWA eval:[ 27. 407. 259. 297. 328. 357.] | diff. eff.:0.910749395504483
2026-03-20 08:46:08,606 - AEMSOlogs - INFO - Iteration 34: Best Y = -0.9135196737874242 at x = [0.02879814 0.88708784 0.55519969 0.65286213 0.71400389 0.78115697]
2026-03-20 08:46:08,607 - AEMSOlogs - INFO - Working on simulations...
2026-03-20 08:46:31,717 - AEMSOlogs - INFO - RCWA eval:[ 25. 406. 258. 297. 324. 357.] | diff. eff.:0.9161997898480898
2026-03-20 08:46:32,794 - AEMSOlogs - INFO - RCWA eval:[ 46. 409. 259. 304. 328. 361.] | diff. eff.:0.8799821355012779
2026-03-20 08:46:32,795 - AEMSOlogs - INFO - RCWA eval:[ 70. 383. 253. 285. 310. 349.] | diff. eff.:0.8674145556646949
2026-03-20 08:46:32,828 - AEMSOlogs - INFO - RCWA eval:[ 26. 404. 260. 302. 326. 357.] | diff. eff.:0.9147007198574996
2026-03-20 08:46:32,940 - AEMSOlogs - INFO - RCWA eval:[ 48. 386. 253. 291. 319. 355.] | diff. eff.:0.8908783595422625
2026-03-20 08:46:32,941 - AEMSOlogs - INFO - RCWA eval:[ 37. 407. 252. 294. 334. 353.] | diff. eff.:0.8406350796242509
2026-03-20 08:46:33,356 - AEMSOlogs - INFO - RCWA eval:[ 35. 409. 256. 299. 331. 357.] | diff. eff.:0.8758757533177737
2026-03-20 08:46:33,552 - AEMSOlogs - INFO - RCWA eval:[ 48. 407. 248. 293. 321. 355.] | diff. eff.:0.9016789880093052
2026-03-20 08:46:33,581 - AEMSOlogs - INFO - RCWA eval:[ 25. 395. 259. 300. 329. 349.] | diff. eff.:0.8948391230760756
2026-03-20 08:46:33,709 - AEMSOlogs - INFO - RCWA eval:[ 57. 379. 253. 290. 322. 354.] | diff. eff.:0.8719586632230062
2026-03-20 08:46:33,756 - AEMSOlogs - INFO - RCWA eval:[ 33. 400. 252. 289. 322. 353.] | diff. eff.:0.9073630260747406
2026-03-20 08:46:33,763 - AEMSOlogs - INFO - RCWA eval:[ 45. 382. 262. 290. 321. 359.] | diff. eff.:0.8754379096459312
2026-03-20 08:46:33,776 - AEMSOlogs - INFO - RCWA eval:[ 45. 395. 242. 289. 323. 353.] | diff. eff.:0.8981408383635002
2026-03-20 08:46:54,757 - AEMSOlogs - INFO - RCWA eval:[ 41. 398. 257. 291. 322. 353.] | diff. eff.:0.9115615814950067
2026-03-20 08:46:54,767 - AEMSOlogs - INFO - Iteration 35: Best Y = -0.9161997898480898 at x = [0.01139949 0.89855159 0.5523817  0.64480775 0.70673369 0.78429041]
2026-03-20 08:46:54,768 - AEMSOlogs - INFO - Working on simulations...
2026-03-20 08:47:17,912 - AEMSOlogs - INFO - RCWA eval:[ 24. 402. 264. 297. 321. 355.] | diff. eff.:0.9097130974467885
2026-03-20 08:47:18,842 - AEMSOlogs - INFO - RCWA eval:[ 23. 408. 265. 297. 326. 359.] | diff. eff.:0.9141102344289228
2026-03-20 08:47:18,967 - AEMSOlogs - INFO - RCWA eval:[ 24. 411. 262. 298. 327. 357.] | diff. eff.:0.9114225446490632
2026-03-20 08:47:19,067 - AEMSOlogs - INFO - RCWA eval:[ 23. 402. 259. 294. 325. 357.] | diff. eff.:0.9180279683630185
2026-03-20 08:47:19,067 - AEMSOlogs - INFO - RCWA eval:[ 29. 407. 253. 296. 322. 351.] | diff. eff.:0.9025132119174758
2026-03-20 08:47:19,138 - AEMSOlogs - INFO - RCWA eval:[ 21. 395. 264. 293. 325. 357.] | diff. eff.:0.917084659707813
2026-03-20 08:47:19,548 - AEMSOlogs - INFO - RCWA eval:[ 73. 397. 248. 301. 332. 349.] | diff. eff.:0.8141568450571641
2026-03-20 08:47:19,644 - AEMSOlogs - INFO - RCWA eval:[ 22. 408. 265. 299. 328. 354.] | diff. eff.:0.9055766014741654
2026-03-20 08:47:19,834 - AEMSOlogs - INFO - RCWA eval:[ 20. 410. 264. 299. 327. 359.] | diff. eff.:0.9112948303707566
2026-03-20 08:47:19,858 - AEMSOlogs - INFO - RCWA eval:[ 29. 402. 249. 296. 327. 355.] | diff. eff.:0.907962991401317
2026-03-20 08:47:19,863 - AEMSOlogs - INFO - RCWA eval:[ 48. 402. 257. 297. 333. 352.] | diff. eff.:0.8540318881092549
2026-03-20 08:47:19,939 - AEMSOlogs - INFO - RCWA eval:[ 40. 399. 262. 294. 324. 353.] | diff. eff.:0.9129943767561666
2026-03-20 08:47:19,960 - AEMSOlogs - INFO - RCWA eval:[ 32. 401. 263. 291. 322. 357.] | diff. eff.:0.9128887399923767
2026-03-20 08:47:41,047 - AEMSOlogs - INFO - RCWA eval:[ 20. 402. 261. 300. 327. 361.] | diff. eff.:0.9100407095512405
2026-03-20 08:47:41,057 - AEMSOlogs - INFO - Iteration 36: Best Y = -0.9180279683630185 at x = [0.00667064 0.8879567  0.55630123 0.63767551 0.70851086 0.78344948]
2026-03-20 08:47:41,058 - AEMSOlogs - INFO - Working on simulations...
2026-03-20 08:48:04,070 - AEMSOlogs - INFO - RCWA eval:[ 20. 406. 246. 293. 328. 353.] | diff. eff.:0.8983476829940531
2026-03-20 08:48:05,176 - AEMSOlogs - INFO - RCWA eval:[ 42. 395. 249. 289. 323. 351.] | diff. eff.:0.9041183936443278
2026-03-20 08:48:05,271 - AEMSOlogs - INFO - RCWA eval:[ 20. 395. 249. 286. 331. 353.] | diff. eff.:0.8877282177689171
2026-03-20 08:48:05,288 - AEMSOlogs - INFO - RCWA eval:[ 38. 396. 253. 296. 324. 353.] | diff. eff.:0.909893465663246
2026-03-20 08:48:05,351 - AEMSOlogs - INFO - RCWA eval:[ 20. 400. 260. 296. 328. 357.] | diff. eff.:0.9165742049421731
2026-03-20 08:48:05,395 - AEMSOlogs - INFO - RCWA eval:[ 23. 399. 253. 293. 325. 352.] | diff. eff.:0.9103906737654969
2026-03-20 08:48:05,744 - AEMSOlogs - INFO - RCWA eval:[ 32. 406. 263. 298. 326. 357.] | diff. eff.:0.9161224824034911
2026-03-20 08:48:05,805 - AEMSOlogs - INFO - RCWA eval:[ 20. 395. 264. 292. 323. 360.] | diff. eff.:0.9087829907226853
2026-03-20 08:48:05,930 - AEMSOlogs - INFO - RCWA eval:[ 21. 397. 265. 291. 326. 362.] | diff. eff.:0.9071254815590669
2026-03-20 08:48:05,979 - AEMSOlogs - INFO - RCWA eval:[ 56. 404. 253. 289. 320. 354.] | diff. eff.:0.9023920908913051
2026-03-20 08:48:05,999 - AEMSOlogs - INFO - RCWA eval:[ 31. 390. 267. 289. 320. 353.] | diff. eff.:0.897318547133168
2026-03-20 08:48:06,025 - AEMSOlogs - INFO - RCWA eval:[ 23. 406. 250. 297. 325. 351.] | diff. eff.:0.9035047521491152
2026-03-20 08:48:06,070 - AEMSOlogs - INFO - RCWA eval:[ 40. 396. 266. 293. 325. 356.] | diff. eff.:0.9160649432974923
2026-03-20 08:48:27,198 - AEMSOlogs - INFO - RCWA eval:[ 20. 406. 274. 301. 328. 358.] | diff. eff.:0.8954029727439463
2026-03-20 08:48:27,209 - AEMSOlogs - INFO - Iteration 37: Best Y = -0.9180279683630185 at x = [0.00667064 0.8879567  0.55630123 0.63767551 0.70851086 0.78344948]
2026-03-20 08:48:27,210 - AEMSOlogs - INFO - Working on simulations...
2026-03-20 08:48:50,338 - AEMSOlogs - INFO - RCWA eval:[ 20. 394. 266. 290. 328. 352.] | diff. eff.:0.9018442790476501
2026-03-20 08:48:51,331 - AEMSOlogs - INFO - RCWA eval:[ 20. 398. 269. 296. 328. 356.] | diff. eff.:0.910307609042534
2026-03-20 08:48:51,413 - AEMSOlogs - INFO - RCWA eval:[ 20. 407. 269. 298. 328. 360.] | diff. eff.:0.904437209970632
2026-03-20 08:48:51,443 - AEMSOlogs - INFO - RCWA eval:[ 20. 402. 252. 298. 330. 353.] | diff. eff.:0.9018239586516861
2026-03-20 08:48:51,511 - AEMSOlogs - INFO - RCWA eval:[ 29. 400. 242. 295. 321. 350.] | diff. eff.:0.8934020169129674
2026-03-20 08:48:51,551 - AEMSOlogs - INFO - RCWA eval:[ 23. 397. 258. 292. 326. 351.] | diff. eff.:0.9086673362487067
2026-03-20 08:48:51,996 - AEMSOlogs - INFO - RCWA eval:[ 28. 405. 256. 298. 327. 353.] | diff. eff.:0.9103653315625106
2026-03-20 08:48:52,068 - AEMSOlogs - INFO - RCWA eval:[ 22. 400. 256. 300. 330. 353.] | diff. eff.:0.903234119963681
2026-03-20 08:48:52,265 - AEMSOlogs - INFO - RCWA eval:[ 44. 392. 265. 289. 325. 352.] | diff. eff.:0.9059260525953701
2026-03-20 08:48:52,280 - AEMSOlogs - INFO - RCWA eval:[ 34. 388. 243. 286. 321. 349.] | diff. eff.:0.8900119003784671
2026-03-20 08:48:52,317 - AEMSOlogs - INFO - RCWA eval:[ 20. 406. 256. 298. 331. 361.] | diff. eff.:0.8772433505913447
2026-03-20 08:48:52,366 - AEMSOlogs - INFO - RCWA eval:[ 27. 401. 254. 301. 329. 356.] | diff. eff.:0.9058125286679799
2026-03-20 08:48:52,375 - AEMSOlogs - INFO - RCWA eval:[ 20. 401. 269. 299. 328. 354.] | diff. eff.:0.9041553946743313
2026-03-20 08:49:13,369 - AEMSOlogs - INFO - RCWA eval:[ 21. 407. 268. 305. 331. 358.] | diff. eff.:0.8677726540987121
2026-03-20 08:49:13,379 - AEMSOlogs - INFO - Iteration 38: Best Y = -0.9180279683630185 at x = [0.00667064 0.8879567  0.55630123 0.63767551 0.70851086 0.78344948]
2026-03-20 08:49:13,380 - AEMSOlogs - INFO - Working on simulations...
2026-03-20 08:49:36,567 - AEMSOlogs - INFO - RCWA eval:[ 20. 409. 262. 293. 326. 356.] | diff. eff.:0.9114577586946815
2026-03-20 08:49:37,429 - AEMSOlogs - INFO - RCWA eval:[ 25. 416. 261. 305. 329. 354.] | diff. eff.:0.8912836293664502
2026-03-20 08:49:37,527 - AEMSOlogs - INFO - RCWA eval:[ 26. 412. 259. 305. 330. 356.] | diff. eff.:0.8871376733434689
2026-03-20 08:49:37,652 - AEMSOlogs - INFO - RCWA eval:[ 28. 393. 261. 296. 329. 354.] | diff. eff.:0.9086612531195102
2026-03-20 08:49:37,677 - AEMSOlogs - INFO - RCWA eval:[ 31. 392. 267. 291. 323. 353.] | diff. eff.:0.9049296441086647
2026-03-20 08:49:37,685 - AEMSOlogs - INFO - RCWA eval:[ 22. 396. 264. 293. 324. 352.] | diff. eff.:0.9082787158931241
2026-03-20 08:49:38,250 - AEMSOlogs - INFO - RCWA eval:[ 20. 417. 262. 298. 327. 354.] | diff. eff.:0.90112115692114
2026-03-20 08:49:38,273 - AEMSOlogs - INFO - RCWA eval:[ 20. 386. 273. 292. 329. 354.] | diff. eff.:0.8813336883556788
2026-03-20 08:49:38,413 - AEMSOlogs - INFO - RCWA eval:[ 21. 395. 265. 297. 328. 350.] | diff. eff.:0.898339513552335
2026-03-20 08:49:38,498 - AEMSOlogs - INFO - RCWA eval:[ 22. 406. 261. 296. 334. 354.] | diff. eff.:0.8541591202745332
2026-03-20 08:49:38,524 - AEMSOlogs - INFO - RCWA eval:[ 29. 408. 265. 299. 330. 353.] | diff. eff.:0.889962948189876
2026-03-20 08:49:38,531 - AEMSOlogs - INFO - RCWA eval:[ 25. 399. 267. 293. 327. 353.] | diff. eff.:0.9061597179371659
2026-03-20 08:49:38,562 - AEMSOlogs - INFO - RCWA eval:[ 27. 399. 256. 296. 326. 352.] | diff. eff.:0.911130251556298
2026-03-20 08:49:59,674 - AEMSOlogs - INFO - RCWA eval:[ 23. 399. 263. 300. 331. 353.] | diff. eff.:0.8964356429275113
2026-03-20 08:49:59,684 - AEMSOlogs - INFO - Iteration 39: Best Y = -0.9180279683630185 at x = [0.00667064 0.8879567  0.55630123 0.63767551 0.70851086 0.78344948]
2026-03-20 08:49:59,685 - AEMSOlogs - INFO - Working on simulations...
2026-03-20 08:50:22,699 - AEMSOlogs - INFO - RCWA eval:[ 26. 402. 269. 298. 327. 358.] | diff. eff.:0.9132967512813547
2026-03-20 08:50:23,815 - AEMSOlogs - INFO - RCWA eval:[ 20. 405. 261. 294. 328. 351.] | diff. eff.:0.9005584064256409
2026-03-20 08:50:23,853 - AEMSOlogs - INFO - RCWA eval:[ 20. 399. 259. 290. 327. 359.] | diff. eff.:0.9122828590707865
2026-03-20 08:50:23,936 - AEMSOlogs - INFO - RCWA eval:[ 27. 407. 254. 291. 320. 352.] | diff. eff.:0.900434089541708
2026-03-20 08:50:23,951 - AEMSOlogs - INFO - RCWA eval:[ 25. 409. 257. 290. 325. 357.] | diff. eff.:0.9073087489754129
2026-03-20 08:50:23,955 - AEMSOlogs - INFO - RCWA eval:[ 26. 395. 259. 289. 325. 351.] | diff. eff.:0.9072043174949668
2026-03-20 08:50:24,441 - AEMSOlogs - INFO - RCWA eval:[ 21. 403. 262. 297. 327. 356.] | diff. eff.:0.9173921106079752
2026-03-20 08:50:24,654 - AEMSOlogs - INFO - RCWA eval:[ 38. 391. 260. 290. 324. 351.] | diff. eff.:0.9068526203419759
2026-03-20 08:50:24,698 - AEMSOlogs - INFO - RCWA eval:[ 20. 405. 265. 294. 327. 351.] | diff. eff.:0.8978525712150651
2026-03-20 08:50:24,709 - AEMSOlogs - INFO - RCWA eval:[ 20. 397. 266. 292. 326. 353.] | diff. eff.:0.9089649525381083
2026-03-20 08:50:24,759 - AEMSOlogs - INFO - RCWA eval:[ 24. 402. 260. 296. 328. 354.] | diff. eff.:0.9127710184826897
2026-03-20 08:50:24,824 - AEMSOlogs - INFO - RCWA eval:[ 26. 397. 255. 295. 322. 356.] | diff. eff.:0.911028505583314
2026-03-20 08:50:24,834 - AEMSOlogs - INFO - RCWA eval:[ 26. 396. 256. 295. 323. 351.] | diff. eff.:0.9069489798076932
2026-03-20 08:50:45,782 - AEMSOlogs - INFO - RCWA eval:[ 27. 397. 257. 294. 328. 354.] | diff. eff.:0.913111244163345
2026-03-20 08:50:45,791 - AEMSOlogs - INFO - Iteration 40: Best Y = -0.9180279683630185 at x = [0.00667064 0.8879567  0.55630123 0.63767551 0.70851086 0.78344948]
2026-03-20 08:50:45,792 - AEMSOlogs - INFO - Working on simulations...
2026-03-20 08:51:08,869 - AEMSOlogs - INFO - RCWA eval:[ 20. 405. 265. 297. 324. 358.] | diff. eff.:0.916740783407802
2026-03-20 08:51:09,904 - AEMSOlogs - INFO - RCWA eval:[ 20. 400. 263. 294. 329. 356.] | diff. eff.:0.9119867527126798
2026-03-20 08:51:09,909 - AEMSOlogs - INFO - RCWA eval:[ 21. 408. 269. 296. 328. 360.] | diff. eff.:0.9021057708046045
2026-03-20 08:51:10,037 - AEMSOlogs - INFO - RCWA eval:[ 27. 400. 259. 293. 325. 356.] | diff. eff.:0.9179936002488489
2026-03-20 08:51:10,052 - AEMSOlogs - INFO - RCWA eval:[ 20. 405. 266. 297. 328. 356.] | diff. eff.:0.9110990850108959
2026-03-20 08:51:10,123 - AEMSOlogs - INFO - RCWA eval:[ 29. 403. 261. 299. 325. 357.] | diff. eff.:0.917611920909295
2026-03-20 08:51:10,633 - AEMSOlogs - INFO - RCWA eval:[ 22. 405. 267. 295. 326. 359.] | diff. eff.:0.9144216638804135
2026-03-20 08:51:10,644 - AEMSOlogs - INFO - RCWA eval:[ 20. 404. 260. 294. 328. 357.] | diff. eff.:0.9136106037202066
2026-03-20 08:51:10,790 - AEMSOlogs - INFO - RCWA eval:[ 23. 406. 263. 297. 329. 356.] | diff. eff.:0.9074762412197678
2026-03-20 08:51:10,871 - AEMSOlogs - INFO - RCWA eval:[ 29. 399. 259. 295. 329. 356.] | diff. eff.:0.9115583900644514
2026-03-20 08:51:10,871 - AEMSOlogs - INFO - RCWA eval:[ 20. 410. 263. 298. 328. 358.] | diff. eff.:0.9087318516404391
2026-03-20 08:51:10,900 - AEMSOlogs - INFO - RCWA eval:[ 45. 392. 257. 295. 325. 357.] | diff. eff.:0.9115649848563511
2026-03-20 08:51:10,929 - AEMSOlogs - INFO - RCWA eval:[ 20. 399. 259. 293. 327. 357.] | diff. eff.:0.9174692072211845
2026-03-20 08:51:31,990 - AEMSOlogs - INFO - RCWA eval:[ 24. 396. 264. 291. 325. 355.] | diff. eff.:0.9154177213936326
2026-03-20 08:51:32,000 - AEMSOlogs - INFO - Iteration 41: Best Y = -0.9180279683630185 at x = [0.00667064 0.8879567  0.55630123 0.63767551 0.70851086 0.78344948]
2026-03-20 08:51:32,001 - AEMSOlogs - INFO - Working on simulations...
2026-03-20 08:51:55,078 - AEMSOlogs - INFO - RCWA eval:[ 32. 402. 260. 298. 323. 359.] | diff. eff.:0.912712576168798
2026-03-20 08:51:56,152 - AEMSOlogs - INFO - RCWA eval:[ 28. 398. 259. 291. 326. 354.] | diff. eff.:0.9149487432714571
2026-03-20 08:51:56,165 - AEMSOlogs - INFO - RCWA eval:[ 21. 405. 255. 295. 325. 358.] | diff. eff.:0.9136271867316715
2026-03-20 08:51:56,243 - AEMSOlogs - INFO - RCWA eval:[ 26. 402. 257. 296. 327. 355.] | diff. eff.:0.9155893308936826
2026-03-20 08:51:56,244 - AEMSOlogs - INFO - RCWA eval:[ 22. 404. 253. 292. 323. 357.] | diff. eff.:0.9103616815603951
2026-03-20 08:51:56,321 - AEMSOlogs - INFO - RCWA eval:[ 26. 400. 261. 295. 326. 356.] | diff. eff.:0.9187763861446288
2026-03-20 08:51:56,940 - AEMSOlogs - INFO - RCWA eval:[ 22. 395. 257. 291. 330. 354.] | diff. eff.:0.905490448418134
2026-03-20 08:51:56,952 - AEMSOlogs - INFO - RCWA eval:[ 31. 400. 260. 295. 326. 356.] | diff. eff.:0.9183600553024754
2026-03-20 08:51:56,988 - AEMSOlogs - INFO - RCWA eval:[ 30. 396. 260. 295. 322. 354.] | diff. eff.:0.9117313233573447
2026-03-20 08:51:57,125 - AEMSOlogs - INFO - RCWA eval:[ 24. 400. 263. 293. 325. 357.] | diff. eff.:0.9183857296614915
2026-03-20 08:51:57,129 - AEMSOlogs - INFO - RCWA eval:[ 23. 404. 261. 296. 325. 356.] | diff. eff.:0.918087061793987
2026-03-20 08:51:57,132 - AEMSOlogs - INFO - RCWA eval:[ 21. 402. 261. 295. 327. 356.] | diff. eff.:0.9175661089618862
2026-03-20 08:51:57,151 - AEMSOlogs - INFO - RCWA eval:[ 25. 405. 261. 295. 325. 357.] | diff. eff.:0.9175726791046985
2026-03-20 08:52:18,215 - AEMSOlogs - INFO - RCWA eval:[ 25. 400. 263. 292. 326. 354.] | diff. eff.:0.913669963570253
2026-03-20 08:52:18,225 - AEMSOlogs - INFO - Iteration 42: Best Y = -0.9187763861446288 at x = [0.01443051 0.88402705 0.5611983  0.63990125 0.71111479 0.7808271 ]
2026-03-20 08:52:18,226 - AEMSOlogs - INFO - Working on simulations...
2026-03-20 08:52:41,323 - AEMSOlogs - INFO - RCWA eval:[ 29. 400. 256. 293. 324. 353.] | diff. eff.:0.9132000595429801
2026-03-20 08:52:42,343 - AEMSOlogs - INFO - RCWA eval:[ 24. 401. 263. 298. 326. 356.] | diff. eff.:0.9179389463859428
2026-03-20 08:52:42,388 - AEMSOlogs - INFO - RCWA eval:[ 23. 404. 263. 296. 327. 357.] | diff. eff.:0.9168225752455901
2026-03-20 08:52:42,493 - AEMSOlogs - INFO - RCWA eval:[ 25. 400. 260. 295. 326. 357.] | diff. eff.:0.9188769105777613
2026-03-20 08:52:42,529 - AEMSOlogs - INFO - RCWA eval:[ 27. 400. 263. 294. 324. 357.] | diff. eff.:0.9179428627337481
2026-03-20 08:52:42,564 - AEMSOlogs - INFO - RCWA eval:[ 25. 405. 258. 293. 324. 355.] | diff. eff.:0.914494021345347
2026-03-20 08:52:43,042 - AEMSOlogs - INFO - RCWA eval:[ 29. 404. 260. 294. 324. 357.] | diff. eff.:0.9167448133458059
2026-03-20 08:52:43,056 - AEMSOlogs - INFO - RCWA eval:[ 28. 397. 264. 295. 325. 356.] | diff. eff.:0.9176176684855258
2026-03-20 08:52:43,266 - AEMSOlogs - INFO - RCWA eval:[ 25. 397. 257. 294. 325. 358.] | diff. eff.:0.915192409715557
2026-03-20 08:52:43,296 - AEMSOlogs - INFO - RCWA eval:[ 26. 398. 260. 293. 327. 352.] | diff. eff.:0.9103096259480109
2026-03-20 08:52:43,349 - AEMSOlogs - INFO - RCWA eval:[ 21. 402. 265. 294. 325. 358.] | diff. eff.:0.9176075647567745
2026-03-20 08:52:43,358 - AEMSOlogs - INFO - RCWA eval:[ 24. 402. 262. 294. 325. 357.] | diff. eff.:0.9185019960794918
2026-03-20 08:52:43,403 - AEMSOlogs - INFO - RCWA eval:[ 28. 399. 260. 296. 324. 355.] | diff. eff.:0.916691864159854
2026-03-20 08:53:04,396 - AEMSOlogs - INFO - RCWA eval:[ 31. 405. 257. 296. 323. 357.] | diff. eff.:0.9145145832661892
2026-03-20 08:53:04,406 - AEMSOlogs - INFO - Iteration 43: Best Y = -0.9188769105777613 at x = [0.01214853 0.88371538 0.55744696 0.64052588 0.71189669 0.78400411]
2026-03-20 08:53:04,407 - AEMSOlogs - INFO - Working on simulations...
2026-03-20 08:53:27,472 - AEMSOlogs - INFO - RCWA eval:[ 22. 403. 261. 296. 328. 357.] | diff. eff.:0.915230789516165
2026-03-20 08:53:28,474 - AEMSOlogs - INFO - RCWA eval:[ 24. 398. 265. 294. 325. 358.] | diff. eff.:0.9178711452910233
2026-03-20 08:53:28,578 - AEMSOlogs - INFO - RCWA eval:[ 24. 401. 262. 295. 325. 356.] | diff. eff.:0.9186393763302261
2026-03-20 08:53:28,671 - AEMSOlogs - INFO - RCWA eval:[ 22. 403. 266. 297. 328. 356.] | diff. eff.:0.9123618336190981
2026-03-20 08:53:28,689 - AEMSOlogs - INFO - RCWA eval:[ 22. 402. 263. 293. 325. 358.] | diff. eff.:0.9174887559785148
2026-03-20 08:53:28,771 - AEMSOlogs - INFO - RCWA eval:[ 24. 399. 263. 295. 326. 359.] | diff. eff.:0.91771475513642
2026-03-20 08:53:29,234 - AEMSOlogs - INFO - RCWA eval:[ 22. 402. 262. 294. 327. 356.] | diff. eff.:0.9168420137956305
2026-03-20 08:53:29,311 - AEMSOlogs - INFO - RCWA eval:[ 29. 398. 264. 294. 325. 356.] | diff. eff.:0.9179149603996909
2026-03-20 08:53:29,483 - AEMSOlogs - INFO - RCWA eval:[ 23. 404. 264. 294. 324. 358.] | diff. eff.:0.9163312515200921
2026-03-20 08:53:29,512 - AEMSOlogs - INFO - RCWA eval:[ 24. 405. 260. 294. 325. 356.] | diff. eff.:0.916678263421638
2026-03-20 08:53:29,550 - AEMSOlogs - INFO - RCWA eval:[ 33. 399. 263. 294. 326. 357.] | diff. eff.:0.9184477875195611
2026-03-20 08:53:29,572 - AEMSOlogs - INFO - RCWA eval:[ 23. 400. 262. 294. 325. 356.] | diff. eff.:0.9186000969237078
2026-03-20 08:53:29,603 - AEMSOlogs - INFO - RCWA eval:[ 30. 399. 260. 295. 324. 355.] | diff. eff.:0.9170890357853037
2026-03-20 08:53:50,497 - AEMSOlogs - INFO - RCWA eval:[ 27. 401. 264. 295. 324. 357.] | diff. eff.:0.9177802907476287
2026-03-20 08:53:50,507 - AEMSOlogs - INFO - Iteration 44: Best Y = -0.9188769105777613 at x = [0.01214853 0.88371538 0.55744696 0.64052588 0.71189669 0.78400411]
2026-03-20 08:53:50,508 - AEMSOlogs - INFO - Working on simulations...
2026-03-20 08:54:13,660 - AEMSOlogs - INFO - RCWA eval:[ 23. 400. 265. 296. 325. 356.] | diff. eff.:0.9174300930050963
2026-03-20 08:54:14,643 - AEMSOlogs - INFO - RCWA eval:[ 24. 400. 266. 297. 327. 357.] | diff. eff.:0.9168296306998212
2026-03-20 08:54:14,698 - AEMSOlogs - INFO - RCWA eval:[ 26. 399. 265. 293. 326. 356.] | diff. eff.:0.9168721230092468
2026-03-20 08:54:14,749 - AEMSOlogs - INFO - RCWA eval:[ 26. 402. 262. 296. 327. 356.] | diff. eff.:0.9172076413063492
2026-03-20 08:54:14,768 - AEMSOlogs - INFO - RCWA eval:[ 28. 402. 265. 295. 326. 356.] | diff. eff.:0.9165889261641499
2026-03-20 08:54:14,866 - AEMSOlogs - INFO - RCWA eval:[ 24. 400. 264. 296. 326. 357.] | diff. eff.:0.9189250397541457
2026-03-20 08:54:15,317 - AEMSOlogs - INFO - RCWA eval:[ 23. 398. 264. 295. 325. 356.] | diff. eff.:0.9178806643653267
2026-03-20 08:54:15,407 - AEMSOlogs - INFO - RCWA eval:[ 27. 399. 262. 296. 326. 355.] | diff. eff.:0.9174568961200824
2026-03-20 08:54:15,518 - AEMSOlogs - INFO - RCWA eval:[ 25. 401. 261. 294. 326. 356.] | diff. eff.:0.9183371484073272
2026-03-20 08:54:15,546 - AEMSOlogs - INFO - RCWA eval:[ 27. 403. 263. 294. 325. 359.] | diff. eff.:0.9161973398456045
2026-03-20 08:54:15,630 - AEMSOlogs - INFO - RCWA eval:[ 26. 403. 265. 294. 324. 358.] | diff. eff.:0.9163053583728602
2026-03-20 08:54:15,677 - AEMSOlogs - INFO - RCWA eval:[ 26. 400. 264. 293. 323. 358.] | diff. eff.:0.9152578594073154
2026-03-20 08:54:15,698 - AEMSOlogs - INFO - RCWA eval:[ 22. 404. 265. 297. 326. 358.] | diff. eff.:0.9177727161760265
2026-03-20 08:54:36,755 - AEMSOlogs - INFO - RCWA eval:[ 28. 401. 259. 295. 325. 357.] | diff. eff.:0.9182536291883379
2026-03-20 08:54:36,764 - AEMSOlogs - INFO - Iteration 45: Best Y = -0.9189250397541457 at x = [0.01036905 0.88329319 0.56840247 0.6412425  0.71139345 0.78403159]
2026-03-20 08:54:36,765 - AEMSOlogs - INFO - Working on simulations...
2026-03-20 08:54:59,869 - AEMSOlogs - INFO - RCWA eval:[ 36. 399. 261. 294. 324. 355.] | diff. eff.:0.917164201113951
2026-03-20 08:55:00,913 - AEMSOlogs - INFO - RCWA eval:[ 25. 401. 265. 296. 326. 357.] | diff. eff.:0.918304410074175
2026-03-20 08:55:00,978 - AEMSOlogs - INFO - RCWA eval:[ 23. 396. 261. 294. 326. 356.] | diff. eff.:0.9182232794856673
2026-03-20 08:55:01,067 - AEMSOlogs - INFO - RCWA eval:[ 28. 399. 261. 294. 326. 356.] | diff. eff.:0.9186119915557432
2026-03-20 08:55:01,089 - AEMSOlogs - INFO - RCWA eval:[ 27. 402. 261. 295. 326. 356.] | diff. eff.:0.918195484810179
2026-03-20 08:55:01,108 - AEMSOlogs - INFO - RCWA eval:[ 23. 400. 263. 295. 327. 356.] | diff. eff.:0.9176818338669595
2026-03-20 08:55:01,614 - AEMSOlogs - INFO - RCWA eval:[ 29. 398. 261. 294. 324. 356.] | diff. eff.:0.9178015259513229
2026-03-20 08:55:01,665 - AEMSOlogs - INFO - RCWA eval:[ 23. 399. 262. 297. 326. 359.] | diff. eff.:0.9173451368815112
2026-03-20 08:55:01,766 - AEMSOlogs - INFO - RCWA eval:[ 22. 397. 262. 293. 326. 355.] | diff. eff.:0.9173607532836147
2026-03-20 08:55:01,826 - AEMSOlogs - INFO - RCWA eval:[ 26. 400. 260. 294. 325. 356.] | diff. eff.:0.9185708270885337
2026-03-20 08:55:01,879 - AEMSOlogs - INFO - RCWA eval:[ 22. 402. 261. 296. 325. 356.] | diff. eff.:0.9186514056219177
2026-03-20 08:55:01,887 - AEMSOlogs - INFO - RCWA eval:[ 28. 401. 261. 295. 325. 357.] | diff. eff.:0.9188555279184707
2026-03-20 08:55:01,897 - AEMSOlogs - INFO - RCWA eval:[ 26. 401. 262. 296. 326. 357.] | diff. eff.:0.9190811265308007
2026-03-20 08:55:22,936 - AEMSOlogs - INFO - RCWA eval:[ 29. 405. 259. 298. 325. 356.] | diff. eff.:0.9169684649060287
2026-03-20 08:55:22,945 - AEMSOlogs - INFO - Iteration 46: Best Y = -0.9190811265308007 at x = [0.01367092 0.88674699 0.56167768 0.64188607 0.71118282 0.78378734]
2026-03-20 08:55:22,946 - AEMSOlogs - INFO - Working on simulations...
2026-03-20 08:55:46,070 - AEMSOlogs - INFO - RCWA eval:[ 24. 400. 262. 295. 326. 357.] | diff. eff.:0.9192355629866343
2026-03-20 08:55:47,000 - AEMSOlogs - INFO - RCWA eval:[ 26. 400. 260. 296. 326. 357.] | diff. eff.:0.9188052730365084
2026-03-20 08:55:47,119 - AEMSOlogs - INFO - RCWA eval:[ 28. 398. 263. 294. 326. 357.] | diff. eff.:0.9188080613805145
2026-03-20 08:55:47,123 - AEMSOlogs - INFO - RCWA eval:[ 26. 398. 260. 295. 325. 356.] | diff. eff.:0.9183936490370675
2026-03-20 08:55:47,246 - AEMSOlogs - INFO - RCWA eval:[ 24. 402. 263. 295. 326. 357.] | diff. eff.:0.918651841165366
2026-03-20 08:55:47,246 - AEMSOlogs - INFO - RCWA eval:[ 27. 400. 262. 296. 325. 357.] | diff. eff.:0.9189864362085415
2026-03-20 08:55:47,762 - AEMSOlogs - INFO - RCWA eval:[ 25. 404. 263. 296. 325. 356.] | diff. eff.:0.9175790754480494
2026-03-20 08:55:47,854 - AEMSOlogs - INFO - RCWA eval:[ 24. 401. 264. 296. 325. 358.] | diff. eff.:0.9186295594490961
2026-03-20 08:55:47,974 - AEMSOlogs - INFO - RCWA eval:[ 24. 402. 261. 296. 326. 357.] | diff. eff.:0.9189514281975827
2026-03-20 08:55:48,014 - AEMSOlogs - INFO - RCWA eval:[ 27. 398. 263. 295. 325. 357.] | diff. eff.:0.9187101016697122
2026-03-20 08:55:48,035 - AEMSOlogs - INFO - RCWA eval:[ 30. 400. 264. 295. 325. 358.] | diff. eff.:0.9183972768934388
2026-03-20 08:55:48,054 - AEMSOlogs - INFO - RCWA eval:[ 30. 403. 258. 297. 326. 355.] | diff. eff.:0.9162968158486154
2026-03-20 08:55:48,104 - AEMSOlogs - INFO - RCWA eval:[ 25. 402. 262. 296. 326. 358.] | diff. eff.:0.918577133375274
2026-03-20 08:56:09,103 - AEMSOlogs - INFO - RCWA eval:[ 24. 400. 260. 294. 325. 356.] | diff. eff.:0.9186143888662908
2026-03-20 08:56:09,117 - AEMSOlogs - INFO - Iteration 47: Best Y = -0.9192355629866343 at x = [0.0087831  0.88331868 0.56213805 0.6395196  0.7114999  0.78299614]
2026-03-20 08:56:09,118 - AEMSOlogs - INFO - Working on simulations...
2026-03-20 08:56:32,164 - AEMSOlogs - INFO - RCWA eval:[ 26. 400. 261. 295. 326. 357.] | diff. eff.:0.9190551333438514
2026-03-20 08:56:33,228 - AEMSOlogs - INFO - RCWA eval:[ 25. 400. 263. 296. 326. 358.] | diff. eff.:0.9189111080656366
2026-03-20 08:56:33,301 - AEMSOlogs - INFO - RCWA eval:[ 27. 399. 263. 294. 325. 357.] | diff. eff.:0.9188031143866964
2026-03-20 08:56:33,349 - AEMSOlogs - INFO - RCWA eval:[ 24. 400. 262. 296. 326. 357.] | diff. eff.:0.9192599309683431
2026-03-20 08:56:33,358 - AEMSOlogs - INFO - RCWA eval:[ 24. 400. 262. 297. 326. 356.] | diff. eff.:0.9185264774300492
2026-03-20 08:56:33,420 - AEMSOlogs - INFO - RCWA eval:[ 26. 401. 262. 296. 326. 357.] | diff. eff.:0.9190811265308007
2026-03-20 08:56:33,896 - AEMSOlogs - INFO - RCWA eval:[ 25. 401. 263. 296. 325. 357.] | diff. eff.:0.9189787781871526
2026-03-20 08:56:33,971 - AEMSOlogs - INFO - RCWA eval:[ 25. 399. 262. 296. 326. 356.] | diff. eff.:0.9186961045052892
2026-03-20 08:56:34,096 - AEMSOlogs - INFO - RCWA eval:[ 23. 400. 262. 295. 326. 356.] | diff. eff.:0.918832719428097
2026-03-20 08:56:34,177 - AEMSOlogs - INFO - RCWA eval:[ 29. 401. 261. 297. 326. 357.] | diff. eff.:0.9186511994748672
2026-03-20 08:56:34,181 - AEMSOlogs - INFO - RCWA eval:[ 27. 398. 263. 295. 325. 357.] | diff. eff.:0.9187101016697122
2026-03-20 08:56:34,213 - AEMSOlogs - INFO - RCWA eval:[ 26. 401. 261. 295. 326. 357.] | diff. eff.:0.918895231250683
2026-03-20 08:56:34,256 - AEMSOlogs - INFO - RCWA eval:[ 26. 400. 263. 295. 326. 355.] | diff. eff.:0.9171132988142566
2026-03-20 08:56:55,193 - AEMSOlogs - INFO - RCWA eval:[ 23. 401. 262. 295. 326. 357.] | diff. eff.:0.9191370745550097
2026-03-20 08:56:55,203 - AEMSOlogs - INFO - Iteration 48: Best Y = -0.9192599309683431 at x = [0.00888013 0.88403784 0.56356062 0.64118453 0.7106414  0.78317747]
2026-03-20 08:56:55,204 - AEMSOlogs - INFO - Working on simulations...
2026-03-20 08:57:18,217 - AEMSOlogs - INFO - RCWA eval:[ 26. 402. 260. 296. 325. 357.] | diff. eff.:0.9186335186640967
2026-03-20 08:57:19,316 - AEMSOlogs - INFO - RCWA eval:[ 24. 401. 262. 297. 326. 357.] | diff. eff.:0.9190812493324072
2026-03-20 08:57:19,365 - AEMSOlogs - INFO - RCWA eval:[ 26. 400. 261. 295. 325. 356.] | diff. eff.:0.9187705819880418
2026-03-20 08:57:19,431 - AEMSOlogs - INFO - RCWA eval:[ 25. 398. 261. 294. 326. 356.] | diff. eff.:0.9187324226022773
2026-03-20 08:57:19,476 - AEMSOlogs - INFO - RCWA eval:[ 24. 401. 262. 296. 325. 357.] | diff. eff.:0.9190855593077719
2026-03-20 08:57:19,519 - AEMSOlogs - INFO - RCWA eval:[ 26. 401. 262. 296. 326. 356.] | diff. eff.:0.9186001455000395
2026-03-20 08:57:20,010 - AEMSOlogs - INFO - RCWA eval:[ 24. 401. 262. 296. 326. 357.] | diff. eff.:0.9192021657027667
2026-03-20 08:57:20,012 - AEMSOlogs - INFO - RCWA eval:[ 25. 401. 262. 297. 326. 356.] | diff. eff.:0.918502284713018
2026-03-20 08:57:20,296 - AEMSOlogs - INFO - RCWA eval:[ 25. 401. 261. 295. 325. 357.] | diff. eff.:0.9189650993911144
2026-03-20 08:57:20,339 - AEMSOlogs - INFO - RCWA eval:[ 22. 400. 261. 296. 326. 357.] | diff. eff.:0.9192514754593188
2026-03-20 08:57:20,351 - AEMSOlogs - INFO - RCWA eval:[ 24. 399. 262. 295. 326. 357.] | diff. eff.:0.9192458782431128
2026-03-20 08:57:20,362 - AEMSOlogs - INFO - RCWA eval:[ 24. 402. 261. 295. 325. 356.] | diff. eff.:0.9185262670634042
2026-03-20 08:57:20,381 - AEMSOlogs - INFO - RCWA eval:[ 26. 400. 263. 296. 326. 357.] | diff. eff.:0.9190891981737792
2026-03-20 08:57:41,287 - AEMSOlogs - INFO - RCWA eval:[ 23. 400. 261. 295. 325. 357.] | diff. eff.:0.9190486591081742
2026-03-20 08:57:41,296 - AEMSOlogs - INFO - Iteration 49: Best Y = -0.9192599309683431 at x = [0.00888013 0.88403784 0.56356062 0.64118453 0.7106414  0.78317747]
2026-03-20 08:57:41,297 - AEMSOlogs - INFO - Working on simulations...
2026-03-20 08:58:04,402 - AEMSOlogs - INFO - RCWA eval:[ 24. 400. 262. 296. 326. 358.] | diff. eff.:0.9188915425609568
2026-03-20 08:58:05,415 - AEMSOlogs - INFO - RCWA eval:[ 25. 400. 260. 296. 326. 357.] | diff. eff.:0.9188600445543479
2026-03-20 08:58:05,505 - AEMSOlogs - INFO - RCWA eval:[ 24. 400. 262. 296. 327. 357.] | diff. eff.:0.9184376588884676
2026-03-20 08:58:05,515 - AEMSOlogs - INFO - RCWA eval:[ 21. 403. 260. 297. 326. 357.] | diff. eff.:0.9186908004281878
2026-03-20 08:58:05,583 - AEMSOlogs - INFO - RCWA eval:[ 22. 400. 263. 296. 326. 357.] | diff. eff.:0.9192621524519041
2026-03-20 08:58:05,644 - AEMSOlogs - INFO - RCWA eval:[ 23. 399. 264. 296. 327. 357.] | diff. eff.:0.9181931049619463
2026-03-20 08:58:05,868 - AEMSOlogs - INFO - RCWA eval:[ 21. 400. 262. 295. 326. 357.] | diff. eff.:0.9193640554371276
2026-03-20 08:58:05,912 - AEMSOlogs - INFO - RCWA eval:[ 23. 399. 262. 295. 326. 357.] | diff. eff.:0.9192821522417792
2026-03-20 08:58:06,068 - AEMSOlogs - INFO - RCWA eval:[ 26. 401. 261. 296. 326. 357.] | diff. eff.:0.9190020618844774
2026-03-20 08:58:06,120 - AEMSOlogs - INFO - RCWA eval:[ 23. 399. 261. 295. 326. 356.] | diff. eff.:0.9189241092558005
2026-03-20 08:58:06,216 - AEMSOlogs - INFO - RCWA eval:[ 26. 401. 259. 296. 326. 357.] | diff. eff.:0.918369359388104
2026-03-20 08:58:06,237 - AEMSOlogs - INFO - RCWA eval:[ 23. 400. 262. 296. 327. 357.] | diff. eff.:0.9185211994806727
2026-03-20 08:58:06,251 - AEMSOlogs - INFO - RCWA eval:[ 23. 401. 262. 295. 326. 357.] | diff. eff.:0.9191370745550097
2026-03-20 08:58:27,488 - AEMSOlogs - INFO - RCWA eval:[ 22. 400. 261. 295. 326. 358.] | diff. eff.:0.9187165473355893
2026-03-20 08:58:27,497 - AEMSOlogs - INFO - Iteration 50: Best Y = -0.9193640554371276 at x = [0.00334042 0.88288408 0.56341704 0.63957389 0.71255099 0.78371627]
2026-03-20 08:58:27,498 - AEMSOlogs - INFO - Working on simulations...
2026-03-20 08:58:50,633 - AEMSOlogs - INFO - RCWA eval:[ 22. 400. 262. 296. 327. 357.] | diff. eff.:0.9185988688755841
2026-03-20 08:58:51,571 - AEMSOlogs - INFO - RCWA eval:[ 21. 399. 262. 295. 327. 357.] | diff. eff.:0.9186672126012491
2026-03-20 08:58:51,744 - AEMSOlogs - INFO - RCWA eval:[ 23. 401. 261. 296. 327. 357.] | diff. eff.:0.9182939775571619
2026-03-20 08:58:51,746 - AEMSOlogs - INFO - RCWA eval:[ 23. 400. 262. 295. 326. 357.] | diff. eff.:0.9192819812136631
2026-03-20 08:58:51,747 - AEMSOlogs - INFO - RCWA eval:[ 23. 401. 262. 295. 326. 356.] | diff. eff.:0.9186574346062053
2026-03-20 08:58:51,840 - AEMSOlogs - INFO - RCWA eval:[ 23. 400. 262. 294. 326. 357.] | diff. eff.:0.9190263223485903
2026-03-20 08:58:52,323 - AEMSOlogs - INFO - RCWA eval:[ 21. 401. 261. 296. 326. 358.] | diff. eff.:0.9188041666545672
2026-03-20 08:58:52,359 - AEMSOlogs - INFO - RCWA eval:[ 22. 398. 263. 295. 327. 358.] | diff. eff.:0.9182182421683197
2026-03-20 08:58:52,537 - AEMSOlogs - INFO - RCWA eval:[ 23. 400. 260. 294. 326. 357.] | diff. eff.:0.9187684596874011
2026-03-20 08:58:52,542 - AEMSOlogs - INFO - RCWA eval:[ 22. 400. 262. 295. 326. 358.] | diff. eff.:0.9189323683678329
2026-03-20 08:58:52,551 - AEMSOlogs - INFO - RCWA eval:[ 23. 401. 260. 295. 326. 357.] | diff. eff.:0.9188731493694255
2026-03-20 08:58:52,653 - AEMSOlogs - INFO - RCWA eval:[ 21. 400. 261. 296. 326. 357.] | diff. eff.:0.9192892337329786
2026-03-20 08:58:52,691 - AEMSOlogs - INFO - RCWA eval:[ 22. 398. 262. 295. 326. 357.] | diff. eff.:0.9191496769848161
2026-03-20 08:59:13,679 - AEMSOlogs - INFO - RCWA eval:[ 24. 399. 261. 295. 326. 357.] | diff. eff.:0.9191570726382954
2026-03-20 08:59:13,688 - AEMSOlogs - INFO - Iteration 51: Best Y = -0.9193640554371276 at x = [0.00334042 0.88288408 0.56341704 0.63957389 0.71255099 0.78371627]
2026-03-20 08:59:13,689 - AEMSOlogs - INFO - 
=========
Best obj. function= -0.9193640554371276, geometry= [[ 21. 400. 262. 295. 326. 357.]]
 =========
2026-03-20 08:59:13,689 - AEMSOlogs - INFO - Finished!





Job ID: 3983615
Cluster: cluster_dei
User/Group: vergerioed/dottor
State: COMPLETED (exit code 0)
Nodes: 1
Cores per node: 14
CPU Utilized: 04:50:49
CPU Efficiency: 52.68% of 09:12:04 core-walltime
Job Wall-clock time: 00:39:26
Memory Utilized: 12.75 GB
Memory Efficiency: 79.69% of 16.00 GB (16.00 GB/node)