2026-03-23 08:16:15,892 - AEMSOlogs - INFO - Working on simulations...
2026-03-23 08:35:46,799 - AEMSOlogs - INFO - Working on simulations...
2026-03-23 08:36:11,325 - AEMSOlogs - INFO - RCWA eval:[135 286 224 284 337 312] | diff. eff.:0.1942778487956389
2026-03-23 08:36:11,362 - AEMSOlogs - INFO - RCWA eval:[275 181 202 359 199 125] | diff. eff.:0.029337463300418618
2026-03-23 08:36:11,462 - AEMSOlogs - INFO - RCWA eval:[324 309 350 129  59 242] | diff. eff.:0.7269624531752396
2026-03-23 08:36:11,560 - AEMSOlogs - INFO - RCWA eval:[220 303 204 321 277 221] | diff. eff.:0.09249411220642503
2026-03-23 08:36:11,575 - AEMSOlogs - INFO - RCWA eval:[139 191 246 232 140 420] | diff. eff.:0.09933099984550792
2026-03-23 08:36:11,577 - AEMSOlogs - INFO - RCWA eval:[391 224 186  32 106 239] | diff. eff.:0.00023909850092480064
2026-03-23 08:36:11,720 - AEMSOlogs - INFO - RCWA eval:[283 373 110 355 173 186] | diff. eff.:0.1797282062056724
2026-03-23 08:36:35,535 - AEMSOlogs - INFO - RCWA eval:[201  98 219 180 275 294] | diff. eff.:0.25692690171805743
2026-03-23 08:36:35,621 - AEMSOlogs - INFO - RCWA eval:[190 321 310 199 246 346] | diff. eff.:0.028818347038387915
2026-03-23 08:36:35,858 - AEMSOlogs - INFO - RCWA eval:[252 295 256 164 305 257] | diff. eff.:2.4660559789316763e-05
2026-03-23 08:36:36,102 - AEMSOlogs - INFO - RCWA eval:[397 431 305 241 371  70] | diff. eff.:0.4757720768750945
2026-03-23 08:36:36,125 - AEMSOlogs - INFO - RCWA eval:[119 243 201 172 271 271] | diff. eff.:0.04995076799286217
2026-03-23 08:36:36,134 - AEMSOlogs - INFO - RCWA eval:[337  93 184 228 152 348] | diff. eff.:0.4110542671343546
2026-03-23 08:36:36,218 - AEMSOlogs - INFO - RCWA eval:[ 78 366 271 154 251 437] | diff. eff.:0.06608883238002553
2026-03-23 08:36:36,257 - AEMSOlogs - INFO - Iteration 1: Best Y = -0.7269624531752396 at x = [0.70689037 0.6724488  0.76637458 0.25446769 0.09181778 0.51729607]
2026-03-23 08:36:36,263 - AEMSOlogs - INFO - Working on simulations...
2026-03-23 08:37:00,736 - AEMSOlogs - INFO - RCWA eval:[393 289 164 287 132 204] | diff. eff.:0.08951562783323416
2026-03-23 08:37:00,785 - AEMSOlogs - INFO - RCWA eval:[315 283  23 145 242 147] | diff. eff.:0.19953176164823494
2026-03-23 08:37:00,846 - AEMSOlogs - INFO - RCWA eval:[375 342 208 223 216 364] | diff. eff.:0.24497944205279618
2026-03-23 08:37:00,908 - AEMSOlogs - INFO - RCWA eval:[321 363 202 162 169 110] | diff. eff.:0.2414144274729603
2026-03-23 08:37:01,046 - AEMSOlogs - INFO - RCWA eval:[176 178 237 239 166 212] | diff. eff.:0.01760505986145756
2026-03-23 08:37:01,100 - AEMSOlogs - INFO - RCWA eval:[353 144 232  20 282 141] | diff. eff.:0.34693506941644375
2026-03-23 08:37:01,109 - AEMSOlogs - INFO - RCWA eval:[299 300 303 156 126 109] | diff. eff.:0.441490512512644
2026-03-23 08:37:24,999 - AEMSOlogs - INFO - RCWA eval:[316 190 449  20  52 124] | diff. eff.:0.16991110773180157
2026-03-23 08:37:25,153 - AEMSOlogs - INFO - RCWA eval:[364 252 272 201 181 299] | diff. eff.:0.07381365002514284
2026-03-23 08:37:25,294 - AEMSOlogs - INFO - RCWA eval:[426 421 353 160  84 238] | diff. eff.:0.23930738161274984
2026-03-23 08:37:25,315 - AEMSOlogs - INFO - RCWA eval:[286 266 257 181 236 255] | diff. eff.:0.08998903866428253
2026-03-23 08:37:25,539 - AEMSOlogs - INFO - RCWA eval:[268 289 397 371 218 324] | diff. eff.:0.11374864768404737
2026-03-23 08:37:25,556 - AEMSOlogs - INFO - RCWA eval:[203 179 264 181 143 217] | diff. eff.:0.03446011001679901
2026-03-23 08:37:25,592 - AEMSOlogs - INFO - RCWA eval:[283 198 376 168 176 207] | diff. eff.:0.3049143129127829
2026-03-23 08:37:25,607 - AEMSOlogs - INFO - Iteration 2: Best Y = -0.7269624531752396 at x = [0.70689037 0.6724488  0.76637458 0.25446769 0.09181778 0.51729607]
2026-03-23 08:37:25,611 - AEMSOlogs - INFO - Working on simulations...
2026-03-23 08:37:50,028 - AEMSOlogs - INFO - RCWA eval:[171 177 322 107 223  77] | diff. eff.:0.13487872522450342
2026-03-23 08:37:50,062 - AEMSOlogs - INFO - RCWA eval:[405 280 331  22 151 275] | diff. eff.:0.2630247444173547
2026-03-23 08:37:50,237 - AEMSOlogs - INFO - RCWA eval:[345 421 386  98 119 173] | diff. eff.:0.15170886927111027
2026-03-23 08:37:50,246 - AEMSOlogs - INFO - RCWA eval:[348 371 135 184 258 184] | diff. eff.:0.6024442703430342
2026-03-23 08:37:50,249 - AEMSOlogs - INFO - RCWA eval:[349 162 173  44  25 175] | diff. eff.:0.08613152192438331
2026-03-23 08:37:50,272 - AEMSOlogs - INFO - RCWA eval:[406 258 277  51  93 231] | diff. eff.:0.1708975312126644
2026-03-23 08:37:50,403 - AEMSOlogs - INFO - RCWA eval:[256 160 262 185 231 211] | diff. eff.:0.00363260123945822
2026-03-23 08:38:14,288 - AEMSOlogs - INFO - RCWA eval:[376 159 315  64 318 181] | diff. eff.:0.20488454801410177
2026-03-23 08:38:14,337 - AEMSOlogs - INFO - RCWA eval:[315 316 234  92  64  78] | diff. eff.:0.19058961492952986
2026-03-23 08:38:14,661 - AEMSOlogs - INFO - RCWA eval:[348 246 311 151  68 257] | diff. eff.:0.1021146534525243
2026-03-23 08:38:14,701 - AEMSOlogs - INFO - RCWA eval:[373  98 343 120 168 265] | diff. eff.:0.024328429675347513
2026-03-23 08:38:14,765 - AEMSOlogs - INFO - RCWA eval:[233 372 145  76 227 202] | diff. eff.:0.15283865084062573
2026-03-23 08:38:14,864 - AEMSOlogs - INFO - RCWA eval:[305 284 197 192 211 270] | diff. eff.:0.11473476083434102
2026-03-23 08:38:15,031 - AEMSOlogs - INFO - RCWA eval:[206 284 325 116 212 206] | diff. eff.:0.4364585930143221
2026-03-23 08:38:15,045 - AEMSOlogs - INFO - Iteration 3: Best Y = -0.7269624531752396 at x = [0.70689037 0.6724488  0.76637458 0.25446769 0.09181778 0.51729607]
2026-03-23 08:38:15,048 - AEMSOlogs - INFO - Working on simulations...
2026-03-23 08:38:39,454 - AEMSOlogs - INFO - RCWA eval:[345 405 308  98  88 288] | diff. eff.:0.05881578484913321
2026-03-23 08:38:39,630 - AEMSOlogs - INFO - RCWA eval:[148 262 278  72 316 269] | diff. eff.:0.16847616481434846
2026-03-23 08:38:39,660 - AEMSOlogs - INFO - RCWA eval:[147 265 243  26 287 118] | diff. eff.:0.02260611479234915
2026-03-23 08:38:39,720 - AEMSOlogs - INFO - RCWA eval:[179 284 127 146 235 360] | diff. eff.:0.029901560440808026
2026-03-23 08:38:39,738 - AEMSOlogs - INFO - RCWA eval:[356 262 429 202  77 227] | diff. eff.:0.03932960305218091
2026-03-23 08:38:39,792 - AEMSOlogs - INFO - RCWA eval:[308 250 206 151 264 105] | diff. eff.:0.16378355104765951
2026-03-23 08:38:39,810 - AEMSOlogs - INFO - RCWA eval:[343 386 217 118 202 160] | diff. eff.:0.2485933131449344
2026-03-23 08:39:03,561 - AEMSOlogs - INFO - RCWA eval:[268 319 311  51 194 177] | diff. eff.:0.4686771596145833
2026-03-23 08:39:03,957 - AEMSOlogs - INFO - RCWA eval:[351 278 272  40 305 180] | diff. eff.:0.20491575389106112
2026-03-23 08:39:04,074 - AEMSOlogs - INFO - RCWA eval:[283 337 133  48 260 103] | diff. eff.:0.4418716172099216
2026-03-23 08:39:04,164 - AEMSOlogs - INFO - RCWA eval:[441 308 196  75 327 179] | diff. eff.:0.009851348181210562
2026-03-23 08:39:04,255 - AEMSOlogs - INFO - RCWA eval:[206 161 111 178 226  25] | diff. eff.:0.0029910448594017017
2026-03-23 08:39:04,320 - AEMSOlogs - INFO - RCWA eval:[394 328 382 159 145 301] | diff. eff.:0.3784979088783987
2026-03-23 08:39:04,370 - AEMSOlogs - INFO - RCWA eval:[246 302 250 144 308 104] | diff. eff.:0.001375605826487104
2026-03-23 08:39:04,384 - AEMSOlogs - INFO - Iteration 4: Best Y = -0.7269624531752396 at x = [0.70689037 0.6724488  0.76637458 0.25446769 0.09181778 0.51729607]
2026-03-23 08:39:04,388 - AEMSOlogs - INFO - Working on simulations...
2026-03-23 08:39:28,935 - AEMSOlogs - INFO - RCWA eval:[284 416 242 182 188 160] | diff. eff.:0.026660209350567426
2026-03-23 08:39:28,941 - AEMSOlogs - INFO - RCWA eval:[312 398 405  81 173  22] | diff. eff.:0.23264981138159901
2026-03-23 08:39:29,022 - AEMSOlogs - INFO - RCWA eval:[170 200 288  37 383 258] | diff. eff.:0.2510075871968441
2026-03-23 08:39:29,062 - AEMSOlogs - INFO - RCWA eval:[220 336 236  76 188  31] | diff. eff.:0.04421106868775599
2026-03-23 08:39:29,079 - AEMSOlogs - INFO - RCWA eval:[316 341  83 176 339 390] | diff. eff.:0.05537854418900838
2026-03-23 08:39:29,158 - AEMSOlogs - INFO - RCWA eval:[360 190 313  67 340  62] | diff. eff.:0.02158962784724221
2026-03-23 08:39:29,317 - AEMSOlogs - INFO - RCWA eval:[269 182 216 175 197 134] | diff. eff.:0.027105188354302086
2026-03-23 08:39:53,168 - AEMSOlogs - INFO - RCWA eval:[373 275 157  21 123 266] | diff. eff.:0.008384251360270987
2026-03-23 08:39:53,235 - AEMSOlogs - INFO - RCWA eval:[235 337 450  43 175 213] | diff. eff.:0.22998039710770551
2026-03-23 08:39:53,508 - AEMSOlogs - INFO - RCWA eval:[358 317 248  26 157 136] | diff. eff.:0.021311393735101714
2026-03-23 08:39:53,582 - AEMSOlogs - INFO - RCWA eval:[252 331 209  26 369 115] | diff. eff.:0.048972886166848494
2026-03-23 08:39:53,596 - AEMSOlogs - INFO - RCWA eval:[291 252 385  79 250 122] | diff. eff.:0.2448302138699473
2026-03-23 08:39:53,628 - AEMSOlogs - INFO - RCWA eval:[251 450 337 123 105 203] | diff. eff.:0.3482548265264429
2026-03-23 08:39:53,722 - AEMSOlogs - INFO - RCWA eval:[323 339 434  20 246 257] | diff. eff.:0.7026232121934503
2026-03-23 08:39:53,737 - AEMSOlogs - INFO - Iteration 5: Best Y = -0.7269624531752396 at x = [0.70689037 0.6724488  0.76637458 0.25446769 0.09181778 0.51729607]
2026-03-23 08:39:53,742 - AEMSOlogs - INFO - Working on simulations...
2026-03-23 08:40:18,177 - AEMSOlogs - INFO - RCWA eval:[318 153 341  64 343 375] | diff. eff.:0.10693432538043918
2026-03-23 08:40:18,206 - AEMSOlogs - INFO - RCWA eval:[127 444 412  22 171 134] | diff. eff.:0.01693388922581366
2026-03-23 08:40:18,318 - AEMSOlogs - INFO - RCWA eval:[242 409 412  22  91 417] | diff. eff.:0.06190275603271053
2026-03-23 08:40:18,318 - AEMSOlogs - INFO - RCWA eval:[250 449 425  61  36 166] | diff. eff.:0.10089629438540203
2026-03-23 08:40:18,438 - AEMSOlogs - INFO - RCWA eval:[381 262 447  29 280 312] | diff. eff.:0.08382016832636416
2026-03-23 08:40:18,478 - AEMSOlogs - INFO - RCWA eval:[263 262 438 233 204 207] | diff. eff.:0.05448856648356091
2026-03-23 08:40:18,519 - AEMSOlogs - INFO - RCWA eval:[341 274 419  26 252  89] | diff. eff.:0.4421856434995667
2026-03-23 08:40:42,417 - AEMSOlogs - INFO - RCWA eval:[271 229 362  63 189 171] | diff. eff.:0.37713979477086507
2026-03-23 08:40:42,530 - AEMSOlogs - INFO - RCWA eval:[241 339  82 234 203 206] | diff. eff.:0.2434205447980044
2026-03-23 08:40:42,721 - AEMSOlogs - INFO - RCWA eval:[336 363 440  77  41 275] | diff. eff.:0.4450078290613544
2026-03-23 08:40:42,754 - AEMSOlogs - INFO - RCWA eval:[238 303 449  20 187  56] | diff. eff.:0.15781530476482658
2026-03-23 08:40:42,959 - AEMSOlogs - INFO - RCWA eval:[139 234 303  43 223 208] | diff. eff.:0.1563476558291545
2026-03-23 08:40:42,975 - AEMSOlogs - INFO - RCWA eval:[327 349 376  31 238 315] | diff. eff.:0.7435423857964394
2026-03-23 08:40:43,004 - AEMSOlogs - INFO - RCWA eval:[217 110 326  33 201 256] | diff. eff.:0.17187975355083326
2026-03-23 08:40:43,019 - AEMSOlogs - INFO - Iteration 6: Best Y = -0.7435423857964394 at x = [0.7128835  0.76601828 0.82850934 0.02502542 0.50776707 0.68647097]
2026-03-23 08:40:43,023 - AEMSOlogs - INFO - Working on simulations...
2026-03-23 08:41:07,421 - AEMSOlogs - INFO - RCWA eval:[237 363 409  61 120 156] | diff. eff.:0.10317918412019043
2026-03-23 08:41:07,447 - AEMSOlogs - INFO - RCWA eval:[311 317 434 125 192 229] | diff. eff.:0.46598943238327617
2026-03-23 08:41:07,489 - AEMSOlogs - INFO - RCWA eval:[282 215 247  25 331 124] | diff. eff.:0.025947477842171572
2026-03-23 08:41:07,663 - AEMSOlogs - INFO - RCWA eval:[339 160 220 110 209 411] | diff. eff.:0.17044180181298826
2026-03-23 08:41:07,687 - AEMSOlogs - INFO - RCWA eval:[318 350 442  92 101 236] | diff. eff.:0.5520301663359223
2026-03-23 08:41:07,704 - AEMSOlogs - INFO - RCWA eval:[286 290 279 203 380  92] | diff. eff.:0.22709507157442985
2026-03-23 08:41:07,715 - AEMSOlogs - INFO - RCWA eval:[322 268 417  34  85 276] | diff. eff.:0.3210713818032831
2026-03-23 08:41:31,665 - AEMSOlogs - INFO - RCWA eval:[315 401 420  31  86 329] | diff. eff.:0.12372701141886712
2026-03-23 08:41:31,730 - AEMSOlogs - INFO - RCWA eval:[328 187 404  25 323 158] | diff. eff.:0.1703268768762609
2026-03-23 08:41:31,825 - AEMSOlogs - INFO - RCWA eval:[322 262 445 298  96 290] | diff. eff.:0.13566737822770275
2026-03-23 08:41:32,056 - AEMSOlogs - INFO - RCWA eval:[391 367 329  20 164 423] | diff. eff.:0.02661513545706343
2026-03-23 08:41:32,109 - AEMSOlogs - INFO - RCWA eval:[288 405  92 138 169 222] | diff. eff.:0.29864081773797657
2026-03-23 08:41:32,109 - AEMSOlogs - INFO - RCWA eval:[410 386 442  35 222 282] | diff. eff.:0.1232015017514105
2026-03-23 08:41:32,284 - AEMSOlogs - INFO - RCWA eval:[361 280 449  32  72 104] | diff. eff.:0.03464869018743405
2026-03-23 08:41:32,299 - AEMSOlogs - INFO - Iteration 7: Best Y = -0.7435423857964394 at x = [0.7128835  0.76601828 0.82850934 0.02502542 0.50776707 0.68647097]
2026-03-23 08:41:32,303 - AEMSOlogs - INFO - Working on simulations...
2026-03-23 08:41:56,757 - AEMSOlogs - INFO - RCWA eval:[304 301 382 158 137 219] | diff. eff.:0.577541950304604
2026-03-23 08:41:56,814 - AEMSOlogs - INFO - RCWA eval:[363 272 273  59 165 108] | diff. eff.:0.06911328736344617
2026-03-23 08:41:56,904 - AEMSOlogs - INFO - RCWA eval:[254 235 362 167  73 349] | diff. eff.:0.028669383055384388
2026-03-23 08:41:56,953 - AEMSOlogs - INFO - RCWA eval:[244 193 298  21 176 148] | diff. eff.:0.23891108641330813
2026-03-23 08:41:57,008 - AEMSOlogs - INFO - RCWA eval:[310 450 425  21  27 138] | diff. eff.:0.16721054489460083
2026-03-23 08:41:57,047 - AEMSOlogs - INFO - RCWA eval:[380 378 325  22  75 222] | diff. eff.:0.01962369523013159
2026-03-23 08:41:57,161 - AEMSOlogs - INFO - RCWA eval:[108 225 397  26  80 443] | diff. eff.:0.05314323642185083
2026-03-23 08:42:20,996 - AEMSOlogs - INFO - RCWA eval:[338 303 306  61  99 148] | diff. eff.:0.2983037556388657
2026-03-23 08:42:21,151 - AEMSOlogs - INFO - RCWA eval:[349 277 398 238 276 219] | diff. eff.:0.1160569942398233
2026-03-23 08:42:21,342 - AEMSOlogs - INFO - RCWA eval:[263 392 445 142  48 357] | diff. eff.:0.10176784292547507
2026-03-23 08:42:21,365 - AEMSOlogs - INFO - RCWA eval:[278 295 449 104  70 294] | diff. eff.:0.2225637665842931
2026-03-23 08:42:21,529 - AEMSOlogs - INFO - RCWA eval:[332 312 336  20 252 169] | diff. eff.:0.48105950516880575
2026-03-23 08:42:21,571 - AEMSOlogs - INFO - RCWA eval:[223 168 264  24 204 408] | diff. eff.:0.06496943560003665
2026-03-23 08:42:21,593 - AEMSOlogs - INFO - RCWA eval:[332 360 435  47  58 281] | diff. eff.:0.5573767152550426
2026-03-23 08:42:21,607 - AEMSOlogs - INFO - Iteration 8: Best Y = -0.7435423857964394 at x = [0.7128835  0.76601828 0.82850934 0.02502542 0.50776707 0.68647097]
2026-03-23 08:42:21,611 - AEMSOlogs - INFO - Working on simulations...
2026-03-23 08:42:46,016 - AEMSOlogs - INFO - RCWA eval:[243 328 386  27  46 293] | diff. eff.:0.41588822933481767
2026-03-23 08:42:46,206 - AEMSOlogs - INFO - RCWA eval:[254 274 411 191 125 286] | diff. eff.:0.18722392011887082
2026-03-23 08:42:46,272 - AEMSOlogs - INFO - RCWA eval:[283 370 359 119  66 217] | diff. eff.:0.35994928688235794
2026-03-23 08:42:46,311 - AEMSOlogs - INFO - RCWA eval:[252 373 222  44 254 142] | diff. eff.:0.1338326842605913
2026-03-23 08:42:46,328 - AEMSOlogs - INFO - RCWA eval:[322 397 388  20  22 160] | diff. eff.:0.3423514945857179
2026-03-23 08:42:46,334 - AEMSOlogs - INFO - RCWA eval:[366 297 354  20 129 283] | diff. eff.:0.24572224506765072
2026-03-23 08:42:46,348 - AEMSOlogs - INFO - RCWA eval:[374 285 425 132  66  79] | diff. eff.:0.0015277425044764594
2026-03-23 08:43:10,147 - AEMSOlogs - INFO - RCWA eval:[370 299 285 332 184 187] | diff. eff.:0.26035730758681586
2026-03-23 08:43:10,530 - AEMSOlogs - INFO - RCWA eval:[207 282 269  65  82 278] | diff. eff.:0.1580165935791626
2026-03-23 08:43:10,621 - AEMSOlogs - INFO - RCWA eval:[261 344 266  20 172 103] | diff. eff.:0.08616853812948566
2026-03-23 08:43:10,792 - AEMSOlogs - INFO - RCWA eval:[348 447 343 173 261 230] | diff. eff.:0.2509681282034754
2026-03-23 08:43:10,868 - AEMSOlogs - INFO - RCWA eval:[335 297 405  29 103 314] | diff. eff.:0.3169651880541589
2026-03-23 08:43:10,891 - AEMSOlogs - INFO - RCWA eval:[288 168 245 105 179 225] | diff. eff.:0.06812251919048123
2026-03-23 08:43:10,952 - AEMSOlogs - INFO - RCWA eval:[223 408 397 138  20 270] | diff. eff.:0.18306470804026334
2026-03-23 08:43:10,966 - AEMSOlogs - INFO - Iteration 9: Best Y = -0.7435423857964394 at x = [0.7128835  0.76601828 0.82850934 0.02502542 0.50776707 0.68647097]
2026-03-23 08:43:10,970 - AEMSOlogs - INFO - Working on simulations...
2026-03-23 08:43:35,434 - AEMSOlogs - INFO - RCWA eval:[241 368 446  57  65 280] | diff. eff.:0.2176996065097613
2026-03-23 08:43:35,442 - AEMSOlogs - INFO - RCWA eval:[303 245 415  22 211 213] | diff. eff.:0.36307080948936676
2026-03-23 08:43:35,520 - AEMSOlogs - INFO - RCWA eval:[338 426 413  48  68 141] | diff. eff.:0.13859707125443058
2026-03-23 08:43:35,635 - AEMSOlogs - INFO - RCWA eval:[262 409 332  63  90 298] | diff. eff.:0.23019020356208503
2026-03-23 08:43:35,639 - AEMSOlogs - INFO - RCWA eval:[261 394 448  39  61 143] | diff. eff.:0.045115932913627185
2026-03-23 08:43:35,681 - AEMSOlogs - INFO - RCWA eval:[361 168 325 153 208 207] | diff. eff.:0.007823075960792637
2026-03-23 08:43:35,727 - AEMSOlogs - INFO - RCWA eval:[384 300 292 140  65 107] | diff. eff.:0.2559000315428535
2026-03-23 08:43:59,673 - AEMSOlogs - INFO - RCWA eval:[222 357 443  79 127 305] | diff. eff.:0.45697425659217256
2026-03-23 08:43:59,693 - AEMSOlogs - INFO - RCWA eval:[283 242 298  54  96 281] | diff. eff.:0.23826635179481845
2026-03-23 08:43:59,969 - AEMSOlogs - INFO - RCWA eval:[211 266 426  49  26 219] | diff. eff.:0.13540715272927065
2026-03-23 08:44:00,119 - AEMSOlogs - INFO - RCWA eval:[291 359 408  32  20 225] | diff. eff.:0.3908133249789716
2026-03-23 08:44:00,167 - AEMSOlogs - INFO - RCWA eval:[340 408 424 110  85 204] | diff. eff.:0.15582292083624313
2026-03-23 08:44:00,180 - AEMSOlogs - INFO - RCWA eval:[190 279 395  74 111 281] | diff. eff.:0.25659491147398017
2026-03-23 08:44:00,261 - AEMSOlogs - INFO - RCWA eval:[360 329 400  91  21 241] | diff. eff.:0.1405372871189577
2026-03-23 08:44:00,274 - AEMSOlogs - INFO - Iteration 10: Best Y = -0.7435423857964394 at x = [0.7128835  0.76601828 0.82850934 0.02502542 0.50776707 0.68647097]
2026-03-23 08:44:00,278 - AEMSOlogs - INFO - Working on simulations...
2026-03-23 08:44:24,644 - AEMSOlogs - INFO - RCWA eval:[285 278 448  45 252 229] | diff. eff.:0.22509100195149995
2026-03-23 08:44:24,841 - AEMSOlogs - INFO - RCWA eval:[188 374 327  33  90 252] | diff. eff.:0.10388057987179113
2026-03-23 08:44:24,885 - AEMSOlogs - INFO - RCWA eval:[384 364 267 206  40 184] | diff. eff.:0.07259872328521802
2026-03-23 08:44:24,909 - AEMSOlogs - INFO - RCWA eval:[216 450 442  78 124 294] | diff. eff.:0.10599159035000849
2026-03-23 08:44:24,988 - AEMSOlogs - INFO - RCWA eval:[220 277 350  20  88 306] | diff. eff.:0.3006440473268663
2026-03-23 08:44:24,998 - AEMSOlogs - INFO - RCWA eval:[261 290 355  27  61 386] | diff. eff.:0.35678901827296355
2026-03-23 08:44:25,021 - AEMSOlogs - INFO - RCWA eval:[280 408 384  75 158 341] | diff. eff.:0.012935680740248676
2026-03-23 08:44:48,755 - AEMSOlogs - INFO - RCWA eval:[181 235 429  97  87 295] | diff. eff.:0.051571976717850736
2026-03-23 08:44:49,091 - AEMSOlogs - INFO - RCWA eval:[283 449 439 102 132 203] | diff. eff.:0.16709376969305534
2026-03-23 08:44:49,292 - AEMSOlogs - INFO - RCWA eval:[302 271 255  30 228 230] | diff. eff.:0.1469878432990385
2026-03-23 08:44:49,327 - AEMSOlogs - INFO - RCWA eval:[260 391 450  35 207 142] | diff. eff.:0.025940858733574698
2026-03-23 08:44:49,419 - AEMSOlogs - INFO - RCWA eval:[405 339 322  63  31 279] | diff. eff.:0.296505179787107
2026-03-23 08:44:49,540 - AEMSOlogs - INFO - RCWA eval:[236 283 448  36 131 266] | diff. eff.:0.21115126522975408
2026-03-23 08:44:49,567 - AEMSOlogs - INFO - RCWA eval:[151 344 393  29 146 299] | diff. eff.:0.3039550427459519
2026-03-23 08:44:49,581 - AEMSOlogs - INFO - Iteration 11: Best Y = -0.7435423857964394 at x = [0.7128835  0.76601828 0.82850934 0.02502542 0.50776707 0.68647097]
2026-03-23 08:44:49,584 - AEMSOlogs - INFO - Working on simulations...
2026-03-23 08:45:14,017 - AEMSOlogs - INFO - RCWA eval:[353 305 445  85  20 282] | diff. eff.:0.1734097858931315
2026-03-23 08:45:14,102 - AEMSOlogs - INFO - RCWA eval:[229 223 450  22  20 316] | diff. eff.:0.054582841080618165
2026-03-23 08:45:14,136 - AEMSOlogs - INFO - RCWA eval:[263 245 447  38  20 352] | diff. eff.:0.025865973922091647
2026-03-23 08:45:14,182 - AEMSOlogs - INFO - RCWA eval:[271 350 226  41  20 282] | diff. eff.:0.31659411037309376
2026-03-23 08:45:14,295 - AEMSOlogs - INFO - RCWA eval:[306 337 323 153  31 266] | diff. eff.:0.7849353042055073
2026-03-23 08:45:14,309 - AEMSOlogs - INFO - RCWA eval:[350 411 381  32  24 190] | diff. eff.:0.1502845242178585
2026-03-23 08:45:14,362 - AEMSOlogs - INFO - RCWA eval:[253 265 299  34  98 190] | diff. eff.:0.5054258077420724
2026-03-23 08:45:38,190 - AEMSOlogs - INFO - RCWA eval:[323 235 448  35  24 372] | diff. eff.:0.041246512760912436
2026-03-23 08:45:38,441 - AEMSOlogs - INFO - RCWA eval:[264 287 425  92  96 265] | diff. eff.:0.1551886481405811
2026-03-23 08:45:38,476 - AEMSOlogs - INFO - RCWA eval:[149 329 440  84 217 450] | diff. eff.:0.22865741203100276
2026-03-23 08:45:38,576 - AEMSOlogs - INFO - RCWA eval:[321 448 436 111 198 268] | diff. eff.:0.4711182260254492
2026-03-23 08:45:38,781 - AEMSOlogs - INFO - RCWA eval:[267 406 426  23 165 352] | diff. eff.:0.019922164087276782
2026-03-23 08:45:38,882 - AEMSOlogs - INFO - RCWA eval:[150 351 446  21 152 271] | diff. eff.:0.24900323457232182
2026-03-23 08:45:38,884 - AEMSOlogs - INFO - RCWA eval:[288 387 368  58  22 159] | diff. eff.:0.2891060072967765
2026-03-23 08:45:38,897 - AEMSOlogs - INFO - Iteration 12: Best Y = -0.7849353042055073 at x = [0.66547072 0.73782761 0.70419241 0.3083643  0.02477449 0.57289093]
2026-03-23 08:45:38,901 - AEMSOlogs - INFO - Working on simulations...
2026-03-23 08:46:03,353 - AEMSOlogs - INFO - RCWA eval:[375 450 448  69  31 153] | diff. eff.:0.053382157731497966
2026-03-23 08:46:03,397 - AEMSOlogs - INFO - RCWA eval:[340 324 402  26 248 181] | diff. eff.:0.6119179210067568
2026-03-23 08:46:03,456 - AEMSOlogs - INFO - RCWA eval:[303 417 326  85 105 314] | diff. eff.:0.15955610585590294
2026-03-23 08:46:03,506 - AEMSOlogs - INFO - RCWA eval:[302 262 380  20 173 176] | diff. eff.:0.4192659674598537
2026-03-23 08:46:03,644 - AEMSOlogs - INFO - RCWA eval:[338 351 251  76  23 270] | diff. eff.:0.228510677193448
2026-03-23 08:46:03,645 - AEMSOlogs - INFO - RCWA eval:[226 309 347  24  35 265] | diff. eff.:0.7184084039649892
2026-03-23 08:46:03,701 - AEMSOlogs - INFO - RCWA eval:[222 348 443 114  22 273] | diff. eff.:0.3936134247164788
2026-03-23 08:46:27,551 - AEMSOlogs - INFO - RCWA eval:[429 386 292  49  87 205] | diff. eff.:0.0684854528663684
2026-03-23 08:46:27,653 - AEMSOlogs - INFO - RCWA eval:[236 356 294 264  75 345] | diff. eff.:0.1862122351241039
2026-03-23 08:46:27,869 - AEMSOlogs - INFO - RCWA eval:[372 363 354 254  57 207] | diff. eff.:0.07642736194997322
2026-03-23 08:46:27,927 - AEMSOlogs - INFO - RCWA eval:[249 309 447  62 118 328] | diff. eff.:0.07836779595901522
2026-03-23 08:46:28,079 - AEMSOlogs - INFO - RCWA eval:[298 296 319 171 254 249] | diff. eff.:0.3688917708594486
2026-03-23 08:46:28,121 - AEMSOlogs - INFO - RCWA eval:[303 378 406 318  58 200] | diff. eff.:0.034746947806112254
2026-03-23 08:46:28,155 - AEMSOlogs - INFO - RCWA eval:[304 409 317  99  26 284] | diff. eff.:0.2222952705517587
2026-03-23 08:46:28,170 - AEMSOlogs - INFO - Iteration 13: Best Y = -0.7849353042055073 at x = [0.66547072 0.73782761 0.70419241 0.3083643  0.02477449 0.57289093]
2026-03-23 08:46:28,174 - AEMSOlogs - INFO - Working on simulations...
2026-03-23 08:46:52,522 - AEMSOlogs - INFO - RCWA eval:[223 374 447  53  20 319] | diff. eff.:0.2385261963825944
2026-03-23 08:46:52,670 - AEMSOlogs - INFO - RCWA eval:[217 288 437 105 130 259] | diff. eff.:0.14218317677859013
2026-03-23 08:46:52,766 - AEMSOlogs - INFO - RCWA eval:[316 310 312  46  92 170] | diff. eff.:0.4420630125800298
2026-03-23 08:46:52,863 - AEMSOlogs - INFO - RCWA eval:[343 238 369  56 196 205] | diff. eff.:0.1945924535854881
2026-03-23 08:46:52,877 - AEMSOlogs - INFO - RCWA eval:[272 349 447 218  96 242] | diff. eff.:0.28465915939158476
2026-03-23 08:46:52,946 - AEMSOlogs - INFO - RCWA eval:[216 276 400  38 199 219] | diff. eff.:0.20102714074937741
2026-03-23 08:46:52,954 - AEMSOlogs - INFO - RCWA eval:[279 352 275  20  22 273] | diff. eff.:0.29383354533362377
2026-03-23 08:47:16,686 - AEMSOlogs - INFO - RCWA eval:[199 293 449  87  63 302] | diff. eff.:0.00701907052793842
2026-03-23 08:47:16,988 - AEMSOlogs - INFO - RCWA eval:[324 293 419  43 194 222] | diff. eff.:0.48322783395038826
2026-03-23 08:47:17,014 - AEMSOlogs - INFO - RCWA eval:[354 309 370  76  64 227] | diff. eff.:0.39771788260879815
2026-03-23 08:47:17,273 - AEMSOlogs - INFO - RCWA eval:[327 255 430 103  57 216] | diff. eff.:0.08458987246446652
2026-03-23 08:47:17,351 - AEMSOlogs - INFO - RCWA eval:[332 201 419 103 180 211] | diff. eff.:0.2920741813147483
2026-03-23 08:47:17,413 - AEMSOlogs - INFO - RCWA eval:[256 368 432  47  67 298] | diff. eff.:0.31606035419239253
2026-03-23 08:47:17,436 - AEMSOlogs - INFO - RCWA eval:[328 326 297  96 171 245] | diff. eff.:0.2863342292014835
2026-03-23 08:47:17,450 - AEMSOlogs - INFO - Iteration 14: Best Y = -0.7849353042055073 at x = [0.66547072 0.73782761 0.70419241 0.3083643  0.02477449 0.57289093]
2026-03-23 08:47:17,455 - AEMSOlogs - INFO - Working on simulations...
2026-03-23 08:47:41,912 - AEMSOlogs - INFO - RCWA eval:[332 322 316  34 164 251] | diff. eff.:0.4731397049863475
2026-03-23 08:47:41,923 - AEMSOlogs - INFO - RCWA eval:[271 320 448  22 100 278] | diff. eff.:0.3360410751749894
2026-03-23 08:47:41,984 - AEMSOlogs - INFO - RCWA eval:[329 370 397  35 150 187] | diff. eff.:0.39137653588571925
2026-03-23 08:47:42,022 - AEMSOlogs - INFO - RCWA eval:[298 298 441 180 126 281] | diff. eff.:0.3441836422605322
2026-03-23 08:47:42,174 - AEMSOlogs - INFO - RCWA eval:[318 399 422  48  20 182] | diff. eff.:0.287403210353628
2026-03-23 08:47:42,179 - AEMSOlogs - INFO - RCWA eval:[342 284 429 156 116 207] | diff. eff.:0.049349670184409666
2026-03-23 08:47:42,179 - AEMSOlogs - INFO - RCWA eval:[354 288 386  25 139 198] | diff. eff.:0.33352422202031123
2026-03-23 08:48:06,182 - AEMSOlogs - INFO - RCWA eval:[348 366 373  24  91 226] | diff. eff.:0.3761591063422071
2026-03-23 08:48:06,285 - AEMSOlogs - INFO - RCWA eval:[349 359 447 101 106 191] | diff. eff.:0.2374404557070242
2026-03-23 08:48:06,352 - AEMSOlogs - INFO - RCWA eval:[300 339 429  31 204 235] | diff. eff.:0.6629967055584814
2026-03-23 08:48:06,530 - AEMSOlogs - INFO - RCWA eval:[298 294 297  30 152 252] | diff. eff.:0.4086724771059618
2026-03-23 08:48:06,597 - AEMSOlogs - INFO - RCWA eval:[318 330 448  93  32 178] | diff. eff.:0.44650784049463266
2026-03-23 08:48:06,639 - AEMSOlogs - INFO - RCWA eval:[327 347 345  37  67 251] | diff. eff.:0.6464558408214197
2026-03-23 08:48:06,749 - AEMSOlogs - INFO - RCWA eval:[329 273 376  94 124 167] | diff. eff.:0.3203023226775539
2026-03-23 08:48:06,762 - AEMSOlogs - INFO - Iteration 15: Best Y = -0.7849353042055073 at x = [0.66547072 0.73782761 0.70419241 0.3083643  0.02477449 0.57289093]
2026-03-23 08:48:06,766 - AEMSOlogs - INFO - Working on simulations...
2026-03-23 08:48:31,187 - AEMSOlogs - INFO - RCWA eval:[291 307 342  38 222 250] | diff. eff.:0.7590738079943061
2026-03-23 08:48:31,219 - AEMSOlogs - INFO - RCWA eval:[355 352 418 112 123 134] | diff. eff.:0.23987626931620382
2026-03-23 08:48:31,282 - AEMSOlogs - INFO - RCWA eval:[304 332 414  96 120 293] | diff. eff.:0.7144581240372282
2026-03-23 08:48:31,406 - AEMSOlogs - INFO - RCWA eval:[267 375 440  36 226 249] | diff. eff.:0.14388264127596279
2026-03-23 08:48:31,485 - AEMSOlogs - INFO - RCWA eval:[312 375 417  36 278 205] | diff. eff.:0.38333548124210937
2026-03-23 08:48:31,511 - AEMSOlogs - INFO - RCWA eval:[337 311 450  86  40 192] | diff. eff.:0.3044165502169324
2026-03-23 08:48:31,530 - AEMSOlogs - INFO - RCWA eval:[351 342 343  82  93 217] | diff. eff.:0.3706001679569084
2026-03-23 08:48:55,395 - AEMSOlogs - INFO - RCWA eval:[325 368 407  32 111 270] | diff. eff.:0.487774430638167
2026-03-23 08:48:55,424 - AEMSOlogs - INFO - RCWA eval:[311 335 413  83 163 232] | diff. eff.:0.686675664214189
2026-03-23 08:48:55,678 - AEMSOlogs - INFO - RCWA eval:[314 322 322 142  73 252] | diff. eff.:0.6632554687014979
2026-03-23 08:48:55,832 - AEMSOlogs - INFO - RCWA eval:[301 314 311  21  99 264] | diff. eff.:0.6698351342616727
2026-03-23 08:48:55,968 - AEMSOlogs - INFO - RCWA eval:[307 391 408  20  59 200] | diff. eff.:0.30079591339991185
2026-03-23 08:48:55,984 - AEMSOlogs - INFO - RCWA eval:[235 295 377  96 140 266] | diff. eff.:0.3328860777494737
2026-03-23 08:48:56,057 - AEMSOlogs - INFO - RCWA eval:[357 357 370  23 181 286] | diff. eff.:0.3745339715514377
2026-03-23 08:48:56,072 - AEMSOlogs - INFO - Iteration 16: Best Y = -0.7849353042055073 at x = [0.66547072 0.73782761 0.70419241 0.3083643  0.02477449 0.57289093]
2026-03-23 08:48:56,077 - AEMSOlogs - INFO - Working on simulations...
2026-03-23 08:49:20,018 - AEMSOlogs - INFO - RCWA eval:[341 317 443 152 141 314] | diff. eff.:0.46224985846687117
2026-03-23 08:49:20,470 - AEMSOlogs - INFO - RCWA eval:[323 323 223  67  80 322] | diff. eff.:0.22392045630855206
2026-03-23 08:49:20,623 - AEMSOlogs - INFO - RCWA eval:[353 329 280 102  72 210] | diff. eff.:0.06281776058894283
2026-03-23 08:49:20,645 - AEMSOlogs - INFO - RCWA eval:[336 304 341 153 162 207] | diff. eff.:0.4878128677536888
2026-03-23 08:49:20,709 - AEMSOlogs - INFO - RCWA eval:[289 330 402  29 200 251] | diff. eff.:0.66432850973982
2026-03-23 08:49:20,738 - AEMSOlogs - INFO - RCWA eval:[347 302 397  97 190 216] | diff. eff.:0.21750512166101724
2026-03-23 08:49:20,834 - AEMSOlogs - INFO - RCWA eval:[331 324 446  64 200 181] | diff. eff.:0.35832999199764354
2026-03-23 08:49:43,958 - AEMSOlogs - INFO - RCWA eval:[271 299 377  70 106 223] | diff. eff.:0.5389518375830289
2026-03-23 08:49:44,615 - AEMSOlogs - INFO - RCWA eval:[291 356 385 107  97 275] | diff. eff.:0.7416804854601374
2026-03-23 08:49:44,921 - AEMSOlogs - INFO - RCWA eval:[355 294 427  27  98 192] | diff. eff.:0.1588372640127104
2026-03-23 08:49:45,028 - AEMSOlogs - INFO - RCWA eval:[276 379 389  51  83 316] | diff. eff.:0.27591055937186304
2026-03-23 08:49:45,150 - AEMSOlogs - INFO - RCWA eval:[320 322 426 198 136 298] | diff. eff.:0.6469932904791021
2026-03-23 08:49:45,192 - AEMSOlogs - INFO - RCWA eval:[276 322 355  61 125 261] | diff. eff.:0.7469680182182533
2026-03-23 08:49:45,304 - AEMSOlogs - INFO - RCWA eval:[281 314 416  89 140 259] | diff. eff.:0.5033382545579878
2026-03-23 08:49:45,317 - AEMSOlogs - INFO - Iteration 17: Best Y = -0.7849353042055073 at x = [0.66547072 0.73782761 0.70419241 0.3083643  0.02477449 0.57289093]
2026-03-23 08:49:45,321 - AEMSOlogs - INFO - Working on simulations...
2026-03-23 08:50:09,846 - AEMSOlogs - INFO - RCWA eval:[265 261 388 218 258 226] | diff. eff.:0.1395982674695831
2026-03-23 08:50:09,874 - AEMSOlogs - INFO - RCWA eval:[236 290 280 201 109 304] | diff. eff.:0.06718052556182527
2026-03-23 08:50:09,909 - AEMSOlogs - INFO - RCWA eval:[268 249 403 149  96 282] | diff. eff.:0.22896983247307046
2026-03-23 08:50:09,946 - AEMSOlogs - INFO - RCWA eval:[302 279 409  21  53 283] | diff. eff.:0.3227310402961177
2026-03-23 08:50:09,962 - AEMSOlogs - INFO - RCWA eval:[331 313 450  39 221 256] | diff. eff.:0.41661698228509475
2026-03-23 08:50:09,974 - AEMSOlogs - INFO - RCWA eval:[295 381 382  80  82 245] | diff. eff.:0.38520546602147465
2026-03-23 08:50:10,050 - AEMSOlogs - INFO - RCWA eval:[236 313 348 104 136 276] | diff. eff.:0.5819328011278759
2026-03-23 08:50:34,047 - AEMSOlogs - INFO - RCWA eval:[300 337 434  81 109 291] | diff. eff.:0.7071799602995168
2026-03-23 08:50:34,136 - AEMSOlogs - INFO - RCWA eval:[273 361 348 217 117 308] | diff. eff.:0.3389207521629054
2026-03-23 08:50:34,375 - AEMSOlogs - INFO - RCWA eval:[307 321 369  57 198 275] | diff. eff.:0.8972491832183018
2026-03-23 08:50:34,547 - AEMSOlogs - INFO - RCWA eval:[271 336 321  51  93 276] | diff. eff.:0.5929983875358154
2026-03-23 08:50:34,570 - AEMSOlogs - INFO - RCWA eval:[310 320 447  98 239 191] | diff. eff.:0.47027131983282894
2026-03-23 08:50:34,646 - AEMSOlogs - INFO - RCWA eval:[299 286 285 113  71 297] | diff. eff.:0.18519955278407427
2026-03-23 08:50:34,723 - AEMSOlogs - INFO - RCWA eval:[356 279 417 171 134 283] | diff. eff.:0.3194820279760208
2026-03-23 08:50:34,737 - AEMSOlogs - INFO - Iteration 18: Best Y = -0.8972491832183018 at x = [0.66687793 0.70013116 0.81076075 0.08594401 0.41490694 0.59276326]
2026-03-23 08:50:34,741 - AEMSOlogs - INFO - Working on simulations...
2026-03-23 08:50:59,192 - AEMSOlogs - INFO - RCWA eval:[357 333 327  65 214 354] | diff. eff.:0.01622479643278334
2026-03-23 08:50:59,321 - AEMSOlogs - INFO - RCWA eval:[329 388 373 105 132 239] | diff. eff.:0.5010546974631366
2026-03-23 08:50:59,380 - AEMSOlogs - INFO - RCWA eval:[271 332 302 126 181 247] | diff. eff.:0.4879825382646611
2026-03-23 08:50:59,381 - AEMSOlogs - INFO - RCWA eval:[308 281 422  35 163 254] | diff. eff.:0.35386715626615106
2026-03-23 08:50:59,466 - AEMSOlogs - INFO - RCWA eval:[316 352 341  43  96 281] | diff. eff.:0.6207133081801153
2026-03-23 08:50:59,486 - AEMSOlogs - INFO - RCWA eval:[264 366 384  27  94 303] | diff. eff.:0.46811412442932376
2026-03-23 08:50:59,509 - AEMSOlogs - INFO - RCWA eval:[231 335 400  45 152 300] | diff. eff.:0.1741488104713875
2026-03-23 08:51:23,285 - AEMSOlogs - INFO - RCWA eval:[315 352 386  45  83 331] | diff. eff.:0.5577485934439872
2026-03-23 08:51:23,660 - AEMSOlogs - INFO - RCWA eval:[326 328 247  40 139 260] | diff. eff.:0.36489161243003865
2026-03-23 08:51:23,784 - AEMSOlogs - INFO - RCWA eval:[268 292 431  87 155 266] | diff. eff.:0.2625743992012471
2026-03-23 08:51:23,788 - AEMSOlogs - INFO - RCWA eval:[267 311 407  54 128 252] | diff. eff.:0.47802048031851513
2026-03-23 08:51:23,977 - AEMSOlogs - INFO - RCWA eval:[317 327 432 107 236 244] | diff. eff.:0.5264224043062381
2026-03-23 08:51:24,044 - AEMSOlogs - INFO - RCWA eval:[301 327 448  77 139 284] | diff. eff.:0.6008281474639189
2026-03-23 08:51:24,085 - AEMSOlogs - INFO - RCWA eval:[204 290 398  26 181 280] | diff. eff.:0.3191553743431701
2026-03-23 08:51:24,098 - AEMSOlogs - INFO - Iteration 19: Best Y = -0.8972491832183018 at x = [0.66687793 0.70013116 0.81076075 0.08594401 0.41490694 0.59276326]
2026-03-23 08:51:24,102 - AEMSOlogs - INFO - Working on simulations...
2026-03-23 08:51:48,515 - AEMSOlogs - INFO - RCWA eval:[306 348 408  89 108 222] | diff. eff.:0.6592195840361773
2026-03-23 08:51:48,537 - AEMSOlogs - INFO - RCWA eval:[316 337 404  24 208 267] | diff. eff.:0.8330440504712227
2026-03-23 08:51:48,628 - AEMSOlogs - INFO - RCWA eval:[328 306 449  20 135 277] | diff. eff.:0.4405513426361447
2026-03-23 08:51:48,735 - AEMSOlogs - INFO - RCWA eval:[310 324 395  49 241 226] | diff. eff.:0.7225443050856585
2026-03-23 08:51:48,779 - AEMSOlogs - INFO - RCWA eval:[271 323 365  27 167 301] | diff. eff.:0.438598500953139
2026-03-23 08:51:48,798 - AEMSOlogs - INFO - RCWA eval:[310 368 449  32 142 228] | diff. eff.:0.25588176195861617
2026-03-23 08:51:48,822 - AEMSOlogs - INFO - RCWA eval:[301 333 354  90 141 300] | diff. eff.:0.7962288416540422
2026-03-23 08:52:12,699 - AEMSOlogs - INFO - RCWA eval:[311 352 426  20 152 271] | diff. eff.:0.715820970005999
2026-03-23 08:52:12,710 - AEMSOlogs - INFO - RCWA eval:[268 365 424  59 111 270] | diff. eff.:0.3200539074051714
2026-03-23 08:52:12,957 - AEMSOlogs - INFO - RCWA eval:[325 331 299  43 149 287] | diff. eff.:0.38488748176880266
2026-03-23 08:52:13,121 - AEMSOlogs - INFO - RCWA eval:[333 307 450  32 160 254] | diff. eff.:0.3781583694714008
2026-03-23 08:52:13,220 - AEMSOlogs - INFO - RCWA eval:[279 372 322 125  54 324] | diff. eff.:0.10101931293488144
2026-03-23 08:52:13,273 - AEMSOlogs - INFO - RCWA eval:[336 352 398  73 146 294] | diff. eff.:0.697544730799594
2026-03-23 08:52:13,293 - AEMSOlogs - INFO - RCWA eval:[292 324 348 101  84 316] | diff. eff.:0.6044576576350469
2026-03-23 08:52:13,307 - AEMSOlogs - INFO - Iteration 20: Best Y = -0.8972491832183018 at x = [0.66687793 0.70013116 0.81076075 0.08594401 0.41490694 0.59276326]
2026-03-23 08:52:13,311 - AEMSOlogs - INFO - Working on simulations...
2026-03-23 08:52:37,867 - AEMSOlogs - INFO - RCWA eval:[283 318 432  25 205 272] | diff. eff.:0.4849781519188187
2026-03-23 08:52:37,869 - AEMSOlogs - INFO - RCWA eval:[332 352 441  43 228 247] | diff. eff.:0.584189251104154
2026-03-23 08:52:37,885 - AEMSOlogs - INFO - RCWA eval:[313 297 373  27 183 234] | diff. eff.:0.6569394300098754
2026-03-23 08:52:37,916 - AEMSOlogs - INFO - RCWA eval:[319 320 358  20 199 269] | diff. eff.:0.8915054350432174
2026-03-23 08:52:37,992 - AEMSOlogs - INFO - RCWA eval:[300 347 434  86 215 254] | diff. eff.:0.6900690073391592
2026-03-23 08:52:38,022 - AEMSOlogs - INFO - RCWA eval:[337 340 444  45 180 296] | diff. eff.:0.5786928527257874
2026-03-23 08:52:38,023 - AEMSOlogs - INFO - RCWA eval:[305 306 449  87 265 282] | diff. eff.:0.40946619871077017
2026-03-23 08:53:02,133 - AEMSOlogs - INFO - RCWA eval:[328 368 421  25 230 280] | diff. eff.:0.5379025265449456
2026-03-23 08:53:02,229 - AEMSOlogs - INFO - RCWA eval:[323 356 357  33 159 297] | diff. eff.:0.6569475911461274
2026-03-23 08:53:02,379 - AEMSOlogs - INFO - RCWA eval:[299 345 444  98 145 278] | diff. eff.:0.694134924504399
2026-03-23 08:53:02,413 - AEMSOlogs - INFO - RCWA eval:[322 354 379  67 107 258] | diff. eff.:0.7396946817900553
2026-03-23 08:53:02,525 - AEMSOlogs - INFO - RCWA eval:[315 362 447  97 141 266] | diff. eff.:0.3789533047299569
2026-03-23 08:53:02,595 - AEMSOlogs - INFO - RCWA eval:[286 350 377  28 104 299] | diff. eff.:0.7661598727317664
2026-03-23 08:53:02,614 - AEMSOlogs - INFO - RCWA eval:[339 345 360  26 237 220] | diff. eff.:0.6688228724880152
2026-03-23 08:53:02,628 - AEMSOlogs - INFO - Iteration 21: Best Y = -0.8972491832183018 at x = [0.66687793 0.70013116 0.81076075 0.08594401 0.41490694 0.59276326]
2026-03-23 08:53:02,633 - AEMSOlogs - INFO - Working on simulations...
2026-03-23 08:53:26,585 - AEMSOlogs - INFO - RCWA eval:[290 343 447  61 156 273] | diff. eff.:0.6472537070703558
2026-03-23 08:53:26,989 - AEMSOlogs - INFO - RCWA eval:[316 351 445  21 172 302] | diff. eff.:0.6811310256003023
2026-03-23 08:53:27,127 - AEMSOlogs - INFO - RCWA eval:[311 330 422  32 179 292] | diff. eff.:0.7183447018761719
2026-03-23 08:53:27,218 - AEMSOlogs - INFO - RCWA eval:[281 308 389  20  99 262] | diff. eff.:0.6453500836593001
2026-03-23 08:53:27,242 - AEMSOlogs - INFO - RCWA eval:[318 383 449  37 145 280] | diff. eff.:0.2949285753850289
2026-03-23 08:53:27,298 - AEMSOlogs - INFO - RCWA eval:[328 342 351  65 135 267] | diff. eff.:0.7379834946498888
2026-03-23 08:53:27,326 - AEMSOlogs - INFO - RCWA eval:[301 331 377  41  83 309] | diff. eff.:0.6518060271371884
2026-03-23 08:53:50,291 - AEMSOlogs - INFO - RCWA eval:[308 339 417  22 132 293] | diff. eff.:0.7761924043676381
2026-03-23 08:53:51,156 - AEMSOlogs - INFO - RCWA eval:[298 348 440  34 113 272] | diff. eff.:0.6782806038516794
2026-03-23 08:53:51,408 - AEMSOlogs - INFO - RCWA eval:[316 344 436  40 165 278] | diff. eff.:0.742029191896186
2026-03-23 08:53:51,465 - AEMSOlogs - INFO - RCWA eval:[308 355 419  39 101 333] | diff. eff.:0.4944641712801592
2026-03-23 08:53:51,695 - AEMSOlogs - INFO - RCWA eval:[285 346 450  45 202 251] | diff. eff.:0.5488762263461965
2026-03-23 08:53:51,760 - AEMSOlogs - INFO - RCWA eval:[312 334 448  24 165 263] | diff. eff.:0.6428025120420925
2026-03-23 08:53:51,772 - AEMSOlogs - INFO - RCWA eval:[270 344 438  31 146 304] | diff. eff.:0.5244803738513869
2026-03-23 08:53:51,787 - AEMSOlogs - INFO - Iteration 22: Best Y = -0.8972491832183018 at x = [0.66687793 0.70013116 0.81076075 0.08594401 0.41490694 0.59276326]
2026-03-23 08:53:51,790 - AEMSOlogs - INFO - Working on simulations...
2026-03-23 08:54:15,836 - AEMSOlogs - INFO - RCWA eval:[327 353 450  21 162 288] | diff. eff.:0.6591914132116348
2026-03-23 08:54:16,217 - AEMSOlogs - INFO - RCWA eval:[308 333 365  87 144 269] | diff. eff.:0.9351951006563731
2026-03-23 08:54:16,222 - AEMSOlogs - INFO - RCWA eval:[314 324 447  65 121 282] | diff. eff.:0.5948706582476387
2026-03-23 08:54:16,323 - AEMSOlogs - INFO - RCWA eval:[304 336 448  21 119 294] | diff. eff.:0.6621119923578314
2026-03-23 08:54:16,409 - AEMSOlogs - INFO - RCWA eval:[298 343 396  55 126 304] | diff. eff.:0.7288602516911026
2026-03-23 08:54:16,434 - AEMSOlogs - INFO - RCWA eval:[298 345 442  64 187 269] | diff. eff.:0.6918042082757994
2026-03-23 08:54:16,478 - AEMSOlogs - INFO - RCWA eval:[303 340 450  35 183 255] | diff. eff.:0.6341903753409417
2026-03-23 08:54:39,522 - AEMSOlogs - INFO - RCWA eval:[322 366 426  53  99 294] | diff. eff.:0.49971532115063344
2026-03-23 08:54:40,374 - AEMSOlogs - INFO - RCWA eval:[327 347 443  20  71 314] | diff. eff.:0.6356483253985662
2026-03-23 08:54:40,446 - AEMSOlogs - INFO - RCWA eval:[311 331 363  30 130 270] | diff. eff.:0.9312076099353604
2026-03-23 08:54:40,708 - AEMSOlogs - INFO - RCWA eval:[327 355 362  24 167 285] | diff. eff.:0.730359302316387
2026-03-23 08:54:40,812 - AEMSOlogs - INFO - RCWA eval:[278 322 368  76 140 290] | diff. eff.:0.6414601173425509
2026-03-23 08:54:40,845 - AEMSOlogs - INFO - RCWA eval:[311 339 338  40 212 272] | diff. eff.:0.7465990628686872
2026-03-23 08:54:40,945 - AEMSOlogs - INFO - RCWA eval:[313 333 415  30 117 296] | diff. eff.:0.7322858714187969
2026-03-23 08:54:40,959 - AEMSOlogs - INFO - Iteration 23: Best Y = -0.9351951006563731 at x = [0.67051898 0.72897584 0.80151676 0.15551979 0.28763725 0.57847781]
2026-03-23 08:54:40,963 - AEMSOlogs - INFO - Working on simulations...
2026-03-23 08:55:05,019 - AEMSOlogs - INFO - RCWA eval:[329 334 439  24 180 297] | diff. eff.:0.64387606472171
2026-03-23 08:55:05,025 - AEMSOlogs - INFO - RCWA eval:[316 337 405  20 170 266] | diff. eff.:0.8189315460138401
2026-03-23 08:55:05,454 - AEMSOlogs - INFO - RCWA eval:[300 334 415  79 136 274] | diff. eff.:0.7562151248333728
2026-03-23 08:55:05,505 - AEMSOlogs - INFO - RCWA eval:[325 327 414  58 166 276] | diff. eff.:0.6932337909705152
2026-03-23 08:55:05,563 - AEMSOlogs - INFO - RCWA eval:[308 347 342  20 169 280] | diff. eff.:0.7265708909028592
2026-03-23 08:55:05,623 - AEMSOlogs - INFO - RCWA eval:[303 328 417  29 146 260] | diff. eff.:0.7198599386097161
2026-03-23 08:55:05,625 - AEMSOlogs - INFO - RCWA eval:[307 321 337  46 191 283] | diff. eff.:0.7353067705497278
2026-03-23 08:55:28,856 - AEMSOlogs - INFO - RCWA eval:[315 334 390  21  90 289] | diff. eff.:0.8311789104911239
2026-03-23 08:55:29,210 - AEMSOlogs - INFO - RCWA eval:[302 334 302  96 129 289] | diff. eff.:0.4942342104909248
2026-03-23 08:55:29,637 - AEMSOlogs - INFO - RCWA eval:[305 321 390  57  97 315] | diff. eff.:0.4966326718204243
2026-03-23 08:55:29,836 - AEMSOlogs - INFO - RCWA eval:[309 327 434  20 137 265] | diff. eff.:0.672412091037467
2026-03-23 08:55:29,956 - AEMSOlogs - INFO - RCWA eval:[307 335 436  93 144 282] | diff. eff.:0.6967536753775062
2026-03-23 08:55:30,076 - AEMSOlogs - INFO - RCWA eval:[320 352 372  29 158 272] | diff. eff.:0.8341733702697417
2026-03-23 08:55:30,077 - AEMSOlogs - INFO - RCWA eval:[304 340 419  25 138 260] | diff. eff.:0.7622131529144065
2026-03-23 08:55:30,091 - AEMSOlogs - INFO - Iteration 24: Best Y = -0.9351951006563731 at x = [0.67051898 0.72897584 0.80151676 0.15551979 0.28763725 0.57847781]
2026-03-23 08:55:30,094 - AEMSOlogs - INFO - Working on simulations...
2026-03-23 08:55:54,148 - AEMSOlogs - INFO - RCWA eval:[302 332 430  34 135 278] | diff. eff.:0.7114410335626521
2026-03-23 08:55:54,252 - AEMSOlogs - INFO - RCWA eval:[326 349 437  30 201 256] | diff. eff.:0.6515148003224904
2026-03-23 08:55:54,473 - AEMSOlogs - INFO - RCWA eval:[312 343 437  60 115 277] | diff. eff.:0.7401375242120468
2026-03-23 08:55:54,556 - AEMSOlogs - INFO - RCWA eval:[322 333 419  23 173 278] | diff. eff.:0.7532829162682267
2026-03-23 08:55:54,618 - AEMSOlogs - INFO - RCWA eval:[317 345 390  32 192 244] | diff. eff.:0.8094500424772803
2026-03-23 08:55:54,626 - AEMSOlogs - INFO - RCWA eval:[309 338 383  25 116 266] | diff. eff.:0.8909217531737655
2026-03-23 08:55:54,761 - AEMSOlogs - INFO - RCWA eval:[302 348 447  21  88 289] | diff. eff.:0.6911768815957509
2026-03-23 08:56:18,143 - AEMSOlogs - INFO - RCWA eval:[336 338 445  20 152 276] | diff. eff.:0.571801420048456
2026-03-23 08:56:18,325 - AEMSOlogs - INFO - RCWA eval:[298 353 428  55 135 262] | diff. eff.:0.6295022832802224
2026-03-23 08:56:18,654 - AEMSOlogs - INFO - RCWA eval:[314 332 427  38 136 256] | diff. eff.:0.6992802517940399
2026-03-23 08:56:18,845 - AEMSOlogs - INFO - RCWA eval:[304 345 436  50 167 270] | diff. eff.:0.726822279926368
2026-03-23 08:56:19,001 - AEMSOlogs - INFO - RCWA eval:[311 343 444  20 122 303] | diff. eff.:0.6800039627043957
2026-03-23 08:56:19,013 - AEMSOlogs - INFO - RCWA eval:[300 327 402  24 118 290] | diff. eff.:0.721786334980401
2026-03-23 08:56:19,139 - AEMSOlogs - INFO - RCWA eval:[309 344 438  57 119 268] | diff. eff.:0.7157206418163928
2026-03-23 08:56:19,153 - AEMSOlogs - INFO - Iteration 25: Best Y = -0.9351951006563731 at x = [0.67051898 0.72897584 0.80151676 0.15551979 0.28763725 0.57847781]
2026-03-23 08:56:19,157 - AEMSOlogs - INFO - Working on simulations...
2026-03-23 08:56:43,194 - AEMSOlogs - INFO - RCWA eval:[320 335 417  39 180 261] | diff. eff.:0.7422655025885386
2026-03-23 08:56:43,656 - AEMSOlogs - INFO - RCWA eval:[316 361 404  23 138 270] | diff. eff.:0.6163070032798773
2026-03-23 08:56:43,674 - AEMSOlogs - INFO - RCWA eval:[308 339 419  24 156 260] | diff. eff.:0.7658416608082718
2026-03-23 08:56:43,676 - AEMSOlogs - INFO - RCWA eval:[296 348 428  28  67 285] | diff. eff.:0.7387630323515785
2026-03-23 08:56:43,818 - AEMSOlogs - INFO - RCWA eval:[308 347 447  45 162 277] | diff. eff.:0.6968466267439021
2026-03-23 08:56:43,825 - AEMSOlogs - INFO - RCWA eval:[306 329 450  27 126 302] | diff. eff.:0.5674540455481377
2026-03-23 08:56:43,891 - AEMSOlogs - INFO - RCWA eval:[318 341 387  33 152 260] | diff. eff.:0.8545240383439193
2026-03-23 08:57:06,895 - AEMSOlogs - INFO - RCWA eval:[314 337 445  48 152 265] | diff. eff.:0.661378662375756
2026-03-23 08:57:07,872 - AEMSOlogs - INFO - RCWA eval:[300 327 449  55 152 260] | diff. eff.:0.5762941984466134
2026-03-23 08:57:08,071 - AEMSOlogs - INFO - RCWA eval:[306 320 355  25 173 265] | diff. eff.:0.9128502833033179
2026-03-23 08:57:08,128 - AEMSOlogs - INFO - RCWA eval:[311 339 352  32 135 266] | diff. eff.:0.8714988555698487
2026-03-23 08:57:08,287 - AEMSOlogs - INFO - RCWA eval:[305 328 372  22 143 272] | diff. eff.:0.9049736055044809
2026-03-23 08:57:08,292 - AEMSOlogs - INFO - RCWA eval:[316 337 409  20 124 281] | diff. eff.:0.8172014541281164
2026-03-23 08:57:08,313 - AEMSOlogs - INFO - RCWA eval:[302 341 377  61 149 257] | diff. eff.:0.8856520100829379
2026-03-23 08:57:08,327 - AEMSOlogs - INFO - Iteration 26: Best Y = -0.9351951006563731 at x = [0.67051898 0.72897584 0.80151676 0.15551979 0.28763725 0.57847781]
2026-03-23 08:57:08,330 - AEMSOlogs - INFO - Working on simulations...
2026-03-23 08:57:32,380 - AEMSOlogs - INFO - RCWA eval:[302 325 441  21 183 256] | diff. eff.:0.6043171706401702
2026-03-23 08:57:32,767 - AEMSOlogs - INFO - RCWA eval:[312 334 379  28 132 270] | diff. eff.:0.9000986725316213
2026-03-23 08:57:32,797 - AEMSOlogs - INFO - RCWA eval:[302 323 314  23 138 266] | diff. eff.:0.6784817628138808
2026-03-23 08:57:32,903 - AEMSOlogs - INFO - RCWA eval:[319 326 450  34 170 251] | diff. eff.:0.5442609237948942
2026-03-23 08:57:32,975 - AEMSOlogs - INFO - RCWA eval:[322 319 396  29 166 263] | diff. eff.:0.7580025314454476
2026-03-23 08:57:32,990 - AEMSOlogs - INFO - RCWA eval:[325 336 320  21 205 240] | diff. eff.:0.5057506723249661
2026-03-23 08:57:33,047 - AEMSOlogs - INFO - RCWA eval:[310 321 312  20 218 250] | diff. eff.:0.5120036534273056
2026-03-23 08:57:56,130 - AEMSOlogs - INFO - RCWA eval:[318 332 424  35 156 282] | diff. eff.:0.7371113499508529
2026-03-23 08:57:57,060 - AEMSOlogs - INFO - RCWA eval:[311 345 335  23 168 280] | diff. eff.:0.7048400892335558
2026-03-23 08:57:57,066 - AEMSOlogs - INFO - RCWA eval:[303 337 380  88 182 257] | diff. eff.:0.8669837777811652
2026-03-23 08:57:57,216 - AEMSOlogs - INFO - RCWA eval:[307 322 400  26 170 252] | diff. eff.:0.754508085781098
2026-03-23 08:57:57,356 - AEMSOlogs - INFO - RCWA eval:[314 336 388  31 150 282] | diff. eff.:0.8790825380180574
2026-03-23 08:57:57,445 - AEMSOlogs - INFO - RCWA eval:[283 322 267  20 185 240] | diff. eff.:0.22688778426299608
2026-03-23 08:57:57,476 - AEMSOlogs - INFO - RCWA eval:[287 344 409  21  83 299] | diff. eff.:0.6859189480967385
2026-03-23 08:57:57,490 - AEMSOlogs - INFO - Iteration 27: Best Y = -0.9351951006563731 at x = [0.67051898 0.72897584 0.80151676 0.15551979 0.28763725 0.57847781]
2026-03-23 08:57:57,494 - AEMSOlogs - INFO - Working on simulations...
2026-03-23 08:58:21,479 - AEMSOlogs - INFO - RCWA eval:[317 334 413  27 177 266] | diff. eff.:0.7784493379737487
2026-03-23 08:58:21,976 - AEMSOlogs - INFO - RCWA eval:[314 336 436  40 139 278] | diff. eff.:0.7221684160642654
2026-03-23 08:58:22,026 - AEMSOlogs - INFO - RCWA eval:[306 335 362  22 134 278] | diff. eff.:0.9412799047443206
2026-03-23 08:58:22,076 - AEMSOlogs - INFO - RCWA eval:[316 327 363  21 158 287] | diff. eff.:0.8971644216420112
2026-03-23 08:58:22,096 - AEMSOlogs - INFO - RCWA eval:[310 331 438  22 140 286] | diff. eff.:0.6914348310635023
2026-03-23 08:58:22,130 - AEMSOlogs - INFO - RCWA eval:[320 336 423  20 101 284] | diff. eff.:0.7621347433814424
2026-03-23 08:58:22,213 - AEMSOlogs - INFO - RCWA eval:[309 328 338  27 138 262] | diff. eff.:0.8109157760290299
2026-03-23 08:58:45,226 - AEMSOlogs - INFO - RCWA eval:[313 343 445  34 168 287] | diff. eff.:0.7273751573736601
2026-03-23 08:58:46,146 - AEMSOlogs - INFO - RCWA eval:[315 343 402  39 133 275] | diff. eff.:0.8475615119118687
2026-03-23 08:58:46,414 - AEMSOlogs - INFO - RCWA eval:[309 337 383  25 132 280] | diff. eff.:0.8990114400558029
2026-03-23 08:58:46,516 - AEMSOlogs - INFO - RCWA eval:[310 325 437  22 145 280] | diff. eff.:0.6586568232477392
2026-03-23 08:58:46,596 - AEMSOlogs - INFO - RCWA eval:[307 352 389  20 134 273] | diff. eff.:0.8341895658981524
2026-03-23 08:58:46,617 - AEMSOlogs - INFO - RCWA eval:[316 336 376  22 158 274] | diff. eff.:0.9168449479350993
2026-03-23 08:58:46,727 - AEMSOlogs - INFO - RCWA eval:[323 322 380  20 179 262] | diff. eff.:0.8373685961289514
2026-03-23 08:58:46,746 - AEMSOlogs - INFO - Iteration 28: Best Y = -0.9412799047443206 at x = [0.66623232 0.73325021 0.79584563 0.00363652 0.26467573 0.59899172]
2026-03-23 08:58:46,749 - AEMSOlogs - INFO - Working on simulations...
2026-03-23 08:59:11,154 - AEMSOlogs - INFO - RCWA eval:[309 332 361  25 148 280] | diff. eff.:0.9349200003108308
2026-03-23 08:59:11,250 - AEMSOlogs - INFO - RCWA eval:[304 341 371  24 131 287] | diff. eff.:0.9192852908545913
2026-03-23 08:59:11,292 - AEMSOlogs - INFO - RCWA eval:[312 318 342  20 180 264] | diff. eff.:0.8022257280906777
2026-03-23 08:59:11,378 - AEMSOlogs - INFO - RCWA eval:[306 334 367  25 125 281] | diff. eff.:0.9299247764389741
2026-03-23 08:59:11,393 - AEMSOlogs - INFO - RCWA eval:[326 342 305  21 171 277] | diff. eff.:0.4596934357679899
2026-03-23 08:59:11,480 - AEMSOlogs - INFO - RCWA eval:[311 323 383  47 169 272] | diff. eff.:0.8425483664399271
2026-03-23 08:59:11,482 - AEMSOlogs - INFO - RCWA eval:[309 325 396  20 140 270] | diff. eff.:0.8049700955922554
2026-03-23 08:59:35,349 - AEMSOlogs - INFO - RCWA eval:[304 332 355  21 132 271] | diff. eff.:0.9281754431508429
2026-03-23 08:59:35,639 - AEMSOlogs - INFO - RCWA eval:[300 334 373  20 112 292] | diff. eff.:0.8467202551535183
2026-03-23 08:59:35,683 - AEMSOlogs - INFO - RCWA eval:[335 320 272  29 186 273] | diff. eff.:0.29578784232340305
2026-03-23 08:59:35,819 - AEMSOlogs - INFO - RCWA eval:[320 341 435  20 136 287] | diff. eff.:0.7437751487473295
2026-03-23 08:59:35,889 - AEMSOlogs - INFO - RCWA eval:[305 324 316  20 149 273] | diff. eff.:0.664576561403441
2026-03-23 08:59:35,958 - AEMSOlogs - INFO - RCWA eval:[307 335 377  20 155 290] | diff. eff.:0.884446240264073
2026-03-23 08:59:36,024 - AEMSOlogs - INFO - RCWA eval:[317 336 344  20 155 289] | diff. eff.:0.7462619864729331
2026-03-23 08:59:36,037 - AEMSOlogs - INFO - Iteration 29: Best Y = -0.9412799047443206 at x = [0.66623232 0.73325021 0.79584563 0.00363652 0.26467573 0.59899172]
2026-03-23 08:59:36,041 - AEMSOlogs - INFO - Working on simulations...
2026-03-23 09:00:00,424 - AEMSOlogs - INFO - RCWA eval:[301 322 334  26 166 284] | diff. eff.:0.7350328127639522
2026-03-23 09:00:00,442 - AEMSOlogs - INFO - RCWA eval:[302 343 369  20 115 293] | diff. eff.:0.8862212821902505
2026-03-23 09:00:00,455 - AEMSOlogs - INFO - RCWA eval:[300 340 373  29 126 286] | diff. eff.:0.9071980947978161
2026-03-23 09:00:00,658 - AEMSOlogs - INFO - RCWA eval:[305 343 347  27 145 280] | diff. eff.:0.8216754031475864
2026-03-23 09:00:00,668 - AEMSOlogs - INFO - RCWA eval:[297 326 371  24 121 283] | diff. eff.:0.8444218108712763
2026-03-23 09:00:00,717 - AEMSOlogs - INFO - RCWA eval:[310 331 352  62 121 283] | diff. eff.:0.8846525430806557
2026-03-23 09:00:00,749 - AEMSOlogs - INFO - RCWA eval:[312 329 350  36 171 290] | diff. eff.:0.8262342809665274
2026-03-23 09:00:24,744 - AEMSOlogs - INFO - RCWA eval:[310 331 349  21 159 278] | diff. eff.:0.8683968163912824
2026-03-23 09:00:24,759 - AEMSOlogs - INFO - RCWA eval:[292 321 347  26 150 291] | diff. eff.:0.763188864558409
2026-03-23 09:00:24,779 - AEMSOlogs - INFO - RCWA eval:[311 334 408  29 136 284] | diff. eff.:0.8047262474638754
2026-03-23 09:00:25,042 - AEMSOlogs - INFO - RCWA eval:[301 321 390  25 125 263] | diff. eff.:0.7877239309439442
2026-03-23 09:00:25,088 - AEMSOlogs - INFO - RCWA eval:[311 346 351  37 110 289] | diff. eff.:0.7817414040694486
2026-03-23 09:00:25,213 - AEMSOlogs - INFO - RCWA eval:[306 328 343  32 187 270] | diff. eff.:0.8356481386561962
2026-03-23 09:00:25,228 - AEMSOlogs - INFO - RCWA eval:[296 334 378  26 132 281] | diff. eff.:0.8601506448499817
2026-03-23 09:00:25,235 - AEMSOlogs - INFO - Iteration 30: Best Y = -0.9412799047443206 at x = [0.66623232 0.73325021 0.79584563 0.00363652 0.26467573 0.59899172]
2026-03-23 09:00:25,239 - AEMSOlogs - INFO - Working on simulations...
2026-03-23 09:00:49,680 - AEMSOlogs - INFO - RCWA eval:[307 343 361  22  99 282] | diff. eff.:0.9156512253140329
2026-03-23 09:00:49,708 - AEMSOlogs - INFO - RCWA eval:[296 349 333  40 110 302] | diff. eff.:0.576938605093486
2026-03-23 09:00:49,785 - AEMSOlogs - INFO - RCWA eval:[303 349 421  26 109 280] | diff. eff.:0.7730962317704233
2026-03-23 09:00:49,785 - AEMSOlogs - INFO - RCWA eval:[296 338 386  26 113 286] | diff. eff.:0.8399443844176416
2026-03-23 09:00:49,909 - AEMSOlogs - INFO - RCWA eval:[298 349 338  20 134 286] | diff. eff.:0.6908648734824822
2026-03-23 09:00:49,954 - AEMSOlogs - INFO - RCWA eval:[303 329 412  34 140 274] | diff. eff.:0.7550613827530182
2026-03-23 09:00:49,969 - AEMSOlogs - INFO - RCWA eval:[294 336 381  23 118 280] | diff. eff.:0.848142632448936
2026-03-23 09:01:13,860 - AEMSOlogs - INFO - RCWA eval:[309 332 380  30 164 293] | diff. eff.:0.84770783238716
2026-03-23 09:01:13,972 - AEMSOlogs - INFO - RCWA eval:[303 337 327  24 148 296] | diff. eff.:0.6444258745473127
2026-03-23 09:01:14,210 - AEMSOlogs - INFO - RCWA eval:[296 334 404  32 118 283] | diff. eff.:0.7713697551531137
2026-03-23 09:01:14,260 - AEMSOlogs - INFO - RCWA eval:[314 319 349  51 149 289] | diff. eff.:0.7988396992608164
2026-03-23 09:01:14,376 - AEMSOlogs - INFO - RCWA eval:[304 338 384  22 140 276] | diff. eff.:0.8968174602328365
2026-03-23 09:01:14,401 - AEMSOlogs - INFO - RCWA eval:[303 317 315  22 138 280] | diff. eff.:0.6234628823925576
2026-03-23 09:01:14,512 - AEMSOlogs - INFO - RCWA eval:[305 347 340  20 138 291] | diff. eff.:0.6848047077800219
2026-03-23 09:01:14,526 - AEMSOlogs - INFO - Iteration 31: Best Y = -0.9412799047443206 at x = [0.66623232 0.73325021 0.79584563 0.00363652 0.26467573 0.59899172]
2026-03-23 09:01:14,530 - AEMSOlogs - INFO - Working on simulations...
2026-03-23 09:01:38,690 - AEMSOlogs - INFO - RCWA eval:[307 345 414  24 110 291] | diff. eff.:0.8045800571966922
2026-03-23 09:01:38,973 - AEMSOlogs - INFO - RCWA eval:[293 331 372  42 104 283] | diff. eff.:0.837573512989399
2026-03-23 09:01:38,987 - AEMSOlogs - INFO - RCWA eval:[306 338 378  20 134 296] | diff. eff.:0.8473990738530593
2026-03-23 09:01:39,062 - AEMSOlogs - INFO - RCWA eval:[303 334 398  22 137 288] | diff. eff.:0.8071429245795304
2026-03-23 09:01:39,161 - AEMSOlogs - INFO - RCWA eval:[297 330 351  22  96 301] | diff. eff.:0.7642741437717412
2026-03-23 09:01:39,192 - AEMSOlogs - INFO - RCWA eval:[318 336 428  29 131 283] | diff. eff.:0.7484691794657437
2026-03-23 09:01:39,227 - AEMSOlogs - INFO - RCWA eval:[297 321 357  20 155 276] | diff. eff.:0.895811205485075
2026-03-23 09:02:02,683 - AEMSOlogs - INFO - RCWA eval:[307 343 366  20 123 269] | diff. eff.:0.9255840189925372
2026-03-23 09:02:03,120 - AEMSOlogs - INFO - RCWA eval:[304 329 409  21 117 279] | diff. eff.:0.7692707227792128
2026-03-23 09:02:03,261 - AEMSOlogs - INFO - RCWA eval:[300 330 314  23 138 284] | diff. eff.:0.6457207856116671
2026-03-23 09:02:03,483 - AEMSOlogs - INFO - RCWA eval:[290 329 346  20 105 296] | diff. eff.:0.7341487641377837
2026-03-23 09:02:03,640 - AEMSOlogs - INFO - RCWA eval:[309 353 384  37 114 261] | diff. eff.:0.7859235018189831
2026-03-23 09:02:03,643 - AEMSOlogs - INFO - RCWA eval:[301 345 393  21  97 301] | diff. eff.:0.7743477440878853
2026-03-23 09:02:03,706 - AEMSOlogs - INFO - RCWA eval:[305 339 389  37 115 284] | diff. eff.:0.874216263695236
2026-03-23 09:02:03,720 - AEMSOlogs - INFO - Iteration 32: Best Y = -0.9412799047443206 at x = [0.66623232 0.73325021 0.79584563 0.00363652 0.26467573 0.59899172]
2026-03-23 09:02:03,724 - AEMSOlogs - INFO - Working on simulations...
2026-03-23 09:02:28,003 - AEMSOlogs - INFO - RCWA eval:[303 325 345  21 117 264] | diff. eff.:0.8794434967199516
2026-03-23 09:02:28,237 - AEMSOlogs - INFO - RCWA eval:[303 341 341  21 124 277] | diff. eff.:0.814227068440906
2026-03-23 09:02:28,297 - AEMSOlogs - INFO - RCWA eval:[297 331 324  26 121 287] | diff. eff.:0.7074900025005659
2026-03-23 09:02:28,333 - AEMSOlogs - INFO - RCWA eval:[302 326 342  20 159 269] | diff. eff.:0.8458894291720856
2026-03-23 09:02:28,344 - AEMSOlogs - INFO - RCWA eval:[304 332 354  26 156 269] | diff. eff.:0.9235745041251254
2026-03-23 09:02:28,425 - AEMSOlogs - INFO - RCWA eval:[304 334 357  20 144 268] | diff. eff.:0.9335269574874825
2026-03-23 09:02:28,438 - AEMSOlogs - INFO - RCWA eval:[311 337 377  20 128 282] | diff. eff.:0.9124670839153342
2026-03-23 09:02:52,111 - AEMSOlogs - INFO - RCWA eval:[297 327 349  21 123 289] | diff. eff.:0.8312918503160891
2026-03-23 09:02:52,452 - AEMSOlogs - INFO - RCWA eval:[303 342 373  21 122 280] | diff. eff.:0.9288395763085486
2026-03-23 09:02:52,669 - AEMSOlogs - INFO - RCWA eval:[296 328 356  20 155 266] | diff. eff.:0.9149857866966786
2026-03-23 09:02:52,691 - AEMSOlogs - INFO - RCWA eval:[306 337 355  22 115 274] | diff. eff.:0.9189899431467325
2026-03-23 09:02:52,844 - AEMSOlogs - INFO - RCWA eval:[314 329 353  21 160 264] | diff. eff.:0.887859708911951
2026-03-23 09:02:52,909 - AEMSOlogs - INFO - RCWA eval:[291 334 350  22 123 275] | diff. eff.:0.8710756196956757
2026-03-23 09:02:52,931 - AEMSOlogs - INFO - RCWA eval:[300 338 390  30 123 273] | diff. eff.:0.8638387139007635
2026-03-23 09:02:52,945 - AEMSOlogs - INFO - Iteration 33: Best Y = -0.9412799047443206 at x = [0.66623232 0.73325021 0.79584563 0.00363652 0.26467573 0.59899172]
2026-03-23 09:02:52,948 - AEMSOlogs - INFO - Working on simulations...
2026-03-23 09:03:17,193 - AEMSOlogs - INFO - RCWA eval:[314 338 374  20 157 277] | diff. eff.:0.9297094041228872
2026-03-23 09:03:17,449 - AEMSOlogs - INFO - RCWA eval:[315 338 331  22 157 275] | diff. eff.:0.7161168691285326
2026-03-23 09:03:17,470 - AEMSOlogs - INFO - RCWA eval:[312 333 388  26 130 281] | diff. eff.:0.8653312520367904
2026-03-23 09:03:17,532 - AEMSOlogs - INFO - RCWA eval:[306 341 364  21 134 266] | diff. eff.:0.9289437072765433
2026-03-23 09:03:17,582 - AEMSOlogs - INFO - RCWA eval:[307 329 347  26 148 256] | diff. eff.:0.8675526347640212
2026-03-23 09:03:17,648 - AEMSOlogs - INFO - RCWA eval:[305 337 363  20 141 273] | diff. eff.:0.9447868195106862
2026-03-23 09:03:17,659 - AEMSOlogs - INFO - RCWA eval:[299 335 343  20 119 266] | diff. eff.:0.8617234363666406
2026-03-23 09:03:41,236 - AEMSOlogs - INFO - RCWA eval:[308 342 376  21 145 274] | diff. eff.:0.9284262486674131
2026-03-23 09:03:41,644 - AEMSOlogs - INFO - RCWA eval:[308 337 371  27 118 284] | diff. eff.:0.9208814365865308
2026-03-23 09:03:41,749 - AEMSOlogs - INFO - RCWA eval:[308 332 395  20 115 272] | diff. eff.:0.8421985292967842
2026-03-23 09:03:41,973 - AEMSOlogs - INFO - RCWA eval:[300 339 394  23 116 285] | diff. eff.:0.84448568607139
2026-03-23 09:03:41,995 - AEMSOlogs - INFO - RCWA eval:[306 334 344  28 119 279] | diff. eff.:0.8436423412471579
2026-03-23 09:03:42,109 - AEMSOlogs - INFO - RCWA eval:[300 339 397  24 135 279] | diff. eff.:0.8473178591269228
2026-03-23 09:03:42,195 - AEMSOlogs - INFO - RCWA eval:[306 339 359  20 133 268] | diff. eff.:0.9285114866313676
2026-03-23 09:03:42,210 - AEMSOlogs - INFO - Iteration 34: Best Y = -0.9447868195106862 at x = [6.62199001e-01 7.37067046e-01 7.97862972e-01 2.04201422e-04
 2.82276927e-01 5.87980648e-01]
2026-03-23 09:03:42,213 - AEMSOlogs - INFO - Working on simulations...
2026-03-23 09:04:06,482 - AEMSOlogs - INFO - RCWA eval:[310 347 363  31 122 285] | diff. eff.:0.8903446552493439
2026-03-23 09:04:06,714 - AEMSOlogs - INFO - RCWA eval:[306 330 370  20 150 266] | diff. eff.:0.9174355019783856
2026-03-23 09:04:06,733 - AEMSOlogs - INFO - RCWA eval:[313 336 370  20 170 273] | diff. eff.:0.9383936783557816
2026-03-23 09:04:06,868 - AEMSOlogs - INFO - RCWA eval:[313 332 362  24 163 277] | diff. eff.:0.935392620190482
2026-03-23 09:04:06,873 - AEMSOlogs - INFO - RCWA eval:[297 337 372  23 130 268] | diff. eff.:0.9045352058291954
2026-03-23 09:04:06,904 - AEMSOlogs - INFO - RCWA eval:[312 328 355  20 203 251] | diff. eff.:0.8888559185251154
2026-03-23 09:04:06,952 - AEMSOlogs - INFO - RCWA eval:[309 340 355  21 146 262] | diff. eff.:0.8889670568277849
2026-03-23 09:04:30,479 - AEMSOlogs - INFO - RCWA eval:[298 334 368  25 122 286] | diff. eff.:0.8904817315462441
2026-03-23 09:04:30,935 - AEMSOlogs - INFO - RCWA eval:[310 333 371  20 152 284] | diff. eff.:0.9192495016093831
2026-03-23 09:04:31,084 - AEMSOlogs - INFO - RCWA eval:[302 336 346  22 141 272] | diff. eff.:0.8684268952025636
2026-03-23 09:04:31,290 - AEMSOlogs - INFO - RCWA eval:[315 334 393  20 160 272] | diff. eff.:0.8583995791358486
2026-03-23 09:04:31,345 - AEMSOlogs - INFO - RCWA eval:[307 334 358  22 146 274] | diff. eff.:0.9357647393158837
2026-03-23 09:04:31,385 - AEMSOlogs - INFO - RCWA eval:[310 341 396  20 135 277] | diff. eff.:0.8732307754091464
2026-03-23 09:04:31,444 - AEMSOlogs - INFO - RCWA eval:[305 346 359  20 116 285] | diff. eff.:0.8849131987847974
2026-03-23 09:04:31,458 - AEMSOlogs - INFO - Iteration 35: Best Y = -0.9447868195106862 at x = [6.62199001e-01 7.37067046e-01 7.97862972e-01 2.04201422e-04
 2.82276927e-01 5.87980648e-01]
2026-03-23 09:04:31,462 - AEMSOlogs - INFO - Working on simulations...
2026-03-23 09:04:55,678 - AEMSOlogs - INFO - RCWA eval:[310 336 344  20 172 276] | diff. eff.:0.8180011852885395
2026-03-23 09:04:55,944 - AEMSOlogs - INFO - RCWA eval:[312 334 359  20 160 259] | diff. eff.:0.9102131136888331
2026-03-23 09:04:56,004 - AEMSOlogs - INFO - RCWA eval:[310 341 365  24 140 272] | diff. eff.:0.9333362309483829
2026-03-23 09:04:56,080 - AEMSOlogs - INFO - RCWA eval:[312 325 354  22 175 295] | diff. eff.:0.8226294498975765
2026-03-23 09:04:56,123 - AEMSOlogs - INFO - RCWA eval:[302 330 355  20 143 283] | diff. eff.:0.9078143335020021
2026-03-23 09:04:56,123 - AEMSOlogs - INFO - RCWA eval:[304 338 380  34 135 284] | diff. eff.:0.8988185866092966
2026-03-23 09:04:56,161 - AEMSOlogs - INFO - RCWA eval:[307 335 387  50 162 268] | diff. eff.:0.8724094743967682
2026-03-23 09:05:19,695 - AEMSOlogs - INFO - RCWA eval:[301 331 368  22 161 279] | diff. eff.:0.9179399973691438
2026-03-23 09:05:20,103 - AEMSOlogs - INFO - RCWA eval:[310 338 358  25 165 273] | diff. eff.:0.9256615774024097
2026-03-23 09:05:20,255 - AEMSOlogs - INFO - RCWA eval:[317 339 357  21 157 271] | diff. eff.:0.8847976718490927
2026-03-23 09:05:20,531 - AEMSOlogs - INFO - RCWA eval:[308 333 344  21 134 271] | diff. eff.:0.8469943591246639
2026-03-23 09:05:20,552 - AEMSOlogs - INFO - RCWA eval:[306 339 391  50 150 270] | diff. eff.:0.8733410681049041
2026-03-23 09:05:20,575 - AEMSOlogs - INFO - RCWA eval:[313 331 384  20 174 274] | diff. eff.:0.8837877685583101
2026-03-23 09:05:20,697 - AEMSOlogs - INFO - RCWA eval:[318 326 399  24 201 272] | diff. eff.:0.8035238878575796
2026-03-23 09:05:20,710 - AEMSOlogs - INFO - Iteration 36: Best Y = -0.9447868195106862 at x = [6.62199001e-01 7.37067046e-01 7.97862972e-01 2.04201422e-04
 2.82276927e-01 5.87980648e-01]
2026-03-23 09:05:20,714 - AEMSOlogs - INFO - Working on simulations...
2026-03-23 09:05:45,048 - AEMSOlogs - INFO - RCWA eval:[313 332 359  22 173 272] | diff. eff.:0.9291019287448586
2026-03-23 09:05:45,159 - AEMSOlogs - INFO - RCWA eval:[314 332 349  35 162 278] | diff. eff.:0.8520019643706128
2026-03-23 09:05:45,263 - AEMSOlogs - INFO - RCWA eval:[308 328 357  23 178 268] | diff. eff.:0.9298896893786397
2026-03-23 09:05:45,326 - AEMSOlogs - INFO - RCWA eval:[310 339 374  21 148 288] | diff. eff.:0.9150405210802188
2026-03-23 09:05:45,411 - AEMSOlogs - INFO - RCWA eval:[308 334 346  20 171 280] | diff. eff.:0.8382543776166326
2026-03-23 09:05:45,412 - AEMSOlogs - INFO - RCWA eval:[307 334 362  20 144 274] | diff. eff.:0.94329892168063
2026-03-23 09:05:45,419 - AEMSOlogs - INFO - RCWA eval:[311 344 356  20 157 273] | diff. eff.:0.8768295536692957
2026-03-23 09:06:09,126 - AEMSOlogs - INFO - RCWA eval:[309 338 341  27 150 280] | diff. eff.:0.7918665428197839
2026-03-23 09:06:09,467 - AEMSOlogs - INFO - RCWA eval:[312 342 368  25 141 268] | diff. eff.:0.9204913478349105
2026-03-23 09:06:09,566 - AEMSOlogs - INFO - RCWA eval:[305 337 357  22 132 270] | diff. eff.:0.929777668226731
2026-03-23 09:06:09,702 - AEMSOlogs - INFO - RCWA eval:[308 341 370  25 152 271] | diff. eff.:0.9374078429974392
2026-03-23 09:06:09,895 - AEMSOlogs - INFO - RCWA eval:[304 337 384  26 131 276] | diff. eff.:0.8920566580124613
2026-03-23 09:06:09,903 - AEMSOlogs - INFO - RCWA eval:[312 339 386  22 142 272] | diff. eff.:0.8943311638165049
2026-03-23 09:06:09,942 - AEMSOlogs - INFO - RCWA eval:[309 333 356  25 165 276] | diff. eff.:0.9241887265143697
2026-03-23 09:06:09,956 - AEMSOlogs - INFO - Iteration 37: Best Y = -0.9447868195106862 at x = [6.62199001e-01 7.37067046e-01 7.97862972e-01 2.04201422e-04
 2.82276927e-01 5.87980648e-01]
2026-03-23 09:06:09,961 - AEMSOlogs - INFO - Working on simulations...
2026-03-23 09:06:34,216 - AEMSOlogs - INFO - RCWA eval:[308 343 372  21 147 285] | diff. eff.:0.9300537528443139
2026-03-23 09:06:34,513 - AEMSOlogs - INFO - RCWA eval:[313 337 365  20 167 267] | diff. eff.:0.9315406389605996
2026-03-23 09:06:34,569 - AEMSOlogs - INFO - RCWA eval:[311 335 352  21 146 265] | diff. eff.:0.8847362578813316
2026-03-23 09:06:34,595 - AEMSOlogs - INFO - RCWA eval:[311 329 364  32 170 271] | diff. eff.:0.9364223352845815
2026-03-23 09:06:34,637 - AEMSOlogs - INFO - RCWA eval:[304 341 378  36 151 278] | diff. eff.:0.9243923537054444
2026-03-23 09:06:34,647 - AEMSOlogs - INFO - RCWA eval:[307 337 369  21 143 280] | diff. eff.:0.9386001810682095
2026-03-23 09:06:34,708 - AEMSOlogs - INFO - RCWA eval:[305 330 362  27 159 274] | diff. eff.:0.9402409302419388
2026-03-23 09:06:58,249 - AEMSOlogs - INFO - RCWA eval:[317 331 363  20 178 266] | diff. eff.:0.9206221183983165
2026-03-23 09:06:58,860 - AEMSOlogs - INFO - RCWA eval:[304 335 379  28 146 280] | diff. eff.:0.8999040085074036
2026-03-23 09:06:58,943 - AEMSOlogs - INFO - RCWA eval:[307 340 369  21 130 280] | diff. eff.:0.9382367977755075
2026-03-23 09:06:58,997 - AEMSOlogs - INFO - RCWA eval:[310 343 377  22 132 273] | diff. eff.:0.9191232274129751
2026-03-23 09:06:59,142 - AEMSOlogs - INFO - RCWA eval:[306 342 362  22 132 270] | diff. eff.:0.9291394684774898
2026-03-23 09:06:59,164 - AEMSOlogs - INFO - RCWA eval:[313 332 365  20 143 271] | diff. eff.:0.9307564767557047
2026-03-23 09:06:59,239 - AEMSOlogs - INFO - RCWA eval:[312 331 363  21 169 271] | diff. eff.:0.9378372401532298
2026-03-23 09:06:59,253 - AEMSOlogs - INFO - Iteration 38: Best Y = -0.9447868195106862 at x = [6.62199001e-01 7.37067046e-01 7.97862972e-01 2.04201422e-04
 2.82276927e-01 5.87980648e-01]
2026-03-23 09:06:59,257 - AEMSOlogs - INFO - Working on simulations...
2026-03-23 09:07:23,439 - AEMSOlogs - INFO - RCWA eval:[306 335 363  23 141 278] | diff. eff.:0.9428554899436878
2026-03-23 09:07:23,730 - AEMSOlogs - INFO - RCWA eval:[309 332 369  20 168 278] | diff. eff.:0.9356596296089701
2026-03-23 09:07:23,768 - AEMSOlogs - INFO - RCWA eval:[308 331 368  23 142 272] | diff. eff.:0.930390254785127
2026-03-23 09:07:23,797 - AEMSOlogs - INFO - RCWA eval:[308 328 361  24 168 273] | diff. eff.:0.9379516453119346
2026-03-23 09:07:23,948 - AEMSOlogs - INFO - RCWA eval:[308 337 364  25 155 279] | diff. eff.:0.9453512811598415
2026-03-23 09:07:23,952 - AEMSOlogs - INFO - RCWA eval:[308 335 376  27 137 283] | diff. eff.:0.9087713864810678
2026-03-23 09:07:23,964 - AEMSOlogs - INFO - RCWA eval:[310 331 355  23 164 272] | diff. eff.:0.9182767363510006
2026-03-23 09:07:47,394 - AEMSOlogs - INFO - RCWA eval:[303 343 368  25 137 272] | diff. eff.:0.9359381036736626
2026-03-23 09:07:48,087 - AEMSOlogs - INFO - RCWA eval:[312 330 351  20 160 278] | diff. eff.:0.8786074605271982
2026-03-23 09:07:48,117 - AEMSOlogs - INFO - RCWA eval:[307 329 374  20 169 272] | diff. eff.:0.9085542833921088
2026-03-23 09:07:48,126 - AEMSOlogs - INFO - RCWA eval:[313 328 346  20 176 265] | diff. eff.:0.8385563762098025
2026-03-23 09:07:48,418 - AEMSOlogs - INFO - RCWA eval:[308 340 375  23 147 278] | diff. eff.:0.9326233943003026
2026-03-23 09:07:48,421 - AEMSOlogs - INFO - RCWA eval:[308 342 360  21 145 282] | diff. eff.:0.919957728258385
2026-03-23 09:07:48,449 - AEMSOlogs - INFO - RCWA eval:[306 332 374  22 151 276] | diff. eff.:0.9145466301540167
2026-03-23 09:07:48,462 - AEMSOlogs - INFO - Iteration 39: Best Y = -0.9453512811598415 at x = [0.66939896 0.73683604 0.79901251 0.01155763 0.31303399 0.60303794]
2026-03-23 09:07:48,466 - AEMSOlogs - INFO - Working on simulations...
2026-03-23 09:08:12,674 - AEMSOlogs - INFO - RCWA eval:[302 335 363  23 156 276] | diff. eff.:0.9433863784761839
2026-03-23 09:08:12,921 - AEMSOlogs - INFO - RCWA eval:[313 337 371  30 149 276] | diff. eff.:0.9332860015294627
2026-03-23 09:08:12,976 - AEMSOlogs - INFO - RCWA eval:[303 333 364  41 152 281] | diff. eff.:0.9339816668516474
2026-03-23 09:08:13,050 - AEMSOlogs - INFO - RCWA eval:[310 336 363  52 139 277] | diff. eff.:0.9397493690772795
2026-03-23 09:08:13,111 - AEMSOlogs - INFO - RCWA eval:[306 335 369  30 149 283] | diff. eff.:0.9297853055243441
2026-03-23 09:08:13,155 - AEMSOlogs - INFO - RCWA eval:[298 336 359  41 124 281] | diff. eff.:0.9240582869913063
2026-03-23 09:08:13,178 - AEMSOlogs - INFO - RCWA eval:[306 331 361  20 155 272] | diff. eff.:0.9416718903245737
2026-03-23 09:08:36,711 - AEMSOlogs - INFO - RCWA eval:[311 335 382  25 164 276] | diff. eff.:0.9042240174622624
2026-03-23 09:08:37,140 - AEMSOlogs - INFO - RCWA eval:[317 345 371  20 163 279] | diff. eff.:0.9174469248635694
2026-03-23 09:08:37,265 - AEMSOlogs - INFO - RCWA eval:[305 335 359  22 136 276] | diff. eff.:0.9388036534801172
2026-03-23 09:08:37,395 - AEMSOlogs - INFO - RCWA eval:[301 336 367  28 138 268] | diff. eff.:0.931045223921241
2026-03-23 09:08:37,539 - AEMSOlogs - INFO - RCWA eval:[308 340 370  20 166 271] | diff. eff.:0.9418217649894163
2026-03-23 09:08:37,652 - AEMSOlogs - INFO - RCWA eval:[311 335 363  24 155 279] | diff. eff.:0.9398805096946438
2026-03-23 09:08:37,668 - AEMSOlogs - INFO - RCWA eval:[306 332 359  30 154 276] | diff. eff.:0.9389889956715582
2026-03-23 09:08:37,682 - AEMSOlogs - INFO - Iteration 40: Best Y = -0.9453512811598415 at x = [0.66939896 0.73683604 0.79901251 0.01155763 0.31303399 0.60303794]
2026-03-23 09:08:37,687 - AEMSOlogs - INFO - Working on simulations...
2026-03-23 09:09:01,903 - AEMSOlogs - INFO - RCWA eval:[305 337 370  21 143 283] | diff. eff.:0.9300887865574877
2026-03-23 09:09:02,190 - AEMSOlogs - INFO - RCWA eval:[303 330 355  23 163 270] | diff. eff.:0.9282137190585223
2026-03-23 09:09:02,197 - AEMSOlogs - INFO - RCWA eval:[305 332 361  28 159 271] | diff. eff.:0.9428612987186574
2026-03-23 09:09:02,244 - AEMSOlogs - INFO - RCWA eval:[311 332 367  20 173 270] | diff. eff.:0.9382309184238259
2026-03-23 09:09:02,349 - AEMSOlogs - INFO - RCWA eval:[309 342 382  20 150 276] | diff. eff.:0.9164285620268845
2026-03-23 09:09:02,370 - AEMSOlogs - INFO - RCWA eval:[307 333 368  20 159 276] | diff. eff.:0.9387541582375658
2026-03-23 09:09:02,409 - AEMSOlogs - INFO - RCWA eval:[301 332 359  21 160 275] | diff. eff.:0.9368508181200063
2026-03-23 09:09:25,970 - AEMSOlogs - INFO - RCWA eval:[304 332 360  20 169 274] | diff. eff.:0.9427399607841761
2026-03-23 09:09:26,480 - AEMSOlogs - INFO - RCWA eval:[306 333 352  21 173 266] | diff. eff.:0.9056289979294097
2026-03-23 09:09:26,481 - AEMSOlogs - INFO - RCWA eval:[307 338 365  32 138 279] | diff. eff.:0.9430177857858422
2026-03-23 09:09:26,630 - AEMSOlogs - INFO - RCWA eval:[309 342 371  20 156 274] | diff. eff.:0.9388611029108753
2026-03-23 09:09:26,861 - AEMSOlogs - INFO - RCWA eval:[304 333 368  21 147 281] | diff. eff.:0.9270796714579682
2026-03-23 09:09:26,868 - AEMSOlogs - INFO - RCWA eval:[308 341 368  21 154 285] | diff. eff.:0.9362267584382105
2026-03-23 09:09:26,888 - AEMSOlogs - INFO - RCWA eval:[305 339 364  20 164 274] | diff. eff.:0.9488099042416654
2026-03-23 09:09:26,902 - AEMSOlogs - INFO - Iteration 41: Best Y = -0.9488099042416654 at x = [6.62419473e-01 7.41740605e-01 7.99572940e-01 3.62679544e-04
 3.35696164e-01 5.90173238e-01]
2026-03-23 09:09:26,905 - AEMSOlogs - INFO - Working on simulations...
2026-03-23 09:09:51,219 - AEMSOlogs - INFO - RCWA eval:[305 341 367  21 139 275] | diff. eff.:0.9428164171556774
2026-03-23 09:09:51,388 - AEMSOlogs - INFO - RCWA eval:[305 334 360  20 162 274] | diff. eff.:0.9440259305280968
2026-03-23 09:09:51,417 - AEMSOlogs - INFO - RCWA eval:[308 329 374  20 169 272] | diff. eff.:0.9099000639767104
2026-03-23 09:09:51,488 - AEMSOlogs - INFO - RCWA eval:[306 334 359  23 159 272] | diff. eff.:0.9408890088347247
2026-03-23 09:09:51,564 - AEMSOlogs - INFO - RCWA eval:[305 336 364  20 153 275] | diff. eff.:0.9468794355287404
2026-03-23 09:09:51,612 - AEMSOlogs - INFO - RCWA eval:[305 337 365  21 147 274] | diff. eff.:0.9458953111397997
2026-03-23 09:09:51,623 - AEMSOlogs - INFO - RCWA eval:[305 333 364  20 157 274] | diff. eff.:0.9438756567847297
2026-03-23 09:10:15,277 - AEMSOlogs - INFO - RCWA eval:[307 333 364  20 152 274] | diff. eff.:0.9435429416172654
2026-03-23 09:10:15,666 - AEMSOlogs - INFO - RCWA eval:[305 337 361  21 148 272] | diff. eff.:0.9433542343844201
2026-03-23 09:10:15,689 - AEMSOlogs - INFO - RCWA eval:[305 338 358  22 145 276] | diff. eff.:0.9336028486829113
2026-03-23 09:10:15,936 - AEMSOlogs - INFO - RCWA eval:[306 333 360  22 150 277] | diff. eff.:0.9405282150477295
2026-03-23 09:10:16,029 - AEMSOlogs - INFO - RCWA eval:[306 337 362  20 159 274] | diff. eff.:0.9466399698298377
2026-03-23 09:10:16,103 - AEMSOlogs - INFO - RCWA eval:[303 334 355  22 143 274] | diff. eff.:0.9272741379229652
2026-03-23 09:10:16,150 - AEMSOlogs - INFO - RCWA eval:[304 330 356  23 171 275] | diff. eff.:0.9296901959454771
2026-03-23 09:10:16,164 - AEMSOlogs - INFO - Iteration 42: Best Y = -0.9488099042416654 at x = [6.62419473e-01 7.41740605e-01 7.99572940e-01 3.62679544e-04
 3.35696164e-01 5.90173238e-01]
2026-03-23 09:10:16,168 - AEMSOlogs - INFO - Working on simulations...
2026-03-23 09:10:40,415 - AEMSOlogs - INFO - RCWA eval:[305 334 359  20 165 276] | diff. eff.:0.9412487387427707
2026-03-23 09:10:40,614 - AEMSOlogs - INFO - RCWA eval:[304 333 363  24 155 276] | diff. eff.:0.9429277160555221
2026-03-23 09:10:40,713 - AEMSOlogs - INFO - RCWA eval:[305 334 367  22 165 269] | diff. eff.:0.9390565244071811
2026-03-23 09:10:40,736 - AEMSOlogs - INFO - RCWA eval:[305 336 360  27 156 274] | diff. eff.:0.9435755091291603
2026-03-23 09:10:40,804 - AEMSOlogs - INFO - RCWA eval:[305 339 370  20 155 280] | diff. eff.:0.9416881082225667
2026-03-23 09:10:40,884 - AEMSOlogs - INFO - RCWA eval:[308 335 366  21 151 272] | diff. eff.:0.9426733805782342
2026-03-23 09:10:40,900 - AEMSOlogs - INFO - RCWA eval:[307 337 364  21 153 274] | diff. eff.:0.9466350391878382
2026-03-23 09:11:04,441 - AEMSOlogs - INFO - RCWA eval:[302 336 362  20 150 276] | diff. eff.:0.9437438551421412
2026-03-23 09:11:04,855 - AEMSOlogs - INFO - RCWA eval:[305 338 364  20 146 272] | diff. eff.:0.9449253531677905
2026-03-23 09:11:05,050 - AEMSOlogs - INFO - RCWA eval:[308 336 365  20 156 274] | diff. eff.:0.946283016447277
2026-03-23 09:11:05,054 - AEMSOlogs - INFO - RCWA eval:[305 337 362  31 155 270] | diff. eff.:0.9439560992505367
2026-03-23 09:11:05,306 - AEMSOlogs - INFO - RCWA eval:[303 336 363  20 151 278] | diff. eff.:0.9439065547595051
2026-03-23 09:11:05,320 - AEMSOlogs - INFO - RCWA eval:[306 333 364  20 165 273] | diff. eff.:0.9454684956083819
2026-03-23 09:11:05,327 - AEMSOlogs - INFO - RCWA eval:[306 337 367  20 148 274] | diff. eff.:0.94437734134267
2026-03-23 09:11:05,341 - AEMSOlogs - INFO - Iteration 43: Best Y = -0.9488099042416654 at x = [6.62419473e-01 7.41740605e-01 7.99572940e-01 3.62679544e-04
 3.35696164e-01 5.90173238e-01]
2026-03-23 09:11:05,345 - AEMSOlogs - INFO - Working on simulations...
2026-03-23 09:11:29,348 - AEMSOlogs - INFO - RCWA eval:[303 334 365  21 143 272] | diff. eff.:0.9395595958514987
2026-03-23 09:11:29,691 - AEMSOlogs - INFO - RCWA eval:[307 336 363  24 158 270] | diff. eff.:0.9441643908783613
2026-03-23 09:11:29,875 - AEMSOlogs - INFO - RCWA eval:[307 335 362  22 158 276] | diff. eff.:0.9458040819330662
2026-03-23 09:11:29,915 - AEMSOlogs - INFO - RCWA eval:[311 333 361  20 155 270] | diff. eff.:0.9353713680278374
2026-03-23 09:11:29,972 - AEMSOlogs - INFO - RCWA eval:[306 339 368  22 153 274] | diff. eff.:0.9452238672395024
2026-03-23 09:11:30,020 - AEMSOlogs - INFO - RCWA eval:[307 333 367  24 157 274] | diff. eff.:0.9404611398839245
2026-03-23 09:11:30,024 - AEMSOlogs - INFO - RCWA eval:[307 336 365  20 158 274] | diff. eff.:0.9472171586642496
2026-03-23 09:11:53,328 - AEMSOlogs - INFO - RCWA eval:[307 336 367  21 156 271] | diff. eff.:0.9428466130746429
2026-03-23 09:11:53,797 - AEMSOlogs - INFO - RCWA eval:[307 335 364  20 157 275] | diff. eff.:0.946752065831801
2026-03-23 09:11:54,162 - AEMSOlogs - INFO - RCWA eval:[308 339 366  24 154 278] | diff. eff.:0.9463593081921239
2026-03-23 09:11:54,216 - AEMSOlogs - INFO - RCWA eval:[306 333 367  20 153 273] | diff. eff.:0.9389989055956942
2026-03-23 09:11:54,407 - AEMSOlogs - INFO - RCWA eval:[304 335 362  20 149 271] | diff. eff.:0.9440315589221633
2026-03-23 09:11:54,483 - AEMSOlogs - INFO - RCWA eval:[308 339 363  20 157 274] | diff. eff.:0.9439345135301054
2026-03-23 09:11:54,527 - AEMSOlogs - INFO - RCWA eval:[306 338 365  20 159 272] | diff. eff.:0.9469216649766224
2026-03-23 09:11:54,541 - AEMSOlogs - INFO - Iteration 44: Best Y = -0.9488099042416654 at x = [6.62419473e-01 7.41740605e-01 7.99572940e-01 3.62679544e-04
 3.35696164e-01 5.90173238e-01]
2026-03-23 09:11:54,544 - AEMSOlogs - INFO - Working on simulations...
2026-03-23 09:12:18,867 - AEMSOlogs - INFO - RCWA eval:[305 339 362  21 161 272] | diff. eff.:0.9448111275464013
2026-03-23 09:12:19,006 - AEMSOlogs - INFO - RCWA eval:[309 339 365  20 161 271] | diff. eff.:0.9426484714291306
2026-03-23 09:12:19,049 - AEMSOlogs - INFO - RCWA eval:[307 335 365  21 163 273] | diff. eff.:0.9469197739039188
2026-03-23 09:12:19,111 - AEMSOlogs - INFO - RCWA eval:[307 339 363  20 158 277] | diff. eff.:0.9458602874812693
2026-03-23 09:12:19,210 - AEMSOlogs - INFO - RCWA eval:[309 335 364  21 161 277] | diff. eff.:0.9459288797402002
2026-03-23 09:12:19,212 - AEMSOlogs - INFO - RCWA eval:[305 338 363  20 143 275] | diff. eff.:0.9454027880559975
2026-03-23 09:12:19,239 - AEMSOlogs - INFO - RCWA eval:[306 340 365  21 156 271] | diff. eff.:0.9437341762370579
2026-03-23 09:12:42,917 - AEMSOlogs - INFO - RCWA eval:[310 336 366  21 163 274] | diff. eff.:0.9455432505866163
2026-03-23 09:12:43,279 - AEMSOlogs - INFO - RCWA eval:[305 337 366  21 158 278] | diff. eff.:0.9467786967673637
2026-03-23 09:12:43,422 - AEMSOlogs - INFO - RCWA eval:[307 337 368  21 148 279] | diff. eff.:0.9423496329021201
2026-03-23 09:12:43,435 - AEMSOlogs - INFO - RCWA eval:[307 339 365  22 157 272] | diff. eff.:0.9453835574309841
2026-03-23 09:12:43,627 - AEMSOlogs - INFO - RCWA eval:[307 335 366  20 155 276] | diff. eff.:0.9450801837448416
2026-03-23 09:12:43,679 - AEMSOlogs - INFO - RCWA eval:[306 335 367  20 155 276] | diff. eff.:0.9434439583824654
2026-03-23 09:12:43,732 - AEMSOlogs - INFO - RCWA eval:[307 335 363  20 152 273] | diff. eff.:0.9453001316468408
2026-03-23 09:12:43,747 - AEMSOlogs - INFO - Iteration 45: Best Y = -0.9488099042416654 at x = [6.62419473e-01 7.41740605e-01 7.99572940e-01 3.62679544e-04
 3.35696164e-01 5.90173238e-01]
2026-03-23 09:12:43,751 - AEMSOlogs - INFO - Working on simulations...
2026-03-23 09:13:08,033 - AEMSOlogs - INFO - RCWA eval:[307 333 363  20 162 275] | diff. eff.:0.9455474095266614
2026-03-23 09:13:08,244 - AEMSOlogs - INFO - RCWA eval:[306 336 362  20 161 276] | diff. eff.:0.9470367930281685
2026-03-23 09:13:08,253 - AEMSOlogs - INFO - RCWA eval:[308 336 364  21 164 271] | diff. eff.:0.9457585415469457
2026-03-23 09:13:08,314 - AEMSOlogs - INFO - RCWA eval:[306 337 368  20 155 273] | diff. eff.:0.9437831403843115
2026-03-23 09:13:08,392 - AEMSOlogs - INFO - RCWA eval:[308 337 365  20 162 275] | diff. eff.:0.9482350299425144
2026-03-23 09:13:08,411 - AEMSOlogs - INFO - RCWA eval:[308 336 365  20 170 277] | diff. eff.:0.9494284747958637
2026-03-23 09:13:08,466 - AEMSOlogs - INFO - RCWA eval:[310 335 362  23 165 279] | diff. eff.:0.9419846545811627
2026-03-23 09:13:32,035 - AEMSOlogs - INFO - RCWA eval:[306 336 366  20 160 276] | diff. eff.:0.9472151507789103
2026-03-23 09:13:32,490 - AEMSOlogs - INFO - RCWA eval:[306 337 365  20 151 275] | diff. eff.:0.9469142024405462
2026-03-23 09:13:32,584 - AEMSOlogs - INFO - RCWA eval:[308 336 365  21 160 277] | diff. eff.:0.947320788287136
2026-03-23 09:13:32,738 - AEMSOlogs - INFO - RCWA eval:[307 337 366  22 172 275] | diff. eff.:0.9505400724142876
2026-03-23 09:13:32,880 - AEMSOlogs - INFO - RCWA eval:[307 337 367  22 161 274] | diff. eff.:0.9470405660850835
2026-03-23 09:13:32,921 - AEMSOlogs - INFO - RCWA eval:[307 335 364  20 165 274] | diff. eff.:0.948038905164883
2026-03-23 09:13:32,984 - AEMSOlogs - INFO - RCWA eval:[308 338 364  20 166 275] | diff. eff.:0.9484169212574864
2026-03-23 09:13:32,998 - AEMSOlogs - INFO - Iteration 46: Best Y = -0.9505400724142876 at x = [0.66762576 0.73733364 0.80579013 0.00377748 0.35295472 0.59288787]
2026-03-23 09:13:33,001 - AEMSOlogs - INFO - Working on simulations...
2026-03-23 09:13:57,307 - AEMSOlogs - INFO - RCWA eval:[306 339 364  20 167 276] | diff. eff.:0.9496147426385374
2026-03-23 09:13:57,506 - AEMSOlogs - INFO - RCWA eval:[308 336 367  21 151 274] | diff. eff.:0.9437151986942091
2026-03-23 09:13:57,508 - AEMSOlogs - INFO - RCWA eval:[304 337 365  20 161 271] | diff. eff.:0.9458869137143064
2026-03-23 09:13:57,633 - AEMSOlogs - INFO - RCWA eval:[311 337 363  22 175 275] | diff. eff.:0.9449708377383418
2026-03-23 09:13:57,681 - AEMSOlogs - INFO - RCWA eval:[302 336 365  25 169 269] | diff. eff.:0.9417395744227339
2026-03-23 09:13:57,692 - AEMSOlogs - INFO - RCWA eval:[306 338 362  20 173 272] | diff. eff.:0.9470267396391558
2026-03-23 09:13:57,696 - AEMSOlogs - INFO - RCWA eval:[311 339 367  21 157 274] | diff. eff.:0.9419432663127258
2026-03-23 09:14:21,390 - AEMSOlogs - INFO - RCWA eval:[308 339 368  27 173 276] | diff. eff.:0.9504041142605417
2026-03-23 09:14:21,800 - AEMSOlogs - INFO - RCWA eval:[309 336 367  20 183 276] | diff. eff.:0.9510934177490279
2026-03-23 09:14:21,811 - AEMSOlogs - INFO - RCWA eval:[309 339 364  20 157 280] | diff. eff.:0.9431708955349073
2026-03-23 09:14:21,938 - AEMSOlogs - INFO - RCWA eval:[307 336 361  21 178 272] | diff. eff.:0.9461739671271955
2026-03-23 09:14:22,133 - AEMSOlogs - INFO - RCWA eval:[306 340 365  23 147 272] | diff. eff.:0.9430923940622088
2026-03-23 09:14:22,159 - AEMSOlogs - INFO - RCWA eval:[310 337 367  20 157 278] | diff. eff.:0.9446051769450071
2026-03-23 09:14:22,208 - AEMSOlogs - INFO - RCWA eval:[309 335 365  20 167 276] | diff. eff.:0.9474998816868029
2026-03-23 09:14:22,222 - AEMSOlogs - INFO - Iteration 47: Best Y = -0.9510934177490279 at x = [6.72134754e-01 7.35768151e-01 8.06883534e-01 6.69615671e-04
 3.79506822e-01 5.95048664e-01]
2026-03-23 09:14:22,226 - AEMSOlogs - INFO - Working on simulations...
2026-03-23 09:14:46,496 - AEMSOlogs - INFO - RCWA eval:[309 339 365  25 177 273] | diff. eff.:0.9485133265607084
2026-03-23 09:14:46,698 - AEMSOlogs - INFO - RCWA eval:[310 333 361  21 182 272] | diff. eff.:0.9430402375573114
2026-03-23 09:14:46,757 - AEMSOlogs - INFO - RCWA eval:[308 338 367  22 181 280] | diff. eff.:0.951389197019515
2026-03-23 09:14:46,804 - AEMSOlogs - INFO - RCWA eval:[307 332 359  29 178 271] | diff. eff.:0.9407585157679974
2026-03-23 09:14:46,910 - AEMSOlogs - INFO - RCWA eval:[307 338 366  21 157 277] | diff. eff.:0.9479299880095665
2026-03-23 09:14:46,925 - AEMSOlogs - INFO - RCWA eval:[302 338 362  36 168 279] | diff. eff.:0.9445877290717191
2026-03-23 09:14:46,951 - AEMSOlogs - INFO - RCWA eval:[305 335 363  35 179 273] | diff. eff.:0.9492843485820648
2026-03-23 09:15:10,505 - AEMSOlogs - INFO - RCWA eval:[303 340 364  22 150 275] | diff. eff.:0.9457782310830148
2026-03-23 09:15:10,922 - AEMSOlogs - INFO - RCWA eval:[307 339 364  22 164 279] | diff. eff.:0.9475367744905548
2026-03-23 09:15:11,042 - AEMSOlogs - INFO - RCWA eval:[307 343 366  20 162 277] | diff. eff.:0.942749909877827
2026-03-23 09:15:11,190 - AEMSOlogs - INFO - RCWA eval:[303 339 367  24 166 277] | diff. eff.:0.9478318816558081
2026-03-23 09:15:11,378 - AEMSOlogs - INFO - RCWA eval:[305 335 363  31 163 269] | diff. eff.:0.9443526185875419
2026-03-23 09:15:11,398 - AEMSOlogs - INFO - RCWA eval:[307 338 363  20 170 280] | diff. eff.:0.9467488158838908
2026-03-23 09:15:11,456 - AEMSOlogs - INFO - RCWA eval:[310 337 363  21 189 274] | diff. eff.:0.9488634487597647
2026-03-23 09:15:11,469 - AEMSOlogs - INFO - Iteration 48: Best Y = -0.951389197019515 at x = [0.66926877 0.73941444 0.80607852 0.00459264 0.37508672 0.60433545]
2026-03-23 09:15:11,473 - AEMSOlogs - INFO - Working on simulations...
2026-03-23 09:15:35,774 - AEMSOlogs - INFO - RCWA eval:[312 341 371  33 177 277] | diff. eff.:0.9449059105551499
2026-03-23 09:15:35,949 - AEMSOlogs - INFO - RCWA eval:[310 338 369  41 197 278] | diff. eff.:0.9543176517587008
2026-03-23 09:15:35,963 - AEMSOlogs - INFO - RCWA eval:[313 333 366  31 175 281] | diff. eff.:0.9385446061098595
2026-03-23 09:15:36,005 - AEMSOlogs - INFO - RCWA eval:[311 336 363  30 189 272] | diff. eff.:0.9463460944533021
2026-03-23 09:15:36,171 - AEMSOlogs - INFO - RCWA eval:[304 335 365  28 171 281] | diff. eff.:0.942276219528793
2026-03-23 09:15:36,175 - AEMSOlogs - INFO - RCWA eval:[310 333 362  20 178 279] | diff. eff.:0.9428957124260128
2026-03-23 09:15:36,191 - AEMSOlogs - INFO - RCWA eval:[306 338 369  21 186 274] | diff. eff.:0.9503075259702913
2026-03-23 09:15:59,807 - AEMSOlogs - INFO - RCWA eval:[301 338 362  22 157 274] | diff. eff.:0.9444791995959148
2026-03-23 09:16:00,186 - AEMSOlogs - INFO - RCWA eval:[305 341 369  30 180 271] | diff. eff.:0.946351215882518
2026-03-23 09:16:00,285 - AEMSOlogs - INFO - RCWA eval:[309 340 364  20 174 288] | diff. eff.:0.9283662983367162
2026-03-23 09:16:00,402 - AEMSOlogs - INFO - RCWA eval:[308 334 365  21 188 280] | diff. eff.:0.9478695607602937
2026-03-23 09:16:00,621 - AEMSOlogs - INFO - RCWA eval:[310 342 366  22 175 275] | diff. eff.:0.9437499544602608
2026-03-23 09:16:00,632 - AEMSOlogs - INFO - RCWA eval:[312 338 372  37 204 281] | diff. eff.:0.9504823784005949
2026-03-23 09:16:00,697 - AEMSOlogs - INFO - RCWA eval:[306 334 362  45 194 277] | diff. eff.:0.9482656735133345
2026-03-23 09:16:00,711 - AEMSOlogs - INFO - Iteration 49: Best Y = -0.9543176517587008 at x = [0.67517912 0.73882212 0.81162403 0.04777736 0.4123315  0.59941729]
2026-03-23 09:16:00,715 - AEMSOlogs - INFO - Working on simulations...
2026-03-23 09:16:24,991 - AEMSOlogs - INFO - RCWA eval:[314 330 355  20 193 276] | diff. eff.:0.9044621444593615
2026-03-23 09:16:25,160 - AEMSOlogs - INFO - RCWA eval:[302 342 371  34 178 281] | diff. eff.:0.9437269804508019
2026-03-23 09:16:25,188 - AEMSOlogs - INFO - RCWA eval:[309 337 368  21 231 282] | diff. eff.:0.9490261277306066
2026-03-23 09:16:25,305 - AEMSOlogs - INFO - RCWA eval:[307 338 367  41 217 278] | diff. eff.:0.9553823958986345
2026-03-23 09:16:25,376 - AEMSOlogs - INFO - RCWA eval:[314 339 381  24 198 277] | diff. eff.:0.9279929759121456
2026-03-23 09:16:25,431 - AEMSOlogs - INFO - RCWA eval:[316 336 366  23 202 284] | diff. eff.:0.940010002820161
2026-03-23 09:16:25,434 - AEMSOlogs - INFO - RCWA eval:[309 337 364  53 209 272] | diff. eff.:0.951792382154388
2026-03-23 09:16:49,013 - AEMSOlogs - INFO - RCWA eval:[310 341 373  30 174 279] | diff. eff.:0.9441561835128949
2026-03-23 09:16:49,424 - AEMSOlogs - INFO - RCWA eval:[305 334 373  47 190 269] | diff. eff.:0.9240692914526304
2026-03-23 09:16:49,474 - AEMSOlogs - INFO - RCWA eval:[310 336 378  30 220 284] | diff. eff.:0.9278791083353809
2026-03-23 09:16:49,675 - AEMSOlogs - INFO - RCWA eval:[316 336 364  20 172 279] | diff. eff.:0.9336404002799477
2026-03-23 09:16:49,748 - AEMSOlogs - INFO - RCWA eval:[316 336 372  53 222 282] | diff. eff.:0.9469754134581995
2026-03-23 09:16:49,887 - AEMSOlogs - INFO - RCWA eval:[311 336 371  23 183 278] | diff. eff.:0.9446629196593567
2026-03-23 09:16:49,902 - AEMSOlogs - INFO - RCWA eval:[311 338 372  29 185 274] | diff. eff.:0.9446998191876719
2026-03-23 09:16:49,916 - AEMSOlogs - INFO - Iteration 50: Best Y = -0.9553823958986345 at x = [0.66674982 0.73899593 0.80719075 0.04802076 0.4589818  0.59910317]
2026-03-23 09:16:49,921 - AEMSOlogs - INFO - Working on simulations...
2026-03-23 09:17:13,957 - AEMSOlogs - INFO - RCWA eval:[305 335 361 106 233 277] | diff. eff.:0.9306625892173728
2026-03-23 09:17:14,219 - AEMSOlogs - INFO - RCWA eval:[297 339 362  73 225 288] | diff. eff.:0.8983880835022586
2026-03-23 09:17:14,388 - AEMSOlogs - INFO - RCWA eval:[305 337 362  57 239 282] | diff. eff.:0.9241459702774139
2026-03-23 09:17:14,445 - AEMSOlogs - INFO - RCWA eval:[304 340 365  24 243 288] | diff. eff.:0.9160620627188453
2026-03-23 09:17:14,536 - AEMSOlogs - INFO - RCWA eval:[305 342 370  31 198 274] | diff. eff.:0.9520126919897388
2026-03-23 09:17:14,566 - AEMSOlogs - INFO - RCWA eval:[318 333 368  26 253 272] | diff. eff.:0.9257319634698223
2026-03-23 09:17:14,595 - AEMSOlogs - INFO - RCWA eval:[317 341 372  44 220 281] | diff. eff.:0.9515915184651075
2026-03-23 09:17:38,014 - AEMSOlogs - INFO - RCWA eval:[320 334 380  20 215 289] | diff. eff.:0.8990616911063477
2026-03-23 09:17:38,344 - AEMSOlogs - INFO - RCWA eval:[314 341 377  36 240 270] | diff. eff.:0.9370916236687317
2026-03-23 09:17:38,469 - AEMSOlogs - INFO - RCWA eval:[313 344 377  30 199 291] | diff. eff.:0.9230405103577539
2026-03-23 09:17:38,660 - AEMSOlogs - INFO - RCWA eval:[305 335 356  21 220 282] | diff. eff.:0.9060478352636251
2026-03-23 09:17:38,876 - AEMSOlogs - INFO - RCWA eval:[317 342 371 122 275 283] | diff. eff.:0.8841848678234018
2026-03-23 09:17:38,897 - AEMSOlogs - INFO - RCWA eval:[316 332 379  32 230 287] | diff. eff.:0.9053481404823253
2026-03-23 09:17:39,009 - AEMSOlogs - INFO - RCWA eval:[311 336 371  20 209 288] | diff. eff.:0.9342860912294982
2026-03-23 09:17:39,024 - AEMSOlogs - INFO - Iteration 51: Best Y = -0.9553823958986345 at x = [0.66674982 0.73899593 0.80719075 0.04802076 0.4589818  0.59910317]


Job ID: 4007360
Cluster: cluster_dei
User/Group: vergerioed/dottor
State: COMPLETED (exit code 0)
Nodes: 1
Cores per node: 7
CPU Utilized: 04:51:57
CPU Efficiency: 99.42% of 04:53:39 core-walltime
Job Wall-clock time: 00:41:57
Memory Utilized: 6.92 GB
Memory Efficiency: 76.84% of 9.00 GB (9.00 GB/node)
