2026-03-17 21:32:22,127 - AEMSOlogs - INFO - Working on simulations...
2026-03-17 21:34:52,229 - AEMSOlogs - INFO - Working on simulations...
2026-03-17 21:35:38,897 - AEMSOlogs - INFO - RCWA eval:[367. 298. 223. 226. 327. 310.] | diff. eff.:0.15198198564639917
2026-03-17 21:35:38,979 - AEMSOlogs - INFO - RCWA eval:[131.  93. 248. 384. 430. 154.] | diff. eff.:0.014288701987022784
2026-03-17 21:35:39,153 - AEMSOlogs - INFO - RCWA eval:[172. 239. 258. 423. 129.  30.] | diff. eff.:0.10060667256542463
2026-03-17 21:35:39,195 - AEMSOlogs - INFO - RCWA eval:[272. 178. 214. 263. 259. 308.] | diff. eff.:0.24081032867382668
2026-03-17 21:36:24,764 - AEMSOlogs - INFO - RCWA eval:[152. 286. 235. 204. 296. 269.] | diff. eff.:0.008653434636957225
2026-03-17 21:36:24,873 - AEMSOlogs - INFO - RCWA eval:[180. 195. 380. 304. 296. 204.] | diff. eff.:0.07860738376812577
2026-03-17 21:36:25,112 - AEMSOlogs - INFO - RCWA eval:[254. 395. 138. 300. 237. 286.] | diff. eff.:0.14468223601272986
2026-03-17 21:36:25,320 - AEMSOlogs - INFO - RCWA eval:[170. 260. 391. 303. 165. 171.] | diff. eff.:0.11649076916874256
2026-03-17 21:37:03,470 - AEMSOlogs - INFO - RCWA eval:[264. 110.  43. 292. 152. 261.] | diff. eff.:0.11268440362359629
2026-03-17 21:37:03,494 - AEMSOlogs - INFO - RCWA eval:[350. 182. 193. 183. 153. 185.] | diff. eff.:0.10015896230899221
2026-03-17 21:37:03,611 - AEMSOlogs - INFO - RCWA eval:[208. 155. 206. 338.  77. 222.] | diff. eff.:0.18252578682667275
2026-03-17 21:37:03,958 - AEMSOlogs - INFO - RCWA eval:[370. 108. 282. 167. 269. 269.] | diff. eff.:0.21076701425660604
2026-03-17 21:37:45,591 - AEMSOlogs - INFO - RCWA eval:[135. 289. 294. 218. 315. 297.] | diff. eff.:0.013216874403119482
2026-03-17 21:37:46,503 - AEMSOlogs - INFO - RCWA eval:[210. 208. 328. 220. 246. 116.] | diff. eff.:0.09706584338987984
2026-03-17 21:37:46,556 - AEMSOlogs - INFO - Iteration 1: Best Y = -0.24081032867382668 at x = [0.58699784 0.36648887 0.45105009 0.56518482 0.55500555 0.6705104 ]
2026-03-17 21:37:46,564 - AEMSOlogs - INFO - Working on simulations...
2026-03-17 21:38:34,913 - AEMSOlogs - INFO - RCWA eval:[440. 175. 232. 135. 244. 241.] | diff. eff.:0.021796277652349143
2026-03-17 21:38:34,986 - AEMSOlogs - INFO - RCWA eval:[429.  30. 284. 231. 280. 267.] | diff. eff.:0.20626826716611749
2026-03-17 21:38:34,997 - AEMSOlogs - INFO - RCWA eval:[330. 334. 159. 362. 137. 287.] | diff. eff.:0.5219283067611384
2026-03-17 21:38:35,085 - AEMSOlogs - INFO - RCWA eval:[304. 209. 158. 264. 102. 305.] | diff. eff.:0.280123886365697
2026-03-17 21:39:23,182 - AEMSOlogs - INFO - RCWA eval:[319. 196. 243. 243. 233. 308.] | diff. eff.:0.31746717025610866
2026-03-17 21:39:23,369 - AEMSOlogs - INFO - RCWA eval:[280. 149. 296. 353. 246. 216.] | diff. eff.:0.2588626441123369
2026-03-17 21:39:23,502 - AEMSOlogs - INFO - RCWA eval:[429. 265. 353. 190. 230. 143.] | diff. eff.:0.19233637249575478
2026-03-17 21:39:23,522 - AEMSOlogs - INFO - RCWA eval:[213. 160. 312. 299. 272. 184.] | diff. eff.:0.13667435965943364
2026-03-17 21:40:11,433 - AEMSOlogs - INFO - RCWA eval:[247. 210. 250. 260. 320. 256.] | diff. eff.:0.07239471132073166
2026-03-17 21:40:11,679 - AEMSOlogs - INFO - RCWA eval:[266. 289. 310. 204. 197. 291.] | diff. eff.:0.25975072983161657
2026-03-17 21:40:12,065 - AEMSOlogs - INFO - RCWA eval:[154. 119. 216. 380. 142. 292.] | diff. eff.:0.044881033595439324
2026-03-17 21:40:12,176 - AEMSOlogs - INFO - RCWA eval:[272. 172. 268. 251. 208. 171.] | diff. eff.:0.024239979479665354
2026-03-17 21:40:59,569 - AEMSOlogs - INFO - RCWA eval:[209. 136. 210. 171. 237. 317.] | diff. eff.:0.2830175519825968
2026-03-17 21:41:00,103 - AEMSOlogs - INFO - RCWA eval:[339. 176. 446. 252. 195. 269.] | diff. eff.:0.2998373905395208
2026-03-17 21:41:00,122 - AEMSOlogs - INFO - Iteration 2: Best Y = -0.5219283067611384 at x = [0.72062376 0.73086114 0.32267523 0.79497702 0.27282463 0.62062179]
2026-03-17 21:41:00,128 - AEMSOlogs - INFO - Working on simulations...
2026-03-17 21:41:48,490 - AEMSOlogs - INFO - RCWA eval:[401. 230. 242. 438.  21. 381.] | diff. eff.:0.15646431089331334
2026-03-17 21:41:48,502 - AEMSOlogs - INFO - RCWA eval:[276. 207. 239. 170. 315. 282.] | diff. eff.:0.00981740743340051
2026-03-17 21:41:48,566 - AEMSOlogs - INFO - RCWA eval:[311. 408. 269. 269. 189. 155.] | diff. eff.:0.015583340491146631
2026-03-17 21:41:48,794 - AEMSOlogs - INFO - RCWA eval:[282. 280. 135. 242. 169. 376.] | diff. eff.:0.00570572373464988
2026-03-17 21:42:36,843 - AEMSOlogs - INFO - RCWA eval:[240. 154. 194. 158.  66. 360.] | diff. eff.:0.05778782864399825
2026-03-17 21:42:37,071 - AEMSOlogs - INFO - RCWA eval:[228. 104. 235. 348. 224. 253.] | diff. eff.:0.0032658458844418165
2026-03-17 21:42:37,127 - AEMSOlogs - INFO - RCWA eval:[271. 188. 171. 239. 253. 254.] | diff. eff.:0.08978888803411363
2026-03-17 21:42:37,211 - AEMSOlogs - INFO - RCWA eval:[319. 265. 374. 340. 175. 343.] | diff. eff.:0.011447892739508756
2026-03-17 21:43:25,228 - AEMSOlogs - INFO - RCWA eval:[389.  74. 242. 256. 186. 368.] | diff. eff.:0.30431109719422633
2026-03-17 21:43:25,411 - AEMSOlogs - INFO - RCWA eval:[442.  72. 197. 389. 277. 215.] | diff. eff.:0.10412092894955907
2026-03-17 21:43:25,469 - AEMSOlogs - INFO - RCWA eval:[282. 210. 394. 220. 256. 315.] | diff. eff.:0.046311690354045955
2026-03-17 21:43:25,726 - AEMSOlogs - INFO - RCWA eval:[259. 237. 228. 245. 148. 237.] | diff. eff.:0.011959558985897676
2026-03-17 21:44:05,711 - AEMSOlogs - INFO - RCWA eval:[225. 269. 304. 373. 175. 355.] | diff. eff.:0.3793660124430721
2026-03-17 21:44:06,186 - AEMSOlogs - INFO - RCWA eval:[370. 320. 346. 370.  79. 312.] | diff. eff.:0.10242875967286973
2026-03-17 21:44:06,206 - AEMSOlogs - INFO - Iteration 3: Best Y = -0.5219283067611384 at x = [0.72062376 0.73086114 0.32267523 0.79497702 0.27282463 0.62062179]
2026-03-17 21:44:06,211 - AEMSOlogs - INFO - Working on simulations...
2026-03-17 21:44:54,501 - AEMSOlogs - INFO - RCWA eval:[318. 210. 202. 354. 369. 330.] | diff. eff.:0.06035460129318765
2026-03-17 21:44:54,613 - AEMSOlogs - INFO - RCWA eval:[437. 129. 403. 246. 198. 370.] | diff. eff.:0.027861347599281824
2026-03-17 21:44:54,618 - AEMSOlogs - INFO - RCWA eval:[146. 217. 343. 281. 143. 222.] | diff. eff.:0.11219580096026831
2026-03-17 21:44:54,653 - AEMSOlogs - INFO - RCWA eval:[439. 254. 276. 285.  77. 178.] | diff. eff.:0.25080501195868204
2026-03-17 21:45:42,743 - AEMSOlogs - INFO - RCWA eval:[414. 212. 214. 417. 222. 301.] | diff. eff.:0.07942977085551213
2026-03-17 21:45:42,988 - AEMSOlogs - INFO - RCWA eval:[353. 376. 284. 301. 293. 125.] | diff. eff.:0.3520209374240752
2026-03-17 21:45:43,038 - AEMSOlogs - INFO - RCWA eval:[343. 195. 391. 238. 251. 352.] | diff. eff.:0.474607647115847
2026-03-17 21:45:43,196 - AEMSOlogs - INFO - RCWA eval:[347. 212. 254. 332. 106. 336.] | diff. eff.:0.1256808430956434
2026-03-17 21:46:31,205 - AEMSOlogs - INFO - RCWA eval:[367.  53. 194. 196. 315. 227.] | diff. eff.:0.44999112868576174
2026-03-17 21:46:31,475 - AEMSOlogs - INFO - RCWA eval:[393. 238. 327. 322.  74. 372.] | diff. eff.:0.5406482726720304
2026-03-17 21:46:31,517 - AEMSOlogs - INFO - RCWA eval:[288. 282. 270. 371.  25. 281.] | diff. eff.:0.3057234085845067
2026-03-17 21:46:31,643 - AEMSOlogs - INFO - RCWA eval:[400. 206. 272. 403. 190. 391.] | diff. eff.:0.06400317282265894
2026-03-17 21:47:19,216 - AEMSOlogs - INFO - RCWA eval:[297. 227. 206. 394.  73. 317.] | diff. eff.:0.0811257157743342
2026-03-17 21:47:19,580 - AEMSOlogs - INFO - RCWA eval:[339. 242. 363. 277. 219. 423.] | diff. eff.:0.2566571446453814
2026-03-17 21:47:19,599 - AEMSOlogs - INFO - Iteration 4: Best Y = -0.5406482726720304 at x = [0.86708046 0.5076704  0.71454704 0.70321468 0.12620615 0.81868818]
2026-03-17 21:47:19,605 - AEMSOlogs - INFO - Working on simulations...
2026-03-17 21:48:07,901 - AEMSOlogs - INFO - RCWA eval:[329. 182. 314. 221. 158. 288.] | diff. eff.:0.10276055963394254
2026-03-17 21:48:08,085 - AEMSOlogs - INFO - RCWA eval:[261. 340. 393. 372.  33. 311.] | diff. eff.:0.16361245709467453
2026-03-17 21:48:08,114 - AEMSOlogs - INFO - RCWA eval:[402. 194. 256. 450. 270. 368.] | diff. eff.:0.08372972957505206
2026-03-17 21:48:08,168 - AEMSOlogs - INFO - RCWA eval:[441. 217. 314. 210. 274. 162.] | diff. eff.:0.06942877760005237
2026-03-17 21:48:56,194 - AEMSOlogs - INFO - RCWA eval:[244. 163. 295. 274. 140. 299.] | diff. eff.:0.01435843021515316
2026-03-17 21:48:56,490 - AEMSOlogs - INFO - RCWA eval:[434. 183. 302. 314. 163. 311.] | diff. eff.:0.19329603296498088
2026-03-17 21:48:56,561 - AEMSOlogs - INFO - RCWA eval:[390. 102. 335. 170. 236. 303.] | diff. eff.:0.04195072589126895
2026-03-17 21:48:56,805 - AEMSOlogs - INFO - RCWA eval:[258. 209. 324. 224. 170. 398.] | diff. eff.:0.2979255846532278
2026-03-17 21:49:44,385 - AEMSOlogs - INFO - RCWA eval:[450. 330. 285. 257. 114. 307.] | diff. eff.:0.06765537660179662
2026-03-17 21:49:44,745 - AEMSOlogs - INFO - RCWA eval:[437. 328. 422. 295.  68. 300.] | diff. eff.:0.06235381653913326
2026-03-17 21:49:45,083 - AEMSOlogs - INFO - RCWA eval:[393. 212. 268. 369. 239. 331.] | diff. eff.:0.0550928312337135
2026-03-17 21:49:45,305 - AEMSOlogs - INFO - RCWA eval:[363. 231. 330. 291.  75. 371.] | diff. eff.:0.05470795755064459
2026-03-17 21:50:28,780 - AEMSOlogs - INFO - RCWA eval:[288. 104. 315. 192. 179. 277.] | diff. eff.:0.29619960351366365
2026-03-17 21:50:29,160 - AEMSOlogs - INFO - RCWA eval:[299. 306. 318. 246. 139. 216.] | diff. eff.:0.4310544396158069
2026-03-17 21:50:29,186 - AEMSOlogs - INFO - Iteration 5: Best Y = -0.5406482726720304 at x = [0.86708046 0.5076704  0.71454704 0.70321468 0.12620615 0.81868818]
2026-03-17 21:50:29,190 - AEMSOlogs - INFO - Working on simulations...
2026-03-17 21:51:13,962 - AEMSOlogs - INFO - RCWA eval:[330. 184. 347. 368. 124. 337.] | diff. eff.:0.08826561208470116
2026-03-17 21:51:14,044 - AEMSOlogs - INFO - RCWA eval:[252. 263. 417. 317.  98. 229.] | diff. eff.:0.1671117036056233
2026-03-17 21:51:14,139 - AEMSOlogs - INFO - RCWA eval:[410. 331. 241. 450.  97. 284.] | diff. eff.:0.3703984719173641
2026-03-17 21:51:14,319 - AEMSOlogs - INFO - RCWA eval:[300. 217. 250. 227. 245. 124.] | diff. eff.:0.03753218273574756
2026-03-17 21:52:02,285 - AEMSOlogs - INFO - RCWA eval:[261. 327. 314. 194. 203. 194.] | diff. eff.:0.44791947447833513
2026-03-17 21:52:02,426 - AEMSOlogs - INFO - RCWA eval:[337. 330. 254. 273. 217. 166.] | diff. eff.:0.12292667786151125
2026-03-17 21:52:02,765 - AEMSOlogs - INFO - RCWA eval:[253. 390. 336. 239. 213. 183.] | diff. eff.:0.20091938206191348
2026-03-17 21:52:02,781 - AEMSOlogs - INFO - RCWA eval:[344. 131. 285. 180. 236. 265.] | diff. eff.:0.1060729846780151
2026-03-17 21:52:50,564 - AEMSOlogs - INFO - RCWA eval:[388. 249. 268. 312. 158. 252.] | diff. eff.:0.23830134542181278
2026-03-17 21:52:50,655 - AEMSOlogs - INFO - RCWA eval:[306. 328. 270. 313.  69. 363.] | diff. eff.:0.07692302883723283
2026-03-17 21:52:51,191 - AEMSOlogs - INFO - RCWA eval:[207.  94. 310. 153.  45. 387.] | diff. eff.:0.38226744416605035
2026-03-17 21:52:51,286 - AEMSOlogs - INFO - RCWA eval:[285. 205. 391. 339. 149. 362.] | diff. eff.:0.19250317165290007
2026-03-17 21:53:39,447 - AEMSOlogs - INFO - RCWA eval:[231. 161. 295. 247. 104. 279.] | diff. eff.:0.022063956928357352
2026-03-17 21:53:39,505 - AEMSOlogs - INFO - RCWA eval:[380. 333. 310. 284. 199. 204.] | diff. eff.:0.051602452286387296
2026-03-17 21:53:39,524 - AEMSOlogs - INFO - Iteration 6: Best Y = -0.5406482726720304 at x = [0.86708046 0.5076704  0.71454704 0.70321468 0.12620615 0.81868818]
2026-03-17 21:53:39,529 - AEMSOlogs - INFO - Working on simulations...
2026-03-17 21:54:27,813 - AEMSOlogs - INFO - RCWA eval:[276. 347. 243. 319. 230. 222.] | diff. eff.:0.07732795571411107
2026-03-17 21:54:27,862 - AEMSOlogs - INFO - RCWA eval:[366. 334. 343. 203. 160. 259.] | diff. eff.:0.21123914113359432
2026-03-17 21:54:28,187 - AEMSOlogs - INFO - RCWA eval:[263. 321. 326. 172. 127. 189.] | diff. eff.:0.5998889389638558
2026-03-17 21:54:28,234 - AEMSOlogs - INFO - RCWA eval:[263. 288. 208. 224. 262. 154.] | diff. eff.:0.04419828768862336
2026-03-17 21:55:16,052 - AEMSOlogs - INFO - RCWA eval:[326. 418. 336. 277.  52. 218.] | diff. eff.:0.1643478879321648
2026-03-17 21:55:16,057 - AEMSOlogs - INFO - RCWA eval:[315. 329. 259. 375.  57. 206.] | diff. eff.:0.38878185237587864
2026-03-17 21:55:16,513 - AEMSOlogs - INFO - RCWA eval:[254. 329. 269. 243.  48. 320.] | diff. eff.:0.023732655575223523
2026-03-17 21:55:16,643 - AEMSOlogs - INFO - RCWA eval:[305. 254. 240. 307. 196. 303.] | diff. eff.:0.03283662520701031
2026-03-17 21:56:04,224 - AEMSOlogs - INFO - RCWA eval:[323. 144. 266. 228. 261. 271.] | diff. eff.:0.2901401229729313
2026-03-17 21:56:04,536 - AEMSOlogs - INFO - RCWA eval:[319. 223. 262. 235. 149. 198.] | diff. eff.:0.03961382523761251
2026-03-17 21:56:04,864 - AEMSOlogs - INFO - RCWA eval:[267. 211. 233. 175. 204. 265.] | diff. eff.:0.047273378132478616
2026-03-17 21:56:05,030 - AEMSOlogs - INFO - RCWA eval:[433. 185. 302. 276. 224. 306.] | diff. eff.:0.05856815118044039
2026-03-17 21:56:52,409 - AEMSOlogs - INFO - RCWA eval:[238. 301. 274. 176. 236. 231.] | diff. eff.:0.14942768528760353
2026-03-17 21:56:53,380 - AEMSOlogs - INFO - RCWA eval:[254. 173. 286. 171. 242. 304.] | diff. eff.:0.03599366504183786
2026-03-17 21:56:53,399 - AEMSOlogs - INFO - Iteration 7: Best Y = -0.5998889389638558 at x = [0.56624316 0.70084139 0.71158858 0.35236293 0.24988523 0.39218573]
2026-03-17 21:56:53,404 - AEMSOlogs - INFO - Working on simulations...
2026-03-17 21:57:34,495 - AEMSOlogs - INFO - RCWA eval:[403. 169. 327. 449.  26. 335.] | diff. eff.:0.027348953263292817
2026-03-17 21:57:34,598 - AEMSOlogs - INFO - RCWA eval:[245. 256. 388. 166. 126. 293.] | diff. eff.:0.20375687614353666
2026-03-17 21:57:34,625 - AEMSOlogs - INFO - RCWA eval:[283. 194. 311. 101. 210. 258.] | diff. eff.:0.26755580690325664
2026-03-17 21:57:34,746 - AEMSOlogs - INFO - RCWA eval:[246. 380. 250. 371. 105. 204.] | diff. eff.:0.12200261315433947
2026-03-17 21:58:22,738 - AEMSOlogs - INFO - RCWA eval:[315. 311. 300. 244. 150. 250.] | diff. eff.:0.2601913192704458
2026-03-17 21:58:23,024 - AEMSOlogs - INFO - RCWA eval:[225. 356. 315. 220. 115. 149.] | diff. eff.:0.1414233883481919
2026-03-17 21:58:23,093 - AEMSOlogs - INFO - RCWA eval:[279. 294. 264. 239. 156.  86.] | diff. eff.:0.1134368694276959
2026-03-17 21:58:23,246 - AEMSOlogs - INFO - RCWA eval:[370. 367. 312. 217. 156. 317.] | diff. eff.:0.1265308718331095
2026-03-17 21:59:11,077 - AEMSOlogs - INFO - RCWA eval:[309. 275. 404. 208. 202. 193.] | diff. eff.:0.33178445847485916
2026-03-17 21:59:11,312 - AEMSOlogs - INFO - RCWA eval:[277. 325. 353. 179. 153. 354.] | diff. eff.:0.3568563569374735
2026-03-17 21:59:11,433 - AEMSOlogs - INFO - RCWA eval:[323. 217. 292. 285. 152. 295.] | diff. eff.:0.05822171770933868
2026-03-17 21:59:11,695 - AEMSOlogs - INFO - RCWA eval:[288. 329. 417. 272. 139. 174.] | diff. eff.:0.22787590998399346
2026-03-17 21:59:59,076 - AEMSOlogs - INFO - RCWA eval:[305. 304. 370. 116. 190.  35.] | diff. eff.:0.5382383750317251
2026-03-17 22:00:00,039 - AEMSOlogs - INFO - RCWA eval:[344. 264. 316. 138. 103. 120.] | diff. eff.:0.2170396735275242
2026-03-17 22:00:00,058 - AEMSOlogs - INFO - Iteration 8: Best Y = -0.5998889389638558 at x = [0.56624316 0.70084139 0.71158858 0.35236293 0.24988523 0.39218573]
2026-03-17 22:00:00,062 - AEMSOlogs - INFO - Working on simulations...
2026-03-17 22:00:48,329 - AEMSOlogs - INFO - RCWA eval:[331. 320. 413. 202.  95. 229.] | diff. eff.:0.3011760406914383
2026-03-17 22:00:48,428 - AEMSOlogs - INFO - RCWA eval:[250. 281. 302. 152. 158. 194.] | diff. eff.:0.39117648568254354
2026-03-17 22:00:48,499 - AEMSOlogs - INFO - RCWA eval:[268. 315. 302. 207. 124. 261.] | diff. eff.:0.44326982126788605
2026-03-17 22:00:48,737 - AEMSOlogs - INFO - RCWA eval:[265. 243. 269. 173. 213.  71.] | diff. eff.:0.08057860028698009
2026-03-17 22:01:36,505 - AEMSOlogs - INFO - RCWA eval:[277. 311. 368.  54. 337. 102.] | diff. eff.:0.11638061273298647
2026-03-17 22:01:36,794 - AEMSOlogs - INFO - RCWA eval:[304. 301. 449. 265. 242. 235.] | diff. eff.:0.18159258061321926
2026-03-17 22:01:36,906 - AEMSOlogs - INFO - RCWA eval:[290. 379. 401. 163. 291. 152.] | diff. eff.:0.12886745364910054
2026-03-17 22:01:37,345 - AEMSOlogs - INFO - RCWA eval:[168. 356. 386. 114. 208.  85.] | diff. eff.:0.21363236749090245
2026-03-17 22:02:24,660 - AEMSOlogs - INFO - RCWA eval:[243. 385. 434.  37. 231. 103.] | diff. eff.:0.020221336546443824
2026-03-17 22:02:25,004 - AEMSOlogs - INFO - RCWA eval:[397. 301. 422.  88. 287. 231.] | diff. eff.:0.05023996050017912
2026-03-17 22:02:25,274 - AEMSOlogs - INFO - RCWA eval:[270. 447. 448. 202. 183.  27.] | diff. eff.:0.05407544232554543
2026-03-17 22:02:25,830 - AEMSOlogs - INFO - RCWA eval:[193. 301. 317.  22. 255. 168.] | diff. eff.:0.2289305647572443
2026-03-17 22:03:12,632 - AEMSOlogs - INFO - RCWA eval:[287. 225. 371. 104. 243. 156.] | diff. eff.:0.35598764618612483
2026-03-17 22:03:14,096 - AEMSOlogs - INFO - RCWA eval:[289. 194. 413.  22. 147. 247.] | diff. eff.:0.26237949975041935
2026-03-17 22:03:14,114 - AEMSOlogs - INFO - Iteration 9: Best Y = -0.5998889389638558 at x = [0.56624316 0.70084139 0.71158858 0.35236293 0.24988523 0.39218573]
2026-03-17 22:03:14,120 - AEMSOlogs - INFO - Working on simulations...
2026-03-17 22:03:55,871 - AEMSOlogs - INFO - RCWA eval:[295. 308. 348. 142.  94. 161.] | diff. eff.:0.7190007815742561
2026-03-17 22:03:55,968 - AEMSOlogs - INFO - RCWA eval:[289. 235. 448.  83. 148. 292.] | diff. eff.:0.19967627266179055
2026-03-17 22:03:55,982 - AEMSOlogs - INFO - RCWA eval:[213. 340. 413. 107. 225.  95.] | diff. eff.:0.24378933434323208
2026-03-17 22:03:56,128 - AEMSOlogs - INFO - RCWA eval:[164. 376. 343.  37. 144. 155.] | diff. eff.:0.2046860112871987
2026-03-17 22:04:41,194 - AEMSOlogs - INFO - RCWA eval:[263. 262. 380. 284. 223. 311.] | diff. eff.:0.148700702275762
2026-03-17 22:04:41,514 - AEMSOlogs - INFO - RCWA eval:[168. 245. 432.  65. 204. 243.] | diff. eff.:0.0698834240168678
2026-03-17 22:04:41,584 - AEMSOlogs - INFO - RCWA eval:[183. 335. 363. 262. 167. 233.] | diff. eff.:0.3221502618353408
2026-03-17 22:04:41,851 - AEMSOlogs - INFO - RCWA eval:[307. 177. 369. 110. 111. 280.] | diff. eff.:0.5495565724436814
2026-03-17 22:05:29,552 - AEMSOlogs - INFO - RCWA eval:[207. 349. 341. 206. 198. 254.] | diff. eff.:0.4673768777413998
2026-03-17 22:05:29,859 - AEMSOlogs - INFO - RCWA eval:[306. 356. 269. 125. 314. 100.] | diff. eff.:0.1387329776215016
2026-03-17 22:05:29,932 - AEMSOlogs - INFO - RCWA eval:[263. 319. 314.  24. 267. 188.] | diff. eff.:0.22375858213825003
2026-03-17 22:05:30,523 - AEMSOlogs - INFO - RCWA eval:[201. 255. 389.  58. 189. 228.] | diff. eff.:0.13631257346682488
2026-03-17 22:06:18,022 - AEMSOlogs - INFO - RCWA eval:[265. 399. 384.  29.  42. 173.] | diff. eff.:0.19515417048673633
2026-03-17 22:06:18,934 - AEMSOlogs - INFO - RCWA eval:[308. 232. 351. 153. 250. 239.] | diff. eff.:0.17719747258147694
2026-03-17 22:06:18,953 - AEMSOlogs - INFO - Iteration 10: Best Y = -0.7190007815742561 at x = [0.6393753  0.67020139 0.76336255 0.28367246 0.17224961 0.32873625]
2026-03-17 22:06:18,959 - AEMSOlogs - INFO - Working on simulations...
2026-03-17 22:07:07,084 - AEMSOlogs - INFO - RCWA eval:[247. 354. 328.  96. 254. 240.] | diff. eff.:0.42644996415788683
2026-03-17 22:07:07,322 - AEMSOlogs - INFO - RCWA eval:[272. 403. 354. 262. 108. 292.] | diff. eff.:0.4083117329301435
2026-03-17 22:07:07,379 - AEMSOlogs - INFO - RCWA eval:[244. 414. 325. 194. 113. 213.] | diff. eff.:0.28192067418791295
2026-03-17 22:07:07,530 - AEMSOlogs - INFO - RCWA eval:[235. 267. 330.  62. 123. 289.] | diff. eff.:0.348257364846425
2026-03-17 22:07:55,472 - AEMSOlogs - INFO - RCWA eval:[198. 375. 381.  49. 169. 200.] | diff. eff.:0.1307213034501793
2026-03-17 22:07:55,642 - AEMSOlogs - INFO - RCWA eval:[320. 286. 342. 100. 104. 255.] | diff. eff.:0.5725510440706302
2026-03-17 22:07:55,695 - AEMSOlogs - INFO - RCWA eval:[284. 283. 346. 169. 112. 261.] | diff. eff.:0.5619316883566127
2026-03-17 22:07:56,073 - AEMSOlogs - INFO - RCWA eval:[240. 200. 381. 141. 152. 285.] | diff. eff.:0.23100267316370515
2026-03-17 22:08:43,707 - AEMSOlogs - INFO - RCWA eval:[255. 240. 341. 225. 165. 283.] | diff. eff.:0.15178869853264357
2026-03-17 22:08:44,179 - AEMSOlogs - INFO - RCWA eval:[202. 290. 445. 137.  58. 208.] | diff. eff.:0.09315583751502007
2026-03-17 22:08:44,191 - AEMSOlogs - INFO - RCWA eval:[219. 285. 303. 173. 213. 184.] | diff. eff.:0.28406903385721116
2026-03-17 22:08:44,540 - AEMSOlogs - INFO - RCWA eval:[343. 385. 370. 274.  85. 172.] | diff. eff.:0.3206202702434502
2026-03-17 22:09:31,733 - AEMSOlogs - INFO - RCWA eval:[233. 306. 317. 107.  87. 280.] | diff. eff.:0.48595596831706056
2026-03-17 22:09:32,790 - AEMSOlogs - INFO - RCWA eval:[255. 291. 403. 153. 100. 304.] | diff. eff.:0.2099020452326996
2026-03-17 22:09:32,809 - AEMSOlogs - INFO - Iteration 11: Best Y = -0.7190007815742561 at x = [0.6393753  0.67020139 0.76336255 0.28367246 0.17224961 0.32873625]
2026-03-17 22:09:32,814 - AEMSOlogs - INFO - Working on simulations...
2026-03-17 22:10:21,051 - AEMSOlogs - INFO - RCWA eval:[315. 349. 341.  88.  86. 318.] | diff. eff.:0.5254428328991726
2026-03-17 22:10:21,194 - AEMSOlogs - INFO - RCWA eval:[354. 317. 339. 105.  70. 254.] | diff. eff.:0.3557573702393063
2026-03-17 22:10:21,336 - AEMSOlogs - INFO - RCWA eval:[246. 350. 215. 113.  66. 241.] | diff. eff.:0.13709885543402944
2026-03-17 22:10:21,544 - AEMSOlogs - INFO - RCWA eval:[331. 270. 293.  75.  70. 323.] | diff. eff.:0.02611489847410114
2026-03-17 22:11:01,502 - AEMSOlogs - INFO - RCWA eval:[237. 313. 376. 231. 145. 170.] | diff. eff.:0.2543062559968974
2026-03-17 22:11:01,751 - AEMSOlogs - INFO - RCWA eval:[301. 347. 290. 182. 129. 255.] | diff. eff.:0.4172102841620408
2026-03-17 22:11:01,793 - AEMSOlogs - INFO - RCWA eval:[321. 314. 419. 104. 109. 255.] | diff. eff.:0.5579635667535298
2026-03-17 22:11:02,210 - AEMSOlogs - INFO - RCWA eval:[267. 365. 349. 146.  91. 260.] | diff. eff.:0.3722088864316823
2026-03-17 22:11:49,718 - AEMSOlogs - INFO - RCWA eval:[314. 294. 361. 116. 170. 290.] | diff. eff.:0.7041877700302382
2026-03-17 22:11:50,117 - AEMSOlogs - INFO - RCWA eval:[345. 185. 306.  62. 114. 287.] | diff. eff.:0.025557638957813787
2026-03-17 22:11:50,211 - AEMSOlogs - INFO - RCWA eval:[280. 150. 274. 206. 151. 278.] | diff. eff.:0.01856718822633404
2026-03-17 22:11:50,559 - AEMSOlogs - INFO - RCWA eval:[342. 288. 356. 104. 140. 351.] | diff. eff.:0.09241249620195617
2026-03-17 22:12:37,774 - AEMSOlogs - INFO - RCWA eval:[362. 130. 432. 113. 121. 263.] | diff. eff.:0.1496385588167727
2026-03-17 22:12:38,797 - AEMSOlogs - INFO - RCWA eval:[300. 318. 371. 190.  95. 331.] | diff. eff.:0.3570900459316255
2026-03-17 22:12:38,818 - AEMSOlogs - INFO - Iteration 12: Best Y = -0.7190007815742561 at x = [0.6393753  0.67020139 0.76336255 0.28367246 0.17224961 0.32873625]
2026-03-17 22:12:38,824 - AEMSOlogs - INFO - Working on simulations...
2026-03-17 22:13:27,116 - AEMSOlogs - INFO - RCWA eval:[325. 356. 328. 172.  79. 331.] | diff. eff.:0.4023087770133562
2026-03-17 22:13:27,291 - AEMSOlogs - INFO - RCWA eval:[346. 271. 405.  54.  78. 248.] | diff. eff.:0.36320093526430997
2026-03-17 22:13:27,305 - AEMSOlogs - INFO - RCWA eval:[352. 305. 326.  53. 183. 275.] | diff. eff.:0.2646326915874705
2026-03-17 22:13:27,482 - AEMSOlogs - INFO - RCWA eval:[317. 266. 378. 185.  87. 204.] | diff. eff.:0.43874329234713655
2026-03-17 22:14:15,274 - AEMSOlogs - INFO - RCWA eval:[299. 256. 334. 230.  33. 280.] | diff. eff.:0.18581260672087416
2026-03-17 22:14:15,633 - AEMSOlogs - INFO - RCWA eval:[272. 373. 381. 125.  62. 388.] | diff. eff.:0.03330798934940624
2026-03-17 22:14:15,753 - AEMSOlogs - INFO - RCWA eval:[349. 274. 348. 133. 146. 419.] | diff. eff.:0.0816796253623631
2026-03-17 22:14:16,065 - AEMSOlogs - INFO - RCWA eval:[408. 280. 290. 153. 163. 188.] | diff. eff.:0.14393502245204878
2026-03-17 22:15:03,361 - AEMSOlogs - INFO - RCWA eval:[338. 272. 440.  71. 155. 316.] | diff. eff.:0.19100443860809735
2026-03-17 22:15:03,949 - AEMSOlogs - INFO - RCWA eval:[248. 311. 286. 140.  80. 149.] | diff. eff.:0.14420244653427294
2026-03-17 22:15:04,044 - AEMSOlogs - INFO - RCWA eval:[326. 331. 372. 117.  29. 369.] | diff. eff.:0.20424486410717343
2026-03-17 22:15:04,533 - AEMSOlogs - INFO - RCWA eval:[285. 293. 415.  54.  27. 282.] | diff. eff.:0.29690381419837736
2026-03-17 22:15:51,310 - AEMSOlogs - INFO - RCWA eval:[292. 308. 450.  83. 186. 284.] | diff. eff.:0.4097181703269082
2026-03-17 22:15:52,665 - AEMSOlogs - INFO - RCWA eval:[256. 398. 449.  34.  86. 363.] | diff. eff.:0.0007055739195420741
2026-03-17 22:15:52,684 - AEMSOlogs - INFO - Iteration 13: Best Y = -0.7190007815742561 at x = [0.6393753  0.67020139 0.76336255 0.28367246 0.17224961 0.32873625]
2026-03-17 22:15:52,690 - AEMSOlogs - INFO - Working on simulations...
2026-03-17 22:16:40,995 - AEMSOlogs - INFO - RCWA eval:[313. 402. 439. 241. 139. 266.] | diff. eff.:0.316889216707171
2026-03-17 22:16:41,079 - AEMSOlogs - INFO - RCWA eval:[282. 249. 383. 177. 115. 233.] | diff. eff.:0.3229414893847597
2026-03-17 22:16:41,175 - AEMSOlogs - INFO - RCWA eval:[326. 307. 326.  72.  52. 287.] | diff. eff.:0.5306936127136898
2026-03-17 22:16:41,253 - AEMSOlogs - INFO - RCWA eval:[291. 313. 432.  21. 143. 228.] | diff. eff.:0.5037489906716885
2026-03-17 22:17:22,431 - AEMSOlogs - INFO - RCWA eval:[320. 228. 364.  56.  68. 406.] | diff. eff.:0.31279224804301375
2026-03-17 22:17:22,434 - AEMSOlogs - INFO - RCWA eval:[291. 403. 450. 209.  81. 188.] | diff. eff.:0.12555836613209032
2026-03-17 22:17:22,633 - AEMSOlogs - INFO - RCWA eval:[437. 202. 450.  22.  25. 278.] | diff. eff.:0.021680045667754073
2026-03-17 22:17:22,783 - AEMSOlogs - INFO - RCWA eval:[247. 360. 355. 124. 159. 204.] | diff. eff.:0.3244871387318994
2026-03-17 22:18:09,691 - AEMSOlogs - INFO - RCWA eval:[365. 424. 450.  38.  90. 199.] | diff. eff.:0.016184707621955084
2026-03-17 22:18:09,963 - AEMSOlogs - INFO - RCWA eval:[316. 219. 444.  27.  58. 202.] | diff. eff.:0.23982847732680912
2026-03-17 22:18:10,099 - AEMSOlogs - INFO - RCWA eval:[250. 418. 379. 117.  56. 248.] | diff. eff.:0.23737580905898797
2026-03-17 22:18:10,458 - AEMSOlogs - INFO - RCWA eval:[338. 186. 363. 123.  58. 277.] | diff. eff.:0.3562293481943542
2026-03-17 22:18:57,770 - AEMSOlogs - INFO - RCWA eval:[259. 340. 349. 136. 102. 234.] | diff. eff.:0.6944887467650807
2026-03-17 22:18:58,823 - AEMSOlogs - INFO - RCWA eval:[399. 221. 447.  35. 120. 236.] | diff. eff.:0.0031785665884473775
2026-03-17 22:18:58,841 - AEMSOlogs - INFO - Iteration 14: Best Y = -0.7190007815742561 at x = [0.6393753  0.67020139 0.76336255 0.28367246 0.17224961 0.32873625]
2026-03-17 22:18:58,847 - AEMSOlogs - INFO - Working on simulations...
2026-03-17 22:19:47,377 - AEMSOlogs - INFO - RCWA eval:[259. 299. 245. 192.  38. 287.] | diff. eff.:0.24349008127219024
2026-03-17 22:19:47,408 - AEMSOlogs - INFO - RCWA eval:[299. 211. 385. 135.  70. 228.] | diff. eff.:0.35463263967286457
2026-03-17 22:19:47,426 - AEMSOlogs - INFO - RCWA eval:[183. 359. 311.  20.  26. 287.] | diff. eff.:0.40459253145736807
2026-03-17 22:19:47,606 - AEMSOlogs - INFO - RCWA eval:[251. 290. 351.  22.  80. 258.] | diff. eff.:0.692500875584668
2026-03-17 22:20:35,684 - AEMSOlogs - INFO - RCWA eval:[334. 335. 382. 143. 120. 216.] | diff. eff.:0.5104469551026688
2026-03-17 22:20:35,787 - AEMSOlogs - INFO - RCWA eval:[281. 340. 334. 134.  67. 289.] | diff. eff.:0.7425452385979529
2026-03-17 22:20:35,847 - AEMSOlogs - INFO - RCWA eval:[229. 345. 368.  65.  83. 238.] | diff. eff.:0.4881478059727022
2026-03-17 22:20:36,136 - AEMSOlogs - INFO - RCWA eval:[300. 313. 301. 152.  66. 323.] | diff. eff.:0.20830633601251825
2026-03-17 22:21:23,928 - AEMSOlogs - INFO - RCWA eval:[332. 311. 373. 126.  60. 204.] | diff. eff.:0.6378500267438171
2026-03-17 22:21:24,194 - AEMSOlogs - INFO - RCWA eval:[217. 339. 369.  86. 119. 290.] | diff. eff.:0.31877419780623045
2026-03-17 22:21:24,201 - AEMSOlogs - INFO - RCWA eval:[280. 297. 318.  20.  33. 236.] | diff. eff.:0.7012977261694296
2026-03-17 22:21:24,665 - AEMSOlogs - INFO - RCWA eval:[333. 264. 323.  84. 147. 250.] | diff. eff.:0.2577336193985276
2026-03-17 22:22:12,166 - AEMSOlogs - INFO - RCWA eval:[277. 338. 192. 128. 156. 288.] | diff. eff.:0.3790791852177299
2026-03-17 22:22:12,951 - AEMSOlogs - INFO - RCWA eval:[266. 223. 396.  87.  81. 247.] | diff. eff.:0.2408873539703803
2026-03-17 22:22:12,961 - AEMSOlogs - INFO - Iteration 15: Best Y = -0.7425452385979529 at x = [0.6073874  0.74379267 0.72959729 0.26411074 0.10974357 0.62574149]
2026-03-17 22:22:12,967 - AEMSOlogs - INFO - Working on simulations...
2026-03-17 22:23:01,290 - AEMSOlogs - INFO - RCWA eval:[300. 431. 339. 154.  32. 273.] | diff. eff.:0.42351413198338905
2026-03-17 22:23:01,418 - AEMSOlogs - INFO - RCWA eval:[223. 344. 316.  20.  35. 229.] | diff. eff.:0.5764757420687312
2026-03-17 22:23:01,523 - AEMSOlogs - INFO - RCWA eval:[281. 301. 365.  84. 103. 250.] | diff. eff.:0.6798792962959079
2026-03-17 22:23:01,574 - AEMSOlogs - INFO - RCWA eval:[324. 374. 372.  67. 105. 296.] | diff. eff.:0.559320291067151
2026-03-17 22:23:49,127 - AEMSOlogs - INFO - RCWA eval:[337. 356. 356. 125.  62. 242.] | diff. eff.:0.4573884827076595
2026-03-17 22:23:49,318 - AEMSOlogs - INFO - RCWA eval:[341. 396. 296. 139.  75. 210.] | diff. eff.:0.013048068122214516
2026-03-17 22:23:49,348 - AEMSOlogs - INFO - RCWA eval:[235. 327. 431. 125. 116. 254.] | diff. eff.:0.3975450107437475
2026-03-17 22:23:49,634 - AEMSOlogs - INFO - RCWA eval:[277. 241. 408. 144.  72. 280.] | diff. eff.:0.23664302787220726
2026-03-17 22:24:30,681 - AEMSOlogs - INFO - RCWA eval:[302. 297. 388.  28. 105. 272.] | diff. eff.:0.579757125963067
2026-03-17 22:24:30,980 - AEMSOlogs - INFO - RCWA eval:[275. 310. 344. 157.  34. 337.] | diff. eff.:0.3085172220960183
2026-03-17 22:24:31,080 - AEMSOlogs - INFO - RCWA eval:[266. 344. 319.  64.  68. 233.] | diff. eff.:0.7063415739675686
2026-03-17 22:24:31,764 - AEMSOlogs - INFO - RCWA eval:[342. 287. 301.  58.  65. 290.] | diff. eff.:0.1507764743325394
2026-03-17 22:25:19,145 - AEMSOlogs - INFO - RCWA eval:[269. 298. 436.  20.  64. 197.] | diff. eff.:0.28120798160129373
2026-03-17 22:25:20,031 - AEMSOlogs - INFO - RCWA eval:[246. 249. 374. 126.  22. 251.] | diff. eff.:0.29158053905030545
2026-03-17 22:25:20,044 - AEMSOlogs - INFO - Iteration 16: Best Y = -0.7425452385979529 at x = [0.6073874  0.74379267 0.72959729 0.26411074 0.10974357 0.62574149]
2026-03-17 22:25:20,049 - AEMSOlogs - INFO - Working on simulations...
2026-03-17 22:26:08,437 - AEMSOlogs - INFO - RCWA eval:[243. 322. 283. 142.  82. 277.] | diff. eff.:0.13882570212953832
2026-03-17 22:26:08,503 - AEMSOlogs - INFO - RCWA eval:[246. 312. 260.  66.  56. 323.] | diff. eff.:0.08878118741503638
2026-03-17 22:26:08,616 - AEMSOlogs - INFO - RCWA eval:[307. 370. 335.  75.  99. 185.] | diff. eff.:0.18112340829846627
2026-03-17 22:26:08,755 - AEMSOlogs - INFO - RCWA eval:[270. 366. 344. 125. 124. 259.] | diff. eff.:0.3216296169264458
2026-03-17 22:26:56,770 - AEMSOlogs - INFO - RCWA eval:[275. 300. 326.  88.  46. 217.] | diff. eff.:0.6847917262515432
2026-03-17 22:26:56,917 - AEMSOlogs - INFO - RCWA eval:[310. 339. 327. 132.  91. 249.] | diff. eff.:0.7265165190750424
2026-03-17 22:26:56,918 - AEMSOlogs - INFO - RCWA eval:[256. 346. 323.  72.  57. 265.] | diff. eff.:0.6306098373352538
2026-03-17 22:26:57,406 - AEMSOlogs - INFO - RCWA eval:[223. 348. 295.  71.  69. 285.] | diff. eff.:0.2510861132678326
2026-03-17 22:27:45,082 - AEMSOlogs - INFO - RCWA eval:[320. 375. 338. 188.  60. 255.] | diff. eff.:0.23799220431265206
2026-03-17 22:27:45,229 - AEMSOlogs - INFO - RCWA eval:[285. 325. 400. 147.  92. 235.] | diff. eff.:0.6233074002337966
2026-03-17 22:27:45,263 - AEMSOlogs - INFO - RCWA eval:[299. 364. 408.  72. 154. 234.] | diff. eff.:0.3978253681458097
2026-03-17 22:27:45,880 - AEMSOlogs - INFO - RCWA eval:[293. 275. 311.  84.  68. 236.] | diff. eff.:0.616090835441432
2026-03-17 22:28:33,476 - AEMSOlogs - INFO - RCWA eval:[272. 302. 309. 176. 103. 195.] | diff. eff.:0.5258761031393977
2026-03-17 22:28:34,107 - AEMSOlogs - INFO - RCWA eval:[272. 329. 334. 114.  57. 232.] | diff. eff.:0.7875324382322518
2026-03-17 22:28:34,126 - AEMSOlogs - INFO - Iteration 17: Best Y = -0.7875324382322518 at x = [0.58646306 0.71962337 0.72957495 0.21914669 0.08596667 0.49223942]
2026-03-17 22:28:34,132 - AEMSOlogs - INFO - Working on simulations...
2026-03-17 22:29:22,445 - AEMSOlogs - INFO - RCWA eval:[262. 323. 351.  37.  51. 276.] | diff. eff.:0.8012407909360673
2026-03-17 22:29:22,603 - AEMSOlogs - INFO - RCWA eval:[279. 333. 351. 115. 107. 260.] | diff. eff.:0.8489444517737815
2026-03-17 22:29:22,617 - AEMSOlogs - INFO - RCWA eval:[295. 312. 300. 129.  75. 217.] | diff. eff.:0.48129586069539076
2026-03-17 22:29:22,697 - AEMSOlogs - INFO - RCWA eval:[293. 339. 338. 158.  64. 263.] | diff. eff.:0.8709696741570974
2026-03-17 22:30:10,689 - AEMSOlogs - INFO - RCWA eval:[286. 308. 372.  68.  96. 204.] | diff. eff.:0.5752235795779717
2026-03-17 22:30:10,895 - AEMSOlogs - INFO - RCWA eval:[252. 307. 340.  83.  54. 226.] | diff. eff.:0.6724491411507266
2026-03-17 22:30:10,941 - AEMSOlogs - INFO - RCWA eval:[268. 400. 363. 101.  37. 214.] | diff. eff.:0.3298023524932292
2026-03-17 22:30:11,267 - AEMSOlogs - INFO - RCWA eval:[254. 359. 304. 124.  24. 265.] | diff. eff.:0.3768130630941402
2026-03-17 22:30:50,949 - AEMSOlogs - INFO - RCWA eval:[247. 298. 291.  33.  35. 269.] | diff. eff.:0.3045958139697792
2026-03-17 22:30:51,170 - AEMSOlogs - INFO - RCWA eval:[305. 267. 368.  20.  62. 341.] | diff. eff.:0.19775156151242568
2026-03-17 22:30:51,281 - AEMSOlogs - INFO - RCWA eval:[281. 322. 351. 125.  94. 267.] | diff. eff.:0.8443814122103278
2026-03-17 22:30:51,727 - AEMSOlogs - INFO - RCWA eval:[276. 264. 382.  27. 127. 243.] | diff. eff.:0.40294455303082366
2026-03-17 22:31:39,327 - AEMSOlogs - INFO - RCWA eval:[238. 345. 332.  52.  82. 212.] | diff. eff.:0.5385686010927307
2026-03-17 22:31:39,963 - AEMSOlogs - INFO - RCWA eval:[271. 322. 319. 103. 119. 227.] | diff. eff.:0.6703057577959316
2026-03-17 22:31:39,983 - AEMSOlogs - INFO - Iteration 18: Best Y = -0.8709696741570974 at x = [0.63476736 0.74260884 0.73916704 0.31988085 0.10319231 0.56448662]
2026-03-17 22:31:39,988 - AEMSOlogs - INFO - Working on simulations...
2026-03-17 22:32:28,393 - AEMSOlogs - INFO - RCWA eval:[274. 336. 318. 110.  41. 303.] | diff. eff.:0.5090646829293337
2026-03-17 22:32:28,478 - AEMSOlogs - INFO - RCWA eval:[262. 379. 352.  78.  60. 199.] | diff. eff.:0.3319432311935338
2026-03-17 22:32:28,532 - AEMSOlogs - INFO - RCWA eval:[289. 320. 355.  98. 124. 264.] | diff. eff.:0.8758283142337615
2026-03-17 22:32:28,788 - AEMSOlogs - INFO - RCWA eval:[267. 337. 380.  64. 154. 208.] | diff. eff.:0.48923234590366343
2026-03-17 22:33:16,713 - AEMSOlogs - INFO - RCWA eval:[320. 330. 372. 148. 139. 307.] | diff. eff.:0.7404812536630193
2026-03-17 22:33:16,734 - AEMSOlogs - INFO - RCWA eval:[268. 344. 358.  77.  52. 271.] | diff. eff.:0.708567053260697
2026-03-17 22:33:16,888 - AEMSOlogs - INFO - RCWA eval:[261. 351. 329.  33.  87. 257.] | diff. eff.:0.5677168893644071
2026-03-17 22:33:17,535 - AEMSOlogs - INFO - RCWA eval:[286. 305. 289. 136.  79. 249.] | diff. eff.:0.3834162552607848
2026-03-17 22:34:05,061 - AEMSOlogs - INFO - RCWA eval:[270. 351. 356.  20.  62. 275.] | diff. eff.:0.656755350025274
2026-03-17 22:34:05,208 - AEMSOlogs - INFO - RCWA eval:[293. 335. 294.  86. 110. 269.] | diff. eff.:0.5114932065856899
2026-03-17 22:34:05,212 - AEMSOlogs - INFO - RCWA eval:[292. 373. 340.  94.  82. 228.] | diff. eff.:0.3131886020604261
2026-03-17 22:34:06,011 - AEMSOlogs - INFO - RCWA eval:[245. 368. 269.  90.  59. 209.] | diff. eff.:0.027467418516547347
2026-03-17 22:34:53,147 - AEMSOlogs - INFO - RCWA eval:[261. 321. 348. 170.  91. 242.] | diff. eff.:0.7145858181931863
2026-03-17 22:34:54,000 - AEMSOlogs - INFO - RCWA eval:[306. 322. 333. 120.  50. 265.] | diff. eff.:0.8261033589549518
2026-03-17 22:34:54,020 - AEMSOlogs - INFO - Iteration 19: Best Y = -0.8758283142337615 at x = [0.62615642 0.69774115 0.77874425 0.18189008 0.24220764 0.56711802]
2026-03-17 22:34:54,026 - AEMSOlogs - INFO - Working on simulations...
2026-03-17 22:35:42,261 - AEMSOlogs - INFO - RCWA eval:[316. 336. 354. 171.  96. 271.] | diff. eff.:0.874868365238915
2026-03-17 22:35:42,324 - AEMSOlogs - INFO - RCWA eval:[294. 317. 336. 156. 105. 296.] | diff. eff.:0.6451433299205247
2026-03-17 22:35:42,364 - AEMSOlogs - INFO - RCWA eval:[299. 342. 357. 192.  91. 281.] | diff. eff.:0.9164750182279455
2026-03-17 22:35:42,601 - AEMSOlogs - INFO - RCWA eval:[294. 304. 333. 111. 151. 263.] | diff. eff.:0.7168010545099581
2026-03-17 22:36:30,606 - AEMSOlogs - INFO - RCWA eval:[287. 308. 375.  63. 105. 258.] | diff. eff.:0.6752423143276209
2026-03-17 22:36:30,722 - AEMSOlogs - INFO - RCWA eval:[261. 306. 305.  53. 118. 261.] | diff. eff.:0.5033536182380952
2026-03-17 22:36:30,728 - AEMSOlogs - INFO - RCWA eval:[288. 345. 376. 142. 138. 281.] | diff. eff.:0.8935209368440383
2026-03-17 22:36:31,020 - AEMSOlogs - INFO - RCWA eval:[319. 287. 358. 140.  60. 253.] | diff. eff.:0.6477628734315686
2026-03-17 22:37:17,759 - AEMSOlogs - INFO - RCWA eval:[254. 320. 316.  76.  97. 273.] | diff. eff.:0.5104045602450986
2026-03-17 22:37:17,771 - AEMSOlogs - INFO - RCWA eval:[339. 294. 349. 135. 107. 286.] | diff. eff.:0.5285906880405966
2026-03-17 22:37:17,799 - AEMSOlogs - INFO - RCWA eval:[303. 316. 312. 158.  58. 300.] | diff. eff.:0.44880066297738974
2026-03-17 22:37:18,067 - AEMSOlogs - INFO - RCWA eval:[305. 354. 342. 141.  74. 306.] | diff. eff.:0.5598984337377986
2026-03-17 22:37:58,029 - AEMSOlogs - INFO - RCWA eval:[309. 339. 400. 148. 100. 309.] | diff. eff.:0.6889919927270661
2026-03-17 22:37:58,667 - AEMSOlogs - INFO - RCWA eval:[303. 339. 384. 134.  94. 218.] | diff. eff.:0.7443738271358508
2026-03-17 22:37:58,685 - AEMSOlogs - INFO - Iteration 20: Best Y = -0.9164750182279455 at x = [0.64919314 0.749141   0.78260262 0.40075649 0.16556095 0.60712509]
2026-03-17 22:37:58,690 - AEMSOlogs - INFO - Working on simulations...
2026-03-17 22:38:46,971 - AEMSOlogs - INFO - RCWA eval:[322. 332. 349. 156.  97. 294.] | diff. eff.:0.7771860364972956
2026-03-17 22:38:47,056 - AEMSOlogs - INFO - RCWA eval:[274. 330. 335. 112. 138. 218.] | diff. eff.:0.7383242751666814
2026-03-17 22:38:47,146 - AEMSOlogs - INFO - RCWA eval:[266. 310. 356.  83.  86. 228.] | diff. eff.:0.7105516880385219
2026-03-17 22:38:47,225 - AEMSOlogs - INFO - RCWA eval:[275. 321. 359.  78. 119. 240.] | diff. eff.:0.7419564436759902
2026-03-17 22:39:35,155 - AEMSOlogs - INFO - RCWA eval:[302. 334. 370. 203. 138. 263.] | diff. eff.:0.8693782474396575
2026-03-17 22:39:35,539 - AEMSOlogs - INFO - RCWA eval:[301. 347. 350. 128.  63. 260.] | diff. eff.:0.8422884358686366
2026-03-17 22:39:35,615 - AEMSOlogs - INFO - RCWA eval:[277. 349. 359. 127. 142. 263.] | diff. eff.:0.8157330255856591
2026-03-17 22:39:35,707 - AEMSOlogs - INFO - RCWA eval:[309. 332. 340. 124. 137. 277.] | diff. eff.:0.8234913877695575
2026-03-17 22:40:23,201 - AEMSOlogs - INFO - RCWA eval:[342. 353. 364.  80. 103. 302.] | diff. eff.:0.5982187352369841
2026-03-17 22:40:23,655 - AEMSOlogs - INFO - RCWA eval:[324. 395. 371. 222. 176. 315.] | diff. eff.:0.4782406831646745
2026-03-17 22:40:23,714 - AEMSOlogs - INFO - RCWA eval:[304. 299. 391. 140.  72. 283.] | diff. eff.:0.5717437247145062
2026-03-17 22:40:24,148 - AEMSOlogs - INFO - RCWA eval:[262. 366. 382. 131. 138. 284.] | diff. eff.:0.5048562947291876
2026-03-17 22:41:11,720 - AEMSOlogs - INFO - RCWA eval:[293. 339. 377. 163. 135. 277.] | diff. eff.:0.8923627817443321
2026-03-17 22:41:12,587 - AEMSOlogs - INFO - RCWA eval:[289. 351. 328. 197.  97. 288.] | diff. eff.:0.6407278598504813
2026-03-17 22:41:12,608 - AEMSOlogs - INFO - Iteration 21: Best Y = -0.9164750182279455 at x = [0.64919314 0.749141   0.78260262 0.40075649 0.16556095 0.60712509]
2026-03-17 22:41:12,613 - AEMSOlogs - INFO - Working on simulations...
2026-03-17 22:42:00,887 - AEMSOlogs - INFO - RCWA eval:[288. 333. 383. 161.  78. 253.] | diff. eff.:0.7762790593447652
2026-03-17 22:42:00,911 - AEMSOlogs - INFO - RCWA eval:[319. 340. 361. 190. 148. 246.] | diff. eff.:0.8027542069681511
2026-03-17 22:42:00,941 - AEMSOlogs - INFO - RCWA eval:[255. 364. 376. 168. 184. 255.] | diff. eff.:0.42962289301735906
2026-03-17 22:42:01,036 - AEMSOlogs - INFO - RCWA eval:[305. 360. 363. 172. 148. 284.] | diff. eff.:0.6794462061561898
2026-03-17 22:42:49,059 - AEMSOlogs - INFO - RCWA eval:[316. 337. 402. 155. 144. 295.] | diff. eff.:0.7829111551042168
2026-03-17 22:42:49,142 - AEMSOlogs - INFO - RCWA eval:[331. 363. 398. 213. 181. 294.] | diff. eff.:0.6225683570171053
2026-03-17 22:42:49,192 - AEMSOlogs - INFO - RCWA eval:[281. 359. 353. 227. 123. 248.] | diff. eff.:0.42219477899378244
2026-03-17 22:42:49,468 - AEMSOlogs - INFO - RCWA eval:[312. 350. 323. 181.  54. 294.] | diff. eff.:0.6241324791293131
2026-03-17 22:43:37,380 - AEMSOlogs - INFO - RCWA eval:[308. 338. 372. 166. 101. 279.] | diff. eff.:0.9246091537044082
2026-03-17 22:43:37,385 - AEMSOlogs - INFO - RCWA eval:[328. 325. 352. 234. 120. 264.] | diff. eff.:0.6406025090961854
2026-03-17 22:43:37,468 - AEMSOlogs - INFO - RCWA eval:[283. 355. 346. 188. 119. 252.] | diff. eff.:0.5585886512512812
2026-03-17 22:43:37,938 - AEMSOlogs - INFO - RCWA eval:[292. 311. 351. 237.  98. 272.] | diff. eff.:0.7270876740023731
2026-03-17 22:44:18,148 - AEMSOlogs - INFO - RCWA eval:[347. 309. 384. 119.  69. 285.] | diff. eff.:0.4449278652488724
2026-03-17 22:44:18,581 - AEMSOlogs - INFO - RCWA eval:[300. 346. 362. 137. 121. 262.] | diff. eff.:0.8911256895937026
2026-03-17 22:44:18,599 - AEMSOlogs - INFO - Iteration 22: Best Y = -0.9246091537044082 at x = [0.670895   0.73986687 0.81883565 0.338488   0.18927611 0.60207428]
2026-03-17 22:44:18,604 - AEMSOlogs - INFO - Working on simulations...
2026-03-17 22:45:05,436 - AEMSOlogs - INFO - RCWA eval:[330. 340. 361. 197.  93. 255.] | diff. eff.:0.7188524905446355
2026-03-17 22:45:05,443 - AEMSOlogs - INFO - RCWA eval:[286. 333. 380. 140. 119. 290.] | diff. eff.:0.7860687759620104
2026-03-17 22:45:05,606 - AEMSOlogs - INFO - RCWA eval:[306. 326. 368. 154.  65. 261.] | diff. eff.:0.8791125245069893
2026-03-17 22:45:05,644 - AEMSOlogs - INFO - RCWA eval:[314. 333. 352. 184.  81. 220.] | diff. eff.:0.7473325902563156
2026-03-17 22:45:53,637 - AEMSOlogs - INFO - RCWA eval:[285. 332. 368. 106. 128. 279.] | diff. eff.:0.8369664849409503
2026-03-17 22:45:53,766 - AEMSOlogs - INFO - RCWA eval:[287. 355. 384. 137. 125. 286.] | diff. eff.:0.7744156786382645
2026-03-17 22:45:53,843 - AEMSOlogs - INFO - RCWA eval:[323. 380. 400. 170. 145. 273.] | diff. eff.:0.39625156426100133
2026-03-17 22:45:54,066 - AEMSOlogs - INFO - RCWA eval:[310. 345. 356. 187. 151. 270.] | diff. eff.:0.8785666101552319
2026-03-17 22:46:41,880 - AEMSOlogs - INFO - RCWA eval:[309. 329. 368. 137.  75. 285.] | diff. eff.:0.8895482473869714
2026-03-17 22:46:42,059 - AEMSOlogs - INFO - RCWA eval:[313. 340. 392. 151. 158. 237.] | diff. eff.:0.7164405128410053
2026-03-17 22:46:42,168 - AEMSOlogs - INFO - RCWA eval:[319. 324. 365. 148. 110. 275.] | diff. eff.:0.8717676465602624
2026-03-17 22:46:42,532 - AEMSOlogs - INFO - RCWA eval:[312. 339. 379. 202. 116. 273.] | diff. eff.:0.8574253731128908
2026-03-17 22:47:30,181 - AEMSOlogs - INFO - RCWA eval:[301. 353. 345. 181. 132. 300.] | diff. eff.:0.6254384890808726
2026-03-17 22:47:30,717 - AEMSOlogs - INFO - RCWA eval:[315. 325. 394. 166. 131. 270.] | diff. eff.:0.5855442196686877
2026-03-17 22:47:30,737 - AEMSOlogs - INFO - Iteration 23: Best Y = -0.9246091537044082 at x = [0.670895   0.73986687 0.81883565 0.338488   0.18927611 0.60207428]
2026-03-17 22:47:30,742 - AEMSOlogs - INFO - Working on simulations...
2026-03-17 22:48:18,780 - AEMSOlogs - INFO - RCWA eval:[300. 323. 362. 151.  91. 271.] | diff. eff.:0.8976919813618837
2026-03-17 22:48:18,828 - AEMSOlogs - INFO - RCWA eval:[327. 344. 366. 181.  79. 301.] | diff. eff.:0.7933715881610626
2026-03-17 22:48:18,901 - AEMSOlogs - INFO - RCWA eval:[305. 339. 382. 156.  91. 267.] | diff. eff.:0.8840172330626889
2026-03-17 22:48:19,062 - AEMSOlogs - INFO - RCWA eval:[315. 341. 391. 202.  82. 276.] | diff. eff.:0.819090929073852
2026-03-17 22:49:07,088 - AEMSOlogs - INFO - RCWA eval:[321. 317. 364. 167.  90. 296.] | diff. eff.:0.7689519107882575
2026-03-17 22:49:07,098 - AEMSOlogs - INFO - RCWA eval:[302. 324. 345. 174. 106. 234.] | diff. eff.:0.8231817715376416
2026-03-17 22:49:07,176 - AEMSOlogs - INFO - RCWA eval:[311. 323. 344. 190. 113. 271.] | diff. eff.:0.8173687021334372
2026-03-17 22:49:07,541 - AEMSOlogs - INFO - RCWA eval:[305. 337. 358. 149.  93. 296.] | diff. eff.:0.8663192802174758
2026-03-17 22:49:55,226 - AEMSOlogs - INFO - RCWA eval:[298. 342. 349. 151. 116. 334.] | diff. eff.:0.4456040194820311
2026-03-17 22:49:55,270 - AEMSOlogs - INFO - RCWA eval:[339. 357. 393. 265. 119. 267.] | diff. eff.:0.38448236790431234
2026-03-17 22:49:55,407 - AEMSOlogs - INFO - RCWA eval:[310. 331. 362. 142. 119. 264.] | diff. eff.:0.9129493156222017
2026-03-17 22:49:55,803 - AEMSOlogs - INFO - RCWA eval:[328. 330. 356. 206. 117. 291.] | diff. eff.:0.7740762788773119
2026-03-17 22:50:43,404 - AEMSOlogs - INFO - RCWA eval:[297. 362. 362.  90.  50. 256.] | diff. eff.:0.5483883987545066
2026-03-17 22:50:43,854 - AEMSOlogs - INFO - RCWA eval:[304. 329. 352. 151.  94. 274.] | diff. eff.:0.9143644326536009
2026-03-17 22:50:43,875 - AEMSOlogs - INFO - Iteration 24: Best Y = -0.9246091537044082 at x = [0.670895   0.73986687 0.81883565 0.338488   0.18927611 0.60207428]
2026-03-17 22:50:43,880 - AEMSOlogs - INFO - Working on simulations...
2026-03-17 22:51:23,931 - AEMSOlogs - INFO - RCWA eval:[306. 347. 366. 168.  70. 282.] | diff. eff.:0.9070851052797244
2026-03-17 22:51:24,029 - AEMSOlogs - INFO - RCWA eval:[314. 344. 368. 146. 108. 267.] | diff. eff.:0.8961531848030352
2026-03-17 22:51:24,049 - AEMSOlogs - INFO - RCWA eval:[303. 325. 347. 155. 120. 265.] | diff. eff.:0.8853194806397171
2026-03-17 22:51:24,226 - AEMSOlogs - INFO - RCWA eval:[294. 325. 367. 140.  59. 266.] | diff. eff.:0.8708268093735911
2026-03-17 22:52:12,264 - AEMSOlogs - INFO - RCWA eval:[301. 338. 358. 137.  95. 284.] | diff. eff.:0.924471766145962
2026-03-17 22:52:12,460 - AEMSOlogs - INFO - RCWA eval:[304. 341. 350. 109. 106. 294.] | diff. eff.:0.8198673955284758
2026-03-17 22:52:12,485 - AEMSOlogs - INFO - RCWA eval:[317. 332. 372. 195.  99. 277.] | diff. eff.:0.8551287749809516
2026-03-17 22:52:12,720 - AEMSOlogs - INFO - RCWA eval:[311. 324. 352. 170. 123. 267.] | diff. eff.:0.8719913425951397
2026-03-17 22:53:00,479 - AEMSOlogs - INFO - RCWA eval:[309. 318. 375. 167.  98. 300.] | diff. eff.:0.7037958430171015
2026-03-17 22:53:00,808 - AEMSOlogs - INFO - RCWA eval:[310. 330. 358. 122.  70. 284.] | diff. eff.:0.9066677256748488
2026-03-17 22:53:00,934 - AEMSOlogs - INFO - RCWA eval:[302. 339. 372. 157.  54. 285.] | diff. eff.:0.917996241057911
2026-03-17 22:53:01,244 - AEMSOlogs - INFO - RCWA eval:[300. 326. 351. 105.  61. 261.] | diff. eff.:0.9201033939454514
2026-03-17 22:53:48,903 - AEMSOlogs - INFO - RCWA eval:[297. 335. 355. 143.  92. 267.] | diff. eff.:0.9295483316356453
2026-03-17 22:53:49,408 - AEMSOlogs - INFO - RCWA eval:[303. 326. 362. 154. 144. 271.] | diff. eff.:0.9134020541345078
2026-03-17 22:53:49,431 - AEMSOlogs - INFO - Iteration 25: Best Y = -0.9295483316356453 at x = [0.64440191 0.73365761 0.77992622 0.28540209 0.16701782 0.5741559 ]
2026-03-17 22:53:49,437 - AEMSOlogs - INFO - Working on simulations...
2026-03-17 22:54:37,688 - AEMSOlogs - INFO - RCWA eval:[306. 333. 340. 127.  67. 253.] | diff. eff.:0.8558869722865385
2026-03-17 22:54:37,702 - AEMSOlogs - INFO - RCWA eval:[312. 313. 360. 153.  71. 270.] | diff. eff.:0.8457889551359561
2026-03-17 22:54:37,752 - AEMSOlogs - INFO - RCWA eval:[299. 330. 341. 120.  54. 258.] | diff. eff.:0.8938927372483318
2026-03-17 22:54:37,916 - AEMSOlogs - INFO - RCWA eval:[311. 337. 382. 151.  93. 292.] | diff. eff.:0.8464041768739059
2026-03-17 22:55:25,866 - AEMSOlogs - INFO - RCWA eval:[285. 350. 383. 126.  89. 286.] | diff. eff.:0.8244315455913279
2026-03-17 22:55:25,937 - AEMSOlogs - INFO - RCWA eval:[310. 338. 361. 142.  69. 288.] | diff. eff.:0.9104385682055909
2026-03-17 22:55:25,964 - AEMSOlogs - INFO - RCWA eval:[292. 325. 356.  93.  83. 258.] | diff. eff.:0.9023123585933466
2026-03-17 22:55:26,321 - AEMSOlogs - INFO - RCWA eval:[293. 331. 378. 153. 114. 277.] | diff. eff.:0.8384337630456141
2026-03-17 22:56:14,119 - AEMSOlogs - INFO - RCWA eval:[294. 326. 355. 103.  82. 260.] | diff. eff.:0.9126041946491299
2026-03-17 22:56:14,180 - AEMSOlogs - INFO - RCWA eval:[294. 322. 353. 111.  84. 274.] | diff. eff.:0.8972612440724187
2026-03-17 22:56:14,500 - AEMSOlogs - INFO - RCWA eval:[280. 314. 354. 146. 146. 243.] | diff. eff.:0.7935315521459329
2026-03-17 22:56:14,710 - AEMSOlogs - INFO - RCWA eval:[297. 342. 366. 126.  93. 263.] | diff. eff.:0.9146232862534707
2026-03-17 22:57:02,062 - AEMSOlogs - INFO - RCWA eval:[311. 350. 361. 190.  65. 277.] | diff. eff.:0.8256346805144452
2026-03-17 22:57:02,834 - AEMSOlogs - INFO - RCWA eval:[298. 340. 377. 137.  81. 273.] | diff. eff.:0.9074336788744083
2026-03-17 22:57:02,856 - AEMSOlogs - INFO - Iteration 26: Best Y = -0.9295483316356453 at x = [0.64440191 0.73365761 0.77992622 0.28540209 0.16701782 0.5741559 ]
2026-03-17 22:57:02,861 - AEMSOlogs - INFO - Working on simulations...
2026-03-17 22:57:45,552 - AEMSOlogs - INFO - RCWA eval:[288. 332. 357. 110.  67. 259.] | diff. eff.:0.8964592638530714
2026-03-17 22:57:45,686 - AEMSOlogs - INFO - RCWA eval:[283. 341. 359. 131. 104. 275.] | diff. eff.:0.8919431340560983
2026-03-17 22:57:45,700 - AEMSOlogs - INFO - RCWA eval:[277. 330. 351.  66.  99. 256.] | diff. eff.:0.7847973343932272
2026-03-17 22:57:45,705 - AEMSOlogs - INFO - RCWA eval:[293. 334. 364.  93.  79. 267.] | diff. eff.:0.9083663370779779
2026-03-17 22:58:29,631 - AEMSOlogs - INFO - RCWA eval:[302. 349. 355. 158.  67. 269.] | diff. eff.:0.8341580884982027
2026-03-17 22:58:29,752 - AEMSOlogs - INFO - RCWA eval:[313. 330. 372. 105. 101. 286.] | diff. eff.:0.8790497298164106
2026-03-17 22:58:29,825 - AEMSOlogs - INFO - RCWA eval:[290. 316. 358. 132.  56. 249.] | diff. eff.:0.8679475672338276
2026-03-17 22:58:30,138 - AEMSOlogs - INFO - RCWA eval:[309. 332. 363.  99.  88. 270.] | diff. eff.:0.927910306135231
2026-03-17 22:59:17,652 - AEMSOlogs - INFO - RCWA eval:[301. 330. 365. 109.  88. 275.] | diff. eff.:0.9189879433260522
2026-03-17 22:59:18,094 - AEMSOlogs - INFO - RCWA eval:[299. 317. 349.  72.  69. 272.] | diff. eff.:0.8883499020923963
2026-03-17 22:59:18,160 - AEMSOlogs - INFO - RCWA eval:[293. 327. 367. 121.  97. 264.] | diff. eff.:0.8701841909281097
2026-03-17 22:59:18,439 - AEMSOlogs - INFO - RCWA eval:[292. 336. 366. 114. 124. 279.] | diff. eff.:0.9068544222261482
2026-03-17 23:00:05,526 - AEMSOlogs - INFO - RCWA eval:[299. 332. 371.  96.  73. 275.] | diff. eff.:0.8995695150403786
2026-03-17 23:00:06,560 - AEMSOlogs - INFO - RCWA eval:[302. 338. 351. 119.  86. 266.] | diff. eff.:0.9161683518434269
2026-03-17 23:00:06,579 - AEMSOlogs - INFO - Iteration 27: Best Y = -0.9295483316356453 at x = [0.64440191 0.73365761 0.77992622 0.28540209 0.16701782 0.5741559 ]
2026-03-17 23:00:06,585 - AEMSOlogs - INFO - Working on simulations...
2026-03-17 23:00:54,779 - AEMSOlogs - INFO - RCWA eval:[284. 329. 340.  91. 101. 281.] | diff. eff.:0.7987354764679029
2026-03-17 23:00:54,868 - AEMSOlogs - INFO - RCWA eval:[296. 330. 360.  58. 113. 259.] | diff. eff.:0.9119920656463721
2026-03-17 23:00:54,976 - AEMSOlogs - INFO - RCWA eval:[294. 334. 360.  74.  85. 266.] | diff. eff.:0.9191787648833445
2026-03-17 23:00:55,014 - AEMSOlogs - INFO - RCWA eval:[283. 325. 339.  91. 107. 259.] | diff. eff.:0.8318683948969793
2026-03-17 23:01:43,062 - AEMSOlogs - INFO - RCWA eval:[314. 342. 358. 152. 102. 295.] | diff. eff.:0.8583025595809867
2026-03-17 23:01:43,213 - AEMSOlogs - INFO - RCWA eval:[288. 327. 345.  84.  80. 270.] | diff. eff.:0.8692660550342517
2026-03-17 23:01:43,400 - AEMSOlogs - INFO - RCWA eval:[301. 331. 376.  82.  85. 269.] | diff. eff.:0.883729525877146
2026-03-17 23:01:43,506 - AEMSOlogs - INFO - RCWA eval:[306. 332. 368. 121. 105. 266.] | diff. eff.:0.9143137122977346
2026-03-17 23:02:31,413 - AEMSOlogs - INFO - RCWA eval:[311. 341. 360. 108.  79. 273.] | diff. eff.:0.9153801846174391
2026-03-17 23:02:31,568 - AEMSOlogs - INFO - RCWA eval:[307. 349. 375. 123.  74. 295.] | diff. eff.:0.8636505765613002
2026-03-17 23:02:31,645 - AEMSOlogs - INFO - RCWA eval:[301. 330. 388. 118.  84. 256.] | diff. eff.:0.8100974196351273
2026-03-17 23:02:32,002 - AEMSOlogs - INFO - RCWA eval:[300. 313. 341.  71.  91. 248.] | diff. eff.:0.8549373440242254
2026-03-17 23:03:19,465 - AEMSOlogs - INFO - RCWA eval:[290. 346. 361. 119.  75. 292.] | diff. eff.:0.8504428976158068
2026-03-17 23:03:20,191 - AEMSOlogs - INFO - RCWA eval:[309. 341. 382. 144.  82. 301.] | diff. eff.:0.8136871698001624
2026-03-17 23:03:20,213 - AEMSOlogs - INFO - Iteration 28: Best Y = -0.9295483316356453 at x = [0.64440191 0.73365761 0.77992622 0.28540209 0.16701782 0.5741559 ]
2026-03-17 23:03:20,219 - AEMSOlogs - INFO - Working on simulations...
2026-03-17 23:04:08,516 - AEMSOlogs - INFO - RCWA eval:[306. 327. 372.  29.  52. 268.] | diff. eff.:0.8965225084225752
2026-03-17 23:04:08,661 - AEMSOlogs - INFO - RCWA eval:[296. 325. 355. 104.  83. 268.] | diff. eff.:0.9171204250835673
2026-03-17 23:04:08,710 - AEMSOlogs - INFO - RCWA eval:[297. 355. 360. 112.  84. 249.] | diff. eff.:0.6683876293410344
2026-03-17 23:04:08,806 - AEMSOlogs - INFO - RCWA eval:[310. 332. 358.  86.  72. 281.] | diff. eff.:0.9171033260598515
2026-03-17 23:04:48,148 - AEMSOlogs - INFO - RCWA eval:[309. 338. 350.  83. 108. 260.] | diff. eff.:0.8735915929191962
2026-03-17 23:04:48,368 - AEMSOlogs - INFO - RCWA eval:[304. 332. 350.  96.  98. 285.] | diff. eff.:0.8827109988186844
2026-03-17 23:04:48,370 - AEMSOlogs - INFO - RCWA eval:[306. 338. 369. 117. 123. 259.] | diff. eff.:0.9074822792044434
2026-03-17 23:04:48,729 - AEMSOlogs - INFO - RCWA eval:[296. 332. 356.  66.  55. 257.] | diff. eff.:0.9246061071088466
2026-03-17 23:05:36,419 - AEMSOlogs - INFO - RCWA eval:[302. 322. 350.  72.  65. 252.] | diff. eff.:0.9088864733054417
2026-03-17 23:05:36,631 - AEMSOlogs - INFO - RCWA eval:[299. 333. 360. 101.  87. 284.] | diff. eff.:0.914739106775582
2026-03-17 23:05:36,717 - AEMSOlogs - INFO - RCWA eval:[310. 344. 363. 128.  58. 264.] | diff. eff.:0.8915245472620263
2026-03-17 23:05:37,258 - AEMSOlogs - INFO - RCWA eval:[288. 324. 349.  53.  95. 253.] | diff. eff.:0.8764388062268366
2026-03-17 23:06:24,527 - AEMSOlogs - INFO - RCWA eval:[307. 321. 359.  93.  89. 258.] | diff. eff.:0.9009782460805104
2026-03-17 23:06:25,504 - AEMSOlogs - INFO - RCWA eval:[294. 346. 369.  99.  92. 260.] | diff. eff.:0.881441114533623
2026-03-17 23:06:25,523 - AEMSOlogs - INFO - Iteration 29: Best Y = -0.9295483316356453 at x = [0.64440191 0.73365761 0.77992622 0.28540209 0.16701782 0.5741559 ]
2026-03-17 23:06:25,528 - AEMSOlogs - INFO - Working on simulations...
2026-03-17 23:07:13,938 - AEMSOlogs - INFO - RCWA eval:[306. 334. 350. 135.  92. 273.] | diff. eff.:0.9097359583896861
2026-03-17 23:07:13,958 - AEMSOlogs - INFO - RCWA eval:[301. 322. 345.  65.  42. 272.] | diff. eff.:0.8923674749058653
2026-03-17 23:07:14,084 - AEMSOlogs - INFO - RCWA eval:[310. 327. 368.  28.  78. 255.] | diff. eff.:0.8913420301851688
2026-03-17 23:07:14,099 - AEMSOlogs - INFO - RCWA eval:[300. 329. 357. 104. 112. 263.] | diff. eff.:0.9257757316152531
2026-03-17 23:08:02,179 - AEMSOlogs - INFO - RCWA eval:[303. 329. 369.  92.  77. 267.] | diff. eff.:0.9055228545328189
2026-03-17 23:08:02,382 - AEMSOlogs - INFO - RCWA eval:[291. 338. 351.  68.  92. 269.] | diff. eff.:0.9004465310862758
2026-03-17 23:08:02,437 - AEMSOlogs - INFO - RCWA eval:[302. 310. 340.  85.  67. 262.] | diff. eff.:0.8361433571976039
2026-03-17 23:08:02,719 - AEMSOlogs - INFO - RCWA eval:[294. 336. 360.  80.  60. 279.] | diff. eff.:0.9155789827053655
2026-03-17 23:08:50,410 - AEMSOlogs - INFO - RCWA eval:[299. 327. 358.  54.  54. 265.] | diff. eff.:0.9273043511114943
2026-03-17 23:08:50,651 - AEMSOlogs - INFO - RCWA eval:[304. 329. 355.  57.  47. 273.] | diff. eff.:0.928420652279911
2026-03-17 23:08:50,841 - AEMSOlogs - INFO - RCWA eval:[295. 331. 345.  80.  57. 258.] | diff. eff.:0.9107745424260707
2026-03-17 23:08:51,269 - AEMSOlogs - INFO - RCWA eval:[294. 336. 345.  70.  59. 266.] | diff. eff.:0.8986227679713087
2026-03-17 23:09:38,679 - AEMSOlogs - INFO - RCWA eval:[296. 320. 354. 107.  80. 255.] | diff. eff.:0.9033428262865945
2026-03-17 23:09:39,535 - AEMSOlogs - INFO - RCWA eval:[297. 326. 362.  63.  52. 262.] | diff. eff.:0.9119990243931838
2026-03-17 23:09:39,555 - AEMSOlogs - INFO - Iteration 30: Best Y = -0.9295483316356453 at x = [0.64440191 0.73365761 0.77992622 0.28540209 0.16701782 0.5741559 ]
2026-03-17 23:09:39,561 - AEMSOlogs - INFO - Working on simulations...
2026-03-17 23:10:27,925 - AEMSOlogs - INFO - RCWA eval:[307. 330. 368.  58.  78. 266.] | diff. eff.:0.9151472639217069
2026-03-17 23:10:28,025 - AEMSOlogs - INFO - RCWA eval:[297. 321. 352.  26.  23. 252.] | diff. eff.:0.8901250056808513
2026-03-17 23:10:28,091 - AEMSOlogs - INFO - RCWA eval:[300. 322. 353.  55.  40. 275.] | diff. eff.:0.9082013417217782
2026-03-17 23:10:28,126 - AEMSOlogs - INFO - RCWA eval:[299. 325. 354.  77.  85. 268.] | diff. eff.:0.9222129104918032
2026-03-17 23:11:12,029 - AEMSOlogs - INFO - RCWA eval:[309. 336. 370.  68.  84. 290.] | diff. eff.:0.8884388328209173
2026-03-17 23:11:12,187 - AEMSOlogs - INFO - RCWA eval:[310. 327. 357.  33.  28. 267.] | diff. eff.:0.9175566773172227
2026-03-17 23:11:12,284 - AEMSOlogs - INFO - RCWA eval:[292. 330. 347.  52.  69. 264.] | diff. eff.:0.8927164542307711
2026-03-17 23:11:12,466 - AEMSOlogs - INFO - RCWA eval:[298. 326. 359.  85.  78. 277.] | diff. eff.:0.9112383774535588
2026-03-17 23:11:55,509 - AEMSOlogs - INFO - RCWA eval:[321. 335. 368.  74. 109. 285.] | diff. eff.:0.889438407870498
2026-03-17 23:11:55,835 - AEMSOlogs - INFO - RCWA eval:[298. 322. 343.  92.  75. 266.] | diff. eff.:0.8865397981954819
2026-03-17 23:11:55,858 - AEMSOlogs - INFO - RCWA eval:[302. 339. 355.  50.  27. 273.] | diff. eff.:0.9257589902286001
2026-03-17 23:11:56,190 - AEMSOlogs - INFO - RCWA eval:[310. 327. 359.  49.  47. 277.] | diff. eff.:0.9149318867584404
2026-03-17 23:12:43,406 - AEMSOlogs - INFO - RCWA eval:[307. 322. 361.  88.  59. 282.] | diff. eff.:0.8891859305447101
2026-03-17 23:12:44,237 - AEMSOlogs - INFO - RCWA eval:[309. 329. 372. 112.  82. 280.] | diff. eff.:0.888967489535627
2026-03-17 23:12:44,257 - AEMSOlogs - INFO - Iteration 31: Best Y = -0.9295483316356453 at x = [0.64440191 0.73365761 0.77992622 0.28540209 0.16701782 0.5741559 ]
2026-03-17 23:12:44,263 - AEMSOlogs - INFO - Working on simulations...
2026-03-17 23:13:32,597 - AEMSOlogs - INFO - RCWA eval:[306. 327. 348.  46.  54. 264.] | diff. eff.:0.9074525185831305
2026-03-17 23:13:32,621 - AEMSOlogs - INFO - RCWA eval:[303. 328. 370.  87. 112. 275.] | diff. eff.:0.8993014237721053
2026-03-17 23:13:32,681 - AEMSOlogs - INFO - RCWA eval:[301. 319. 357.  50.  32. 268.] | diff. eff.:0.9075640179618419
2026-03-17 23:13:32,907 - AEMSOlogs - INFO - RCWA eval:[323. 328. 351. 108.  38. 278.] | diff. eff.:0.8260331490333038
2026-03-17 23:14:20,975 - AEMSOlogs - INFO - RCWA eval:[309. 331. 360.  23.  24. 288.] | diff. eff.:0.890677195189398
2026-03-17 23:14:21,002 - AEMSOlogs - INFO - RCWA eval:[292. 329. 363.  33.  48. 261.] | diff. eff.:0.8906949891077807
2026-03-17 23:14:21,118 - AEMSOlogs - INFO - RCWA eval:[301. 332. 355.  64.  48. 279.] | diff. eff.:0.9225804853400927
2026-03-17 23:14:21,423 - AEMSOlogs - INFO - RCWA eval:[306. 336. 366.  57.  45. 260.] | diff. eff.:0.9177553704922928
2026-03-17 23:15:09,370 - AEMSOlogs - INFO - RCWA eval:[302. 318. 332.  20.  22. 266.] | diff. eff.:0.8746741156832931
2026-03-17 23:15:09,378 - AEMSOlogs - INFO - RCWA eval:[302. 334. 361.  31.  43. 270.] | diff. eff.:0.9364354843054641
2026-03-17 23:15:09,535 - AEMSOlogs - INFO - RCWA eval:[289. 319. 356.  20.  32. 265.] | diff. eff.:0.8535076859161083
2026-03-17 23:15:09,950 - AEMSOlogs - INFO - RCWA eval:[302. 309. 344.  54.  80. 258.] | diff. eff.:0.85037665391925
2026-03-17 23:15:57,589 - AEMSOlogs - INFO - RCWA eval:[310. 330. 355.  30.  20. 283.] | diff. eff.:0.8987540463025626
2026-03-17 23:15:58,187 - AEMSOlogs - INFO - RCWA eval:[292. 330. 358.  74.  85. 255.] | diff. eff.:0.9003908279707544
2026-03-17 23:15:58,206 - AEMSOlogs - INFO - Iteration 32: Best Y = -0.9364354843054641 at x = [0.65586943 0.73119148 0.79345184 0.02477082 0.05347758 0.5822656 ]
2026-03-17 23:15:58,212 - AEMSOlogs - INFO - Working on simulations...
2026-03-17 23:16:46,575 - AEMSOlogs - INFO - RCWA eval:[304. 331. 372.  84.  57. 274.] | diff. eff.:0.9033852918436636
2026-03-17 23:16:46,661 - AEMSOlogs - INFO - RCWA eval:[308. 338. 355.  43.  75. 257.] | diff. eff.:0.8932680405913099
2026-03-17 23:16:46,825 - AEMSOlogs - INFO - RCWA eval:[296. 349. 356.  83.  65. 287.] | diff. eff.:0.8263887864747194
2026-03-17 23:16:46,879 - AEMSOlogs - INFO - RCWA eval:[304. 339. 372.  75.  63. 277.] | diff. eff.:0.9250700633613024
2026-03-17 23:17:34,827 - AEMSOlogs - INFO - RCWA eval:[300. 333. 361.  45.  52. 270.] | diff. eff.:0.9335422086730422
2026-03-17 23:17:34,974 - AEMSOlogs - INFO - RCWA eval:[311. 328. 364.  50.  60. 274.] | diff. eff.:0.9147789148402489
2026-03-17 23:17:35,165 - AEMSOlogs - INFO - RCWA eval:[297. 333. 351.  59.  62. 263.] | diff. eff.:0.9215439915645416
2026-03-17 23:17:35,373 - AEMSOlogs - INFO - RCWA eval:[304. 341. 363.  75.  34. 281.] | diff. eff.:0.9278493062741333
2026-03-17 23:18:14,083 - AEMSOlogs - INFO - RCWA eval:[297. 340. 362.  38.  56. 269.] | diff. eff.:0.92904139245588
2026-03-17 23:18:14,186 - AEMSOlogs - INFO - RCWA eval:[291. 327. 354.  29.  41. 259.] | diff. eff.:0.9082975879140159
2026-03-17 23:18:14,421 - AEMSOlogs - INFO - RCWA eval:[297. 327. 348.  50.  52. 266.] | diff. eff.:0.9156780881176848
2026-03-17 23:18:14,806 - AEMSOlogs - INFO - RCWA eval:[314. 331. 349.  72.  61. 255.] | diff. eff.:0.8613343532588916
2026-03-17 23:19:02,385 - AEMSOlogs - INFO - RCWA eval:[304. 331. 368.  50.  22. 276.] | diff. eff.:0.9124687928482415
2026-03-17 23:19:02,974 - AEMSOlogs - INFO - RCWA eval:[307. 326. 356.  48.  44. 269.] | diff. eff.:0.9230503249631002
2026-03-17 23:19:02,993 - AEMSOlogs - INFO - Iteration 33: Best Y = -0.9364354843054641 at x = [0.65586943 0.73119148 0.79345184 0.02477082 0.05347758 0.5822656 ]
2026-03-17 23:19:02,999 - AEMSOlogs - INFO - Working on simulations...
2026-03-17 23:19:51,433 - AEMSOlogs - INFO - RCWA eval:[310. 338. 355.  88.  53. 278.] | diff. eff.:0.9088283987628305
2026-03-17 23:19:51,477 - AEMSOlogs - INFO - RCWA eval:[304. 326. 356.  72.  58. 275.] | diff. eff.:0.9222407895640754
2026-03-17 23:19:51,486 - AEMSOlogs - INFO - RCWA eval:[306. 343. 362.  29.  52. 290.] | diff. eff.:0.8899247053269784
2026-03-17 23:19:51,583 - AEMSOlogs - INFO - RCWA eval:[310. 345. 373.  74.  89. 284.] | diff. eff.:0.9119134369537366
2026-03-17 23:20:39,766 - AEMSOlogs - INFO - RCWA eval:[299. 326. 355.  58.  53. 270.] | diff. eff.:0.9249786110080331
2026-03-17 23:20:39,854 - AEMSOlogs - INFO - RCWA eval:[299. 326. 369.  40.  81. 256.] | diff. eff.:0.8889529428394022
2026-03-17 23:20:39,874 - AEMSOlogs - INFO - RCWA eval:[311. 335. 364.  49.  49. 269.] | diff. eff.:0.9236094889494182
2026-03-17 23:20:40,167 - AEMSOlogs - INFO - RCWA eval:[305. 346. 372.  66.  74. 274.] | diff. eff.:0.9131907988494459
2026-03-17 23:21:28,105 - AEMSOlogs - INFO - RCWA eval:[291. 330. 356.  79.  74. 266.] | diff. eff.:0.9060604522590731
2026-03-17 23:21:28,235 - AEMSOlogs - INFO - RCWA eval:[310. 341. 361.  57.  67. 277.] | diff. eff.:0.9200453946540258
2026-03-17 23:21:28,270 - AEMSOlogs - INFO - RCWA eval:[305. 331. 366.  23.  26. 268.] | diff. eff.:0.9236882159257084
2026-03-17 23:21:28,598 - AEMSOlogs - INFO - RCWA eval:[300. 332. 367. 102.  77. 265.] | diff. eff.:0.913944100348628
2026-03-17 23:22:16,282 - AEMSOlogs - INFO - RCWA eval:[301. 340. 368.  95.  71. 279.] | diff. eff.:0.9312800529021433
2026-03-17 23:22:16,833 - AEMSOlogs - INFO - RCWA eval:[305. 328. 361.  25.  34. 273.] | diff. eff.:0.9252717087248368
2026-03-17 23:22:16,856 - AEMSOlogs - INFO - Iteration 34: Best Y = -0.9364354843054641 at x = [0.65586943 0.73119148 0.79345184 0.02477082 0.05347758 0.5822656 ]
2026-03-17 23:22:16,862 - AEMSOlogs - INFO - Working on simulations...
2026-03-17 23:23:05,266 - AEMSOlogs - INFO - RCWA eval:[304. 339. 358.  62.  59. 274.] | diff. eff.:0.9316416816975169
2026-03-17 23:23:05,308 - AEMSOlogs - INFO - RCWA eval:[300. 329. 367.  34.  63. 272.] | diff. eff.:0.9084294128664875
2026-03-17 23:23:05,373 - AEMSOlogs - INFO - RCWA eval:[304. 333. 364.  24.  32. 284.] | diff. eff.:0.9078268507056859
2026-03-17 23:23:05,394 - AEMSOlogs - INFO - RCWA eval:[315. 332. 374.  96.  83. 270.] | diff. eff.:0.8912070934170988
2026-03-17 23:23:53,489 - AEMSOlogs - INFO - RCWA eval:[311. 331. 363.  57.  50. 278.] | diff. eff.:0.9184127745524163
2026-03-17 23:23:53,710 - AEMSOlogs - INFO - RCWA eval:[301. 332. 352.  63.  49. 273.] | diff. eff.:0.9249105545427698
2026-03-17 23:23:53,744 - AEMSOlogs - INFO - RCWA eval:[305. 339. 365.  56.  58. 274.] | diff. eff.:0.9358259129089826
2026-03-17 23:23:53,946 - AEMSOlogs - INFO - RCWA eval:[298. 345. 366.  31.  73. 267.] | diff. eff.:0.9129180879412128
2026-03-17 23:24:38,715 - AEMSOlogs - INFO - RCWA eval:[304. 329. 361.  49.  48. 269.] | diff. eff.:0.9297390335467273
2026-03-17 23:24:38,934 - AEMSOlogs - INFO - RCWA eval:[307. 331. 359.  75.  65. 272.] | diff. eff.:0.9314487991377769
2026-03-17 23:24:38,990 - AEMSOlogs - INFO - RCWA eval:[303. 328. 361.  79.  56. 282.] | diff. eff.:0.9089875675426751
2026-03-17 23:24:39,191 - AEMSOlogs - INFO - RCWA eval:[308. 323. 362.  42.  46. 274.] | diff. eff.:0.9057284944995386
2026-03-17 23:25:19,722 - AEMSOlogs - INFO - RCWA eval:[300. 331. 363.  31.  31. 268.] | diff. eff.:0.9269875415538467
2026-03-17 23:25:20,132 - AEMSOlogs - INFO - RCWA eval:[306. 331. 357.  52.  47. 272.] | diff. eff.:0.9313122951775161
2026-03-17 23:25:20,152 - AEMSOlogs - INFO - Iteration 35: Best Y = -0.9364354843054641 at x = [0.65586943 0.73119148 0.79345184 0.02477082 0.05347758 0.5822656 ]
2026-03-17 23:25:20,158 - AEMSOlogs - INFO - Working on simulations...
2026-03-17 23:26:08,467 - AEMSOlogs - INFO - RCWA eval:[297. 338. 362.  44.  62. 273.] | diff. eff.:0.930215610677277
2026-03-17 23:26:08,513 - AEMSOlogs - INFO - RCWA eval:[297. 333. 357.  84.  60. 264.] | diff. eff.:0.9308838928648451
2026-03-17 23:26:08,699 - AEMSOlogs - INFO - RCWA eval:[295. 331. 350.  30.  30. 270.] | diff. eff.:0.9083375850412928
2026-03-17 23:26:08,897 - AEMSOlogs - INFO - RCWA eval:[303. 341. 363.  52.  44. 275.] | diff. eff.:0.9338227148175535
2026-03-17 23:26:56,710 - AEMSOlogs - INFO - RCWA eval:[298. 343. 362.  53.  79. 266.] | diff. eff.:0.9208019202905068
2026-03-17 23:26:56,893 - AEMSOlogs - INFO - RCWA eval:[297. 334. 359.  28.  63. 274.] | diff. eff.:0.9261067791442692
2026-03-17 23:26:57,015 - AEMSOlogs - INFO - RCWA eval:[300. 337. 360.  55.  61. 272.] | diff. eff.:0.9371300735123739
2026-03-17 23:26:57,352 - AEMSOlogs - INFO - RCWA eval:[310. 333. 362.  82.  45. 272.] | diff. eff.:0.9267226963553343
2026-03-17 23:27:44,910 - AEMSOlogs - INFO - RCWA eval:[304. 336. 361.  70.  58. 283.] | diff. eff.:0.9241687308097885
2026-03-17 23:27:45,216 - AEMSOlogs - INFO - RCWA eval:[312. 334. 365.  45.  35. 270.] | diff. eff.:0.920016702266025
2026-03-17 23:27:45,393 - AEMSOlogs - INFO - RCWA eval:[311. 330. 364.  21.  32. 272.] | diff. eff.:0.9183543187094869
2026-03-17 23:27:45,830 - AEMSOlogs - INFO - RCWA eval:[311. 337. 367.  38.  57. 281.] | diff. eff.:0.9201359396146049
2026-03-17 23:28:33,389 - AEMSOlogs - INFO - RCWA eval:[305. 331. 356.  44.  44. 269.] | diff. eff.:0.9320170629965259
2026-03-17 23:28:34,078 - AEMSOlogs - INFO - RCWA eval:[309. 337. 363.  46.  56. 281.] | diff. eff.:0.9253117796303085
2026-03-17 23:28:34,097 - AEMSOlogs - INFO - Iteration 36: Best Y = -0.9371300735123739 at x = [0.65230485 0.73659383 0.79147902 0.08183316 0.09546807 0.58718395]
2026-03-17 23:28:34,103 - AEMSOlogs - INFO - Working on simulations...
2026-03-17 23:29:22,482 - AEMSOlogs - INFO - RCWA eval:[289. 334. 356.  74.  48. 264.] | diff. eff.:0.8996619325775609
2026-03-17 23:29:22,526 - AEMSOlogs - INFO - RCWA eval:[308. 338. 364.  54.  53. 281.] | diff. eff.:0.9269223100939312
2026-03-17 23:29:22,641 - AEMSOlogs - INFO - RCWA eval:[302. 335. 363.  89.  55. 263.] | diff. eff.:0.9291192774755445
2026-03-17 23:29:22,809 - AEMSOlogs - INFO - RCWA eval:[303. 341. 361.  42.  37. 280.] | diff. eff.:0.9263850638772123
2026-03-17 23:30:10,848 - AEMSOlogs - INFO - RCWA eval:[305. 339. 367. 101.  63. 279.] | diff. eff.:0.9336590164163802
2026-03-17 23:30:10,910 - AEMSOlogs - INFO - RCWA eval:[293. 339. 360.  42.  47. 271.] | diff. eff.:0.916449978845786
2026-03-17 23:30:10,976 - AEMSOlogs - INFO - RCWA eval:[300. 340. 362.  51.  66. 273.] | diff. eff.:0.9355435621645546
2026-03-17 23:30:11,350 - AEMSOlogs - INFO - RCWA eval:[305. 340. 365.  68.  64. 273.] | diff. eff.:0.9353147654397075
2026-03-17 23:30:59,185 - AEMSOlogs - INFO - RCWA eval:[306. 340. 362.  26.  33. 272.] | diff. eff.:0.9311873974290744
2026-03-17 23:30:59,317 - AEMSOlogs - INFO - RCWA eval:[303. 337. 361.  47.  49. 267.] | diff. eff.:0.9352565157693383
2026-03-17 23:30:59,440 - AEMSOlogs - INFO - RCWA eval:[299. 337. 356.  52.  64. 274.] | diff. eff.:0.9302211673077813
2026-03-17 23:30:59,818 - AEMSOlogs - INFO - RCWA eval:[301. 337. 361.  51.  69. 266.] | diff. eff.:0.9341772147969024
2026-03-17 23:31:39,013 - AEMSOlogs - INFO - RCWA eval:[303. 339. 368.  66.  84. 274.] | diff. eff.:0.9344441078310551
2026-03-17 23:31:39,566 - AEMSOlogs - INFO - RCWA eval:[308. 335. 364.  60.  54. 279.] | diff. eff.:0.928071018860594
2026-03-17 23:31:39,585 - AEMSOlogs - INFO - Iteration 37: Best Y = -0.9371300735123739 at x = [0.65230485 0.73659383 0.79147902 0.08183316 0.09546807 0.58718395]
2026-03-17 23:31:39,590 - AEMSOlogs - INFO - Working on simulations...
2026-03-17 23:32:26,667 - AEMSOlogs - INFO - RCWA eval:[297. 349. 365.  42.  71. 274.] | diff. eff.:0.8867130396177628
2026-03-17 23:32:26,793 - AEMSOlogs - INFO - RCWA eval:[301. 343. 359.  71.  66. 269.] | diff. eff.:0.9205796196552144
2026-03-17 23:32:26,804 - AEMSOlogs - INFO - RCWA eval:[301. 339. 362.  51.  79. 265.] | diff. eff.:0.9306081728588598
2026-03-17 23:32:26,846 - AEMSOlogs - INFO - RCWA eval:[297. 340. 360.  65.  62. 273.] | diff. eff.:0.9317269052728299
2026-03-17 23:33:14,851 - AEMSOlogs - INFO - RCWA eval:[297. 336. 359.  77.  68. 276.] | diff. eff.:0.9307463676426396
2026-03-17 23:33:15,249 - AEMSOlogs - INFO - RCWA eval:[302. 342. 370.  47.  81. 276.] | diff. eff.:0.9296497628366409
2026-03-17 23:33:15,304 - AEMSOlogs - INFO - RCWA eval:[302. 337. 367.  56.  75. 274.] | diff. eff.:0.9325285431701286
2026-03-17 23:33:15,406 - AEMSOlogs - INFO - RCWA eval:[306. 343. 369.  67.  83. 275.] | diff. eff.:0.9290150406592137
2026-03-17 23:34:03,224 - AEMSOlogs - INFO - RCWA eval:[303. 342. 366.  74.  73. 273.] | diff. eff.:0.9331468723326987
2026-03-17 23:34:03,554 - AEMSOlogs - INFO - RCWA eval:[304. 338. 365.  47.  65. 278.] | diff. eff.:0.934086453382773
2026-03-17 23:34:03,793 - AEMSOlogs - INFO - RCWA eval:[302. 336. 365.  36.  71. 274.] | diff. eff.:0.934128301705332
2026-03-17 23:34:03,816 - AEMSOlogs - INFO - RCWA eval:[308. 337. 362.  53.  53. 270.] | diff. eff.:0.9313505234658116
2026-03-17 23:34:51,942 - AEMSOlogs - INFO - RCWA eval:[305. 338. 367.  75.  97. 274.] | diff. eff.:0.937123646117897
2026-03-17 23:34:52,070 - AEMSOlogs - INFO - RCWA eval:[305. 343. 368.  50.  75. 276.] | diff. eff.:0.9294506577085421
2026-03-17 23:34:52,089 - AEMSOlogs - INFO - Iteration 38: Best Y = -0.9371300735123739 at x = [0.65230485 0.73659383 0.79147902 0.08183316 0.09546807 0.58718395]
2026-03-17 23:34:52,095 - AEMSOlogs - INFO - Working on simulations...
2026-03-17 23:35:40,471 - AEMSOlogs - INFO - RCWA eval:[309. 344. 367.  79. 102. 277.] | diff. eff.:0.9248418046432292
2026-03-17 23:35:40,527 - AEMSOlogs - INFO - RCWA eval:[302. 343. 363.  44.  60. 275.] | diff. eff.:0.928698323001972
2026-03-17 23:35:40,544 - AEMSOlogs - INFO - RCWA eval:[304. 335. 360.  43.  50. 273.] | diff. eff.:0.9371601889123462
2026-03-17 23:35:40,681 - AEMSOlogs - INFO - RCWA eval:[299. 333. 355.  46.  85. 261.] | diff. eff.:0.9250286147098843
2026-03-17 23:36:28,799 - AEMSOlogs - INFO - RCWA eval:[303. 332. 364.  58.  65. 271.] | diff. eff.:0.9304569205673332
2026-03-17 23:36:28,881 - AEMSOlogs - INFO - RCWA eval:[300. 344. 371.  33.  83. 275.] | diff. eff.:0.9229336371511923
2026-03-17 23:36:28,936 - AEMSOlogs - INFO - RCWA eval:[305. 340. 366.  71.  84. 276.] | diff. eff.:0.9369380751581838
2026-03-17 23:36:29,197 - AEMSOlogs - INFO - RCWA eval:[299. 332. 361.  51.  73. 267.] | diff. eff.:0.9298262158260641
2026-03-17 23:37:17,105 - AEMSOlogs - INFO - RCWA eval:[304. 338. 355.  46.  53. 268.] | diff. eff.:0.923638230414275
2026-03-17 23:37:17,232 - AEMSOlogs - INFO - RCWA eval:[303. 337. 362.  58.  66. 272.] | diff. eff.:0.9384784732437255
2026-03-17 23:37:17,322 - AEMSOlogs - INFO - RCWA eval:[297. 334. 355.  53.  72. 274.] | diff. eff.:0.9250388974836304
2026-03-17 23:37:17,598 - AEMSOlogs - INFO - RCWA eval:[302. 334. 365.  46.  65. 273.] | diff. eff.:0.9309629504388759
2026-03-17 23:38:05,322 - AEMSOlogs - INFO - RCWA eval:[298. 332. 367.  68.  81. 275.] | diff. eff.:0.9099688129600065
2026-03-17 23:38:05,690 - AEMSOlogs - INFO - RCWA eval:[306. 337. 365.  69.  71. 271.] | diff. eff.:0.9349682070531667
2026-03-17 23:38:05,708 - AEMSOlogs - INFO - Iteration 39: Best Y = -0.9384784732437255 at x = [0.65777565 0.73793549 0.7945714  0.08754504 0.10764649 0.58645127]
2026-03-17 23:38:05,714 - AEMSOlogs - INFO - Working on simulations...
2026-03-17 23:38:44,973 - AEMSOlogs - INFO - RCWA eval:[306. 331. 363.  58.  61. 266.] | diff. eff.:0.9277010634390969
2026-03-17 23:38:45,061 - AEMSOlogs - INFO - RCWA eval:[303. 341. 367.  51.  72. 276.] | diff. eff.:0.9339659686696394
2026-03-17 23:38:45,075 - AEMSOlogs - INFO - RCWA eval:[303. 335. 362.  43.  64. 270.] | diff. eff.:0.9370123833810071
2026-03-17 23:38:45,134 - AEMSOlogs - INFO - RCWA eval:[306. 332. 364.  72.  78. 275.] | diff. eff.:0.9306654253303647
2026-03-17 23:39:33,349 - AEMSOlogs - INFO - RCWA eval:[302. 337. 358.  58.  59. 267.] | diff. eff.:0.9342654028156823
2026-03-17 23:39:33,426 - AEMSOlogs - INFO - RCWA eval:[307. 336. 364.  49.  53. 275.] | diff. eff.:0.9337714926158026
2026-03-17 23:39:33,586 - AEMSOlogs - INFO - RCWA eval:[304. 335. 361.  56.  88. 276.] | diff. eff.:0.9379087980540978
2026-03-17 23:39:33,650 - AEMSOlogs - INFO - RCWA eval:[299. 333. 360.  49.  53. 267.] | diff. eff.:0.932883955340283
2026-03-17 23:40:21,689 - AEMSOlogs - INFO - RCWA eval:[303. 342. 369.  69.  96. 273.] | diff. eff.:0.9323839354011264
2026-03-17 23:40:21,761 - AEMSOlogs - INFO - RCWA eval:[303. 338. 362.  78.  69. 278.] | diff. eff.:0.9367552011194881
2026-03-17 23:40:21,900 - AEMSOlogs - INFO - RCWA eval:[307. 333. 366.  75.  84. 272.] | diff. eff.:0.9295648780135337
2026-03-17 23:40:22,129 - AEMSOlogs - INFO - RCWA eval:[306. 333. 367.  45.  71. 276.] | diff. eff.:0.9256710263549819
2026-03-17 23:41:09,807 - AEMSOlogs - INFO - RCWA eval:[304. 338. 361.  30.  66. 274.] | diff. eff.:0.9369396121759118
2026-03-17 23:41:10,361 - AEMSOlogs - INFO - RCWA eval:[304. 332. 368.  34.  41. 274.] | diff. eff.:0.9191834477227816
2026-03-17 23:41:10,382 - AEMSOlogs - INFO - Iteration 40: Best Y = -0.9384784732437255 at x = [0.65777565 0.73793549 0.7945714  0.08754504 0.10764649 0.58645127]
2026-03-17 23:41:10,388 - AEMSOlogs - INFO - Working on simulations...
2026-03-17 23:41:58,729 - AEMSOlogs - INFO - RCWA eval:[311. 337. 364.  92.  84. 285.] | diff. eff.:0.9179195062408615
2026-03-17 23:41:58,816 - AEMSOlogs - INFO - RCWA eval:[302. 332. 363.  46.  75. 272.] | diff. eff.:0.9318205894726886
2026-03-17 23:41:58,902 - AEMSOlogs - INFO - RCWA eval:[306. 334. 360.  69.  83. 276.] | diff. eff.:0.9355751014905319
2026-03-17 23:41:59,000 - AEMSOlogs - INFO - RCWA eval:[300. 334. 359.  67.  95. 269.] | diff. eff.:0.9360811267389786
2026-03-17 23:42:47,101 - AEMSOlogs - INFO - RCWA eval:[302. 334. 354.  24.  62. 268.] | diff. eff.:0.928127850800317
2026-03-17 23:42:47,187 - AEMSOlogs - INFO - RCWA eval:[302. 338. 359.  49.  80. 277.] | diff. eff.:0.934248674314934
2026-03-17 23:42:47,369 - AEMSOlogs - INFO - RCWA eval:[305. 343. 361.  39.  57. 276.] | diff. eff.:0.9220960828357049
2026-03-17 23:42:47,560 - AEMSOlogs - INFO - RCWA eval:[303. 341. 363.  59.  89. 280.] | diff. eff.:0.9330838272814593
2026-03-17 23:43:35,485 - AEMSOlogs - INFO - RCWA eval:[306. 343. 368.  53.  69. 278.] | diff. eff.:0.9278020533908049
2026-03-17 23:43:35,576 - AEMSOlogs - INFO - RCWA eval:[304. 336. 362.  69.  83. 278.] | diff. eff.:0.9366672598553729
2026-03-17 23:43:35,815 - AEMSOlogs - INFO - RCWA eval:[296. 341. 356.  31.  82. 270.] | diff. eff.:0.917038640712454
2026-03-17 23:43:35,975 - AEMSOlogs - INFO - RCWA eval:[303. 335. 362.  66.  87. 277.] | diff. eff.:0.9367879778420681
2026-03-17 23:44:23,454 - AEMSOlogs - INFO - RCWA eval:[300. 333. 361.  54.  71. 273.] | diff. eff.:0.9331388902384968
2026-03-17 23:44:24,070 - AEMSOlogs - INFO - RCWA eval:[304. 335. 363.  53.  59. 268.] | diff. eff.:0.9347388382830909
2026-03-17 23:44:24,091 - AEMSOlogs - INFO - Iteration 41: Best Y = -0.9384784732437255 at x = [0.65777565 0.73793549 0.7945714  0.08754504 0.10764649 0.58645127]
2026-03-17 23:44:24,097 - AEMSOlogs - INFO - Working on simulations...
2026-03-17 23:45:06,217 - AEMSOlogs - INFO - RCWA eval:[300. 335. 359.  80. 102. 273.] | diff. eff.:0.9380342600668851
2026-03-17 23:45:06,223 - AEMSOlogs - INFO - RCWA eval:[303. 331. 363.  90. 106. 275.] | diff. eff.:0.9315997799262132
2026-03-17 23:45:06,263 - AEMSOlogs - INFO - RCWA eval:[297. 332. 362.  79.  95. 274.] | diff. eff.:0.9231649633694943
2026-03-17 23:45:06,423 - AEMSOlogs - INFO - RCWA eval:[303. 328. 356.  62.  85. 270.] | diff. eff.:0.9300539371795364
2026-03-17 23:45:50,257 - AEMSOlogs - INFO - RCWA eval:[299. 330. 360.  83. 114. 272.] | diff. eff.:0.9292812941402144
2026-03-17 23:45:50,258 - AEMSOlogs - INFO - RCWA eval:[304. 333. 365.  78. 102. 281.] | diff. eff.:0.9256967559522615
2026-03-17 23:45:50,349 - AEMSOlogs - INFO - RCWA eval:[300. 329. 353.  75.  82. 272.] | diff. eff.:0.9249947390016625
2026-03-17 23:45:50,654 - AEMSOlogs - INFO - RCWA eval:[306. 332. 364.  79. 114. 276.] | diff. eff.:0.9343631135417618
2026-03-17 23:46:38,559 - AEMSOlogs - INFO - RCWA eval:[308. 335. 362.  53.  75. 281.] | diff. eff.:0.9274007629556968
2026-03-17 23:46:38,560 - AEMSOlogs - INFO - RCWA eval:[309. 339. 371.  82.  99. 280.] | diff. eff.:0.9278317615782982
2026-03-17 23:46:38,697 - AEMSOlogs - INFO - RCWA eval:[306. 340. 366.  83.  95. 279.] | diff. eff.:0.9366455104752156
2026-03-17 23:46:39,111 - AEMSOlogs - INFO - RCWA eval:[306. 335. 360.  45.  66. 277.] | diff. eff.:0.9336844384784219
2026-03-17 23:47:26,651 - AEMSOlogs - INFO - RCWA eval:[307. 330. 361.  42.  71. 276.] | diff. eff.:0.928304452486773
2026-03-17 23:47:27,267 - AEMSOlogs - INFO - RCWA eval:[303. 333. 364.  56.  66. 272.] | diff. eff.:0.9323420130908603
2026-03-17 23:47:27,279 - AEMSOlogs - INFO - Iteration 42: Best Y = -0.9384784732437255 at x = [0.65777565 0.73793549 0.7945714  0.08754504 0.10764649 0.58645127]
2026-03-17 23:47:27,285 - AEMSOlogs - INFO - Working on simulations...
2026-03-17 23:48:15,550 - AEMSOlogs - INFO - RCWA eval:[302. 337. 366. 111. 135. 282.] | diff. eff.:0.9356967787321968
2026-03-17 23:48:15,649 - AEMSOlogs - INFO - RCWA eval:[307. 337. 366.  65.  89. 270.] | diff. eff.:0.9332942235076352
2026-03-17 23:48:15,741 - AEMSOlogs - INFO - RCWA eval:[302. 341. 364.  61.  96. 280.] | diff. eff.:0.9342989371423249
2026-03-17 23:48:15,781 - AEMSOlogs - INFO - RCWA eval:[305. 331. 362.  90.  97. 275.] | diff. eff.:0.9330882902193701
2026-03-17 23:49:03,902 - AEMSOlogs - INFO - RCWA eval:[302. 340. 361.  68.  68. 272.] | diff. eff.:0.936046386553476
2026-03-17 23:49:03,972 - AEMSOlogs - INFO - RCWA eval:[305. 338. 370.  59.  91. 279.] | diff. eff.:0.9288185095702146
2026-03-17 23:49:04,114 - AEMSOlogs - INFO - RCWA eval:[305. 333. 363.  88. 104. 277.] | diff. eff.:0.9354947455472058
2026-03-17 23:49:04,361 - AEMSOlogs - INFO - RCWA eval:[303. 338. 358.  47.  41. 271.] | diff. eff.:0.9342670035916834
2026-03-17 23:49:52,161 - AEMSOlogs - INFO - RCWA eval:[301. 339. 359.  81.  86. 275.] | diff. eff.:0.9365932927349776
2026-03-17 23:49:52,415 - AEMSOlogs - INFO - RCWA eval:[299. 333. 366.  82. 118. 266.] | diff. eff.:0.9184180066380422
2026-03-17 23:49:52,558 - AEMSOlogs - INFO - RCWA eval:[308. 340. 366.  76.  96. 279.] | diff. eff.:0.9346022516109835
2026-03-17 23:49:52,829 - AEMSOlogs - INFO - RCWA eval:[308. 337. 364.  49.  59. 272.] | diff. eff.:0.9328850432002018
2026-03-17 23:50:40,420 - AEMSOlogs - INFO - RCWA eval:[303. 337. 360.  75.  85. 275.] | diff. eff.:0.9389297833926149
2026-03-17 23:50:41,010 - AEMSOlogs - INFO - RCWA eval:[309. 337. 366.  76.  99. 274.] | diff. eff.:0.9346518888729459
2026-03-17 23:50:41,029 - AEMSOlogs - INFO - Iteration 43: Best Y = -0.9389297833926149 at x = [0.65737962 0.73712138 0.79037565 0.12798425 0.1522583  0.59215046]
2026-03-17 23:50:41,035 - AEMSOlogs - INFO - Working on simulations...
2026-03-17 23:51:29,359 - AEMSOlogs - INFO - RCWA eval:[304. 338. 362.  98.  90. 275.] | diff. eff.:0.9404841868757288
2026-03-17 23:51:29,379 - AEMSOlogs - INFO - RCWA eval:[302. 332. 360.  76.  92. 275.] | diff. eff.:0.9350719857399334
2026-03-17 23:51:29,423 - AEMSOlogs - INFO - RCWA eval:[304. 337. 362.  73.  98. 279.] | diff. eff.:0.937577664768798
2026-03-17 23:51:29,584 - AEMSOlogs - INFO - RCWA eval:[300. 343. 364.  86.  74. 278.] | diff. eff.:0.9303797949029198
2026-03-17 23:52:08,388 - AEMSOlogs - INFO - RCWA eval:[297. 336. 359.  93.  70. 271.] | diff. eff.:0.9349626572514081
2026-03-17 23:52:08,495 - AEMSOlogs - INFO - RCWA eval:[302. 338. 363. 100. 111. 280.] | diff. eff.:0.9387207473047232
2026-03-17 23:52:08,593 - AEMSOlogs - INFO - RCWA eval:[303. 338. 364.  81.  80. 275.] | diff. eff.:0.9390215389473936
2026-03-17 23:52:08,850 - AEMSOlogs - INFO - RCWA eval:[300. 341. 362.  91. 118. 280.] | diff. eff.:0.9357102375770985
2026-03-17 23:52:56,611 - AEMSOlogs - INFO - RCWA eval:[299. 337. 359.  84.  92. 279.] | diff. eff.:0.9322274375536521
2026-03-17 23:52:56,834 - AEMSOlogs - INFO - RCWA eval:[302. 342. 364.  84.  78. 277.] | diff. eff.:0.9346140541338203
2026-03-17 23:52:56,982 - AEMSOlogs - INFO - RCWA eval:[298. 341. 362.  75.  69. 274.] | diff. eff.:0.9333579665071345
2026-03-17 23:52:57,317 - AEMSOlogs - INFO - RCWA eval:[303. 337. 360.  68.  73. 277.] | diff. eff.:0.9366688661271103
2026-03-17 23:53:44,899 - AEMSOlogs - INFO - RCWA eval:[299. 335. 356.  58.  69. 272.] | diff. eff.:0.9327396070705802
2026-03-17 23:53:45,606 - AEMSOlogs - INFO - RCWA eval:[300. 342. 361. 100.  79. 272.] | diff. eff.:0.932618551233017
2026-03-17 23:53:45,625 - AEMSOlogs - INFO - Iteration 44: Best Y = -0.9404841868757288 at x = [0.66105026 0.74021634 0.7953136  0.18152388 0.16275147 0.59403382]
2026-03-17 23:53:45,631 - AEMSOlogs - INFO - Working on simulations...
2026-03-17 23:54:33,978 - AEMSOlogs - INFO - RCWA eval:[302. 340. 358.  85.  92. 274.] | diff. eff.:0.9328440250027916
2026-03-17 23:54:34,040 - AEMSOlogs - INFO - RCWA eval:[306. 338. 363. 103. 102. 284.] | diff. eff.:0.9301359166612553
2026-03-17 23:54:34,084 - AEMSOlogs - INFO - RCWA eval:[303. 337. 361.  84.  85. 276.] | diff. eff.:0.9394309703895282
2026-03-17 23:54:34,256 - AEMSOlogs - INFO - RCWA eval:[302. 338. 357.  76.  72. 275.] | diff. eff.:0.9333045545483422
2026-03-17 23:55:22,293 - AEMSOlogs - INFO - RCWA eval:[304. 340. 361.  81.  56. 278.] | diff. eff.:0.933581416953587
2026-03-17 23:55:22,408 - AEMSOlogs - INFO - RCWA eval:[303. 338. 360.  88.  70. 277.] | diff. eff.:0.9372202663380793
2026-03-17 23:55:22,440 - AEMSOlogs - INFO - RCWA eval:[303. 336. 361. 105. 101. 281.] | diff. eff.:0.934732510116365
2026-03-17 23:55:22,737 - AEMSOlogs - INFO - RCWA eval:[303. 339. 357. 104.  98. 282.] | diff. eff.:0.9234258977422076
2026-03-17 23:56:10,595 - AEMSOlogs - INFO - RCWA eval:[301. 340. 368. 121. 148. 283.] | diff. eff.:0.9379947760145585
2026-03-17 23:56:10,710 - AEMSOlogs - INFO - RCWA eval:[305. 337. 359.  94.  96. 279.] | diff. eff.:0.9342723126989424
2026-03-17 23:56:10,898 - AEMSOlogs - INFO - RCWA eval:[308. 337. 360.  78.  73. 275.] | diff. eff.:0.9324555803461615
2026-03-17 23:56:11,204 - AEMSOlogs - INFO - RCWA eval:[305. 332. 362.  75.  77. 278.] | diff. eff.:0.9304006666988952
2026-03-17 23:56:58,873 - AEMSOlogs - INFO - RCWA eval:[305. 338. 359.  84.  81. 276.] | diff. eff.:0.9349987806650327
2026-03-17 23:56:59,421 - AEMSOlogs - INFO - RCWA eval:[304. 337. 367.  99. 112. 283.] | diff. eff.:0.929940953128797
2026-03-17 23:56:59,441 - AEMSOlogs - INFO - Iteration 45: Best Y = -0.9404841868757288 at x = [0.66105026 0.74021634 0.7953136  0.18152388 0.16275147 0.59403382]
2026-03-17 23:56:59,447 - AEMSOlogs - INFO - Working on simulations...
2026-03-17 23:57:47,527 - AEMSOlogs - INFO - RCWA eval:[301. 340. 358.  90.  86. 277.] | diff. eff.:0.9319854620582377
2026-03-17 23:57:47,818 - AEMSOlogs - INFO - RCWA eval:[303. 337. 362.  95. 102. 280.] | diff. eff.:0.9373110000332375
2026-03-17 23:57:47,823 - AEMSOlogs - INFO - RCWA eval:[300. 339. 365. 103.  95. 277.] | diff. eff.:0.9377542783816092
2026-03-17 23:57:48,011 - AEMSOlogs - INFO - RCWA eval:[303. 337. 366.  95. 100. 278.] | diff. eff.:0.9365664985993016
2026-03-17 23:58:32,232 - AEMSOlogs - INFO - RCWA eval:[300. 339. 363.  94.  83. 272.] | diff. eff.:0.9383019217472038
2026-03-17 23:58:32,582 - AEMSOlogs - INFO - RCWA eval:[301. 341. 364. 100.  86. 279.] | diff. eff.:0.9362302511313213
2026-03-17 23:58:32,594 - AEMSOlogs - INFO - RCWA eval:[305. 341. 370. 143. 142. 285.] | diff. eff.:0.9370883498473177
2026-03-17 23:58:32,820 - AEMSOlogs - INFO - RCWA eval:[303. 335. 362.  91.  93. 280.] | diff. eff.:0.9340120756897501
2026-03-17 23:59:12,477 - AEMSOlogs - INFO - RCWA eval:[303. 341. 366. 107. 115. 282.] | diff. eff.:0.9370845212355152
2026-03-17 23:59:13,237 - AEMSOlogs - INFO - RCWA eval:[301. 335. 356.  73.  72. 273.] | diff. eff.:0.9345352187286042
2026-03-17 23:59:13,458 - AEMSOlogs - INFO - RCWA eval:[300. 340. 361. 124. 124. 277.] | diff. eff.:0.9407767429723441
2026-03-17 23:59:13,767 - AEMSOlogs - INFO - RCWA eval:[301. 337. 364.  86. 113. 278.] | diff. eff.:0.9381347487462052
2026-03-18 00:00:00,499 - AEMSOlogs - INFO - RCWA eval:[304. 340. 361.  89.  85. 279.] | diff. eff.:0.9345577531562939
2026-03-18 00:00:01,933 - AEMSOlogs - INFO - RCWA eval:[303. 338. 364. 102. 105. 285.] | diff. eff.:0.9273579598524557
2026-03-18 00:00:01,952 - AEMSOlogs - INFO - Iteration 46: Best Y = -0.9407767429723441 at x = [0.65173044 0.74471101 0.79358174 0.24167659 0.24208909 0.5985564 ]
2026-03-18 00:00:01,957 - AEMSOlogs - INFO - Working on simulations...
2026-03-18 00:00:50,131 - AEMSOlogs - INFO - RCWA eval:[299. 337. 361. 110. 135. 275.] | diff. eff.:0.9408438159256552
2026-03-18 00:00:50,287 - AEMSOlogs - INFO - RCWA eval:[303. 334. 360. 101.  95. 273.] | diff. eff.:0.9390627643809233
2026-03-18 00:00:50,315 - AEMSOlogs - INFO - RCWA eval:[295. 346. 365. 121. 111. 275.] | diff. eff.:0.9155040695746423
2026-03-18 00:00:50,575 - AEMSOlogs - INFO - RCWA eval:[303. 336. 360.  68.  84. 274.] | diff. eff.:0.9390423724755703
2026-03-18 00:01:38,254 - AEMSOlogs - INFO - RCWA eval:[300. 340. 361.  99.  97. 276.] | diff. eff.:0.9384629475286967
2026-03-18 00:01:38,582 - AEMSOlogs - INFO - RCWA eval:[298. 344. 364. 122. 116. 278.] | diff. eff.:0.9309982434869584
2026-03-18 00:01:38,641 - AEMSOlogs - INFO - RCWA eval:[303. 338. 362. 106.  95. 279.] | diff. eff.:0.9390086335926786
2026-03-18 00:01:39,013 - AEMSOlogs - INFO - RCWA eval:[301. 337. 359. 115. 113. 276.] | diff. eff.:0.939958247245379
2026-03-18 00:02:26,258 - AEMSOlogs - INFO - RCWA eval:[305. 338. 362.  91. 105. 278.] | diff. eff.:0.9397009530093865
2026-03-18 00:02:26,806 - AEMSOlogs - INFO - RCWA eval:[299. 338. 363. 121. 116. 280.] | diff. eff.:0.9368626354099686
2026-03-18 00:02:27,011 - AEMSOlogs - INFO - RCWA eval:[302. 335. 361. 100. 112. 282.] | diff. eff.:0.9314433018572116
2026-03-18 00:02:27,436 - AEMSOlogs - INFO - RCWA eval:[301. 342. 358.  94.  89. 280.] | diff. eff.:0.9221326388029993
2026-03-18 00:03:14,058 - AEMSOlogs - INFO - RCWA eval:[301. 338. 364. 106.  99. 275.] | diff. eff.:0.9401458114056116
2026-03-18 00:03:15,568 - AEMSOlogs - INFO - RCWA eval:[300. 339. 364. 146. 136. 283.] | diff. eff.:0.9373501774995042
2026-03-18 00:03:15,587 - AEMSOlogs - INFO - Iteration 47: Best Y = -0.9408438159256552 at x = [0.64933636 0.73749333 0.79414855 0.20851702 0.26652571 0.59414665]
2026-03-18 00:03:15,593 - AEMSOlogs - INFO - Working on simulations...
2026-03-18 00:04:03,610 - AEMSOlogs - INFO - RCWA eval:[302. 335. 362. 110. 105. 273.] | diff. eff.:0.9396680834784654
2026-03-18 00:04:03,993 - AEMSOlogs - INFO - RCWA eval:[301. 337. 360. 102. 106. 275.] | diff. eff.:0.9406909195771145
2026-03-18 00:04:04,037 - AEMSOlogs - INFO - RCWA eval:[303. 336. 358.  78.  69. 273.] | diff. eff.:0.9373127534084128
2026-03-18 00:04:04,118 - AEMSOlogs - INFO - RCWA eval:[304. 340. 368. 105.  92. 282.] | diff. eff.:0.9322531168618636
2026-03-18 00:04:51,662 - AEMSOlogs - INFO - RCWA eval:[300. 338. 362. 120. 146. 275.] | diff. eff.:0.9437697721015693
2026-03-18 00:04:52,240 - AEMSOlogs - INFO - RCWA eval:[302. 339. 362. 107. 110. 274.] | diff. eff.:0.9419066129612502
2026-03-18 00:04:52,250 - AEMSOlogs - INFO - RCWA eval:[297. 336. 358.  85. 120. 276.] | diff. eff.:0.9321387454888862
2026-03-18 00:04:52,510 - AEMSOlogs - INFO - RCWA eval:[303. 335. 358. 103.  88. 275.] | diff. eff.:0.9377212697369285
2026-03-18 00:05:33,524 - AEMSOlogs - INFO - RCWA eval:[304. 339. 363. 101. 116. 282.] | diff. eff.:0.9370051523240566
2026-03-18 00:05:34,009 - AEMSOlogs - INFO - RCWA eval:[303. 336. 362. 119. 115. 282.] | diff. eff.:0.935037506164109
2026-03-18 00:05:34,065 - AEMSOlogs - INFO - RCWA eval:[300. 335. 362.  75.  85. 271.] | diff. eff.:0.9360526973064922
2026-03-18 00:05:34,276 - AEMSOlogs - INFO - RCWA eval:[302. 338. 361. 133. 123. 276.] | diff. eff.:0.942900932111925
2026-03-18 00:06:19,419 - AEMSOlogs - INFO - RCWA eval:[301. 338. 366.  81.  82. 274.] | diff. eff.:0.9355118500060166
2026-03-18 00:06:20,907 - AEMSOlogs - INFO - RCWA eval:[302. 339. 359.  92.  96. 276.] | diff. eff.:0.9369765721314306
2026-03-18 00:06:20,931 - AEMSOlogs - INFO - Iteration 48: Best Y = -0.9437697721015693 at x = [0.65033534 0.74019489 0.79528999 0.2326954  0.29223454 0.59290983]
2026-03-18 00:06:20,936 - AEMSOlogs - INFO - Working on simulations...
2026-03-18 00:07:09,104 - AEMSOlogs - INFO - RCWA eval:[300. 338. 363. 118. 130. 274.] | diff. eff.:0.9422360585827668
2026-03-18 00:07:09,187 - AEMSOlogs - INFO - RCWA eval:[298. 338. 362. 119. 109. 272.] | diff. eff.:0.9381972216103173
2026-03-18 00:07:09,260 - AEMSOlogs - INFO - RCWA eval:[301. 338. 367. 119. 129. 276.] | diff. eff.:0.9388664983879083
2026-03-18 00:07:09,427 - AEMSOlogs - INFO - RCWA eval:[299. 339. 365. 134. 156. 276.] | diff. eff.:0.9427456663469405
2026-03-18 00:07:57,372 - AEMSOlogs - INFO - RCWA eval:[306. 335. 357. 113. 108. 272.] | diff. eff.:0.9330635640147478
2026-03-18 00:07:57,506 - AEMSOlogs - INFO - RCWA eval:[303. 339. 361. 113. 123. 277.] | diff. eff.:0.9419847868392401
2026-03-18 00:07:57,728 - AEMSOlogs - INFO - RCWA eval:[298. 343. 365. 118. 133. 273.] | diff. eff.:0.9350855324535813
2026-03-18 00:07:57,875 - AEMSOlogs - INFO - RCWA eval:[301. 340. 363. 123. 109. 275.] | diff. eff.:0.9416604653189892
2026-03-18 00:08:45,465 - AEMSOlogs - INFO - RCWA eval:[303. 337. 362.  91. 113. 275.] | diff. eff.:0.9422395091168475
2026-03-18 00:08:45,727 - AEMSOlogs - INFO - RCWA eval:[296. 338. 361.  92. 136. 269.] | diff. eff.:0.9328901251148817
2026-03-18 00:08:46,177 - AEMSOlogs - INFO - RCWA eval:[299. 343. 363. 141. 145. 276.] | diff. eff.:0.9378342859492843
2026-03-18 00:08:46,347 - AEMSOlogs - INFO - RCWA eval:[298. 336. 361. 128. 140. 271.] | diff. eff.:0.9370911681550367
2026-03-18 00:09:33,530 - AEMSOlogs - INFO - RCWA eval:[299. 342. 365. 120. 122. 276.] | diff. eff.:0.9389283503020389
2026-03-18 00:09:34,601 - AEMSOlogs - INFO - RCWA eval:[300. 341. 365. 120. 145. 273.] | diff. eff.:0.9420274873621817
2026-03-18 00:09:34,620 - AEMSOlogs - INFO - Iteration 49: Best Y = -0.9437697721015693 at x = [0.65033534 0.74019489 0.79528999 0.2326954  0.29223454 0.59290983]
2026-03-18 00:09:34,626 - AEMSOlogs - INFO - Working on simulations...
2026-03-18 00:10:22,820 - AEMSOlogs - INFO - RCWA eval:[301. 341. 366. 162. 168. 275.] | diff. eff.:0.9445131046275139
2026-03-18 00:10:22,875 - AEMSOlogs - INFO - RCWA eval:[304. 338. 367. 102. 128. 276.] | diff. eff.:0.9413844175207315
2026-03-18 00:10:23,190 - AEMSOlogs - INFO - RCWA eval:[302. 339. 366. 111. 117. 274.] | diff. eff.:0.9406533026737459
2026-03-18 00:10:23,272 - AEMSOlogs - INFO - RCWA eval:[299. 338. 363. 138. 147. 280.] | diff. eff.:0.939757683235401
2026-03-18 00:11:10,881 - AEMSOlogs - INFO - RCWA eval:[301. 339. 362. 104.  98. 275.] | diff. eff.:0.9408932765448417
2026-03-18 00:11:11,162 - AEMSOlogs - INFO - RCWA eval:[300. 341. 364. 160. 160. 278.] | diff. eff.:0.9442318700090717
2026-03-18 00:11:11,512 - AEMSOlogs - INFO - RCWA eval:[301. 337. 356. 126. 107. 270.] | diff. eff.:0.934646456403762
2026-03-18 00:11:11,801 - AEMSOlogs - INFO - RCWA eval:[300. 340. 366. 123. 148. 282.] | diff. eff.:0.9399886309220371
2026-03-18 00:11:59,108 - AEMSOlogs - INFO - RCWA eval:[302. 341. 367. 118. 145. 279.] | diff. eff.:0.9444356182977612
2026-03-18 00:11:59,349 - AEMSOlogs - INFO - RCWA eval:[304. 335. 366. 102. 143. 278.] | diff. eff.:0.9394823130315224
2026-03-18 00:11:59,708 - AEMSOlogs - INFO - RCWA eval:[304. 337. 366.  99.  98. 272.] | diff. eff.:0.93691442897445
2026-03-18 00:12:00,106 - AEMSOlogs - INFO - RCWA eval:[306. 338. 360. 120. 149. 276.] | diff. eff.:0.941789187453703
2026-03-18 00:12:36,668 - AEMSOlogs - INFO - RCWA eval:[301. 342. 366. 123. 137. 274.] | diff. eff.:0.9410272504932565
2026-03-18 00:12:37,837 - AEMSOlogs - INFO - RCWA eval:[299. 336. 357. 111.  96. 269.] | diff. eff.:0.936118501344178
2026-03-18 00:12:37,856 - AEMSOlogs - INFO - Iteration 50: Best Y = -0.9445131046275139 at x = [0.65256499 0.74612669 0.80456104 0.33051511 0.34476028 0.59400001]
2026-03-18 00:12:37,862 - AEMSOlogs - INFO - Working on simulations...
2026-03-18 00:13:26,175 - AEMSOlogs - INFO - RCWA eval:[304. 341. 366. 150. 171. 277.] | diff. eff.:0.9496468931327764
2026-03-18 00:13:26,210 - AEMSOlogs - INFO - RCWA eval:[302. 339. 360. 140. 153. 273.] | diff. eff.:0.9422673174862864
2026-03-18 00:13:26,312 - AEMSOlogs - INFO - RCWA eval:[304. 337. 365. 114. 145. 275.] | diff. eff.:0.9448086578728073
2026-03-18 00:13:26,361 - AEMSOlogs - INFO - RCWA eval:[302. 339. 359. 111. 124. 276.] | diff. eff.:0.9392269020548966
2026-03-18 00:14:14,495 - AEMSOlogs - INFO - RCWA eval:[301. 342. 361. 140. 137. 278.] | diff. eff.:0.9378372784068292
2026-03-18 00:14:14,528 - AEMSOlogs - INFO - RCWA eval:[300. 338. 363. 117. 142. 276.] | diff. eff.:0.943365762392551
2026-03-18 00:14:14,684 - AEMSOlogs - INFO - RCWA eval:[304. 335. 368. 133. 157. 273.] | diff. eff.:0.9335598382455721
2026-03-18 00:14:15,017 - AEMSOlogs - INFO - RCWA eval:[307. 341. 363. 136. 128. 281.] | diff. eff.:0.9378121716033108
2026-03-18 00:15:02,694 - AEMSOlogs - INFO - RCWA eval:[301. 344. 365. 148. 157. 273.] | diff. eff.:0.9356669386606956
2026-03-18 00:15:02,839 - AEMSOlogs - INFO - RCWA eval:[304. 339. 366. 119. 108. 273.] | diff. eff.:0.9396170725312935
2026-03-18 00:15:03,045 - AEMSOlogs - INFO - RCWA eval:[301. 342. 370. 123. 124. 277.] | diff. eff.:0.9367730687599264
2026-03-18 00:15:03,636 - AEMSOlogs - INFO - RCWA eval:[304. 343. 367. 127. 122. 275.] | diff. eff.:0.9376341428138838
2026-03-18 00:15:50,505 - AEMSOlogs - INFO - RCWA eval:[301. 346. 371. 171. 187. 280.] | diff. eff.:0.9380748191062024
2026-03-18 00:15:51,744 - AEMSOlogs - INFO - RCWA eval:[301. 345. 372. 171. 206. 284.] | diff. eff.:0.9426963057300858
2026-03-18 00:15:51,764 - AEMSOlogs - INFO - Iteration 51: Best Y = -0.9496468931327764 at x = [0.66011131 0.74738171 0.80390325 0.3014312  0.35140446 0.59872171]





Job ID: 3969572
Cluster: cluster_dei
User/Group: vergerioed/dottor
State: COMPLETED (exit code 0)
Nodes: 1
Cores per node: 4
CPU Utilized: 10:40:16
CPU Efficiency: 99.36% of 10:44:24 core-walltime
Job Wall-clock time: 02:41:06
Memory Utilized: 4.04 GB
Memory Efficiency: 40.36% of 10.00 GB (10.00 GB/node)
