2026-03-19 21:26:13,509 - AEMSOlogs - INFO - Working on simulations...
2026-03-19 21:26:55,610 - AEMSOlogs - INFO - RCWA eval:[289. 107. 245. 338. 264. 207.] | diff. eff.:0.022636537257546472
2026-03-19 21:26:55,721 - AEMSOlogs - INFO - RCWA eval:[206. 303. 116. 276. 270. 319.] | diff. eff.:0.08832570365359463
2026-03-19 21:26:55,982 - AEMSOlogs - INFO - RCWA eval:[237. 369. 237. 286. 236. 348.] | diff. eff.:0.3671005235586495
2026-03-19 21:26:55,995 - AEMSOlogs - INFO - RCWA eval:[333. 202. 253. 380. 269. 117.] | diff. eff.:0.18065679700284407
2026-03-19 21:26:56,021 - AEMSOlogs - INFO - RCWA eval:[222.  31. 263. 285. 129. 379.] | diff. eff.:0.3196506143186953
2026-03-19 21:26:56,089 - AEMSOlogs - INFO - RCWA eval:[450. 134. 236. 280. 222. 298.] | diff. eff.:0.17187038146897607
2026-03-19 21:26:56,213 - AEMSOlogs - INFO - RCWA eval:[133. 213.  67. 129. 155. 302.] | diff. eff.:0.14287412659905732
2026-03-19 21:27:34,588 - AEMSOlogs - INFO - RCWA eval:[283. 121. 256. 391. 295. 237.] | diff. eff.:0.036042826416487435
2026-03-19 21:27:34,847 - AEMSOlogs - INFO - RCWA eval:[242. 260. 236.  98. 339. 263.] | diff. eff.:0.08150876831258337
2026-03-19 21:27:35,133 - AEMSOlogs - INFO - RCWA eval:[275. 267. 394. 291. 283. 230.] | diff. eff.:0.015023077475551911
2026-03-19 21:27:35,318 - AEMSOlogs - INFO - RCWA eval:[353. 308. 228. 252. 186. 334.] | diff. eff.:0.24648988112381653
2026-03-19 21:27:35,450 - AEMSOlogs - INFO - RCWA eval:[232. 112. 107.  87. 216. 333.] | diff. eff.:0.06187986508274354
2026-03-19 21:27:35,525 - AEMSOlogs - INFO - RCWA eval:[152. 155.  74. 211. 356. 126.] | diff. eff.:0.08475550802875552
2026-03-19 21:27:35,566 - AEMSOlogs - INFO - RCWA eval:[251. 330. 279. 329. 334. 198.] | diff. eff.:0.32885558454381225
2026-03-19 21:27:35,625 - AEMSOlogs - INFO - Iteration 1: Best Y = -0.3671005235586495 at x = [0.50400861 0.81187245 0.50567823 0.61795891 0.5023065  0.76366812]
2026-03-19 21:27:35,627 - AEMSOlogs - INFO - Working on simulations...
2026-03-19 21:28:14,287 - AEMSOlogs - INFO - RCWA eval:[354. 252. 261. 335.  50. 223.] | diff. eff.:0.05565796589996364
2026-03-19 21:28:14,353 - AEMSOlogs - INFO - RCWA eval:[218. 330. 261. 325. 279. 195.] | diff. eff.:0.014419286925458637
2026-03-19 21:28:14,453 - AEMSOlogs - INFO - RCWA eval:[397. 218.  81. 402. 273. 384.] | diff. eff.:0.04211387002223516
2026-03-19 21:28:14,552 - AEMSOlogs - INFO - RCWA eval:[224. 371. 268. 388. 200. 218.] | diff. eff.:0.08931524992696804
2026-03-19 21:28:14,573 - AEMSOlogs - INFO - RCWA eval:[290. 231. 360. 356. 192. 393.] | diff. eff.:0.2535929288668739
2026-03-19 21:28:14,581 - AEMSOlogs - INFO - RCWA eval:[226. 163. 255. 244. 194. 272.] | diff. eff.:0.015684296111946695
2026-03-19 21:28:14,696 - AEMSOlogs - INFO - RCWA eval:[180. 283. 252. 349. 142. 282.] | diff. eff.:0.157040333636401
2026-03-19 21:28:51,598 - AEMSOlogs - INFO - RCWA eval:[266. 280.  21. 376. 351. 344.] | diff. eff.:0.0754393406064219
2026-03-19 21:28:51,799 - AEMSOlogs - INFO - RCWA eval:[187. 270. 339. 360. 305. 134.] | diff. eff.:0.28656986197063444
2026-03-19 21:28:52,135 - AEMSOlogs - INFO - RCWA eval:[326. 306. 254. 245. 234. 284.] | diff. eff.:0.2710806420570561
2026-03-19 21:28:52,187 - AEMSOlogs - INFO - RCWA eval:[213. 339. 263. 318. 237. 354.] | diff. eff.:0.06271387405791765
2026-03-19 21:28:52,363 - AEMSOlogs - INFO - RCWA eval:[216. 333. 305. 158. 272. 248.] | diff. eff.:0.12556572529380197
2026-03-19 21:28:52,385 - AEMSOlogs - INFO - RCWA eval:[247. 280. 167. 337.  69. 429.] | diff. eff.:0.3919356262419126
2026-03-19 21:28:52,446 - AEMSOlogs - INFO - RCWA eval:[414. 188. 213. 424. 231. 253.] | diff. eff.:0.02970479643775903
2026-03-19 21:28:52,461 - AEMSOlogs - INFO - Iteration 2: Best Y = -0.3919356262419126 at x = [0.52790319 0.60477643 0.34248617 0.73835242 0.11322865 0.95189183]
2026-03-19 21:28:52,463 - AEMSOlogs - INFO - Working on simulations...
2026-03-19 21:29:31,679 - AEMSOlogs - INFO - RCWA eval:[306. 303. 201. 314. 284. 406.] | diff. eff.:0.14412036337416495
2026-03-19 21:29:31,781 - AEMSOlogs - INFO - RCWA eval:[333. 317. 374. 348. 154. 439.] | diff. eff.:0.3873756924388286
2026-03-19 21:29:32,032 - AEMSOlogs - INFO - RCWA eval:[209. 383. 165. 333. 346. 387.] | diff. eff.:0.28718215819820675
2026-03-19 21:29:32,057 - AEMSOlogs - INFO - RCWA eval:[215. 237. 357. 407. 111. 373.] | diff. eff.:0.11091004650679312
2026-03-19 21:29:32,173 - AEMSOlogs - INFO - RCWA eval:[192. 421. 264. 398. 112. 228.] | diff. eff.:0.06842553902658605
2026-03-19 21:29:32,175 - AEMSOlogs - INFO - RCWA eval:[241. 354. 389. 369. 122. 378.] | diff. eff.:0.08716581029411614
2026-03-19 21:29:32,198 - AEMSOlogs - INFO - RCWA eval:[137. 310. 155. 267. 250. 241.] | diff. eff.:0.03395595625139513
2026-03-19 21:30:10,705 - AEMSOlogs - INFO - RCWA eval:[193. 217. 340. 308.  69. 347.] | diff. eff.:0.27925729033074687
2026-03-19 21:30:10,930 - AEMSOlogs - INFO - RCWA eval:[ 90. 321. 245. 360. 189. 286.] | diff. eff.:0.37632354090835884
2026-03-19 21:30:11,268 - AEMSOlogs - INFO - RCWA eval:[301. 324. 286. 396. 371. 188.] | diff. eff.:0.10450004517489407
2026-03-19 21:30:11,343 - AEMSOlogs - INFO - RCWA eval:[390. 337. 296. 390.  41. 379.] | diff. eff.:0.08279486435231
2026-03-19 21:30:11,542 - AEMSOlogs - INFO - RCWA eval:[210. 232. 300. 354. 243. 371.] | diff. eff.:0.48121202919492145
2026-03-19 21:30:11,613 - AEMSOlogs - INFO - RCWA eval:[328. 152. 227. 349. 163. 210.] | diff. eff.:0.0326460849819765
2026-03-19 21:30:11,631 - AEMSOlogs - INFO - RCWA eval:[223. 207. 301. 344. 280. 224.] | diff. eff.:0.253398367779617
2026-03-19 21:30:11,648 - AEMSOlogs - INFO - Iteration 3: Best Y = -0.48121202919492145 at x = [0.44195299 0.4934028  0.65179451 0.77590527 0.5196056  0.81519093]
2026-03-19 21:30:11,649 - AEMSOlogs - INFO - Working on simulations...
2026-03-19 21:30:50,956 - AEMSOlogs - INFO - RCWA eval:[272. 273. 383. 285. 238. 411.] | diff. eff.:0.005246175961726547
2026-03-19 21:30:50,964 - AEMSOlogs - INFO - RCWA eval:[288. 236. 260. 380. 238. 370.] | diff. eff.:0.11445872925072825
2026-03-19 21:30:51,007 - AEMSOlogs - INFO - RCWA eval:[212. 304. 249. 396. 260. 399.] | diff. eff.:0.1515676190733281
2026-03-19 21:30:51,240 - AEMSOlogs - INFO - RCWA eval:[152. 316. 354. 441. 288. 431.] | diff. eff.:0.03385886900168562
2026-03-19 21:30:51,255 - AEMSOlogs - INFO - RCWA eval:[186. 382. 266. 303. 305. 342.] | diff. eff.:0.7088517232709791
2026-03-19 21:30:51,283 - AEMSOlogs - INFO - RCWA eval:[307. 197. 361. 366. 275. 428.] | diff. eff.:0.24341812323157055
2026-03-19 21:30:51,296 - AEMSOlogs - INFO - RCWA eval:[121. 197. 315. 280. 387. 204.] | diff. eff.:0.38810760729596805
2026-03-19 21:31:29,920 - AEMSOlogs - INFO - RCWA eval:[289. 286. 289. 233. 331. 263.] | diff. eff.:0.029987386307104152
2026-03-19 21:31:29,961 - AEMSOlogs - INFO - RCWA eval:[168. 271. 277. 357. 162. 336.] | diff. eff.:0.13349582834489723
2026-03-19 21:31:30,048 - AEMSOlogs - INFO - RCWA eval:[295. 259. 371. 218.  40. 298.] | diff. eff.:0.4591518382701577
2026-03-19 21:31:30,454 - AEMSOlogs - INFO - RCWA eval:[198. 288. 255. 435. 252. 356.] | diff. eff.:0.04620231608184709
2026-03-19 21:31:30,529 - AEMSOlogs - INFO - RCWA eval:[ 20. 280. 185. 403.  71. 320.] | diff. eff.:0.03169387341675698
2026-03-19 21:31:30,564 - AEMSOlogs - INFO - RCWA eval:[ 77. 289. 202. 408. 339. 342.] | diff. eff.:0.1719319112323223
2026-03-19 21:31:30,607 - AEMSOlogs - INFO - RCWA eval:[ 48. 245. 190. 370. 108. 320.] | diff. eff.:0.0603428354030861
2026-03-19 21:31:30,632 - AEMSOlogs - INFO - Iteration 4: Best Y = -0.7088517232709791 at x = [0.38714841 0.84086807 0.57250547 0.65882748 0.66364096 0.74979271]
2026-03-19 21:31:30,634 - AEMSOlogs - INFO - Working on simulations...
2026-03-19 21:32:09,925 - AEMSOlogs - INFO - RCWA eval:[299. 328. 327. 399. 142. 312.] | diff. eff.:0.4029095186879529
2026-03-19 21:32:10,011 - AEMSOlogs - INFO - RCWA eval:[246. 255. 358. 305. 205. 207.] | diff. eff.:0.265560346176174
2026-03-19 21:32:10,138 - AEMSOlogs - INFO - RCWA eval:[224. 335. 324. 294. 295. 179.] | diff. eff.:0.03142708614012981
2026-03-19 21:32:10,201 - AEMSOlogs - INFO - RCWA eval:[197. 355. 315. 422. 376. 335.] | diff. eff.:0.2364253646172294
2026-03-19 21:32:10,211 - AEMSOlogs - INFO - RCWA eval:[317. 259. 337. 297. 344. 252.] | diff. eff.:0.0020650250443948605
2026-03-19 21:32:10,420 - AEMSOlogs - INFO - RCWA eval:[204. 254. 244. 230. 172. 160.] | diff. eff.:0.052295129945392364
2026-03-19 21:32:10,442 - AEMSOlogs - INFO - RCWA eval:[ 74. 178. 397. 306. 227. 140.] | diff. eff.:0.09830527952095364
2026-03-19 21:32:48,918 - AEMSOlogs - INFO - RCWA eval:[ 56. 163. 312. 180. 328. 249.] | diff. eff.:0.22023813004765672
2026-03-19 21:32:49,061 - AEMSOlogs - INFO - RCWA eval:[223. 117. 301. 244. 304. 329.] | diff. eff.:0.26752879461899803
2026-03-19 21:32:49,376 - AEMSOlogs - INFO - RCWA eval:[179. 322. 205. 376. 294. 305.] | diff. eff.:0.388310648812615
2026-03-19 21:32:49,403 - AEMSOlogs - INFO - RCWA eval:[202. 363. 407. 407. 321. 308.] | diff. eff.:0.4192930268279511
2026-03-19 21:32:49,540 - AEMSOlogs - INFO - RCWA eval:[200. 413. 347. 223. 226. 280.] | diff. eff.:0.27322566646065105
2026-03-19 21:32:49,705 - AEMSOlogs - INFO - RCWA eval:[291. 284. 338. 339. 243. 318.] | diff. eff.:0.2830899894545868
2026-03-19 21:32:49,706 - AEMSOlogs - INFO - RCWA eval:[166. 229. 285. 289. 302. 307.] | diff. eff.:0.30521564942893253
2026-03-19 21:32:49,725 - AEMSOlogs - INFO - Iteration 5: Best Y = -0.7088517232709791 at x = [0.38714841 0.84086807 0.57250547 0.65882748 0.66364096 0.74979271]
2026-03-19 21:32:49,726 - AEMSOlogs - INFO - Working on simulations...
2026-03-19 21:33:28,952 - AEMSOlogs - INFO - RCWA eval:[261. 344. 254. 399. 144. 293.] | diff. eff.:0.19622263910634719
2026-03-19 21:33:29,005 - AEMSOlogs - INFO - RCWA eval:[220. 362. 365. 366. 254. 431.] | diff. eff.:0.22953765738566678
2026-03-19 21:33:29,183 - AEMSOlogs - INFO - RCWA eval:[281. 258. 312. 309.  84. 434.] | diff. eff.:0.2963516238313885
2026-03-19 21:33:29,206 - AEMSOlogs - INFO - RCWA eval:[318. 294. 275. 346. 210. 375.] | diff. eff.:0.164288227543109
2026-03-19 21:33:29,291 - AEMSOlogs - INFO - RCWA eval:[186. 362. 320. 450. 235. 381.] | diff. eff.:0.004404039187869777
2026-03-19 21:33:29,368 - AEMSOlogs - INFO - RCWA eval:[300. 285. 379. 255. 203. 254.] | diff. eff.:0.40358428332073853
2026-03-19 21:33:29,528 - AEMSOlogs - INFO - RCWA eval:[185. 354. 279. 357. 159. 281.] | diff. eff.:0.3795352824762901
2026-03-19 21:34:06,631 - AEMSOlogs - INFO - RCWA eval:[186. 377. 371. 450. 357. 418.] | diff. eff.:0.006920213684228932
2026-03-19 21:34:06,703 - AEMSOlogs - INFO - RCWA eval:[280. 446. 389. 387. 354. 221.] | diff. eff.:0.10872103429605026
2026-03-19 21:34:07,124 - AEMSOlogs - INFO - RCWA eval:[244. 281. 380. 309. 161. 373.] | diff. eff.:0.14833061218167143
2026-03-19 21:34:07,133 - AEMSOlogs - INFO - RCWA eval:[321. 342. 314. 398. 328. 240.] | diff. eff.:0.04116179708424599
2026-03-19 21:34:07,307 - AEMSOlogs - INFO - RCWA eval:[325. 434. 431. 406. 309. 357.] | diff. eff.:0.17275303183946863
2026-03-19 21:34:07,428 - AEMSOlogs - INFO - RCWA eval:[221. 277. 330. 429. 357. 352.] | diff. eff.:0.12446420769239762
2026-03-19 21:34:07,559 - AEMSOlogs - INFO - RCWA eval:[267. 342. 265. 312. 248. 303.] | diff. eff.:0.05196899116876075
2026-03-19 21:34:07,586 - AEMSOlogs - INFO - Iteration 6: Best Y = -0.7088517232709791 at x = [0.38714841 0.84086807 0.57250547 0.65882748 0.66364096 0.74979271]
2026-03-19 21:34:07,587 - AEMSOlogs - INFO - Working on simulations...
2026-03-19 21:34:46,843 - AEMSOlogs - INFO - RCWA eval:[360. 247. 358. 260.  50. 305.] | diff. eff.:0.26267610768684935
2026-03-19 21:34:46,904 - AEMSOlogs - INFO - RCWA eval:[253. 444. 360. 356.  84. 336.] | diff. eff.:0.03874107525054158
2026-03-19 21:34:46,906 - AEMSOlogs - INFO - RCWA eval:[233. 257. 295. 277. 139. 380.] | diff. eff.:0.29511965495558595
2026-03-19 21:34:47,134 - AEMSOlogs - INFO - RCWA eval:[190. 351. 395. 417. 198. 429.] | diff. eff.:0.2585504149568834
2026-03-19 21:34:47,180 - AEMSOlogs - INFO - RCWA eval:[283. 213. 362. 314. 266. 266.] | diff. eff.:0.21577563568459646
2026-03-19 21:34:47,211 - AEMSOlogs - INFO - RCWA eval:[258. 404. 403. 280. 158. 218.] | diff. eff.:0.02359922565112822
2026-03-19 21:34:47,283 - AEMSOlogs - INFO - RCWA eval:[174. 141. 372. 402. 188. 349.] | diff. eff.:0.04765764370248386
2026-03-19 21:35:25,817 - AEMSOlogs - INFO - RCWA eval:[230. 340. 368. 326. 289. 282.] | diff. eff.:0.059001102600166715
2026-03-19 21:35:25,963 - AEMSOlogs - INFO - RCWA eval:[333. 374. 449. 421.  27. 405.] | diff. eff.:0.1858399903344198
2026-03-19 21:35:25,974 - AEMSOlogs - INFO - RCWA eval:[246. 373. 350. 353.  90. 343.] | diff. eff.:0.27807934757255653
2026-03-19 21:35:26,365 - AEMSOlogs - INFO - RCWA eval:[249. 260. 392. 340. 101. 277.] | diff. eff.:0.1536026769766096
2026-03-19 21:35:26,407 - AEMSOlogs - INFO - RCWA eval:[351. 346. 287. 335. 111. 395.] | diff. eff.:0.11117399917023787
2026-03-19 21:35:26,575 - AEMSOlogs - INFO - RCWA eval:[211. 333. 282. 329. 244. 332.] | diff. eff.:0.03454607583752558
2026-03-19 21:35:26,575 - AEMSOlogs - INFO - RCWA eval:[287. 206. 286. 248. 191. 442.] | diff. eff.:0.04219725840205229
2026-03-19 21:35:26,595 - AEMSOlogs - INFO - Iteration 7: Best Y = -0.7088517232709791 at x = [0.38714841 0.84086807 0.57250547 0.65882748 0.66364096 0.74979271]
2026-03-19 21:35:26,596 - AEMSOlogs - INFO - Working on simulations...
2026-03-19 21:36:05,885 - AEMSOlogs - INFO - RCWA eval:[311. 385. 425. 407.  74. 350.] | diff. eff.:0.18963680844533226
2026-03-19 21:36:06,006 - AEMSOlogs - INFO - RCWA eval:[257. 229. 327. 339. 307. 339.] | diff. eff.:0.17184964764901367
2026-03-19 21:36:06,127 - AEMSOlogs - INFO - RCWA eval:[286. 180. 426. 448. 227. 347.] | diff. eff.:0.2919537032809066
2026-03-19 21:36:06,142 - AEMSOlogs - INFO - RCWA eval:[264. 384. 328. 372. 155. 295.] | diff. eff.:0.15241461264001807
2026-03-19 21:36:06,173 - AEMSOlogs - INFO - RCWA eval:[291. 360. 308. 286.  71. 345.] | diff. eff.:0.20596081344088246
2026-03-19 21:36:06,342 - AEMSOlogs - INFO - RCWA eval:[207. 283. 334. 235. 214. 262.] | diff. eff.:0.1682676138202182
2026-03-19 21:36:06,361 - AEMSOlogs - INFO - RCWA eval:[222. 283. 262. 280.  98. 348.] | diff. eff.:0.24319177072769377
2026-03-19 21:36:44,769 - AEMSOlogs - INFO - RCWA eval:[308. 312. 371. 337. 187. 351.] | diff. eff.:0.02720559676850769
2026-03-19 21:36:45,058 - AEMSOlogs - INFO - RCWA eval:[256. 230. 341. 301.  35. 345.] | diff. eff.:0.1999412161816766
2026-03-19 21:36:45,258 - AEMSOlogs - INFO - RCWA eval:[142. 278. 316. 359. 252. 307.] | diff. eff.:0.121417073219825
2026-03-19 21:36:45,395 - AEMSOlogs - INFO - RCWA eval:[244. 294. 397. 335.  51. 325.] | diff. eff.:0.0938707221955652
2026-03-19 21:36:45,397 - AEMSOlogs - INFO - RCWA eval:[333. 258. 300. 238.  93. 289.] | diff. eff.:0.050718775698433985
2026-03-19 21:36:45,552 - AEMSOlogs - INFO - RCWA eval:[280. 383. 450. 307. 169. 272.] | diff. eff.:0.011252428452606541
2026-03-19 21:36:45,635 - AEMSOlogs - INFO - RCWA eval:[202. 335. 289. 229.  46. 317.] | diff. eff.:0.053011667103729385
2026-03-19 21:36:45,655 - AEMSOlogs - INFO - Iteration 8: Best Y = -0.7088517232709791 at x = [0.38714841 0.84086807 0.57250547 0.65882748 0.66364096 0.74979271]
2026-03-19 21:36:45,657 - AEMSOlogs - INFO - Working on simulations...
2026-03-19 21:37:24,818 - AEMSOlogs - INFO - RCWA eval:[317. 192. 404. 346. 167. 382.] | diff. eff.:0.14612908917234255
2026-03-19 21:37:24,947 - AEMSOlogs - INFO - RCWA eval:[347. 291. 405. 435.  89. 237.] | diff. eff.:0.09725710922009981
2026-03-19 21:37:25,015 - AEMSOlogs - INFO - RCWA eval:[132. 187. 450. 408. 270. 413.] | diff. eff.:0.053312707650202136
2026-03-19 21:37:25,033 - AEMSOlogs - INFO - RCWA eval:[287. 214. 404. 318.  63. 398.] | diff. eff.:0.14513713961448893
2026-03-19 21:37:25,190 - AEMSOlogs - INFO - RCWA eval:[443. 371. 283. 301. 126. 315.] | diff. eff.:0.34044726093142963
2026-03-19 21:37:25,221 - AEMSOlogs - INFO - RCWA eval:[373. 363. 409. 432. 103. 409.] | diff. eff.:0.05695802529359899
2026-03-19 21:37:25,254 - AEMSOlogs - INFO - RCWA eval:[220. 286. 325. 301. 138. 427.] | diff. eff.:0.4186899177143337
2026-03-19 21:38:03,779 - AEMSOlogs - INFO - RCWA eval:[289. 328. 450. 450. 231. 402.] | diff. eff.:0.18212118848310782
2026-03-19 21:38:04,169 - AEMSOlogs - INFO - RCWA eval:[321. 202. 384. 325.  64. 415.] | diff. eff.:0.003761446492958191
2026-03-19 21:38:04,234 - AEMSOlogs - INFO - RCWA eval:[218. 237. 341. 322.  63. 281.] | diff. eff.:0.17878188014991214
2026-03-19 21:38:04,287 - AEMSOlogs - INFO - RCWA eval:[222. 287. 440. 433. 305. 286.] | diff. eff.:0.018413444126515428
2026-03-19 21:38:04,501 - AEMSOlogs - INFO - RCWA eval:[290. 189. 401. 442.  67. 420.] | diff. eff.:0.08981873877867905
2026-03-19 21:38:04,528 - AEMSOlogs - INFO - RCWA eval:[226. 299. 428. 304. 196. 281.] | diff. eff.:0.024975373869341132
2026-03-19 21:38:04,648 - AEMSOlogs - INFO - RCWA eval:[243. 233. 384. 293.  79. 271.] | diff. eff.:0.019142325063728902
2026-03-19 21:38:04,667 - AEMSOlogs - INFO - Iteration 9: Best Y = -0.7088517232709791 at x = [0.38714841 0.84086807 0.57250547 0.65882748 0.66364096 0.74979271]
2026-03-19 21:38:04,668 - AEMSOlogs - INFO - Working on simulations...
2026-03-19 21:38:43,705 - AEMSOlogs - INFO - RCWA eval:[291. 322. 386. 282. 205. 412.] | diff. eff.:0.10761155189661545
2026-03-19 21:38:43,752 - AEMSOlogs - INFO - RCWA eval:[339. 330. 299. 255. 109. 293.] | diff. eff.:0.22093491515103522
2026-03-19 21:38:43,937 - AEMSOlogs - INFO - RCWA eval:[353. 368. 428. 391. 108. 385.] | diff. eff.:0.12193090638594992
2026-03-19 21:38:43,970 - AEMSOlogs - INFO - RCWA eval:[269. 234. 351. 296. 103. 359.] | diff. eff.:0.11689931724038226
2026-03-19 21:38:44,032 - AEMSOlogs - INFO - RCWA eval:[275. 402. 253. 256. 165. 332.] | diff. eff.:0.24428460377306352
2026-03-19 21:38:44,084 - AEMSOlogs - INFO - RCWA eval:[283. 251. 342. 252.  87. 361.] | diff. eff.:0.08072741884509313
2026-03-19 21:38:44,123 - AEMSOlogs - INFO - RCWA eval:[320. 190. 408. 265. 136. 275.] | diff. eff.:0.43231097794054457
2026-03-19 21:39:21,640 - AEMSOlogs - INFO - RCWA eval:[323. 321. 322. 333.  22. 427.] | diff. eff.:0.24557786774438298
2026-03-19 21:39:21,674 - AEMSOlogs - INFO - RCWA eval:[308. 303. 400. 359.  89. 394.] | diff. eff.:0.31647876022228133
2026-03-19 21:39:22,009 - AEMSOlogs - INFO - RCWA eval:[290. 351. 317. 249. 134. 374.] | diff. eff.:0.07410828447210956
2026-03-19 21:39:22,092 - AEMSOlogs - INFO - RCWA eval:[294. 362. 344. 389. 115. 370.] | diff. eff.:0.06469544285674458
2026-03-19 21:39:22,158 - AEMSOlogs - INFO - RCWA eval:[264. 329. 372. 339. 197. 372.] | diff. eff.:0.062192402111198496
2026-03-19 21:39:22,313 - AEMSOlogs - INFO - RCWA eval:[211. 267. 399. 303. 161. 345.] | diff. eff.:0.3211811404136314
2026-03-19 21:39:22,433 - AEMSOlogs - INFO - RCWA eval:[242. 239. 409. 325.  85. 414.] | diff. eff.:0.2323049819137588
2026-03-19 21:39:22,458 - AEMSOlogs - INFO - Iteration 10: Best Y = -0.7088517232709791 at x = [0.38714841 0.84086807 0.57250547 0.65882748 0.66364096 0.74979271]
2026-03-19 21:39:22,460 - AEMSOlogs - INFO - Working on simulations...
2026-03-19 21:40:01,669 - AEMSOlogs - INFO - RCWA eval:[301. 252. 447. 277. 105. 227.] | diff. eff.:0.059511764088476075
2026-03-19 21:40:01,768 - AEMSOlogs - INFO - RCWA eval:[366. 344. 341. 366. 254. 320.] | diff. eff.:0.12997563643293428
2026-03-19 21:40:01,952 - AEMSOlogs - INFO - RCWA eval:[305. 207. 348. 307. 141. 381.] | diff. eff.:0.1925112210876291
2026-03-19 21:40:01,990 - AEMSOlogs - INFO - RCWA eval:[352. 287. 383. 327.  85. 388.] | diff. eff.:0.06223804570653565
2026-03-19 21:40:02,021 - AEMSOlogs - INFO - RCWA eval:[403. 273. 445. 362. 111. 395.] | diff. eff.:0.1403351871129548
2026-03-19 21:40:02,073 - AEMSOlogs - INFO - RCWA eval:[397. 334. 281. 274.  57. 306.] | diff. eff.:0.1345843788667027
2026-03-19 21:40:02,253 - AEMSOlogs - INFO - RCWA eval:[283. 219. 356. 169.  26. 304.] | diff. eff.:0.2650837849115451
2026-03-19 21:40:40,538 - AEMSOlogs - INFO - RCWA eval:[199. 249. 369. 311. 179. 406.] | diff. eff.:0.03997948520151519
2026-03-19 21:40:40,769 - AEMSOlogs - INFO - RCWA eval:[289. 281. 388. 328. 233. 357.] | diff. eff.:0.14475927383503234
2026-03-19 21:40:41,111 - AEMSOlogs - INFO - RCWA eval:[274. 233. 421. 310. 138. 374.] | diff. eff.:0.25067389344716384
2026-03-19 21:40:41,200 - AEMSOlogs - INFO - RCWA eval:[291. 239. 372. 359.  21. 399.] | diff. eff.:0.28638747682175986
2026-03-19 21:40:41,314 - AEMSOlogs - INFO - RCWA eval:[262. 225. 376. 334. 148. 354.] | diff. eff.:0.1359807760106148
2026-03-19 21:40:41,459 - AEMSOlogs - INFO - RCWA eval:[227. 189. 435. 303. 117. 352.] | diff. eff.:0.43882416472800195
2026-03-19 21:40:41,473 - AEMSOlogs - INFO - RCWA eval:[299. 250. 423. 226.  88. 316.] | diff. eff.:0.19417088133744417
2026-03-19 21:40:41,491 - AEMSOlogs - INFO - Iteration 11: Best Y = -0.7088517232709791 at x = [0.38714841 0.84086807 0.57250547 0.65882748 0.66364096 0.74979271]
2026-03-19 21:40:41,493 - AEMSOlogs - INFO - Working on simulations...
2026-03-19 21:41:20,793 - AEMSOlogs - INFO - RCWA eval:[211. 284. 428. 372. 119. 351.] | diff. eff.:0.09464019820921023
2026-03-19 21:41:20,793 - AEMSOlogs - INFO - RCWA eval:[251. 220. 387. 318.  88. 333.] | diff. eff.:0.2114321929037125
2026-03-19 21:41:20,876 - AEMSOlogs - INFO - RCWA eval:[250. 203. 344. 190.  21. 337.] | diff. eff.:0.0826007147851884
2026-03-19 21:41:21,066 - AEMSOlogs - INFO - RCWA eval:[238. 296. 356. 341. 183. 318.] | diff. eff.:0.15290291002230808
2026-03-19 21:41:21,106 - AEMSOlogs - INFO - RCWA eval:[302. 147. 414. 314.  87. 368.] | diff. eff.:0.06554674785269211
2026-03-19 21:41:21,133 - AEMSOlogs - INFO - RCWA eval:[374. 144. 385. 239.  25. 394.] | diff. eff.:0.07583687922666667
2026-03-19 21:41:21,288 - AEMSOlogs - INFO - RCWA eval:[205. 125. 358. 320.  30. 352.] | diff. eff.:0.023999775577262534
2026-03-19 21:41:59,824 - AEMSOlogs - INFO - RCWA eval:[190. 165. 344. 296.  40. 408.] | diff. eff.:0.1866864387454448
2026-03-19 21:41:59,879 - AEMSOlogs - INFO - RCWA eval:[219. 166. 389. 325.  23. 349.] | diff. eff.:0.29792491950659594
2026-03-19 21:42:00,042 - AEMSOlogs - INFO - RCWA eval:[332. 241. 400. 239.  22. 432.] | diff. eff.:0.14084967641925553
2026-03-19 21:42:00,318 - AEMSOlogs - INFO - RCWA eval:[237. 202. 407. 375.  34. 382.] | diff. eff.:0.15468596858999345
2026-03-19 21:42:00,447 - AEMSOlogs - INFO - RCWA eval:[311. 112. 436. 308.  21. 342.] | diff. eff.:0.14796337768764534
2026-03-19 21:42:00,459 - AEMSOlogs - INFO - RCWA eval:[231. 303. 290. 274.  45. 338.] | diff. eff.:0.01702243825743196
2026-03-19 21:42:00,531 - AEMSOlogs - INFO - RCWA eval:[229. 197. 305. 176. 135. 224.] | diff. eff.:0.25313026675102124
2026-03-19 21:42:00,547 - AEMSOlogs - INFO - Iteration 12: Best Y = -0.7088517232709791 at x = [0.38714841 0.84086807 0.57250547 0.65882748 0.66364096 0.74979271]
2026-03-19 21:42:00,548 - AEMSOlogs - INFO - Working on simulations...
2026-03-19 21:42:39,700 - AEMSOlogs - INFO - RCWA eval:[269. 238. 424. 352.  25. 443.] | diff. eff.:0.30861105625255825
2026-03-19 21:42:39,738 - AEMSOlogs - INFO - RCWA eval:[226. 151. 428. 258. 301. 281.] | diff. eff.:0.18577697702929635
2026-03-19 21:42:39,964 - AEMSOlogs - INFO - RCWA eval:[325. 275. 447. 284.  22. 421.] | diff. eff.:0.029838213003785606
2026-03-19 21:42:40,081 - AEMSOlogs - INFO - RCWA eval:[211. 130. 446. 419.  89. 387.] | diff. eff.:0.018641633651857233
2026-03-19 21:42:40,152 - AEMSOlogs - INFO - RCWA eval:[280. 187. 430. 335.  32. 318.] | diff. eff.:0.06678670287442089
2026-03-19 21:42:40,166 - AEMSOlogs - INFO - RCWA eval:[179.  75. 448. 352.  49. 341.] | diff. eff.:0.09123921535646323
2026-03-19 21:42:40,250 - AEMSOlogs - INFO - RCWA eval:[205. 183. 288. 341.  60. 230.] | diff. eff.:0.3901277773010253
2026-03-19 21:43:18,766 - AEMSOlogs - INFO - RCWA eval:[215. 254. 377. 277. 134. 271.] | diff. eff.:0.05550924852905479
2026-03-19 21:43:18,768 - AEMSOlogs - INFO - RCWA eval:[199. 192. 343. 236. 132. 258.] | diff. eff.:0.12951660688817787
2026-03-19 21:43:19,017 - AEMSOlogs - INFO - RCWA eval:[288. 234. 419. 279.  58. 393.] | diff. eff.:0.01525472787699948
2026-03-19 21:43:19,281 - AEMSOlogs - INFO - RCWA eval:[163. 200. 284. 293. 123. 365.] | diff. eff.:0.48442965011088285
2026-03-19 21:43:19,389 - AEMSOlogs - INFO - RCWA eval:[362. 194. 446. 311.  92. 367.] | diff. eff.:0.2661892791267841
2026-03-19 21:43:19,427 - AEMSOlogs - INFO - RCWA eval:[380. 319. 202. 207. 187. 292.] | diff. eff.:0.12818945350182884
2026-03-19 21:43:19,520 - AEMSOlogs - INFO - RCWA eval:[241. 186. 380. 187.  89. 288.] | diff. eff.:0.2241737227606542
2026-03-19 21:43:19,531 - AEMSOlogs - INFO - Iteration 13: Best Y = -0.7088517232709791 at x = [0.38714841 0.84086807 0.57250547 0.65882748 0.66364096 0.74979271]
2026-03-19 21:43:19,532 - AEMSOlogs - INFO - Working on simulations...
2026-03-19 21:43:58,330 - AEMSOlogs - INFO - RCWA eval:[233. 193. 314. 246.  93. 304.] | diff. eff.:0.049071416971977935
2026-03-19 21:43:58,374 - AEMSOlogs - INFO - RCWA eval:[173. 260. 290. 342. 112. 322.] | diff. eff.:0.15909397690349256
2026-03-19 21:43:58,543 - AEMSOlogs - INFO - RCWA eval:[235. 215. 402. 304.  89. 389.] | diff. eff.:0.30982579623478007
2026-03-19 21:43:58,638 - AEMSOlogs - INFO - RCWA eval:[232.  93. 365. 275.  34. 330.] | diff. eff.:0.004776084618100239
2026-03-19 21:43:58,691 - AEMSOlogs - INFO - RCWA eval:[188. 173. 301. 245.  63. 317.] | diff. eff.:0.019195743103791425
2026-03-19 21:43:58,736 - AEMSOlogs - INFO - RCWA eval:[216. 215. 406. 384.  32. 377.] | diff. eff.:0.10870870406965219
2026-03-19 21:43:58,828 - AEMSOlogs - INFO - RCWA eval:[136. 229. 359. 354. 159. 304.] | diff. eff.:0.07843823937782346
2026-03-19 21:44:35,275 - AEMSOlogs - INFO - RCWA eval:[205. 197. 384. 349.  21. 443.] | diff. eff.:0.21591131394479351
2026-03-19 21:44:35,468 - AEMSOlogs - INFO - RCWA eval:[167. 209. 335. 300.  39. 375.] | diff. eff.:0.3999839324400831
2026-03-19 21:44:35,684 - AEMSOlogs - INFO - RCWA eval:[241. 255. 271. 337.  84. 385.] | diff. eff.:0.6453729205089492
2026-03-19 21:44:35,964 - AEMSOlogs - INFO - RCWA eval:[238. 310. 367. 441. 159. 371.] | diff. eff.:0.04575745815826959
2026-03-19 21:44:36,058 - AEMSOlogs - INFO - RCWA eval:[211. 204. 338. 253.  29. 426.] | diff. eff.:0.04094211063070775
2026-03-19 21:44:36,071 - AEMSOlogs - INFO - RCWA eval:[110. 242. 258. 326. 111. 386.] | diff. eff.:0.5690576188869438
2026-03-19 21:44:36,095 - AEMSOlogs - INFO - RCWA eval:[285. 200. 419. 300.  90. 435.] | diff. eff.:0.007493075454991201
2026-03-19 21:44:36,107 - AEMSOlogs - INFO - Iteration 14: Best Y = -0.7088517232709791 at x = [0.38714841 0.84086807 0.57250547 0.65882748 0.66364096 0.74979271]
2026-03-19 21:44:36,108 - AEMSOlogs - INFO - Working on simulations...
2026-03-19 21:45:15,382 - AEMSOlogs - INFO - RCWA eval:[202. 234. 296. 324.  21. 437.] | diff. eff.:0.5056631024682645
2026-03-19 21:45:15,394 - AEMSOlogs - INFO - RCWA eval:[246. 259. 367. 439.  50. 448.] | diff. eff.:0.1601789484231121
2026-03-19 21:45:15,606 - AEMSOlogs - INFO - RCWA eval:[256. 223. 397. 267.  51. 386.] | diff. eff.:0.013728315827006682
2026-03-19 21:45:15,617 - AEMSOlogs - INFO - RCWA eval:[305. 276. 321. 298.  38. 435.] | diff. eff.:0.10510596726890205
2026-03-19 21:45:15,658 - AEMSOlogs - INFO - RCWA eval:[253. 123. 393. 373. 170. 260.] | diff. eff.:0.14427821648811648
2026-03-19 21:45:15,757 - AEMSOlogs - INFO - RCWA eval:[251. 322. 269. 448. 131. 450.] | diff. eff.:0.1843796383071963
2026-03-19 21:45:15,855 - AEMSOlogs - INFO - RCWA eval:[218. 197. 353. 237.  21. 318.] | diff. eff.:0.014857059836272852
2026-03-19 21:45:54,463 - AEMSOlogs - INFO - RCWA eval:[308. 385. 289. 273. 222. 340.] | diff. eff.:0.06459973786538971
2026-03-19 21:45:54,615 - AEMSOlogs - INFO - RCWA eval:[262. 134. 414. 204.  94. 233.] | diff. eff.:0.0812330808600342
2026-03-19 21:45:54,831 - AEMSOlogs - INFO - RCWA eval:[221. 250. 367. 344. 108. 418.] | diff. eff.:0.213485638581188
2026-03-19 21:45:54,943 - AEMSOlogs - INFO - RCWA eval:[119. 218. 314. 238. 200. 443.] | diff. eff.:0.15990251304586917
2026-03-19 21:45:55,060 - AEMSOlogs - INFO - RCWA eval:[ 55. 181. 301. 267.  52. 442.] | diff. eff.:0.031070511688877516
2026-03-19 21:45:55,171 - AEMSOlogs - INFO - RCWA eval:[190. 231. 333. 421.  35. 326.] | diff. eff.:0.06341842392860517
2026-03-19 21:45:55,303 - AEMSOlogs - INFO - RCWA eval:[129. 349. 229. 327. 134. 337.] | diff. eff.:0.022990463014375347
2026-03-19 21:45:55,320 - AEMSOlogs - INFO - Iteration 15: Best Y = -0.7088517232709791 at x = [0.38714841 0.84086807 0.57250547 0.65882748 0.66364096 0.74979271]
2026-03-19 21:45:55,322 - AEMSOlogs - INFO - Working on simulations...
2026-03-19 21:46:34,545 - AEMSOlogs - INFO - RCWA eval:[265. 334. 317. 370. 170. 419.] | diff. eff.:0.21975433231088934
2026-03-19 21:46:34,620 - AEMSOlogs - INFO - RCWA eval:[320. 283. 288. 321.  61. 351.] | diff. eff.:0.245507469847575
2026-03-19 21:46:34,718 - AEMSOlogs - INFO - RCWA eval:[273. 291. 337. 440. 105. 385.] | diff. eff.:0.3802175052063371
2026-03-19 21:46:34,848 - AEMSOlogs - INFO - RCWA eval:[105. 190. 361. 358. 101. 394.] | diff. eff.:0.11439786043152703
2026-03-19 21:46:34,940 - AEMSOlogs - INFO - RCWA eval:[238. 215. 422. 388.  72. 382.] | diff. eff.:0.09895739348998091
2026-03-19 21:46:34,975 - AEMSOlogs - INFO - RCWA eval:[226. 243. 410. 418. 144. 387.] | diff. eff.:0.11380065977951274
2026-03-19 21:46:35,050 - AEMSOlogs - INFO - RCWA eval:[391. 196. 291. 340.  80. 188.] | diff. eff.:0.3256439389079493
2026-03-19 21:47:13,614 - AEMSOlogs - INFO - RCWA eval:[129. 215. 349. 294.  41. 398.] | diff. eff.:0.12016349260853496
2026-03-19 21:47:13,658 - AEMSOlogs - INFO - RCWA eval:[196. 299. 349. 355.  58. 436.] | diff. eff.:0.6118756673210465
2026-03-19 21:47:13,906 - AEMSOlogs - INFO - RCWA eval:[ 65. 119. 329. 430. 158. 439.] | diff. eff.:0.10904097694117525
2026-03-19 21:47:14,076 - AEMSOlogs - INFO - RCWA eval:[284. 268. 395. 339.  91. 411.] | diff. eff.:0.2624657845844876
2026-03-19 21:47:14,208 - AEMSOlogs - INFO - RCWA eval:[246. 225. 352. 395. 206. 446.] | diff. eff.:0.4380334167281069
2026-03-19 21:47:14,235 - AEMSOlogs - INFO - RCWA eval:[ 66. 160. 372. 345. 149. 397.] | diff. eff.:0.09950934092065057
2026-03-19 21:47:14,349 - AEMSOlogs - INFO - RCWA eval:[184. 423. 225. 341.  82. 382.] | diff. eff.:0.3852984528540235
2026-03-19 21:47:14,362 - AEMSOlogs - INFO - Iteration 16: Best Y = -0.7088517232709791 at x = [0.38714841 0.84086807 0.57250547 0.65882748 0.66364096 0.74979271]
2026-03-19 21:47:14,363 - AEMSOlogs - INFO - Working on simulations...
2026-03-19 21:47:53,606 - AEMSOlogs - INFO - RCWA eval:[176. 300. 184. 319.  57. 424.] | diff. eff.:0.30854902581508364
2026-03-19 21:47:53,712 - AEMSOlogs - INFO - RCWA eval:[242. 229. 446. 331. 105. 430.] | diff. eff.:0.31212511113348385
2026-03-19 21:47:53,712 - AEMSOlogs - INFO - RCWA eval:[114. 240. 374. 383.  61. 442.] | diff. eff.:0.01755503320155742
2026-03-19 21:47:53,926 - AEMSOlogs - INFO - RCWA eval:[296. 318. 330. 359.  52. 421.] | diff. eff.:0.7189580020318378
2026-03-19 21:47:53,928 - AEMSOlogs - INFO - RCWA eval:[285. 295. 323. 395. 293. 314.] | diff. eff.:0.14191019475180727
2026-03-19 21:47:53,934 - AEMSOlogs - INFO - RCWA eval:[141. 335. 262. 424.  55. 353.] | diff. eff.:0.07005146655730184
2026-03-19 21:47:54,003 - AEMSOlogs - INFO - RCWA eval:[237. 267. 351. 424.  49. 450.] | diff. eff.:0.3612554897307577
2026-03-19 21:48:32,646 - AEMSOlogs - INFO - RCWA eval:[239. 187. 381. 340.  48. 449.] | diff. eff.:0.17859598948166544
2026-03-19 21:48:32,868 - AEMSOlogs - INFO - RCWA eval:[ 78. 404. 301. 432.  40. 206.] | diff. eff.:0.06434059206389492
2026-03-19 21:48:32,931 - AEMSOlogs - INFO - RCWA eval:[231. 202. 318. 230. 218. 249.] | diff. eff.:0.18499833932083054
2026-03-19 21:48:33,189 - AEMSOlogs - INFO - RCWA eval:[247. 383. 237. 450. 200. 375.] | diff. eff.:0.04763791893921892
2026-03-19 21:48:33,199 - AEMSOlogs - INFO - RCWA eval:[126. 285. 273. 278. 254. 439.] | diff. eff.:0.1510788093424468
2026-03-19 21:48:33,287 - AEMSOlogs - INFO - RCWA eval:[302. 282. 386. 450. 167. 439.] | diff. eff.:0.014886651058352017
2026-03-19 21:48:33,367 - AEMSOlogs - INFO - RCWA eval:[249. 292. 259. 250. 151. 424.] | diff. eff.:0.09966046030810415
2026-03-19 21:48:33,393 - AEMSOlogs - INFO - Iteration 17: Best Y = -0.7189580020318378 at x = [0.64084272 0.69353799 0.72063181 0.78913315 0.07538675 0.93145819]
2026-03-19 21:48:33,395 - AEMSOlogs - INFO - Working on simulations...
2026-03-19 21:49:12,677 - AEMSOlogs - INFO - RCWA eval:[258. 298. 263. 450. 102. 430.] | diff. eff.:0.20568223013814335
2026-03-19 21:49:12,876 - AEMSOlogs - INFO - RCWA eval:[285. 293. 198. 313. 142. 321.] | diff. eff.:0.005256081872958609
2026-03-19 21:49:12,906 - AEMSOlogs - INFO - RCWA eval:[271. 391. 412. 267.  36. 352.] | diff. eff.:0.21925528355010854
2026-03-19 21:49:12,916 - AEMSOlogs - INFO - RCWA eval:[249. 296. 279. 416.  28. 450.] | diff. eff.:0.4022838864572173
2026-03-19 21:49:12,948 - AEMSOlogs - INFO - RCWA eval:[225. 339. 431. 436.  30. 307.] | diff. eff.:0.1325830442116199
2026-03-19 21:49:13,051 - AEMSOlogs - INFO - RCWA eval:[236. 278. 329. 361. 147. 424.] | diff. eff.:0.7187425421036259
2026-03-19 21:49:13,153 - AEMSOlogs - INFO - RCWA eval:[312. 207. 306. 419.  29. 271.] | diff. eff.:0.13282666878811147
2026-03-19 21:49:50,174 - AEMSOlogs - INFO - RCWA eval:[234. 162. 387. 339.  22. 422.] | diff. eff.:0.22158605103456117
2026-03-19 21:49:50,703 - AEMSOlogs - INFO - RCWA eval:[253. 317. 448. 450.  21. 450.] | diff. eff.:0.3260835461388796
2026-03-19 21:49:50,704 - AEMSOlogs - INFO - RCWA eval:[353. 355. 334. 376.  33. 444.] | diff. eff.:0.2225573388049716
2026-03-19 21:49:50,795 - AEMSOlogs - INFO - RCWA eval:[256. 301. 329. 329.  84. 355.] | diff. eff.:0.5747862381593252
2026-03-19 21:49:50,831 - AEMSOlogs - INFO - RCWA eval:[372. 377. 336. 326.  68. 308.] | diff. eff.:0.0275947906618527
2026-03-19 21:49:51,021 - AEMSOlogs - INFO - RCWA eval:[214. 261. 338. 399. 142. 376.] | diff. eff.:0.18710740402251994
2026-03-19 21:49:51,253 - AEMSOlogs - INFO - RCWA eval:[184. 356. 229. 296. 127. 430.] | diff. eff.:0.01633834260524369
2026-03-19 21:49:51,277 - AEMSOlogs - INFO - Iteration 18: Best Y = -0.7189580020318378 at x = [0.64084272 0.69353799 0.72063181 0.78913315 0.07538675 0.93145819]
2026-03-19 21:49:51,278 - AEMSOlogs - INFO - Working on simulations...
2026-03-19 21:50:30,564 - AEMSOlogs - INFO - RCWA eval:[224. 251. 325. 399. 228. 410.] | diff. eff.:0.41059190818955477
2026-03-19 21:50:30,589 - AEMSOlogs - INFO - RCWA eval:[296. 268. 337. 329.  20. 434.] | diff. eff.:0.31718339989489813
2026-03-19 21:50:30,766 - AEMSOlogs - INFO - RCWA eval:[209. 289. 354. 367. 264. 420.] | diff. eff.:0.36540129939801197
2026-03-19 21:50:30,766 - AEMSOlogs - INFO - RCWA eval:[197. 303. 320. 392.  23. 433.] | diff. eff.:0.6669506260796141
2026-03-19 21:50:30,881 - AEMSOlogs - INFO - RCWA eval:[253. 272. 380. 394. 147. 386.] | diff. eff.:0.07652204974652092
2026-03-19 21:50:30,893 - AEMSOlogs - INFO - RCWA eval:[239. 334. 376. 354.  37. 445.] | diff. eff.:0.481117877362681
2026-03-19 21:50:30,983 - AEMSOlogs - INFO - RCWA eval:[251. 185. 427. 381.  21. 373.] | diff. eff.:0.1022920786612427
2026-03-19 21:51:09,536 - AEMSOlogs - INFO - RCWA eval:[286. 313. 450. 358.  33. 428.] | diff. eff.:0.5576836299509179
2026-03-19 21:51:09,666 - AEMSOlogs - INFO - RCWA eval:[281. 236. 442. 438.  91. 414.] | diff. eff.:0.040811815809542795
2026-03-19 21:51:09,993 - AEMSOlogs - INFO - RCWA eval:[210. 260. 318. 311. 129. 444.] | diff. eff.:0.33420603265512483
2026-03-19 21:51:10,029 - AEMSOlogs - INFO - RCWA eval:[277. 315. 358. 410. 190. 369.] | diff. eff.:0.24546886204036206
2026-03-19 21:51:10,207 - AEMSOlogs - INFO - RCWA eval:[198. 336. 333. 449.  92. 343.] | diff. eff.:0.2083243467288373
2026-03-19 21:51:10,268 - AEMSOlogs - INFO - RCWA eval:[282. 304. 290. 412. 229. 362.] | diff. eff.:0.11709600880938625
2026-03-19 21:51:10,349 - AEMSOlogs - INFO - RCWA eval:[308. 339. 265. 359. 234. 449.] | diff. eff.:0.22189003764871312
2026-03-19 21:51:10,361 - AEMSOlogs - INFO - Iteration 19: Best Y = -0.7189580020318378 at x = [0.64084272 0.69353799 0.72063181 0.78913315 0.07538675 0.93145819]
2026-03-19 21:51:10,363 - AEMSOlogs - INFO - Working on simulations...
2026-03-19 21:51:49,563 - AEMSOlogs - INFO - RCWA eval:[267. 315. 356. 411. 125. 449.] | diff. eff.:0.45467252269176717
2026-03-19 21:51:49,572 - AEMSOlogs - INFO - RCWA eval:[198. 211. 361. 246. 166. 321.] | diff. eff.:0.09413673122212952
2026-03-19 21:51:49,808 - AEMSOlogs - INFO - RCWA eval:[261. 337. 306. 401.  89. 450.] | diff. eff.:0.578729480077734
2026-03-19 21:51:49,854 - AEMSOlogs - INFO - RCWA eval:[253. 359. 292. 448.  56. 372.] | diff. eff.:0.010717420660349369
2026-03-19 21:51:49,889 - AEMSOlogs - INFO - RCWA eval:[268. 378. 341. 394.  20. 397.] | diff. eff.:0.428337508910658
2026-03-19 21:51:49,978 - AEMSOlogs - INFO - RCWA eval:[296. 345. 409. 345. 215. 380.] | diff. eff.:0.15906468031716464
2026-03-19 21:51:50,110 - AEMSOlogs - INFO - RCWA eval:[184. 271. 272. 360.  25. 434.] | diff. eff.:0.5842426873445371
2026-03-19 21:52:28,599 - AEMSOlogs - INFO - RCWA eval:[289. 368. 371. 400. 236. 370.] | diff. eff.:0.11862656385696337
2026-03-19 21:52:28,673 - AEMSOlogs - INFO - RCWA eval:[182. 229. 318. 349.  81. 444.] | diff. eff.:0.5238922574465061
2026-03-19 21:52:29,030 - AEMSOlogs - INFO - RCWA eval:[273. 291. 368. 355.  98. 449.] | diff. eff.:0.463658805599409
2026-03-19 21:52:29,152 - AEMSOlogs - INFO - RCWA eval:[163. 302. 357. 301.  20. 437.] | diff. eff.:0.1503782102583457
2026-03-19 21:52:29,157 - AEMSOlogs - INFO - RCWA eval:[216. 318. 329. 378.  44. 449.] | diff. eff.:0.8510353442303566
2026-03-19 21:52:29,349 - AEMSOlogs - INFO - RCWA eval:[292. 326. 420. 450.  78. 443.] | diff. eff.:0.24662739288302168
2026-03-19 21:52:29,419 - AEMSOlogs - INFO - RCWA eval:[287. 392. 380. 334. 161. 313.] | diff. eff.:0.05310000350209889
2026-03-19 21:52:29,438 - AEMSOlogs - INFO - Iteration 20: Best Y = -0.8510353442303566 at x = [0.45574348 0.69393763 0.71895363 0.83265704 0.05664642 0.9969246 ]
2026-03-19 21:52:29,439 - AEMSOlogs - INFO - Working on simulations...
2026-03-19 21:53:08,606 - AEMSOlogs - INFO - RCWA eval:[202. 259. 334. 328.  74. 404.] | diff. eff.:0.5410225289963502
2026-03-19 21:53:08,716 - AEMSOlogs - INFO - RCWA eval:[250. 307. 340. 380. 161. 431.] | diff. eff.:0.7669269412082059
2026-03-19 21:53:08,766 - AEMSOlogs - INFO - RCWA eval:[282. 373. 327. 362.  84. 369.] | diff. eff.:0.23083534635070938
2026-03-19 21:53:08,866 - AEMSOlogs - INFO - RCWA eval:[230. 348. 268. 383.  59. 440.] | diff. eff.:0.15644758122369667
2026-03-19 21:53:08,957 - AEMSOlogs - INFO - RCWA eval:[203. 340. 333. 364.  83. 427.] | diff. eff.:0.6223237245756947
2026-03-19 21:53:09,001 - AEMSOlogs - INFO - RCWA eval:[240. 296. 311. 414.  52. 447.] | diff. eff.:0.5208767532766155
2026-03-19 21:53:09,046 - AEMSOlogs - INFO - RCWA eval:[244. 259. 348. 317.  21. 428.] | diff. eff.:0.3535903418974629
2026-03-19 21:53:47,440 - AEMSOlogs - INFO - RCWA eval:[198. 336. 289. 419. 103. 424.] | diff. eff.:0.19336313033614946
2026-03-19 21:53:47,750 - AEMSOlogs - INFO - RCWA eval:[189. 389. 247. 450. 126. 351.] | diff. eff.:0.2181309846125769
2026-03-19 21:53:47,915 - AEMSOlogs - INFO - RCWA eval:[225. 312. 279. 407.  24. 422.] | diff. eff.:0.39539318676985824
2026-03-19 21:53:48,027 - AEMSOlogs - INFO - RCWA eval:[300. 331. 274. 378.  22. 434.] | diff. eff.:0.24081363815982343
2026-03-19 21:53:48,281 - AEMSOlogs - INFO - RCWA eval:[230. 327. 272. 350.  76. 445.] | diff. eff.:0.5110054658339025
2026-03-19 21:53:48,303 - AEMSOlogs - INFO - RCWA eval:[239. 320. 324. 376.  20. 429.] | diff. eff.:0.8365147273563937
2026-03-19 21:53:48,304 - AEMSOlogs - INFO - RCWA eval:[254. 310. 329. 396. 122. 450.] | diff. eff.:0.5320412347689452
2026-03-19 21:53:48,338 - AEMSOlogs - INFO - Iteration 21: Best Y = -0.8510353442303566 at x = [0.45574348 0.69393763 0.71895363 0.83265704 0.05664642 0.9969246 ]
2026-03-19 21:53:48,339 - AEMSOlogs - INFO - Working on simulations...
2026-03-19 21:54:27,638 - AEMSOlogs - INFO - RCWA eval:[170. 267. 428. 377. 199. 445.] | diff. eff.:0.2080453648643155
2026-03-19 21:54:27,650 - AEMSOlogs - INFO - RCWA eval:[190. 346. 278. 375.  37. 450.] | diff. eff.:0.12527766763395595
2026-03-19 21:54:27,814 - AEMSOlogs - INFO - RCWA eval:[237. 269. 353. 325. 191. 446.] | diff. eff.:0.39327349619860186
2026-03-19 21:54:27,836 - AEMSOlogs - INFO - RCWA eval:[226. 318. 325. 354.  80. 448.] | diff. eff.:0.8257503180981379
2026-03-19 21:54:27,946 - AEMSOlogs - INFO - RCWA eval:[216. 291. 279. 353. 147. 362.] | diff. eff.:0.4988714261225173
2026-03-19 21:54:28,008 - AEMSOlogs - INFO - RCWA eval:[235. 304. 303. 383.  80. 434.] | diff. eff.:0.6011103291927357
2026-03-19 21:54:28,074 - AEMSOlogs - INFO - RCWA eval:[204. 253. 285. 366.  71. 346.] | diff. eff.:0.11420989351125856
2026-03-19 21:55:05,052 - AEMSOlogs - INFO - RCWA eval:[282. 255. 299. 369. 138. 426.] | diff. eff.:0.41530312049039886
2026-03-19 21:55:05,184 - AEMSOlogs - INFO - RCWA eval:[210. 298. 330. 362.  40. 448.] | diff. eff.:0.7597303180436682
2026-03-19 21:55:05,382 - AEMSOlogs - INFO - RCWA eval:[213. 288. 335. 371. 163. 398.] | diff. eff.:0.6654725401372872
2026-03-19 21:55:05,609 - AEMSOlogs - INFO - RCWA eval:[206. 290. 294. 399.  20. 450.] | diff. eff.:0.49007219163414617
2026-03-19 21:55:05,752 - AEMSOlogs - INFO - RCWA eval:[217. 229. 320. 375.  21. 372.] | diff. eff.:0.5504877262090428
2026-03-19 21:55:05,830 - AEMSOlogs - INFO - RCWA eval:[201. 275. 288. 396. 113. 450.] | diff. eff.:0.21007134187806772
2026-03-19 21:55:05,844 - AEMSOlogs - INFO - RCWA eval:[226. 324. 363. 373.  57. 445.] | diff. eff.:0.48501170056222354
2026-03-19 21:55:05,862 - AEMSOlogs - INFO - Iteration 22: Best Y = -0.8510353442303566 at x = [0.45574348 0.69393763 0.71895363 0.83265704 0.05664642 0.9969246 ]
2026-03-19 21:55:05,864 - AEMSOlogs - INFO - Working on simulations...
2026-03-19 21:55:45,165 - AEMSOlogs - INFO - RCWA eval:[223. 300. 386. 386.  41. 450.] | diff. eff.:0.40237291165009775
2026-03-19 21:55:45,297 - AEMSOlogs - INFO - RCWA eval:[214. 304. 331. 353. 118. 446.] | diff. eff.:0.8526104023074405
2026-03-19 21:55:45,381 - AEMSOlogs - INFO - RCWA eval:[217. 355. 317. 340.  23. 448.] | diff. eff.:0.4481371896054447
2026-03-19 21:55:45,463 - AEMSOlogs - INFO - RCWA eval:[166. 278. 322. 378.  48. 436.] | diff. eff.:0.5700494548959713
2026-03-19 21:55:45,481 - AEMSOlogs - INFO - RCWA eval:[233. 275. 363. 399.  38. 448.] | diff. eff.:0.3415930740807772
2026-03-19 21:55:45,537 - AEMSOlogs - INFO - RCWA eval:[233. 348. 330. 391. 100. 444.] | diff. eff.:0.5266999352225126
2026-03-19 21:55:45,617 - AEMSOlogs - INFO - RCWA eval:[176. 255. 296. 350. 173. 449.] | diff. eff.:0.4428849026012164
2026-03-19 21:56:24,048 - AEMSOlogs - INFO - RCWA eval:[267. 374. 319. 370. 111. 412.] | diff. eff.:0.50004971758441
2026-03-19 21:56:24,421 - AEMSOlogs - INFO - RCWA eval:[211. 296. 321. 313.  88. 395.] | diff. eff.:0.5586584104238909
2026-03-19 21:56:24,539 - AEMSOlogs - INFO - RCWA eval:[246. 311. 353. 401. 104. 447.] | diff. eff.:0.6416012938275505
2026-03-19 21:56:24,761 - AEMSOlogs - INFO - RCWA eval:[236. 307. 377. 441.  47. 450.] | diff. eff.:0.21653819666393662
2026-03-19 21:56:24,948 - AEMSOlogs - INFO - RCWA eval:[260. 273. 313. 371.  55. 278.] | diff. eff.:0.39958229813167734
2026-03-19 21:56:24,964 - AEMSOlogs - INFO - RCWA eval:[239. 323. 320. 349. 126. 406.] | diff. eff.:0.6922384335130853
2026-03-19 21:56:25,026 - AEMSOlogs - INFO - RCWA eval:[208. 255. 308. 361.  76. 386.] | diff. eff.:0.6958613613246281
2026-03-19 21:56:25,047 - AEMSOlogs - INFO - Iteration 23: Best Y = -0.8526104023074405 at x = [0.45024015 0.661494   0.72280058 0.77385634 0.22780644 0.99060771]
2026-03-19 21:56:25,048 - AEMSOlogs - INFO - Working on simulations...
2026-03-19 21:57:04,224 - AEMSOlogs - INFO - RCWA eval:[193. 285. 295. 376.  30. 414.] | diff. eff.:0.5919337942886924
2026-03-19 21:57:04,352 - AEMSOlogs - INFO - RCWA eval:[248. 347. 326. 418.  74. 445.] | diff. eff.:0.5920484921175472
2026-03-19 21:57:04,451 - AEMSOlogs - INFO - RCWA eval:[187. 349. 344. 362. 195. 450.] | diff. eff.:0.1491332037805239
2026-03-19 21:57:04,588 - AEMSOlogs - INFO - RCWA eval:[237. 267. 335. 363.  75. 361.] | diff. eff.:0.5459095215280391
2026-03-19 21:57:04,706 - AEMSOlogs - INFO - RCWA eval:[214. 286. 278. 403.  99. 356.] | diff. eff.:0.14459404962620506
2026-03-19 21:57:04,710 - AEMSOlogs - INFO - RCWA eval:[232. 343. 317. 354.  70. 449.] | diff. eff.:0.6483926674386067
2026-03-19 21:57:04,713 - AEMSOlogs - INFO - RCWA eval:[189. 256. 325. 351. 145. 427.] | diff. eff.:0.51053885784372
2026-03-19 21:57:43,132 - AEMSOlogs - INFO - RCWA eval:[228. 349. 310. 294.  70. 422.] | diff. eff.:0.04752847101195622
2026-03-19 21:57:43,423 - AEMSOlogs - INFO - RCWA eval:[228. 319. 322. 413. 174. 448.] | diff. eff.:0.5840578658511085
2026-03-19 21:57:43,561 - AEMSOlogs - INFO - RCWA eval:[209. 222. 320. 344. 115. 319.] | diff. eff.:0.08736473067116772
2026-03-19 21:57:43,792 - AEMSOlogs - INFO - RCWA eval:[258. 359. 279. 405.  42. 443.] | diff. eff.:0.2720573181532915
2026-03-19 21:57:43,903 - AEMSOlogs - INFO - RCWA eval:[246. 257. 324. 367. 182. 417.] | diff. eff.:0.6283025802336639
2026-03-19 21:57:44,101 - AEMSOlogs - INFO - RCWA eval:[219. 270. 317. 309.  22. 439.] | diff. eff.:0.4109393609605364
2026-03-19 21:57:44,128 - AEMSOlogs - INFO - RCWA eval:[213. 249. 323. 384. 118. 383.] | diff. eff.:0.5385775964508552
2026-03-19 21:57:44,148 - AEMSOlogs - INFO - Iteration 24: Best Y = -0.8526104023074405 at x = [0.45024015 0.661494   0.72280058 0.77385634 0.22780644 0.99060771]
2026-03-19 21:57:44,150 - AEMSOlogs - INFO - Working on simulations...
2026-03-19 21:58:23,255 - AEMSOlogs - INFO - RCWA eval:[244. 332. 311. 423. 191. 446.] | diff. eff.:0.46124238117747973
2026-03-19 21:58:23,439 - AEMSOlogs - INFO - RCWA eval:[227. 323. 356. 434.  63. 423.] | diff. eff.:0.4566052964653737
2026-03-19 21:58:23,450 - AEMSOlogs - INFO - RCWA eval:[279. 332. 364. 379. 187. 442.] | diff. eff.:0.44911358536016227
2026-03-19 21:58:23,676 - AEMSOlogs - INFO - RCWA eval:[263. 369. 343. 376.  69. 449.] | diff. eff.:0.4917453782535606
2026-03-19 21:58:23,701 - AEMSOlogs - INFO - RCWA eval:[235. 331. 327. 398. 168. 450.] | diff. eff.:0.6178957668070755
2026-03-19 21:58:23,734 - AEMSOlogs - INFO - RCWA eval:[258. 340. 341. 384.  37. 447.] | diff. eff.:0.7605527677635705
2026-03-19 21:58:23,750 - AEMSOlogs - INFO - RCWA eval:[222. 299. 320. 387. 172. 447.] | diff. eff.:0.6063635496444236
2026-03-19 21:59:02,115 - AEMSOlogs - INFO - RCWA eval:[215. 355. 329. 409.  42. 446.] | diff. eff.:0.46612835714703943
2026-03-19 21:59:02,462 - AEMSOlogs - INFO - RCWA eval:[241. 281. 312. 368. 103. 418.] | diff. eff.:0.6851171939786821
2026-03-19 21:59:02,465 - AEMSOlogs - INFO - RCWA eval:[246. 289. 314. 386. 141. 448.] | diff. eff.:0.5732789216244483
2026-03-19 21:59:02,789 - AEMSOlogs - INFO - RCWA eval:[222. 312. 286. 372. 102. 450.] | diff. eff.:0.6829354445558471
2026-03-19 21:59:02,916 - AEMSOlogs - INFO - RCWA eval:[212. 316. 320. 367.  87. 449.] | diff. eff.:0.8005672089573184
2026-03-19 21:59:02,963 - AEMSOlogs - INFO - RCWA eval:[255. 315. 334. 382. 206. 431.] | diff. eff.:0.7326143439947972
2026-03-19 21:59:02,984 - AEMSOlogs - INFO - RCWA eval:[227. 308. 313. 360.  26. 406.] | diff. eff.:0.8055668685766195
2026-03-19 21:59:02,999 - AEMSOlogs - INFO - Iteration 25: Best Y = -0.8526104023074405 at x = [0.45024015 0.661494   0.72280058 0.77385634 0.22780644 0.99060771]
2026-03-19 21:59:03,000 - AEMSOlogs - INFO - Working on simulations...
2026-03-19 21:59:41,913 - AEMSOlogs - INFO - RCWA eval:[196. 308. 259. 368.  83. 431.] | diff. eff.:0.6104983932933449
2026-03-19 21:59:41,974 - AEMSOlogs - INFO - RCWA eval:[267. 313. 360. 345.  52. 422.] | diff. eff.:0.30310885249503206
2026-03-19 21:59:42,072 - AEMSOlogs - INFO - RCWA eval:[250. 351. 309. 396.  43. 444.] | diff. eff.:0.5892553690096763
2026-03-19 21:59:42,096 - AEMSOlogs - INFO - RCWA eval:[219. 305. 331. 355.  69. 413.] | diff. eff.:0.76645433511723
2026-03-19 21:59:42,120 - AEMSOlogs - INFO - RCWA eval:[218. 256. 359. 345.  93. 442.] | diff. eff.:0.2895328455121657
2026-03-19 21:59:42,257 - AEMSOlogs - INFO - RCWA eval:[246. 335. 331. 371.  62. 440.] | diff. eff.:0.7833217782836994
2026-03-19 21:59:42,262 - AEMSOlogs - INFO - RCWA eval:[224. 344. 340. 379.  64. 450.] | diff. eff.:0.6765604935011806
2026-03-19 22:00:19,800 - AEMSOlogs - INFO - RCWA eval:[265. 328. 344. 349.  23. 429.] | diff. eff.:0.4878512808577443
2026-03-19 22:00:20,136 - AEMSOlogs - INFO - RCWA eval:[246. 354. 317. 371.  21. 397.] | diff. eff.:0.4545697263940105
2026-03-19 22:00:20,286 - AEMSOlogs - INFO - RCWA eval:[228. 317. 305. 366.  44. 444.] | diff. eff.:0.6282933741257419
2026-03-19 22:00:20,306 - AEMSOlogs - INFO - RCWA eval:[237. 322. 347. 372.  91. 450.] | diff. eff.:0.8056632707578475
2026-03-19 22:00:20,334 - AEMSOlogs - INFO - RCWA eval:[220. 323. 303. 372.  34. 424.] | diff. eff.:0.3811617316905508
2026-03-19 22:00:20,529 - AEMSOlogs - INFO - RCWA eval:[237. 323. 334. 385.  31. 445.] | diff. eff.:0.8526171790975936
2026-03-19 22:00:20,590 - AEMSOlogs - INFO - RCWA eval:[224. 334. 297. 395. 110. 450.] | diff. eff.:0.2933407999794135
2026-03-19 22:00:20,600 - AEMSOlogs - INFO - Iteration 26: Best Y = -0.8526171790975936 at x = [0.50537894 0.70534022 0.73018864 0.84853461 0.02484954 0.98756675]
2026-03-19 22:00:20,602 - AEMSOlogs - INFO - Working on simulations...
2026-03-19 22:00:59,725 - AEMSOlogs - INFO - RCWA eval:[216. 307. 313. 352.  20. 430.] | diff. eff.:0.8400332400767537
2026-03-19 22:00:59,901 - AEMSOlogs - INFO - RCWA eval:[200. 288. 356. 345.  20. 431.] | diff. eff.:0.27149723044021173
2026-03-19 22:00:59,978 - AEMSOlogs - INFO - RCWA eval:[232. 324. 342. 376.  96. 449.] | diff. eff.:0.8056188550450702
2026-03-19 22:01:00,092 - AEMSOlogs - INFO - RCWA eval:[243. 334. 325. 384.  63. 450.] | diff. eff.:0.7868801615719154
2026-03-19 22:01:00,213 - AEMSOlogs - INFO - RCWA eval:[258. 321. 360. 356.  20. 408.] | diff. eff.:0.4372899627266095
2026-03-19 22:01:00,286 - AEMSOlogs - INFO - RCWA eval:[215. 331. 322. 372.  89. 431.] | diff. eff.:0.7209783990536366
2026-03-19 22:01:00,326 - AEMSOlogs - INFO - RCWA eval:[252. 347. 361. 398.  62. 449.] | diff. eff.:0.5071917959106217
2026-03-19 22:01:38,660 - AEMSOlogs - INFO - RCWA eval:[276. 352. 322. 405.  22. 445.] | diff. eff.:0.5904846567815206
2026-03-19 22:01:38,927 - AEMSOlogs - INFO - RCWA eval:[222. 297. 353. 355. 101. 408.] | diff. eff.:0.6297092124608912
2026-03-19 22:01:39,089 - AEMSOlogs - INFO - RCWA eval:[239. 320. 314. 391.  64. 445.] | diff. eff.:0.7307485597240622
2026-03-19 22:01:39,439 - AEMSOlogs - INFO - RCWA eval:[244. 334. 346. 382.  98. 449.] | diff. eff.:0.6993085153138983
2026-03-19 22:01:39,475 - AEMSOlogs - INFO - RCWA eval:[236. 318. 330. 397.  48. 439.] | diff. eff.:0.8442809195885852
2026-03-19 22:01:39,566 - AEMSOlogs - INFO - RCWA eval:[244. 346. 321. 387.  47. 449.] | diff. eff.:0.7018245443573623
2026-03-19 22:01:39,643 - AEMSOlogs - INFO - RCWA eval:[211. 331. 328. 358.  26. 438.] | diff. eff.:0.7258057245347095
2026-03-19 22:01:39,661 - AEMSOlogs - INFO - Iteration 27: Best Y = -0.8526171790975936 at x = [0.50537894 0.70534022 0.73018864 0.84853461 0.02484954 0.98756675]
2026-03-19 22:01:39,663 - AEMSOlogs - INFO - Working on simulations...
2026-03-19 22:02:18,860 - AEMSOlogs - INFO - RCWA eval:[229. 318. 336. 382.  27. 436.] | diff. eff.:0.8497461101127131
2026-03-19 22:02:19,121 - AEMSOlogs - INFO - RCWA eval:[249. 321. 337. 376.  65. 429.] | diff. eff.:0.8530585956168931
2026-03-19 22:02:19,153 - AEMSOlogs - INFO - RCWA eval:[247. 314. 333. 386.  20. 418.] | diff. eff.:0.8636882786437463
2026-03-19 22:02:19,176 - AEMSOlogs - INFO - RCWA eval:[237. 327. 336. 379.  27. 431.] | diff. eff.:0.8066976223302198
2026-03-19 22:02:19,261 - AEMSOlogs - INFO - RCWA eval:[236. 305. 322. 390.  20. 437.] | diff. eff.:0.8118054778672649
2026-03-19 22:02:19,282 - AEMSOlogs - INFO - RCWA eval:[266. 348. 367. 408.  39. 448.] | diff. eff.:0.486080970900692
2026-03-19 22:02:19,352 - AEMSOlogs - INFO - RCWA eval:[249. 329. 299. 404.  32. 437.] | diff. eff.:0.42845798619834147
2026-03-19 22:02:57,683 - AEMSOlogs - INFO - RCWA eval:[240. 316. 324. 372.  62. 434.] | diff. eff.:0.8673117072512523
2026-03-19 22:02:58,210 - AEMSOlogs - INFO - RCWA eval:[239. 326. 351. 398.  20. 450.] | diff. eff.:0.7095280752476939
2026-03-19 22:02:58,305 - AEMSOlogs - INFO - RCWA eval:[219. 329. 337. 373.  52. 444.] | diff. eff.:0.7770829692258835
2026-03-19 22:02:58,341 - AEMSOlogs - INFO - RCWA eval:[232. 327. 294. 402.  67. 450.] | diff. eff.:0.2761371438366068
2026-03-19 22:02:58,590 - AEMSOlogs - INFO - RCWA eval:[225. 308. 323. 376.  78. 432.] | diff. eff.:0.8265665733927179
2026-03-19 22:02:58,639 - AEMSOlogs - INFO - RCWA eval:[216. 310. 322. 383.  38. 432.] | diff. eff.:0.7867698042176434
2026-03-19 22:02:58,682 - AEMSOlogs - INFO - RCWA eval:[211. 320. 326. 351.  81. 449.] | diff. eff.:0.7757249995166076
2026-03-19 22:02:58,702 - AEMSOlogs - INFO - Iteration 28: Best Y = -0.8673117072512523 at x = [0.51141789 0.68901112 0.70792019 0.81841093 0.09658628 0.96360841]
2026-03-19 22:02:58,703 - AEMSOlogs - INFO - Working on simulations...
2026-03-19 22:03:37,887 - AEMSOlogs - INFO - RCWA eval:[261. 329. 351. 379.  39. 412.] | diff. eff.:0.674425817916818
2026-03-19 22:03:37,958 - AEMSOlogs - INFO - RCWA eval:[235. 327. 319. 362.  33. 435.] | diff. eff.:0.7426489449166932
2026-03-19 22:03:38,077 - AEMSOlogs - INFO - RCWA eval:[247. 335. 326. 381.  49. 431.] | diff. eff.:0.7748248572529753
2026-03-19 22:03:38,108 - AEMSOlogs - INFO - RCWA eval:[226. 291. 323. 374.  21. 408.] | diff. eff.:0.7497320821159131
2026-03-19 22:03:38,290 - AEMSOlogs - INFO - RCWA eval:[248. 325. 329. 378.  23. 412.] | diff. eff.:0.8111255560279584
2026-03-19 22:03:38,304 - AEMSOlogs - INFO - RCWA eval:[236. 299. 316. 373.  36. 438.] | diff. eff.:0.7234815684567153
2026-03-19 22:03:38,341 - AEMSOlogs - INFO - RCWA eval:[224. 317. 304. 390.  84. 427.] | diff. eff.:0.45178566141269155
2026-03-19 22:04:16,775 - AEMSOlogs - INFO - RCWA eval:[244. 294. 330. 388.  20. 402.] | diff. eff.:0.769932078234031
2026-03-19 22:04:16,865 - AEMSOlogs - INFO - RCWA eval:[259. 300. 330. 381.  84. 448.] | diff. eff.:0.790937481054163
2026-03-19 22:04:17,163 - AEMSOlogs - INFO - RCWA eval:[229. 302. 299. 364.  30. 423.] | diff. eff.:0.7867743463642082
2026-03-19 22:04:17,191 - AEMSOlogs - INFO - RCWA eval:[244. 295. 320. 397.  35. 444.] | diff. eff.:0.6781235008654222
2026-03-19 22:04:17,510 - AEMSOlogs - INFO - RCWA eval:[232. 312. 339. 372.  20. 445.] | diff. eff.:0.8865449784294389
2026-03-19 22:04:17,521 - AEMSOlogs - INFO - RCWA eval:[246. 328. 326. 391.  22. 433.] | diff. eff.:0.8090391305019505
2026-03-19 22:04:17,539 - AEMSOlogs - INFO - RCWA eval:[230. 298. 315. 391.  69. 423.] | diff. eff.:0.6365395959959124
2026-03-19 22:04:17,566 - AEMSOlogs - INFO - Iteration 29: Best Y = -0.8865449784294389 at x = [4.92479107e-01 6.79918867e-01 7.42207170e-01 8.17658515e-01
 6.79746484e-05 9.88430798e-01]
2026-03-19 22:04:17,568 - AEMSOlogs - INFO - Working on simulations...
2026-03-19 22:04:56,584 - AEMSOlogs - INFO - RCWA eval:[249. 321. 342. 380.  23. 447.] | diff. eff.:0.8623016336576083
2026-03-19 22:04:56,671 - AEMSOlogs - INFO - RCWA eval:[247. 324. 318. 372.  53. 429.] | diff. eff.:0.783247844215656
2026-03-19 22:04:56,694 - AEMSOlogs - INFO - RCWA eval:[252. 317. 334. 389.  38. 446.] | diff. eff.:0.8901983656756478
2026-03-19 22:04:56,733 - AEMSOlogs - INFO - RCWA eval:[202. 321. 349. 385.  25. 450.] | diff. eff.:0.7290032719138615
2026-03-19 22:04:56,776 - AEMSOlogs - INFO - RCWA eval:[258. 339. 335. 395.  23. 450.] | diff. eff.:0.7813244749876017
2026-03-19 22:04:56,814 - AEMSOlogs - INFO - RCWA eval:[251. 324. 337. 396.  46. 447.] | diff. eff.:0.8446520833362868
2026-03-19 22:04:56,826 - AEMSOlogs - INFO - RCWA eval:[247. 301. 320. 374.  56. 439.] | diff. eff.:0.7561739545322
2026-03-19 22:05:34,467 - AEMSOlogs - INFO - RCWA eval:[227. 306. 355. 381.  25. 418.] | diff. eff.:0.6422405920871651
2026-03-19 22:05:34,586 - AEMSOlogs - INFO - RCWA eval:[246. 297. 312. 351.  47. 411.] | diff. eff.:0.8775700493933131
2026-03-19 22:05:34,714 - AEMSOlogs - INFO - RCWA eval:[237. 338. 311. 357.  42. 450.] | diff. eff.:0.6351632671845869
2026-03-19 22:05:34,883 - AEMSOlogs - INFO - RCWA eval:[261. 304. 330. 362.  58. 424.] | diff. eff.:0.8414828533386082
2026-03-19 22:05:35,016 - AEMSOlogs - INFO - RCWA eval:[241. 327. 337. 374.  70. 446.] | diff. eff.:0.8287763810354033
2026-03-19 22:05:35,045 - AEMSOlogs - INFO - RCWA eval:[236. 332. 312. 360.  20. 439.] | diff. eff.:0.613896853609025
2026-03-19 22:05:35,107 - AEMSOlogs - INFO - RCWA eval:[264. 339. 336. 400.  20. 443.] | diff. eff.:0.7706087690574699
2026-03-19 22:05:35,137 - AEMSOlogs - INFO - Iteration 30: Best Y = -0.8901983656756478 at x = [0.53852441 0.69166188 0.72953289 0.85869947 0.04275431 0.98953984]
2026-03-19 22:05:35,139 - AEMSOlogs - INFO - Working on simulations...
2026-03-19 22:06:14,335 - AEMSOlogs - INFO - RCWA eval:[243. 298. 324. 374.  71. 441.] | diff. eff.:0.7713144391968063
2026-03-19 22:06:14,461 - AEMSOlogs - INFO - RCWA eval:[245. 315. 323. 366.  88. 450.] | diff. eff.:0.8880889786646291
2026-03-19 22:06:14,572 - AEMSOlogs - INFO - RCWA eval:[222. 301. 323. 370.  26. 434.] | diff. eff.:0.7584974631320835
2026-03-19 22:06:14,621 - AEMSOlogs - INFO - RCWA eval:[239. 309. 322. 365.  81. 442.] | diff. eff.:0.871650837729913
2026-03-19 22:06:14,714 - AEMSOlogs - INFO - RCWA eval:[240. 302. 340. 367.  22. 444.] | diff. eff.:0.855738420580173
2026-03-19 22:06:14,801 - AEMSOlogs - INFO - RCWA eval:[254. 307. 354. 377.  25. 444.] | diff. eff.:0.7692938826689698
2026-03-19 22:06:14,865 - AEMSOlogs - INFO - RCWA eval:[231. 333. 326. 393.  23. 450.] | diff. eff.:0.7782868717048259
2026-03-19 22:06:53,249 - AEMSOlogs - INFO - RCWA eval:[245. 315. 311. 379.  58. 437.] | diff. eff.:0.6109743484430487
2026-03-19 22:06:53,579 - AEMSOlogs - INFO - RCWA eval:[237. 292. 316. 369.  41. 430.] | diff. eff.:0.7696199941602624
2026-03-19 22:06:53,776 - AEMSOlogs - INFO - RCWA eval:[257. 306. 332. 376.  21. 440.] | diff. eff.:0.904498875515392
2026-03-19 22:06:53,882 - AEMSOlogs - INFO - RCWA eval:[274. 339. 328. 376.  21. 450.] | diff. eff.:0.7800177408185822
2026-03-19 22:06:53,932 - AEMSOlogs - INFO - RCWA eval:[227. 321. 318. 385.  55. 450.] | diff. eff.:0.7659470519372882
2026-03-19 22:06:54,085 - AEMSOlogs - INFO - RCWA eval:[252. 306. 335. 377.  37. 441.] | diff. eff.:0.8979912719927611
2026-03-19 22:06:54,193 - AEMSOlogs - INFO - RCWA eval:[217. 296. 319. 361.  76. 446.] | diff. eff.:0.7422336697209977
2026-03-19 22:06:54,211 - AEMSOlogs - INFO - Iteration 31: Best Y = -0.904498875515392 at x = [0.55057951 0.66480162 0.72655294 0.82741085 0.00177806 0.97741534]
2026-03-19 22:06:54,212 - AEMSOlogs - INFO - Working on simulations...
2026-03-19 22:07:33,469 - AEMSOlogs - INFO - RCWA eval:[248. 296. 321. 382.  24. 445.] | diff. eff.:0.7211875035930315
2026-03-19 22:07:33,667 - AEMSOlogs - INFO - RCWA eval:[258. 307. 336. 381.  22. 448.] | diff. eff.:0.9009196903000067
2026-03-19 22:07:33,687 - AEMSOlogs - INFO - RCWA eval:[262. 335. 338. 396.  22. 450.] | diff. eff.:0.801910462145977
2026-03-19 22:07:33,713 - AEMSOlogs - INFO - RCWA eval:[269. 317. 335. 368.  35. 442.] | diff. eff.:0.9007274287935497
2026-03-19 22:07:33,814 - AEMSOlogs - INFO - RCWA eval:[269. 298. 328. 374.  52. 436.] | diff. eff.:0.7859684019009413
2026-03-19 22:07:33,899 - AEMSOlogs - INFO - RCWA eval:[241. 313. 329. 386.  49. 450.] | diff. eff.:0.8945996154901353
2026-03-19 22:07:33,915 - AEMSOlogs - INFO - RCWA eval:[235. 303. 311. 353.  63. 443.] | diff. eff.:0.8552054845819067
2026-03-19 22:08:12,350 - AEMSOlogs - INFO - RCWA eval:[221. 321. 320. 379.  21. 447.] | diff. eff.:0.7614764628298704
2026-03-19 22:08:12,748 - AEMSOlogs - INFO - RCWA eval:[252. 303. 327. 353.  31. 419.] | diff. eff.:0.8963741247063965
2026-03-19 22:08:12,841 - AEMSOlogs - INFO - RCWA eval:[256. 297. 310. 381.  64. 430.] | diff. eff.:0.6706354477281076
2026-03-19 22:08:12,890 - AEMSOlogs - INFO - RCWA eval:[242. 315. 320. 359.  41. 450.] | diff. eff.:0.8046511922321021
2026-03-19 22:08:13,153 - AEMSOlogs - INFO - RCWA eval:[244. 272. 336. 336. 113. 419.] | diff. eff.:0.5476605991262103
2026-03-19 22:08:13,244 - AEMSOlogs - INFO - RCWA eval:[257. 319. 337. 378.  20. 446.] | diff. eff.:0.8988798092889149
2026-03-19 22:08:13,245 - AEMSOlogs - INFO - RCWA eval:[241. 288. 320. 375.  23. 435.] | diff. eff.:0.7343807118756526
2026-03-19 22:08:13,263 - AEMSOlogs - INFO - Iteration 32: Best Y = -0.904498875515392 at x = [0.55057951 0.66480162 0.72655294 0.82741085 0.00177806 0.97741534]
2026-03-19 22:08:13,264 - AEMSOlogs - INFO - Working on simulations...
2026-03-19 22:08:52,456 - AEMSOlogs - INFO - RCWA eval:[258. 317. 327. 367.  28. 448.] | diff. eff.:0.9048710200560646
2026-03-19 22:08:52,644 - AEMSOlogs - INFO - RCWA eval:[235. 300. 330. 362.  24. 412.] | diff. eff.:0.8399703399050009
2026-03-19 22:08:52,784 - AEMSOlogs - INFO - RCWA eval:[270. 330. 339. 384.  20. 449.] | diff. eff.:0.8375212269029021
2026-03-19 22:08:52,825 - AEMSOlogs - INFO - RCWA eval:[269. 296. 349. 374.  23. 445.] | diff. eff.:0.7764751063739783
2026-03-19 22:08:52,854 - AEMSOlogs - INFO - RCWA eval:[242. 301. 320. 358.  40. 402.] | diff. eff.:0.8799878428643055
2026-03-19 22:08:52,932 - AEMSOlogs - INFO - RCWA eval:[259. 311. 318. 366.  24. 448.] | diff. eff.:0.7572151796463522
2026-03-19 22:08:52,977 - AEMSOlogs - INFO - RCWA eval:[252. 303. 314. 358.  55. 447.] | diff. eff.:0.8670317873491205
2026-03-19 22:09:31,297 - AEMSOlogs - INFO - RCWA eval:[275. 333. 348. 381.  32. 447.] | diff. eff.:0.7446489578492044
2026-03-19 22:09:31,537 - AEMSOlogs - INFO - RCWA eval:[250. 326. 324. 372.  29. 433.] | diff. eff.:0.8321693976335566
2026-03-19 22:09:31,917 - AEMSOlogs - INFO - RCWA eval:[275. 323. 339. 393.  20. 420.] | diff. eff.:0.8238028649121315
2026-03-19 22:09:31,967 - AEMSOlogs - INFO - RCWA eval:[241. 298. 329. 359.  23. 449.] | diff. eff.:0.8263955971242299
2026-03-19 22:09:32,033 - AEMSOlogs - INFO - RCWA eval:[257. 297. 311. 363.  33. 423.] | diff. eff.:0.8488720467777081
2026-03-19 22:09:32,199 - AEMSOlogs - INFO - RCWA eval:[270. 296. 324. 369.  26. 440.] | diff. eff.:0.8002250131985933
2026-03-19 22:09:32,291 - AEMSOlogs - INFO - RCWA eval:[257. 290. 351. 376.  29. 443.] | diff. eff.:0.7015802835109018
2026-03-19 22:09:32,309 - AEMSOlogs - INFO - Iteration 33: Best Y = -0.9048710200560646 at x = [0.55246522 0.69058585 0.71412975 0.80757944 0.01828874 0.9963676 ]
2026-03-19 22:09:32,310 - AEMSOlogs - INFO - Working on simulations...
2026-03-19 22:10:10,788 - AEMSOlogs - INFO - RCWA eval:[243. 322. 336. 359.  39. 447.] | diff. eff.:0.8294230650050347
2026-03-19 22:10:10,833 - AEMSOlogs - INFO - RCWA eval:[261. 311. 323. 363.  25. 437.] | diff. eff.:0.875440865049987
2026-03-19 22:10:10,912 - AEMSOlogs - INFO - RCWA eval:[259. 309. 310. 353.  22. 421.] | diff. eff.:0.8438264546417356
2026-03-19 22:10:10,992 - AEMSOlogs - INFO - RCWA eval:[261. 315. 341. 381.  20. 450.] | diff. eff.:0.8987237057947144
2026-03-19 22:10:11,002 - AEMSOlogs - INFO - RCWA eval:[228. 319. 318. 367.  50. 449.] | diff. eff.:0.7318938931676112
2026-03-19 22:10:11,063 - AEMSOlogs - INFO - RCWA eval:[257. 309. 315. 356.  21. 441.] | diff. eff.:0.8739507188947682
2026-03-19 22:10:11,099 - AEMSOlogs - INFO - RCWA eval:[245. 307. 314. 373.  28. 424.] | diff. eff.:0.6927346177848934
2026-03-19 22:10:48,637 - AEMSOlogs - INFO - RCWA eval:[264. 303. 333. 375.  27. 449.] | diff. eff.:0.8736457103787898
2026-03-19 22:10:48,776 - AEMSOlogs - INFO - RCWA eval:[250. 311. 320. 359.  70. 450.] | diff. eff.:0.8643712618480364
2026-03-19 22:10:48,937 - AEMSOlogs - INFO - RCWA eval:[254. 330. 316. 371.  20. 446.] | diff. eff.:0.7506137725330273
2026-03-19 22:10:49,110 - AEMSOlogs - INFO - RCWA eval:[257. 315. 341. 375.  33. 450.] | diff. eff.:0.9031803550977444
2026-03-19 22:10:49,246 - AEMSOlogs - INFO - RCWA eval:[250. 291. 301. 357.  52. 407.] | diff. eff.:0.8390442899366105
2026-03-19 22:10:49,270 - AEMSOlogs - INFO - RCWA eval:[249. 301. 313. 347.  26. 450.] | diff. eff.:0.8225411666570844
2026-03-19 22:10:49,350 - AEMSOlogs - INFO - RCWA eval:[264. 296. 314. 340.  31. 445.] | diff. eff.:0.735881750763061
2026-03-19 22:10:49,361 - AEMSOlogs - INFO - Iteration 34: Best Y = -0.9048710200560646 at x = [0.55246522 0.69058585 0.71412975 0.80757944 0.01828874 0.9963676 ]
2026-03-19 22:10:49,363 - AEMSOlogs - INFO - Working on simulations...
2026-03-19 22:11:28,447 - AEMSOlogs - INFO - RCWA eval:[252. 310. 325. 360.  50. 423.] | diff. eff.:0.8824729550387446
2026-03-19 22:11:28,672 - AEMSOlogs - INFO - RCWA eval:[250. 317. 343. 394.  34. 438.] | diff. eff.:0.837673927483776
2026-03-19 22:11:28,847 - AEMSOlogs - INFO - RCWA eval:[274. 335. 339. 388.  23. 450.] | diff. eff.:0.7992682032325498
2026-03-19 22:11:28,929 - AEMSOlogs - INFO - RCWA eval:[242. 296. 328. 355.  27. 422.] | diff. eff.:0.8783523248806152
2026-03-19 22:11:28,987 - AEMSOlogs - INFO - RCWA eval:[252. 296. 306. 357.  24. 446.] | diff. eff.:0.851698565152903
2026-03-19 22:11:29,014 - AEMSOlogs - INFO - RCWA eval:[250. 313. 335. 380.  21. 442.] | diff. eff.:0.9080338109351358
2026-03-19 22:11:29,019 - AEMSOlogs - INFO - RCWA eval:[281. 317. 350. 377.  54. 449.] | diff. eff.:0.7921285360502595
2026-03-19 22:12:07,237 - AEMSOlogs - INFO - RCWA eval:[260. 318. 334. 365.  33. 447.] | diff. eff.:0.901362918534079
2026-03-19 22:12:07,599 - AEMSOlogs - INFO - RCWA eval:[254. 318. 335. 379.  21. 448.] | diff. eff.:0.9052816607467332
2026-03-19 22:12:08,048 - AEMSOlogs - INFO - RCWA eval:[266. 307. 324. 373.  23. 435.] | diff. eff.:0.8628839095431626
2026-03-19 22:12:08,082 - AEMSOlogs - INFO - RCWA eval:[244. 312. 327. 353.  20. 449.] | diff. eff.:0.871924577978515
2026-03-19 22:12:08,189 - AEMSOlogs - INFO - RCWA eval:[251. 299. 340. 361.  38. 438.] | diff. eff.:0.7694594937627885
2026-03-19 22:12:08,296 - AEMSOlogs - INFO - RCWA eval:[256. 295. 327. 352.  39. 423.] | diff. eff.:0.8771006520403494
2026-03-19 22:12:08,393 - AEMSOlogs - INFO - RCWA eval:[272. 310. 347. 377.  21. 446.] | diff. eff.:0.8595190240374524
2026-03-19 22:12:08,417 - AEMSOlogs - INFO - Iteration 35: Best Y = -0.9080338109351358 at x = [0.53548269 0.68161836 0.7333461  0.83743553 0.00167198 0.9824648 ]
2026-03-19 22:12:08,418 - AEMSOlogs - INFO - Working on simulations...
2026-03-19 22:12:47,714 - AEMSOlogs - INFO - RCWA eval:[244. 324. 346. 389.  22. 449.] | diff. eff.:0.8045365692126685
2026-03-19 22:12:47,835 - AEMSOlogs - INFO - RCWA eval:[250. 322. 338. 379.  48. 427.] | diff. eff.:0.8439007033521817
2026-03-19 22:12:47,941 - AEMSOlogs - INFO - RCWA eval:[244. 302. 309. 353.  20. 437.] | diff. eff.:0.8658367699685111
2026-03-19 22:12:48,026 - AEMSOlogs - INFO - RCWA eval:[247. 336. 332. 375.  21. 449.] | diff. eff.:0.7970614346784797
2026-03-19 22:12:48,032 - AEMSOlogs - INFO - RCWA eval:[244. 304. 330. 363.  34. 440.] | diff. eff.:0.8700024909244595
2026-03-19 22:12:48,058 - AEMSOlogs - INFO - RCWA eval:[255. 302. 330. 368.  20. 410.] | diff. eff.:0.859742495948363
2026-03-19 22:12:48,164 - AEMSOlogs - INFO - RCWA eval:[243. 308. 330. 357.  36. 436.] | diff. eff.:0.8600941492139376
2026-03-19 22:13:26,724 - AEMSOlogs - INFO - RCWA eval:[261. 310. 344. 379.  33. 446.] | diff. eff.:0.884811521442278
2026-03-19 22:13:26,979 - AEMSOlogs - INFO - RCWA eval:[252. 305. 324. 347.  20. 413.] | diff. eff.:0.8768641540142177
2026-03-19 22:13:27,193 - AEMSOlogs - INFO - RCWA eval:[248. 309. 350. 372.  20. 445.] | diff. eff.:0.8356443014164434
2026-03-19 22:13:27,223 - AEMSOlogs - INFO - RCWA eval:[249. 311. 339. 376.  22. 446.] | diff. eff.:0.9057451273952748
2026-03-19 22:13:27,369 - AEMSOlogs - INFO - RCWA eval:[260. 314. 337. 382.  21. 450.] | diff. eff.:0.9101757431365544
2026-03-19 22:13:27,447 - AEMSOlogs - INFO - RCWA eval:[259. 308. 331. 370.  61. 447.] | diff. eff.:0.9115551907437328
2026-03-19 22:13:27,541 - AEMSOlogs - INFO - RCWA eval:[239. 318. 354. 394.  22. 441.] | diff. eff.:0.6707296678012664
2026-03-19 22:13:27,552 - AEMSOlogs - INFO - Iteration 36: Best Y = -0.9115551907437328 at x = [0.55536061 0.66973685 0.72344126 0.81492401 0.09479998 0.99350299]
2026-03-19 22:13:27,554 - AEMSOlogs - INFO - Working on simulations...
2026-03-19 22:14:06,767 - AEMSOlogs - INFO - RCWA eval:[250. 312. 320. 370.  21. 433.] | diff. eff.:0.8007347053709972
2026-03-19 22:14:06,889 - AEMSOlogs - INFO - RCWA eval:[246. 308. 327. 370.  22. 444.] | diff. eff.:0.9035778198653487
2026-03-19 22:14:07,031 - AEMSOlogs - INFO - RCWA eval:[254. 306. 327. 360.  20. 448.] | diff. eff.:0.8807667897428871
2026-03-19 22:14:07,058 - AEMSOlogs - INFO - RCWA eval:[269. 303. 341. 377.  48. 435.] | diff. eff.:0.8460710238002296
2026-03-19 22:14:07,109 - AEMSOlogs - INFO - RCWA eval:[254. 308. 340. 381.  84. 450.] | diff. eff.:0.8686395930931791
2026-03-19 22:14:07,137 - AEMSOlogs - INFO - RCWA eval:[257. 313. 334. 372.  40. 449.] | diff. eff.:0.9224068032439491
2026-03-19 22:14:07,206 - AEMSOlogs - INFO - RCWA eval:[251. 308. 333. 367.  21. 431.] | diff. eff.:0.9022798843911974
2026-03-19 22:14:45,774 - AEMSOlogs - INFO - RCWA eval:[258. 301. 343. 372.  22. 437.] | diff. eff.:0.840866522144889
2026-03-19 22:14:45,889 - AEMSOlogs - INFO - RCWA eval:[252. 315. 339. 383.  20. 443.] | diff. eff.:0.8924084046481422
2026-03-19 22:14:46,195 - AEMSOlogs - INFO - RCWA eval:[268. 307. 342. 375.  21. 446.] | diff. eff.:0.885503214803352
2026-03-19 22:14:46,231 - AEMSOlogs - INFO - RCWA eval:[244. 309. 342. 380.  20. 450.] | diff. eff.:0.887629779221346
2026-03-19 22:14:46,414 - AEMSOlogs - INFO - RCWA eval:[270. 312. 337. 369.  45. 449.] | diff. eff.:0.9097903106534845
2026-03-19 22:14:46,420 - AEMSOlogs - INFO - RCWA eval:[246. 310. 321. 363.  25. 424.] | diff. eff.:0.8287281873411824
2026-03-19 22:14:46,558 - AEMSOlogs - INFO - RCWA eval:[250. 300. 339. 367.  25. 432.] | diff. eff.:0.8185588410156244
2026-03-19 22:14:46,575 - AEMSOlogs - INFO - Iteration 37: Best Y = -0.9224068032439491 at x = [0.55101806 0.68116668 0.73103863 0.81939053 0.04667436 0.99738805]
2026-03-19 22:14:46,577 - AEMSOlogs - INFO - Working on simulations...
2026-03-19 22:15:25,181 - AEMSOlogs - INFO - RCWA eval:[252. 301. 332. 360.  29. 444.] | diff. eff.:0.812659813268119
2026-03-19 22:15:25,249 - AEMSOlogs - INFO - RCWA eval:[247. 314. 330. 371.  25. 446.] | diff. eff.:0.9152826439662829
2026-03-19 22:15:25,351 - AEMSOlogs - INFO - RCWA eval:[248. 314. 343. 378.  57. 449.] | diff. eff.:0.8816072885310622
2026-03-19 22:15:25,489 - AEMSOlogs - INFO - RCWA eval:[254. 314. 328. 370.  28. 450.] | diff. eff.:0.9173264777836205
2026-03-19 22:15:25,498 - AEMSOlogs - INFO - RCWA eval:[266. 313. 333. 362.  20. 447.] | diff. eff.:0.9033313987695942
2026-03-19 22:15:25,513 - AEMSOlogs - INFO - RCWA eval:[255. 314. 328. 369.  20. 438.] | diff. eff.:0.9120520203074106
2026-03-19 22:15:25,569 - AEMSOlogs - INFO - RCWA eval:[257. 309. 336. 374.  20. 443.] | diff. eff.:0.9136777871298127
2026-03-19 22:16:02,867 - AEMSOlogs - INFO - RCWA eval:[254. 318. 335. 375.  22. 449.] | diff. eff.:0.9083696576757697
2026-03-19 22:16:03,142 - AEMSOlogs - INFO - RCWA eval:[254. 307. 339. 370.  30. 450.] | diff. eff.:0.9066246795698016
2026-03-19 22:16:03,361 - AEMSOlogs - INFO - RCWA eval:[264. 315. 338. 373.  20. 450.] | diff. eff.:0.9144806154966414
2026-03-19 22:16:03,570 - AEMSOlogs - INFO - RCWA eval:[266. 313. 341. 381.  47. 449.] | diff. eff.:0.8938034433998596
2026-03-19 22:16:03,642 - AEMSOlogs - INFO - RCWA eval:[254. 303. 334. 374.  40. 449.] | diff. eff.:0.8834530389244937
2026-03-19 22:16:03,704 - AEMSOlogs - INFO - RCWA eval:[254. 318. 332. 369.  26. 436.] | diff. eff.:0.8977280404259124
2026-03-19 22:16:03,770 - AEMSOlogs - INFO - RCWA eval:[256. 322. 337. 374.  22. 449.] | diff. eff.:0.8884381736036633
2026-03-19 22:16:03,782 - AEMSOlogs - INFO - Iteration 38: Best Y = -0.9224068032439491 at x = [0.55101806 0.68116668 0.73103863 0.81939053 0.04667436 0.99738805]
2026-03-19 22:16:03,783 - AEMSOlogs - INFO - Working on simulations...
2026-03-19 22:16:42,991 - AEMSOlogs - INFO - RCWA eval:[252. 314. 326. 371.  21. 445.] | diff. eff.:0.9056650333655251
2026-03-19 22:16:43,024 - AEMSOlogs - INFO - RCWA eval:[247. 323. 334. 378.  20. 450.] | diff. eff.:0.8789653633350948
2026-03-19 22:16:43,187 - AEMSOlogs - INFO - RCWA eval:[238. 310. 327. 367.  26. 445.] | diff. eff.:0.897802832188788
2026-03-19 22:16:43,236 - AEMSOlogs - INFO - RCWA eval:[260. 316. 334. 374.  56. 450.] | diff. eff.:0.9157398622437279
2026-03-19 22:16:43,386 - AEMSOlogs - INFO - RCWA eval:[256. 321. 332. 369.  21. 447.] | diff. eff.:0.8948866261366734
2026-03-19 22:16:43,399 - AEMSOlogs - INFO - RCWA eval:[260. 304. 335. 371.  37. 447.] | diff. eff.:0.8877997440873001
2026-03-19 22:16:43,418 - AEMSOlogs - INFO - RCWA eval:[256. 310. 332. 378.  30. 447.] | diff. eff.:0.9184146022312306
2026-03-19 22:17:22,011 - AEMSOlogs - INFO - RCWA eval:[255. 306. 327. 371.  23. 444.] | diff. eff.:0.8962378738786964
2026-03-19 22:17:22,086 - AEMSOlogs - INFO - RCWA eval:[250. 312. 328. 374.  23. 446.] | diff. eff.:0.9165782566467977
2026-03-19 22:17:22,460 - AEMSOlogs - INFO - RCWA eval:[249. 307. 327. 366.  22. 448.] | diff. eff.:0.8991686530523135
2026-03-19 22:17:22,500 - AEMSOlogs - INFO - RCWA eval:[264. 308. 340. 376.  33. 441.] | diff. eff.:0.8935711729694168
2026-03-19 22:17:22,640 - AEMSOlogs - INFO - RCWA eval:[247. 310. 325. 373.  29. 436.] | diff. eff.:0.889903356321453
2026-03-19 22:17:22,747 - AEMSOlogs - INFO - RCWA eval:[262. 309. 328. 373.  32. 450.] | diff. eff.:0.9124825024793385
2026-03-19 22:17:22,764 - AEMSOlogs - INFO - RCWA eval:[255. 314. 330. 373.  25. 450.] | diff. eff.:0.9217155844857953
2026-03-19 22:17:22,781 - AEMSOlogs - INFO - Iteration 39: Best Y = -0.9224068032439491 at x = [0.55101806 0.68116668 0.73103863 0.81939053 0.04667436 0.99738805]
2026-03-19 22:17:22,783 - AEMSOlogs - INFO - Working on simulations...
2026-03-19 22:18:02,021 - AEMSOlogs - INFO - RCWA eval:[257. 316. 330. 372.  26. 450.] | diff. eff.:0.9175201884036434
2026-03-19 22:18:02,245 - AEMSOlogs - INFO - RCWA eval:[252. 313. 329. 371.  22. 442.] | diff. eff.:0.9175514909531964
2026-03-19 22:18:02,296 - AEMSOlogs - INFO - RCWA eval:[258. 305. 320. 364.  21. 440.] | diff. eff.:0.8398948785556886
2026-03-19 22:18:02,332 - AEMSOlogs - INFO - RCWA eval:[252. 313. 330. 383.  20. 445.] | diff. eff.:0.9113338367331022
2026-03-19 22:18:02,362 - AEMSOlogs - INFO - RCWA eval:[254. 311. 336. 367.  46. 444.] | diff. eff.:0.9120049153396771
2026-03-19 22:18:02,460 - AEMSOlogs - INFO - RCWA eval:[263. 308. 326. 369.  22. 448.] | diff. eff.:0.8969261116450983
2026-03-19 22:18:02,491 - AEMSOlogs - INFO - RCWA eval:[260. 310. 335. 373.  61. 450.] | diff. eff.:0.9150221591481188
2026-03-19 22:18:40,905 - AEMSOlogs - INFO - RCWA eval:[244. 315. 329. 376.  30. 450.] | diff. eff.:0.9078026821396916
2026-03-19 22:18:41,383 - AEMSOlogs - INFO - RCWA eval:[260. 310. 329. 374.  21. 450.] | diff. eff.:0.9195224010683997
2026-03-19 22:18:41,486 - AEMSOlogs - INFO - RCWA eval:[253. 310. 334. 376.  22. 448.] | diff. eff.:0.9203098527711417
2026-03-19 22:18:41,590 - AEMSOlogs - INFO - RCWA eval:[251. 309. 326. 380.  20. 450.] | diff. eff.:0.9049874449348755
2026-03-19 22:18:41,763 - AEMSOlogs - INFO - RCWA eval:[259. 310. 332. 375.  20. 448.] | diff. eff.:0.9218006937968561
2026-03-19 22:18:41,795 - AEMSOlogs - INFO - RCWA eval:[271. 317. 333. 383.  22. 449.] | diff. eff.:0.8970541719230096
2026-03-19 22:18:41,873 - AEMSOlogs - INFO - RCWA eval:[250. 303. 322. 364.  32. 446.] | diff. eff.:0.8298060481995525
2026-03-19 22:18:41,894 - AEMSOlogs - INFO - Iteration 40: Best Y = -0.9224068032439491 at x = [0.55101806 0.68116668 0.73103863 0.81939053 0.04667436 0.99738805]
2026-03-19 22:18:41,895 - AEMSOlogs - INFO - Working on simulations...
2026-03-19 22:19:21,082 - AEMSOlogs - INFO - RCWA eval:[266. 311. 334. 373.  21. 450.] | diff. eff.:0.9183771806960387
2026-03-19 22:19:21,121 - AEMSOlogs - INFO - RCWA eval:[254. 312. 332. 370.  21. 446.] | diff. eff.:0.9238979241868254
2026-03-19 22:19:21,341 - AEMSOlogs - INFO - RCWA eval:[254. 313. 325. 373.  27. 445.] | diff. eff.:0.9022352520695637
2026-03-19 22:19:21,452 - AEMSOlogs - INFO - RCWA eval:[248. 308. 330. 371.  20. 447.] | diff. eff.:0.9186802655999045
2026-03-19 22:19:21,474 - AEMSOlogs - INFO - RCWA eval:[246. 311. 327. 377.  27. 449.] | diff. eff.:0.9102113332498005
2026-03-19 22:19:21,513 - AEMSOlogs - INFO - RCWA eval:[250. 310. 328. 370.  31. 448.] | diff. eff.:0.9183156410209319
2026-03-19 22:19:21,535 - AEMSOlogs - INFO - RCWA eval:[251. 313. 329. 371.  27. 449.] | diff. eff.:0.9202199647811082
2026-03-19 22:20:00,017 - AEMSOlogs - INFO - RCWA eval:[261. 312. 335. 380.  31. 449.] | diff. eff.:0.9143948657643902
2026-03-19 22:20:00,092 - AEMSOlogs - INFO - RCWA eval:[258. 315. 336. 381.  25. 449.] | diff. eff.:0.9113853527397395
2026-03-19 22:20:00,457 - AEMSOlogs - INFO - RCWA eval:[255. 309. 327. 371.  36. 444.] | diff. eff.:0.9118987832072973
2026-03-19 22:20:00,659 - AEMSOlogs - INFO - RCWA eval:[259. 316. 331. 372.  20. 449.] | diff. eff.:0.9186049521941103
2026-03-19 22:20:00,758 - AEMSOlogs - INFO - RCWA eval:[260. 311. 328. 369.  27. 446.] | diff. eff.:0.9182097455575736
2026-03-19 22:20:00,764 - AEMSOlogs - INFO - RCWA eval:[257. 310. 329. 372.  20. 449.] | diff. eff.:0.9219318985140713
2026-03-19 22:20:00,865 - AEMSOlogs - INFO - RCWA eval:[259. 313. 333. 371.  45. 449.] | diff. eff.:0.9227464219776063
2026-03-19 22:20:00,885 - AEMSOlogs - INFO - Iteration 41: Best Y = -0.9238979241868254 at x = [0.54423389 0.67829887 0.72599064 0.8136639  0.00130031 0.99006434]
2026-03-19 22:20:00,886 - AEMSOlogs - INFO - Working on simulations...
2026-03-19 22:20:39,638 - AEMSOlogs - INFO - RCWA eval:[249. 308. 330. 372.  20. 440.] | diff. eff.:0.9149282301147257
2026-03-19 22:20:39,787 - AEMSOlogs - INFO - RCWA eval:[254. 306. 331. 373.  25. 445.] | diff. eff.:0.9094057828303715
2026-03-19 22:20:39,805 - AEMSOlogs - INFO - RCWA eval:[252. 312. 329. 366.  24. 448.] | diff. eff.:0.9204091878393574
2026-03-19 22:20:39,932 - AEMSOlogs - INFO - RCWA eval:[258. 314. 330. 371.  27. 448.] | diff. eff.:0.9215784106085292
2026-03-19 22:20:39,949 - AEMSOlogs - INFO - RCWA eval:[250. 317. 333. 368.  24. 444.] | diff. eff.:0.904531637890259
2026-03-19 22:20:39,983 - AEMSOlogs - INFO - RCWA eval:[258. 314. 330. 370.  23. 450.] | diff. eff.:0.9224778956537624
2026-03-19 22:20:40,021 - AEMSOlogs - INFO - RCWA eval:[251. 308. 330. 368.  21. 446.] | diff. eff.:0.918263524827365
2026-03-19 22:21:17,312 - AEMSOlogs - INFO - RCWA eval:[251. 313. 333. 374.  23. 448.] | diff. eff.:0.9213329137585945
2026-03-19 22:21:17,685 - AEMSOlogs - INFO - RCWA eval:[253. 310. 328. 365.  20. 444.] | diff. eff.:0.9153167501553849
2026-03-19 22:21:17,745 - AEMSOlogs - INFO - RCWA eval:[262. 313. 340. 373.  32. 450.] | diff. eff.:0.9115914679301522
2026-03-19 22:21:17,918 - AEMSOlogs - INFO - RCWA eval:[254. 312. 335. 374.  21. 448.] | diff. eff.:0.9214147636902573
2026-03-19 22:21:18,047 - AEMSOlogs - INFO - RCWA eval:[249. 310. 332. 369.  20. 440.] | diff. eff.:0.9180411953793705
2026-03-19 22:21:18,052 - AEMSOlogs - INFO - RCWA eval:[253. 309. 333. 370.  21. 444.] | diff. eff.:0.9201779623549661
2026-03-19 22:21:18,196 - AEMSOlogs - INFO - RCWA eval:[255. 313. 332. 371.  27. 440.] | diff. eff.:0.918448902470401
2026-03-19 22:21:18,219 - AEMSOlogs - INFO - Iteration 42: Best Y = -0.9238979241868254 at x = [0.54423389 0.67829887 0.72599064 0.8136639  0.00130031 0.99006434]
2026-03-19 22:21:18,220 - AEMSOlogs - INFO - Working on simulations...
2026-03-19 22:21:57,413 - AEMSOlogs - INFO - RCWA eval:[253. 314. 330. 368.  20. 450.] | diff. eff.:0.9208035564554171
2026-03-19 22:21:57,497 - AEMSOlogs - INFO - RCWA eval:[257. 309. 331. 375.  36. 450.] | diff. eff.:0.9192919496053789
2026-03-19 22:21:57,620 - AEMSOlogs - INFO - RCWA eval:[252. 312. 326. 367.  20. 446.] | diff. eff.:0.9075780494019815
2026-03-19 22:21:57,746 - AEMSOlogs - INFO - RCWA eval:[261. 313. 336. 376.  21. 449.] | diff. eff.:0.918914301765986
2026-03-19 22:21:57,749 - AEMSOlogs - INFO - RCWA eval:[253. 315. 332. 373.  20. 446.] | diff. eff.:0.9178884627145338
2026-03-19 22:21:57,861 - AEMSOlogs - INFO - RCWA eval:[250. 310. 331. 370.  20. 449.] | diff. eff.:0.924585675100534
2026-03-19 22:21:57,932 - AEMSOlogs - INFO - RCWA eval:[252. 314. 333. 372.  20. 449.] | diff. eff.:0.9215159244236147
2026-03-19 22:22:36,461 - AEMSOlogs - INFO - RCWA eval:[255. 313. 334. 376.  25. 448.] | diff. eff.:0.9206788946240846
2026-03-19 22:22:36,624 - AEMSOlogs - INFO - RCWA eval:[252. 313. 335. 370.  20. 449.] | diff. eff.:0.9208599195775914
2026-03-19 22:22:36,907 - AEMSOlogs - INFO - RCWA eval:[257. 312. 333. 368.  20. 447.] | diff. eff.:0.9232311627123477
2026-03-19 22:22:36,978 - AEMSOlogs - INFO - RCWA eval:[256. 310. 330. 369.  21. 450.] | diff. eff.:0.9243896071292654
2026-03-19 22:22:36,991 - AEMSOlogs - INFO - RCWA eval:[261. 314. 331. 369.  21. 450.] | diff. eff.:0.9226648458686784
2026-03-19 22:22:37,207 - AEMSOlogs - INFO - RCWA eval:[258. 313. 336. 375.  20. 445.] | diff. eff.:0.9170787885162723
2026-03-19 22:22:37,253 - AEMSOlogs - INFO - RCWA eval:[251. 311. 329. 371.  24. 445.] | diff. eff.:0.9207914268228342
2026-03-19 22:22:37,272 - AEMSOlogs - INFO - Iteration 43: Best Y = -0.924585675100534 at x = [5.34508325e-01 6.74949083e-01 7.23949355e-01 8.14857883e-01
 4.12240770e-04 9.96709764e-01]
2026-03-19 22:22:37,273 - AEMSOlogs - INFO - Working on simulations...
2026-03-19 22:23:16,446 - AEMSOlogs - INFO - RCWA eval:[254. 313. 332. 367.  20. 450.] | diff. eff.:0.9233889502797896
2026-03-19 22:23:16,572 - AEMSOlogs - INFO - RCWA eval:[251. 308. 332. 369.  21. 449.] | diff. eff.:0.9210191268054505
2026-03-19 22:23:16,728 - AEMSOlogs - INFO - RCWA eval:[257. 309. 330. 368.  24. 448.] | diff. eff.:0.921013029506676
2026-03-19 22:23:16,809 - AEMSOlogs - INFO - RCWA eval:[246. 309. 334. 367.  20. 445.] | diff. eff.:0.9153875839627075
2026-03-19 22:23:16,818 - AEMSOlogs - INFO - RCWA eval:[253. 315. 330. 369.  20. 447.] | diff. eff.:0.9172270540666071
2026-03-19 22:23:16,909 - AEMSOlogs - INFO - RCWA eval:[257. 311. 337. 374.  21. 450.] | diff. eff.:0.9195495328694894
2026-03-19 22:23:16,976 - AEMSOlogs - INFO - RCWA eval:[246. 308. 329. 369.  20. 447.] | diff. eff.:0.9151093015813834
2026-03-19 22:23:55,366 - AEMSOlogs - INFO - RCWA eval:[256. 312. 332. 371.  21. 448.] | diff. eff.:0.925319331824577
2026-03-19 22:23:55,496 - AEMSOlogs - INFO - RCWA eval:[255. 309. 330. 370.  22. 449.] | diff. eff.:0.922615056153493
2026-03-19 22:23:55,980 - AEMSOlogs - INFO - RCWA eval:[257. 314. 334. 374.  21. 450.] | diff. eff.:0.9226808832458628
2026-03-19 22:23:56,044 - AEMSOlogs - INFO - RCWA eval:[256. 313. 331. 373.  23. 449.] | diff. eff.:0.924136499775278
2026-03-19 22:23:56,044 - AEMSOlogs - INFO - RCWA eval:[255. 312. 334. 373.  21. 448.] | diff. eff.:0.9234720496059335
2026-03-19 22:23:56,286 - AEMSOlogs - INFO - RCWA eval:[253. 312. 327. 370.  22. 450.] | diff. eff.:0.9159132952296901
2026-03-19 22:23:56,305 - AEMSOlogs - INFO - RCWA eval:[250. 311. 332. 366.  21. 447.] | diff. eff.:0.921341040037425
2026-03-19 22:23:56,317 - AEMSOlogs - INFO - Iteration 44: Best Y = -0.925319331824577 at x = [0.54830009 0.68008896 0.72491398 0.81651469 0.00279198 0.99514143]
2026-03-19 22:23:56,318 - AEMSOlogs - INFO - Working on simulations...
2026-03-19 22:24:35,454 - AEMSOlogs - INFO - RCWA eval:[253. 311. 333. 373.  20. 450.] | diff. eff.:0.9252548302240869
2026-03-19 22:24:35,662 - AEMSOlogs - INFO - RCWA eval:[254. 313. 333. 371.  24. 449.] | diff. eff.:0.9240154825330767
2026-03-19 22:24:35,667 - AEMSOlogs - INFO - RCWA eval:[256. 311. 335. 371.  27. 448.] | diff. eff.:0.9222275251543103
2026-03-19 22:24:35,762 - AEMSOlogs - INFO - RCWA eval:[257. 315. 333. 374.  20. 450.] | diff. eff.:0.9214650459802873
2026-03-19 22:24:35,954 - AEMSOlogs - INFO - RCWA eval:[254. 312. 334. 367.  28. 448.] | diff. eff.:0.9210645324151966
2026-03-19 22:24:35,962 - AEMSOlogs - INFO - RCWA eval:[256. 316. 332. 366.  20. 446.] | diff. eff.:0.9123520677284953
2026-03-19 22:24:35,971 - AEMSOlogs - INFO - RCWA eval:[259. 311. 329. 371.  20. 449.] | diff. eff.:0.9222840721287029
2026-03-19 22:25:14,319 - AEMSOlogs - INFO - RCWA eval:[256. 313. 333. 373.  21. 450.] | diff. eff.:0.9248514947881867
2026-03-19 22:25:14,640 - AEMSOlogs - INFO - RCWA eval:[257. 311. 333. 373.  23. 449.] | diff. eff.:0.9247157232643486
2026-03-19 22:25:14,785 - AEMSOlogs - INFO - RCWA eval:[256. 312. 331. 375.  20. 449.] | diff. eff.:0.9240188177832448
2026-03-19 22:25:14,898 - AEMSOlogs - INFO - RCWA eval:[259. 311. 332. 372.  22. 448.] | diff. eff.:0.9244372344609736
2026-03-19 22:25:15,170 - AEMSOlogs - INFO - RCWA eval:[260. 318. 332. 377.  29. 449.] | diff. eff.:0.9109175837467646
2026-03-19 22:25:15,240 - AEMSOlogs - INFO - RCWA eval:[253. 312. 331. 369.  23. 448.] | diff. eff.:0.9244528761645349
2026-03-19 22:25:15,273 - AEMSOlogs - INFO - RCWA eval:[255. 314. 329. 368.  21. 450.] | diff. eff.:0.9198353007000565
2026-03-19 22:25:15,293 - AEMSOlogs - INFO - Iteration 45: Best Y = -0.925319331824577 at x = [0.54830009 0.68008896 0.72491398 0.81651469 0.00279198 0.99514143]
2026-03-19 22:25:15,294 - AEMSOlogs - INFO - Working on simulations...
2026-03-19 22:25:53,955 - AEMSOlogs - INFO - RCWA eval:[254. 312. 333. 374.  22. 449.] | diff. eff.:0.924187921298193
2026-03-19 22:25:53,994 - AEMSOlogs - INFO - RCWA eval:[254. 309. 332. 374.  27. 450.] | diff. eff.:0.9222185930209262
2026-03-19 22:25:54,101 - AEMSOlogs - INFO - RCWA eval:[254. 313. 331. 374.  20. 450.] | diff. eff.:0.9239130229607113
2026-03-19 22:25:54,141 - AEMSOlogs - INFO - RCWA eval:[257. 310. 331. 373.  20. 449.] | diff. eff.:0.924118295949738
2026-03-19 22:25:54,212 - AEMSOlogs - INFO - RCWA eval:[255. 309. 334. 374.  21. 450.] | diff. eff.:0.9213495358162911
2026-03-19 22:25:54,284 - AEMSOlogs - INFO - RCWA eval:[257. 312. 334. 375.  25. 450.] | diff. eff.:0.9233603831999657
2026-03-19 22:25:54,300 - AEMSOlogs - INFO - RCWA eval:[264. 311. 336. 377.  24. 450.] | diff. eff.:0.9151582358367358
2026-03-19 22:26:31,161 - AEMSOlogs - INFO - RCWA eval:[255. 312. 331. 374.  20. 450.] | diff. eff.:0.9249896884986574
2026-03-19 22:26:31,229 - AEMSOlogs - INFO - RCWA eval:[250. 310. 332. 371.  22. 449.] | diff. eff.:0.9244412135773444
2026-03-19 22:26:31,583 - AEMSOlogs - INFO - RCWA eval:[252. 313. 335. 373.  22. 450.] | diff. eff.:0.92146017495033
2026-03-19 22:26:31,604 - AEMSOlogs - INFO - RCWA eval:[257. 312. 333. 374.  20. 450.] | diff. eff.:0.9250721512677968
2026-03-19 22:26:31,743 - AEMSOlogs - INFO - RCWA eval:[256. 313. 336. 376.  22. 449.] | diff. eff.:0.9189805855977075
2026-03-19 22:26:31,910 - AEMSOlogs - INFO - RCWA eval:[257. 312. 335. 373.  21. 449.] | diff. eff.:0.9230687462648482
2026-03-19 22:26:31,933 - AEMSOlogs - INFO - RCWA eval:[248. 313. 332. 372.  21. 448.] | diff. eff.:0.9206163755072322
2026-03-19 22:26:31,943 - AEMSOlogs - INFO - Iteration 46: Best Y = -0.925319331824577 at x = [0.54830009 0.68008896 0.72491398 0.81651469 0.00279198 0.99514143]
2026-03-19 22:26:31,944 - AEMSOlogs - INFO - Working on simulations...
2026-03-19 22:27:11,150 - AEMSOlogs - INFO - RCWA eval:[255. 316. 335. 371.  20. 449.] | diff. eff.:0.9158231287216003
2026-03-19 22:27:11,231 - AEMSOlogs - INFO - RCWA eval:[254. 310. 332. 375.  20. 450.] | diff. eff.:0.923863179770682
2026-03-19 22:27:11,474 - AEMSOlogs - INFO - RCWA eval:[256. 315. 333. 373.  20. 450.] | diff. eff.:0.9215299986057741
2026-03-19 22:27:11,475 - AEMSOlogs - INFO - RCWA eval:[258. 310. 335. 375.  22. 449.] | diff. eff.:0.920159421494113
2026-03-19 22:27:11,484 - AEMSOlogs - INFO - RCWA eval:[257. 310. 333. 370.  21. 449.] | diff. eff.:0.9244648394856968
2026-03-19 22:27:11,557 - AEMSOlogs - INFO - RCWA eval:[254. 313. 333. 373.  20. 449.] | diff. eff.:0.9238940594192192
2026-03-19 22:27:11,563 - AEMSOlogs - INFO - RCWA eval:[252. 310. 333. 373.  20. 450.] | diff. eff.:0.9244494387582068
2026-03-19 22:27:50,087 - AEMSOlogs - INFO - RCWA eval:[253. 310. 336. 374.  22. 449.] | diff. eff.:0.9192512058230489
2026-03-19 22:27:50,196 - AEMSOlogs - INFO - RCWA eval:[254. 313. 333. 374.  20. 448.] | diff. eff.:0.9228878018726956
2026-03-19 22:27:50,642 - AEMSOlogs - INFO - RCWA eval:[256. 312. 334. 372.  23. 450.] | diff. eff.:0.9250028620849351
2026-03-19 22:27:50,740 - AEMSOlogs - INFO - RCWA eval:[252. 313. 335. 372.  21. 448.] | diff. eff.:0.9202555827834269
2026-03-19 22:27:50,746 - AEMSOlogs - INFO - RCWA eval:[253. 311. 333. 375.  20. 450.] | diff. eff.:0.9240508229057809
2026-03-19 22:27:50,869 - AEMSOlogs - INFO - RCWA eval:[258. 311. 332. 374.  20. 450.] | diff. eff.:0.9248386897919229
2026-03-19 22:27:50,957 - AEMSOlogs - INFO - RCWA eval:[257. 313. 332. 377.  22. 450.] | diff. eff.:0.9223501812562337
2026-03-19 22:27:50,971 - AEMSOlogs - INFO - Iteration 47: Best Y = -0.925319331824577 at x = [0.54830009 0.68008896 0.72491398 0.81651469 0.00279198 0.99514143]
2026-03-19 22:27:50,973 - AEMSOlogs - INFO - Working on simulations...
2026-03-19 22:28:30,203 - AEMSOlogs - INFO - RCWA eval:[260. 313. 332. 371.  20. 449.] | diff. eff.:0.924562998391179
2026-03-19 22:28:30,250 - AEMSOlogs - INFO - RCWA eval:[256. 310. 334. 370.  20. 450.] | diff. eff.:0.9243858818197581
2026-03-19 22:28:30,308 - AEMSOlogs - INFO - RCWA eval:[253. 312. 334. 372.  20. 450.] | diff. eff.:0.92452625135591
2026-03-19 22:28:30,491 - AEMSOlogs - INFO - RCWA eval:[251. 310. 332. 373.  23. 449.] | diff. eff.:0.9240338280887153
2026-03-19 22:28:30,541 - AEMSOlogs - INFO - RCWA eval:[257. 310. 335. 375.  25. 450.] | diff. eff.:0.9206366084931574
2026-03-19 22:28:30,585 - AEMSOlogs - INFO - RCWA eval:[256. 310. 334. 374.  20. 449.] | diff. eff.:0.922693257475957
2026-03-19 22:28:30,597 - AEMSOlogs - INFO - RCWA eval:[254. 311. 335. 373.  22. 450.] | diff. eff.:0.9231745483762713
2026-03-19 22:29:09,207 - AEMSOlogs - INFO - RCWA eval:[256. 312. 331. 375.  22. 449.] | diff. eff.:0.9238917338425099
2026-03-19 22:29:09,315 - AEMSOlogs - INFO - RCWA eval:[256. 311. 335. 379.  20. 450.] | diff. eff.:0.9180824553605549
2026-03-19 22:29:09,479 - AEMSOlogs - INFO - RCWA eval:[256. 311. 335. 373.  24. 450.] | diff. eff.:0.9232695702036904
2026-03-19 22:29:09,634 - AEMSOlogs - INFO - RCWA eval:[257. 312. 332. 370.  22. 449.] | diff. eff.:0.9257017678967152
2026-03-19 22:29:09,765 - AEMSOlogs - INFO - RCWA eval:[256. 311. 331. 369.  20. 449.] | diff. eff.:0.9256498235481918
2026-03-19 22:29:09,867 - AEMSOlogs - INFO - RCWA eval:[257. 311. 333. 372.  20. 450.] | diff. eff.:0.9257735139664054
2026-03-19 22:29:09,903 - AEMSOlogs - INFO - RCWA eval:[255. 311. 332. 370.  21. 449.] | diff. eff.:0.925944527075981
2026-03-19 22:29:09,925 - AEMSOlogs - INFO - Iteration 48: Best Y = -0.925944527075981 at x = [0.54667446 0.67649533 0.72566851 0.81468189 0.002648   0.99810475]
2026-03-19 22:29:09,927 - AEMSOlogs - INFO - Working on simulations...
2026-03-19 22:29:49,146 - AEMSOlogs - INFO - RCWA eval:[256. 309. 330. 369.  23. 450.] | diff. eff.:0.9224822444662478
2026-03-19 22:29:49,182 - AEMSOlogs - INFO - RCWA eval:[256. 311. 332. 369.  23. 449.] | diff. eff.:0.925591896001217
2026-03-19 22:29:49,311 - AEMSOlogs - INFO - RCWA eval:[256. 311. 333. 373.  21. 450.] | diff. eff.:0.9254425704377619
2026-03-19 22:29:49,327 - AEMSOlogs - INFO - RCWA eval:[254. 312. 333. 373.  24. 449.] | diff. eff.:0.924532319790683
2026-03-19 22:29:49,408 - AEMSOlogs - INFO - RCWA eval:[257. 310. 331. 364.  21. 448.] | diff. eff.:0.9186696671370751
2026-03-19 22:29:49,527 - AEMSOlogs - INFO - RCWA eval:[256. 311. 334. 372.  20. 449.] | diff. eff.:0.9245381366126252
2026-03-19 22:29:49,557 - AEMSOlogs - INFO - RCWA eval:[255. 311. 332. 371.  20. 449.] | diff. eff.:0.9259927783957447
2026-03-19 22:30:28,204 - AEMSOlogs - INFO - RCWA eval:[257. 311. 331. 368.  25. 449.] | diff. eff.:0.924862437144863
2026-03-19 22:30:28,257 - AEMSOlogs - INFO - RCWA eval:[257. 312. 332. 374.  20. 450.] | diff. eff.:0.9252729208159398
2026-03-19 22:30:28,460 - AEMSOlogs - INFO - RCWA eval:[254. 309. 331. 370.  20. 449.] | diff. eff.:0.9237265107746517
2026-03-19 22:30:28,527 - AEMSOlogs - INFO - RCWA eval:[254. 311. 329. 363.  21. 449.] | diff. eff.:0.9178892919923735
2026-03-19 22:30:28,680 - AEMSOlogs - INFO - RCWA eval:[256. 310. 332. 370.  25. 449.] | diff. eff.:0.9248720433434815
2026-03-19 22:30:28,854 - AEMSOlogs - INFO - RCWA eval:[258. 312. 333. 373.  20. 449.] | diff. eff.:0.9249490176597492
2026-03-19 22:30:28,885 - AEMSOlogs - INFO - RCWA eval:[255. 309. 331. 371.  22. 449.] | diff. eff.:0.9233876744753824
2026-03-19 22:30:28,903 - AEMSOlogs - INFO - Iteration 49: Best Y = -0.9259927783957447 at x = [5.46703925e-01 6.76165299e-01 7.25373089e-01 8.15165840e-01
 7.16175821e-05 9.97024993e-01]
2026-03-19 22:30:28,905 - AEMSOlogs - INFO - Working on simulations...
2026-03-19 22:31:07,666 - AEMSOlogs - INFO - RCWA eval:[258. 310. 332. 371.  21. 448.] | diff. eff.:0.9240633099432852
2026-03-19 22:31:07,833 - AEMSOlogs - INFO - RCWA eval:[255. 312. 331. 374.  20. 449.] | diff. eff.:0.9246092800706471
2026-03-19 22:31:07,907 - AEMSOlogs - INFO - RCWA eval:[257. 310. 331. 370.  24. 449.] | diff. eff.:0.9245763527666813
2026-03-19 22:31:07,956 - AEMSOlogs - INFO - RCWA eval:[256. 311. 332. 371.  21. 449.] | diff. eff.:0.925902495656216
2026-03-19 22:31:08,038 - AEMSOlogs - INFO - RCWA eval:[253. 311. 332. 369.  20. 448.] | diff. eff.:0.9250689851788693
2026-03-19 22:31:08,073 - AEMSOlogs - INFO - RCWA eval:[254. 312. 333. 373.  20. 449.] | diff. eff.:0.9247976750515008
2026-03-19 22:31:08,126 - AEMSOlogs - INFO - RCWA eval:[255. 312. 331. 371.  20. 449.] | diff. eff.:0.9256007330110398
2026-03-19 22:31:44,193 - AEMSOlogs - INFO - RCWA eval:[257. 310. 333. 374.  20. 450.] | diff. eff.:0.9237819895832613
2026-03-19 22:31:44,608 - AEMSOlogs - INFO - RCWA eval:[257. 312. 333. 370.  20. 449.] | diff. eff.:0.9254353841809112
2026-03-19 22:31:44,715 - AEMSOlogs - INFO - RCWA eval:[257. 311. 332. 372.  20. 449.] | diff. eff.:0.9256203070838113
2026-03-19 22:31:44,829 - AEMSOlogs - INFO - RCWA eval:[256. 311. 332. 369.  23. 449.] | diff. eff.:0.925591896001217
2026-03-19 22:31:45,034 - AEMSOlogs - INFO - RCWA eval:[254. 313. 330. 371.  21. 448.] | diff. eff.:0.9229775344972398
2026-03-19 22:31:45,086 - AEMSOlogs - INFO - RCWA eval:[253. 311. 331. 374.  20. 449.] | diff. eff.:0.9245774922076828
2026-03-19 22:31:45,218 - AEMSOlogs - INFO - RCWA eval:[256. 311. 332. 373.  20. 449.] | diff. eff.:0.9253928511837299
2026-03-19 22:31:45,237 - AEMSOlogs - INFO - Iteration 50: Best Y = -0.9259927783957447 at x = [5.46703925e-01 6.76165299e-01 7.25373089e-01 8.15165840e-01
 7.16175821e-05 9.97024993e-01]
2026-03-19 22:31:45,238 - AEMSOlogs - INFO - Working on simulations...
2026-03-19 22:32:24,438 - AEMSOlogs - INFO - RCWA eval:[254. 311. 332. 372.  20. 449.] | diff. eff.:0.9257341105249719
2026-03-19 22:32:24,487 - AEMSOlogs - INFO - RCWA eval:[256. 312. 332. 370.  20. 449.] | diff. eff.:0.9258310805273032
2026-03-19 22:32:24,642 - AEMSOlogs - INFO - RCWA eval:[255. 312. 333. 372.  20. 449.] | diff. eff.:0.9252966380258525
2026-03-19 22:32:24,646 - AEMSOlogs - INFO - RCWA eval:[256. 311. 332. 371.  20. 449.] | diff. eff.:0.9259576509756371
2026-03-19 22:32:24,817 - AEMSOlogs - INFO - RCWA eval:[255. 310. 332. 369.  22. 449.] | diff. eff.:0.9250292792555251
2026-03-19 22:32:24,888 - AEMSOlogs - INFO - RCWA eval:[256. 311. 333. 370.  22. 450.] | diff. eff.:0.9259554358340825
2026-03-19 22:32:24,907 - AEMSOlogs - INFO - RCWA eval:[255. 311. 332. 372.  21. 449.] | diff. eff.:0.9257375132856316
2026-03-19 22:33:03,402 - AEMSOlogs - INFO - RCWA eval:[257. 311. 331. 368.  21. 448.] | diff. eff.:0.92459221914267
2026-03-19 22:33:03,567 - AEMSOlogs - INFO - RCWA eval:[255. 311. 333. 371.  21. 449.] | diff. eff.:0.9255088043152253
2026-03-19 22:33:03,796 - AEMSOlogs - INFO - RCWA eval:[255. 312. 332. 372.  20. 448.] | diff. eff.:0.9251558992284759
2026-03-19 22:33:03,862 - AEMSOlogs - INFO - RCWA eval:[256. 313. 332. 371.  20. 449.] | diff. eff.:0.9249895431534748
2026-03-19 22:33:04,104 - AEMSOlogs - INFO - RCWA eval:[257. 310. 332. 371.  20. 450.] | diff. eff.:0.9253278931313854
2026-03-19 22:33:04,136 - AEMSOlogs - INFO - RCWA eval:[255. 311. 333. 372.  21. 448.] | diff. eff.:0.9247987627926385
2026-03-19 22:33:04,196 - AEMSOlogs - INFO - RCWA eval:[256. 311. 333. 370.  21. 448.] | diff. eff.:0.9249119960622431
2026-03-19 22:33:04,214 - AEMSOlogs - INFO - Iteration 51: Best Y = -0.9259927783957447 at x = [5.46703925e-01 6.76165299e-01 7.25373089e-01 8.15165840e-01
 7.16175821e-05 9.97024993e-01]
2026-03-19 22:33:04,215 - AEMSOlogs - INFO - 
=========
Best obj. function= -0.9259927783957447, geometry= [[255. 311. 332. 371.  20. 449.]]
 =========
2026-03-19 22:33:04,215 - AEMSOlogs - INFO - Finished!




Job ID: 3983547
Cluster: cluster_dei
User/Group: vergerioed/dottor
State: COMPLETED (exit code 0)
Nodes: 1
Cores per node: 8
CPU Utilized: 07:43:36
CPU Efficiency: 86.60% of 08:55:20 core-walltime
Job Wall-clock time: 01:06:55
Memory Utilized: 7.11 GB
Memory Efficiency: 44.44% of 16.00 GB (16.00 GB/node)
