2026-03-19 16:47:08,687 - AEMSOlogs - INFO - Working on simulations...
2026-03-19 16:47:45,680 - AEMSOlogs - INFO - RCWA eval:[278. 277. 399. 233. 268.  60.] | diff. eff.:0.10423911501114892
2026-03-19 16:47:45,711 - AEMSOlogs - INFO - RCWA eval:[318. 193. 146. 268. 140. 257.] | diff. eff.:0.29315043871088053
2026-03-19 16:47:45,824 - AEMSOlogs - INFO - RCWA eval:[306. 219. 180. 184. 253. 201.] | diff. eff.:0.24286866729822895
2026-03-19 16:48:20,373 - AEMSOlogs - INFO - RCWA eval:[241. 325. 264. 120. 170. 206.] | diff. eff.:0.040003540669915
2026-03-19 16:48:20,583 - AEMSOlogs - INFO - RCWA eval:[217. 167.  70. 247. 251. 260.] | diff. eff.:0.09125495356935841
2026-03-19 16:48:20,659 - AEMSOlogs - INFO - RCWA eval:[159. 289. 243. 188. 239. 208.] | diff. eff.:0.04358375376817094
2026-03-19 16:48:55,015 - AEMSOlogs - INFO - RCWA eval:[224. 162. 365. 337. 243. 319.] | diff. eff.:0.05350833608450715
2026-03-19 16:48:55,393 - AEMSOlogs - INFO - RCWA eval:[193. 384. 284. 282. 221. 216.] | diff. eff.:0.030760471332484968
2026-03-19 16:48:55,486 - AEMSOlogs - INFO - RCWA eval:[168. 306.  22. 155. 161. 301.] | diff. eff.:0.26333106805610507
2026-03-19 16:49:29,604 - AEMSOlogs - INFO - RCWA eval:[176.  91. 235. 144. 407. 153.] | diff. eff.:0.03185097598254588
2026-03-19 16:49:30,135 - AEMSOlogs - INFO - RCWA eval:[286.  99. 199. 324. 196. 271.] | diff. eff.:0.03290305430128197
2026-03-19 16:49:30,382 - AEMSOlogs - INFO - RCWA eval:[239. 234. 113. 223. 208.  71.] | diff. eff.:0.006345891022398523
2026-03-19 16:50:03,938 - AEMSOlogs - INFO - RCWA eval:[342. 156. 111. 256. 349.  20.] | diff. eff.:0.2294622660839369
2026-03-19 16:50:38,172 - AEMSOlogs - INFO - RCWA eval:[428. 350. 207. 250. 326. 152.] | diff. eff.:0.16936827713473454
2026-03-19 16:50:38,215 - AEMSOlogs - INFO - Iteration 1: Best Y = -0.29315043871088053 at x = [0.69259107 0.40331443 0.29284438 0.57659799 0.27905152 0.55187261]
2026-03-19 16:50:38,217 - AEMSOlogs - INFO - Working on simulations...
2026-03-19 16:51:13,145 - AEMSOlogs - INFO - RCWA eval:[334. 379. 333. 275. 136. 247.] | diff. eff.:0.06969216492797731
2026-03-19 16:51:13,227 - AEMSOlogs - INFO - RCWA eval:[450. 129. 298. 165. 348. 123.] | diff. eff.:0.6009308413954858
2026-03-19 16:51:13,260 - AEMSOlogs - INFO - RCWA eval:[301. 273. 123. 218. 143. 315.] | diff. eff.:0.16323405613227307
2026-03-19 16:51:48,173 - AEMSOlogs - INFO - RCWA eval:[274. 228. 201. 192. 247. 279.] | diff. eff.:0.11209319795237797
2026-03-19 16:51:48,254 - AEMSOlogs - INFO - RCWA eval:[411. 214. 146. 249. 350. 321.] | diff. eff.:0.4455779934622848
2026-03-19 16:51:48,300 - AEMSOlogs - INFO - RCWA eval:[281. 219. 314. 221. 179.  92.] | diff. eff.:0.3915445882394009
2026-03-19 16:52:23,251 - AEMSOlogs - INFO - RCWA eval:[254. 209. 109. 254. 273. 337.] | diff. eff.:0.2061320513663704
2026-03-19 16:52:23,368 - AEMSOlogs - INFO - RCWA eval:[233. 214. 167. 171. 206. 226.] | diff. eff.:0.02437011168370619
2026-03-19 16:52:23,383 - AEMSOlogs - INFO - RCWA eval:[132.  85.  83. 221.  33. 194.] | diff. eff.:0.006371717881049858
2026-03-19 16:52:58,338 - AEMSOlogs - INFO - RCWA eval:[119. 155.  70. 194. 220. 301.] | diff. eff.:0.31008627779199593
2026-03-19 16:52:58,379 - AEMSOlogs - INFO - RCWA eval:[365.  92. 171. 325.  20.  55.] | diff. eff.:0.21221507478886914
2026-03-19 16:52:58,641 - AEMSOlogs - INFO - RCWA eval:[157. 306.  31. 159. 184. 165.] | diff. eff.:0.23760813186855448
2026-03-19 16:53:36,675 - AEMSOlogs - INFO - RCWA eval:[288. 169. 178. 269. 342. 275.] | diff. eff.:0.08128811746262891
2026-03-19 16:54:16,677 - AEMSOlogs - INFO - RCWA eval:[210. 100.  67. 223. 192. 188.] | diff. eff.:0.007853033292798777
2026-03-19 16:54:16,696 - AEMSOlogs - INFO - Iteration 2: Best Y = -0.6009308413954858 at x = [0.99957752 0.25263419 0.64600168 0.33663024 0.76238138 0.23915892]
2026-03-19 16:54:16,697 - AEMSOlogs - INFO - Working on simulations...
2026-03-19 16:54:54,939 - AEMSOlogs - INFO - RCWA eval:[280. 169. 216. 243. 309. 182.] | diff. eff.:0.07502352901345137
2026-03-19 16:54:55,007 - AEMSOlogs - INFO - RCWA eval:[223. 328. 152. 289. 220. 138.] | diff. eff.:0.01822027154934663
2026-03-19 16:54:55,154 - AEMSOlogs - INFO - RCWA eval:[341. 335.  82. 287. 176. 249.] | diff. eff.:0.201597536298009
2026-03-19 16:55:33,710 - AEMSOlogs - INFO - RCWA eval:[391. 233. 214. 347. 157.  32.] | diff. eff.:0.1506250714224524
2026-03-19 16:55:33,815 - AEMSOlogs - INFO - RCWA eval:[253. 272. 163. 396. 264. 141.] | diff. eff.:0.08233615654324132
2026-03-19 16:55:33,921 - AEMSOlogs - INFO - RCWA eval:[199. 239. 298. 194. 249.  28.] | diff. eff.:0.09092307819866322
2026-03-19 16:56:13,758 - AEMSOlogs - INFO - RCWA eval:[317. 202.  78. 322. 214. 359.] | diff. eff.:0.2745795093207096
2026-03-19 16:56:13,927 - AEMSOlogs - INFO - RCWA eval:[406. 216. 210. 212. 355. 281.] | diff. eff.:0.30395628486536735
2026-03-19 16:56:14,074 - AEMSOlogs - INFO - RCWA eval:[286. 122. 257. 288. 304. 342.] | diff. eff.:0.41538541838528553
2026-03-19 16:56:53,942 - AEMSOlogs - INFO - RCWA eval:[448.  39.  98.  43. 204. 266.] | diff. eff.:0.029876990995925397
2026-03-19 16:56:54,011 - AEMSOlogs - INFO - RCWA eval:[352.  98. 217. 253. 259. 333.] | diff. eff.:0.6559164078992017
2026-03-19 16:56:54,267 - AEMSOlogs - INFO - RCWA eval:[353.  78. 183.  47. 310.  90.] | diff. eff.:0.4322618409359439
2026-03-19 16:57:33,830 - AEMSOlogs - INFO - RCWA eval:[391. 175. 143.  66. 202. 255.] | diff. eff.:0.05549496368693466
2026-03-19 16:58:14,625 - AEMSOlogs - INFO - RCWA eval:[306. 144. 341. 353. 293. 115.] | diff. eff.:0.167948239699264
2026-03-19 16:58:14,636 - AEMSOlogs - INFO - Iteration 3: Best Y = -0.6559164078992017 at x = [0.77234963 0.18198758 0.4574573  0.54200051 0.55696224 0.72763215]
2026-03-19 16:58:14,637 - AEMSOlogs - INFO - Working on simulations...
2026-03-19 16:58:54,969 - AEMSOlogs - INFO - RCWA eval:[332.  56. 334. 183. 277. 219.] | diff. eff.:0.2960360489271447
2026-03-19 16:58:54,970 - AEMSOlogs - INFO - RCWA eval:[386. 286. 156. 203. 231. 298.] | diff. eff.:0.07643301008019956
2026-03-19 16:58:54,990 - AEMSOlogs - INFO - RCWA eval:[293.  30. 196. 187. 445. 250.] | diff. eff.:0.183892326624166
2026-03-19 16:59:35,075 - AEMSOlogs - INFO - RCWA eval:[281.  46. 250. 324. 444. 243.] | diff. eff.:0.07127227981597295
2026-03-19 16:59:35,083 - AEMSOlogs - INFO - RCWA eval:[221. 264. 239. 241. 224. 285.] | diff. eff.:0.012957773455008804
2026-03-19 16:59:35,231 - AEMSOlogs - INFO - RCWA eval:[444. 107. 170. 211. 354. 205.] | diff. eff.:0.0837928796180156
2026-03-19 17:00:15,354 - AEMSOlogs - INFO - RCWA eval:[450.  39. 353. 346. 214. 145.] | diff. eff.:0.2556556868892595
2026-03-19 17:00:15,482 - AEMSOlogs - INFO - RCWA eval:[412.  68. 145. 263. 437. 198.] | diff. eff.:0.03557826125792262
2026-03-19 17:00:15,732 - AEMSOlogs - INFO - RCWA eval:[369. 155. 279. 222. 190. 311.] | diff. eff.:0.12355955675552821
2026-03-19 17:00:55,326 - AEMSOlogs - INFO - RCWA eval:[123. 100. 149. 189. 310. 126.] | diff. eff.:0.334789629613596
2026-03-19 17:00:55,369 - AEMSOlogs - INFO - RCWA eval:[411. 186.  65. 230. 359. 282.] | diff. eff.:0.05798838248314641
2026-03-19 17:00:55,740 - AEMSOlogs - INFO - RCWA eval:[404. 165. 164. 231. 277. 289.] | diff. eff.:0.3368594695643624
2026-03-19 17:01:32,967 - AEMSOlogs - INFO - RCWA eval:[382. 148. 406. 199. 284.  62.] | diff. eff.:0.2474861298952471
2026-03-19 17:02:12,650 - AEMSOlogs - INFO - RCWA eval:[319. 195. 216.  85. 437. 272.] | diff. eff.:0.27439936900416356
2026-03-19 17:02:12,662 - AEMSOlogs - INFO - Iteration 4: Best Y = -0.6559164078992017 at x = [0.77234963 0.18198758 0.4574573  0.54200051 0.55696224 0.72763215]
2026-03-19 17:02:12,664 - AEMSOlogs - INFO - Working on simulations...
2026-03-19 17:02:50,756 - AEMSOlogs - INFO - RCWA eval:[331. 145. 129. 291. 316. 304.] | diff. eff.:0.5347292165011233
2026-03-19 17:02:50,758 - AEMSOlogs - INFO - RCWA eval:[388.  96. 291. 254. 275.  58.] | diff. eff.:0.06602483509369128
2026-03-19 17:02:50,851 - AEMSOlogs - INFO - RCWA eval:[124. 109. 157. 187. 128. 247.] | diff. eff.:0.04764121382527479
2026-03-19 17:03:30,290 - AEMSOlogs - INFO - RCWA eval:[363. 156. 415. 209. 311. 206.] | diff. eff.:0.5501280147529628
2026-03-19 17:03:30,363 - AEMSOlogs - INFO - RCWA eval:[325.  40. 223. 241. 339.  78.] | diff. eff.:0.21064689840916617
2026-03-19 17:03:30,473 - AEMSOlogs - INFO - RCWA eval:[230. 231. 177. 158. 378. 273.] | diff. eff.:0.025838106739652558
2026-03-19 17:04:10,309 - AEMSOlogs - INFO - RCWA eval:[338. 189. 241. 314. 202. 302.] | diff. eff.:0.10140512482440651
2026-03-19 17:04:10,488 - AEMSOlogs - INFO - RCWA eval:[144.  21. 229. 288. 358. 357.] | diff. eff.:0.4726122422255378
2026-03-19 17:04:10,624 - AEMSOlogs - INFO - RCWA eval:[405.  90. 205. 263. 230. 201.] | diff. eff.:0.1712721283938646
2026-03-19 17:04:50,465 - AEMSOlogs - INFO - RCWA eval:[343.  86. 214. 274. 285. 308.] | diff. eff.:0.7032316974705768
2026-03-19 17:04:50,575 - AEMSOlogs - INFO - RCWA eval:[269.  46. 271. 263. 380. 295.] | diff. eff.:0.02601232075187517
2026-03-19 17:04:50,777 - AEMSOlogs - INFO - RCWA eval:[317. 205. 342. 206. 233. 128.] | diff. eff.:0.32392606567374355
2026-03-19 17:05:26,206 - AEMSOlogs - INFO - RCWA eval:[406.  22. 350. 232. 275. 329.] | diff. eff.:0.23693560911226363
2026-03-19 17:06:01,176 - AEMSOlogs - INFO - RCWA eval:[322. 210.  71. 277. 208. 421.] | diff. eff.:0.1846928408830774
2026-03-19 17:06:01,186 - AEMSOlogs - INFO - Iteration 5: Best Y = -0.7032316974705768 at x = [0.75094857 0.15379343 0.45011176 0.59114974 0.6169805  0.67072323]
2026-03-19 17:06:01,187 - AEMSOlogs - INFO - Working on simulations...
2026-03-19 17:06:41,194 - AEMSOlogs - INFO - RCWA eval:[360. 212. 294. 333. 365. 265.] | diff. eff.:0.26681401660139653
2026-03-19 17:06:41,445 - AEMSOlogs - INFO - RCWA eval:[336. 191. 216. 118. 413. 286.] | diff. eff.:0.29489627098022686
2026-03-19 17:06:41,460 - AEMSOlogs - INFO - RCWA eval:[292.  78. 252. 268. 262. 449.] | diff. eff.:0.03278289608481852
2026-03-19 17:07:21,403 - AEMSOlogs - INFO - RCWA eval:[338.  34. 309. 279. 263. 241.] | diff. eff.:0.10136525851101585
2026-03-19 17:07:21,693 - AEMSOlogs - INFO - RCWA eval:[319. 188. 324. 285. 329. 227.] | diff. eff.:0.0006184222898550614
2026-03-19 17:07:21,751 - AEMSOlogs - INFO - RCWA eval:[238. 111. 200. 151. 156. 116.] | diff. eff.:0.007244020244345368
2026-03-19 17:08:01,486 - AEMSOlogs - INFO - RCWA eval:[285. 253. 271. 252. 243. 350.] | diff. eff.:0.138447133730719
2026-03-19 17:08:01,848 - AEMSOlogs - INFO - RCWA eval:[359.  67. 318. 326. 228. 353.] | diff. eff.:0.1845049448499554
2026-03-19 17:08:01,933 - AEMSOlogs - INFO - RCWA eval:[347.  70. 427. 284. 264. 120.] | diff. eff.:0.268211168771052
2026-03-19 17:08:38,830 - AEMSOlogs - INFO - RCWA eval:[257. 210. 300. 287. 334. 360.] | diff. eff.:0.6532682207048324
2026-03-19 17:08:39,386 - AEMSOlogs - INFO - RCWA eval:[406. 157. 272. 113. 356. 269.] | diff. eff.:0.23145308934022585
2026-03-19 17:08:39,417 - AEMSOlogs - INFO - RCWA eval:[412. 104. 204. 242. 144. 323.] | diff. eff.:0.27523807049315036
2026-03-19 17:09:13,554 - AEMSOlogs - INFO - RCWA eval:[423.  92. 253. 161. 267. 286.] | diff. eff.:0.19103839549146265
2026-03-19 17:09:50,516 - AEMSOlogs - INFO - RCWA eval:[383. 145. 287. 265. 412. 248.] | diff. eff.:0.10283647761011117
2026-03-19 17:09:50,536 - AEMSOlogs - INFO - Iteration 6: Best Y = -0.7032316974705768 at x = [0.75094857 0.15379343 0.45011176 0.59114974 0.6169805  0.67072323]
2026-03-19 17:09:50,537 - AEMSOlogs - INFO - Working on simulations...
2026-03-19 17:10:25,838 - AEMSOlogs - INFO - RCWA eval:[414. 253. 444. 170. 335. 131.] | diff. eff.:0.2918509386345469
2026-03-19 17:10:25,883 - AEMSOlogs - INFO - RCWA eval:[343. 177. 375. 261. 285. 281.] | diff. eff.:0.6481451681001337
2026-03-19 17:10:25,888 - AEMSOlogs - INFO - RCWA eval:[313. 195. 415. 221. 309. 403.] | diff. eff.:0.15646014423567364
2026-03-19 17:11:00,897 - AEMSOlogs - INFO - RCWA eval:[357. 199. 357. 257. 259. 322.] | diff. eff.:0.40121920997413013
2026-03-19 17:11:01,014 - AEMSOlogs - INFO - RCWA eval:[439. 201. 301. 218. 366. 285.] | diff. eff.:0.39822388801972847
2026-03-19 17:11:01,086 - AEMSOlogs - INFO - RCWA eval:[312. 184. 327. 231. 300. 412.] | diff. eff.:0.1213035249662434
2026-03-19 17:11:36,057 - AEMSOlogs - INFO - RCWA eval:[344. 149. 154. 272. 369. 343.] | diff. eff.:0.34350196541688394
2026-03-19 17:11:36,318 - AEMSOlogs - INFO - RCWA eval:[298. 221. 148. 300. 318. 165.] | diff. eff.:0.08393883068597952
2026-03-19 17:11:36,396 - AEMSOlogs - INFO - RCWA eval:[182. 134. 381. 288. 280. 248.] | diff. eff.:0.06949372725787532
2026-03-19 17:12:11,062 - AEMSOlogs - INFO - RCWA eval:[441. 157. 351. 301. 343. 319.] | diff. eff.:0.45366837880136845
2026-03-19 17:12:11,329 - AEMSOlogs - INFO - RCWA eval:[394. 257. 331.  97. 355. 223.] | diff. eff.:0.2876695038888258
2026-03-19 17:12:11,527 - AEMSOlogs - INFO - RCWA eval:[291. 210. 151. 162. 344. 450.] | diff. eff.:0.007348026410330596
2026-03-19 17:12:46,076 - AEMSOlogs - INFO - RCWA eval:[218. 139. 217. 313. 298. 301.] | diff. eff.:0.26145180136497115
2026-03-19 17:13:21,419 - AEMSOlogs - INFO - RCWA eval:[208.  77.  56. 198. 282. 121.] | diff. eff.:0.09676724942489667
2026-03-19 17:13:21,429 - AEMSOlogs - INFO - Iteration 7: Best Y = -0.7032316974705768 at x = [0.75094857 0.15379343 0.45011176 0.59114974 0.6169805  0.67072323]
2026-03-19 17:13:21,430 - AEMSOlogs - INFO - Working on simulations...
2026-03-19 17:13:57,684 - AEMSOlogs - INFO - RCWA eval:[428. 194. 362. 230. 322. 271.] | diff. eff.:0.05421630610546236
2026-03-19 17:13:57,700 - AEMSOlogs - INFO - RCWA eval:[435. 274. 211. 279. 247. 392.] | diff. eff.:0.1611638976796748
2026-03-19 17:13:57,846 - AEMSOlogs - INFO - RCWA eval:[433. 175. 248. 124. 307.  82.] | diff. eff.:0.24501775485811567
2026-03-19 17:14:33,327 - AEMSOlogs - INFO - RCWA eval:[303.  23. 360. 260. 404. 311.] | diff. eff.:0.3368094514443942
2026-03-19 17:14:33,426 - AEMSOlogs - INFO - RCWA eval:[262. 147. 322. 444. 197. 380.] | diff. eff.:0.2697801690093242
2026-03-19 17:14:33,477 - AEMSOlogs - INFO - RCWA eval:[389. 194. 398. 393. 339. 448.] | diff. eff.:0.15342979009238433
2026-03-19 17:15:08,639 - AEMSOlogs - INFO - RCWA eval:[400. 181. 403.  95. 216. 251.] | diff. eff.:0.033199647789296495
2026-03-19 17:15:08,817 - AEMSOlogs - INFO - RCWA eval:[327. 156. 364. 279. 309. 301.] | diff. eff.:0.3617860763954168
2026-03-19 17:15:08,909 - AEMSOlogs - INFO - RCWA eval:[306. 207. 380. 379. 395. 417.] | diff. eff.:0.29493386279585976
2026-03-19 17:15:43,984 - AEMSOlogs - INFO - RCWA eval:[394. 185. 368. 326. 215. 361.] | diff. eff.:0.1286489323768633
2026-03-19 17:15:44,167 - AEMSOlogs - INFO - RCWA eval:[450. 260. 442. 304. 259. 389.] | diff. eff.:0.126309936084646
2026-03-19 17:15:44,317 - AEMSOlogs - INFO - RCWA eval:[370. 199. 324. 211. 316. 367.] | diff. eff.:0.28694314549794886
2026-03-19 17:16:18,875 - AEMSOlogs - INFO - RCWA eval:[450.  74. 353. 284. 344. 278.] | diff. eff.:0.0006528528727688262
2026-03-19 17:16:53,489 - AEMSOlogs - INFO - RCWA eval:[369. 206. 389. 273. 317. 301.] | diff. eff.:0.5301986443851492
2026-03-19 17:16:53,507 - AEMSOlogs - INFO - Iteration 8: Best Y = -0.7032316974705768 at x = [0.75094857 0.15379343 0.45011176 0.59114974 0.6169805  0.67072323]
2026-03-19 17:16:53,508 - AEMSOlogs - INFO - Working on simulations...
2026-03-19 17:17:28,611 - AEMSOlogs - INFO - RCWA eval:[226. 203. 263. 336. 335. 318.] | diff. eff.:0.3470866354827671
2026-03-19 17:17:28,727 - AEMSOlogs - INFO - RCWA eval:[364. 173. 447. 228. 427. 347.] | diff. eff.:0.2760817549567783
2026-03-19 17:17:28,942 - AEMSOlogs - INFO - RCWA eval:[358. 122. 338. 133. 410. 271.] | diff. eff.:0.1430439706011094
2026-03-19 17:18:03,884 - AEMSOlogs - INFO - RCWA eval:[374. 112. 380. 331. 276. 426.] | diff. eff.:0.008094104352619948
2026-03-19 17:18:04,177 - AEMSOlogs - INFO - RCWA eval:[366. 139. 399. 341. 416. 318.] | diff. eff.:0.028353640516501424
2026-03-19 17:18:04,318 - AEMSOlogs - INFO - RCWA eval:[265. 139. 358. 291. 211. 313.] | diff. eff.:0.056631650289253044
2026-03-19 17:18:39,118 - AEMSOlogs - INFO - RCWA eval:[410. 144. 443. 390. 349. 411.] | diff. eff.:0.1585374046235353
2026-03-19 17:18:39,420 - AEMSOlogs - INFO - RCWA eval:[297. 215. 363. 434. 368. 369.] | diff. eff.:0.011960142972979333
2026-03-19 17:18:39,584 - AEMSOlogs - INFO - RCWA eval:[332.  97. 404. 396. 271. 326.] | diff. eff.:0.3862497712481885
2026-03-19 17:19:14,412 - AEMSOlogs - INFO - RCWA eval:[346. 278. 281. 186. 358. 268.] | diff. eff.:0.0683609342498267
2026-03-19 17:19:14,779 - AEMSOlogs - INFO - RCWA eval:[299.  98. 304. 195. 386. 369.] | diff. eff.:0.2547292441297522
2026-03-19 17:19:14,935 - AEMSOlogs - INFO - RCWA eval:[258. 232. 261. 315. 251. 373.] | diff. eff.:0.56454203714747
2026-03-19 17:19:49,274 - AEMSOlogs - INFO - RCWA eval:[241. 176. 366. 213. 352. 300.] | diff. eff.:0.020972126480149428
2026-03-19 17:20:24,113 - AEMSOlogs - INFO - RCWA eval:[293.  87. 437. 202. 445. 334.] | diff. eff.:0.09427946137906856
2026-03-19 17:20:24,132 - AEMSOlogs - INFO - Iteration 9: Best Y = -0.7032316974705768 at x = [0.75094857 0.15379343 0.45011176 0.59114974 0.6169805  0.67072323]
2026-03-19 17:20:24,133 - AEMSOlogs - INFO - Working on simulations...
2026-03-19 17:21:01,376 - AEMSOlogs - INFO - RCWA eval:[306. 161. 384. 365. 321. 412.] | diff. eff.:0.09668069250648773
2026-03-19 17:21:01,436 - AEMSOlogs - INFO - RCWA eval:[280. 148. 448. 253. 374. 277.] | diff. eff.:0.01613425495725871
2026-03-19 17:21:01,444 - AEMSOlogs - INFO - RCWA eval:[337. 149. 303. 403. 299. 287.] | diff. eff.:0.08164695978218627
2026-03-19 17:21:38,634 - AEMSOlogs - INFO - RCWA eval:[396. 212. 446. 288. 267. 299.] | diff. eff.:0.30038916823286554
2026-03-19 17:21:38,782 - AEMSOlogs - INFO - RCWA eval:[143. 261. 446. 355. 303. 305.] | diff. eff.:0.05531302642980258
2026-03-19 17:21:38,866 - AEMSOlogs - INFO - RCWA eval:[166. 191. 283. 353. 233. 393.] | diff. eff.:0.30927228046672495
2026-03-19 17:22:14,154 - AEMSOlogs - INFO - RCWA eval:[258. 301. 448. 351. 367. 374.] | diff. eff.:0.34868535438640347
2026-03-19 17:22:14,283 - AEMSOlogs - INFO - RCWA eval:[317. 240. 448. 417. 335. 446.] | diff. eff.:0.01971415661482204
2026-03-19 17:22:14,542 - AEMSOlogs - INFO - RCWA eval:[137. 189. 408. 174. 297. 299.] | diff. eff.:0.2636826361375565
2026-03-19 17:22:49,352 - AEMSOlogs - INFO - RCWA eval:[161. 206. 295. 299. 341. 403.] | diff. eff.:0.8066433072377358
2026-03-19 17:22:49,579 - AEMSOlogs - INFO - RCWA eval:[185.  71. 421. 413. 222. 238.] | diff. eff.:0.019198355275378474
2026-03-19 17:22:49,787 - AEMSOlogs - INFO - RCWA eval:[368. 107. 350. 224. 373. 285.] | diff. eff.:0.025296722594191162
2026-03-19 17:23:24,142 - AEMSOlogs - INFO - RCWA eval:[350. 183. 345. 311. 322. 286.] | diff. eff.:0.07391638465063187
2026-03-19 17:23:59,258 - AEMSOlogs - INFO - RCWA eval:[280. 325.  22. 285. 231. 299.] | diff. eff.:0.1305337178527901
2026-03-19 17:23:59,276 - AEMSOlogs - INFO - Iteration 10: Best Y = -0.8066433072377358 at x = [0.32882041 0.43257745 0.64055752 0.64927978 0.74708147 0.890589  ]
2026-03-19 17:23:59,277 - AEMSOlogs - INFO - Working on simulations...
2026-03-19 17:24:34,551 - AEMSOlogs - INFO - RCWA eval:[130. 150. 330. 316. 331. 424.] | diff. eff.:0.502049863858484
2026-03-19 17:24:34,640 - AEMSOlogs - INFO - RCWA eval:[226.  98. 400. 383. 353. 450.] | diff. eff.:0.09105665772699291
2026-03-19 17:24:34,765 - AEMSOlogs - INFO - RCWA eval:[ 22. 313. 327. 371. 361. 380.] | diff. eff.:0.3618256088790624
2026-03-19 17:25:10,025 - AEMSOlogs - INFO - RCWA eval:[217. 127. 378. 389. 392. 414.] | diff. eff.:0.036741351823391465
2026-03-19 17:25:10,056 - AEMSOlogs - INFO - RCWA eval:[148. 336. 439. 398. 359. 244.] | diff. eff.:0.011170999941802881
2026-03-19 17:25:10,329 - AEMSOlogs - INFO - RCWA eval:[155. 254. 178. 138. 207. 341.] | diff. eff.:0.0784697190843027
2026-03-19 17:25:45,466 - AEMSOlogs - INFO - RCWA eval:[342. 232. 265. 290. 396. 243.] | diff. eff.:0.13021770531655055
2026-03-19 17:25:45,527 - AEMSOlogs - INFO - RCWA eval:[268. 157. 348. 245. 391. 330.] | diff. eff.:0.05740508913598416
2026-03-19 17:25:45,760 - AEMSOlogs - INFO - RCWA eval:[234. 197. 387. 248. 344. 374.] | diff. eff.:0.16723244111417815
2026-03-19 17:26:20,835 - AEMSOlogs - INFO - RCWA eval:[148. 263. 218. 250. 332. 396.] | diff. eff.:0.40701395992795786
2026-03-19 17:26:20,854 - AEMSOlogs - INFO - RCWA eval:[304. 156. 442. 378. 372. 446.] | diff. eff.:0.09789571892976892
2026-03-19 17:26:21,090 - AEMSOlogs - INFO - RCWA eval:[276. 243. 354. 427. 349. 388.] | diff. eff.:0.07560390654318279
2026-03-19 17:26:55,771 - AEMSOlogs - INFO - RCWA eval:[151. 269. 358. 432. 204. 344.] | diff. eff.:0.0209059433620641
2026-03-19 17:27:30,606 - AEMSOlogs - INFO - RCWA eval:[124. 393. 305. 214. 349. 314.] | diff. eff.:0.18076926693956352
2026-03-19 17:27:30,616 - AEMSOlogs - INFO - Iteration 11: Best Y = -0.8066433072377358 at x = [0.32882041 0.43257745 0.64055752 0.64927978 0.74708147 0.890589  ]
2026-03-19 17:27:30,617 - AEMSOlogs - INFO - Working on simulations...
2026-03-19 17:28:05,938 - AEMSOlogs - INFO - RCWA eval:[264. 287. 196. 273. 285. 427.] | diff. eff.:0.02039180925372255
2026-03-19 17:28:06,098 - AEMSOlogs - INFO - RCWA eval:[184. 334. 438. 208. 351. 426.] | diff. eff.:0.01802105629122101
2026-03-19 17:28:06,167 - AEMSOlogs - INFO - RCWA eval:[129. 354. 220. 166. 263. 414.] | diff. eff.:0.11887976588509121
2026-03-19 17:28:41,311 - AEMSOlogs - INFO - RCWA eval:[107. 236. 240. 197. 449. 448.] | diff. eff.:0.06432040100475
2026-03-19 17:28:41,464 - AEMSOlogs - INFO - RCWA eval:[192. 151. 293. 372. 422. 447.] | diff. eff.:0.1952930487324554
2026-03-19 17:28:41,581 - AEMSOlogs - INFO - RCWA eval:[ 65. 272. 190. 268. 339. 378.] | diff. eff.:0.41637199182650503
2026-03-19 17:29:16,596 - AEMSOlogs - INFO - RCWA eval:[166. 316. 200. 344. 324. 429.] | diff. eff.:0.189147529276673
2026-03-19 17:29:16,950 - AEMSOlogs - INFO - RCWA eval:[ 20. 293. 222. 283. 346. 340.] | diff. eff.:0.3226177926609683
2026-03-19 17:29:17,046 - AEMSOlogs - INFO - RCWA eval:[ 23. 225.  21. 272. 268. 433.] | diff. eff.:0.18497029572913146
2026-03-19 17:29:51,927 - AEMSOlogs - INFO - RCWA eval:[223. 175. 235. 269. 338. 201.] | diff. eff.:0.16693261069834422
2026-03-19 17:29:52,317 - AEMSOlogs - INFO - RCWA eval:[ 93. 317. 399. 292. 348. 430.] | diff. eff.:0.15750148231669295
2026-03-19 17:29:52,528 - AEMSOlogs - INFO - RCWA eval:[ 93. 259. 323. 290. 399. 397.] | diff. eff.:0.043095540967792806
2026-03-19 17:30:26,135 - AEMSOlogs - INFO - RCWA eval:[327. 184. 217. 349. 366. 426.] | diff. eff.:0.13814070921845134
2026-03-19 17:30:59,901 - AEMSOlogs - INFO - RCWA eval:[ 22. 138. 228. 328. 397. 445.] | diff. eff.:0.23877884233651442
2026-03-19 17:30:59,920 - AEMSOlogs - INFO - Iteration 12: Best Y = -0.8066433072377358 at x = [0.32882041 0.43257745 0.64055752 0.64927978 0.74708147 0.890589  ]
2026-03-19 17:30:59,921 - AEMSOlogs - INFO - Working on simulations...
2026-03-19 17:31:34,179 - AEMSOlogs - INFO - RCWA eval:[145. 143. 431. 406. 365. 343.] | diff. eff.:0.004213589482057513
2026-03-19 17:31:34,225 - AEMSOlogs - INFO - RCWA eval:[ 59. 218. 148. 307. 318. 420.] | diff. eff.:0.5385418202149284
2026-03-19 17:31:34,273 - AEMSOlogs - INFO - RCWA eval:[126.  21. 364. 360. 282. 383.] | diff. eff.:0.021130479662408646
2026-03-19 17:32:10,594 - AEMSOlogs - INFO - RCWA eval:[248. 292. 173. 307. 427. 236.] | diff. eff.:0.18448193056817214
2026-03-19 17:32:10,627 - AEMSOlogs - INFO - RCWA eval:[ 78. 364. 223. 307. 392. 330.] | diff. eff.:0.2626929699317557
2026-03-19 17:32:10,676 - AEMSOlogs - INFO - RCWA eval:[137. 197. 123. 315. 312. 368.] | diff. eff.:0.6586818662379086
2026-03-19 17:32:44,882 - AEMSOlogs - INFO - RCWA eval:[ 78. 255. 301. 294. 333. 396.] | diff. eff.:0.6526256385070067
2026-03-19 17:32:44,984 - AEMSOlogs - INFO - RCWA eval:[178. 250. 261. 316. 443. 388.] | diff. eff.:0.538722909038491
2026-03-19 17:32:45,109 - AEMSOlogs - INFO - RCWA eval:[110. 183. 226. 393. 255. 323.] | diff. eff.:0.1948703902726411
2026-03-19 17:33:19,361 - AEMSOlogs - INFO - RCWA eval:[ 65. 102. 164. 267. 320. 331.] | diff. eff.:0.6697727461877788
2026-03-19 17:33:19,473 - AEMSOlogs - INFO - RCWA eval:[ 91. 151. 355. 304. 449. 441.] | diff. eff.:0.049042671187868724
2026-03-19 17:33:19,571 - AEMSOlogs - INFO - RCWA eval:[ 66. 119. 288. 388. 407. 325.] | diff. eff.:0.0632192980834402
2026-03-19 17:33:53,254 - AEMSOlogs - INFO - RCWA eval:[ 21. 368.  34. 295. 188. 384.] | diff. eff.:0.09302925778859163
2026-03-19 17:34:26,969 - AEMSOlogs - INFO - RCWA eval:[258. 170. 447. 446. 359. 450.] | diff. eff.:0.025657780978224642
2026-03-19 17:34:26,988 - AEMSOlogs - INFO - Iteration 13: Best Y = -0.8066433072377358 at x = [0.32882041 0.43257745 0.64055752 0.64927978 0.74708147 0.890589  ]
2026-03-19 17:34:26,989 - AEMSOlogs - INFO - Working on simulations...
2026-03-19 17:35:01,247 - AEMSOlogs - INFO - RCWA eval:[119. 356. 235. 258. 345. 385.] | diff. eff.:0.25206426832600526
2026-03-19 17:35:01,274 - AEMSOlogs - INFO - RCWA eval:[221. 176. 441. 288. 305. 340.] | diff. eff.:0.5010065839224638
2026-03-19 17:35:01,395 - AEMSOlogs - INFO - RCWA eval:[156. 192. 233. 199. 299. 224.] | diff. eff.:0.18822702919020162
2026-03-19 17:35:35,473 - AEMSOlogs - INFO - RCWA eval:[225.  92. 396. 324. 302. 300.] | diff. eff.:0.12891707119611262
2026-03-19 17:35:35,519 - AEMSOlogs - INFO - RCWA eval:[101. 173. 320. 303. 450. 447.] | diff. eff.:0.08555519182235295
2026-03-19 17:35:35,749 - AEMSOlogs - INFO - RCWA eval:[ 21. 217. 222. 419. 369. 308.] | diff. eff.:0.0022216112122069157
2026-03-19 17:36:09,799 - AEMSOlogs - INFO - RCWA eval:[ 44. 159. 140. 205. 312. 207.] | diff. eff.:0.40525030724948014
2026-03-19 17:36:09,808 - AEMSOlogs - INFO - RCWA eval:[ 31. 230. 427. 376. 404. 444.] | diff. eff.:0.1007399799657636
2026-03-19 17:36:10,011 - AEMSOlogs - INFO - RCWA eval:[435. 105. 405. 222. 262.  32.] | diff. eff.:0.05462824430166144
2026-03-19 17:36:44,540 - AEMSOlogs - INFO - RCWA eval:[180.  72. 175. 275. 297. 418.] | diff. eff.:0.3098884858464991
2026-03-19 17:36:44,659 - AEMSOlogs - INFO - RCWA eval:[149.  42.  25. 217. 305. 245.] | diff. eff.:0.1716896281829939
2026-03-19 17:36:44,837 - AEMSOlogs - INFO - RCWA eval:[ 21. 142. 242. 197. 390. 360.] | diff. eff.:0.26626567108947485
2026-03-19 17:37:20,168 - AEMSOlogs - INFO - RCWA eval:[ 29. 135. 123. 269. 306. 408.] | diff. eff.:0.3709273208150167
2026-03-19 17:37:55,181 - AEMSOlogs - INFO - RCWA eval:[ 33. 297. 129. 254. 447. 445.] | diff. eff.:0.00669371424655041
2026-03-19 17:37:55,193 - AEMSOlogs - INFO - Iteration 14: Best Y = -0.8066433072377358 at x = [0.32882041 0.43257745 0.64055752 0.64927978 0.74708147 0.890589  ]
2026-03-19 17:37:55,194 - AEMSOlogs - INFO - Working on simulations...
2026-03-19 17:38:30,427 - AEMSOlogs - INFO - RCWA eval:[ 70. 163. 371. 250. 337. 377.] | diff. eff.:0.17232291007404912
2026-03-19 17:38:30,502 - AEMSOlogs - INFO - RCWA eval:[293. 188. 304. 264. 353. 262.] | diff. eff.:0.2538201922997112
2026-03-19 17:38:30,557 - AEMSOlogs - INFO - RCWA eval:[104. 345. 119. 270. 369. 368.] | diff. eff.:0.022285388822247038
2026-03-19 17:39:04,872 - AEMSOlogs - INFO - RCWA eval:[135. 164. 443. 278. 299. 442.] | diff. eff.:0.2734258134428369
2026-03-19 17:39:05,089 - AEMSOlogs - INFO - RCWA eval:[ 47. 163. 109. 306. 381. 356.] | diff. eff.:0.34185898547797067
2026-03-19 17:39:05,134 - AEMSOlogs - INFO - RCWA eval:[ 49. 265. 211. 273. 364. 398.] | diff. eff.:0.3262508712467341
2026-03-19 17:39:39,385 - AEMSOlogs - INFO - RCWA eval:[ 20. 187. 445. 282. 384. 347.] | diff. eff.:0.36693530287658677
2026-03-19 17:39:39,757 - AEMSOlogs - INFO - RCWA eval:[328. 120. 444. 225. 383. 164.] | diff. eff.:0.0871304709050957
2026-03-19 17:39:39,809 - AEMSOlogs - INFO - RCWA eval:[235. 174. 328. 254. 323. 357.] | diff. eff.:0.1558851135043078
2026-03-19 17:40:13,817 - AEMSOlogs - INFO - RCWA eval:[ 78. 111. 252. 289. 336. 348.] | diff. eff.:0.8768829468314485
2026-03-19 17:40:14,445 - AEMSOlogs - INFO - RCWA eval:[ 74. 276. 141. 250. 374. 358.] | diff. eff.:0.16951801651568002
2026-03-19 17:40:14,514 - AEMSOlogs - INFO - RCWA eval:[ 81.  27. 142. 220. 342. 334.] | diff. eff.:0.4289311706641342
2026-03-19 17:40:48,287 - AEMSOlogs - INFO - RCWA eval:[ 20.  81. 259. 224. 342. 313.] | diff. eff.:0.5752362459093059
2026-03-19 17:41:22,239 - AEMSOlogs - INFO - RCWA eval:[ 24. 242.  86. 241. 259. 394.] | diff. eff.:0.11147270178656961
2026-03-19 17:41:22,260 - AEMSOlogs - INFO - Iteration 15: Best Y = -0.8768829468314485 at x = [0.13594079 0.21276339 0.53900964 0.62586826 0.73389074 0.7623681 ]
2026-03-19 17:41:22,261 - AEMSOlogs - INFO - Working on simulations...
2026-03-19 17:41:57,356 - AEMSOlogs - INFO - RCWA eval:[275.  62. 236. 122. 390. 325.] | diff. eff.:0.057930758683340744
2026-03-19 17:41:57,380 - AEMSOlogs - INFO - RCWA eval:[ 88. 189. 172. 276. 336. 285.] | diff. eff.:0.2887504851606218
2026-03-19 17:41:57,485 - AEMSOlogs - INFO - RCWA eval:[116.  60. 270. 138. 313.  84.] | diff. eff.:0.44038145763594627
2026-03-19 17:42:31,672 - AEMSOlogs - INFO - RCWA eval:[255. 173. 206. 249. 267. 357.] | diff. eff.:0.3209982714854415
2026-03-19 17:42:31,730 - AEMSOlogs - INFO - RCWA eval:[ 57. 146. 338. 411. 361. 389.] | diff. eff.:0.22367191658843638
2026-03-19 17:42:31,904 - AEMSOlogs - INFO - RCWA eval:[266. 195. 289. 322. 326. 428.] | diff. eff.:0.4124788184761322
2026-03-19 17:43:09,549 - AEMSOlogs - INFO - RCWA eval:[247.  74. 376. 351. 323. 408.] | diff. eff.:0.048406352828173536
2026-03-19 17:43:09,582 - AEMSOlogs - INFO - RCWA eval:[ 58. 171. 343. 291. 333. 377.] | diff. eff.:0.3381747368626017
2026-03-19 17:43:09,892 - AEMSOlogs - INFO - RCWA eval:[ 80. 108. 307. 378. 309. 396.] | diff. eff.:0.1382688327422803
2026-03-19 17:43:45,976 - AEMSOlogs - INFO - RCWA eval:[ 21. 262. 365. 304. 329. 443.] | diff. eff.:0.18151140894492712
2026-03-19 17:43:46,076 - AEMSOlogs - INFO - RCWA eval:[ 29. 115. 125. 306. 270. 361.] | diff. eff.:0.4460925178192688
2026-03-19 17:43:46,226 - AEMSOlogs - INFO - RCWA eval:[ 20. 112. 448. 352. 403. 286.] | diff. eff.:0.04525802937570205
2026-03-19 17:44:20,552 - AEMSOlogs - INFO - RCWA eval:[255. 184.  20. 304. 412. 401.] | diff. eff.:0.1313174532908951
2026-03-19 17:44:55,563 - AEMSOlogs - INFO - RCWA eval:[291. 164.  93. 245. 408. 450.] | diff. eff.:0.07974438479196728
2026-03-19 17:44:55,582 - AEMSOlogs - INFO - Iteration 16: Best Y = -0.8768829468314485 at x = [0.13594079 0.21276339 0.53900964 0.62586826 0.73389074 0.7623681 ]
2026-03-19 17:44:55,583 - AEMSOlogs - INFO - Working on simulations...
2026-03-19 17:45:30,080 - AEMSOlogs - INFO - RCWA eval:[ 22. 248. 414. 235. 415. 409.] | diff. eff.:0.01289232810281172
2026-03-19 17:45:30,203 - AEMSOlogs - INFO - RCWA eval:[ 36. 114. 240. 251. 215. 173.] | diff. eff.:0.07283778473807812
2026-03-19 17:45:30,388 - AEMSOlogs - INFO - RCWA eval:[109.  32. 294. 252. 295. 204.] | diff. eff.:0.1337778860894152
2026-03-19 17:46:05,538 - AEMSOlogs - INFO - RCWA eval:[ 79. 110. 141. 253. 260. 269.] | diff. eff.:0.17543755957906235
2026-03-19 17:46:05,609 - AEMSOlogs - INFO - RCWA eval:[ 46.  80.  50. 268. 335. 183.] | diff. eff.:0.23064450407081658
2026-03-19 17:46:05,710 - AEMSOlogs - INFO - RCWA eval:[142. 171. 315. 356. 278. 439.] | diff. eff.:0.3014663034732458
2026-03-19 17:46:41,975 - AEMSOlogs - INFO - RCWA eval:[ 23.  29. 116. 227. 403. 192.] | diff. eff.:0.0022331053322406868
2026-03-19 17:46:42,168 - AEMSOlogs - INFO - RCWA eval:[ 57.  44. 377. 152. 342. 164.] | diff. eff.:0.0736774390508107
2026-03-19 17:46:42,187 - AEMSOlogs - INFO - RCWA eval:[144. 172. 107. 385. 170. 335.] | diff. eff.:0.021328918747010116
2026-03-19 17:47:17,760 - AEMSOlogs - INFO - RCWA eval:[ 20.  89. 158. 401. 268. 395.] | diff. eff.:0.07580435118797814
2026-03-19 17:47:17,971 - AEMSOlogs - INFO - RCWA eval:[304. 123.  31. 372. 211. 370.] | diff. eff.:0.023695941119537125
2026-03-19 17:47:17,999 - AEMSOlogs - INFO - RCWA eval:[112. 128. 223. 201. 295. 370.] | diff. eff.:0.45772083114355994
2026-03-19 17:47:54,209 - AEMSOlogs - INFO - RCWA eval:[ 58. 232. 266. 329. 336. 435.] | diff. eff.:0.5836363908399539
2026-03-19 17:48:30,538 - AEMSOlogs - INFO - RCWA eval:[ 45. 201. 225. 211. 269. 254.] | diff. eff.:0.09687604148674261
2026-03-19 17:48:30,557 - AEMSOlogs - INFO - Iteration 17: Best Y = -0.8768829468314485 at x = [0.13594079 0.21276339 0.53900964 0.62586826 0.73389074 0.7623681 ]
2026-03-19 17:48:30,558 - AEMSOlogs - INFO - Working on simulations...
2026-03-19 17:49:06,936 - AEMSOlogs - INFO - RCWA eval:[ 88. 128. 171. 331. 228. 348.] | diff. eff.:0.11580901063745738
2026-03-19 17:49:07,060 - AEMSOlogs - INFO - RCWA eval:[ 74.  97. 298. 247. 338. 341.] | diff. eff.:0.40842248546869186
2026-03-19 17:49:07,108 - AEMSOlogs - INFO - RCWA eval:[ 89.  20. 238. 283. 288. 359.] | diff. eff.:0.6321811827995205
2026-03-19 17:49:42,698 - AEMSOlogs - INFO - RCWA eval:[124.  59.  24. 304. 298. 392.] | diff. eff.:0.2187716081940718
2026-03-19 17:49:42,760 - AEMSOlogs - INFO - RCWA eval:[ 42. 118. 310. 364. 333. 307.] | diff. eff.:0.0805366718697692
2026-03-19 17:49:42,796 - AEMSOlogs - INFO - RCWA eval:[ 23. 263. 147. 385. 276. 391.] | diff. eff.:0.05671028977539499
2026-03-19 17:50:18,632 - AEMSOlogs - INFO - RCWA eval:[ 58.  37. 101. 116. 323. 194.] | diff. eff.:0.15876112538853962
2026-03-19 17:50:18,746 - AEMSOlogs - INFO - RCWA eval:[ 20. 170. 306. 331. 322. 337.] | diff. eff.:0.4752483720226325
2026-03-19 17:50:18,844 - AEMSOlogs - INFO - RCWA eval:[ 76. 105. 199. 269. 292. 344.] | diff. eff.:0.6733082975809268
2026-03-19 17:50:55,165 - AEMSOlogs - INFO - RCWA eval:[110. 224. 291. 147. 370. 215.] | diff. eff.:0.333667945454786
2026-03-19 17:50:55,295 - AEMSOlogs - INFO - RCWA eval:[162. 164. 285. 300. 260. 277.] | diff. eff.:0.12019974597946763
2026-03-19 17:50:55,489 - AEMSOlogs - INFO - RCWA eval:[ 35. 247. 204. 284. 352. 433.] | diff. eff.:0.464368408166701
2026-03-19 17:51:34,979 - AEMSOlogs - INFO - RCWA eval:[ 96.  96. 269. 334. 257. 434.] | diff. eff.:0.26279163596330785
2026-03-19 17:52:13,808 - AEMSOlogs - INFO - RCWA eval:[ 22. 216. 269. 194. 400. 348.] | diff. eff.:0.2735936090858857
2026-03-19 17:52:13,826 - AEMSOlogs - INFO - Iteration 18: Best Y = -0.8768829468314485 at x = [0.13594079 0.21276339 0.53900964 0.62586826 0.73389074 0.7623681 ]
2026-03-19 17:52:13,828 - AEMSOlogs - INFO - Working on simulations...
2026-03-19 17:52:50,089 - AEMSOlogs - INFO - RCWA eval:[134.  65. 118. 223. 301. 327.] | diff. eff.:0.4007824236495772
2026-03-19 17:52:50,232 - AEMSOlogs - INFO - RCWA eval:[ 37. 135. 237. 253. 346. 380.] | diff. eff.:0.427040611580105
2026-03-19 17:52:50,248 - AEMSOlogs - INFO - RCWA eval:[115. 106.  65. 296. 388. 449.] | diff. eff.:0.10507688593075687
2026-03-19 17:53:26,522 - AEMSOlogs - INFO - RCWA eval:[ 98. 121. 173. 281. 343. 321.] | diff. eff.:0.6245823952601078
2026-03-19 17:53:26,562 - AEMSOlogs - INFO - RCWA eval:[118.  83. 244. 250. 358. 389.] | diff. eff.:0.4113501939943007
2026-03-19 17:53:26,682 - AEMSOlogs - INFO - RCWA eval:[113.  23. 301. 276. 304. 329.] | diff. eff.:0.46366208354503863
2026-03-19 17:54:01,957 - AEMSOlogs - INFO - RCWA eval:[ 25. 145. 281. 284. 334. 329.] | diff. eff.:0.7002730271591013
2026-03-19 17:54:02,025 - AEMSOlogs - INFO - RCWA eval:[ 74. 195. 342. 274. 273. 359.] | diff. eff.:0.16519155135577213
2026-03-19 17:54:02,299 - AEMSOlogs - INFO - RCWA eval:[ 20.  26. 193. 270. 266. 283.] | diff. eff.:0.2282113491163328
2026-03-19 17:54:39,903 - AEMSOlogs - INFO - RCWA eval:[105. 157. 293. 353. 343. 450.] | diff. eff.:0.5728962438223193
2026-03-19 17:54:40,149 - AEMSOlogs - INFO - RCWA eval:[ 22.  97. 171. 236. 330. 293.] | diff. eff.:0.3466429428454706
2026-03-19 17:54:40,463 - AEMSOlogs - INFO - RCWA eval:[194. 154. 193. 197. 299. 284.] | diff. eff.:0.19166911603218315
2026-03-19 17:55:15,550 - AEMSOlogs - INFO - RCWA eval:[178. 153. 251. 276. 231. 373.] | diff. eff.:0.3535771422825742
2026-03-19 17:55:50,689 - AEMSOlogs - INFO - RCWA eval:[115.  45. 187. 275. 332. 307.] | diff. eff.:0.6660043897552981
2026-03-19 17:55:50,707 - AEMSOlogs - INFO - Iteration 19: Best Y = -0.8768829468314485 at x = [0.13594079 0.21276339 0.53900964 0.62586826 0.73389074 0.7623681 ]
2026-03-19 17:55:50,708 - AEMSOlogs - INFO - Working on simulations...
2026-03-19 17:56:26,120 - AEMSOlogs - INFO - RCWA eval:[121.  38. 166. 217. 308. 323.] | diff. eff.:0.47698816586365306
2026-03-19 17:56:26,155 - AEMSOlogs - INFO - RCWA eval:[194. 192. 228. 280. 366. 350.] | diff. eff.:0.33609573222102657
2026-03-19 17:56:26,213 - AEMSOlogs - INFO - RCWA eval:[ 52. 178. 295. 285. 358. 407.] | diff. eff.:0.6475928891761424
2026-03-19 17:57:01,794 - AEMSOlogs - INFO - RCWA eval:[194.  41. 191. 296. 329. 414.] | diff. eff.:0.5165298212762941
2026-03-19 17:57:01,978 - AEMSOlogs - INFO - RCWA eval:[ 30. 141. 278. 305. 352. 353.] | diff. eff.:0.7532421139761964
2026-03-19 17:57:01,986 - AEMSOlogs - INFO - RCWA eval:[ 25. 192. 272. 289. 393. 289.] | diff. eff.:0.10397656325211596
2026-03-19 17:57:37,896 - AEMSOlogs - INFO - RCWA eval:[139.  30. 166. 299. 263. 239.] | diff. eff.:0.04529345935548424
2026-03-19 17:57:38,076 - AEMSOlogs - INFO - RCWA eval:[ 63. 271. 286. 278. 361. 421.] | diff. eff.:0.5567732853525419
2026-03-19 17:57:38,127 - AEMSOlogs - INFO - RCWA eval:[ 44. 130. 279. 283. 389. 351.] | diff. eff.:0.46575484146190105
2026-03-19 17:58:14,040 - AEMSOlogs - INFO - RCWA eval:[148. 212. 302. 273. 335. 320.] | diff. eff.:0.37806957479667486
2026-03-19 17:58:14,146 - AEMSOlogs - INFO - RCWA eval:[ 55. 179. 238. 307. 315. 418.] | diff. eff.:0.6199930160578161
2026-03-19 17:58:14,346 - AEMSOlogs - INFO - RCWA eval:[162. 146. 212. 331. 303. 402.] | diff. eff.:0.15894920918947233
2026-03-19 17:58:49,558 - AEMSOlogs - INFO - RCWA eval:[118.  85. 234. 338. 401. 395.] | diff. eff.:0.28282986165832447
2026-03-19 17:59:24,952 - AEMSOlogs - INFO - RCWA eval:[ 24. 153. 305. 259. 348. 329.] | diff. eff.:0.3482402421180118
2026-03-19 17:59:24,963 - AEMSOlogs - INFO - Iteration 20: Best Y = -0.8768829468314485 at x = [0.13594079 0.21276339 0.53900964 0.62586826 0.73389074 0.7623681 ]
2026-03-19 17:59:24,964 - AEMSOlogs - INFO - Working on simulations...
2026-03-19 18:00:02,883 - AEMSOlogs - INFO - RCWA eval:[ 20. 102. 308. 274. 410. 431.] | diff. eff.:0.13971449474861106
2026-03-19 18:00:02,919 - AEMSOlogs - INFO - RCWA eval:[ 76. 313. 362. 344. 395. 447.] | diff. eff.:0.20532421492893657
2026-03-19 18:00:02,934 - AEMSOlogs - INFO - RCWA eval:[ 35. 228. 194. 235. 310. 325.] | diff. eff.:0.45698499536670034
2026-03-19 18:00:43,174 - AEMSOlogs - INFO - RCWA eval:[ 69. 162. 301. 312. 383. 391.] | diff. eff.:0.42650448549061715
2026-03-19 18:00:43,225 - AEMSOlogs - INFO - RCWA eval:[ 28. 256. 378. 288. 392. 425.] | diff. eff.:0.019435396709152775
2026-03-19 18:00:43,446 - AEMSOlogs - INFO - RCWA eval:[ 58. 108. 244. 257. 397. 363.] | diff. eff.:0.33740893661622917
2026-03-19 18:01:23,259 - AEMSOlogs - INFO - RCWA eval:[ 80. 152. 187. 312. 317. 376.] | diff. eff.:0.7082532064949465
2026-03-19 18:01:23,366 - AEMSOlogs - INFO - RCWA eval:[ 57. 151. 290. 340. 298. 448.] | diff. eff.:0.28508180104563136
2026-03-19 18:01:23,681 - AEMSOlogs - INFO - RCWA eval:[ 39. 202. 179. 302. 322. 354.] | diff. eff.:0.7998041148239851
2026-03-19 18:02:02,117 - AEMSOlogs - INFO - RCWA eval:[ 47. 221. 231. 252. 320. 311.] | diff. eff.:0.3688261815913504
2026-03-19 18:02:02,222 - AEMSOlogs - INFO - RCWA eval:[ 64. 259. 290. 308. 359. 426.] | diff. eff.:0.6303310076496684
2026-03-19 18:02:02,689 - AEMSOlogs - INFO - RCWA eval:[112. 162. 273. 242. 355. 375.] | diff. eff.:0.6607428609241137
2026-03-19 18:02:42,072 - AEMSOlogs - INFO - RCWA eval:[ 51. 160. 190. 246. 345. 293.] | diff. eff.:0.2794443219654257
2026-03-19 18:03:16,698 - AEMSOlogs - INFO - RCWA eval:[109.  59. 154. 276. 320. 350.] | diff. eff.:0.5777912111541019
2026-03-19 18:03:16,709 - AEMSOlogs - INFO - Iteration 21: Best Y = -0.8768829468314485 at x = [0.13594079 0.21276339 0.53900964 0.62586826 0.73389074 0.7623681 ]
2026-03-19 18:03:16,710 - AEMSOlogs - INFO - Working on simulations...
2026-03-19 18:03:51,504 - AEMSOlogs - INFO - RCWA eval:[ 86. 241. 298. 329. 333. 385.] | diff. eff.:0.7598731484190839
2026-03-19 18:03:51,741 - AEMSOlogs - INFO - RCWA eval:[ 32. 185. 172. 284. 338. 361.] | diff. eff.:0.7016064122233896
2026-03-19 18:03:51,794 - AEMSOlogs - INFO - RCWA eval:[ 85. 174. 221. 259. 324. 363.] | diff. eff.:0.5439110398603443
2026-03-19 18:04:26,088 - AEMSOlogs - INFO - RCWA eval:[ 43. 126. 260. 293. 367. 377.] | diff. eff.:0.5102145137902134
2026-03-19 18:04:26,331 - AEMSOlogs - INFO - RCWA eval:[ 24. 129. 236. 301. 346. 374.] | diff. eff.:0.8113111570697654
2026-03-19 18:04:26,414 - AEMSOlogs - INFO - RCWA eval:[144. 210. 199. 329. 333. 393.] | diff. eff.:0.42540123604296376
2026-03-19 18:05:00,242 - AEMSOlogs - INFO - RCWA eval:[126. 141. 227. 282. 306. 352.] | diff. eff.:0.778834345388422
2026-03-19 18:05:00,478 - AEMSOlogs - INFO - RCWA eval:[ 26. 168. 320. 282. 354. 322.] | diff. eff.:0.3184383760046925
2026-03-19 18:05:00,600 - AEMSOlogs - INFO - RCWA eval:[ 36. 255. 195. 243. 328. 327.] | diff. eff.:0.3144118912342406
2026-03-19 18:05:34,421 - AEMSOlogs - INFO - RCWA eval:[ 55. 223. 271. 308. 329. 411.] | diff. eff.:0.7534903889347045
2026-03-19 18:05:34,781 - AEMSOlogs - INFO - RCWA eval:[ 98. 172. 210. 227. 328. 384.] | diff. eff.:0.32247051425584156
2026-03-19 18:05:34,862 - AEMSOlogs - INFO - RCWA eval:[ 32. 200.  89. 207. 305. 276.] | diff. eff.:0.15287736325256474
2026-03-19 18:06:08,247 - AEMSOlogs - INFO - RCWA eval:[ 22. 195. 209. 328. 372. 353.] | diff. eff.:0.38001240691936133
2026-03-19 18:06:41,940 - AEMSOlogs - INFO - RCWA eval:[ 33. 138. 315. 219. 286. 301.] | diff. eff.:0.05242632228041196
2026-03-19 18:06:41,960 - AEMSOlogs - INFO - Iteration 22: Best Y = -0.8768829468314485 at x = [0.13594079 0.21276339 0.53900964 0.62586826 0.73389074 0.7623681 ]
2026-03-19 18:06:41,962 - AEMSOlogs - INFO - Working on simulations...
2026-03-19 18:07:16,194 - AEMSOlogs - INFO - RCWA eval:[ 21. 165. 288. 311. 314. 384.] | diff. eff.:0.7364886591611468
2026-03-19 18:07:16,284 - AEMSOlogs - INFO - RCWA eval:[ 98. 198. 329. 290. 325. 398.] | diff. eff.:0.25666248468341274
2026-03-19 18:07:16,299 - AEMSOlogs - INFO - RCWA eval:[ 20. 109. 274. 268. 347. 326.] | diff. eff.:0.549421068512901
2026-03-19 18:07:50,400 - AEMSOlogs - INFO - RCWA eval:[ 68. 151. 263. 292. 341. 307.] | diff. eff.:0.6251389315970783
2026-03-19 18:07:50,573 - AEMSOlogs - INFO - RCWA eval:[ 32. 128. 251. 339. 315. 389.] | diff. eff.:0.6632767526983486
2026-03-19 18:07:50,651 - AEMSOlogs - INFO - RCWA eval:[ 23. 149. 299. 320. 272. 338.] | diff. eff.:0.3202607555934679
2026-03-19 18:08:24,488 - AEMSOlogs - INFO - RCWA eval:[ 55. 112. 194. 277. 337. 362.] | diff. eff.:0.66842912855334
2026-03-19 18:08:24,698 - AEMSOlogs - INFO - RCWA eval:[ 23. 169. 275. 345. 303. 314.] | diff. eff.:0.27984901004343155
2026-03-19 18:08:24,836 - AEMSOlogs - INFO - RCWA eval:[ 20. 159. 257. 321. 337. 367.] | diff. eff.:0.876480186094697
2026-03-19 18:08:58,581 - AEMSOlogs - INFO - RCWA eval:[ 44. 170. 261. 334. 338. 374.] | diff. eff.:0.8123189924729803
2026-03-19 18:08:58,762 - AEMSOlogs - INFO - RCWA eval:[ 88.  99. 278. 296. 349. 331.] | diff. eff.:0.7415772412476099
2026-03-19 18:08:59,028 - AEMSOlogs - INFO - RCWA eval:[ 20. 138. 281. 312. 305. 356.] | diff. eff.:0.8085243925773639
2026-03-19 18:09:32,228 - AEMSOlogs - INFO - RCWA eval:[ 20. 208. 241. 308. 364. 425.] | diff. eff.:0.4261320676871623
2026-03-19 18:10:05,978 - AEMSOlogs - INFO - RCWA eval:[ 32. 155. 270. 289. 351. 365.] | diff. eff.:0.8643574104312957
2026-03-19 18:10:05,997 - AEMSOlogs - INFO - Iteration 23: Best Y = -0.8768829468314485 at x = [0.13594079 0.21276339 0.53900964 0.62586826 0.73389074 0.7623681 ]
2026-03-19 18:10:05,998 - AEMSOlogs - INFO - Working on simulations...
2026-03-19 18:10:40,251 - AEMSOlogs - INFO - RCWA eval:[ 29. 173. 272. 324. 331. 357.] | diff. eff.:0.8689622530904153
2026-03-19 18:10:40,295 - AEMSOlogs - INFO - RCWA eval:[ 51. 168. 222. 284. 342. 343.] | diff. eff.:0.7701806185774953
2026-03-19 18:10:40,427 - AEMSOlogs - INFO - RCWA eval:[ 21. 131. 282. 321. 346. 394.] | diff. eff.:0.8545710272575605
2026-03-19 18:11:14,352 - AEMSOlogs - INFO - RCWA eval:[ 72. 212. 288. 329. 319. 362.] | diff. eff.:0.8369157295384594
2026-03-19 18:11:14,454 - AEMSOlogs - INFO - RCWA eval:[ 52. 148. 284. 341. 332. 429.] | diff. eff.:0.5266247393054356
2026-03-19 18:11:14,674 - AEMSOlogs - INFO - RCWA eval:[ 57.  80. 228. 299. 304. 317.] | diff. eff.:0.6245062531656634
2026-03-19 18:11:48,497 - AEMSOlogs - INFO - RCWA eval:[ 26. 139. 219. 293. 308. 338.] | diff. eff.:0.7752173377433808
2026-03-19 18:11:48,610 - AEMSOlogs - INFO - RCWA eval:[ 41. 150. 315. 298. 331. 372.] | diff. eff.:0.612126764454195
2026-03-19 18:11:48,858 - AEMSOlogs - INFO - RCWA eval:[ 58.  95. 346. 301. 349. 311.] | diff. eff.:0.23837391114442513
2026-03-19 18:12:22,671 - AEMSOlogs - INFO - RCWA eval:[ 81.  92. 266. 328. 331. 358.] | diff. eff.:0.8254482751785892
2026-03-19 18:12:22,868 - AEMSOlogs - INFO - RCWA eval:[ 47. 139. 193. 266. 358. 357.] | diff. eff.:0.4606523968726273
2026-03-19 18:12:23,143 - AEMSOlogs - INFO - RCWA eval:[ 20. 153. 276. 255. 349. 342.] | diff. eff.:0.5193844728398462
2026-03-19 18:12:56,370 - AEMSOlogs - INFO - RCWA eval:[ 65. 170. 205. 328. 321. 414.] | diff. eff.:0.5596493326035655
2026-03-19 18:13:30,140 - AEMSOlogs - INFO - RCWA eval:[ 50.  84. 289. 312. 355. 376.] | diff. eff.:0.8105915868328794
2026-03-19 18:13:30,162 - AEMSOlogs - INFO - Iteration 24: Best Y = -0.8768829468314485 at x = [0.13594079 0.21276339 0.53900964 0.62586826 0.73389074 0.7623681 ]
2026-03-19 18:13:30,163 - AEMSOlogs - INFO - Working on simulations...
2026-03-19 18:14:04,301 - AEMSOlogs - INFO - RCWA eval:[ 70. 125. 265. 326. 343. 386.] | diff. eff.:0.8223061448694358
2026-03-19 18:14:04,371 - AEMSOlogs - INFO - RCWA eval:[ 81. 109. 251. 306. 341. 402.] | diff. eff.:0.7926169751472443
2026-03-19 18:14:04,377 - AEMSOlogs - INFO - RCWA eval:[ 40. 115. 233. 317. 320. 405.] | diff. eff.:0.7022497479676546
2026-03-19 18:14:38,543 - AEMSOlogs - INFO - RCWA eval:[ 20. 202. 263. 316. 338. 410.] | diff. eff.:0.8066760141776566
2026-03-19 18:14:38,641 - AEMSOlogs - INFO - RCWA eval:[ 37. 133. 230. 308. 335. 353.] | diff. eff.:0.8311697446533958
2026-03-19 18:14:38,681 - AEMSOlogs - INFO - RCWA eval:[ 20. 160. 285. 311. 329. 378.] | diff. eff.:0.8777577868014759
2026-03-19 18:15:12,676 - AEMSOlogs - INFO - RCWA eval:[ 54. 195. 293. 368. 349. 399.] | diff. eff.:0.39879580922136915
2026-03-19 18:15:12,942 - AEMSOlogs - INFO - RCWA eval:[ 55. 137. 282. 343. 341. 361.] | diff. eff.:0.7087648187533113
2026-03-19 18:15:12,975 - AEMSOlogs - INFO - RCWA eval:[ 76. 149. 244. 329. 330. 362.] | diff. eff.:0.7937392502651718
2026-03-19 18:15:48,338 - AEMSOlogs - INFO - RCWA eval:[ 40. 122. 263. 351. 301. 400.] | diff. eff.:0.36800015548718845
2026-03-19 18:15:48,656 - AEMSOlogs - INFO - RCWA eval:[ 49.  87. 303. 332. 303. 347.] | diff. eff.:0.5205289831263037
2026-03-19 18:15:48,730 - AEMSOlogs - INFO - RCWA eval:[ 24. 155. 281. 294. 292. 351.] | diff. eff.:0.6216946181104805
2026-03-19 18:16:23,583 - AEMSOlogs - INFO - RCWA eval:[ 29. 139. 219. 362. 319. 405.] | diff. eff.:0.09441228999748749
2026-03-19 18:16:59,328 - AEMSOlogs - INFO - RCWA eval:[ 20. 135. 269. 330. 311. 344.] | diff. eff.:0.6968251742703823
2026-03-19 18:16:59,349 - AEMSOlogs - INFO - Iteration 25: Best Y = -0.8777577868014759 at x = [3.35703234e-05 3.25518485e-01 6.16266465e-01 6.76404372e-01
 7.18539694e-01 8.33411841e-01]
2026-03-19 18:16:59,350 - AEMSOlogs - INFO - Working on simulations...
2026-03-19 18:17:33,885 - AEMSOlogs - INFO - RCWA eval:[ 31. 180. 240. 306. 337. 387.] | diff. eff.:0.8159606960447009
2026-03-19 18:17:33,886 - AEMSOlogs - INFO - RCWA eval:[ 20. 151. 320. 333. 337. 367.] | diff. eff.:0.5705966022403276
2026-03-19 18:17:34,021 - AEMSOlogs - INFO - RCWA eval:[ 37. 177. 256. 327. 306. 374.] | diff. eff.:0.7615446094973993
2026-03-19 18:18:08,131 - AEMSOlogs - INFO - RCWA eval:[ 27. 151. 237. 301. 342. 370.] | diff. eff.:0.8464315958823048
2026-03-19 18:18:08,165 - AEMSOlogs - INFO - RCWA eval:[ 28. 152. 253. 313. 320. 398.] | diff. eff.:0.7606468965080706
2026-03-19 18:18:08,328 - AEMSOlogs - INFO - RCWA eval:[ 36.  87. 319. 353. 347. 391.] | diff. eff.:0.320405351432589
2026-03-19 18:18:43,066 - AEMSOlogs - INFO - RCWA eval:[ 64. 111. 271. 314. 340. 342.] | diff. eff.:0.7937776704734035
2026-03-19 18:18:43,150 - AEMSOlogs - INFO - RCWA eval:[ 21. 157. 236. 329. 339. 385.] | diff. eff.:0.7490087126013353
2026-03-19 18:18:43,231 - AEMSOlogs - INFO - RCWA eval:[ 43.  99. 248. 304. 348. 360.] | diff. eff.:0.8188018881975048
2026-03-19 18:19:17,302 - AEMSOlogs - INFO - RCWA eval:[ 26. 164. 232. 320. 336. 391.] | diff. eff.:0.7660995460439685
2026-03-19 18:19:17,431 - AEMSOlogs - INFO - RCWA eval:[ 36. 146. 270. 328. 343. 387.] | diff. eff.:0.8315923835298782
2026-03-19 18:19:17,637 - AEMSOlogs - INFO - RCWA eval:[ 34. 160. 227. 329. 343. 410.] | diff. eff.:0.6501945905679729
2026-03-19 18:19:53,018 - AEMSOlogs - INFO - RCWA eval:[ 41. 121. 286. 321. 328. 358.] | diff. eff.:0.8646851290149634
2026-03-19 18:20:27,662 - AEMSOlogs - INFO - RCWA eval:[ 54. 180. 254. 322. 331. 347.] | diff. eff.:0.7785501903626655
2026-03-19 18:20:27,680 - AEMSOlogs - INFO - Iteration 26: Best Y = -0.8777577868014759 at x = [3.35703234e-05 3.25518485e-01 6.16266465e-01 6.76404372e-01
 7.18539694e-01 8.33411841e-01]
2026-03-19 18:20:27,681 - AEMSOlogs - INFO - Working on simulations...
2026-03-19 18:21:02,538 - AEMSOlogs - INFO - RCWA eval:[ 34. 105. 267. 316. 320. 341.] | diff. eff.:0.8015994378861488
2026-03-19 18:21:02,575 - AEMSOlogs - INFO - RCWA eval:[ 22. 145. 271. 308. 333. 356.] | diff. eff.:0.9262133506262376
2026-03-19 18:21:02,667 - AEMSOlogs - INFO - RCWA eval:[ 74. 136. 214. 325. 352. 375.] | diff. eff.:0.6286229249916037
2026-03-19 18:21:37,067 - AEMSOlogs - INFO - RCWA eval:[ 21. 202. 262. 320. 327. 388.] | diff. eff.:0.8398614052979582
2026-03-19 18:21:37,173 - AEMSOlogs - INFO - RCWA eval:[ 31. 157. 282. 303. 331. 341.] | diff. eff.:0.809910118041153
2026-03-19 18:21:37,227 - AEMSOlogs - INFO - RCWA eval:[ 24. 172. 269. 309. 328. 378.] | diff. eff.:0.8898022254573813
2026-03-19 18:22:11,635 - AEMSOlogs - INFO - RCWA eval:[ 99. 105. 272. 321. 333. 367.] | diff. eff.:0.8906101544993351
2026-03-19 18:22:11,922 - AEMSOlogs - INFO - RCWA eval:[ 39. 180. 212. 287. 346. 368.] | diff. eff.:0.7573002338448717
2026-03-19 18:22:11,998 - AEMSOlogs - INFO - RCWA eval:[ 41. 125. 233. 288. 314. 360.] | diff. eff.:0.8097710965217114
2026-03-19 18:22:45,910 - AEMSOlogs - INFO - RCWA eval:[ 21. 132. 305. 318. 335. 360.] | diff. eff.:0.7728984306231188
2026-03-19 18:22:46,225 - AEMSOlogs - INFO - RCWA eval:[ 35. 141. 274. 308. 335. 401.] | diff. eff.:0.8343254608593752
2026-03-19 18:22:46,371 - AEMSOlogs - INFO - RCWA eval:[ 44. 103. 281. 324. 353. 351.] | diff. eff.:0.6203891119177309
2026-03-19 18:23:19,616 - AEMSOlogs - INFO - RCWA eval:[ 47.  71. 253. 300. 345. 353.] | diff. eff.:0.8561651452042653
2026-03-19 18:23:53,334 - AEMSOlogs - INFO - RCWA eval:[ 25. 161. 252. 316. 340. 354.] | diff. eff.:0.8285477841388588
2026-03-19 18:23:53,353 - AEMSOlogs - INFO - Iteration 27: Best Y = -0.9262133506262376 at x = [0.00463624 0.29004787 0.58339536 0.66900829 0.72813749 0.78254822]
2026-03-19 18:23:53,354 - AEMSOlogs - INFO - Working on simulations...
2026-03-19 18:24:27,512 - AEMSOlogs - INFO - RCWA eval:[ 24. 143. 275. 303. 334. 364.] | diff. eff.:0.9412228020081159
2026-03-19 18:24:27,566 - AEMSOlogs - INFO - RCWA eval:[ 28. 167. 297. 317. 322. 364.] | diff. eff.:0.8184984583418908
2026-03-19 18:24:27,656 - AEMSOlogs - INFO - RCWA eval:[ 94.  87. 238. 320. 341. 367.] | diff. eff.:0.7900720634538678
2026-03-19 18:25:02,252 - AEMSOlogs - INFO - RCWA eval:[ 27. 157. 286. 309. 337. 368.] | diff. eff.:0.9312719558696952
2026-03-19 18:25:02,342 - AEMSOlogs - INFO - RCWA eval:[ 22. 163. 288. 299. 333. 376.] | diff. eff.:0.8625791051000424
2026-03-19 18:25:02,436 - AEMSOlogs - INFO - RCWA eval:[ 27. 162. 269. 313. 316. 346.] | diff. eff.:0.8278623179819671
2026-03-19 18:25:39,368 - AEMSOlogs - INFO - RCWA eval:[ 45. 140. 284. 302. 344. 381.] | diff. eff.:0.9076292049822311
2026-03-19 18:25:39,593 - AEMSOlogs - INFO - RCWA eval:[ 26. 109. 299. 323. 335. 380.] | diff. eff.:0.7843088004636678
2026-03-19 18:25:39,598 - AEMSOlogs - INFO - RCWA eval:[ 35. 121. 265. 298. 332. 347.] | diff. eff.:0.8902562748633498
2026-03-19 18:26:14,409 - AEMSOlogs - INFO - RCWA eval:[ 22. 135. 289. 290. 337. 362.] | diff. eff.:0.8534792612186946
2026-03-19 18:26:14,670 - AEMSOlogs - INFO - RCWA eval:[ 32. 110. 272. 310. 337. 371.] | diff. eff.:0.9269636461764031
2026-03-19 18:26:14,751 - AEMSOlogs - INFO - RCWA eval:[ 20. 171. 255. 306. 331. 359.] | diff. eff.:0.919649663303248
2026-03-19 18:26:49,070 - AEMSOlogs - INFO - RCWA eval:[ 83.  91. 256. 311. 310. 306.] | diff. eff.:0.528056837970976
2026-03-19 18:27:23,203 - AEMSOlogs - INFO - RCWA eval:[ 22. 173. 266. 305. 357. 377.] | diff. eff.:0.7613883438695264
2026-03-19 18:27:23,221 - AEMSOlogs - INFO - Iteration 28: Best Y = -0.9412228020081159 at x = [0.00928777 0.28489922 0.59254448 0.65742009 0.72926653 0.79954511]
2026-03-19 18:27:23,222 - AEMSOlogs - INFO - Working on simulations...
2026-03-19 18:27:57,473 - AEMSOlogs - INFO - RCWA eval:[ 56. 136. 271. 297. 345. 372.] | diff. eff.:0.9176823637650505
2026-03-19 18:27:57,548 - AEMSOlogs - INFO - RCWA eval:[ 20. 128. 274. 294. 342. 350.] | diff. eff.:0.874463882474871
2026-03-19 18:27:57,615 - AEMSOlogs - INFO - RCWA eval:[ 27. 135. 282. 303. 329. 342.] | diff. eff.:0.8229043027687226
2026-03-19 18:28:32,379 - AEMSOlogs - INFO - RCWA eval:[ 34. 121. 297. 295. 337. 376.] | diff. eff.:0.7935131318404705
2026-03-19 18:28:32,452 - AEMSOlogs - INFO - RCWA eval:[ 23. 140. 279. 313. 339. 347.] | diff. eff.:0.8173491699547083
2026-03-19 18:28:32,547 - AEMSOlogs - INFO - RCWA eval:[ 22. 131. 295. 303. 351. 386.] | diff. eff.:0.8316628644369228
2026-03-19 18:29:07,264 - AEMSOlogs - INFO - RCWA eval:[ 22. 138. 283. 320. 324. 372.] | diff. eff.:0.8631000824115416
2026-03-19 18:29:07,298 - AEMSOlogs - INFO - RCWA eval:[ 47. 151. 296. 300. 330. 367.] | diff. eff.:0.8317610517410283
2026-03-19 18:29:07,396 - AEMSOlogs - INFO - RCWA eval:[ 20. 115. 270. 290. 346. 354.] | diff. eff.:0.8708884240790371
2026-03-19 18:29:42,106 - AEMSOlogs - INFO - RCWA eval:[ 40. 155. 262. 326. 328. 357.] | diff. eff.:0.8430926950293104
2026-03-19 18:29:42,133 - AEMSOlogs - INFO - RCWA eval:[ 42. 123. 255. 298. 318. 363.] | diff. eff.:0.8826811051848122
2026-03-19 18:29:42,292 - AEMSOlogs - INFO - RCWA eval:[ 22. 145. 286. 305. 344. 367.] | diff. eff.:0.926914382020499
2026-03-19 18:30:16,446 - AEMSOlogs - INFO - RCWA eval:[ 24. 192. 287. 301. 334. 364.] | diff. eff.:0.9180297685583787
2026-03-19 18:30:50,879 - AEMSOlogs - INFO - RCWA eval:[ 54. 130. 283. 306. 336. 376.] | diff. eff.:0.9079243064758096
2026-03-19 18:30:50,898 - AEMSOlogs - INFO - Iteration 29: Best Y = -0.9412228020081159 at x = [0.00928777 0.28489922 0.59254448 0.65742009 0.72926653 0.79954511]
2026-03-19 18:30:50,899 - AEMSOlogs - INFO - Working on simulations...
2026-03-19 18:31:25,894 - AEMSOlogs - INFO - RCWA eval:[ 40. 121. 270. 320. 338. 369.] | diff. eff.:0.899559581585502
2026-03-19 18:31:25,931 - AEMSOlogs - INFO - RCWA eval:[ 20. 145. 270. 297. 329. 352.] | diff. eff.:0.9084400221331332
2026-03-19 18:31:25,956 - AEMSOlogs - INFO - RCWA eval:[ 20. 141. 257. 314. 337. 351.] | diff. eff.:0.8427052947715978
2026-03-19 18:32:00,948 - AEMSOlogs - INFO - RCWA eval:[ 26. 170. 303. 326. 346. 397.] | diff. eff.:0.7663860194168688
2026-03-19 18:32:01,012 - AEMSOlogs - INFO - RCWA eval:[ 21. 164. 269. 322. 320. 380.] | diff. eff.:0.8309848407271171
2026-03-19 18:32:01,014 - AEMSOlogs - INFO - RCWA eval:[ 63. 124. 280. 313. 346. 387.] | diff. eff.:0.8880527634466863
2026-03-19 18:32:35,573 - AEMSOlogs - INFO - RCWA eval:[ 23. 138. 277. 313. 330. 375.] | diff. eff.:0.9021728627855327
2026-03-19 18:32:35,684 - AEMSOlogs - INFO - RCWA eval:[ 39. 140. 294. 326. 331. 376.] | diff. eff.:0.8149562510434537
2026-03-19 18:32:35,728 - AEMSOlogs - INFO - RCWA eval:[ 27. 144. 260. 291. 334. 369.] | diff. eff.:0.8570699431089018
2026-03-19 18:33:10,300 - AEMSOlogs - INFO - RCWA eval:[ 35. 130. 261. 310. 326. 383.] | diff. eff.:0.8496635080404442
2026-03-19 18:33:10,441 - AEMSOlogs - INFO - RCWA eval:[ 27. 131. 280. 301. 344. 390.] | diff. eff.:0.8840059123584062
2026-03-19 18:33:10,568 - AEMSOlogs - INFO - RCWA eval:[ 21. 142. 280. 296. 350. 374.] | diff. eff.:0.8919935889010052
2026-03-19 18:33:44,032 - AEMSOlogs - INFO - RCWA eval:[ 22. 140. 310. 309. 334. 361.] | diff. eff.:0.735665951532418
2026-03-19 18:34:17,722 - AEMSOlogs - INFO - RCWA eval:[ 38. 140. 296. 316. 351. 371.] | diff. eff.:0.8414316103409363
2026-03-19 18:34:17,733 - AEMSOlogs - INFO - Iteration 30: Best Y = -0.9412228020081159 at x = [0.00928777 0.28489922 0.59254448 0.65742009 0.72926653 0.79954511]
2026-03-19 18:34:17,734 - AEMSOlogs - INFO - Working on simulations...
2026-03-19 18:34:52,584 - AEMSOlogs - INFO - RCWA eval:[ 20. 149. 288. 314. 333. 359.] | diff. eff.:0.8978493359251957
2026-03-19 18:34:52,626 - AEMSOlogs - INFO - RCWA eval:[ 20. 137. 275. 298. 331. 361.] | diff. eff.:0.9253098151976563
2026-03-19 18:34:52,681 - AEMSOlogs - INFO - RCWA eval:[ 21. 135. 284. 310. 328. 354.] | diff. eff.:0.8906726032447133
2026-03-19 18:35:27,153 - AEMSOlogs - INFO - RCWA eval:[ 29. 152. 293. 302. 343. 371.] | diff. eff.:0.8959425461654773
2026-03-19 18:35:27,321 - AEMSOlogs - INFO - RCWA eval:[ 21. 153. 270. 302. 334. 360.] | diff. eff.:0.9409857078566184
2026-03-19 18:35:27,385 - AEMSOlogs - INFO - RCWA eval:[ 53. 127. 258. 309. 323. 369.] | diff. eff.:0.8864213434904538
2026-03-19 18:36:01,518 - AEMSOlogs - INFO - RCWA eval:[ 34. 126. 268. 316. 333. 363.] | diff. eff.:0.9146885109696032
2026-03-19 18:36:01,732 - AEMSOlogs - INFO - RCWA eval:[ 59. 121. 265. 308. 338. 379.] | diff. eff.:0.8987686814030144
2026-03-19 18:36:01,790 - AEMSOlogs - INFO - RCWA eval:[ 28. 132. 291. 304. 338. 383.] | diff. eff.:0.86092857159488
2026-03-19 18:36:36,938 - AEMSOlogs - INFO - RCWA eval:[ 21. 156. 289. 322. 339. 375.] | diff. eff.:0.8890900894333665
2026-03-19 18:36:37,187 - AEMSOlogs - INFO - RCWA eval:[ 23. 137. 267. 300. 327. 371.] | diff. eff.:0.8892708948473887
2026-03-19 18:36:37,254 - AEMSOlogs - INFO - RCWA eval:[ 42. 130. 251. 301. 338. 365.] | diff. eff.:0.8991497229574892
2026-03-19 18:37:10,644 - AEMSOlogs - INFO - RCWA eval:[ 21. 141. 289. 306. 334. 358.] | diff. eff.:0.9005573581182815
2026-03-19 18:37:44,994 - AEMSOlogs - INFO - RCWA eval:[ 43. 131. 259. 301. 339. 359.] | diff. eff.:0.9189620389094817
2026-03-19 18:37:45,012 - AEMSOlogs - INFO - Iteration 31: Best Y = -0.9412228020081159 at x = [0.00928777 0.28489922 0.59254448 0.65742009 0.72926653 0.79954511]
2026-03-19 18:37:45,014 - AEMSOlogs - INFO - Working on simulations...
2026-03-19 18:38:22,455 - AEMSOlogs - INFO - RCWA eval:[ 21. 151. 283. 308. 341. 382.] | diff. eff.:0.9130571742828686
2026-03-19 18:38:22,489 - AEMSOlogs - INFO - RCWA eval:[ 31. 114. 266. 305. 331. 365.] | diff. eff.:0.9281416585050896
2026-03-19 18:38:22,614 - AEMSOlogs - INFO - RCWA eval:[ 20. 164. 280. 306. 334. 361.] | diff. eff.:0.9411975710805738
2026-03-19 18:38:58,758 - AEMSOlogs - INFO - RCWA eval:[ 21. 148. 267. 298. 337. 364.] | diff. eff.:0.9302076674093501
2026-03-19 18:38:58,946 - AEMSOlogs - INFO - RCWA eval:[ 28. 131. 273. 304. 337. 374.] | diff. eff.:0.9230850674992225
2026-03-19 18:38:58,985 - AEMSOlogs - INFO - RCWA eval:[ 23. 145. 272. 300. 335. 360.] | diff. eff.:0.9389411044186043
2026-03-19 18:39:33,233 - AEMSOlogs - INFO - RCWA eval:[ 24. 147. 278. 309. 329. 369.] | diff. eff.:0.9208024191646244
2026-03-19 18:39:33,493 - AEMSOlogs - INFO - RCWA eval:[ 21. 151. 266. 309. 335. 378.] | diff. eff.:0.9046273220019552
2026-03-19 18:39:33,558 - AEMSOlogs - INFO - RCWA eval:[ 25. 139. 273. 305. 339. 368.] | diff. eff.:0.9416237810921684
2026-03-19 18:40:08,037 - AEMSOlogs - INFO - RCWA eval:[ 21. 148. 291. 301. 340. 366.] | diff. eff.:0.9044539582225691
2026-03-19 18:40:08,475 - AEMSOlogs - INFO - RCWA eval:[ 20. 148. 269. 303. 326. 357.] | diff. eff.:0.9297405717449965
2026-03-19 18:40:08,487 - AEMSOlogs - INFO - RCWA eval:[ 22. 160. 256. 299. 337. 363.] | diff. eff.:0.915274042201467
2026-03-19 18:40:42,263 - AEMSOlogs - INFO - RCWA eval:[ 29. 133. 264. 301. 336. 358.] | diff. eff.:0.9302931760009026
2026-03-19 18:41:16,123 - AEMSOlogs - INFO - RCWA eval:[ 24. 153. 261. 306. 335. 360.] | diff. eff.:0.928275143250102
2026-03-19 18:41:16,134 - AEMSOlogs - INFO - Iteration 32: Best Y = -0.9416237810921684 at x = [0.01191853 0.27734816 0.58876308 0.66387286 0.74073317 0.80983134]
2026-03-19 18:41:16,135 - AEMSOlogs - INFO - Working on simulations...
2026-03-19 18:41:50,377 - AEMSOlogs - INFO - RCWA eval:[ 22. 144. 276. 304. 339. 367.] | diff. eff.:0.9445735061375399
2026-03-19 18:41:50,417 - AEMSOlogs - INFO - RCWA eval:[ 23. 160. 269. 301. 339. 357.] | diff. eff.:0.9298520453133563
2026-03-19 18:41:50,479 - AEMSOlogs - INFO - RCWA eval:[ 22. 155. 265. 303. 331. 366.] | diff. eff.:0.9271384306906686
2026-03-19 18:42:24,794 - AEMSOlogs - INFO - RCWA eval:[ 20. 163. 267. 302. 333. 356.] | diff. eff.:0.9308857243938807
2026-03-19 18:42:24,928 - AEMSOlogs - INFO - RCWA eval:[ 24. 127. 267. 304. 338. 359.] | diff. eff.:0.9320644938741098
2026-03-19 18:42:24,959 - AEMSOlogs - INFO - RCWA eval:[ 20. 153. 272. 303. 344. 365.] | diff. eff.:0.9354466406853095
2026-03-19 18:42:59,593 - AEMSOlogs - INFO - RCWA eval:[ 30. 132. 262. 305. 346. 359.] | diff. eff.:0.8792247227229528
2026-03-19 18:42:59,809 - AEMSOlogs - INFO - RCWA eval:[ 20. 148. 268. 301. 336. 358.] | diff. eff.:0.9352967185255725
2026-03-19 18:42:59,848 - AEMSOlogs - INFO - RCWA eval:[ 21. 151. 272. 300. 336. 359.] | diff. eff.:0.9384591791318684
2026-03-19 18:43:34,324 - AEMSOlogs - INFO - RCWA eval:[ 25. 142. 268. 296. 341. 359.] | diff. eff.:0.9251033008821973
2026-03-19 18:43:34,604 - AEMSOlogs - INFO - RCWA eval:[ 36. 134. 273. 298. 340. 370.] | diff. eff.:0.9265103091386095
2026-03-19 18:43:34,612 - AEMSOlogs - INFO - RCWA eval:[ 22. 150. 259. 308. 335. 364.] | diff. eff.:0.922355610116662
2026-03-19 18:44:08,654 - AEMSOlogs - INFO - RCWA eval:[ 24. 136. 273. 299. 341. 359.] | diff. eff.:0.9317811885471793
2026-03-19 18:44:43,011 - AEMSOlogs - INFO - RCWA eval:[ 20. 150. 286. 310. 333. 368.] | diff. eff.:0.9193936536957857
2026-03-19 18:44:43,029 - AEMSOlogs - INFO - Iteration 33: Best Y = -0.9445735061375399 at x = [0.003734   0.28951974 0.5946002  0.66072805 0.74289609 0.80783954]
2026-03-19 18:44:43,030 - AEMSOlogs - INFO - Working on simulations...
2026-03-19 18:45:17,440 - AEMSOlogs - INFO - RCWA eval:[ 21. 138. 286. 311. 345. 371.] | diff. eff.:0.9180050362916605
2026-03-19 18:45:17,626 - AEMSOlogs - INFO - RCWA eval:[ 23. 165. 275. 301. 339. 362.] | diff. eff.:0.9452574874732822
2026-03-19 18:45:17,660 - AEMSOlogs - INFO - RCWA eval:[ 22. 147. 282. 307. 343. 361.] | diff. eff.:0.9225961273219707
2026-03-19 18:45:51,767 - AEMSOlogs - INFO - RCWA eval:[ 22. 147. 277. 294. 349. 367.] | diff. eff.:0.9019851945802575
2026-03-19 18:45:52,054 - AEMSOlogs - INFO - RCWA eval:[ 21. 152. 286. 301. 345. 373.] | diff. eff.:0.9211048866315648
2026-03-19 18:45:52,058 - AEMSOlogs - INFO - RCWA eval:[ 21. 140. 273. 291. 344. 350.] | diff. eff.:0.8601869141299111
2026-03-19 18:46:26,574 - AEMSOlogs - INFO - RCWA eval:[ 20. 133. 274. 299. 339. 369.] | diff. eff.:0.9303935762715375
2026-03-19 18:46:26,933 - AEMSOlogs - INFO - RCWA eval:[ 22. 135. 275. 295. 344. 349.] | diff. eff.:0.8554803455198907
2026-03-19 18:46:26,953 - AEMSOlogs - INFO - RCWA eval:[ 22. 138. 267. 303. 337. 364.] | diff. eff.:0.9378809564375132
2026-03-19 18:47:01,376 - AEMSOlogs - INFO - RCWA eval:[ 20. 133. 262. 295. 343. 353.] | diff. eff.:0.8876089713839334
2026-03-19 18:47:01,637 - AEMSOlogs - INFO - RCWA eval:[ 21. 150. 272. 298. 337. 367.] | diff. eff.:0.9291193007710256
2026-03-19 18:47:01,706 - AEMSOlogs - INFO - RCWA eval:[ 22. 159. 284. 307. 341. 362.] | diff. eff.:0.9315665215929703
2026-03-19 18:47:34,988 - AEMSOlogs - INFO - RCWA eval:[ 20. 141. 261. 306. 334. 359.] | diff. eff.:0.9262922269374299
2026-03-19 18:48:08,609 - AEMSOlogs - INFO - RCWA eval:[ 20. 150. 263. 307. 334. 363.] | diff. eff.:0.9324511380338871
2026-03-19 18:48:08,628 - AEMSOlogs - INFO - Iteration 34: Best Y = -0.9452574874732822 at x = [0.0061855  0.33759044 0.59374488 0.65453262 0.74254633 0.79584997]
2026-03-19 18:48:08,629 - AEMSOlogs - INFO - Working on simulations...
2026-03-19 18:48:42,871 - AEMSOlogs - INFO - RCWA eval:[ 34. 165. 267. 297. 331. 358.] | diff. eff.:0.9246033601644184
2026-03-19 18:48:42,882 - AEMSOlogs - INFO - RCWA eval:[ 21. 143. 252. 295. 335. 358.] | diff. eff.:0.8992228048768892
2026-03-19 18:48:42,972 - AEMSOlogs - INFO - RCWA eval:[ 20. 167. 269. 293. 340. 369.] | diff. eff.:0.9067537546196015
2026-03-19 18:49:17,310 - AEMSOlogs - INFO - RCWA eval:[ 22. 174. 278. 308. 338. 363.] | diff. eff.:0.9483520100831224
2026-03-19 18:49:17,320 - AEMSOlogs - INFO - RCWA eval:[ 20. 163. 273. 305. 340. 368.] | diff. eff.:0.9464795187335862
2026-03-19 18:49:17,472 - AEMSOlogs - INFO - RCWA eval:[ 37. 168. 276. 305. 338. 355.] | diff. eff.:0.919393630054084
2026-03-19 18:49:51,553 - AEMSOlogs - INFO - RCWA eval:[ 26. 134. 260. 296. 340. 367.] | diff. eff.:0.9067177884010804
2026-03-19 18:49:51,665 - AEMSOlogs - INFO - RCWA eval:[ 20. 165. 280. 300. 344. 371.] | diff. eff.:0.9373214173347919
2026-03-19 18:49:51,751 - AEMSOlogs - INFO - RCWA eval:[ 20. 144. 267. 306. 331. 364.] | diff. eff.:0.9349456382386968
2026-03-19 18:50:25,712 - AEMSOlogs - INFO - RCWA eval:[ 23. 167. 282. 304. 340. 368.] | diff. eff.:0.9447442280469661
2026-03-19 18:50:25,936 - AEMSOlogs - INFO - RCWA eval:[ 34. 133. 274. 305. 342. 361.] | diff. eff.:0.9321564319337764
2026-03-19 18:50:26,017 - AEMSOlogs - INFO - RCWA eval:[ 20. 154. 265. 300. 337. 358.] | diff. eff.:0.9309327633367338
2026-03-19 18:50:59,475 - AEMSOlogs - INFO - RCWA eval:[ 25. 145. 272. 303. 332. 356.] | diff. eff.:0.9324814824401931
2026-03-19 18:51:33,284 - AEMSOlogs - INFO - RCWA eval:[ 34. 152. 267. 303. 340. 364.] | diff. eff.:0.9380482647278083
2026-03-19 18:51:33,294 - AEMSOlogs - INFO - Iteration 35: Best Y = -0.9483520100831224 at x = [0.00383211 0.35781507 0.59942555 0.6701878  0.73850207 0.79871834]
2026-03-19 18:51:33,295 - AEMSOlogs - INFO - Working on simulations...
2026-03-19 18:52:07,507 - AEMSOlogs - INFO - RCWA eval:[ 20. 164. 272. 306. 336. 359.] | diff. eff.:0.9404387701484661
2026-03-19 18:52:07,522 - AEMSOlogs - INFO - RCWA eval:[ 34. 162. 280. 307. 334. 369.] | diff. eff.:0.9365823677900228
2026-03-19 18:52:07,523 - AEMSOlogs - INFO - RCWA eval:[ 21. 156. 271. 306. 340. 365.] | diff. eff.:0.943734176260204
2026-03-19 18:52:41,797 - AEMSOlogs - INFO - RCWA eval:[ 20. 170. 275. 309. 333. 362.] | diff. eff.:0.9449679853922683
2026-03-19 18:52:41,822 - AEMSOlogs - INFO - RCWA eval:[ 21. 152. 274. 304. 341. 366.] | diff. eff.:0.9452324337759599
2026-03-19 18:52:41,937 - AEMSOlogs - INFO - RCWA eval:[ 21. 176. 291. 302. 342. 374.] | diff. eff.:0.9090782858019764
2026-03-19 18:53:16,085 - AEMSOlogs - INFO - RCWA eval:[ 20. 157. 271. 300. 332. 355.] | diff. eff.:0.9268903069411546
2026-03-19 18:53:16,102 - AEMSOlogs - INFO - RCWA eval:[ 22. 172. 285. 300. 341. 363.] | diff. eff.:0.9308452270357939
2026-03-19 18:53:16,248 - AEMSOlogs - INFO - RCWA eval:[ 21. 130. 279. 303. 336. 371.] | diff. eff.:0.9256537346918934
2026-03-19 18:53:50,220 - AEMSOlogs - INFO - RCWA eval:[ 30. 176. 284. 307. 336. 359.] | diff. eff.:0.9278999204779643
2026-03-19 18:53:50,275 - AEMSOlogs - INFO - RCWA eval:[ 20. 165. 280. 309. 344. 366.] | diff. eff.:0.9368073821632368
2026-03-19 18:53:50,438 - AEMSOlogs - INFO - RCWA eval:[ 21. 170. 279. 301. 338. 357.] | diff. eff.:0.9278025746933024
2026-03-19 18:54:23,873 - AEMSOlogs - INFO - RCWA eval:[ 22. 151. 275. 305. 343. 368.] | diff. eff.:0.9414618495001746
2026-03-19 18:54:57,547 - AEMSOlogs - INFO - RCWA eval:[ 26. 161. 279. 308. 342. 361.] | diff. eff.:0.9309538632130536
2026-03-19 18:54:57,576 - AEMSOlogs - INFO - Iteration 36: Best Y = -0.9483520100831224 at x = [0.00383211 0.35781507 0.59942555 0.6701878  0.73850207 0.79871834]
2026-03-19 18:54:57,578 - AEMSOlogs - INFO - Working on simulations...
2026-03-19 18:55:31,829 - AEMSOlogs - INFO - RCWA eval:[ 20. 169. 268. 307. 338. 369.] | diff. eff.:0.9396763460135226
2026-03-19 18:55:31,838 - AEMSOlogs - INFO - RCWA eval:[ 20. 169. 279. 308. 343. 368.] | diff. eff.:0.9452362883820741
2026-03-19 18:55:31,923 - AEMSOlogs - INFO - RCWA eval:[ 21. 167. 274. 302. 334. 356.] | diff. eff.:0.931465445773713
2026-03-19 18:56:05,991 - AEMSOlogs - INFO - RCWA eval:[ 21. 164. 267. 308. 340. 367.] | diff. eff.:0.9369964663335356
2026-03-19 18:56:06,069 - AEMSOlogs - INFO - RCWA eval:[ 21. 143. 271. 308. 340. 368.] | diff. eff.:0.9383608298963325
2026-03-19 18:56:06,118 - AEMSOlogs - INFO - RCWA eval:[ 22. 158. 268. 302. 337. 359.] | diff. eff.:0.9378959325195895
2026-03-19 18:56:40,121 - AEMSOlogs - INFO - RCWA eval:[ 20. 177. 284. 311. 334. 361.] | diff. eff.:0.9308637504798497
2026-03-19 18:56:40,255 - AEMSOlogs - INFO - RCWA eval:[ 27. 148. 283. 309. 342. 368.] | diff. eff.:0.9367203807761658
2026-03-19 18:56:40,387 - AEMSOlogs - INFO - RCWA eval:[ 20. 154. 276. 311. 334. 363.] | diff. eff.:0.9406564196539535
2026-03-19 18:57:14,206 - AEMSOlogs - INFO - RCWA eval:[ 21. 176. 274. 308. 336. 367.] | diff. eff.:0.9492216202408282
2026-03-19 18:57:14,516 - AEMSOlogs - INFO - RCWA eval:[ 23. 167. 282. 314. 337. 360.] | diff. eff.:0.9213672770032663
2026-03-19 18:57:14,566 - AEMSOlogs - INFO - RCWA eval:[ 21. 176. 277. 304. 343. 372.] | diff. eff.:0.9452364556877767
2026-03-19 18:57:47,932 - AEMSOlogs - INFO - RCWA eval:[ 22. 165. 271. 306. 335. 362.] | diff. eff.:0.9460563193925335
2026-03-19 18:58:21,585 - AEMSOlogs - INFO - RCWA eval:[ 21. 164. 281. 310. 342. 373.] | diff. eff.:0.9397172398259874
2026-03-19 18:58:21,604 - AEMSOlogs - INFO - Iteration 37: Best Y = -0.9492216202408282 at x = [0.0022655  0.3633346  0.59026506 0.6689122  0.7339249  0.80668919]
2026-03-19 18:58:21,605 - AEMSOlogs - INFO - Working on simulations...
2026-03-19 18:58:55,777 - AEMSOlogs - INFO - RCWA eval:[ 22. 160. 274. 305. 334. 361.] | diff. eff.:0.9452911139180801
2026-03-19 18:58:55,826 - AEMSOlogs - INFO - RCWA eval:[ 20. 171. 275. 309. 336. 370.] | diff. eff.:0.9437938909776433
2026-03-19 18:58:55,921 - AEMSOlogs - INFO - RCWA eval:[ 21. 166. 283. 310. 335. 367.] | diff. eff.:0.9386243665450282
2026-03-19 18:59:29,912 - AEMSOlogs - INFO - RCWA eval:[ 23. 172. 274. 310. 338. 369.] | diff. eff.:0.9464560605997006
2026-03-19 18:59:29,984 - AEMSOlogs - INFO - RCWA eval:[ 34. 194. 277. 309. 338. 366.] | diff. eff.:0.9548405437376023
2026-03-19 18:59:30,149 - AEMSOlogs - INFO - RCWA eval:[ 21. 158. 272. 303. 339. 368.] | diff. eff.:0.943016167060936
2026-03-19 19:00:04,003 - AEMSOlogs - INFO - RCWA eval:[ 21. 196. 280. 309. 340. 374.] | diff. eff.:0.9488182963184866
2026-03-19 19:00:04,097 - AEMSOlogs - INFO - RCWA eval:[ 26. 143. 270. 309. 338. 361.] | diff. eff.:0.9337438420562056
2026-03-19 19:00:04,305 - AEMSOlogs - INFO - RCWA eval:[ 26. 146. 275. 306. 340. 370.] | diff. eff.:0.9416756557015602
2026-03-19 19:00:38,081 - AEMSOlogs - INFO - RCWA eval:[ 27. 182. 281. 310. 339. 368.] | diff. eff.:0.9501165958099383
2026-03-19 19:00:38,247 - AEMSOlogs - INFO - RCWA eval:[ 20. 153. 267. 311. 330. 357.] | diff. eff.:0.9216564588016888
2026-03-19 19:00:38,416 - AEMSOlogs - INFO - RCWA eval:[ 20. 159. 266. 306. 335. 364.] | diff. eff.:0.939379180966496
2026-03-19 19:01:11,767 - AEMSOlogs - INFO - RCWA eval:[ 25. 179. 278. 308. 343. 376.] | diff. eff.:0.9406665119494994
2026-03-19 19:01:45,517 - AEMSOlogs - INFO - RCWA eval:[ 24. 174. 276. 307. 340. 363.] | diff. eff.:0.9475362565786618
2026-03-19 19:01:45,536 - AEMSOlogs - INFO - Iteration 38: Best Y = -0.9548405437376023 at x = [0.03161301 0.40545696 0.59791428 0.67318276 0.73889718 0.80395102]
2026-03-19 19:01:45,537 - AEMSOlogs - INFO - Working on simulations...
2026-03-19 19:02:19,700 - AEMSOlogs - INFO - RCWA eval:[ 68. 211. 281. 309. 342. 373.] | diff. eff.:0.9548777245271509
2026-03-19 19:02:19,819 - AEMSOlogs - INFO - RCWA eval:[ 53. 210. 284. 311. 335. 374.] | diff. eff.:0.9350085139144645
2026-03-19 19:02:19,835 - AEMSOlogs - INFO - RCWA eval:[ 31. 161. 270. 301. 336. 361.] | diff. eff.:0.9420792623002474
2026-03-19 19:02:53,882 - AEMSOlogs - INFO - RCWA eval:[ 22. 180. 276. 306. 335. 358.] | diff. eff.:0.937879019363258
2026-03-19 19:02:54,026 - AEMSOlogs - INFO - RCWA eval:[ 60. 196. 281. 307. 337. 361.] | diff. eff.:0.9435852198047455
2026-03-19 19:02:54,092 - AEMSOlogs - INFO - RCWA eval:[ 21. 164. 270. 310. 336. 371.] | diff. eff.:0.9349319026517361
2026-03-19 19:03:28,017 - AEMSOlogs - INFO - RCWA eval:[ 26. 193. 295. 314. 342. 370.] | diff. eff.:0.9041587810547899
2026-03-19 19:03:28,304 - AEMSOlogs - INFO - RCWA eval:[ 20. 188. 275. 310. 339. 369.] | diff. eff.:0.9518074406228719
2026-03-19 19:03:28,344 - AEMSOlogs - INFO - RCWA eval:[ 39. 197. 289. 310. 344. 367.] | diff. eff.:0.9310366303273451
2026-03-19 19:04:02,116 - AEMSOlogs - INFO - RCWA eval:[ 21. 167. 276. 303. 336. 361.] | diff. eff.:0.9456707915635335
2026-03-19 19:04:02,483 - AEMSOlogs - INFO - RCWA eval:[ 20. 151. 269. 306. 335. 361.] | diff. eff.:0.9414310066662962
2026-03-19 19:04:02,558 - AEMSOlogs - INFO - RCWA eval:[ 20. 162. 269. 311. 334. 364.] | diff. eff.:0.9385439055745302
2026-03-19 19:04:35,853 - AEMSOlogs - INFO - RCWA eval:[ 38. 195. 275. 312. 332. 372.] | diff. eff.:0.9347603254460687
2026-03-19 19:05:09,545 - AEMSOlogs - INFO - RCWA eval:[ 37. 219. 276. 312. 339. 370.] | diff. eff.:0.956397124031348
2026-03-19 19:05:09,569 - AEMSOlogs - INFO - Iteration 39: Best Y = -0.956397124031348 at x = [0.04021244 0.46325599 0.5956826  0.68017213 0.74244944 0.81410363]
2026-03-19 19:05:09,570 - AEMSOlogs - INFO - Working on simulations...
2026-03-19 19:05:43,830 - AEMSOlogs - INFO - RCWA eval:[ 93. 237. 278. 310. 344. 375.] | diff. eff.:0.9509872487183771
2026-03-19 19:05:43,851 - AEMSOlogs - INFO - RCWA eval:[ 81. 238. 279. 312. 333. 361.] | diff. eff.:0.9287162609648356
2026-03-19 19:05:43,951 - AEMSOlogs - INFO - RCWA eval:[ 36. 199. 283. 302. 338. 368.] | diff. eff.:0.9415099135060037
2026-03-19 19:06:18,236 - AEMSOlogs - INFO - RCWA eval:[ 24. 182. 271. 304. 337. 354.] | diff. eff.:0.9167337333134684
2026-03-19 19:06:18,378 - AEMSOlogs - INFO - RCWA eval:[ 20. 172. 280. 314. 332. 369.] | diff. eff.:0.9318122818960936
2026-03-19 19:06:18,468 - AEMSOlogs - INFO - RCWA eval:[ 21. 149. 266. 310. 339. 369.] | diff. eff.:0.9280819041867693
2026-03-19 19:06:52,631 - AEMSOlogs - INFO - RCWA eval:[ 21. 192. 267. 317. 344. 368.] | diff. eff.:0.912125419130862
2026-03-19 19:06:52,742 - AEMSOlogs - INFO - RCWA eval:[ 41. 200. 271. 311. 336. 369.] | diff. eff.:0.947744815519886
2026-03-19 19:06:52,892 - AEMSOlogs - INFO - RCWA eval:[ 22. 203. 275. 313. 330. 367.] | diff. eff.:0.9414695131643979
2026-03-19 19:07:26,903 - AEMSOlogs - INFO - RCWA eval:[ 63. 213. 275. 312. 336. 367.] | diff. eff.:0.9537426749479083
2026-03-19 19:07:27,059 - AEMSOlogs - INFO - RCWA eval:[ 64. 201. 277. 304. 341. 367.] | diff. eff.:0.9547629288765634
2026-03-19 19:07:27,212 - AEMSOlogs - INFO - RCWA eval:[ 51. 241. 285. 311. 340. 378.] | diff. eff.:0.9375179314751734
2026-03-19 19:08:00,686 - AEMSOlogs - INFO - RCWA eval:[ 31. 167. 290. 306. 347. 370.] | diff. eff.:0.9122629359870005
2026-03-19 19:08:34,474 - AEMSOlogs - INFO - RCWA eval:[ 49. 210. 284. 310. 334. 365.] | diff. eff.:0.9432897838752669
2026-03-19 19:08:34,502 - AEMSOlogs - INFO - Iteration 40: Best Y = -0.956397124031348 at x = [0.04021244 0.46325599 0.5956826  0.68017213 0.74244944 0.81410363]
2026-03-19 19:08:34,503 - AEMSOlogs - INFO - Working on simulations...
2026-03-19 19:09:08,644 - AEMSOlogs - INFO - RCWA eval:[ 95. 207. 274. 308. 341. 365.] | diff. eff.:0.9532197629345535
2026-03-19 19:09:08,706 - AEMSOlogs - INFO - RCWA eval:[ 37. 241. 273. 323. 336. 372.] | diff. eff.:0.9339677891253919
2026-03-19 19:09:08,784 - AEMSOlogs - INFO - RCWA eval:[ 21. 135. 259. 302. 333. 359.] | diff. eff.:0.9252976762788186
2026-03-19 19:09:42,691 - AEMSOlogs - INFO - RCWA eval:[ 83. 194. 269. 312. 343. 363.] | diff. eff.:0.9266010360605667
2026-03-19 19:09:42,865 - AEMSOlogs - INFO - RCWA eval:[ 83. 213. 283. 314. 342. 366.] | diff. eff.:0.9469084299380675
2026-03-19 19:09:43,054 - AEMSOlogs - INFO - RCWA eval:[ 36. 175. 268. 312. 339. 366.] | diff. eff.:0.9362244682771956
2026-03-19 19:10:17,187 - AEMSOlogs - INFO - RCWA eval:[ 68. 237. 277. 315. 346. 377.] | diff. eff.:0.9462528107821466
2026-03-19 19:10:17,398 - AEMSOlogs - INFO - RCWA eval:[ 73. 245. 276. 310. 334. 370.] | diff. eff.:0.9314237887524303
2026-03-19 19:10:17,597 - AEMSOlogs - INFO - RCWA eval:[ 51. 182. 283. 309. 340. 366.] | diff. eff.:0.9475480583170055
2026-03-19 19:10:51,528 - AEMSOlogs - INFO - RCWA eval:[ 92. 237. 280. 303. 340. 377.] | diff. eff.:0.9199155081984538
2026-03-19 19:10:51,808 - AEMSOlogs - INFO - RCWA eval:[ 52. 191. 278. 305. 334. 365.] | diff. eff.:0.9474650677938016
2026-03-19 19:10:52,054 - AEMSOlogs - INFO - RCWA eval:[ 32. 212. 285. 309. 343. 362.] | diff. eff.:0.9286245803868569
2026-03-19 19:11:25,285 - AEMSOlogs - INFO - RCWA eval:[ 21. 164. 284. 296. 334. 360.] | diff. eff.:0.9071569865075789
2026-03-19 19:11:58,937 - AEMSOlogs - INFO - RCWA eval:[ 88. 218. 277. 307. 343. 383.] | diff. eff.:0.9228358224703624
2026-03-19 19:11:58,962 - AEMSOlogs - INFO - Iteration 41: Best Y = -0.956397124031348 at x = [0.04021244 0.46325599 0.5956826  0.68017213 0.74244944 0.81410363]
2026-03-19 19:11:58,963 - AEMSOlogs - INFO - Working on simulations...
2026-03-19 19:12:33,177 - AEMSOlogs - INFO - RCWA eval:[ 89. 235. 279. 312. 345. 368.] | diff. eff.:0.9505017845459182
2026-03-19 19:12:33,187 - AEMSOlogs - INFO - RCWA eval:[113. 285. 283. 323. 334. 370.] | diff. eff.:0.7819752586334634
2026-03-19 19:12:33,280 - AEMSOlogs - INFO - RCWA eval:[ 34. 146. 270. 294. 334. 358.] | diff. eff.:0.9169924915143071
2026-03-19 19:13:07,375 - AEMSOlogs - INFO - RCWA eval:[ 94. 196. 274. 303. 339. 355.] | diff. eff.:0.9229854758939332
2026-03-19 19:13:07,391 - AEMSOlogs - INFO - RCWA eval:[110. 229. 280. 306. 330. 367.] | diff. eff.:0.9235536910218551
2026-03-19 19:13:07,539 - AEMSOlogs - INFO - RCWA eval:[104. 185. 269. 303. 336. 360.] | diff. eff.:0.9427864105702035
2026-03-19 19:13:42,156 - AEMSOlogs - INFO - RCWA eval:[ 64. 201. 285. 315. 344. 370.] | diff. eff.:0.9406505144646622
2026-03-19 19:13:42,202 - AEMSOlogs - INFO - RCWA eval:[ 84. 237. 278. 310. 344. 366.] | diff. eff.:0.9468108821209897
2026-03-19 19:13:42,348 - AEMSOlogs - INFO - RCWA eval:[ 21. 116. 266. 288. 338. 356.] | diff. eff.:0.8763632847378215
2026-03-19 19:14:16,321 - AEMSOlogs - INFO - RCWA eval:[ 71. 178. 282. 309. 338. 363.] | diff. eff.:0.9444622629291937
2026-03-19 19:14:16,441 - AEMSOlogs - INFO - RCWA eval:[ 61. 201. 285. 312. 349. 371.] | diff. eff.:0.9225680898776735
2026-03-19 19:14:16,541 - AEMSOlogs - INFO - RCWA eval:[ 29. 221. 284. 314. 341. 371.] | diff. eff.:0.9537059505523799
2026-03-19 19:14:50,125 - AEMSOlogs - INFO - RCWA eval:[ 83. 190. 286. 298. 341. 364.] | diff. eff.:0.9277863566198126
2026-03-19 19:15:24,055 - AEMSOlogs - INFO - RCWA eval:[138. 197. 270. 298. 341. 353.] | diff. eff.:0.9079320744462412
2026-03-19 19:15:24,067 - AEMSOlogs - INFO - Iteration 42: Best Y = -0.956397124031348 at x = [0.04021244 0.46325599 0.5956826  0.68017213 0.74244944 0.81410363]
2026-03-19 19:15:24,068 - AEMSOlogs - INFO - Working on simulations...
2026-03-19 19:15:58,245 - AEMSOlogs - INFO - RCWA eval:[ 26. 180. 277. 319. 340. 367.] | diff. eff.:0.9272163858205625
2026-03-19 19:15:58,314 - AEMSOlogs - INFO - RCWA eval:[110. 254. 282. 309. 340. 369.] | diff. eff.:0.9327529438654522
2026-03-19 19:15:58,358 - AEMSOlogs - INFO - RCWA eval:[ 47. 222. 281. 304. 351. 372.] | diff. eff.:0.9175327670164685
2026-03-19 19:16:32,299 - AEMSOlogs - INFO - RCWA eval:[117. 226. 272. 314. 335. 367.] | diff. eff.:0.9470375279304559
2026-03-19 19:16:32,497 - AEMSOlogs - INFO - RCWA eval:[ 98. 229. 269. 310. 339. 369.] | diff. eff.:0.9464170108486558
2026-03-19 19:16:32,577 - AEMSOlogs - INFO - RCWA eval:[ 50. 208. 268. 309. 335. 353.] | diff. eff.:0.9001902480139328
2026-03-19 19:17:06,544 - AEMSOlogs - INFO - RCWA eval:[ 62. 203. 277. 311. 346. 364.] | diff. eff.:0.9267162975527177
2026-03-19 19:17:06,789 - AEMSOlogs - INFO - RCWA eval:[106. 245. 279. 315. 337. 372.] | diff. eff.:0.9432939902478821
2026-03-19 19:17:06,920 - AEMSOlogs - INFO - RCWA eval:[ 24. 179. 269. 308. 336. 367.] | diff. eff.:0.944869906528525
2026-03-19 19:17:41,328 - AEMSOlogs - INFO - RCWA eval:[ 20. 179. 291. 307. 349. 373.] | diff. eff.:0.9034563338647418
2026-03-19 19:17:41,596 - AEMSOlogs - INFO - RCWA eval:[ 36. 180. 280. 308. 333. 359.] | diff. eff.:0.9357493527392323
2026-03-19 19:17:41,722 - AEMSOlogs - INFO - RCWA eval:[ 52. 256. 280. 323. 340. 370.] | diff. eff.:0.9355102396534021
2026-03-19 19:18:15,870 - AEMSOlogs - INFO - RCWA eval:[ 23. 212. 279. 314. 345. 371.] | diff. eff.:0.9468166220644078
2026-03-19 19:18:50,209 - AEMSOlogs - INFO - RCWA eval:[ 40. 221. 282. 317. 346. 370.] | diff. eff.:0.9394462448615754
2026-03-19 19:18:50,231 - AEMSOlogs - INFO - Iteration 43: Best Y = -0.956397124031348 at x = [0.04021244 0.46325599 0.5956826  0.68017213 0.74244944 0.81410363]
2026-03-19 19:18:50,232 - AEMSOlogs - INFO - Working on simulations...
2026-03-19 19:19:25,077 - AEMSOlogs - INFO - RCWA eval:[ 75. 192. 273. 312. 334. 370.] | diff. eff.:0.9410369696078288
2026-03-19 19:19:25,113 - AEMSOlogs - INFO - RCWA eval:[164. 287. 282. 311. 337. 363.] | diff. eff.:0.7378939510554002
2026-03-19 19:19:25,169 - AEMSOlogs - INFO - RCWA eval:[149. 277. 271. 321. 339. 365.] | diff. eff.:0.8448764928756606
2026-03-19 19:19:59,855 - AEMSOlogs - INFO - RCWA eval:[ 44. 251. 285. 311. 339. 372.] | diff. eff.:0.9353683293018877
2026-03-19 19:19:59,903 - AEMSOlogs - INFO - RCWA eval:[114. 229. 272. 309. 339. 374.] | diff. eff.:0.9340459301946875
2026-03-19 19:20:00,014 - AEMSOlogs - INFO - RCWA eval:[ 25. 185. 277. 320. 338. 366.] | diff. eff.:0.9264587774902496
2026-03-19 19:20:34,665 - AEMSOlogs - INFO - RCWA eval:[ 63. 209. 266. 307. 333. 370.] | diff. eff.:0.9303899389110689
2026-03-19 19:20:34,695 - AEMSOlogs - INFO - RCWA eval:[ 47. 223. 271. 315. 344. 366.] | diff. eff.:0.933422670103224
2026-03-19 19:20:34,918 - AEMSOlogs - INFO - RCWA eval:[ 46. 225. 278. 313. 346. 376.] | diff. eff.:0.9482178714258864
2026-03-19 19:21:09,426 - AEMSOlogs - INFO - RCWA eval:[ 97. 272. 286. 312. 336. 376.] | diff. eff.:0.8448780574688707
2026-03-19 19:21:09,531 - AEMSOlogs - INFO - RCWA eval:[ 65. 226. 270. 309. 341. 370.] | diff. eff.:0.949391154805932
2026-03-19 19:21:09,678 - AEMSOlogs - INFO - RCWA eval:[178. 287. 274. 314. 340. 366.] | diff. eff.:0.738328619348005
2026-03-19 19:21:43,864 - AEMSOlogs - INFO - RCWA eval:[ 62. 187. 270. 307. 337. 358.] | diff. eff.:0.9355750209601555
2026-03-19 19:22:18,180 - AEMSOlogs - INFO - RCWA eval:[ 72. 220. 278. 310. 340. 373.] | diff. eff.:0.9540373033507639
2026-03-19 19:22:18,206 - AEMSOlogs - INFO - Iteration 44: Best Y = -0.956397124031348 at x = [0.04021244 0.46325599 0.5956826  0.68017213 0.74244944 0.81410363]
2026-03-19 19:22:18,208 - AEMSOlogs - INFO - Working on simulations...
2026-03-19 19:22:53,073 - AEMSOlogs - INFO - RCWA eval:[ 63. 199. 275. 311. 344. 368.] | diff. eff.:0.945906028649931
2026-03-19 19:22:53,140 - AEMSOlogs - INFO - RCWA eval:[ 51. 199. 276. 308. 342. 362.] | diff. eff.:0.9423394106896952
2026-03-19 19:22:53,174 - AEMSOlogs - INFO - RCWA eval:[114. 242. 280. 313. 343. 370.] | diff. eff.:0.9563126088836084
2026-03-19 19:23:27,801 - AEMSOlogs - INFO - RCWA eval:[ 71. 218. 262. 314. 336. 371.] | diff. eff.:0.9276536350849139
2026-03-19 19:23:27,962 - AEMSOlogs - INFO - RCWA eval:[ 51. 222. 275. 305. 342. 373.] | diff. eff.:0.9497208718878731
2026-03-19 19:23:27,986 - AEMSOlogs - INFO - RCWA eval:[ 37. 195. 272. 312. 340. 373.] | diff. eff.:0.9436002412037066
2026-03-19 19:24:02,568 - AEMSOlogs - INFO - RCWA eval:[ 48. 245. 270. 313. 343. 375.] | diff. eff.:0.9385977393920115
2026-03-19 19:24:02,758 - AEMSOlogs - INFO - RCWA eval:[ 73. 242. 279. 316. 341. 381.] | diff. eff.:0.9295460264147476
2026-03-19 19:24:02,844 - AEMSOlogs - INFO - RCWA eval:[ 62. 221. 274. 307. 339. 365.] | diff. eff.:0.9530002397430012
2026-03-19 19:24:37,378 - AEMSOlogs - INFO - RCWA eval:[ 21. 193. 272. 311. 347. 372.] | diff. eff.:0.926090952950572
2026-03-19 19:24:37,505 - AEMSOlogs - INFO - RCWA eval:[ 68. 246. 282. 310. 342. 377.] | diff. eff.:0.9414781589704367
2026-03-19 19:24:37,740 - AEMSOlogs - INFO - RCWA eval:[ 40. 205. 276. 307. 336. 366.] | diff. eff.:0.953869380776759
2026-03-19 19:25:11,646 - AEMSOlogs - INFO - RCWA eval:[ 61. 224. 280. 316. 348. 376.] | diff. eff.:0.9376807773056407
2026-03-19 19:25:45,994 - AEMSOlogs - INFO - RCWA eval:[ 92. 255. 277. 311. 339. 375.] | diff. eff.:0.9196920006598178
2026-03-19 19:25:46,018 - AEMSOlogs - INFO - Iteration 45: Best Y = -0.956397124031348 at x = [0.04021244 0.46325599 0.5956826  0.68017213 0.74244944 0.81410363]
2026-03-19 19:25:46,019 - AEMSOlogs - INFO - Working on simulations...
2026-03-19 19:26:20,815 - AEMSOlogs - INFO - RCWA eval:[ 87. 230. 281. 312. 337. 366.] | diff. eff.:0.9520215124906285
2026-03-19 19:26:20,851 - AEMSOlogs - INFO - RCWA eval:[ 60. 228. 286. 314. 339. 370.] | diff. eff.:0.950091368673425
2026-03-19 19:26:21,004 - AEMSOlogs - INFO - RCWA eval:[ 45. 214. 273. 307. 343. 370.] | diff. eff.:0.9526981695187949
2026-03-19 19:26:55,530 - AEMSOlogs - INFO - RCWA eval:[ 96. 253. 288. 315. 348. 364.] | diff. eff.:0.8995456988781936
2026-03-19 19:26:55,634 - AEMSOlogs - INFO - RCWA eval:[ 63. 235. 278. 309. 349. 368.] | diff. eff.:0.9276060669372498
2026-03-19 19:26:55,883 - AEMSOlogs - INFO - RCWA eval:[ 63. 204. 275. 306. 342. 372.] | diff. eff.:0.951805248184552
2026-03-19 19:27:30,359 - AEMSOlogs - INFO - RCWA eval:[ 95. 231. 278. 312. 340. 377.] | diff. eff.:0.9384645665871122
2026-03-19 19:27:30,557 - AEMSOlogs - INFO - RCWA eval:[ 84. 212. 280. 305. 344. 365.] | diff. eff.:0.9478641481141789
2026-03-19 19:27:30,868 - AEMSOlogs - INFO - RCWA eval:[ 43. 206. 273. 308. 338. 360.] | diff. eff.:0.9417989365779125
2026-03-19 19:28:05,069 - AEMSOlogs - INFO - RCWA eval:[ 81. 230. 271. 315. 339. 376.] | diff. eff.:0.9345098988387835
2026-03-19 19:28:05,246 - AEMSOlogs - INFO - RCWA eval:[ 93. 259. 287. 309. 346. 373.] | diff. eff.:0.9300853584079264
2026-03-19 19:28:05,667 - AEMSOlogs - INFO - RCWA eval:[ 47. 199. 286. 305. 344. 363.] | diff. eff.:0.9294512057096109
2026-03-19 19:28:39,410 - AEMSOlogs - INFO - RCWA eval:[ 98. 248. 279. 320. 335. 370.] | diff. eff.:0.941640423082916
2026-03-19 19:29:13,752 - AEMSOlogs - INFO - RCWA eval:[ 72. 220. 281. 312. 337. 367.] | diff. eff.:0.9544403944360854
2026-03-19 19:29:13,770 - AEMSOlogs - INFO - Iteration 46: Best Y = -0.956397124031348 at x = [0.04021244 0.46325599 0.5956826  0.68017213 0.74244944 0.81410363]
2026-03-19 19:29:13,771 - AEMSOlogs - INFO - Working on simulations...
2026-03-19 19:29:48,588 - AEMSOlogs - INFO - RCWA eval:[ 76. 226. 284. 304. 344. 365.] | diff. eff.:0.9399174096750864
2026-03-19 19:29:48,658 - AEMSOlogs - INFO - RCWA eval:[ 90. 226. 283. 315. 344. 373.] | diff. eff.:0.9535319400114136
2026-03-19 19:29:48,736 - AEMSOlogs - INFO - RCWA eval:[ 61. 202. 280. 305. 342. 364.] | diff. eff.:0.949632371343703
2026-03-19 19:30:23,316 - AEMSOlogs - INFO - RCWA eval:[ 58. 233. 283. 314. 343. 374.] | diff. eff.:0.9554356759521339
2026-03-19 19:30:23,443 - AEMSOlogs - INFO - RCWA eval:[ 84. 224. 273. 310. 341. 365.] | diff. eff.:0.9506442288878154
2026-03-19 19:30:23,548 - AEMSOlogs - INFO - RCWA eval:[ 71. 215. 278. 312. 340. 368.] | diff. eff.:0.957332072737087
2026-03-19 19:30:58,116 - AEMSOlogs - INFO - RCWA eval:[ 58. 192. 274. 308. 341. 369.] | diff. eff.:0.9524615542609947
2026-03-19 19:30:58,305 - AEMSOlogs - INFO - RCWA eval:[ 73. 231. 279. 311. 340. 374.] | diff. eff.:0.9519841070872753
2026-03-19 19:30:58,410 - AEMSOlogs - INFO - RCWA eval:[ 47. 212. 273. 309. 344. 366.] | diff. eff.:0.9455215067222212
2026-03-19 19:31:32,959 - AEMSOlogs - INFO - RCWA eval:[ 42. 214. 275. 313. 335. 366.] | diff. eff.:0.951641298158894
2026-03-19 19:31:33,121 - AEMSOlogs - INFO - RCWA eval:[ 72. 222. 282. 306. 343. 369.] | diff. eff.:0.9548724910204128
2026-03-19 19:31:33,283 - AEMSOlogs - INFO - RCWA eval:[ 72. 222. 279. 313. 340. 371.] | diff. eff.:0.9572413899557478
2026-03-19 19:32:07,255 - AEMSOlogs - INFO - RCWA eval:[ 52. 212. 278. 308. 344. 366.] | diff. eff.:0.9499805793649834
2026-03-19 19:32:41,687 - AEMSOlogs - INFO - RCWA eval:[ 41. 213. 275. 312. 338. 370.] | diff. eff.:0.9543354622151712
2026-03-19 19:32:41,708 - AEMSOlogs - INFO - Iteration 47: Best Y = -0.957332072737087 at x = [0.11889901 0.45350601 0.59989769 0.6801387  0.74367332 0.8093641 ]
2026-03-19 19:32:41,709 - AEMSOlogs - INFO - Working on simulations...
2026-03-19 19:33:16,443 - AEMSOlogs - INFO - RCWA eval:[ 80. 234. 287. 314. 344. 374.] | diff. eff.:0.9505544647056071
2026-03-19 19:33:16,636 - AEMSOlogs - INFO - RCWA eval:[ 96. 240. 278. 313. 340. 372.] | diff. eff.:0.9522035324618197
2026-03-19 19:33:16,669 - AEMSOlogs - INFO - RCWA eval:[ 69. 212. 278. 314. 340. 369.] | diff. eff.:0.9548487652388995
2026-03-19 19:33:51,238 - AEMSOlogs - INFO - RCWA eval:[ 65. 206. 278. 310. 339. 372.] | diff. eff.:0.9530041044472285
2026-03-19 19:33:51,474 - AEMSOlogs - INFO - RCWA eval:[ 59. 203. 271. 307. 340. 363.] | diff. eff.:0.9482371096618364
2026-03-19 19:33:51,475 - AEMSOlogs - INFO - RCWA eval:[ 95. 220. 274. 308. 341. 370.] | diff. eff.:0.9545453552918383
2026-03-19 19:34:25,903 - AEMSOlogs - INFO - RCWA eval:[ 70. 235. 283. 309. 343. 372.] | diff. eff.:0.954880703186069
2026-03-19 19:34:26,281 - AEMSOlogs - INFO - RCWA eval:[ 48. 195. 278. 312. 337. 364.] | diff. eff.:0.9493621714778055
2026-03-19 19:34:26,296 - AEMSOlogs - INFO - RCWA eval:[ 72. 222. 278. 311. 342. 370.] | diff. eff.:0.9584421340346005
2026-03-19 19:35:00,510 - AEMSOlogs - INFO - RCWA eval:[ 70. 232. 279. 311. 344. 373.] | diff. eff.:0.9564972352460979
2026-03-19 19:35:00,993 - AEMSOlogs - INFO - RCWA eval:[ 78. 216. 280. 313. 337. 367.] | diff. eff.:0.954581876570118
2026-03-19 19:35:01,039 - AEMSOlogs - INFO - RCWA eval:[ 75. 219. 277. 310. 343. 371.] | diff. eff.:0.9570200846266569
2026-03-19 19:35:34,461 - AEMSOlogs - INFO - RCWA eval:[ 53. 214. 284. 310. 342. 369.] | diff. eff.:0.9541955048125941
2026-03-19 19:36:08,392 - AEMSOlogs - INFO - RCWA eval:[ 57. 225. 281. 316. 337. 366.] | diff. eff.:0.9489534906299558
2026-03-19 19:36:08,410 - AEMSOlogs - INFO - Iteration 48: Best Y = -0.9584421340346005 at x = [0.12181262 0.46945138 0.59994238 0.67742432 0.74922719 0.8150604 ]
2026-03-19 19:36:08,411 - AEMSOlogs - INFO - Working on simulations...
2026-03-19 19:36:42,805 - AEMSOlogs - INFO - RCWA eval:[110. 236. 275. 314. 343. 370.] | diff. eff.:0.9538551411744692
2026-03-19 19:36:42,832 - AEMSOlogs - INFO - RCWA eval:[ 84. 234. 275. 313. 345. 374.] | diff. eff.:0.9501099405422889
2026-03-19 19:36:42,929 - AEMSOlogs - INFO - RCWA eval:[ 67. 222. 275. 312. 342. 370.] | diff. eff.:0.9556709375522056
2026-03-19 19:37:16,973 - AEMSOlogs - INFO - RCWA eval:[111. 237. 280. 314. 345. 372.] | diff. eff.:0.9556770230614012
2026-03-19 19:37:17,005 - AEMSOlogs - INFO - RCWA eval:[ 59. 217. 279. 309. 346. 373.] | diff. eff.:0.9509370900583616
2026-03-19 19:37:17,145 - AEMSOlogs - INFO - RCWA eval:[ 60. 219. 280. 313. 341. 371.] | diff. eff.:0.9572701053335211
2026-03-19 19:37:51,091 - AEMSOlogs - INFO - RCWA eval:[ 73. 214. 277. 310. 343. 372.] | diff. eff.:0.9556162906305677
2026-03-19 19:37:51,230 - AEMSOlogs - INFO - RCWA eval:[ 45. 206. 281. 312. 342. 370.] | diff. eff.:0.9543114819991381
2026-03-19 19:37:51,285 - AEMSOlogs - INFO - RCWA eval:[ 60. 226. 282. 316. 344. 374.] | diff. eff.:0.9520039651264977
2026-03-19 19:38:25,402 - AEMSOlogs - INFO - RCWA eval:[ 89. 215. 278. 312. 343. 372.] | diff. eff.:0.9552826963082123
2026-03-19 19:38:25,683 - AEMSOlogs - INFO - RCWA eval:[ 75. 227. 278. 309. 343. 373.] | diff. eff.:0.9559746983871314
2026-03-19 19:38:25,707 - AEMSOlogs - INFO - RCWA eval:[ 82. 231. 278. 310. 339. 369.] | diff. eff.:0.9556518230972487
2026-03-19 19:38:59,792 - AEMSOlogs - INFO - RCWA eval:[ 78. 223. 275. 310. 341. 368.] | diff. eff.:0.9566733749712687
2026-03-19 19:39:34,051 - AEMSOlogs - INFO - RCWA eval:[ 66. 243. 284. 317. 345. 380.] | diff. eff.:0.9421458740639662
2026-03-19 19:39:34,074 - AEMSOlogs - INFO - Iteration 49: Best Y = -0.9584421340346005 at x = [0.12181262 0.46945138 0.59994238 0.67742432 0.74922719 0.8150604 ]
2026-03-19 19:39:34,076 - AEMSOlogs - INFO - Working on simulations...
2026-03-19 19:40:08,969 - AEMSOlogs - INFO - RCWA eval:[ 91. 232. 279. 311. 344. 371.] | diff. eff.:0.9573558740982749
2026-03-19 19:40:08,985 - AEMSOlogs - INFO - RCWA eval:[ 58. 218. 279. 312. 341. 372.] | diff. eff.:0.9569962707373117
2026-03-19 19:40:09,000 - AEMSOlogs - INFO - RCWA eval:[ 77. 232. 277. 311. 342. 372.] | diff. eff.:0.9563310684808312
2026-03-19 19:40:43,674 - AEMSOlogs - INFO - RCWA eval:[ 98. 242. 279. 313. 344. 373.] | diff. eff.:0.9542945954831836
2026-03-19 19:40:43,794 - AEMSOlogs - INFO - RCWA eval:[ 90. 229. 275. 313. 343. 373.] | diff. eff.:0.9527862307235506
2026-03-19 19:40:43,811 - AEMSOlogs - INFO - RCWA eval:[ 79. 229. 279. 312. 342. 372.] | diff. eff.:0.9578768434560794
2026-03-19 19:41:18,441 - AEMSOlogs - INFO - RCWA eval:[ 76. 222. 279. 312. 338. 365.] | diff. eff.:0.9533543402080975
2026-03-19 19:41:18,637 - AEMSOlogs - INFO - RCWA eval:[ 73. 223. 280. 313. 339. 365.] | diff. eff.:0.9518165993488372
2026-03-19 19:41:18,707 - AEMSOlogs - INFO - RCWA eval:[ 79. 227. 276. 311. 339. 367.] | diff. eff.:0.9559440525408739
2026-03-19 19:41:53,104 - AEMSOlogs - INFO - RCWA eval:[ 63. 222. 281. 311. 342. 371.] | diff. eff.:0.958340249648671
2026-03-19 19:41:53,393 - AEMSOlogs - INFO - RCWA eval:[105. 236. 278. 314. 343. 371.] | diff. eff.:0.9565876756285084
2026-03-19 19:41:53,429 - AEMSOlogs - INFO - RCWA eval:[ 66. 221. 280. 311. 344. 373.] | diff. eff.:0.9560956461947278
2026-03-19 19:42:27,448 - AEMSOlogs - INFO - RCWA eval:[ 59. 216. 277. 307. 341. 369.] | diff. eff.:0.9574947333945504
2026-03-19 19:43:01,793 - AEMSOlogs - INFO - RCWA eval:[ 98. 225. 283. 316. 342. 371.] | diff. eff.:0.9542763710739882
2026-03-19 19:43:01,804 - AEMSOlogs - INFO - Iteration 50: Best Y = -0.9584421340346005 at x = [0.12181262 0.46945138 0.59994238 0.67742432 0.74922719 0.8150604 ]
2026-03-19 19:43:01,805 - AEMSOlogs - INFO - Working on simulations...
2026-03-19 19:43:36,567 - AEMSOlogs - INFO - RCWA eval:[ 78. 222. 279. 311. 344. 372.] | diff. eff.:0.9566515618675608
2026-03-19 19:43:36,632 - AEMSOlogs - INFO - RCWA eval:[ 78. 217. 280. 311. 342. 370.] | diff. eff.:0.9583149483762035
2026-03-19 19:43:36,727 - AEMSOlogs - INFO - RCWA eval:[ 68. 232. 277. 311. 342. 371.] | diff. eff.:0.9570110475624038
2026-03-19 19:44:11,262 - AEMSOlogs - INFO - RCWA eval:[ 73. 232. 278. 313. 342. 373.] | diff. eff.:0.9561312277567502
2026-03-19 19:44:11,445 - AEMSOlogs - INFO - RCWA eval:[ 80. 221. 277. 311. 343. 370.] | diff. eff.:0.9570344220767276
2026-03-19 19:44:11,491 - AEMSOlogs - INFO - RCWA eval:[ 74. 218. 278. 308. 342. 371.] | diff. eff.:0.9575033323294536
2026-03-19 19:44:46,066 - AEMSOlogs - INFO - RCWA eval:[ 96. 236. 281. 311. 344. 370.] | diff. eff.:0.9566266766205119
2026-03-19 19:44:46,384 - AEMSOlogs - INFO - RCWA eval:[ 74. 229. 279. 308. 343. 369.] | diff. eff.:0.9565150243101959
2026-03-19 19:44:46,386 - AEMSOlogs - INFO - RCWA eval:[ 75. 219. 282. 312. 341. 370.] | diff. eff.:0.9574838174623725
2026-03-19 19:45:20,790 - AEMSOlogs - INFO - RCWA eval:[ 64. 229. 277. 312. 340. 370.] | diff. eff.:0.9572414148748445
2026-03-19 19:45:21,223 - AEMSOlogs - INFO - RCWA eval:[ 78. 222. 280. 311. 342. 370.] | diff. eff.:0.9588314997741659
2026-03-19 19:45:21,274 - AEMSOlogs - INFO - RCWA eval:[ 44. 216. 278. 311. 342. 371.] | diff. eff.:0.9574328871140223
2026-03-19 19:45:55,292 - AEMSOlogs - INFO - RCWA eval:[ 68. 221. 278. 309. 342. 372.] | diff. eff.:0.9572016780210871
2026-03-19 19:46:29,582 - AEMSOlogs - INFO - RCWA eval:[ 67. 221. 280. 307. 343. 371.] | diff. eff.:0.9569682266918548
2026-03-19 19:46:29,606 - AEMSOlogs - INFO - Iteration 51: Best Y = -0.9588314997741659 at x = [0.13403893 0.46996863 0.60517365 0.67700789 0.74968142 0.81488772]
2026-03-19 19:46:29,606 - AEMSOlogs - INFO - 
=========
Best obj. function= -0.9588314997741659, geometry= [[ 78. 222. 280. 311. 342. 370.]]
 =========
2026-03-19 19:46:29,606 - AEMSOlogs - INFO - Finished!



[vergerioed@login AEMSO]$ seff 3983325
Job ID: 3983325
Cluster: cluster_dei
User/Group: vergerioed/dottor
State: COMPLETED (exit code 0)
Nodes: 1
Cores per node: 4
CPU Utilized: 06:59:31
CPU Efficiency: 58.46% of 11:57:40 core-walltime
Job Wall-clock time: 02:59:25
Memory Utilized: 3.31 GB
Memory Efficiency: 20.66% of 16.00 GB (16.00 GB/node)
