2026-03-22 00:32:08,157 - AEMSOlogs - INFO - Working on simulations...
2026-03-22 00:32:40,857 - AEMSOlogs - INFO - RCWA eval:[242. 192. 280. 243. 211. 174.] | diff. eff.:0.06864091237007196
2026-03-22 00:32:47,709 - AEMSOlogs - INFO - RCWA eval:[333. 196. 348. 332. 110. 233.] | diff. eff.:0.07977073906195453
2026-03-22 00:32:54,555 - AEMSOlogs - INFO - RCWA eval:[285. 311. 211. 104. 271. 270.] | diff. eff.:0.5081727745384355
2026-03-22 00:33:01,484 - AEMSOlogs - INFO - RCWA eval:[282. 258. 327. 248. 271. 265.] | diff. eff.:0.0594141515524507
2026-03-22 00:33:08,301 - AEMSOlogs - INFO - RCWA eval:[229. 110. 440. 102. 325.  96.] | diff. eff.:0.035620881043816124
2026-03-22 00:33:15,142 - AEMSOlogs - INFO - RCWA eval:[291. 113. 214. 213. 332. 447.] | diff. eff.:0.027853969008770747
2026-03-22 00:33:21,994 - AEMSOlogs - INFO - RCWA eval:[178. 152.  84. 162. 228. 234.] | diff. eff.:0.03675450064796269
2026-03-22 00:33:28,851 - AEMSOlogs - INFO - RCWA eval:[253. 231. 359. 445. 376. 178.] | diff. eff.:0.16211561674832975
2026-03-22 00:33:35,669 - AEMSOlogs - INFO - RCWA eval:[203. 345. 178. 243. 323. 144.] | diff. eff.:0.07763786391759397
2026-03-22 00:33:42,480 - AEMSOlogs - INFO - RCWA eval:[ 61. 325. 300. 258. 184. 318.] | diff. eff.:0.02240255815362779
2026-03-22 00:33:49,339 - AEMSOlogs - INFO - RCWA eval:[196. 274. 151. 285. 107. 265.] | diff. eff.:0.013747254568958632
2026-03-22 00:33:56,254 - AEMSOlogs - INFO - RCWA eval:[209. 110. 306. 246. 371. 192.] | diff. eff.:0.3902714327556881
2026-03-22 00:34:03,109 - AEMSOlogs - INFO - RCWA eval:[148. 266.  85. 189. 201. 334.] | diff. eff.:0.06484880757603159
2026-03-22 00:34:09,906 - AEMSOlogs - INFO - RCWA eval:[173. 212. 163. 235. 146. 208.] | diff. eff.:0.002099141598886999
2026-03-22 00:34:09,945 - AEMSOlogs - INFO - Iteration 1: Best Y = -0.5081727745384355 at x = [0.61652429 0.67561151 0.44474912 0.19583207 0.58369036 0.58055763]
2026-03-22 00:34:09,947 - AEMSOlogs - INFO - Working on simulations...
2026-03-22 00:34:16,740 - AEMSOlogs - INFO - RCWA eval:[280. 251. 280. 183. 242. 225.] | diff. eff.:0.06677061945708239
2026-03-22 00:34:23,651 - AEMSOlogs - INFO - RCWA eval:[353. 212. 286. 242. 420. 148.] | diff. eff.:0.05326262598082014
2026-03-22 00:34:30,605 - AEMSOlogs - INFO - RCWA eval:[235. 215. 395. 316. 265.  79.] | diff. eff.:0.08893147146027555
2026-03-22 00:34:37,486 - AEMSOlogs - INFO - RCWA eval:[242.  20. 250. 232. 449. 197.] | diff. eff.:0.007843123933001215
2026-03-22 00:34:44,337 - AEMSOlogs - INFO - RCWA eval:[229. 211. 312. 356. 201. 178.] | diff. eff.:0.43284649185617585
2026-03-22 00:34:51,286 - AEMSOlogs - INFO - RCWA eval:[272. 305. 241. 225. 202. 136.] | diff. eff.:0.14599112334935996
2026-03-22 00:34:58,190 - AEMSOlogs - INFO - RCWA eval:[223.  92. 261. 208. 227. 204.] | diff. eff.:0.007483916317591542
2026-03-22 00:35:05,087 - AEMSOlogs - INFO - RCWA eval:[252. 279. 230. 268. 288. 220.] | diff. eff.:0.01368170421142796
2026-03-22 00:35:11,988 - AEMSOlogs - INFO - RCWA eval:[163. 265. 334. 282. 167. 305.] | diff. eff.:0.01024049066861413
2026-03-22 00:35:18,879 - AEMSOlogs - INFO - RCWA eval:[311. 194. 309. 326. 202. 278.] | diff. eff.:0.07622772849459791
2026-03-22 00:35:25,732 - AEMSOlogs - INFO - RCWA eval:[274.  64. 266. 286. 277. 215.] | diff. eff.:0.028510312438502473
2026-03-22 00:35:32,574 - AEMSOlogs - INFO - RCWA eval:[267. 262. 231. 230. 421. 214.] | diff. eff.:0.06077160727615385
2026-03-22 00:35:39,372 - AEMSOlogs - INFO - RCWA eval:[192. 301. 203. 168. 343. 166.] | diff. eff.:0.18844691048881534
2026-03-22 00:35:46,233 - AEMSOlogs - INFO - RCWA eval:[228. 198. 367. 409. 330. 125.] | diff. eff.:0.05412027328935981
2026-03-22 00:35:46,250 - AEMSOlogs - INFO - Iteration 2: Best Y = -0.5081727745384355 at x = [0.61652429 0.67561151 0.44474912 0.19583207 0.58369036 0.58055763]
2026-03-22 00:35:46,251 - AEMSOlogs - INFO - Working on simulations...
2026-03-22 00:35:53,140 - AEMSOlogs - INFO - RCWA eval:[205. 193. 342. 293. 309.  97.] | diff. eff.:0.20476175671711605
2026-03-22 00:35:59,999 - AEMSOlogs - INFO - RCWA eval:[194. 106. 197. 175. 281. 178.] | diff. eff.:0.09938136643373136
2026-03-22 00:36:06,919 - AEMSOlogs - INFO - RCWA eval:[ 31. 257. 278. 208. 179. 227.] | diff. eff.:0.08233032863691113
2026-03-22 00:36:13,784 - AEMSOlogs - INFO - RCWA eval:[175. 219. 223. 357. 274. 320.] | diff. eff.:0.10307588515858665
2026-03-22 00:36:20,640 - AEMSOlogs - INFO - RCWA eval:[269. 347. 289. 359. 258.  53.] | diff. eff.:0.30157793533686916
2026-03-22 00:36:27,517 - AEMSOlogs - INFO - RCWA eval:[313. 184. 245. 376. 189. 169.] | diff. eff.:0.1563349358059082
2026-03-22 00:36:34,382 - AEMSOlogs - INFO - RCWA eval:[298.  78. 291. 396. 260. 161.] | diff. eff.:0.08636019003414283
2026-03-22 00:36:41,286 - AEMSOlogs - INFO - RCWA eval:[230. 290. 333. 373. 178.  82.] | diff. eff.:0.7542955526297175
2026-03-22 00:36:48,175 - AEMSOlogs - INFO - RCWA eval:[121. 193. 270. 241. 231.  50.] | diff. eff.:0.08173299027406819
2026-03-22 00:36:55,006 - AEMSOlogs - INFO - RCWA eval:[157. 374. 280. 220. 331. 182.] | diff. eff.:0.28802452420943064
2026-03-22 00:37:01,960 - AEMSOlogs - INFO - RCWA eval:[281. 256. 361. 368. 180. 128.] | diff. eff.:0.5752629085019917
2026-03-22 00:37:08,830 - AEMSOlogs - INFO - RCWA eval:[244. 250. 288. 164. 126.  97.] | diff. eff.:0.23735266670781907
2026-03-22 00:37:15,693 - AEMSOlogs - INFO - RCWA eval:[409. 268. 332. 201. 195. 139.] | diff. eff.:0.22461607051939575
2026-03-22 00:37:22,504 - AEMSOlogs - INFO - RCWA eval:[253. 241. 219. 288. 300.  44.] | diff. eff.:0.16625094007659635
2026-03-22 00:37:22,520 - AEMSOlogs - INFO - Iteration 3: Best Y = -0.7542955526297175 at x = [0.48952112 0.62857953 0.72788994 0.82149018 0.3666168  0.14471894]
2026-03-22 00:37:22,521 - AEMSOlogs - INFO - Working on simulations...
2026-03-22 00:37:29,409 - AEMSOlogs - INFO - RCWA eval:[242. 360. 119. 262. 128. 319.] | diff. eff.:0.21325054352697134
2026-03-22 00:37:36,237 - AEMSOlogs - INFO - RCWA eval:[273. 391. 425. 391. 129.  25.] | diff. eff.:0.15923765189940375
2026-03-22 00:37:43,095 - AEMSOlogs - INFO - RCWA eval:[128. 271. 234. 357. 324.  95.] | diff. eff.:0.5400417584591701
2026-03-22 00:37:49,852 - AEMSOlogs - INFO - RCWA eval:[248. 373. 231. 232. 130.  37.] | diff. eff.:0.02667384467187273
2026-03-22 00:37:56,677 - AEMSOlogs - INFO - RCWA eval:[238. 315. 305. 221. 346. 152.] | diff. eff.:0.37030400385823053
2026-03-22 00:38:03,531 - AEMSOlogs - INFO - RCWA eval:[391. 201. 380. 314. 168.  26.] | diff. eff.:0.07469505075447609
2026-03-22 00:38:10,364 - AEMSOlogs - INFO - RCWA eval:[272. 339. 310. 324. 230.  21.] | diff. eff.:0.33552954263490986
2026-03-22 00:38:17,238 - AEMSOlogs - INFO - RCWA eval:[ 87. 254. 316. 437. 164.  78.] | diff. eff.:0.22426762275111806
2026-03-22 00:38:24,077 - AEMSOlogs - INFO - RCWA eval:[185. 304. 430. 253. 232. 212.] | diff. eff.:0.04763603482554656
2026-03-22 00:38:30,891 - AEMSOlogs - INFO - RCWA eval:[248. 307. 434. 322. 220. 205.] | diff. eff.:0.23837758849634427
2026-03-22 00:38:37,725 - AEMSOlogs - INFO - RCWA eval:[327. 343. 425. 194. 197. 134.] | diff. eff.:0.4637211655860791
2026-03-22 00:38:44,587 - AEMSOlogs - INFO - RCWA eval:[266. 220. 391. 406. 240.  59.] | diff. eff.:0.1909075631782594
2026-03-22 00:38:51,414 - AEMSOlogs - INFO - RCWA eval:[366. 161. 322. 162.  59. 109.] | diff. eff.:0.11939814251890195
2026-03-22 00:38:58,270 - AEMSOlogs - INFO - RCWA eval:[129. 222. 274. 327. 202.  23.] | diff. eff.:0.2345874304924011
2026-03-22 00:38:58,289 - AEMSOlogs - INFO - Iteration 4: Best Y = -0.7542955526297175 at x = [0.48952112 0.62857953 0.72788994 0.82149018 0.3666168  0.14471894]
2026-03-22 00:38:58,290 - AEMSOlogs - INFO - Working on simulations...
2026-03-22 00:39:05,144 - AEMSOlogs - INFO - RCWA eval:[237. 323. 447. 221. 209.  89.] | diff. eff.:0.10738278841056254
2026-03-22 00:39:11,977 - AEMSOlogs - INFO - RCWA eval:[218. 392. 420. 365. 291. 111.] | diff. eff.:0.028130721805605326
2026-03-22 00:39:18,812 - AEMSOlogs - INFO - RCWA eval:[249. 343. 358. 438. 175. 112.] | diff. eff.:0.29728640013716956
2026-03-22 00:39:25,692 - AEMSOlogs - INFO - RCWA eval:[208. 311. 366. 162. 206. 236.] | diff. eff.:0.3644937047614487
2026-03-22 00:39:32,592 - AEMSOlogs - INFO - RCWA eval:[361. 312. 414. 326.  76.  65.] | diff. eff.:0.03779193462790655
2026-03-22 00:39:39,440 - AEMSOlogs - INFO - RCWA eval:[308. 292. 399. 320. 153. 183.] | diff. eff.:0.07783995504634593
2026-03-22 00:39:46,298 - AEMSOlogs - INFO - RCWA eval:[228. 183. 164. 146. 399. 275.] | diff. eff.:0.027592158748936734
2026-03-22 00:39:53,143 - AEMSOlogs - INFO - RCWA eval:[301. 278. 222. 345. 199. 210.] | diff. eff.:0.07832349437162374
2026-03-22 00:40:00,010 - AEMSOlogs - INFO - RCWA eval:[242. 294. 386. 450. 247.  99.] | diff. eff.:0.12379966797033008
2026-03-22 00:40:06,878 - AEMSOlogs - INFO - RCWA eval:[222. 190. 416. 418. 185. 162.] | diff. eff.:0.06996420679640689
2026-03-22 00:40:13,697 - AEMSOlogs - INFO - RCWA eval:[276. 418. 334. 310. 232.  25.] | diff. eff.:0.14444433813028038
2026-03-22 00:40:20,480 - AEMSOlogs - INFO - RCWA eval:[199. 231. 323. 287. 353. 219.] | diff. eff.:0.4939232496420538
2026-03-22 00:40:27,356 - AEMSOlogs - INFO - RCWA eval:[236. 343. 307. 224. 186.  26.] | diff. eff.:0.3268518602728221
2026-03-22 00:40:34,225 - AEMSOlogs - INFO - RCWA eval:[245. 286. 417.  71. 187. 103.] | diff. eff.:0.3013271927598167
2026-03-22 00:40:34,242 - AEMSOlogs - INFO - Iteration 5: Best Y = -0.7542955526297175 at x = [0.48952112 0.62857953 0.72788994 0.82149018 0.3666168  0.14471894]
2026-03-22 00:40:34,243 - AEMSOlogs - INFO - Working on simulations...
2026-03-22 00:40:41,153 - AEMSOlogs - INFO - RCWA eval:[155. 283. 353. 253. 201. 152.] | diff. eff.:0.17612772635999738
2026-03-22 00:40:48,021 - AEMSOlogs - INFO - RCWA eval:[204. 280. 365. 221. 158. 201.] | diff. eff.:0.20077933202780748
2026-03-22 00:40:54,918 - AEMSOlogs - INFO - RCWA eval:[220. 315. 279. 200. 308. 123.] | diff. eff.:0.06284774938501661
2026-03-22 00:41:01,739 - AEMSOlogs - INFO - RCWA eval:[228. 333. 266. 209. 343. 126.] | diff. eff.:0.22340849529948725
2026-03-22 00:41:08,573 - AEMSOlogs - INFO - RCWA eval:[258. 347. 359. 333. 268. 157.] | diff. eff.:0.17332357906185783
2026-03-22 00:41:15,399 - AEMSOlogs - INFO - RCWA eval:[253. 359. 277. 187. 219. 148.] | diff. eff.:0.09245703347122011
2026-03-22 00:41:22,275 - AEMSOlogs - INFO - RCWA eval:[ 98. 277. 434. 228. 298. 187.] | diff. eff.:0.07546077212134854
2026-03-22 00:41:29,127 - AEMSOlogs - INFO - RCWA eval:[215. 289. 419. 184. 333. 234.] | diff. eff.:0.0998285552643413
2026-03-22 00:41:35,957 - AEMSOlogs - INFO - RCWA eval:[202. 282. 240. 146. 139.  21.] | diff. eff.:0.13830211686809948
2026-03-22 00:41:42,847 - AEMSOlogs - INFO - RCWA eval:[156. 320. 402. 126. 322. 298.] | diff. eff.:0.15866644903815483
2026-03-22 00:41:49,716 - AEMSOlogs - INFO - RCWA eval:[165. 291. 314. 129. 239. 176.] | diff. eff.:0.2835897991393687
2026-03-22 00:41:56,574 - AEMSOlogs - INFO - RCWA eval:[360. 276. 345. 223. 175. 153.] | diff. eff.:0.11715812775564374
2026-03-22 00:42:03,435 - AEMSOlogs - INFO - RCWA eval:[253. 270. 389. 246. 175. 214.] | diff. eff.:0.10055649560357227
2026-03-22 00:42:10,289 - AEMSOlogs - INFO - RCWA eval:[ 77. 200. 444. 267. 238. 156.] | diff. eff.:0.07668625567458257
2026-03-22 00:42:10,305 - AEMSOlogs - INFO - Iteration 6: Best Y = -0.7542955526297175 at x = [0.48952112 0.62857953 0.72788994 0.82149018 0.3666168  0.14471894]
2026-03-22 00:42:10,307 - AEMSOlogs - INFO - Working on simulations...
2026-03-22 00:42:17,196 - AEMSOlogs - INFO - RCWA eval:[141. 311. 268. 130. 186. 185.] | diff. eff.:0.12443315156713125
2026-03-22 00:42:24,019 - AEMSOlogs - INFO - RCWA eval:[127. 337. 271. 130. 111. 105.] | diff. eff.:0.025721095784704485
2026-03-22 00:42:30,885 - AEMSOlogs - INFO - RCWA eval:[273. 401. 269.  93. 266. 129.] | diff. eff.:0.007436619884384883
2026-03-22 00:42:37,733 - AEMSOlogs - INFO - RCWA eval:[ 97. 318. 294. 261. 220. 217.] | diff. eff.:0.06388672680172039
2026-03-22 00:42:44,535 - AEMSOlogs - INFO - RCWA eval:[191. 297. 306. 170.  64. 181.] | diff. eff.:0.32262320469249534
2026-03-22 00:42:51,371 - AEMSOlogs - INFO - RCWA eval:[233. 273. 352.  66. 124. 265.] | diff. eff.:0.535168537944116
2026-03-22 00:42:58,283 - AEMSOlogs - INFO - RCWA eval:[201. 378. 355. 334. 211. 150.] | diff. eff.:0.19668552528136937
2026-03-22 00:43:05,119 - AEMSOlogs - INFO - RCWA eval:[280. 354. 331. 233. 272. 146.] | diff. eff.:0.2426130998197329
2026-03-22 00:43:11,924 - AEMSOlogs - INFO - RCWA eval:[195. 305. 268. 134. 216. 144.] | diff. eff.:0.12476900538568565
2026-03-22 00:43:18,830 - AEMSOlogs - INFO - RCWA eval:[ 68. 372. 386. 237. 195.  21.] | diff. eff.:0.12387330627506617
2026-03-22 00:43:25,732 - AEMSOlogs - INFO - RCWA eval:[150. 336. 236. 182. 276. 159.] | diff. eff.:0.1696227707715214
2026-03-22 00:43:32,575 - AEMSOlogs - INFO - RCWA eval:[220. 310. 238. 119. 244. 289.] | diff. eff.:0.35289257564950244
2026-03-22 00:43:39,398 - AEMSOlogs - INFO - RCWA eval:[130. 342. 293. 131. 213. 143.] | diff. eff.:0.06316854391560435
2026-03-22 00:43:46,204 - AEMSOlogs - INFO - RCWA eval:[ 91. 309. 314. 416.  99.  83.] | diff. eff.:0.4445848819702425
2026-03-22 00:43:46,221 - AEMSOlogs - INFO - Iteration 7: Best Y = -0.7542955526297175 at x = [0.48952112 0.62857953 0.72788994 0.82149018 0.3666168  0.14471894]
2026-03-22 00:43:46,222 - AEMSOlogs - INFO - Working on simulations...
2026-03-22 00:43:53,095 - AEMSOlogs - INFO - RCWA eval:[ 33. 231. 210. 208. 163. 277.] | diff. eff.:0.02275831567413491
2026-03-22 00:43:59,932 - AEMSOlogs - INFO - RCWA eval:[179. 241. 268. 220. 104. 284.] | diff. eff.:0.003008007308585083
2026-03-22 00:44:06,744 - AEMSOlogs - INFO - RCWA eval:[235. 321. 306. 284. 106. 269.] | diff. eff.:0.22328878980081748
2026-03-22 00:44:13,589 - AEMSOlogs - INFO - RCWA eval:[122. 250. 215.  32. 234. 351.] | diff. eff.:0.08411916753447057
2026-03-22 00:44:20,462 - AEMSOlogs - INFO - RCWA eval:[205. 416. 242. 236.  97. 181.] | diff. eff.:0.017126445257824835
2026-03-22 00:44:27,311 - AEMSOlogs - INFO - RCWA eval:[194. 174. 299.  82.  76. 355.] | diff. eff.:0.18214962026160342
2026-03-22 00:44:34,187 - AEMSOlogs - INFO - RCWA eval:[138. 286. 389. 406.  25. 162.] | diff. eff.:0.16211816622715336
2026-03-22 00:44:41,037 - AEMSOlogs - INFO - RCWA eval:[196. 283. 243. 137. 186. 183.] | diff. eff.:0.11757551554290849
2026-03-22 00:44:47,931 - AEMSOlogs - INFO - RCWA eval:[206. 337. 273. 224. 161. 238.] | diff. eff.:0.05102066572426574
2026-03-22 00:44:54,862 - AEMSOlogs - INFO - RCWA eval:[205. 313. 268.  21. 162. 296.] | diff. eff.:0.17294958594913404
2026-03-22 00:45:01,719 - AEMSOlogs - INFO - RCWA eval:[127. 330. 269. 183. 243. 128.] | diff. eff.:0.034283150434220054
2026-03-22 00:45:08,590 - AEMSOlogs - INFO - RCWA eval:[169. 348. 408. 115. 244.  20.] | diff. eff.:0.22955981596734792
2026-03-22 00:45:15,508 - AEMSOlogs - INFO - RCWA eval:[170. 175. 253. 308. 123. 289.] | diff. eff.:0.07880086396234032
2026-03-22 00:45:22,360 - AEMSOlogs - INFO - RCWA eval:[270. 379. 276. 415. 201.  97.] | diff. eff.:0.03566795857486445
2026-03-22 00:45:22,377 - AEMSOlogs - INFO - Iteration 8: Best Y = -0.7542955526297175 at x = [0.48952112 0.62857953 0.72788994 0.82149018 0.3666168  0.14471894]
2026-03-22 00:45:22,378 - AEMSOlogs - INFO - Working on simulations...
2026-03-22 00:45:29,213 - AEMSOlogs - INFO - RCWA eval:[208. 325. 313. 159. 192. 202.] | diff. eff.:0.3711259985947318
2026-03-22 00:45:36,055 - AEMSOlogs - INFO - RCWA eval:[176. 357. 411. 114. 119. 156.] | diff. eff.:0.11341031217092092
2026-03-22 00:45:42,937 - AEMSOlogs - INFO - RCWA eval:[168. 362. 434. 168. 281.  78.] | diff. eff.:0.20977648192372694
2026-03-22 00:45:49,808 - AEMSOlogs - INFO - RCWA eval:[130. 213. 356. 165.  21. 177.] | diff. eff.:0.11109191244984873
2026-03-22 00:45:56,683 - AEMSOlogs - INFO - RCWA eval:[208. 212. 201. 271. 208. 140.] | diff. eff.:0.06583081129748465
2026-03-22 00:46:03,483 - AEMSOlogs - INFO - RCWA eval:[323. 341. 447. 128.  86. 178.] | diff. eff.:0.4311497860197435
2026-03-22 00:46:10,266 - AEMSOlogs - INFO - RCWA eval:[142. 340. 353. 292. 173. 171.] | diff. eff.:0.13781218905595066
2026-03-22 00:46:17,177 - AEMSOlogs - INFO - RCWA eval:[199. 290. 336. 202. 167. 189.] | diff. eff.:0.2919389470178233
2026-03-22 00:46:24,017 - AEMSOlogs - INFO - RCWA eval:[136. 260. 340. 161. 146. 120.] | diff. eff.:0.19337184686634556
2026-03-22 00:46:30,833 - AEMSOlogs - INFO - RCWA eval:[208. 254. 302. 321. 157. 198.] | diff. eff.:0.4940268895481761
2026-03-22 00:46:37,657 - AEMSOlogs - INFO - RCWA eval:[255. 355. 260. 252. 292. 350.] | diff. eff.:0.33637991085632785
2026-03-22 00:46:44,543 - AEMSOlogs - INFO - RCWA eval:[212. 221. 329. 288. 230. 123.] | diff. eff.:0.19006875052997244
2026-03-22 00:46:51,395 - AEMSOlogs - INFO - RCWA eval:[188. 273. 214. 247. 151. 157.] | diff. eff.:0.047385411128587546
2026-03-22 00:46:58,254 - AEMSOlogs - INFO - RCWA eval:[179. 257. 362. 171. 268.  76.] | diff. eff.:0.07501935361819767
2026-03-22 00:46:58,273 - AEMSOlogs - INFO - Iteration 9: Best Y = -0.7542955526297175 at x = [0.48952112 0.62857953 0.72788994 0.82149018 0.3666168  0.14471894]
2026-03-22 00:46:58,274 - AEMSOlogs - INFO - Working on simulations...
2026-03-22 00:47:05,103 - AEMSOlogs - INFO - RCWA eval:[162. 355. 286. 183. 220. 242.] | diff. eff.:0.2526577894059846
2026-03-22 00:47:11,954 - AEMSOlogs - INFO - RCWA eval:[345. 364. 411. 299.  87. 234.] | diff. eff.:0.12001509274983255
2026-03-22 00:47:18,786 - AEMSOlogs - INFO - RCWA eval:[252. 286. 437. 237. 157. 140.] | diff. eff.:0.08419002227859013
2026-03-22 00:47:25,639 - AEMSOlogs - INFO - RCWA eval:[292. 241. 395. 185.  46. 217.] | diff. eff.:0.253209312016368
2026-03-22 00:47:32,502 - AEMSOlogs - INFO - RCWA eval:[211. 237. 392. 351.  31. 214.] | diff. eff.:0.2744790574085101
2026-03-22 00:47:39,329 - AEMSOlogs - INFO - RCWA eval:[200. 357. 282. 242. 216. 140.] | diff. eff.:0.04775830630203825
2026-03-22 00:47:46,175 - AEMSOlogs - INFO - RCWA eval:[249. 355. 450. 280. 250.  32.] | diff. eff.:0.034410757823625064
2026-03-22 00:47:53,034 - AEMSOlogs - INFO - RCWA eval:[293. 321. 339. 212. 271. 118.] | diff. eff.:0.4745799007540239
2026-03-22 00:47:59,844 - AEMSOlogs - INFO - RCWA eval:[275. 323. 343. 258. 232. 443.] | diff. eff.:0.3790423730579097
2026-03-22 00:48:06,698 - AEMSOlogs - INFO - RCWA eval:[162. 339. 280. 300. 165.  99.] | diff. eff.:0.14600039002916002
2026-03-22 00:48:13,613 - AEMSOlogs - INFO - RCWA eval:[155. 284. 347. 139. 104. 311.] | diff. eff.:0.12224035344429675
2026-03-22 00:48:20,507 - AEMSOlogs - INFO - RCWA eval:[224. 193. 383. 328. 180. 293.] | diff. eff.:0.003134077896336459
2026-03-22 00:48:27,371 - AEMSOlogs - INFO - RCWA eval:[131. 264. 355. 266. 249.  60.] | diff. eff.:0.04332002036197681
2026-03-22 00:48:34,189 - AEMSOlogs - INFO - RCWA eval:[212. 279. 399. 402. 201.  24.] | diff. eff.:0.18075262991817762
2026-03-22 00:48:34,206 - AEMSOlogs - INFO - Iteration 10: Best Y = -0.7542955526297175 at x = [0.48952112 0.62857953 0.72788994 0.82149018 0.3666168  0.14471894]
2026-03-22 00:48:34,207 - AEMSOlogs - INFO - Working on simulations...
2026-03-22 00:48:41,163 - AEMSOlogs - INFO - RCWA eval:[273. 275. 352.  62. 106. 282.] | diff. eff.:0.6321806654743712
2026-03-22 00:48:48,013 - AEMSOlogs - INFO - RCWA eval:[144. 288. 418. 345.  79. 148.] | diff. eff.:0.3653111542421018
2026-03-22 00:48:54,886 - AEMSOlogs - INFO - RCWA eval:[229. 299. 302. 359. 171. 216.] | diff. eff.:0.7548875281519455
2026-03-22 00:49:01,681 - AEMSOlogs - INFO - RCWA eval:[239. 300. 328. 303. 115. 308.] | diff. eff.:0.015792640903045288
2026-03-22 00:49:08,523 - AEMSOlogs - INFO - RCWA eval:[245. 319. 383. 408. 225. 163.] | diff. eff.:0.35769364750828847
2026-03-22 00:49:15,362 - AEMSOlogs - INFO - RCWA eval:[390. 392. 364. 222. 286. 314.] | diff. eff.:0.3293645133903871
2026-03-22 00:49:22,178 - AEMSOlogs - INFO - RCWA eval:[339. 369. 367. 248. 313.  97.] | diff. eff.:0.4186625852005186
2026-03-22 00:49:29,030 - AEMSOlogs - INFO - RCWA eval:[344. 219. 337. 322. 159. 344.] | diff. eff.:0.054996344830602645
2026-03-22 00:49:35,882 - AEMSOlogs - INFO - RCWA eval:[260. 305. 349. 104. 227. 426.] | diff. eff.:0.5115819806078485
2026-03-22 00:49:42,733 - AEMSOlogs - INFO - RCWA eval:[228. 307. 311. 284. 281. 174.] | diff. eff.:0.11506412801351878
2026-03-22 00:49:49,548 - AEMSOlogs - INFO - RCWA eval:[269. 256. 353. 278.  70.  81.] | diff. eff.:0.3159984796320453
2026-03-22 00:49:56,383 - AEMSOlogs - INFO - RCWA eval:[227. 330. 329. 184. 179. 230.] | diff. eff.:0.5059524364087531
2026-03-22 00:50:03,260 - AEMSOlogs - INFO - RCWA eval:[262. 305. 390. 414.  33.  81.] | diff. eff.:0.331760429703706
2026-03-22 00:50:10,212 - AEMSOlogs - INFO - RCWA eval:[184. 325. 435. 231. 272. 162.] | diff. eff.:0.08726741808185763
2026-03-22 00:50:10,228 - AEMSOlogs - INFO - Iteration 11: Best Y = -0.7548875281519455 at x = [0.48524773 0.64816116 0.6566884  0.7893172  0.35103847 0.45667031]
2026-03-22 00:50:10,229 - AEMSOlogs - INFO - Working on simulations...
2026-03-22 00:50:17,090 - AEMSOlogs - INFO - RCWA eval:[206. 252. 371. 170.  89. 189.] | diff. eff.:0.19184279099609552
2026-03-22 00:50:23,974 - AEMSOlogs - INFO - RCWA eval:[302. 300. 355. 252. 140. 308.] | diff. eff.:0.4354727830650592
2026-03-22 00:50:30,844 - AEMSOlogs - INFO - RCWA eval:[220. 300. 316. 220. 219. 210.] | diff. eff.:0.27510960083807917
2026-03-22 00:50:37,687 - AEMSOlogs - INFO - RCWA eval:[230. 286. 336.  25.  88. 291.] | diff. eff.:0.44827153930961755
2026-03-22 00:50:44,511 - AEMSOlogs - INFO - RCWA eval:[226. 382. 349.  42. 132. 369.] | diff. eff.:0.03962272932762701
2026-03-22 00:50:51,328 - AEMSOlogs - INFO - RCWA eval:[283. 245. 307. 249. 158. 268.] | diff. eff.:0.28486679165178447
2026-03-22 00:50:58,205 - AEMSOlogs - INFO - RCWA eval:[229. 328. 353. 450. 137. 217.] | diff. eff.:0.3989729877097042
2026-03-22 00:51:05,079 - AEMSOlogs - INFO - RCWA eval:[217. 266. 319. 374. 217. 180.] | diff. eff.:0.47255541899543585
2026-03-22 00:51:11,885 - AEMSOlogs - INFO - RCWA eval:[251. 281. 349. 403. 188. 207.] | diff. eff.:0.6384547675649909
2026-03-22 00:51:18,716 - AEMSOlogs - INFO - RCWA eval:[275. 296. 319. 152. 234. 239.] | diff. eff.:0.4494586582165812
2026-03-22 00:51:25,577 - AEMSOlogs - INFO - RCWA eval:[230. 300. 373. 302. 122. 202.] | diff. eff.:0.11206724918690146
2026-03-22 00:51:32,429 - AEMSOlogs - INFO - RCWA eval:[231. 286. 293. 363. 267. 255.] | diff. eff.:0.3926945458760587
2026-03-22 00:51:39,306 - AEMSOlogs - INFO - RCWA eval:[199. 378. 343. 297. 303. 134.] | diff. eff.:0.023712120809078488
2026-03-22 00:51:46,154 - AEMSOlogs - INFO - RCWA eval:[261. 352. 329. 180.  88. 219.] | diff. eff.:0.48408721300116336
2026-03-22 00:51:46,170 - AEMSOlogs - INFO - Iteration 12: Best Y = -0.7548875281519455 at x = [0.48524773 0.64816116 0.6566884  0.7893172  0.35103847 0.45667031]
2026-03-22 00:51:46,171 - AEMSOlogs - INFO - Working on simulations...
2026-03-22 00:51:53,074 - AEMSOlogs - INFO - RCWA eval:[235. 333. 353. 222. 161. 141.] | diff. eff.:0.38134950024221126
2026-03-22 00:51:59,919 - AEMSOlogs - INFO - RCWA eval:[178. 312. 323. 386.  66. 142.] | diff. eff.:0.6749433158024798
2026-03-22 00:52:06,797 - AEMSOlogs - INFO - RCWA eval:[223. 272. 284. 207. 168. 339.] | diff. eff.:0.12560865701314125
2026-03-22 00:52:13,703 - AEMSOlogs - INFO - RCWA eval:[315. 301. 369. 213. 145. 140.] | diff. eff.:0.5108281682982009
2026-03-22 00:52:20,559 - AEMSOlogs - INFO - RCWA eval:[265. 280. 341. 320. 101. 135.] | diff. eff.:0.738534264907323
2026-03-22 00:52:27,395 - AEMSOlogs - INFO - RCWA eval:[254. 333. 336. 435. 177. 228.] | diff. eff.:0.64760635391229
2026-03-22 00:52:34,190 - AEMSOlogs - INFO - RCWA eval:[240. 341. 303. 198.  47. 311.] | diff. eff.:0.27995019567254936
2026-03-22 00:52:41,070 - AEMSOlogs - INFO - RCWA eval:[189. 308. 374. 227.  62. 136.] | diff. eff.:0.23498859516302822
2026-03-22 00:52:59,186 - AEMSOlogs - INFO - RCWA eval:[208. 273. 324. 231. 169. 246.] | diff. eff.:0.217566035258027
2026-03-22 00:53:06,029 - AEMSOlogs - INFO - RCWA eval:[250. 272. 324. 434. 216. 146.] | diff. eff.:0.41444423034082617
2026-03-22 00:53:12,849 - AEMSOlogs - INFO - RCWA eval:[276. 311. 319. 163. 181. 233.] | diff. eff.:0.5978933816054859
2026-03-22 00:53:19,725 - AEMSOlogs - INFO - RCWA eval:[279. 321. 325. 341. 256. 229.] | diff. eff.:0.5914069781872539
2026-03-22 00:53:26,661 - AEMSOlogs - INFO - RCWA eval:[215. 248. 295. 257. 190. 238.] | diff. eff.:0.11379175557064093
2026-03-22 00:53:33,552 - AEMSOlogs - INFO - RCWA eval:[286. 320. 389. 368.  61.  96.] | diff. eff.:0.5281979840325222
2026-03-22 00:53:33,570 - AEMSOlogs - INFO - Iteration 13: Best Y = -0.7548875281519455 at x = [0.48524773 0.64816116 0.6566884  0.7893172  0.35103847 0.45667031]
2026-03-22 00:53:33,571 - AEMSOlogs - INFO - Working on simulations...
2026-03-22 00:53:40,420 - AEMSOlogs - INFO - RCWA eval:[232. 331. 338. 376. 247. 158.] | diff. eff.:0.4617117508158025
2026-03-22 00:53:47,320 - AEMSOlogs - INFO - RCWA eval:[256. 307. 320. 297. 154. 188.] | diff. eff.:0.3819514260565676
2026-03-22 00:53:54,165 - AEMSOlogs - INFO - RCWA eval:[261. 300. 287. 276. 159. 165.] | diff. eff.:0.14109639789455602
2026-03-22 00:54:01,016 - AEMSOlogs - INFO - RCWA eval:[270. 299. 398. 418. 108.  22.] | diff. eff.:0.2935970168254696
2026-03-22 00:54:07,936 - AEMSOlogs - INFO - RCWA eval:[268. 294. 322. 299. 120. 156.] | diff. eff.:0.47331433733562306
2026-03-22 00:54:14,826 - AEMSOlogs - INFO - RCWA eval:[274. 294. 374. 273.  24. 225.] | diff. eff.:0.26449708352182594
2026-03-22 00:54:21,685 - AEMSOlogs - INFO - RCWA eval:[244. 348. 336. 310. 234. 218.] | diff. eff.:0.15307484004588
2026-03-22 00:54:28,532 - AEMSOlogs - INFO - RCWA eval:[236. 290. 328. 274.  96. 296.] | diff. eff.:0.07281192622854066
2026-03-22 00:54:35,440 - AEMSOlogs - INFO - RCWA eval:[246. 312. 354. 342. 154. 119.] | diff. eff.:0.5875347753178893
2026-03-22 00:54:42,300 - AEMSOlogs - INFO - RCWA eval:[172. 289. 340. 280.  94.  92.] | diff. eff.:0.4904022634491856
2026-03-22 00:54:49,149 - AEMSOlogs - INFO - RCWA eval:[280. 311. 337. 361. 226. 129.] | diff. eff.:0.8857032630426952
2026-03-22 00:54:56,034 - AEMSOlogs - INFO - RCWA eval:[259. 299. 336. 179. 126. 165.] | diff. eff.:0.522464156542113
2026-03-22 00:55:02,888 - AEMSOlogs - INFO - RCWA eval:[180. 331. 256. 326. 114. 260.] | diff. eff.:0.0501449140034223
2026-03-22 00:55:09,747 - AEMSOlogs - INFO - RCWA eval:[273. 278. 331. 229. 139. 287.] | diff. eff.:0.20143386585416775
2026-03-22 00:55:09,764 - AEMSOlogs - INFO - Iteration 14: Best Y = -0.8857032630426952 at x = [0.60574771 0.67597287 0.73665179 0.79318191 0.47817906 0.25427859]
2026-03-22 00:55:09,766 - AEMSOlogs - INFO - Working on simulations...
2026-03-22 00:55:16,681 - AEMSOlogs - INFO - RCWA eval:[188. 280. 354. 139. 285. 208.] | diff. eff.:0.15399222011952365
2026-03-22 00:55:23,603 - AEMSOlogs - INFO - RCWA eval:[176. 273. 343. 385.  70. 131.] | diff. eff.:0.5257881258560844
2026-03-22 00:55:30,441 - AEMSOlogs - INFO - RCWA eval:[249. 277. 321. 236.  42.  66.] | diff. eff.:0.15852424868778237
2026-03-22 00:55:37,308 - AEMSOlogs - INFO - RCWA eval:[210. 296. 317. 441. 106.  28.] | diff. eff.:0.5402158409738098
2026-03-22 00:55:44,226 - AEMSOlogs - INFO - RCWA eval:[247. 299. 326. 275. 177. 176.] | diff. eff.:0.2950207250614697
2026-03-22 00:55:51,152 - AEMSOlogs - INFO - RCWA eval:[205. 294. 297. 436. 173. 107.] | diff. eff.:0.32586069040982896
2026-03-22 00:55:57,989 - AEMSOlogs - INFO - RCWA eval:[228. 313. 272. 419. 227. 205.] | diff. eff.:0.30393348702180417
2026-03-22 00:56:04,873 - AEMSOlogs - INFO - RCWA eval:[315. 302. 339. 157. 261. 193.] | diff. eff.:0.5238819892779462
2026-03-22 00:56:11,732 - AEMSOlogs - INFO - RCWA eval:[294. 317. 367. 264. 166.  77.] | diff. eff.:0.3814846763705184
2026-03-22 00:56:18,675 - AEMSOlogs - INFO - RCWA eval:[225. 316. 312. 322. 160.  77.] | diff. eff.:0.5622316616963839
2026-03-22 00:56:25,581 - AEMSOlogs - INFO - RCWA eval:[292. 279. 365. 392. 110. 152.] | diff. eff.:0.5352836105777126
2026-03-22 00:56:32,491 - AEMSOlogs - INFO - RCWA eval:[276. 281. 307. 381. 207. 171.] | diff. eff.:0.5463511486689233
2026-03-22 00:56:39,339 - AEMSOlogs - INFO - RCWA eval:[341. 335. 393. 371. 247. 129.] | diff. eff.:0.12952977140766767
2026-03-22 00:56:46,200 - AEMSOlogs - INFO - RCWA eval:[251. 323. 333. 330. 180.  27.] | diff. eff.:0.6627706274311626
2026-03-22 00:56:46,217 - AEMSOlogs - INFO - Iteration 15: Best Y = -0.8857032630426952 at x = [0.60574771 0.67597287 0.73665179 0.79318191 0.47817906 0.25427859]
2026-03-22 00:56:46,218 - AEMSOlogs - INFO - Working on simulations...
2026-03-22 00:56:53,047 - AEMSOlogs - INFO - RCWA eval:[313. 270. 308. 287.  96. 121.] | diff. eff.:0.12014830387819499
2026-03-22 00:56:59,918 - AEMSOlogs - INFO - RCWA eval:[208. 262. 293. 242. 264.  58.] | diff. eff.:0.09173226305937392
2026-03-22 00:57:06,793 - AEMSOlogs - INFO - RCWA eval:[241. 282. 324. 348.  91. 174.] | diff. eff.:0.8181535869339785
2026-03-22 00:57:13,659 - AEMSOlogs - INFO - RCWA eval:[221. 300. 320. 412. 209. 265.] | diff. eff.:0.4951412329115766
2026-03-22 00:57:20,574 - AEMSOlogs - INFO - RCWA eval:[260. 328. 328.  66. 201. 135.] | diff. eff.:0.5022316668825023
2026-03-22 00:57:27,432 - AEMSOlogs - INFO - RCWA eval:[260. 285. 299. 314. 196. 196.] | diff. eff.:0.4486626044795004
2026-03-22 00:57:34,335 - AEMSOlogs - INFO - RCWA eval:[227. 331. 299. 434. 170.  69.] | diff. eff.:0.21888345266264214
2026-03-22 00:57:41,268 - AEMSOlogs - INFO - RCWA eval:[172. 263. 285. 332. 180.  69.] | diff. eff.:0.3388234925430485
2026-03-22 00:57:48,129 - AEMSOlogs - INFO - RCWA eval:[228. 277. 293. 419. 157.  21.] | diff. eff.:0.4204649261995381
2026-03-22 00:57:54,867 - AEMSOlogs - INFO - RCWA eval:[266. 327. 355. 358. 120.  50.] | diff. eff.:0.6210065683019068
2026-03-22 00:58:01,601 - AEMSOlogs - INFO - RCWA eval:[251. 290. 363. 373. 122. 104.] | diff. eff.:0.5292562781058281
2026-03-22 00:58:08,276 - AEMSOlogs - INFO - RCWA eval:[294. 315. 327. 333. 148.  73.] | diff. eff.:0.6759205928477291
2026-03-22 00:58:15,015 - AEMSOlogs - INFO - RCWA eval:[201. 288. 380. 440.  34.  32.] | diff. eff.:0.14372361356011015
2026-03-22 00:58:21,708 - AEMSOlogs - INFO - RCWA eval:[295. 282. 358. 234. 227. 242.] | diff. eff.:0.5770799803402552
2026-03-22 00:58:21,725 - AEMSOlogs - INFO - Iteration 16: Best Y = -0.8857032630426952 at x = [0.60574771 0.67597287 0.73665179 0.79318191 0.47817906 0.25427859]
2026-03-22 00:58:21,726 - AEMSOlogs - INFO - Working on simulations...
2026-03-22 00:58:28,444 - AEMSOlogs - INFO - RCWA eval:[239. 264. 356. 408. 180.  59.] | diff. eff.:0.36315864648126084
2026-03-22 00:58:35,140 - AEMSOlogs - INFO - RCWA eval:[282. 288. 360. 313.  87. 200.] | diff. eff.:0.38913232273374415
2026-03-22 00:58:41,839 - AEMSOlogs - INFO - RCWA eval:[270. 314. 322. 287. 182. 104.] | diff. eff.:0.33785169082189725
2026-03-22 00:58:48,535 - AEMSOlogs - INFO - RCWA eval:[244. 264. 326. 415. 184.  98.] | diff. eff.:0.48290401849874376
2026-03-22 00:58:55,264 - AEMSOlogs - INFO - RCWA eval:[297. 299. 375. 282. 127. 267.] | diff. eff.:0.3238340198994456
2026-03-22 00:59:02,170 - AEMSOlogs - INFO - RCWA eval:[283. 254. 312. 296.  67. 155.] | diff. eff.:0.1841527405499394
2026-03-22 00:59:09,086 - AEMSOlogs - INFO - RCWA eval:[256. 256. 353. 315. 109. 114.] | diff. eff.:0.5891426600513184
2026-03-22 00:59:15,959 - AEMSOlogs - INFO - RCWA eval:[238. 341. 350. 279. 142. 126.] | diff. eff.:0.19238033404997765
2026-03-22 00:59:22,851 - AEMSOlogs - INFO - RCWA eval:[189. 276. 312. 443. 170.  63.] | diff. eff.:0.33007465014725745
2026-03-22 00:59:29,683 - AEMSOlogs - INFO - RCWA eval:[263. 332. 356. 443. 166.  84.] | diff. eff.:0.39945435523208067
2026-03-22 00:59:36,543 - AEMSOlogs - INFO - RCWA eval:[311. 325. 304. 344.  88. 161.] | diff. eff.:0.45821509022595935
2026-03-22 00:59:43,450 - AEMSOlogs - INFO - RCWA eval:[263. 355. 302. 421. 234. 113.] | diff. eff.:0.254460832954825
2026-03-22 00:59:50,343 - AEMSOlogs - INFO - RCWA eval:[282. 305. 326. 204. 133. 177.] | diff. eff.:0.5656236612519031
2026-03-22 00:59:57,213 - AEMSOlogs - INFO - RCWA eval:[259. 290. 351. 366. 109. 137.] | diff. eff.:0.8165567562044036
2026-03-22 00:59:57,229 - AEMSOlogs - INFO - Iteration 17: Best Y = -0.8857032630426952 at x = [0.60574771 0.67597287 0.73665179 0.79318191 0.47817906 0.25427859]
2026-03-22 00:59:57,230 - AEMSOlogs - INFO - Working on simulations...
2026-03-22 01:00:04,073 - AEMSOlogs - INFO - RCWA eval:[244. 313. 314. 355. 123.  51.] | diff. eff.:0.8269013374477995
2026-03-22 01:00:10,905 - AEMSOlogs - INFO - RCWA eval:[304. 287. 351. 263. 124. 112.] | diff. eff.:0.36906940747672573
2026-03-22 01:00:17,888 - AEMSOlogs - INFO - RCWA eval:[269. 305. 325. 384.  32. 101.] | diff. eff.:0.8432408713752708
2026-03-22 01:00:24,793 - AEMSOlogs - INFO - RCWA eval:[243. 282. 288. 391. 142. 240.] | diff. eff.:0.39737315818433405
2026-03-22 01:00:31,644 - AEMSOlogs - INFO - RCWA eval:[294. 294. 336. 236. 151. 202.] | diff. eff.:0.4891581075032144
2026-03-22 01:00:38,475 - AEMSOlogs - INFO - RCWA eval:[305. 277. 376. 299.  81. 150.] | diff. eff.:0.10738889746921258
2026-03-22 01:00:45,366 - AEMSOlogs - INFO - RCWA eval:[236. 282. 338. 418. 122. 156.] | diff. eff.:0.6086626286821822
2026-03-22 01:00:52,208 - AEMSOlogs - INFO - RCWA eval:[240. 313. 325. 297. 101. 141.] | diff. eff.:0.37938994804589027
2026-03-22 01:00:59,134 - AEMSOlogs - INFO - RCWA eval:[252. 284. 341. 302. 152.  74.] | diff. eff.:0.575507385521636
2026-03-22 01:01:06,046 - AEMSOlogs - INFO - RCWA eval:[282. 285. 363. 336. 146. 123.] | diff. eff.:0.3037918448103897
2026-03-22 01:01:12,971 - AEMSOlogs - INFO - RCWA eval:[282. 252. 377. 301.  59. 147.] | diff. eff.:0.08691331271510246
2026-03-22 01:01:19,799 - AEMSOlogs - INFO - RCWA eval:[251. 304. 311. 289. 108. 138.] | diff. eff.:0.3475168935938778
2026-03-22 01:01:26,665 - AEMSOlogs - INFO - RCWA eval:[239. 285. 353. 422.  76. 107.] | diff. eff.:0.5140486607271217
2026-03-22 01:01:33,536 - AEMSOlogs - INFO - RCWA eval:[267. 300. 343. 327.  75. 184.] | diff. eff.:0.733709551750659
2026-03-22 01:01:33,554 - AEMSOlogs - INFO - Iteration 18: Best Y = -0.8857032630426952 at x = [0.60574771 0.67597287 0.73665179 0.79318191 0.47817906 0.25427859]
2026-03-22 01:01:33,555 - AEMSOlogs - INFO - Working on simulations...
2026-03-22 01:01:40,418 - AEMSOlogs - INFO - RCWA eval:[253. 272. 325. 362. 137. 153.] | diff. eff.:0.746694195216153
2026-03-22 01:01:47,235 - AEMSOlogs - INFO - RCWA eval:[258. 319. 344. 353.  74.  94.] | diff. eff.:0.7863104821486955
2026-03-22 01:01:54,128 - AEMSOlogs - INFO - RCWA eval:[213. 309. 340. 409.  62.  24.] | diff. eff.:0.6646673046194355
2026-03-22 01:02:00,957 - AEMSOlogs - INFO - RCWA eval:[307. 312. 307. 438. 119. 111.] | diff. eff.:0.359659154736664
2026-03-22 01:02:07,842 - AEMSOlogs - INFO - RCWA eval:[237. 304. 320. 288.  50.  73.] | diff. eff.:0.36087226434918684
2026-03-22 01:02:14,734 - AEMSOlogs - INFO - RCWA eval:[247. 293. 297. 357. 120. 114.] | diff. eff.:0.7891644652308717
2026-03-22 01:02:21,631 - AEMSOlogs - INFO - RCWA eval:[302. 298. 348. 424. 110. 151.] | diff. eff.:0.6791061588924671
2026-03-22 01:02:28,483 - AEMSOlogs - INFO - RCWA eval:[275. 338. 273. 364.  49.  85.] | diff. eff.:0.5192850518428358
2026-03-22 01:02:35,422 - AEMSOlogs - INFO - RCWA eval:[276. 298. 356. 279.  26. 179.] | diff. eff.:0.474081657606276
2026-03-22 01:02:42,267 - AEMSOlogs - INFO - RCWA eval:[281. 312. 330. 450.  55.  69.] | diff. eff.:0.6476272234539212
2026-03-22 01:02:49,134 - AEMSOlogs - INFO - RCWA eval:[268. 308. 328. 388. 167.  59.] | diff. eff.:0.8036085449583849
2026-03-22 01:02:56,026 - AEMSOlogs - INFO - RCWA eval:[264. 299. 317. 421.  78.  43.] | diff. eff.:0.660610280075815
2026-03-22 01:03:02,904 - AEMSOlogs - INFO - RCWA eval:[231. 293. 329. 368.  73. 180.] | diff. eff.:0.8065144202241921
2026-03-22 01:03:09,778 - AEMSOlogs - INFO - RCWA eval:[270. 337. 332. 366.  91. 143.] | diff. eff.:0.7872697939041647
2026-03-22 01:03:09,794 - AEMSOlogs - INFO - Iteration 19: Best Y = -0.8857032630426952 at x = [0.60574771 0.67597287 0.73665179 0.79318191 0.47817906 0.25427859]
2026-03-22 01:03:09,796 - AEMSOlogs - INFO - Working on simulations...
2026-03-22 01:03:16,752 - AEMSOlogs - INFO - RCWA eval:[261. 283. 338. 402.  94. 144.] | diff. eff.:0.7219304912468612
2026-03-22 01:03:23,616 - AEMSOlogs - INFO - RCWA eval:[241. 284. 308. 341. 228. 103.] | diff. eff.:0.6600540651638193
2026-03-22 01:03:30,528 - AEMSOlogs - INFO - RCWA eval:[300. 310. 356. 385.  68. 133.] | diff. eff.:0.7709605973970176
2026-03-22 01:03:37,438 - AEMSOlogs - INFO - RCWA eval:[250. 304. 292. 429. 176. 161.] | diff. eff.:0.36067088688695687
2026-03-22 01:03:44,257 - AEMSOlogs - INFO - RCWA eval:[224. 327. 323. 440.  90.  51.] | diff. eff.:0.4922842462649322
2026-03-22 01:03:51,191 - AEMSOlogs - INFO - RCWA eval:[202. 307. 339. 425.  23.  23.] | diff. eff.:0.598133522619733
2026-03-22 01:03:58,109 - AEMSOlogs - INFO - RCWA eval:[232. 312. 323. 278. 113. 110.] | diff. eff.:0.284576670098658
2026-03-22 01:04:04,999 - AEMSOlogs - INFO - RCWA eval:[249. 333. 305. 411.  72. 107.] | diff. eff.:0.5470930206907278
2026-03-22 01:04:11,866 - AEMSOlogs - INFO - RCWA eval:[226. 294. 314. 327.  92. 144.] | diff. eff.:0.7355269593275541
2026-03-22 01:04:18,765 - AEMSOlogs - INFO - RCWA eval:[261. 316. 336. 205.  43. 152.] | diff. eff.:0.4432623447547677
2026-03-22 01:04:25,607 - AEMSOlogs - INFO - RCWA eval:[264. 299. 280. 245. 112. 119.] | diff. eff.:0.15876874527040286
2026-03-22 01:04:32,507 - AEMSOlogs - INFO - RCWA eval:[250. 293. 346. 418. 159. 106.] | diff. eff.:0.6729786010696744
2026-03-22 01:04:39,411 - AEMSOlogs - INFO - RCWA eval:[263. 315. 312. 305. 168. 177.] | diff. eff.:0.3823946877352683
2026-03-22 01:04:46,312 - AEMSOlogs - INFO - RCWA eval:[233. 312. 325. 353.  75. 181.] | diff. eff.:0.847099782312483
2026-03-22 01:04:46,329 - AEMSOlogs - INFO - Iteration 20: Best Y = -0.8857032630426952 at x = [0.60574771 0.67597287 0.73665179 0.79318191 0.47817906 0.25427859]
2026-03-22 01:04:46,331 - AEMSOlogs - INFO - Working on simulations...
2026-03-22 01:04:53,227 - AEMSOlogs - INFO - RCWA eval:[256. 286. 317. 320. 139. 174.] | diff. eff.:0.6643785498766892
2026-03-22 01:05:00,098 - AEMSOlogs - INFO - RCWA eval:[249. 297. 329. 433.  42.  54.] | diff. eff.:0.6459572870336
2026-03-22 01:05:06,980 - AEMSOlogs - INFO - RCWA eval:[256. 281. 351. 348.  90. 180.] | diff. eff.:0.749471468409268
2026-03-22 01:05:13,866 - AEMSOlogs - INFO - RCWA eval:[251. 296. 332. 423. 135. 112.] | diff. eff.:0.6713194951341519
2026-03-22 01:05:20,757 - AEMSOlogs - INFO - RCWA eval:[282. 301. 359. 378. 106. 145.] | diff. eff.:0.7535779920843777
2026-03-22 01:05:27,660 - AEMSOlogs - INFO - RCWA eval:[248. 300. 353. 448.  84.  69.] | diff. eff.:0.476549887649188
2026-03-22 01:05:34,567 - AEMSOlogs - INFO - RCWA eval:[270. 306. 345. 326. 138. 152.] | diff. eff.:0.7118141547422228
2026-03-22 01:05:41,438 - AEMSOlogs - INFO - RCWA eval:[269. 306. 345. 352. 120. 175.] | diff. eff.:0.8722120323817744
2026-03-22 01:05:48,325 - AEMSOlogs - INFO - RCWA eval:[245. 321. 329. 242. 147. 164.] | diff. eff.:0.37585870384288816
2026-03-22 01:05:55,267 - AEMSOlogs - INFO - RCWA eval:[213. 319. 338. 344. 113. 174.] | diff. eff.:0.6901966178584583
2026-03-22 01:06:02,136 - AEMSOlogs - INFO - RCWA eval:[286. 297. 318. 328. 114. 207.] | diff. eff.:0.6121828004070585
2026-03-22 01:06:09,082 - AEMSOlogs - INFO - RCWA eval:[213. 311. 324. 320.  83. 205.] | diff. eff.:0.5586034607918997
2026-03-22 01:06:15,915 - AEMSOlogs - INFO - RCWA eval:[287. 296. 311. 356.  81. 140.] | diff. eff.:0.8073404428205551
2026-03-22 01:06:22,792 - AEMSOlogs - INFO - RCWA eval:[217. 298. 316. 350. 155. 136.] | diff. eff.:0.8110260841183592
2026-03-22 01:06:22,808 - AEMSOlogs - INFO - Iteration 21: Best Y = -0.8857032630426952 at x = [0.60574771 0.67597287 0.73665179 0.79318191 0.47817906 0.25427859]
2026-03-22 01:06:22,809 - AEMSOlogs - INFO - Working on simulations...
2026-03-22 01:06:29,685 - AEMSOlogs - INFO - RCWA eval:[274. 313. 322. 398.  29. 100.] | diff. eff.:0.7810142274838683
2026-03-22 01:06:36,504 - AEMSOlogs - INFO - RCWA eval:[249. 305. 345. 327.  58. 144.] | diff. eff.:0.7000773862845437
2026-03-22 01:06:43,341 - AEMSOlogs - INFO - RCWA eval:[306. 307. 344. 236. 135. 232.] | diff. eff.:0.6208231420665894
2026-03-22 01:06:50,208 - AEMSOlogs - INFO - RCWA eval:[268. 311. 342. 379. 100. 105.] | diff. eff.:0.8998928631455314
2026-03-22 01:06:57,082 - AEMSOlogs - INFO - RCWA eval:[289. 308. 323. 392. 138. 203.] | diff. eff.:0.6010370850600009
2026-03-22 01:07:03,966 - AEMSOlogs - INFO - RCWA eval:[263. 291. 331. 392.  67. 179.] | diff. eff.:0.7450979072206644
2026-03-22 01:07:10,826 - AEMSOlogs - INFO - RCWA eval:[265. 323. 338. 369. 114. 131.] | diff. eff.:0.8692202683121647
2026-03-22 01:07:17,682 - AEMSOlogs - INFO - RCWA eval:[261. 312. 330. 414.  89.  78.] | diff. eff.:0.7467985906292159
2026-03-22 01:07:24,587 - AEMSOlogs - INFO - RCWA eval:[266. 299. 328. 315.  54. 209.] | diff. eff.:0.6034614077998007
2026-03-22 01:07:31,463 - AEMSOlogs - INFO - RCWA eval:[253. 307. 294. 358. 114. 133.] | diff. eff.:0.7653531389081261
2026-03-22 01:07:38,316 - AEMSOlogs - INFO - RCWA eval:[270. 315. 327. 363. 169.  40.] | diff. eff.:0.8779267883613762
2026-03-22 01:07:45,198 - AEMSOlogs - INFO - RCWA eval:[268. 292. 335. 366. 121. 107.] | diff. eff.:0.9030341752985391
2026-03-22 01:07:52,061 - AEMSOlogs - INFO - RCWA eval:[248. 306. 340. 319. 121. 156.] | diff. eff.:0.649997967238054
2026-03-22 01:07:58,947 - AEMSOlogs - INFO - RCWA eval:[277. 320. 333. 377.  69.  93.] | diff. eff.:0.8767781859354856
2026-03-22 01:07:58,963 - AEMSOlogs - INFO - Iteration 22: Best Y = -0.9030341752985391 at x = [0.57584612 0.63178306 0.73294365 0.80575768 0.23406123 0.20192364]
2026-03-22 01:07:58,965 - AEMSOlogs - INFO - Working on simulations...
2026-03-22 01:08:05,813 - AEMSOlogs - INFO - RCWA eval:[262. 304. 317. 371. 156. 148.] | diff. eff.:0.8162813781707885
2026-03-22 01:08:12,681 - AEMSOlogs - INFO - RCWA eval:[245. 305. 329. 376.  76.  25.] | diff. eff.:0.8606332941928201
2026-03-22 01:08:19,513 - AEMSOlogs - INFO - RCWA eval:[272. 314. 314. 426.  86. 103.] | diff. eff.:0.5965161247008102
2026-03-22 01:08:26,374 - AEMSOlogs - INFO - RCWA eval:[276. 290. 333. 323. 184. 166.] | diff. eff.:0.6921200636558976
2026-03-22 01:08:33,252 - AEMSOlogs - INFO - RCWA eval:[290. 312. 342. 410.  95.  48.] | diff. eff.:0.8178857198251788
2026-03-22 01:08:40,138 - AEMSOlogs - INFO - RCWA eval:[257. 315. 335. 354. 116.  20.] | diff. eff.:0.8710121681844697
2026-03-22 01:08:46,990 - AEMSOlogs - INFO - RCWA eval:[269. 301. 341. 404.  55.  98.] | diff. eff.:0.8283466830599665
2026-03-22 01:08:53,819 - AEMSOlogs - INFO - RCWA eval:[249. 302. 333. 432. 103.  25.] | diff. eff.:0.6693270100258226
2026-03-22 01:09:00,738 - AEMSOlogs - INFO - RCWA eval:[261. 322. 342. 355. 149. 144.] | diff. eff.:0.8097115833228634
2026-03-22 01:09:07,661 - AEMSOlogs - INFO - RCWA eval:[255. 291. 340. 381. 104. 103.] | diff. eff.:0.830208919920379
2026-03-22 01:09:14,564 - AEMSOlogs - INFO - RCWA eval:[267. 289. 332. 363. 190.  56.] | diff. eff.:0.8816331639166236
2026-03-22 01:09:21,466 - AEMSOlogs - INFO - RCWA eval:[245. 299. 334. 378.  65. 118.] | diff. eff.:0.8352740774214892
2026-03-22 01:09:28,324 - AEMSOlogs - INFO - RCWA eval:[245. 301. 339. 378. 101.  83.] | diff. eff.:0.844958734855153
2026-03-22 01:09:35,263 - AEMSOlogs - INFO - RCWA eval:[254. 304. 330. 377.  86. 160.] | diff. eff.:0.8518473768873498
2026-03-22 01:09:35,282 - AEMSOlogs - INFO - Iteration 23: Best Y = -0.9030341752985391 at x = [0.57584612 0.63178306 0.73294365 0.80575768 0.23406123 0.20192364]
2026-03-22 01:09:35,284 - AEMSOlogs - INFO - Working on simulations...
2026-03-22 01:09:42,118 - AEMSOlogs - INFO - RCWA eval:[306. 290. 322. 391. 114.  65.] | diff. eff.:0.5328046681575102
2026-03-22 01:09:48,997 - AEMSOlogs - INFO - RCWA eval:[253. 294. 360. 355.  96.  32.] | diff. eff.:0.5268690617073181
2026-03-22 01:09:55,902 - AEMSOlogs - INFO - RCWA eval:[215. 290. 322. 383. 110.  25.] | diff. eff.:0.7586262365460777
2026-03-22 01:10:02,750 - AEMSOlogs - INFO - RCWA eval:[255. 304. 306. 442. 156.  33.] | diff. eff.:0.46536155149782754
2026-03-22 01:10:09,629 - AEMSOlogs - INFO - RCWA eval:[265. 317. 335. 318. 165.  57.] | diff. eff.:0.6363542695369767
2026-03-22 01:10:16,459 - AEMSOlogs - INFO - RCWA eval:[252. 322. 326. 332. 177.  96.] | diff. eff.:0.6462099495668401
2026-03-22 01:10:23,273 - AEMSOlogs - INFO - RCWA eval:[269. 316. 328. 327. 123.  96.] | diff. eff.:0.7015658715033046
2026-03-22 01:10:30,122 - AEMSOlogs - INFO - RCWA eval:[286. 317. 334. 418. 101.  20.] | diff. eff.:0.7613121571222541
2026-03-22 01:10:36,993 - AEMSOlogs - INFO - RCWA eval:[294. 330. 334. 419. 112.  28.] | diff. eff.:0.6637402143802988
2026-03-22 01:10:43,918 - AEMSOlogs - INFO - RCWA eval:[280. 290. 355. 339. 200.  20.] | diff. eff.:0.5941362167199783
2026-03-22 01:10:50,715 - AEMSOlogs - INFO - RCWA eval:[238. 312. 314. 439.  60.  22.] | diff. eff.:0.5690069417501568
2026-03-22 01:10:57,586 - AEMSOlogs - INFO - RCWA eval:[222. 278. 330. 369.  87.  75.] | diff. eff.:0.728543024539157
2026-03-22 01:11:04,469 - AEMSOlogs - INFO - RCWA eval:[220. 281. 330. 375. 109.  98.] | diff. eff.:0.6961086598934041
2026-03-22 01:11:11,351 - AEMSOlogs - INFO - RCWA eval:[264. 285. 338. 280. 261.  50.] | diff. eff.:0.26989609081392324
2026-03-22 01:11:11,367 - AEMSOlogs - INFO - Iteration 24: Best Y = -0.9030341752985391 at x = [0.57584612 0.63178306 0.73294365 0.80575768 0.23406123 0.20192364]
2026-03-22 01:11:11,369 - AEMSOlogs - INFO - Working on simulations...
2026-03-22 01:11:18,245 - AEMSOlogs - INFO - RCWA eval:[261. 301. 335. 450. 109.  22.] | diff. eff.:0.6245857772250369
2026-03-22 01:11:25,085 - AEMSOlogs - INFO - RCWA eval:[243. 297. 313. 330. 123.  75.] | diff. eff.:0.7862154338627686
2026-03-22 01:11:31,972 - AEMSOlogs - INFO - RCWA eval:[258. 303. 330. 363. 220.  28.] | diff. eff.:0.8413140173128381
2026-03-22 01:11:38,870 - AEMSOlogs - INFO - RCWA eval:[229. 287. 327. 449.  55.  26.] | diff. eff.:0.5012348817343483
2026-03-22 01:11:45,749 - AEMSOlogs - INFO - RCWA eval:[258. 301. 343. 358.  84.  69.] | diff. eff.:0.8997478446856996
2026-03-22 01:11:52,603 - AEMSOlogs - INFO - RCWA eval:[220. 304. 346. 450.  98.  30.] | diff. eff.:0.4826978044005981
2026-03-22 01:11:59,519 - AEMSOlogs - INFO - RCWA eval:[283. 306. 343. 357. 132. 127.] | diff. eff.:0.9077878929704694
2026-03-22 01:12:06,395 - AEMSOlogs - INFO - RCWA eval:[251. 299. 327. 388.  71.  72.] | diff. eff.:0.8120532599408635
2026-03-22 01:12:13,259 - AEMSOlogs - INFO - RCWA eval:[252. 307. 334. 440. 100.  26.] | diff. eff.:0.6506969742440669
2026-03-22 01:12:20,159 - AEMSOlogs - INFO - RCWA eval:[252. 308. 315. 397. 109.  36.] | diff. eff.:0.7359309448311362
2026-03-22 01:12:26,990 - AEMSOlogs - INFO - RCWA eval:[254. 291. 329. 338. 133.  20.] | diff. eff.:0.8906526330966238
2026-03-22 01:12:33,852 - AEMSOlogs - INFO - RCWA eval:[285. 322. 320. 325. 129.  76.] | diff. eff.:0.5915703927508634
2026-03-22 01:12:40,702 - AEMSOlogs - INFO - RCWA eval:[265. 311. 313. 412. 164.  20.] | diff. eff.:0.6124570758160988
2026-03-22 01:12:47,596 - AEMSOlogs - INFO - RCWA eval:[238. 309. 310. 374.  62.  21.] | diff. eff.:0.7400769034598524
2026-03-22 01:12:47,613 - AEMSOlogs - INFO - Iteration 25: Best Y = -0.9077878929704694 at x = [0.61080938 0.66613303 0.75004219 0.78331079 0.25945677 0.24974142]
2026-03-22 01:12:47,615 - AEMSOlogs - INFO - Working on simulations...
2026-03-22 01:12:54,478 - AEMSOlogs - INFO - RCWA eval:[259. 294. 341. 384.  94. 104.] | diff. eff.:0.8453085378211936
2026-03-22 01:13:01,387 - AEMSOlogs - INFO - RCWA eval:[277. 299. 355. 366. 112. 107.] | diff. eff.:0.7882945735036748
2026-03-22 01:13:08,262 - AEMSOlogs - INFO - RCWA eval:[270. 291. 345. 365. 163.  26.] | diff. eff.:0.8976603155385557
2026-03-22 01:13:15,113 - AEMSOlogs - INFO - RCWA eval:[249. 303. 331. 381.  80.  83.] | diff. eff.:0.8434274884211287
2026-03-22 01:13:21,978 - AEMSOlogs - INFO - RCWA eval:[249. 285. 342. 365. 111.  57.] | diff. eff.:0.8496481728453986
2026-03-22 01:13:28,849 - AEMSOlogs - INFO - RCWA eval:[270. 295. 352. 334. 143. 106.] | diff. eff.:0.6977309005388576
2026-03-22 01:13:35,691 - AEMSOlogs - INFO - RCWA eval:[300. 292. 351. 330. 204.  31.] | diff. eff.:0.595452139635716
2026-03-22 01:13:42,542 - AEMSOlogs - INFO - RCWA eval:[267. 310. 329. 338. 140.  38.] | diff. eff.:0.8448822729540493
2026-03-22 01:13:49,365 - AEMSOlogs - INFO - RCWA eval:[255. 306. 336. 363.  81.  60.] | diff. eff.:0.9091262685702488
2026-03-22 01:13:56,195 - AEMSOlogs - INFO - RCWA eval:[218. 295. 331. 386.  71. 105.] | diff. eff.:0.7358620021492016
2026-03-22 01:14:03,065 - AEMSOlogs - INFO - RCWA eval:[276. 328. 367. 350.  67. 109.] | diff. eff.:0.3747096549813503
2026-03-22 01:14:09,942 - AEMSOlogs - INFO - RCWA eval:[284. 281. 352. 310. 132. 152.] | diff. eff.:0.5656408528361295
2026-03-22 01:14:16,791 - AEMSOlogs - INFO - RCWA eval:[278. 298. 324. 374.  92.  29.] | diff. eff.:0.8366967669890226
2026-03-22 01:14:23,632 - AEMSOlogs - INFO - RCWA eval:[288. 309. 345. 364. 105.  89.] | diff. eff.:0.9010150441984298
2026-03-22 01:14:23,648 - AEMSOlogs - INFO - Iteration 26: Best Y = -0.9091262685702488 at x = [0.54578352 0.66511226 0.73470826 0.79855429 0.14146551 0.09250652]
2026-03-22 01:14:23,650 - AEMSOlogs - INFO - Working on simulations...
2026-03-22 01:14:30,518 - AEMSOlogs - INFO - RCWA eval:[274. 296. 337. 395.  84.  52.] | diff. eff.:0.8355281004751407
2026-03-22 01:14:37,414 - AEMSOlogs - INFO - RCWA eval:[291. 301. 347. 338. 126.  29.] | diff. eff.:0.7513971553344092
2026-03-22 01:14:44,215 - AEMSOlogs - INFO - RCWA eval:[263. 311. 332. 354.  93.  53.] | diff. eff.:0.9045266369118797
2026-03-22 01:14:51,054 - AEMSOlogs - INFO - RCWA eval:[266. 302. 337. 375.  86.  21.] | diff. eff.:0.90905818200304
2026-03-22 01:14:57,909 - AEMSOlogs - INFO - RCWA eval:[257. 330. 338. 359.  89.  23.] | diff. eff.:0.7813521881625297
2026-03-22 01:15:04,784 - AEMSOlogs - INFO - RCWA eval:[277. 309. 355. 385.  65. 106.] | diff. eff.:0.7984773794898851
2026-03-22 01:15:11,630 - AEMSOlogs - INFO - RCWA eval:[254. 303. 343. 367. 108. 113.] | diff. eff.:0.8892735000075971
2026-03-22 01:15:18,502 - AEMSOlogs - INFO - RCWA eval:[244. 297. 308. 410.  85.  27.] | diff. eff.:0.6811937987120171
2026-03-22 01:15:25,341 - AEMSOlogs - INFO - RCWA eval:[291. 344. 360. 331.  25.  51.] | diff. eff.:0.30904377279643164
2026-03-22 01:15:32,227 - AEMSOlogs - INFO - RCWA eval:[272. 292. 347. 348. 123.  32.] | diff. eff.:0.8525310339922527
2026-03-22 01:15:39,085 - AEMSOlogs - INFO - RCWA eval:[283. 306. 337. 355.  66. 112.] | diff. eff.:0.9084478457242461
2026-03-22 01:15:45,986 - AEMSOlogs - INFO - RCWA eval:[271. 282. 332. 361. 154.  78.] | diff. eff.:0.8653712389533865
2026-03-22 01:15:52,813 - AEMSOlogs - INFO - RCWA eval:[257. 303. 345. 349.  89.  69.] | diff. eff.:0.8478629996795212
2026-03-22 01:15:59,652 - AEMSOlogs - INFO - RCWA eval:[260. 305. 328. 389.  73.  66.] | diff. eff.:0.8330623977416314
2026-03-22 01:15:59,669 - AEMSOlogs - INFO - Iteration 27: Best Y = -0.9091262685702488 at x = [0.54578352 0.66511226 0.73470826 0.79855429 0.14146551 0.09250652]
2026-03-22 01:15:59,670 - AEMSOlogs - INFO - Working on simulations...
2026-03-22 01:16:06,543 - AEMSOlogs - INFO - RCWA eval:[275. 296. 345. 364.  73. 122.] | diff. eff.:0.9238869750403947
2026-03-22 01:16:13,417 - AEMSOlogs - INFO - RCWA eval:[284. 299. 350. 344.  74.  35.] | diff. eff.:0.738260195402566
2026-03-22 01:16:20,303 - AEMSOlogs - INFO - RCWA eval:[242. 294. 339. 345.  65.  36.] | diff. eff.:0.9109146777346401
2026-03-22 01:16:27,152 - AEMSOlogs - INFO - RCWA eval:[293. 307. 322. 345.  86.  21.] | diff. eff.:0.7885482392827081
2026-03-22 01:16:33,995 - AEMSOlogs - INFO - RCWA eval:[237. 303. 329. 372.  29. 150.] | diff. eff.:0.8466836457734582
2026-03-22 01:16:40,878 - AEMSOlogs - INFO - RCWA eval:[293. 312. 337. 344. 124.  57.] | diff. eff.:0.7910331785628405
2026-03-22 01:16:47,758 - AEMSOlogs - INFO - RCWA eval:[269. 324. 340. 388. 126.  21.] | diff. eff.:0.8257411481386937
2026-03-22 01:16:54,646 - AEMSOlogs - INFO - RCWA eval:[242. 296. 334. 380.  54.  50.] | diff. eff.:0.840524293219864
2026-03-22 01:17:01,551 - AEMSOlogs - INFO - RCWA eval:[268. 304. 337. 403.  64.  29.] | diff. eff.:0.8329844668797495
2026-03-22 01:17:08,468 - AEMSOlogs - INFO - RCWA eval:[253. 294. 351. 377.  76.  63.] | diff. eff.:0.786182443251448
2026-03-22 01:17:15,361 - AEMSOlogs - INFO - RCWA eval:[287. 310. 333. 373.  77.  27.] | diff. eff.:0.8742186152337597
2026-03-22 01:17:22,195 - AEMSOlogs - INFO - RCWA eval:[260. 306. 335. 381.  74.  98.] | diff. eff.:0.8751959919805791
2026-03-22 01:17:29,079 - AEMSOlogs - INFO - RCWA eval:[249. 301. 321. 360.  97.  92.] | diff. eff.:0.8909677023260261
2026-03-22 01:17:35,994 - AEMSOlogs - INFO - RCWA eval:[265. 296. 344. 362. 123.  54.] | diff. eff.:0.9122017918495298
2026-03-22 01:17:36,009 - AEMSOlogs - INFO - Iteration 28: Best Y = -0.9238869750403947 at x = [0.59275302 0.64197035 0.75663882 0.79893902 0.12427167 0.23712497]
2026-03-22 01:17:36,011 - AEMSOlogs - INFO - Working on simulations...
2026-03-22 01:17:42,904 - AEMSOlogs - INFO - RCWA eval:[260. 290. 336. 357.  61.  81.] | diff. eff.:0.8976799078611651
2026-03-22 01:17:49,790 - AEMSOlogs - INFO - RCWA eval:[261. 309. 344. 345.  82.  86.] | diff. eff.:0.8156689893754977
2026-03-22 01:17:56,630 - AEMSOlogs - INFO - RCWA eval:[260. 309. 341. 366.  92.  86.] | diff. eff.:0.9034206287159279
2026-03-22 01:18:03,527 - AEMSOlogs - INFO - RCWA eval:[255. 292. 335. 342.  83. 116.] | diff. eff.:0.8692577010838383
2026-03-22 01:18:10,386 - AEMSOlogs - INFO - RCWA eval:[242. 290. 328. 352.  92.  21.] | diff. eff.:0.9059579392878999
2026-03-22 01:18:17,281 - AEMSOlogs - INFO - RCWA eval:[252. 293. 337. 381.  76. 115.] | diff. eff.:0.820425238123596
2026-03-22 01:18:24,195 - AEMSOlogs - INFO - RCWA eval:[289. 302. 347. 389.  80.  79.] | diff. eff.:0.8610363566411766
2026-03-22 01:18:31,093 - AEMSOlogs - INFO - RCWA eval:[263. 297. 336. 327.  95.  93.] | diff. eff.:0.8137933562709969
2026-03-22 01:18:37,947 - AEMSOlogs - INFO - RCWA eval:[265. 308. 349. 368.  82.  21.] | diff. eff.:0.8561125384347593
2026-03-22 01:18:44,878 - AEMSOlogs - INFO - RCWA eval:[292. 303. 342. 384. 103.  42.] | diff. eff.:0.8586423285943297
2026-03-22 01:18:51,717 - AEMSOlogs - INFO - RCWA eval:[271. 301. 339. 380. 110.  36.] | diff. eff.:0.9023321036929349
2026-03-22 01:18:58,576 - AEMSOlogs - INFO - RCWA eval:[246. 298. 341. 365.  78.  34.] | diff. eff.:0.8826546770789776
2026-03-22 01:19:05,464 - AEMSOlogs - INFO - RCWA eval:[255. 296. 335. 363.  90.  24.] | diff. eff.:0.9152858372704183
2026-03-22 01:19:12,286 - AEMSOlogs - INFO - RCWA eval:[257. 310. 343. 352.  59.  71.] | diff. eff.:0.8427012520952978
2026-03-22 01:19:12,303 - AEMSOlogs - INFO - Iteration 29: Best Y = -0.9238869750403947 at x = [0.59275302 0.64197035 0.75663882 0.79893902 0.12427167 0.23712497]
2026-03-22 01:19:12,304 - AEMSOlogs - INFO - Working on simulations...
2026-03-22 01:19:19,170 - AEMSOlogs - INFO - RCWA eval:[244. 285. 326. 353.  95.  20.] | diff. eff.:0.8765993629186166
2026-03-22 01:19:26,050 - AEMSOlogs - INFO - RCWA eval:[264. 312. 338. 383.  39.  73.] | diff. eff.:0.882170635958397
2026-03-22 01:19:32,940 - AEMSOlogs - INFO - RCWA eval:[243. 289. 340. 356. 112.  38.] | diff. eff.:0.8787635918699043
2026-03-22 01:19:39,799 - AEMSOlogs - INFO - RCWA eval:[229. 290. 343. 350.  89.  58.] | diff. eff.:0.8328273774272221
2026-03-22 01:19:46,650 - AEMSOlogs - INFO - RCWA eval:[269. 310. 335. 377.  83.  25.] | diff. eff.:0.9003395647570321
2026-03-22 01:19:53,479 - AEMSOlogs - INFO - RCWA eval:[259. 301. 339. 355.  90.  26.] | diff. eff.:0.9213124864800553
2026-03-22 01:20:00,343 - AEMSOlogs - INFO - RCWA eval:[249. 292. 336. 350.  84.  50.] | diff. eff.:0.905624656678916
2026-03-22 01:20:07,180 - AEMSOlogs - INFO - RCWA eval:[266. 312. 337. 373. 101.  21.] | diff. eff.:0.9032554190455906
2026-03-22 01:20:14,041 - AEMSOlogs - INFO - RCWA eval:[238. 290. 333. 370.  88.  38.] | diff. eff.:0.8499774045099149
2026-03-22 01:20:20,920 - AEMSOlogs - INFO - RCWA eval:[264. 296. 328. 369.  77.  24.] | diff. eff.:0.8911425793214042
2026-03-22 01:20:27,820 - AEMSOlogs - INFO - RCWA eval:[269. 310. 343. 388.  89.  21.] | diff. eff.:0.8802520962899182
2026-03-22 01:20:34,699 - AEMSOlogs - INFO - RCWA eval:[239. 285. 341. 356.  68.  96.] | diff. eff.:0.834737596222493
2026-03-22 01:20:41,691 - AEMSOlogs - INFO - RCWA eval:[260. 297. 350. 352.  98. 124.] | diff. eff.:0.7992721056659263
2026-03-22 01:20:48,570 - AEMSOlogs - INFO - RCWA eval:[250. 304. 341. 388. 109.  72.] | diff. eff.:0.8314741659871152
2026-03-22 01:20:48,587 - AEMSOlogs - INFO - Iteration 30: Best Y = -0.9238869750403947 at x = [0.59275302 0.64197035 0.75663882 0.79893902 0.12427167 0.23712497]
2026-03-22 01:20:48,588 - AEMSOlogs - INFO - Working on simulations...
2026-03-22 01:20:55,470 - AEMSOlogs - INFO - RCWA eval:[270. 306. 349. 372. 107.  43.] | diff. eff.:0.8756267574105624
2026-03-22 01:21:02,298 - AEMSOlogs - INFO - RCWA eval:[278. 299. 336. 340.  68.  75.] | diff. eff.:0.8566930117350642
2026-03-22 01:21:09,186 - AEMSOlogs - INFO - RCWA eval:[250. 305. 334. 342.  73.  63.] | diff. eff.:0.8735341675907935
2026-03-22 01:21:16,022 - AEMSOlogs - INFO - RCWA eval:[266. 320. 345. 361.  90.  32.] | diff. eff.:0.8377745106917905
2026-03-22 01:21:22,919 - AEMSOlogs - INFO - RCWA eval:[241. 296. 328. 368. 115.  21.] | diff. eff.:0.8743339907913663
2026-03-22 01:21:29,837 - AEMSOlogs - INFO - RCWA eval:[252. 306. 342. 363.  75.  61.] | diff. eff.:0.8832588106640143
2026-03-22 01:21:36,697 - AEMSOlogs - INFO - RCWA eval:[254. 314. 341. 369.  77.  30.] | diff. eff.:0.8655213347462329
2026-03-22 01:21:43,681 - AEMSOlogs - INFO - RCWA eval:[247. 299. 327. 344. 133.  54.] | diff. eff.:0.8857651566681981
2026-03-22 01:21:50,569 - AEMSOlogs - INFO - RCWA eval:[250. 304. 334. 350.  42.  69.] | diff. eff.:0.8931274313789473
2026-03-22 01:21:57,409 - AEMSOlogs - INFO - RCWA eval:[256. 298. 336. 361.  83. 135.] | diff. eff.:0.914394457425867
2026-03-22 01:22:04,329 - AEMSOlogs - INFO - RCWA eval:[230. 286. 333. 358.  96.  27.] | diff. eff.:0.8563031132108774
2026-03-22 01:22:11,212 - AEMSOlogs - INFO - RCWA eval:[302. 307. 351. 366. 115.  65.] | diff. eff.:0.8040749893104712
2026-03-22 01:22:18,058 - AEMSOlogs - INFO - RCWA eval:[250. 317. 331. 358. 102.  62.] | diff. eff.:0.8557746876444838
2026-03-22 01:22:24,873 - AEMSOlogs - INFO - RCWA eval:[272. 295. 341. 357.  53.  23.] | diff. eff.:0.9209253288167579
2026-03-22 01:22:24,889 - AEMSOlogs - INFO - Iteration 31: Best Y = -0.9238869750403947 at x = [0.59275302 0.64197035 0.75663882 0.79893902 0.12427167 0.23712497]
2026-03-22 01:22:24,890 - AEMSOlogs - INFO - Working on simulations...
2026-03-22 01:22:31,765 - AEMSOlogs - INFO - RCWA eval:[257. 303. 336. 390.  54.  76.] | diff. eff.:0.8455370676543895
2026-03-22 01:22:38,619 - AEMSOlogs - INFO - RCWA eval:[255. 289. 347. 328. 126.  21.] | diff. eff.:0.8146088020139103
2026-03-22 01:22:45,475 - AEMSOlogs - INFO - RCWA eval:[266. 306. 331. 322.  30.  84.] | diff. eff.:0.8067809235043445
2026-03-22 01:22:52,304 - AEMSOlogs - INFO - RCWA eval:[260. 301. 341. 341.  77.  94.] | diff. eff.:0.8510022078591895
2026-03-22 01:22:59,205 - AEMSOlogs - INFO - RCWA eval:[295. 304. 346. 334.  57.  37.] | diff. eff.:0.6990564169269876
2026-03-22 01:23:06,144 - AEMSOlogs - INFO - RCWA eval:[243. 296. 343. 367.  95. 131.] | diff. eff.:0.8561331792564275
2026-03-22 01:23:13,015 - AEMSOlogs - INFO - RCWA eval:[258. 304. 341. 374.  22.  20.] | diff. eff.:0.8958781701302708
2026-03-22 01:23:19,856 - AEMSOlogs - INFO - RCWA eval:[260. 312. 334. 353.  55.  73.] | diff. eff.:0.8874930629428546
2026-03-22 01:23:26,717 - AEMSOlogs - INFO - RCWA eval:[259. 294. 329. 343. 115.  36.] | diff. eff.:0.9095401950943659
2026-03-22 01:23:33,571 - AEMSOlogs - INFO - RCWA eval:[255. 300. 341. 361.  95.  27.] | diff. eff.:0.9086557960980507
2026-03-22 01:23:40,470 - AEMSOlogs - INFO - RCWA eval:[290. 313. 342. 402.  41.  33.] | diff. eff.:0.8319488817747036
2026-03-22 01:23:47,348 - AEMSOlogs - INFO - RCWA eval:[282. 319. 329. 408.  25. 206.] | diff. eff.:0.784266522912213
2026-03-22 01:23:54,236 - AEMSOlogs - INFO - RCWA eval:[281. 323. 341. 397.  40.  52.] | diff. eff.:0.8357419982607217
2026-03-22 01:24:01,119 - AEMSOlogs - INFO - RCWA eval:[254. 301. 336. 354.  81.  51.] | diff. eff.:0.9162050641432958
2026-03-22 01:24:01,136 - AEMSOlogs - INFO - Iteration 32: Best Y = -0.9238869750403947 at x = [0.59275302 0.64197035 0.75663882 0.79893902 0.12427167 0.23712497]
2026-03-22 01:24:01,138 - AEMSOlogs - INFO - Working on simulations...
2026-03-22 01:24:08,018 - AEMSOlogs - INFO - RCWA eval:[244. 287. 329. 367.  90.  99.] | diff. eff.:0.816790008173589
2026-03-22 01:24:14,879 - AEMSOlogs - INFO - RCWA eval:[253. 296. 337. 356.  59. 145.] | diff. eff.:0.9048224056412569
2026-03-22 01:24:21,759 - AEMSOlogs - INFO - RCWA eval:[241. 313. 327. 356.  82. 104.] | diff. eff.:0.8560464790143708
2026-03-22 01:24:28,617 - AEMSOlogs - INFO - RCWA eval:[254. 310. 335. 347. 118.  23.] | diff. eff.:0.8764661670116732
2026-03-22 01:24:35,437 - AEMSOlogs - INFO - RCWA eval:[252. 282. 327. 351.  68.  20.] | diff. eff.:0.8756636443105543
2026-03-22 01:24:42,325 - AEMSOlogs - INFO - RCWA eval:[278. 300. 334. 362.  66.  93.] | diff. eff.:0.930660002050836
2026-03-22 01:24:49,217 - AEMSOlogs - INFO - RCWA eval:[260. 283. 339. 372.  61.  32.] | diff. eff.:0.8067311813162763
2026-03-22 01:24:56,092 - AEMSOlogs - INFO - RCWA eval:[262. 305. 335. 339.  64.  20.] | diff. eff.:0.9109939788724987
2026-03-22 01:25:02,992 - AEMSOlogs - INFO - RCWA eval:[265. 303. 344. 333.  75.  80.] | diff. eff.:0.8159897831668242
2026-03-22 01:25:09,910 - AEMSOlogs - INFO - RCWA eval:[237. 284. 324. 345. 123.  24.] | diff. eff.:0.8624034835590787
2026-03-22 01:25:16,764 - AEMSOlogs - INFO - RCWA eval:[240. 312. 337. 349.  38.  67.] | diff. eff.:0.8197954697854803
2026-03-22 01:25:23,630 - AEMSOlogs - INFO - RCWA eval:[245. 299. 338. 354.  61.  53.] | diff. eff.:0.8965726870943065
2026-03-22 01:25:30,455 - AEMSOlogs - INFO - RCWA eval:[254. 305. 332. 353. 102.  31.] | diff. eff.:0.9130208580975739
2026-03-22 01:25:37,344 - AEMSOlogs - INFO - RCWA eval:[289. 301. 335. 393.  71. 149.] | diff. eff.:0.8123077096724289
2026-03-22 01:25:37,360 - AEMSOlogs - INFO - Iteration 33: Best Y = -0.930660002050836 at x = [0.59950933 0.65192026 0.73118047 0.79436975 0.1061716  0.16922554]
2026-03-22 01:25:37,361 - AEMSOlogs - INFO - Working on simulations...
2026-03-22 01:25:44,239 - AEMSOlogs - INFO - RCWA eval:[266. 296. 335. 369.  69.  29.] | diff. eff.:0.908743702687855
2026-03-22 01:25:51,078 - AEMSOlogs - INFO - RCWA eval:[269. 304. 331. 362.  64.  20.] | diff. eff.:0.9311060242577472
2026-03-22 01:25:57,955 - AEMSOlogs - INFO - RCWA eval:[262. 291. 336. 360.  86.  54.] | diff. eff.:0.9095560711476824
2026-03-22 01:26:04,831 - AEMSOlogs - INFO - RCWA eval:[267. 314. 327. 371. 112.  62.] | diff. eff.:0.879855945139872
2026-03-22 01:26:11,708 - AEMSOlogs - INFO - RCWA eval:[248. 296. 333. 366.  34.  47.] | diff. eff.:0.8986941780489555
2026-03-22 01:26:18,572 - AEMSOlogs - INFO - RCWA eval:[281. 323. 332. 334.  76.  73.] | diff. eff.:0.7096647465954287
2026-03-22 01:26:25,470 - AEMSOlogs - INFO - RCWA eval:[276. 302. 332. 364.  25.  63.] | diff. eff.:0.9257420862733479
2026-03-22 01:26:32,366 - AEMSOlogs - INFO - RCWA eval:[273. 306. 337. 358.  59.  33.] | diff. eff.:0.932188317348423
2026-03-22 01:26:39,242 - AEMSOlogs - INFO - RCWA eval:[259. 309. 334. 350.  55.  83.] | diff. eff.:0.884932154714323
2026-03-22 01:26:46,133 - AEMSOlogs - INFO - RCWA eval:[236. 299. 323. 364.  76. 134.] | diff. eff.:0.855362282159296
2026-03-22 01:26:52,986 - AEMSOlogs - INFO - RCWA eval:[269. 312. 330. 338. 106.  36.] | diff. eff.:0.8442061736510864
2026-03-22 01:26:59,887 - AEMSOlogs - INFO - RCWA eval:[249. 300. 323. 359.  50. 104.] | diff. eff.:0.903715915143424
2026-03-22 01:27:06,750 - AEMSOlogs - INFO - RCWA eval:[248. 307. 325. 381.  37.  78.] | diff. eff.:0.8410702813484588
2026-03-22 01:27:13,609 - AEMSOlogs - INFO - RCWA eval:[271. 309. 337. 378.  51.  69.] | diff. eff.:0.9068549775292547
2026-03-22 01:27:13,624 - AEMSOlogs - INFO - Iteration 34: Best Y = -0.932188317348423 at x = [0.58878123 0.66567955 0.73701883 0.7868254  0.09108706 0.03048775]
2026-03-22 01:27:13,626 - AEMSOlogs - INFO - Working on simulations...
2026-03-22 01:27:20,512 - AEMSOlogs - INFO - RCWA eval:[266. 306. 335. 352.  69.  81.] | diff. eff.:0.912139191970163
2026-03-22 01:27:27,379 - AEMSOlogs - INFO - RCWA eval:[270. 317. 323. 369.  69.  95.] | diff. eff.:0.8775843464574937
2026-03-22 01:27:34,277 - AEMSOlogs - INFO - RCWA eval:[256. 296. 323. 344. 106.  54.] | diff. eff.:0.9025887333487165
2026-03-22 01:27:41,212 - AEMSOlogs - INFO - RCWA eval:[265. 293. 339. 373.  66.  31.] | diff. eff.:0.8911717310384982
2026-03-22 01:27:48,077 - AEMSOlogs - INFO - RCWA eval:[247. 305. 334. 355.  79.  54.] | diff. eff.:0.8970759677911222
2026-03-22 01:27:54,925 - AEMSOlogs - INFO - RCWA eval:[252. 297. 332. 359.  43.  21.] | diff. eff.:0.9269876422289128
2026-03-22 01:28:01,775 - AEMSOlogs - INFO - RCWA eval:[269. 296. 335. 367.  69.  21.] | diff. eff.:0.9148585780861642
2026-03-22 01:28:08,641 - AEMSOlogs - INFO - RCWA eval:[264. 292. 328. 352.  58.  52.] | diff. eff.:0.9079835756563316
2026-03-22 01:28:15,488 - AEMSOlogs - INFO - RCWA eval:[275. 295. 331. 386.  60.  21.] | diff. eff.:0.8253735147053406
2026-03-22 01:28:22,423 - AEMSOlogs - INFO - RCWA eval:[275. 307. 342. 363.  63. 110.] | diff. eff.:0.9315378987486924
2026-03-22 01:28:29,285 - AEMSOlogs - INFO - RCWA eval:[260. 294. 333. 328. 119.  39.] | diff. eff.:0.8596099582175469
2026-03-22 01:28:36,094 - AEMSOlogs - INFO - RCWA eval:[276. 300. 338. 363.  22.  21.] | diff. eff.:0.9318012324924293
2026-03-22 01:28:42,991 - AEMSOlogs - INFO - RCWA eval:[284. 313. 344. 375.  58.  25.] | diff. eff.:0.8991243110600571
2026-03-22 01:28:49,863 - AEMSOlogs - INFO - RCWA eval:[264. 298. 345. 355.  50.  43.] | diff. eff.:0.8898673023469361
2026-03-22 01:28:49,880 - AEMSOlogs - INFO - Iteration 35: Best Y = -0.932188317348423 at x = [0.58878123 0.66567955 0.73701883 0.7868254  0.09108706 0.03048775]
2026-03-22 01:28:49,881 - AEMSOlogs - INFO - Working on simulations...
2026-03-22 01:28:56,724 - AEMSOlogs - INFO - RCWA eval:[248. 304. 329. 383.  77.  96.] | diff. eff.:0.8278465300229235
2026-03-22 01:29:03,667 - AEMSOlogs - INFO - RCWA eval:[280. 300. 335. 363.  36.  35.] | diff. eff.:0.9211590314826018
2026-03-22 01:29:10,530 - AEMSOlogs - INFO - RCWA eval:[299. 306. 347. 364.  32.  46.] | diff. eff.:0.8293687850669756
2026-03-22 01:29:17,400 - AEMSOlogs - INFO - RCWA eval:[256. 294. 333. 355.  21.  48.] | diff. eff.:0.9203566734663964
2026-03-22 01:29:24,295 - AEMSOlogs - INFO - RCWA eval:[276. 299. 338. 369.  24.  83.] | diff. eff.:0.922781244035315
2026-03-22 01:29:31,081 - AEMSOlogs - INFO - RCWA eval:[280. 298. 341. 341.  30.  24.] | diff. eff.:0.8463620260364458
2026-03-22 01:29:37,962 - AEMSOlogs - INFO - RCWA eval:[271. 309. 340. 358.  30.  90.] | diff. eff.:0.9146706143962747
2026-03-22 01:29:44,865 - AEMSOlogs - INFO - RCWA eval:[262. 298. 344. 343.  20. 148.] | diff. eff.:0.8170961706764259
2026-03-22 01:29:51,684 - AEMSOlogs - INFO - RCWA eval:[276. 305. 326. 364.  89.  90.] | diff. eff.:0.9132290091652464
2026-03-22 01:29:58,557 - AEMSOlogs - INFO - RCWA eval:[270. 297. 337. 354.  28.  28.] | diff. eff.:0.9236123054420429
2026-03-22 01:30:05,473 - AEMSOlogs - INFO - RCWA eval:[275. 299. 345. 387.  87. 108.] | diff. eff.:0.8849475719001191
2026-03-22 01:30:12,333 - AEMSOlogs - INFO - RCWA eval:[274. 304. 349. 366.  69.  95.] | diff. eff.:0.8877287280286654
2026-03-22 01:30:19,190 - AEMSOlogs - INFO - RCWA eval:[242. 288. 333. 332.  77. 149.] | diff. eff.:0.7910645036932004
2026-03-22 01:30:26,118 - AEMSOlogs - INFO - RCWA eval:[265. 301. 329. 345.  20.  74.] | diff. eff.:0.8994160435567785
2026-03-22 01:30:26,141 - AEMSOlogs - INFO - Iteration 36: Best Y = -0.932188317348423 at x = [0.58878123 0.66567955 0.73701883 0.7868254  0.09108706 0.03048775]
2026-03-22 01:30:26,143 - AEMSOlogs - INFO - Working on simulations...
2026-03-22 01:30:33,045 - AEMSOlogs - INFO - RCWA eval:[263. 290. 327. 330.  84.  32.] | diff. eff.:0.8895896848191607
2026-03-22 01:30:39,914 - AEMSOlogs - INFO - RCWA eval:[286. 301. 332. 369.  20.  29.] | diff. eff.:0.8738857642263721
2026-03-22 01:30:46,800 - AEMSOlogs - INFO - RCWA eval:[275. 302. 343. 359.  53. 101.] | diff. eff.:0.9224956721999023
2026-03-22 01:30:53,780 - AEMSOlogs - INFO - RCWA eval:[288. 314. 348. 392.  26. 144.] | diff. eff.:0.8658633954144588
2026-03-22 01:31:00,591 - AEMSOlogs - INFO - RCWA eval:[258. 301. 329. 362.  52. 100.] | diff. eff.:0.9174504488951225
2026-03-22 01:31:07,466 - AEMSOlogs - INFO - RCWA eval:[290. 312. 341. 361.  29.  49.] | diff. eff.:0.8831093048928421
2026-03-22 01:31:14,317 - AEMSOlogs - INFO - RCWA eval:[256. 300. 334. 350.  26.  21.] | diff. eff.:0.93449090373593
2026-03-22 01:31:21,178 - AEMSOlogs - INFO - RCWA eval:[287. 290. 346. 357.  36.  25.] | diff. eff.:0.8423714237986515
2026-03-22 01:31:28,070 - AEMSOlogs - INFO - RCWA eval:[276. 297. 342. 349.  28.  28.] | diff. eff.:0.8778038352674428
2026-03-22 01:31:34,962 - AEMSOlogs - INFO - RCWA eval:[285. 299. 344. 379.  23.  70.] | diff. eff.:0.8894335115793772
2026-03-22 01:31:41,795 - AEMSOlogs - INFO - RCWA eval:[240. 305. 336. 393.  54. 137.] | diff. eff.:0.7866430782156243
2026-03-22 01:31:48,681 - AEMSOlogs - INFO - RCWA eval:[262. 306. 341. 354.  39.  52.] | diff. eff.:0.894505973573191
2026-03-22 01:31:55,567 - AEMSOlogs - INFO - RCWA eval:[250. 288. 331. 343.  76.  22.] | diff. eff.:0.9199242942494702
2026-03-22 01:32:02,449 - AEMSOlogs - INFO - RCWA eval:[261. 300. 329. 347.  62.  21.] | diff. eff.:0.9311309803331796
2026-03-22 01:32:02,466 - AEMSOlogs - INFO - Iteration 37: Best Y = -0.93449090373593 at x = [0.54898954 0.65159646 0.72940881 0.76687744 0.01361142 0.00247755]
2026-03-22 01:32:02,468 - AEMSOlogs - INFO - Working on simulations...
2026-03-22 01:32:09,305 - AEMSOlogs - INFO - RCWA eval:[259. 296. 327. 335.  40. 117.] | diff. eff.:0.8377269034004066
2026-03-22 01:32:16,200 - AEMSOlogs - INFO - RCWA eval:[262. 311. 341. 380.  29.  21.] | diff. eff.:0.8839700587853304
2026-03-22 01:32:23,079 - AEMSOlogs - INFO - RCWA eval:[244. 295. 324. 329.  20.  64.] | diff. eff.:0.873513617436331
2026-03-22 01:32:29,959 - AEMSOlogs - INFO - RCWA eval:[263. 290. 337. 351.  52.  35.] | diff. eff.:0.8941353584480151
2026-03-22 01:32:36,841 - AEMSOlogs - INFO - RCWA eval:[231. 302. 335. 358.  21. 140.] | diff. eff.:0.8611852184232223
2026-03-22 01:32:43,675 - AEMSOlogs - INFO - RCWA eval:[274. 303. 343. 363.  36.  26.] | diff. eff.:0.9268343941092694
2026-03-22 01:32:50,553 - AEMSOlogs - INFO - RCWA eval:[285. 297. 335. 330.  29.  53.] | diff. eff.:0.7826654662354988
2026-03-22 01:32:57,400 - AEMSOlogs - INFO - RCWA eval:[260. 304. 334. 356.  21.  22.] | diff. eff.:0.9285581406737886
2026-03-22 01:33:04,287 - AEMSOlogs - INFO - RCWA eval:[274. 300. 337. 349.  44.  51.] | diff. eff.:0.9036878708210319
2026-03-22 01:33:11,180 - AEMSOlogs - INFO - RCWA eval:[248. 300. 331. 329.  20. 154.] | diff. eff.:0.7665826732952369
2026-03-22 01:33:18,013 - AEMSOlogs - INFO - RCWA eval:[257. 311. 331. 352.  59.  27.] | diff. eff.:0.8962765542855801
2026-03-22 01:33:24,861 - AEMSOlogs - INFO - RCWA eval:[257. 305. 337. 350.  31.  50.] | diff. eff.:0.8982584778791741
2026-03-22 01:33:31,719 - AEMSOlogs - INFO - RCWA eval:[262. 301. 341. 368.  24.  65.] | diff. eff.:0.9162602291197556
2026-03-22 01:33:38,546 - AEMSOlogs - INFO - RCWA eval:[261. 307. 334. 355.  20.  20.] | diff. eff.:0.9204359797053815
2026-03-22 01:33:38,563 - AEMSOlogs - INFO - Iteration 38: Best Y = -0.93449090373593 at x = [0.54898954 0.65159646 0.72940881 0.76687744 0.01361142 0.00247755]
2026-03-22 01:33:38,564 - AEMSOlogs - INFO - Working on simulations...
2026-03-22 01:33:45,360 - AEMSOlogs - INFO - RCWA eval:[261. 308. 331. 344.  22.  75.] | diff. eff.:0.8773949558520602
2026-03-22 01:33:52,207 - AEMSOlogs - INFO - RCWA eval:[255. 301. 323. 344.  21.  64.] | diff. eff.:0.9180156079882474
2026-03-22 01:33:59,072 - AEMSOlogs - INFO - RCWA eval:[268. 303. 326. 379. 111.  39.] | diff. eff.:0.854785556231801
2026-03-22 01:34:05,946 - AEMSOlogs - INFO - RCWA eval:[261. 307. 321. 352.  26.  67.] | diff. eff.:0.9067385745706785
2026-03-22 01:34:12,819 - AEMSOlogs - INFO - RCWA eval:[257. 295. 326. 354.  56.  46.] | diff. eff.:0.926819002122258
2026-03-22 01:34:19,701 - AEMSOlogs - INFO - RCWA eval:[282. 301. 336. 355.  56.  40.] | diff. eff.:0.9146445236796454
2026-03-22 01:34:26,556 - AEMSOlogs - INFO - RCWA eval:[263. 309. 346. 362.  47.  75.] | diff. eff.:0.8742587977491153
2026-03-22 01:34:33,408 - AEMSOlogs - INFO - RCWA eval:[267. 311. 334. 351.  51. 124.] | diff. eff.:0.8851987579098507
2026-03-22 01:34:40,248 - AEMSOlogs - INFO - RCWA eval:[277. 307. 342. 372.  55.  25.] | diff. eff.:0.9225059310083916
2026-03-22 01:34:47,197 - AEMSOlogs - INFO - RCWA eval:[286. 300. 342. 362.  73.  95.] | diff. eff.:0.9148455020662546
2026-03-22 01:34:54,052 - AEMSOlogs - INFO - RCWA eval:[242. 307. 328. 349.  36.  24.] | diff. eff.:0.8663108782163513
2026-03-22 01:35:00,964 - AEMSOlogs - INFO - RCWA eval:[284. 313. 356. 372.  36.  41.] | diff. eff.:0.7852591889417282
2026-03-22 01:35:07,875 - AEMSOlogs - INFO - RCWA eval:[269. 290. 343. 348.  22.  44.] | diff. eff.:0.8462630412398594
2026-03-22 01:35:14,732 - AEMSOlogs - INFO - RCWA eval:[260. 294. 329. 346.  63.  82.] | diff. eff.:0.8985318786155256
2026-03-22 01:35:14,750 - AEMSOlogs - INFO - Iteration 39: Best Y = -0.93449090373593 at x = [0.54898954 0.65159646 0.72940881 0.76687744 0.01361142 0.00247755]
2026-03-22 01:35:14,752 - AEMSOlogs - INFO - Working on simulations...
2026-03-22 01:35:21,619 - AEMSOlogs - INFO - RCWA eval:[249. 300. 328. 354.  28.  24.] | diff. eff.:0.9254736089026004
2026-03-22 01:35:28,496 - AEMSOlogs - INFO - RCWA eval:[292. 326. 337. 373. 111.  27.] | diff. eff.:0.8191203865889056
2026-03-22 01:35:35,346 - AEMSOlogs - INFO - RCWA eval:[270. 307. 318. 351.  22.  20.] | diff. eff.:0.8967105493883322
2026-03-22 01:35:42,176 - AEMSOlogs - INFO - RCWA eval:[272. 306. 329. 349.  36.  31.] | diff. eff.:0.9089805891010316
2026-03-22 01:35:49,024 - AEMSOlogs - INFO - RCWA eval:[265. 291. 327. 361.  21.  91.] | diff. eff.:0.873904125269855
2026-03-22 01:35:55,887 - AEMSOlogs - INFO - RCWA eval:[268. 295. 334. 340. 117.  96.] | diff. eff.:0.8792154230775479
2026-03-22 01:36:02,765 - AEMSOlogs - INFO - RCWA eval:[261. 292. 346. 374.  21.  51.] | diff. eff.:0.870986828597983
2026-03-22 01:36:09,614 - AEMSOlogs - INFO - RCWA eval:[268. 307. 332. 368.  49. 134.] | diff. eff.:0.9270579368249786
2026-03-22 01:36:16,424 - AEMSOlogs - INFO - RCWA eval:[259. 288. 329. 358.  40. 118.] | diff. eff.:0.8618889292453803
2026-03-22 01:36:23,376 - AEMSOlogs - INFO - RCWA eval:[249. 294. 326. 348.  39.  59.] | diff. eff.:0.9289595604854906
2026-03-22 01:36:30,281 - AEMSOlogs - INFO - RCWA eval:[261. 290. 332. 363.  35. 124.] | diff. eff.:0.870262565092027
2026-03-22 01:36:37,126 - AEMSOlogs - INFO - RCWA eval:[248. 302. 332. 355.  53.  60.] | diff. eff.:0.910649791502179
2026-03-22 01:36:44,009 - AEMSOlogs - INFO - RCWA eval:[274. 295. 334. 351.  26.  35.] | diff. eff.:0.9028318089382604
2026-03-22 01:36:50,848 - AEMSOlogs - INFO - RCWA eval:[263. 303. 318. 342.  91.  31.] | diff. eff.:0.8853387172601421
2026-03-22 01:36:50,865 - AEMSOlogs - INFO - Iteration 40: Best Y = -0.93449090373593 at x = [0.54898954 0.65159646 0.72940881 0.76687744 0.01361142 0.00247755]
2026-03-22 01:36:50,867 - AEMSOlogs - INFO - Working on simulations...
2026-03-22 01:36:57,687 - AEMSOlogs - INFO - RCWA eval:[262. 308. 337. 358.  45.  21.] | diff. eff.:0.9175891880870048
2026-03-22 01:37:04,559 - AEMSOlogs - INFO - RCWA eval:[262. 307. 332. 367.  75.  72.] | diff. eff.:0.914852868813857
2026-03-22 01:37:11,444 - AEMSOlogs - INFO - RCWA eval:[259. 304. 327. 355.  30.  44.] | diff. eff.:0.9265920973400688
2026-03-22 01:37:18,289 - AEMSOlogs - INFO - RCWA eval:[252. 297. 329. 341.  34.  20.] | diff. eff.:0.9371910306972722
2026-03-22 01:37:25,143 - AEMSOlogs - INFO - RCWA eval:[251. 299. 319. 347.  20.  24.] | diff. eff.:0.883158538480587
2026-03-22 01:37:31,981 - AEMSOlogs - INFO - RCWA eval:[265. 304. 328. 338.  49.  51.] | diff. eff.:0.893614727154329
2026-03-22 01:37:38,863 - AEMSOlogs - INFO - RCWA eval:[270. 295. 334. 355.  22.  44.] | diff. eff.:0.9184793159030178
2026-03-22 01:37:45,723 - AEMSOlogs - INFO - RCWA eval:[241. 301. 324. 368.  20.  85.] | diff. eff.:0.8740482195923522
2026-03-22 01:37:52,567 - AEMSOlogs - INFO - RCWA eval:[244. 302. 329. 358.  37.  40.] | diff. eff.:0.9085786455176241
2026-03-22 01:37:59,448 - AEMSOlogs - INFO - RCWA eval:[265. 311. 332. 355.  23.  97.] | diff. eff.:0.9078423964004783
2026-03-22 01:38:06,359 - AEMSOlogs - INFO - RCWA eval:[256. 298. 328. 353.  67.  88.] | diff. eff.:0.9180471617460938
2026-03-22 01:38:13,239 - AEMSOlogs - INFO - RCWA eval:[264. 295. 327. 358.  33.  46.] | diff. eff.:0.9159890275854304
2026-03-22 01:38:20,117 - AEMSOlogs - INFO - RCWA eval:[247. 292. 330. 347.  21.  24.] | diff. eff.:0.9160462082154688
2026-03-22 01:38:26,968 - AEMSOlogs - INFO - RCWA eval:[261. 310. 323. 365. 115. 135.] | diff. eff.:0.8937868148922155
2026-03-22 01:38:26,984 - AEMSOlogs - INFO - Iteration 41: Best Y = -0.9371910306972722 at x = [5.39334430e-01 6.43383378e-01 7.19646471e-01 7.45969363e-01
 3.29106509e-02 9.32593194e-05]
2026-03-22 01:38:26,986 - AEMSOlogs - INFO - Working on simulations...
2026-03-22 01:38:33,815 - AEMSOlogs - INFO - RCWA eval:[250. 306. 323. 331.  20.  21.] | diff. eff.:0.8539859025910485
2026-03-22 01:38:40,697 - AEMSOlogs - INFO - RCWA eval:[286. 303. 331. 356.  40.  59.] | diff. eff.:0.8996992318246261
2026-03-22 01:38:47,571 - AEMSOlogs - INFO - RCWA eval:[258. 303. 324. 350.  21.  71.] | diff. eff.:0.915863108415245
2026-03-22 01:38:54,396 - AEMSOlogs - INFO - RCWA eval:[264. 299. 327. 351.  22.  33.] | diff. eff.:0.9314102881026334
2026-03-22 01:39:01,310 - AEMSOlogs - INFO - RCWA eval:[273. 299. 330. 373.  57.  65.] | diff. eff.:0.8858191564918322
2026-03-22 01:39:08,184 - AEMSOlogs - INFO - RCWA eval:[260. 300. 326. 356.  69.  37.] | diff. eff.:0.9289333408961259
2026-03-22 01:39:15,038 - AEMSOlogs - INFO - RCWA eval:[264. 305. 333. 355.  21.  33.] | diff. eff.:0.9287910952839461
2026-03-22 01:39:21,913 - AEMSOlogs - INFO - RCWA eval:[257. 296. 332. 349.  21.  58.] | diff. eff.:0.9205891571569427
2026-03-22 01:39:28,794 - AEMSOlogs - INFO - RCWA eval:[267. 297. 326. 335.  26.  22.] | diff. eff.:0.9106791187599873
2026-03-22 01:39:35,653 - AEMSOlogs - INFO - RCWA eval:[247. 313. 328. 356.  25.  20.] | diff. eff.:0.8703637467023387
2026-03-22 01:39:42,487 - AEMSOlogs - INFO - RCWA eval:[266. 305. 334. 365.  42. 117.] | diff. eff.:0.9318275874677678
2026-03-22 01:39:49,321 - AEMSOlogs - INFO - RCWA eval:[239. 292. 327. 347.  41.  30.] | diff. eff.:0.8801441129013555
2026-03-22 01:39:56,195 - AEMSOlogs - INFO - RCWA eval:[261. 296. 337. 351.  25.  21.] | diff. eff.:0.9215451091326282
2026-03-22 01:40:03,079 - AEMSOlogs - INFO - RCWA eval:[263. 302. 330. 351.  37.  22.] | diff. eff.:0.931637043033624
2026-03-22 01:40:03,096 - AEMSOlogs - INFO - Iteration 42: Best Y = -0.9371910306972722 at x = [5.39334430e-01 6.43383378e-01 7.19646471e-01 7.45969363e-01
 3.29106509e-02 9.32593194e-05]
2026-03-22 01:40:03,097 - AEMSOlogs - INFO - Working on simulations...
2026-03-22 01:40:10,037 - AEMSOlogs - INFO - RCWA eval:[264. 303. 324. 362.  23.  63.] | diff. eff.:0.9168471298288631
2026-03-22 01:40:16,888 - AEMSOlogs - INFO - RCWA eval:[269. 298. 327. 348.  21.  31.] | diff. eff.:0.9151553381043955
2026-03-22 01:40:23,756 - AEMSOlogs - INFO - RCWA eval:[276. 302. 333. 365.  32. 123.] | diff. eff.:0.932584937082026
2026-03-22 01:40:30,624 - AEMSOlogs - INFO - RCWA eval:[264. 308. 336. 357.  23.  27.] | diff. eff.:0.920529622123547
2026-03-22 01:40:37,541 - AEMSOlogs - INFO - RCWA eval:[270. 298. 329. 356.  21.  23.] | diff. eff.:0.9271789586445791
2026-03-22 01:40:44,374 - AEMSOlogs - INFO - RCWA eval:[247. 301. 336. 353.  39.  20.] | diff. eff.:0.9151028880334794
2026-03-22 01:40:51,230 - AEMSOlogs - INFO - RCWA eval:[274. 304. 337. 356.  26.  47.] | diff. eff.:0.9283746731683342
2026-03-22 01:40:58,128 - AEMSOlogs - INFO - RCWA eval:[267. 301. 328. 362.  25.  60.] | diff. eff.:0.9248943697242307
2026-03-22 01:41:04,995 - AEMSOlogs - INFO - RCWA eval:[279. 313. 334. 369.  29.  55.] | diff. eff.:0.9115377750937337
2026-03-22 01:41:11,861 - AEMSOlogs - INFO - RCWA eval:[248. 293. 323. 345.  23.  46.] | diff. eff.:0.9035983470469858
2026-03-22 01:41:18,730 - AEMSOlogs - INFO - RCWA eval:[267. 301. 327. 360.  63.  65.] | diff. eff.:0.9260009825339989
2026-03-22 01:41:25,600 - AEMSOlogs - INFO - RCWA eval:[260. 300. 326. 344.  38.  41.] | diff. eff.:0.9299565110507856
2026-03-22 01:41:32,489 - AEMSOlogs - INFO - RCWA eval:[252. 295. 330. 352.  21.  48.] | diff. eff.:0.9337037978900345
2026-03-22 01:41:39,353 - AEMSOlogs - INFO - RCWA eval:[258. 298. 332. 347.  39.  31.] | diff. eff.:0.9370125789163275
2026-03-22 01:41:39,368 - AEMSOlogs - INFO - Iteration 43: Best Y = -0.9371910306972722 at x = [5.39334430e-01 6.43383378e-01 7.19646471e-01 7.45969363e-01
 3.29106509e-02 9.32593194e-05]
2026-03-22 01:41:39,370 - AEMSOlogs - INFO - Working on simulations...
2026-03-22 01:41:46,255 - AEMSOlogs - INFO - RCWA eval:[260. 300. 337. 352.  25.  24.] | diff. eff.:0.9237664814267823
2026-03-22 01:41:53,125 - AEMSOlogs - INFO - RCWA eval:[257. 294. 330. 343.  40.  67.] | diff. eff.:0.9099940760444236
2026-03-22 01:41:59,960 - AEMSOlogs - INFO - RCWA eval:[260. 300. 328. 345.  53.  83.] | diff. eff.:0.8981699436404198
2026-03-22 01:42:06,834 - AEMSOlogs - INFO - RCWA eval:[268. 298. 328. 353.  21.  35.] | diff. eff.:0.926257818613379
2026-03-22 01:42:13,684 - AEMSOlogs - INFO - RCWA eval:[265. 300. 329. 344.  38.  61.] | diff. eff.:0.9051970569458611
2026-03-22 01:42:20,511 - AEMSOlogs - INFO - RCWA eval:[259. 290. 330. 333.  20. 100.] | diff. eff.:0.8431404575410572
2026-03-22 01:42:27,383 - AEMSOlogs - INFO - RCWA eval:[257. 295. 326. 343.  53.  72.] | diff. eff.:0.9058678097073486
2026-03-22 01:42:34,241 - AEMSOlogs - INFO - RCWA eval:[260. 297. 326. 342.  27.  42.] | diff. eff.:0.9353918617584305
2026-03-22 01:42:41,114 - AEMSOlogs - INFO - RCWA eval:[260. 289. 330. 335.  20.  20.] | diff. eff.:0.9026657799453561
2026-03-22 01:42:48,092 - AEMSOlogs - INFO - RCWA eval:[258. 299. 330. 351.  65.  64.] | diff. eff.:0.9224348413755851
2026-03-22 01:42:54,959 - AEMSOlogs - INFO - RCWA eval:[268. 298. 334. 353.  23.  58.] | diff. eff.:0.9234569738376822
2026-03-22 01:43:01,835 - AEMSOlogs - INFO - RCWA eval:[263. 300. 333. 353.  23.  52.] | diff. eff.:0.9277874397173289
2026-03-22 01:43:08,714 - AEMSOlogs - INFO - RCWA eval:[266. 304. 334. 363.  21. 106.] | diff. eff.:0.933879532189833
2026-03-22 01:43:15,607 - AEMSOlogs - INFO - RCWA eval:[273. 302. 331. 368.  40. 132.] | diff. eff.:0.9210906669019191
2026-03-22 01:43:15,624 - AEMSOlogs - INFO - Iteration 44: Best Y = -0.9371910306972722 at x = [5.39334430e-01 6.43383378e-01 7.19646471e-01 7.45969363e-01
 3.29106509e-02 9.32593194e-05]
2026-03-22 01:43:15,626 - AEMSOlogs - INFO - Working on simulations...
2026-03-22 01:43:22,507 - AEMSOlogs - INFO - RCWA eval:[265. 301. 329. 354.  28.  95.] | diff. eff.:0.9258281763022971
2026-03-22 01:43:29,377 - AEMSOlogs - INFO - RCWA eval:[261. 298. 330. 357.  24.  61.] | diff. eff.:0.928647782172992
2026-03-22 01:43:36,249 - AEMSOlogs - INFO - RCWA eval:[257. 298. 325. 345.  75.  34.] | diff. eff.:0.9271776486817584
2026-03-22 01:43:43,098 - AEMSOlogs - INFO - RCWA eval:[264. 299. 327. 352.  20.  47.] | diff. eff.:0.929161456776824
2026-03-22 01:43:49,939 - AEMSOlogs - INFO - RCWA eval:[264. 292. 328. 348.  20.  80.] | diff. eff.:0.8825104099541214
2026-03-22 01:43:56,980 - AEMSOlogs - INFO - RCWA eval:[276. 300. 337. 353.  23.  72.] | diff. eff.:0.9145673084544907
2026-03-22 01:44:03,808 - AEMSOlogs - INFO - RCWA eval:[253. 298. 327. 348.  40. 124.] | diff. eff.:0.8922808573258908
2026-03-22 01:44:10,611 - AEMSOlogs - INFO - RCWA eval:[268. 300. 327. 356.  24. 115.] | diff. eff.:0.9264828378620251
2026-03-22 01:44:17,628 - AEMSOlogs - INFO - RCWA eval:[259. 299. 325. 343.  23.  73.] | diff. eff.:0.9105179978870273
2026-03-22 01:44:24,527 - AEMSOlogs - INFO - RCWA eval:[256. 297. 336. 350.  22.  46.] | diff. eff.:0.9188136331405937
2026-03-22 01:44:31,571 - AEMSOlogs - INFO - RCWA eval:[263. 301. 336. 354.  27.  78.] | diff. eff.:0.920799048695827
2026-03-22 01:44:38,642 - AEMSOlogs - INFO - RCWA eval:[271. 299. 335. 355.  22. 106.] | diff. eff.:0.9263225344608437
2026-03-22 01:44:45,499 - AEMSOlogs - INFO - RCWA eval:[267. 296. 339. 351.  32.  42.] | diff. eff.:0.9076130183197035
2026-03-22 01:44:52,359 - AEMSOlogs - INFO - RCWA eval:[270. 303. 332. 352.  20.  70.] | diff. eff.:0.9205050226806011
2026-03-22 01:44:52,375 - AEMSOlogs - INFO - Iteration 45: Best Y = -0.9371910306972722 at x = [5.39334430e-01 6.43383378e-01 7.19646471e-01 7.45969363e-01
 3.29106509e-02 9.32593194e-05]
2026-03-22 01:44:52,376 - AEMSOlogs - INFO - Working on simulations...
2026-03-22 01:44:59,294 - AEMSOlogs - INFO - RCWA eval:[264. 297. 327. 350.  31.  64.] | diff. eff.:0.9180996028096001
2026-03-22 01:45:06,146 - AEMSOlogs - INFO - RCWA eval:[266. 297. 329. 351.  25.  39.] | diff. eff.:0.9239366578733769
2026-03-22 01:45:12,990 - AEMSOlogs - INFO - RCWA eval:[251. 297. 328. 336.  20.  30.] | diff. eff.:0.9201076481914594
2026-03-22 01:45:19,915 - AEMSOlogs - INFO - RCWA eval:[254. 297. 329. 350.  21.  34.] | diff. eff.:0.941934426192722
2026-03-22 01:45:26,777 - AEMSOlogs - INFO - RCWA eval:[256. 295. 328. 355.  20.  53.] | diff. eff.:0.9268167973475614
2026-03-22 01:45:33,755 - AEMSOlogs - INFO - RCWA eval:[256. 299. 326. 351.  20.  31.] | diff. eff.:0.9373526959223327
2026-03-22 01:45:40,656 - AEMSOlogs - INFO - RCWA eval:[259. 296. 325. 357.  24.  30.] | diff. eff.:0.9242212205581242
2026-03-22 01:45:47,539 - AEMSOlogs - INFO - RCWA eval:[257. 298. 328. 343.  22.  34.] | diff. eff.:0.9445171185431421
2026-03-22 01:45:54,493 - AEMSOlogs - INFO - RCWA eval:[265. 299. 330. 349.  65.  26.] | diff. eff.:0.9282587201098828
2026-03-22 01:46:01,334 - AEMSOlogs - INFO - RCWA eval:[265. 299. 328. 355.  20.  56.] | diff. eff.:0.9298916272090655
2026-03-22 01:46:08,114 - AEMSOlogs - INFO - RCWA eval:[274. 300. 328. 358.  21.  73.] | diff. eff.:0.9249375992971607
2026-03-22 01:46:14,871 - AEMSOlogs - INFO - RCWA eval:[272. 302. 330. 356.  21.  32.] | diff. eff.:0.9319864122021059
2026-03-22 01:46:21,707 - AEMSOlogs - INFO - RCWA eval:[255. 301. 329. 350.  21.  43.] | diff. eff.:0.9311903033885787
2026-03-22 01:46:28,477 - AEMSOlogs - INFO - RCWA eval:[271. 302. 333. 357.  63.  20.] | diff. eff.:0.9369071943689687
2026-03-22 01:46:28,492 - AEMSOlogs - INFO - Iteration 46: Best Y = -0.9445171185431421 at x = [0.55026558 0.64623409 0.71608436 0.75168169 0.00502182 0.03205471]
2026-03-22 01:46:28,494 - AEMSOlogs - INFO - Working on simulations...
2026-03-22 01:46:35,212 - AEMSOlogs - INFO - RCWA eval:[270. 305. 333. 359.  20.  65.] | diff. eff.:0.9354532308808204
2026-03-22 01:46:41,943 - AEMSOlogs - INFO - RCWA eval:[262. 303. 334. 355.  20.  72.] | diff. eff.:0.9246324173015098
2026-03-22 01:46:48,656 - AEMSOlogs - INFO - RCWA eval:[261. 300. 331. 349.  20.  45.] | diff. eff.:0.9267876446290659
2026-03-22 01:46:55,355 - AEMSOlogs - INFO - RCWA eval:[260. 303. 326. 349.  32.  64.] | diff. eff.:0.9161849267146712
2026-03-22 01:47:02,075 - AEMSOlogs - INFO - RCWA eval:[263. 303. 329. 352.  26.  41.] | diff. eff.:0.9284005640951587
2026-03-22 01:47:08,827 - AEMSOlogs - INFO - RCWA eval:[259. 298. 326. 352.  22.  21.] | diff. eff.:0.9380402722927016
2026-03-22 01:47:15,565 - AEMSOlogs - INFO - RCWA eval:[257. 296. 325. 341.  22.  22.] | diff. eff.:0.9300860930944198
2026-03-22 01:47:22,279 - AEMSOlogs - INFO - RCWA eval:[257. 296. 328. 346.  21.  42.] | diff. eff.:0.9409443271797803
2026-03-22 01:47:28,961 - AEMSOlogs - INFO - RCWA eval:[259. 299. 329. 349.  21.  28.] | diff. eff.:0.939951445554564
2026-03-22 01:47:35,691 - AEMSOlogs - INFO - RCWA eval:[246. 297. 325. 341.  29.  24.] | diff. eff.:0.900622148974675
2026-03-22 01:47:42,392 - AEMSOlogs - INFO - RCWA eval:[257. 299. 332. 351.  34.  53.] | diff. eff.:0.9250622311109864
2026-03-22 01:47:49,118 - AEMSOlogs - INFO - RCWA eval:[259. 304. 332. 350.  43.  20.] | diff. eff.:0.9248508721679192
2026-03-22 01:47:55,826 - AEMSOlogs - INFO - RCWA eval:[252. 303. 323. 347.  22.  71.] | diff. eff.:0.9065643340324223
2026-03-22 01:48:02,552 - AEMSOlogs - INFO - RCWA eval:[264. 302. 335. 355.  31.  26.] | diff. eff.:0.9321914733618132
2026-03-22 01:48:02,567 - AEMSOlogs - INFO - Iteration 47: Best Y = -0.9445171185431421 at x = [0.55026558 0.64623409 0.71608436 0.75168169 0.00502182 0.03205471]
2026-03-22 01:48:02,569 - AEMSOlogs - INFO - Working on simulations...
2026-03-22 01:48:09,284 - AEMSOlogs - INFO - RCWA eval:[263. 298. 330. 353.  20.  30.] | diff. eff.:0.9335015112951279
2026-03-22 01:48:16,050 - AEMSOlogs - INFO - RCWA eval:[262. 298. 330. 353.  21.  31.] | diff. eff.:0.9342820455027384
2026-03-22 01:48:22,887 - AEMSOlogs - INFO - RCWA eval:[258. 296. 331. 349.  22.  56.] | diff. eff.:0.9231603198274343
2026-03-22 01:48:29,692 - AEMSOlogs - INFO - RCWA eval:[259. 299. 328. 348.  29.  26.] | diff. eff.:0.9404698506873921
2026-03-22 01:48:36,518 - AEMSOlogs - INFO - RCWA eval:[257. 299. 326. 344.  21.  29.] | diff. eff.:0.9404562096120824
2026-03-22 01:48:43,405 - AEMSOlogs - INFO - RCWA eval:[261. 298. 327. 344.  20.  48.] | diff. eff.:0.9302378023515557
2026-03-22 01:48:50,259 - AEMSOlogs - INFO - RCWA eval:[262. 299. 329. 351.  21.  20.] | diff. eff.:0.9369687530791351
2026-03-22 01:48:57,125 - AEMSOlogs - INFO - RCWA eval:[257. 296. 330. 346.  34.  23.] | diff. eff.:0.9460361690438196
2026-03-22 01:49:03,972 - AEMSOlogs - INFO - RCWA eval:[257. 300. 328. 348.  21.  37.] | diff. eff.:0.9375466868371429
2026-03-22 01:49:10,857 - AEMSOlogs - INFO - RCWA eval:[254. 299. 326. 347.  26.  20.] | diff. eff.:0.9354401212567746
2026-03-22 01:49:17,713 - AEMSOlogs - INFO - RCWA eval:[262. 298. 331. 349.  22.  63.] | diff. eff.:0.9165831624106278
2026-03-22 01:49:24,612 - AEMSOlogs - INFO - RCWA eval:[263. 304. 330. 352.  21.  34.] | diff. eff.:0.9274121614377102
2026-03-22 01:49:31,444 - AEMSOlogs - INFO - RCWA eval:[262. 301. 328. 354.  24.  33.] | diff. eff.:0.9341984096215291
2026-03-22 01:49:38,294 - AEMSOlogs - INFO - RCWA eval:[252. 296. 326. 346.  20.  32.] | diff. eff.:0.9301200555166332
2026-03-22 01:49:38,310 - AEMSOlogs - INFO - Iteration 48: Best Y = -0.9460361690438196 at x = [0.55124312 0.64213984 0.72098737 0.75790255 0.03296095 0.00762503]
2026-03-22 01:49:38,312 - AEMSOlogs - INFO - Working on simulations...
2026-03-22 01:49:45,161 - AEMSOlogs - INFO - RCWA eval:[259. 297. 328. 352.  21.  49.] | diff. eff.:0.9318397518880036
2026-03-22 01:49:52,065 - AEMSOlogs - INFO - RCWA eval:[258. 300. 330. 348.  24.  29.] | diff. eff.:0.9388127135193755
2026-03-22 01:49:58,973 - AEMSOlogs - INFO - RCWA eval:[260. 300. 331. 347.  29.  23.] | diff. eff.:0.9376402367592475
2026-03-22 01:50:05,868 - AEMSOlogs - INFO - RCWA eval:[251. 296. 327. 340.  41.  25.] | diff. eff.:0.9268425040945207
2026-03-22 01:50:12,759 - AEMSOlogs - INFO - RCWA eval:[258. 299. 328. 346.  30.  20.] | diff. eff.:0.9440725012317048
2026-03-22 01:50:19,651 - AEMSOlogs - INFO - RCWA eval:[258. 298. 329. 345.  20.  32.] | diff. eff.:0.9446354170815702
2026-03-22 01:50:26,552 - AEMSOlogs - INFO - RCWA eval:[256. 301. 328. 347.  21.  32.] | diff. eff.:0.9374149343177023
2026-03-22 01:50:33,397 - AEMSOlogs - INFO - RCWA eval:[257. 297. 327. 344.  20.  21.] | diff. eff.:0.9423851798189058
2026-03-22 01:50:40,239 - AEMSOlogs - INFO - RCWA eval:[255. 298. 328. 347.  23.  61.] | diff. eff.:0.9281565550238232
2026-03-22 01:50:47,244 - AEMSOlogs - INFO - RCWA eval:[251. 296. 327. 344.  24.  20.] | diff. eff.:0.9268955982319005
2026-03-22 01:50:54,082 - AEMSOlogs - INFO - RCWA eval:[254. 299. 328. 349.  20.  33.] | diff. eff.:0.9400324956973765
2026-03-22 01:51:01,019 - AEMSOlogs - INFO - RCWA eval:[256. 299. 332. 353.  20.  54.] | diff. eff.:0.9268104805172322
2026-03-22 01:51:07,878 - AEMSOlogs - INFO - RCWA eval:[261. 298. 329. 351.  20.  30.] | diff. eff.:0.9361801261686551
2026-03-22 01:51:14,757 - AEMSOlogs - INFO - RCWA eval:[260. 298. 327. 349.  33.  22.] | diff. eff.:0.939478185950827
2026-03-22 01:51:14,773 - AEMSOlogs - INFO - Iteration 49: Best Y = -0.9460361690438196 at x = [0.55124312 0.64213984 0.72098737 0.75790255 0.03296095 0.00762503]
2026-03-22 01:51:14,775 - AEMSOlogs - INFO - Working on simulations...
2026-03-22 01:51:21,739 - AEMSOlogs - INFO - RCWA eval:[258. 300. 328. 348.  20.  31.] | diff. eff.:0.93915116189861
2026-03-22 01:51:28,701 - AEMSOlogs - INFO - RCWA eval:[255. 298. 326. 343.  21.  22.] | diff. eff.:0.9362776109070456
2026-03-22 01:51:35,688 - AEMSOlogs - INFO - RCWA eval:[261. 297. 326. 349.  22.  36.] | diff. eff.:0.9344341044801561
2026-03-22 01:51:42,561 - AEMSOlogs - INFO - RCWA eval:[259. 297. 328. 348.  21.  20.] | diff. eff.:0.943379836833104
2026-03-22 01:51:49,603 - AEMSOlogs - INFO - RCWA eval:[257. 299. 330. 346.  20.  25.] | diff. eff.:0.9458700964361931
2026-03-22 01:51:56,488 - AEMSOlogs - INFO - RCWA eval:[255. 296. 326. 341.  20.  33.] | diff. eff.:0.9332663130605063
2026-03-22 01:52:03,514 - AEMSOlogs - INFO - RCWA eval:[253. 298. 331. 342.  20.  20.] | diff. eff.:0.9453368623681937
2026-03-22 01:52:10,452 - AEMSOlogs - INFO - RCWA eval:[253. 297. 326. 341.  25.  24.] | diff. eff.:0.9283896174558012
2026-03-22 01:52:17,418 - AEMSOlogs - INFO - RCWA eval:[259. 300. 330. 348.  20.  37.] | diff. eff.:0.9345189844383466
2026-03-22 01:52:24,288 - AEMSOlogs - INFO - RCWA eval:[259. 300. 328. 345.  21.  29.] | diff. eff.:0.9408422099358286
2026-03-22 01:52:31,292 - AEMSOlogs - INFO - RCWA eval:[252. 297. 326. 340.  22.  22.] | diff. eff.:0.922605006062351
2026-03-22 01:52:38,163 - AEMSOlogs - INFO - RCWA eval:[264. 300. 332. 352.  24.  33.] | diff. eff.:0.9310556835771124
2026-03-22 01:52:45,116 - AEMSOlogs - INFO - RCWA eval:[257. 299. 329. 349.  20.  30.] | diff. eff.:0.9413542371391508
2026-03-22 01:52:52,147 - AEMSOlogs - INFO - RCWA eval:[255. 296. 327. 342.  35.  27.] | diff. eff.:0.9388530990512324
2026-03-22 01:52:52,163 - AEMSOlogs - INFO - Iteration 50: Best Y = -0.9460361690438196 at x = [0.55124312 0.64213984 0.72098737 0.75790255 0.03296095 0.00762503]
2026-03-22 01:52:52,165 - AEMSOlogs - INFO - Working on simulations...
2026-03-22 01:52:59,101 - AEMSOlogs - INFO - RCWA eval:[257. 300. 331. 347.  22.  21.] | diff. eff.:0.9432191173820101
2026-03-22 01:53:06,095 - AEMSOlogs - INFO - RCWA eval:[256. 297. 332. 345.  20.  45.] | diff. eff.:0.938831580924121
2026-03-22 01:53:13,007 - AEMSOlogs - INFO - RCWA eval:[260. 297. 328. 345.  20.  28.] | diff. eff.:0.9421933315802664
2026-03-22 01:53:19,921 - AEMSOlogs - INFO - RCWA eval:[254. 298. 325. 342.  21.  22.] | diff. eff.:0.9283273253555927
2026-03-22 01:53:26,890 - AEMSOlogs - INFO - RCWA eval:[253. 299. 329. 343.  23.  20.] | diff. eff.:0.9414301425406945
2026-03-22 01:53:33,860 - AEMSOlogs - INFO - RCWA eval:[254. 297. 331. 347.  20.  20.] | diff. eff.:0.9475168272896226
2026-03-22 01:53:40,816 - AEMSOlogs - INFO - RCWA eval:[258. 298. 329. 347.  21.  20.] | diff. eff.:0.9459222606283537
2026-03-22 01:53:47,765 - AEMSOlogs - INFO - RCWA eval:[255. 298. 328. 348.  30.  23.] | diff. eff.:0.9432476266297289
2026-03-22 01:53:54,716 - AEMSOlogs - INFO - RCWA eval:[260. 301. 331. 354.  22.  21.] | diff. eff.:0.9357124216401244
2026-03-22 01:54:01,598 - AEMSOlogs - INFO - RCWA eval:[256. 299. 328. 345.  20.  26.] | diff. eff.:0.944438130026783
2026-03-22 01:54:08,589 - AEMSOlogs - INFO - RCWA eval:[260. 298. 326. 349.  23.  39.] | diff. eff.:0.9354600921612961
2026-03-22 01:54:15,450 - AEMSOlogs - INFO - RCWA eval:[256. 299. 330. 342.  20.  21.] | diff. eff.:0.9477648028899321
2026-03-22 01:54:22,350 - AEMSOlogs - INFO - RCWA eval:[252. 296. 327. 340.  21.  27.] | diff. eff.:0.9267607786794209
2026-03-22 01:54:29,231 - AEMSOlogs - INFO - RCWA eval:[259. 298. 328. 343.  21.  20.] | diff. eff.:0.9453886832135091
2026-03-22 01:54:29,248 - AEMSOlogs - INFO - Iteration 51: Best Y = -0.9477648028899321 at x = [5.49866643e-01 6.49700972e-01 7.19981111e-01 7.48572037e-01
 3.71782339e-04 2.14502275e-03]
2026-03-22 01:54:29,249 - AEMSOlogs - INFO - 
=========
 Best obj. function= -0.9477648028899321, geometry= [[256. 299. 330. 342.  20.  21.]] 
 =========
2026-03-22 01:54:29,249 - AEMSOlogs - INFO - Finished!

Job ID: 4000646
Cluster: cluster_dei
User/Group: vergerioed/dottor
State: COMPLETED (exit code 0)
Nodes: 1
Cores per node: 8
CPU Utilized: 10:45:22
CPU Efficiency: 97.90% of 10:59:12 core-walltime
Job Wall-clock time: 01:22:24
Memory Utilized: 1.02 GB
Memory Efficiency: 50.99% of 2.00 GB (2.00 GB/node)
